<?xml version="1.0" encoding="UTF-8"?>
<testsuite xmlns:xsi="http://www.w3.org/2001/XMLSchema-instance" xsi:noNamespaceSchemaLocation="https://maven.apache.org/surefire/maven-surefire-plugin/xsd/surefire-test-report-3.0.xsd" version="3.0" name="TestSuite" time="50.417" tests="12" errors="0" skipped="0" failures="4">
  <properties>
    <property name="sun.desktop" value="windows"/>
    <property name="awt.toolkit" value="sun.awt.windows.WToolkit"/>
    <property name="java.specification.version" value="11"/>
    <property name="webdriver.chrome.driver" value="C:\Users\740722\.cache\selenium\chromedriver\win64\117.0.5938.149\chromedriver.exe"/>
    <property name="sun.cpu.isalist" value="amd64"/>
    <property name="sun.jnu.encoding" value="Cp1252"/>
    <property name="java.class.path" value="C:\Users\740722\IdeaProjects\Warriors\target\test-classes;C:\Users\740722\IdeaProjects\Warriors\target\classes;C:\Users\740722\.m2\repository\org\seleniumhq\selenium\selenium-java\4.13.0\selenium-java-4.13.0.jar;C:\Users\740722\.m2\repository\org\seleniumhq\selenium\selenium-api\4.13.0\selenium-api-4.13.0.jar;C:\Users\740722\.m2\repository\org\seleniumhq\selenium\selenium-chrome-driver\4.13.0\selenium-chrome-driver-4.13.0.jar;C:\Users\740722\.m2\repository\com\google\auto\service\auto-service-annotations\1.1.1\auto-service-annotations-1.1.1.jar;C:\Users\740722\.m2\repository\com\google\guava\guava\32.1.2-jre\guava-32.1.2-jre.jar;C:\Users\740722\.m2\repository\com\google\guava\failureaccess\1.0.1\failureaccess-1.0.1.jar;C:\Users\740722\.m2\repository\com\google\guava\listenablefuture\9999.0-empty-to-avoid-conflict-with-guava\listenablefuture-9999.0-empty-to-avoid-conflict-with-guava.jar;C:\Users\740722\.m2\repository\com\google\code\findbugs\jsr305\3.0.2\jsr305-3.0.2.jar;C:\Users\740722\.m2\repository\org\checkerframework\checker-qual\3.33.0\checker-qual-3.33.0.jar;C:\Users\740722\.m2\repository\com\google\errorprone\error_prone_annotations\2.18.0\error_prone_annotations-2.18.0.jar;C:\Users\740722\.m2\repository\com\google\j2objc\j2objc-annotations\2.8\j2objc-annotations-2.8.jar;C:\Users\740722\.m2\repository\org\seleniumhq\selenium\selenium-chromium-driver\4.13.0\selenium-chromium-driver-4.13.0.jar;C:\Users\740722\.m2\repository\org\seleniumhq\selenium\selenium-json\4.13.0\selenium-json-4.13.0.jar;C:\Users\740722\.m2\repository\org\seleniumhq\selenium\selenium-manager\4.13.0\selenium-manager-4.13.0.jar;C:\Users\740722\.m2\repository\org\seleniumhq\selenium\selenium-devtools-v115\4.13.0\selenium-devtools-v115-4.13.0.jar;C:\Users\740722\.m2\repository\org\seleniumhq\selenium\selenium-devtools-v116\4.13.0\selenium-devtools-v116-4.13.0.jar;C:\Users\740722\.m2\repository\org\seleniumhq\selenium\selenium-devtools-v117\4.13.0\selenium-devtools-v117-4.13.0.jar;C:\Users\740722\.m2\repository\org\seleniumhq\selenium\selenium-devtools-v85\4.13.0\selenium-devtools-v85-4.13.0.jar;C:\Users\740722\.m2\repository\org\seleniumhq\selenium\selenium-edge-driver\4.13.0\selenium-edge-driver-4.13.0.jar;C:\Users\740722\.m2\repository\org\seleniumhq\selenium\selenium-firefox-driver\4.13.0\selenium-firefox-driver-4.13.0.jar;C:\Users\740722\.m2\repository\org\seleniumhq\selenium\selenium-http\4.13.0\selenium-http-4.13.0.jar;C:\Users\740722\.m2\repository\dev\failsafe\failsafe\3.3.2\failsafe-3.3.2.jar;C:\Users\740722\.m2\repository\org\seleniumhq\selenium\selenium-ie-driver\4.13.0\selenium-ie-driver-4.13.0.jar;C:\Users\740722\.m2\repository\org\seleniumhq\selenium\selenium-remote-driver\4.13.0\selenium-remote-driver-4.13.0.jar;C:\Users\740722\.m2\repository\io\netty\netty-buffer\4.1.96.Final\netty-buffer-4.1.96.Final.jar;C:\Users\740722\.m2\repository\io\netty\netty-codec-http\4.1.96.Final\netty-codec-http-4.1.96.Final.jar;C:\Users\740722\.m2\repository\io\netty\netty-codec\4.1.96.Final\netty-codec-4.1.96.Final.jar;C:\Users\740722\.m2\repository\io\netty\netty-handler\4.1.96.Final\netty-handler-4.1.96.Final.jar;C:\Users\740722\.m2\repository\io\netty\netty-common\4.1.96.Final\netty-common-4.1.96.Final.jar;C:\Users\740722\.m2\repository\io\netty\netty-transport-classes-epoll\4.1.96.Final\netty-transport-classes-epoll-4.1.96.Final.jar;C:\Users\740722\.m2\repository\io\netty\netty-transport-classes-kqueue\4.1.96.Final\netty-transport-classes-kqueue-4.1.96.Final.jar;C:\Users\740722\.m2\repository\io\netty\netty-transport-native-epoll\4.1.96.Final\netty-transport-native-epoll-4.1.96.Final.jar;C:\Users\740722\.m2\repository\io\netty\netty-transport-native-kqueue\4.1.96.Final\netty-transport-native-kqueue-4.1.96.Final.jar;C:\Users\740722\.m2\repository\io\netty\netty-transport-native-unix-common\4.1.96.Final\netty-transport-native-unix-common-4.1.96.Final.jar;C:\Users\740722\.m2\repository\io\netty\netty-transport\4.1.96.Final\netty-transport-4.1.96.Final.jar;C:\Users\740722\.m2\repository\io\netty\netty-resolver\4.1.96.Final\netty-resolver-4.1.96.Final.jar;C:\Users\740722\.m2\repository\io\opentelemetry\opentelemetry-api\1.28.0\opentelemetry-api-1.28.0.jar;C:\Users\740722\.m2\repository\io\opentelemetry\opentelemetry-context\1.28.0\opentelemetry-context-1.28.0.jar;C:\Users\740722\.m2\repository\io\opentelemetry\opentelemetry-exporter-logging\1.28.0\opentelemetry-exporter-logging-1.28.0.jar;C:\Users\740722\.m2\repository\io\opentelemetry\opentelemetry-sdk-metrics\1.28.0\opentelemetry-sdk-metrics-1.28.0.jar;C:\Users\740722\.m2\repository\io\opentelemetry\opentelemetry-extension-incubator\1.28.0-alpha\opentelemetry-extension-incubator-1.28.0-alpha.jar;C:\Users\740722\.m2\repository\io\opentelemetry\opentelemetry-sdk-logs\1.28.0\opentelemetry-sdk-logs-1.28.0.jar;C:\Users\740722\.m2\repository\io\opentelemetry\opentelemetry-sdk-common\1.28.0\opentelemetry-sdk-common-1.28.0.jar;C:\Users\740722\.m2\repository\io\opentelemetry\opentelemetry-sdk-extension-autoconfigure-spi\1.28.0\opentelemetry-sdk-extension-autoconfigure-spi-1.28.0.jar;C:\Users\740722\.m2\repository\io\opentelemetry\opentelemetry-sdk-extension-autoconfigure\1.28.0\opentelemetry-sdk-extension-autoconfigure-1.28.0.jar;C:\Users\740722\.m2\repository\io\opentelemetry\opentelemetry-api-events\1.28.0-alpha\opentelemetry-api-events-1.28.0-alpha.jar;C:\Users\740722\.m2\repository\io\opentelemetry\opentelemetry-sdk-trace\1.28.0\opentelemetry-sdk-trace-1.28.0.jar;C:\Users\740722\.m2\repository\io\opentelemetry\opentelemetry-sdk\1.28.0\opentelemetry-sdk-1.28.0.jar;C:\Users\740722\.m2\repository\io\opentelemetry\opentelemetry-semconv\1.28.0-alpha\opentelemetry-semconv-1.28.0-alpha.jar;C:\Users\740722\.m2\repository\net\bytebuddy\byte-buddy\1.14.5\byte-buddy-1.14.5.jar;C:\Users\740722\.m2\repository\org\asynchttpclient\async-http-client\2.12.3\async-http-client-2.12.3.jar;C:\Users\740722\.m2\repository\org\asynchttpclient\async-http-client-netty-utils\2.12.3\async-http-client-netty-utils-2.12.3.jar;C:\Users\740722\.m2\repository\io\netty\netty-codec-socks\4.1.60.Final\netty-codec-socks-4.1.60.Final.jar;C:\Users\740722\.m2\repository\io\netty\netty-handler-proxy\4.1.60.Final\netty-handler-proxy-4.1.60.Final.jar;C:\Users\740722\.m2\repository\io\netty\netty-transport-native-epoll\4.1.60.Final\netty-transport-native-epoll-4.1.60.Final-linux-x86_64.jar;C:\Users\740722\.m2\repository\io\netty\netty-transport-native-kqueue\4.1.60.Final\netty-transport-native-kqueue-4.1.60.Final-osx-x86_64.jar;C:\Users\740722\.m2\repository\com\typesafe\netty\netty-reactive-streams\2.0.4\netty-reactive-streams-2.0.4.jar;C:\Users\740722\.m2\repository\org\seleniumhq\selenium\selenium-os\4.13.0\selenium-os-4.13.0.jar;C:\Users\740722\.m2\repository\org\seleniumhq\selenium\selenium-safari-driver\4.13.0\selenium-safari-driver-4.13.0.jar;C:\Users\740722\.m2\repository\org\seleniumhq\selenium\selenium-support\4.13.0\selenium-support-4.13.0.jar;C:\Users\740722\.m2\repository\io\github\bonigarcia\webdrivermanager\5.5.3\webdrivermanager-5.5.3.jar;C:\Users\740722\.m2\repository\com\github\docker-java\docker-java\3.3.3\docker-java-3.3.3.jar;C:\Users\740722\.m2\repository\com\github\docker-java\docker-java-core\3.3.3\docker-java-core-3.3.3.jar;C:\Users\740722\.m2\repository\com\github\docker-java\docker-java-api\3.3.3\docker-java-api-3.3.3.jar;C:\Users\740722\.m2\repository\org\bouncycastle\bcpkix-jdk18on\1.75\bcpkix-jdk18on-1.75.jar;C:\Users\740722\.m2\repository\org\bouncycastle\bcprov-jdk18on\1.75\bcprov-jdk18on-1.75.jar;C:\Users\740722\.m2\repository\org\bouncycastle\bcutil-jdk18on\1.75\bcutil-jdk18on-1.75.jar;C:\Users\740722\.m2\repository\org\slf4j\jcl-over-slf4j\1.7.30\jcl-over-slf4j-1.7.30.jar;C:\Users\740722\.m2\repository\com\github\docker-java\docker-java-transport-httpclient5\3.3.3\docker-java-transport-httpclient5-3.3.3.jar;C:\Users\740722\.m2\repository\com\github\docker-java\docker-java-transport\3.3.3\docker-java-transport-3.3.3.jar;C:\Users\740722\.m2\repository\net\java\dev\jna\jna\5.12.1\jna-5.12.1.jar;C:\Users\740722\.m2\repository\org\brotli\dec\0.1.2\dec-0.1.2.jar;C:\Users\740722\.m2\repository\org\apache\commons\commons-lang3\3.13.0\commons-lang3-3.13.0.jar;C:\Users\740722\.m2\repository\org\apache\httpcomponents\client5\httpclient5\5.2.1\httpclient5-5.2.1.jar;C:\Users\740722\.m2\repository\org\apache\httpcomponents\core5\httpcore5\5.2\httpcore5-5.2.jar;C:\Users\740722\.m2\repository\org\apache\httpcomponents\core5\httpcore5-h2\5.2\httpcore5-h2-5.2.jar;C:\Users\740722\.m2\repository\org\testng\testng\7.4.0\testng-7.4.0.jar;C:\Users\740722\.m2\repository\com\beust\jcommander\1.78\jcommander-1.78.jar;C:\Users\740722\.m2\repository\org\webjars\jquery\3.5.1\jquery-3.5.1.jar;C:\Users\740722\.m2\repository\io\rest-assured\rest-assured\4.3.3\rest-assured-4.3.3.jar;C:\Users\740722\.m2\repository\org\codehaus\groovy\groovy\3.0.7\groovy-3.0.7.jar;C:\Users\740722\.m2\repository\org\codehaus\groovy\groovy-xml\3.0.7\groovy-xml-3.0.7.jar;C:\Users\740722\.m2\repository\org\apache\httpcomponents\httpclient\4.5.3\httpclient-4.5.3.jar;C:\Users\740722\.m2\repository\org\apache\httpcomponents\httpcore\4.4.6\httpcore-4.4.6.jar;C:\Users\740722\.m2\repository\org\apache\httpcomponents\httpmime\4.5.3\httpmime-4.5.3.jar;C:\Users\740722\.m2\repository\org\hamcrest\hamcrest\2.1\hamcrest-2.1.jar;C:\Users\740722\.m2\repository\org\ccil\cowan\tagsoup\tagsoup\1.2.1\tagsoup-1.2.1.jar;C:\Users\740722\.m2\repository\io\rest-assured\json-path\4.3.3\json-path-4.3.3.jar;C:\Users\740722\.m2\repository\org\codehaus\groovy\groovy-json\3.0.7\groovy-json-3.0.7.jar;C:\Users\740722\.m2\repository\io\rest-assured\rest-assured-common\4.3.3\rest-assured-common-4.3.3.jar;C:\Users\740722\.m2\repository\io\rest-assured\xml-path\4.3.3\xml-path-4.3.3.jar;C:\Users\740722\.m2\repository\jakarta\xml\bind\jakarta.xml.bind-api\2.3.3\jakarta.xml.bind-api-2.3.3.jar;C:\Users\740722\.m2\repository\jakarta\activation\jakarta.activation-api\1.2.2\jakarta.activation-api-1.2.2.jar;C:\Users\740722\.m2\repository\com\sun\xml\bind\jaxb-impl\2.3.3\jaxb-impl-2.3.3.jar;C:\Users\740722\.m2\repository\org\apache\pdfbox\pdfbox\2.0.28\pdfbox-2.0.28.jar;C:\Users\740722\.m2\repository\org\apache\pdfbox\fontbox\2.0.28\fontbox-2.0.28.jar;C:\Users\740722\.m2\repository\commons-logging\commons-logging\1.2\commons-logging-1.2.jar;C:\Users\740722\.m2\repository\org\projectlombok\lombok\1.18.26\lombok-1.18.26.jar;C:\Users\740722\.m2\repository\com\github\javafaker\javafaker\1.0.2\javafaker-1.0.2.jar;C:\Users\740722\.m2\repository\org\yaml\snakeyaml\1.23\snakeyaml-1.23-android.jar;C:\Users\740722\.m2\repository\com\github\mifmif\generex\1.0.2\generex-1.0.2.jar;C:\Users\740722\.m2\repository\dk\brics\automaton\automaton\1.11-8\automaton-1.11-8.jar;C:\Users\740722\.m2\repository\com\googlecode\json-simple\json-simple\1.1\json-simple-1.1.jar;C:\Users\740722\.m2\repository\ch\qos\logback\logback-classic\1.4.8\logback-classic-1.4.8.jar;C:\Users\740722\.m2\repository\ch\qos\logback\logback-core\1.4.8\logback-core-1.4.8.jar;C:\Users\740722\.m2\repository\org\slf4j\slf4j-api\2.0.7\slf4j-api-2.0.7.jar;C:\Users\740722\.m2\repository\org\apache\logging\log4j\log4j-core\2.17.2\log4j-core-2.17.2.jar;C:\Users\740722\.m2\repository\org\apache\logging\log4j\log4j-api\2.17.2\log4j-api-2.17.2.jar;C:\Users\740722\.m2\repository\org\apache\poi\poi-ooxml\5.2.3\poi-ooxml-5.2.3.jar;C:\Users\740722\.m2\repository\org\apache\poi\poi\5.2.3\poi-5.2.3.jar;C:\Users\740722\.m2\repository\org\apache\commons\commons-math3\3.6.1\commons-math3-3.6.1.jar;C:\Users\740722\.m2\repository\com\zaxxer\SparseBitSet\1.2\SparseBitSet-1.2.jar;C:\Users\740722\.m2\repository\org\apache\poi\poi-ooxml-lite\5.2.3\poi-ooxml-lite-5.2.3.jar;C:\Users\740722\.m2\repository\org\apache\xmlbeans\xmlbeans\5.1.1\xmlbeans-5.1.1.jar;C:\Users\740722\.m2\repository\org\apache\commons\commons-compress\1.21\commons-compress-1.21.jar;C:\Users\740722\.m2\repository\commons-io\commons-io\2.11.0\commons-io-2.11.0.jar;C:\Users\740722\.m2\repository\com\github\virtuald\curvesapi\1.07\curvesapi-1.07.jar;C:\Users\740722\.m2\repository\org\apache\commons\commons-collections4\4.4\commons-collections4-4.4.jar;C:\Users\740722\.m2\repository\com\opencsv\opencsv\5.7.1\opencsv-5.7.1.jar;C:\Users\740722\.m2\repository\org\apache\commons\commons-text\1.10.0\commons-text-1.10.0.jar;C:\Users\740722\.m2\repository\commons-beanutils\commons-beanutils\1.9.4\commons-beanutils-1.9.4.jar;C:\Users\740722\.m2\repository\commons-collections\commons-collections\3.2.2\commons-collections-3.2.2.jar;C:\Users\740722\.m2\repository\io\ebean\ebean\13.9.1\ebean-13.9.1.jar;C:\Users\740722\.m2\repository\io\ebean\ebean-api\13.9.1\ebean-api-13.9.1.jar;C:\Users\740722\.m2\repository\io\avaje\avaje-applog\1.0\avaje-applog-1.0.jar;C:\Users\740722\.m2\repository\io\avaje\avaje-applog-slf4j\1.0\avaje-applog-slf4j-1.0.jar;C:\Users\740722\.m2\repository\io\avaje\avaje-config\2.2\avaje-config-2.2.jar;C:\Users\740722\.m2\repository\io\avaje\avaje-lang\1.1\avaje-lang-1.1.jar;C:\Users\740722\.m2\repository\io\ebean\persistence-api\3.0\persistence-api-3.0.jar;C:\Users\740722\.m2\repository\io\ebean\ebean-annotation\8.2\ebean-annotation-8.2.jar;C:\Users\740722\.m2\repository\io\ebean\ebean-types\3.0\ebean-types-3.0.jar;C:\Users\740722\.m2\repository\io\ebean\ebean-datasource-api\8.2\ebean-datasource-api-8.2.jar;C:\Users\740722\.m2\repository\io\ebean\ebean-core\13.9.1\ebean-core-13.9.1.jar;C:\Users\740722\.m2\repository\io\ebean\ebean-ddl-runner\2.2\ebean-ddl-runner-2.2.jar;C:\Users\740722\.m2\repository\io\avaje\classpath-scanner\7.1\classpath-scanner-7.1.jar;C:\Users\740722\.m2\repository\io\avaje\classpath-scanner-api\7.1\classpath-scanner-api-7.1.jar;C:\Users\740722\.m2\repository\io\ebean\ebean-migration-auto\1.2\ebean-migration-auto-1.2.jar;C:\Users\740722\.m2\repository\io\ebean\ebean-core-type\13.9.1\ebean-core-type-13.9.1.jar;C:\Users\740722\.m2\repository\io\ebean\ebean-externalmapping-api\13.9.1\ebean-externalmapping-api-13.9.1.jar;C:\Users\740722\.m2\repository\org\antlr\antlr4-runtime\4.8-1\antlr4-runtime-4.8-1.jar;C:\Users\740722\.m2\repository\io\ebean\ebean-joda-time\13.9.1\ebean-joda-time-13.9.1.jar;C:\Users\740722\.m2\repository\io\ebean\ebean-datasource\8.2\ebean-datasource-8.2.jar;C:\Users\740722\.m2\repository\io\ebean\ebean-querybean\13.9.1\ebean-querybean-13.9.1.jar;C:\Users\740722\.m2\repository\io\ebean\ebean-platform-all\13.9.1\ebean-platform-all-13.9.1.jar;C:\Users\740722\.m2\repository\io\ebean\ebean-platform-clickhouse\13.9.1\ebean-platform-clickhouse-13.9.1.jar;C:\Users\740722\.m2\repository\io\ebean\ebean-platform-db2\13.9.1\ebean-platform-db2-13.9.1.jar;C:\Users\740722\.m2\repository\io\ebean\ebean-platform-hana\13.9.1\ebean-platform-hana-13.9.1.jar;C:\Users\740722\.m2\repository\io\ebean\ebean-platform-hsqldb\13.9.1\ebean-platform-hsqldb-13.9.1.jar;C:\Users\740722\.m2\repository\io\ebean\ebean-platform-mysql\13.9.1\ebean-platform-mysql-13.9.1.jar;C:\Users\740722\.m2\repository\io\ebean\ebean-platform-mariadb\13.9.1\ebean-platform-mariadb-13.9.1.jar;C:\Users\740722\.m2\repository\io\ebean\ebean-platform-nuodb\13.9.1\ebean-platform-nuodb-13.9.1.jar;C:\Users\740722\.m2\repository\io\ebean\ebean-platform-oracle\13.9.1\ebean-platform-oracle-13.9.1.jar;C:\Users\740722\.m2\repository\io\ebean\ebean-platform-postgres\13.9.1\ebean-platform-postgres-13.9.1.jar;C:\Users\740722\.m2\repository\io\ebean\ebean-platform-sqlanywhere\13.9.1\ebean-platform-sqlanywhere-13.9.1.jar;C:\Users\740722\.m2\repository\io\ebean\ebean-platform-sqlite\13.9.1\ebean-platform-sqlite-13.9.1.jar;C:\Users\740722\.m2\repository\io\ebean\ebean-platform-sqlserver\13.9.1\ebean-platform-sqlserver-13.9.1.jar;C:\Users\740722\.m2\repository\io\ebean\ebean-test\13.6.5\ebean-test-13.6.5.jar;C:\Users\740722\.m2\repository\io\ebean\ebean-platform-h2\13.6.5\ebean-platform-h2-13.6.5.jar;C:\Users\740722\.m2\repository\io\ebean\ebean-ddl-generator\13.6.5\ebean-ddl-generator-13.6.5.jar;C:\Users\740722\.m2\repository\io\ebean\ebean-migration\13.6.0\ebean-migration-13.6.0.jar;C:\Users\740722\.m2\repository\io\ebean\ebean-test-containers\6.2\ebean-test-containers-6.2.jar;C:\Users\740722\.m2\repository\org\assertj\assertj-core\3.22.0\assertj-core-3.22.0.jar;C:\Users\740722\.m2\repository\org\glassfish\jaxb\jaxb-runtime\2.3.6\jaxb-runtime-2.3.6.jar;C:\Users\740722\.m2\repository\org\glassfish\jaxb\txw2\2.3.6\txw2-2.3.6.jar;C:\Users\740722\.m2\repository\com\sun\istack\istack-commons-runtime\3.0.12\istack-commons-runtime-3.0.12.jar;C:\Users\740722\.m2\repository\com\sun\activation\jakarta.activation\1.2.2\jakarta.activation-1.2.2.jar;C:\Users\740722\.m2\repository\com\h2database\h2\2.1.212\h2-2.1.212.jar;C:\Users\740722\.m2\repository\io\ebean\querybean-generator\13.20.1\querybean-generator-13.20.1.jar;C:\Users\740722\.m2\repository\com\oracle\database\jdbc\ojdbc10\19.19.0.0\ojdbc10-19.19.0.0.jar;C:\Users\740722\.m2\repository\com\aventstack\extentreports\5.0.9\extentreports-5.0.9.jar;C:\Users\740722\.m2\repository\io\reactivex\rxjava3\rxjava\3.0.4\rxjava-3.0.4.jar;C:\Users\740722\.m2\repository\org\reactivestreams\reactive-streams\1.0.3\reactive-streams-1.0.3.jar;C:\Users\740722\.m2\repository\org\freemarker\freemarker\2.3.30\freemarker-2.3.30.jar;C:\Users\740722\.m2\repository\io\qameta\allure\allure-maven\2.8\allure-maven-2.8.jar;C:\Users\740722\.m2\repository\org\apache\maven\maven-core\3.3.9\maven-core-3.3.9.jar;C:\Users\740722\.m2\repository\org\apache\maven\maven-model\3.3.9\maven-model-3.3.9.jar;C:\Users\740722\.m2\repository\org\apache\maven\maven-settings\3.3.9\maven-settings-3.3.9.jar;C:\Users\740722\.m2\repository\org\apache\maven\maven-settings-builder\3.3.9\maven-settings-builder-3.3.9.jar;C:\Users\740722\.m2\repository\org\apache\maven\maven-builder-support\3.3.9\maven-builder-support-3.3.9.jar;C:\Users\740722\.m2\repository\org\apache\maven\maven-repository-metadata\3.3.9\maven-repository-metadata-3.3.9.jar;C:\Users\740722\.m2\repository\org\apache\maven\maven-artifact\3.3.9\maven-artifact-3.3.9.jar;C:\Users\740722\.m2\repository\org\apache\maven\maven-model-builder\3.3.9\maven-model-builder-3.3.9.jar;C:\Users\740722\.m2\repository\org\apache\maven\maven-aether-provider\3.3.9\maven-aether-provider-3.3.9.jar;C:\Users\740722\.m2\repository\org\eclipse\aether\aether-spi\1.0.2.v20150114\aether-spi-1.0.2.v20150114.jar;C:\Users\740722\.m2\repository\org\eclipse\aether\aether-impl\1.0.2.v20150114\aether-impl-1.0.2.v20150114.jar;C:\Users\740722\.m2\repository\org\eclipse\aether\aether-api\1.0.2.v20150114\aether-api-1.0.2.v20150114.jar;C:\Users\740722\.m2\repository\org\eclipse\aether\aether-util\1.0.2.v20150114\aether-util-1.0.2.v20150114.jar;C:\Users\740722\.m2\repository\org\eclipse\sisu\org.eclipse.sisu.plexus\0.3.2\org.eclipse.sisu.plexus-0.3.2.jar;C:\Users\740722\.m2\repository\javax\enterprise\cdi-api\1.0\cdi-api-1.0.jar;C:\Users\740722\.m2\repository\javax\annotation\jsr250-api\1.0\jsr250-api-1.0.jar;C:\Users\740722\.m2\repository\org\eclipse\sisu\org.eclipse.sisu.inject\0.3.2\org.eclipse.sisu.inject-0.3.2.jar;C:\Users\740722\.m2\repository\com\google\inject\guice\4.0\guice-4.0-no_aop.jar;C:\Users\740722\.m2\repository\javax\inject\javax.inject\1\javax.inject-1.jar;C:\Users\740722\.m2\repository\aopalliance\aopalliance\1.0\aopalliance-1.0.jar;C:\Users\740722\.m2\repository\org\codehaus\plexus\plexus-interpolation\1.21\plexus-interpolation-1.21.jar;C:\Users\740722\.m2\repository\org\codehaus\plexus\plexus-classworlds\2.5.2\plexus-classworlds-2.5.2.jar;C:\Users\740722\.m2\repository\org\codehaus\plexus\plexus-component-annotations\1.6\plexus-component-annotations-1.6.jar;C:\Users\740722\.m2\repository\org\sonatype\plexus\plexus-sec-dispatcher\1.3\plexus-sec-dispatcher-1.3.jar;C:\Users\740722\.m2\repository\org\sonatype\plexus\plexus-cipher\1.4\plexus-cipher-1.4.jar;C:\Users\740722\.m2\repository\org\apache\maven\reporting\maven-reporting-impl\2.4\maven-reporting-impl-2.4.jar;C:\Users\740722\.m2\repository\org\apache\maven\maven-project\2.2.1\maven-project-2.2.1.jar;C:\Users\740722\.m2\repository\org\apache\maven\maven-profile\2.2.1\maven-profile-2.2.1.jar;C:\Users\740722\.m2\repository\org\apache\maven\maven-artifact-manager\2.2.1\maven-artifact-manager-2.2.1.jar;C:\Users\740722\.m2\repository\backport-util-concurrent\backport-util-concurrent\3.1\backport-util-concurrent-3.1.jar;C:\Users\740722\.m2\repository\org\apache\maven\maven-plugin-registry\2.2.1\maven-plugin-registry-2.2.1.jar;C:\Users\740722\.m2\repository\org\codehaus\plexus\plexus-container-default\1.0-alpha-9-stable-1\plexus-container-default-1.0-alpha-9-stable-1.jar;C:\Users\740722\.m2\repository\classworlds\classworlds\1.1-alpha-2\classworlds-1.1-alpha-2.jar;C:\Users\740722\.m2\repository\org\apache\maven\shared\maven-shared-utils\0.6\maven-shared-utils-0.6.jar;C:\Users\740722\.m2\repository\org\apache\maven\doxia\doxia-sink-api\1.6\doxia-sink-api-1.6.jar;C:\Users\740722\.m2\repository\org\apache\maven\doxia\doxia-logging-api\1.6\doxia-logging-api-1.6.jar;C:\Users\740722\.m2\repository\org\apache\maven\doxia\doxia-core\1.6\doxia-core-1.6.jar;C:\Users\740722\.m2\repository\xerces\xercesImpl\2.9.1\xercesImpl-2.9.1.jar;C:\Users\740722\.m2\repository\commons-lang\commons-lang\2.4\commons-lang-2.4.jar;C:\Users\740722\.m2\repository\xmlunit\xmlunit\1.5\xmlunit-1.5.jar;C:\Users\740722\.m2\repository\org\apache\maven\doxia\doxia-site-renderer\1.6\doxia-site-renderer-1.6.jar;C:\Users\740722\.m2\repository\org\apache\maven\doxia\doxia-decoration-model\1.6\doxia-decoration-model-1.6.jar;C:\Users\740722\.m2\repository\org\apache\maven\doxia\doxia-module-xhtml\1.6\doxia-module-xhtml-1.6.jar;C:\Users\740722\.m2\repository\org\apache\maven\doxia\doxia-module-fml\1.6\doxia-module-fml-1.6.jar;C:\Users\740722\.m2\repository\org\codehaus\plexus\plexus-i18n\1.0-beta-7\plexus-i18n-1.0-beta-7.jar;C:\Users\740722\.m2\repository\org\codehaus\plexus\plexus-velocity\1.1.7\plexus-velocity-1.1.7.jar;C:\Users\740722\.m2\repository\org\apache\velocity\velocity-tools\2.0\velocity-tools-2.0.jar;C:\Users\740722\.m2\repository\commons-chain\commons-chain\1.1\commons-chain-1.1.jar;C:\Users\740722\.m2\repository\dom4j\dom4j\1.1\dom4j-1.1.jar;C:\Users\740722\.m2\repository\sslext\sslext\1.2-0\sslext-1.2-0.jar;C:\Users\740722\.m2\repository\org\apache\struts\struts-core\1.3.8\struts-core-1.3.8.jar;C:\Users\740722\.m2\repository\antlr\antlr\2.7.2\antlr-2.7.2.jar;C:\Users\740722\.m2\repository\org\apache\struts\struts-taglib\1.3.8\struts-taglib-1.3.8.jar;C:\Users\740722\.m2\repository\org\apache\struts\struts-tiles\1.3.8\struts-tiles-1.3.8.jar;C:\Users\740722\.m2\repository\commons-validator\commons-validator\1.4.1\commons-validator-1.4.1.jar;C:\Users\740722\.m2\repository\commons-digester\commons-digester\1.8.1\commons-digester-1.8.1.jar;C:\Users\740722\.m2\repository\net\lingala\zip4j\zip4j\1.3.2\zip4j-1.3.2.jar;C:\Users\740722\.m2\repository\org\apache\commons\commons-exec\1.3\commons-exec-1.3.jar;C:\Users\740722\.m2\repository\org\apache\maven\plugin-tools\maven-plugin-annotations\3.2\maven-plugin-annotations-3.2.jar;C:\Users\740722\.m2\repository\org\apache\maven\plugins\maven-jxr-plugin\2.5\maven-jxr-plugin-2.5.jar;C:\Users\740722\.m2\repository\org\apache\velocity\velocity\1.5\velocity-1.5.jar;C:\Users\740722\.m2\repository\oro\oro\2.0.8\oro-2.0.8.jar;C:\Users\740722\.m2\repository\org\apache\maven\maven-jxr\2.5\maven-jxr-2.5.jar;C:\Users\740722\.m2\repository\org\apache\maven\wagon\wagon-provider-api\1.0\wagon-provider-api-1.0.jar;C:\Users\740722\.m2\repository\xalan\xalan\2.7.0\xalan-2.7.0.jar;C:\Users\740722\.m2\repository\org\apache\commons\commons-email\1.5\commons-email-1.5.jar;C:\Users\740722\.m2\repository\com\sun\mail\javax.mail\1.5.6\javax.mail-1.5.6.jar;C:\Users\740722\.m2\repository\javax\activation\activation\1.1\activation-1.1.jar;C:\Users\740722\.m2\repository\javax\mail\javax.mail-api\1.6.2\javax.mail-api-1.6.2.jar;C:\Users\740722\.m2\repository\com\github\wnameless\json\json-flattener\0.16.4\json-flattener-0.16.4.jar;C:\Users\740722\.m2\repository\com\fasterxml\jackson\core\jackson-databind\2.14.1\jackson-databind-2.14.1.jar;C:\Users\740722\.m2\repository\com\fasterxml\jackson\core\jackson-annotations\2.14.1\jackson-annotations-2.14.1.jar;C:\Users\740722\.m2\repository\com\fasterxml\jackson\core\jackson-core\2.14.1\jackson-core-2.14.1.jar;C:\Users\740722\.m2\repository\com\github\wnameless\json\json-base\2.4.0\json-base-2.4.0.jar;C:\Users\740722\.m2\repository\org\yaml\snakeyaml\2.0\snakeyaml-2.0.jar;C:\Users\740722\.m2\repository\com\google\code\gson\gson\2.10.1\gson-2.10.1.jar;C:\Users\740722\.m2\repository\org\apache\maven\plugins\maven-failsafe-plugin\3.1.2\maven-failsafe-plugin-3.1.2.jar;C:\Users\740722\.m2\repository\org\apache\maven\surefire\maven-surefire-common\3.1.2\maven-surefire-common-3.1.2.jar;C:\Users\740722\.m2\repository\org\apache\maven\surefire\surefire-api\3.1.2\surefire-api-3.1.2.jar;C:\Users\740722\.m2\repository\org\apache\maven\surefire\surefire-logger-api\3.1.2\surefire-logger-api-3.1.2.jar;C:\Users\740722\.m2\repository\org\apache\maven\surefire\surefire-extensions-api\3.1.2\surefire-extensions-api-3.1.2.jar;C:\Users\740722\.m2\repository\org\apache\maven\surefire\surefire-booter\3.1.2\surefire-booter-3.1.2.jar;C:\Users\740722\.m2\repository\org\apache\maven\surefire\surefire-extensions-spi\3.1.2\surefire-extensions-spi-3.1.2.jar;C:\Users\740722\.m2\repository\org\apache\maven\shared\maven-common-artifact-filters\3.1.1\maven-common-artifact-filters-3.1.1.jar;C:\Users\740722\.m2\repository\org\codehaus\plexus\plexus-java\1.1.2\plexus-java-1.1.2.jar;C:\Users\740722\.m2\repository\org\ow2\asm\asm\9.4\asm-9.4.jar;C:\Users\740722\.m2\repository\com\thoughtworks\qdox\qdox\2.0.3\qdox-2.0.3.jar;C:\Users\740722\.m2\repository\org\apache\maven\surefire\surefire-shared-utils\3.1.2\surefire-shared-utils-3.1.2.jar;C:\Users\740722\.m2\repository\io\cucumber\cucumber-testng\7.13.0\cucumber-testng-7.13.0.jar;C:\Users\740722\.m2\repository\org\apiguardian\apiguardian-api\1.1.2\apiguardian-api-1.1.2.jar;C:\Users\740722\.m2\repository\io\cucumber\cucumber-core\7.13.0\cucumber-core-7.13.0.jar;C:\Users\740722\.m2\repository\io\cucumber\cucumber-gherkin\7.13.0\cucumber-gherkin-7.13.0.jar;C:\Users\740722\.m2\repository\io\cucumber\cucumber-gherkin-messages\7.13.0\cucumber-gherkin-messages-7.13.0.jar;C:\Users\740722\.m2\repository\io\cucumber\gherkin\26.2.0\gherkin-26.2.0.jar;C:\Users\740722\.m2\repository\io\cucumber\messages\22.0.0\messages-22.0.0.jar;C:\Users\740722\.m2\repository\io\cucumber\tag-expressions\5.0.1\tag-expressions-5.0.1.jar;C:\Users\740722\.m2\repository\io\cucumber\cucumber-expressions\16.1.2\cucumber-expressions-16.1.2.jar;C:\Users\740722\.m2\repository\io\cucumber\datatable\7.13.0\datatable-7.13.0.jar;C:\Users\740722\.m2\repository\io\cucumber\cucumber-plugin\7.13.0\cucumber-plugin-7.13.0.jar;C:\Users\740722\.m2\repository\io\cucumber\docstring\7.13.0\docstring-7.13.0.jar;C:\Users\740722\.m2\repository\io\cucumber\html-formatter\20.3.1\html-formatter-20.3.1.jar;C:\Users\740722\.m2\repository\io\cucumber\junit-xml-formatter\0.2.0\junit-xml-formatter-0.2.0.jar;C:\Users\740722\.m2\repository\io\cucumber\ci-environment\9.2.0\ci-environment-9.2.0.jar;C:\Users\740722\.m2\repository\com\github\mkolisnyk\cucumber-runner\1.3.5\cucumber-runner-1.3.5.jar;C:\Users\740722\.m2\repository\com\github\mkolisnyk\cucumber-report-generator\1.3.5\cucumber-report-generator-1.3.5.jar;C:\Users\740722\.m2\repository\xml-apis\xml-apis\1.4.01\xml-apis-1.4.01.jar;C:\Users\740722\.m2\repository\batik\batik-transcoder\1.6-1\batik-transcoder-1.6-1.jar;C:\Users\740722\.m2\repository\batik\batik-bridge\1.6-1\batik-bridge-1.6-1.jar;C:\Users\740722\.m2\repository\batik\batik-gvt\1.6-1\batik-gvt-1.6-1.jar;C:\Users\740722\.m2\repository\batik\batik-awt-util\1.6-1\batik-awt-util-1.6-1.jar;C:\Users\740722\.m2\repository\batik\batik-util\1.6-1\batik-util-1.6-1.jar;C:\Users\740722\.m2\repository\batik\batik-gui-util\1.6-1\batik-gui-util-1.6-1.jar;C:\Users\740722\.m2\repository\batik\batik-ext\1.6-1\batik-ext-1.6-1.jar;C:\Users\740722\.m2\repository\xml-apis\xmlParserAPIs\2.0.2\xmlParserAPIs-2.0.2.jar;C:\Users\740722\.m2\repository\batik\batik-script\1.6-1\batik-script-1.6-1.jar;C:\Users\740722\.m2\repository\rhino\js\1.5R4.1\js-1.5R4.1.jar;C:\Users\740722\.m2\repository\batik\batik-svg-dom\1.6-1\batik-svg-dom-1.6-1.jar;C:\Users\740722\.m2\repository\batik\batik-dom\1.6-1\batik-dom-1.6-1.jar;C:\Users\740722\.m2\repository\batik\batik-css\1.6-1\batik-css-1.6-1.jar;C:\Users\740722\.m2\repository\batik\batik-xml\1.6-1\batik-xml-1.6-1.jar;C:\Users\740722\.m2\repository\batik\batik-parser\1.6-1\batik-parser-1.6-1.jar;C:\Users\740722\.m2\repository\com\itextpdf\itextpdf\5.5.11\itextpdf-5.5.11.jar;C:\Users\740722\.m2\repository\com\cedarsoftware\json-io\4.9.12\json-io-4.9.12.jar;C:\Users\740722\.m2\repository\info\cukes\cucumber-junit\1.2.5\cucumber-junit-1.2.5.jar;C:\Users\740722\.m2\repository\info\cukes\cucumber-core\1.2.5\cucumber-core-1.2.5.jar;C:\Users\740722\.m2\repository\info\cukes\cucumber-html\0.2.3\cucumber-html-0.2.3.jar;C:\Users\740722\.m2\repository\info\cukes\cucumber-jvm-deps\1.0.5\cucumber-jvm-deps-1.0.5.jar;C:\Users\740722\.m2\repository\info\cukes\gherkin\2.12.2\gherkin-2.12.2.jar;C:\Users\740722\.m2\repository\info\cukes\cucumber-testng\1.2.5\cucumber-testng-1.2.5.jar;C:\Users\740722\.m2\repository\junit\junit\4.12\junit-4.12.jar;C:\Users\740722\.m2\repository\org\hamcrest\hamcrest-core\1.3\hamcrest-core-1.3.jar;C:\Users\740722\.m2\repository\org\xhtmlrenderer\flying-saucer-pdf\9.1.7\flying-saucer-pdf-9.1.7.jar;C:\Users\740722\.m2\repository\com\lowagie\itext\2.1.7\itext-2.1.7.jar;C:\Users\740722\.m2\repository\org\bouncycastle\bctsp-jdk14\1.38\bctsp-jdk14-1.38.jar;C:\Users\740722\.m2\repository\org\xhtmlrenderer\flying-saucer-core\9.1.7\flying-saucer-core-9.1.7.jar;C:\Users\740722\.m2\repository\commons-codec\commons-codec\1.10\commons-codec-1.10.jar;C:\Users\740722\.m2\repository\org\javassist\javassist\3.22.0-CR2\javassist-3.22.0-CR2.jar;C:\Users\740722\.m2\repository\joda-time\joda-time\2.9.9\joda-time-2.9.9.jar;C:\Users\740722\.m2\repository\org\codehaus\plexus\plexus-utils\3.0.1\plexus-utils-3.0.1.jar;C:\Users\740722\.m2\repository\org\apache\maven\maven-plugin-api\2.0\maven-plugin-api-2.0.jar;C:\Users\740722\.m2\repository\org\apache\maven\reporting\maven-reporting-api\2.0.8\maven-reporting-api-2.0.8.jar;C:\Users\740722\.m2\repository\io\cucumber\cucumber-java\7.13.0\cucumber-java-7.13.0.jar;C:\Users\740722\.m2\repository\com\deque\html\axe-core\selenium\4.7.0\selenium-4.7.0.jar;C:\Users\740722\.m2\repository\com\deque\html\axe-core\dequeutilites\4.7.0\dequeutilites-4.7.0.jar;C:\Users\740722\.m2\repository\org\jsoup\jsoup\1.16.1\jsoup-1.16.1.jar;C:\Users\740722\.m2\repository\us\codecraft\xsoup\0.3.7\xsoup-0.3.7.jar;"/>
    <property name="java.vm.vendor" value="Oracle Corporation"/>
    <property name="sun.arch.data.model" value="64"/>
    <property name="user.variant" value=""/>
    <property name="java.vendor.url" value="http://java.oracle.com/"/>
    <property name="user.timezone" value="Europe/Paris"/>
    <property name="java.vm.specification.version" value="11"/>
    <property name="os.name" value="Windows 10"/>
    <property name="sun.java.launcher" value="SUN_STANDARD"/>
    <property name="user.country" value="US"/>
    <property name="sun.boot.library.path" value="C:\Program Files\Java\jdk-11.0.3\bin"/>
    <property name="sun.java.command" value="C:\Users\740722\AppData\Local\Temp\1\surefire15949882274284520589\surefirebooter-20231027174851956_3.jar C:\Users\740722\AppData\Local\Temp\1\surefire15949882274284520589 2023-10-27T17-48-51_098-jvmRun1 surefire-20231027174851956_1tmp surefire_0-20231027174851956_2tmp"/>
    <property name="jdk.debug" value="release"/>
    <property name="surefire.test.class.path" value="C:\Users\740722\IdeaProjects\Warriors\target\test-classes;C:\Users\740722\IdeaProjects\Warriors\target\classes;C:\Users\740722\.m2\repository\org\seleniumhq\selenium\selenium-java\4.13.0\selenium-java-4.13.0.jar;C:\Users\740722\.m2\repository\org\seleniumhq\selenium\selenium-api\4.13.0\selenium-api-4.13.0.jar;C:\Users\740722\.m2\repository\org\seleniumhq\selenium\selenium-chrome-driver\4.13.0\selenium-chrome-driver-4.13.0.jar;C:\Users\740722\.m2\repository\com\google\auto\service\auto-service-annotations\1.1.1\auto-service-annotations-1.1.1.jar;C:\Users\740722\.m2\repository\com\google\guava\guava\32.1.2-jre\guava-32.1.2-jre.jar;C:\Users\740722\.m2\repository\com\google\guava\failureaccess\1.0.1\failureaccess-1.0.1.jar;C:\Users\740722\.m2\repository\com\google\guava\listenablefuture\9999.0-empty-to-avoid-conflict-with-guava\listenablefuture-9999.0-empty-to-avoid-conflict-with-guava.jar;C:\Users\740722\.m2\repository\com\google\code\findbugs\jsr305\3.0.2\jsr305-3.0.2.jar;C:\Users\740722\.m2\repository\org\checkerframework\checker-qual\3.33.0\checker-qual-3.33.0.jar;C:\Users\740722\.m2\repository\com\google\errorprone\error_prone_annotations\2.18.0\error_prone_annotations-2.18.0.jar;C:\Users\740722\.m2\repository\com\google\j2objc\j2objc-annotations\2.8\j2objc-annotations-2.8.jar;C:\Users\740722\.m2\repository\org\seleniumhq\selenium\selenium-chromium-driver\4.13.0\selenium-chromium-driver-4.13.0.jar;C:\Users\740722\.m2\repository\org\seleniumhq\selenium\selenium-json\4.13.0\selenium-json-4.13.0.jar;C:\Users\740722\.m2\repository\org\seleniumhq\selenium\selenium-manager\4.13.0\selenium-manager-4.13.0.jar;C:\Users\740722\.m2\repository\org\seleniumhq\selenium\selenium-devtools-v115\4.13.0\selenium-devtools-v115-4.13.0.jar;C:\Users\740722\.m2\repository\org\seleniumhq\selenium\selenium-devtools-v116\4.13.0\selenium-devtools-v116-4.13.0.jar;C:\Users\740722\.m2\repository\org\seleniumhq\selenium\selenium-devtools-v117\4.13.0\selenium-devtools-v117-4.13.0.jar;C:\Users\740722\.m2\repository\org\seleniumhq\selenium\selenium-devtools-v85\4.13.0\selenium-devtools-v85-4.13.0.jar;C:\Users\740722\.m2\repository\org\seleniumhq\selenium\selenium-edge-driver\4.13.0\selenium-edge-driver-4.13.0.jar;C:\Users\740722\.m2\repository\org\seleniumhq\selenium\selenium-firefox-driver\4.13.0\selenium-firefox-driver-4.13.0.jar;C:\Users\740722\.m2\repository\org\seleniumhq\selenium\selenium-http\4.13.0\selenium-http-4.13.0.jar;C:\Users\740722\.m2\repository\dev\failsafe\failsafe\3.3.2\failsafe-3.3.2.jar;C:\Users\740722\.m2\repository\org\seleniumhq\selenium\selenium-ie-driver\4.13.0\selenium-ie-driver-4.13.0.jar;C:\Users\740722\.m2\repository\org\seleniumhq\selenium\selenium-remote-driver\4.13.0\selenium-remote-driver-4.13.0.jar;C:\Users\740722\.m2\repository\io\netty\netty-buffer\4.1.96.Final\netty-buffer-4.1.96.Final.jar;C:\Users\740722\.m2\repository\io\netty\netty-codec-http\4.1.96.Final\netty-codec-http-4.1.96.Final.jar;C:\Users\740722\.m2\repository\io\netty\netty-codec\4.1.96.Final\netty-codec-4.1.96.Final.jar;C:\Users\740722\.m2\repository\io\netty\netty-handler\4.1.96.Final\netty-handler-4.1.96.Final.jar;C:\Users\740722\.m2\repository\io\netty\netty-common\4.1.96.Final\netty-common-4.1.96.Final.jar;C:\Users\740722\.m2\repository\io\netty\netty-transport-classes-epoll\4.1.96.Final\netty-transport-classes-epoll-4.1.96.Final.jar;C:\Users\740722\.m2\repository\io\netty\netty-transport-classes-kqueue\4.1.96.Final\netty-transport-classes-kqueue-4.1.96.Final.jar;C:\Users\740722\.m2\repository\io\netty\netty-transport-native-epoll\4.1.96.Final\netty-transport-native-epoll-4.1.96.Final.jar;C:\Users\740722\.m2\repository\io\netty\netty-transport-native-kqueue\4.1.96.Final\netty-transport-native-kqueue-4.1.96.Final.jar;C:\Users\740722\.m2\repository\io\netty\netty-transport-native-unix-common\4.1.96.Final\netty-transport-native-unix-common-4.1.96.Final.jar;C:\Users\740722\.m2\repository\io\netty\netty-transport\4.1.96.Final\netty-transport-4.1.96.Final.jar;C:\Users\740722\.m2\repository\io\netty\netty-resolver\4.1.96.Final\netty-resolver-4.1.96.Final.jar;C:\Users\740722\.m2\repository\io\opentelemetry\opentelemetry-api\1.28.0\opentelemetry-api-1.28.0.jar;C:\Users\740722\.m2\repository\io\opentelemetry\opentelemetry-context\1.28.0\opentelemetry-context-1.28.0.jar;C:\Users\740722\.m2\repository\io\opentelemetry\opentelemetry-exporter-logging\1.28.0\opentelemetry-exporter-logging-1.28.0.jar;C:\Users\740722\.m2\repository\io\opentelemetry\opentelemetry-sdk-metrics\1.28.0\opentelemetry-sdk-metrics-1.28.0.jar;C:\Users\740722\.m2\repository\io\opentelemetry\opentelemetry-extension-incubator\1.28.0-alpha\opentelemetry-extension-incubator-1.28.0-alpha.jar;C:\Users\740722\.m2\repository\io\opentelemetry\opentelemetry-sdk-logs\1.28.0\opentelemetry-sdk-logs-1.28.0.jar;C:\Users\740722\.m2\repository\io\opentelemetry\opentelemetry-sdk-common\1.28.0\opentelemetry-sdk-common-1.28.0.jar;C:\Users\740722\.m2\repository\io\opentelemetry\opentelemetry-sdk-extension-autoconfigure-spi\1.28.0\opentelemetry-sdk-extension-autoconfigure-spi-1.28.0.jar;C:\Users\740722\.m2\repository\io\opentelemetry\opentelemetry-sdk-extension-autoconfigure\1.28.0\opentelemetry-sdk-extension-autoconfigure-1.28.0.jar;C:\Users\740722\.m2\repository\io\opentelemetry\opentelemetry-api-events\1.28.0-alpha\opentelemetry-api-events-1.28.0-alpha.jar;C:\Users\740722\.m2\repository\io\opentelemetry\opentelemetry-sdk-trace\1.28.0\opentelemetry-sdk-trace-1.28.0.jar;C:\Users\740722\.m2\repository\io\opentelemetry\opentelemetry-sdk\1.28.0\opentelemetry-sdk-1.28.0.jar;C:\Users\740722\.m2\repository\io\opentelemetry\opentelemetry-semconv\1.28.0-alpha\opentelemetry-semconv-1.28.0-alpha.jar;C:\Users\740722\.m2\repository\net\bytebuddy\byte-buddy\1.14.5\byte-buddy-1.14.5.jar;C:\Users\740722\.m2\repository\org\asynchttpclient\async-http-client\2.12.3\async-http-client-2.12.3.jar;C:\Users\740722\.m2\repository\org\asynchttpclient\async-http-client-netty-utils\2.12.3\async-http-client-netty-utils-2.12.3.jar;C:\Users\740722\.m2\repository\io\netty\netty-codec-socks\4.1.60.Final\netty-codec-socks-4.1.60.Final.jar;C:\Users\740722\.m2\repository\io\netty\netty-handler-proxy\4.1.60.Final\netty-handler-proxy-4.1.60.Final.jar;C:\Users\740722\.m2\repository\io\netty\netty-transport-native-epoll\4.1.60.Final\netty-transport-native-epoll-4.1.60.Final-linux-x86_64.jar;C:\Users\740722\.m2\repository\io\netty\netty-transport-native-kqueue\4.1.60.Final\netty-transport-native-kqueue-4.1.60.Final-osx-x86_64.jar;C:\Users\740722\.m2\repository\com\typesafe\netty\netty-reactive-streams\2.0.4\netty-reactive-streams-2.0.4.jar;C:\Users\740722\.m2\repository\org\seleniumhq\selenium\selenium-os\4.13.0\selenium-os-4.13.0.jar;C:\Users\740722\.m2\repository\org\seleniumhq\selenium\selenium-safari-driver\4.13.0\selenium-safari-driver-4.13.0.jar;C:\Users\740722\.m2\repository\org\seleniumhq\selenium\selenium-support\4.13.0\selenium-support-4.13.0.jar;C:\Users\740722\.m2\repository\io\github\bonigarcia\webdrivermanager\5.5.3\webdrivermanager-5.5.3.jar;C:\Users\740722\.m2\repository\com\github\docker-java\docker-java\3.3.3\docker-java-3.3.3.jar;C:\Users\740722\.m2\repository\com\github\docker-java\docker-java-core\3.3.3\docker-java-core-3.3.3.jar;C:\Users\740722\.m2\repository\com\github\docker-java\docker-java-api\3.3.3\docker-java-api-3.3.3.jar;C:\Users\740722\.m2\repository\org\bouncycastle\bcpkix-jdk18on\1.75\bcpkix-jdk18on-1.75.jar;C:\Users\740722\.m2\repository\org\bouncycastle\bcprov-jdk18on\1.75\bcprov-jdk18on-1.75.jar;C:\Users\740722\.m2\repository\org\bouncycastle\bcutil-jdk18on\1.75\bcutil-jdk18on-1.75.jar;C:\Users\740722\.m2\repository\org\slf4j\jcl-over-slf4j\1.7.30\jcl-over-slf4j-1.7.30.jar;C:\Users\740722\.m2\repository\com\github\docker-java\docker-java-transport-httpclient5\3.3.3\docker-java-transport-httpclient5-3.3.3.jar;C:\Users\740722\.m2\repository\com\github\docker-java\docker-java-transport\3.3.3\docker-java-transport-3.3.3.jar;C:\Users\740722\.m2\repository\net\java\dev\jna\jna\5.12.1\jna-5.12.1.jar;C:\Users\740722\.m2\repository\org\brotli\dec\0.1.2\dec-0.1.2.jar;C:\Users\740722\.m2\repository\org\apache\commons\commons-lang3\3.13.0\commons-lang3-3.13.0.jar;C:\Users\740722\.m2\repository\org\apache\httpcomponents\client5\httpclient5\5.2.1\httpclient5-5.2.1.jar;C:\Users\740722\.m2\repository\org\apache\httpcomponents\core5\httpcore5\5.2\httpcore5-5.2.jar;C:\Users\740722\.m2\repository\org\apache\httpcomponents\core5\httpcore5-h2\5.2\httpcore5-h2-5.2.jar;C:\Users\740722\.m2\repository\org\testng\testng\7.4.0\testng-7.4.0.jar;C:\Users\740722\.m2\repository\com\beust\jcommander\1.78\jcommander-1.78.jar;C:\Users\740722\.m2\repository\org\webjars\jquery\3.5.1\jquery-3.5.1.jar;C:\Users\740722\.m2\repository\io\rest-assured\rest-assured\4.3.3\rest-assured-4.3.3.jar;C:\Users\740722\.m2\repository\org\codehaus\groovy\groovy\3.0.7\groovy-3.0.7.jar;C:\Users\740722\.m2\repository\org\codehaus\groovy\groovy-xml\3.0.7\groovy-xml-3.0.7.jar;C:\Users\740722\.m2\repository\org\apache\httpcomponents\httpclient\4.5.3\httpclient-4.5.3.jar;C:\Users\740722\.m2\repository\org\apache\httpcomponents\httpcore\4.4.6\httpcore-4.4.6.jar;C:\Users\740722\.m2\repository\org\apache\httpcomponents\httpmime\4.5.3\httpmime-4.5.3.jar;C:\Users\740722\.m2\repository\org\hamcrest\hamcrest\2.1\hamcrest-2.1.jar;C:\Users\740722\.m2\repository\org\ccil\cowan\tagsoup\tagsoup\1.2.1\tagsoup-1.2.1.jar;C:\Users\740722\.m2\repository\io\rest-assured\json-path\4.3.3\json-path-4.3.3.jar;C:\Users\740722\.m2\repository\org\codehaus\groovy\groovy-json\3.0.7\groovy-json-3.0.7.jar;C:\Users\740722\.m2\repository\io\rest-assured\rest-assured-common\4.3.3\rest-assured-common-4.3.3.jar;C:\Users\740722\.m2\repository\io\rest-assured\xml-path\4.3.3\xml-path-4.3.3.jar;C:\Users\740722\.m2\repository\jakarta\xml\bind\jakarta.xml.bind-api\2.3.3\jakarta.xml.bind-api-2.3.3.jar;C:\Users\740722\.m2\repository\jakarta\activation\jakarta.activation-api\1.2.2\jakarta.activation-api-1.2.2.jar;C:\Users\740722\.m2\repository\com\sun\xml\bind\jaxb-impl\2.3.3\jaxb-impl-2.3.3.jar;C:\Users\740722\.m2\repository\org\apache\pdfbox\pdfbox\2.0.28\pdfbox-2.0.28.jar;C:\Users\740722\.m2\repository\org\apache\pdfbox\fontbox\2.0.28\fontbox-2.0.28.jar;C:\Users\740722\.m2\repository\commons-logging\commons-logging\1.2\commons-logging-1.2.jar;C:\Users\740722\.m2\repository\org\projectlombok\lombok\1.18.26\lombok-1.18.26.jar;C:\Users\740722\.m2\repository\com\github\javafaker\javafaker\1.0.2\javafaker-1.0.2.jar;C:\Users\740722\.m2\repository\org\yaml\snakeyaml\1.23\snakeyaml-1.23-android.jar;C:\Users\740722\.m2\repository\com\github\mifmif\generex\1.0.2\generex-1.0.2.jar;C:\Users\740722\.m2\repository\dk\brics\automaton\automaton\1.11-8\automaton-1.11-8.jar;C:\Users\740722\.m2\repository\com\googlecode\json-simple\json-simple\1.1\json-simple-1.1.jar;C:\Users\740722\.m2\repository\ch\qos\logback\logback-classic\1.4.8\logback-classic-1.4.8.jar;C:\Users\740722\.m2\repository\ch\qos\logback\logback-core\1.4.8\logback-core-1.4.8.jar;C:\Users\740722\.m2\repository\org\slf4j\slf4j-api\2.0.7\slf4j-api-2.0.7.jar;C:\Users\740722\.m2\repository\org\apache\logging\log4j\log4j-core\2.17.2\log4j-core-2.17.2.jar;C:\Users\740722\.m2\repository\org\apache\logging\log4j\log4j-api\2.17.2\log4j-api-2.17.2.jar;C:\Users\740722\.m2\repository\org\apache\poi\poi-ooxml\5.2.3\poi-ooxml-5.2.3.jar;C:\Users\740722\.m2\repository\org\apache\poi\poi\5.2.3\poi-5.2.3.jar;C:\Users\740722\.m2\repository\org\apache\commons\commons-math3\3.6.1\commons-math3-3.6.1.jar;C:\Users\740722\.m2\repository\com\zaxxer\SparseBitSet\1.2\SparseBitSet-1.2.jar;C:\Users\740722\.m2\repository\org\apache\poi\poi-ooxml-lite\5.2.3\poi-ooxml-lite-5.2.3.jar;C:\Users\740722\.m2\repository\org\apache\xmlbeans\xmlbeans\5.1.1\xmlbeans-5.1.1.jar;C:\Users\740722\.m2\repository\org\apache\commons\commons-compress\1.21\commons-compress-1.21.jar;C:\Users\740722\.m2\repository\commons-io\commons-io\2.11.0\commons-io-2.11.0.jar;C:\Users\740722\.m2\repository\com\github\virtuald\curvesapi\1.07\curvesapi-1.07.jar;C:\Users\740722\.m2\repository\org\apache\commons\commons-collections4\4.4\commons-collections4-4.4.jar;C:\Users\740722\.m2\repository\com\opencsv\opencsv\5.7.1\opencsv-5.7.1.jar;C:\Users\740722\.m2\repository\org\apache\commons\commons-text\1.10.0\commons-text-1.10.0.jar;C:\Users\740722\.m2\repository\commons-beanutils\commons-beanutils\1.9.4\commons-beanutils-1.9.4.jar;C:\Users\740722\.m2\repository\commons-collections\commons-collections\3.2.2\commons-collections-3.2.2.jar;C:\Users\740722\.m2\repository\io\ebean\ebean\13.9.1\ebean-13.9.1.jar;C:\Users\740722\.m2\repository\io\ebean\ebean-api\13.9.1\ebean-api-13.9.1.jar;C:\Users\740722\.m2\repository\io\avaje\avaje-applog\1.0\avaje-applog-1.0.jar;C:\Users\740722\.m2\repository\io\avaje\avaje-applog-slf4j\1.0\avaje-applog-slf4j-1.0.jar;C:\Users\740722\.m2\repository\io\avaje\avaje-config\2.2\avaje-config-2.2.jar;C:\Users\740722\.m2\repository\io\avaje\avaje-lang\1.1\avaje-lang-1.1.jar;C:\Users\740722\.m2\repository\io\ebean\persistence-api\3.0\persistence-api-3.0.jar;C:\Users\740722\.m2\repository\io\ebean\ebean-annotation\8.2\ebean-annotation-8.2.jar;C:\Users\740722\.m2\repository\io\ebean\ebean-types\3.0\ebean-types-3.0.jar;C:\Users\740722\.m2\repository\io\ebean\ebean-datasource-api\8.2\ebean-datasource-api-8.2.jar;C:\Users\740722\.m2\repository\io\ebean\ebean-core\13.9.1\ebean-core-13.9.1.jar;C:\Users\740722\.m2\repository\io\ebean\ebean-ddl-runner\2.2\ebean-ddl-runner-2.2.jar;C:\Users\740722\.m2\repository\io\avaje\classpath-scanner\7.1\classpath-scanner-7.1.jar;C:\Users\740722\.m2\repository\io\avaje\classpath-scanner-api\7.1\classpath-scanner-api-7.1.jar;C:\Users\740722\.m2\repository\io\ebean\ebean-migration-auto\1.2\ebean-migration-auto-1.2.jar;C:\Users\740722\.m2\repository\io\ebean\ebean-core-type\13.9.1\ebean-core-type-13.9.1.jar;C:\Users\740722\.m2\repository\io\ebean\ebean-externalmapping-api\13.9.1\ebean-externalmapping-api-13.9.1.jar;C:\Users\740722\.m2\repository\org\antlr\antlr4-runtime\4.8-1\antlr4-runtime-4.8-1.jar;C:\Users\740722\.m2\repository\io\ebean\ebean-joda-time\13.9.1\ebean-joda-time-13.9.1.jar;C:\Users\740722\.m2\repository\io\ebean\ebean-datasource\8.2\ebean-datasource-8.2.jar;C:\Users\740722\.m2\repository\io\ebean\ebean-querybean\13.9.1\ebean-querybean-13.9.1.jar;C:\Users\740722\.m2\repository\io\ebean\ebean-platform-all\13.9.1\ebean-platform-all-13.9.1.jar;C:\Users\740722\.m2\repository\io\ebean\ebean-platform-clickhouse\13.9.1\ebean-platform-clickhouse-13.9.1.jar;C:\Users\740722\.m2\repository\io\ebean\ebean-platform-db2\13.9.1\ebean-platform-db2-13.9.1.jar;C:\Users\740722\.m2\repository\io\ebean\ebean-platform-hana\13.9.1\ebean-platform-hana-13.9.1.jar;C:\Users\740722\.m2\repository\io\ebean\ebean-platform-hsqldb\13.9.1\ebean-platform-hsqldb-13.9.1.jar;C:\Users\740722\.m2\repository\io\ebean\ebean-platform-mysql\13.9.1\ebean-platform-mysql-13.9.1.jar;C:\Users\740722\.m2\repository\io\ebean\ebean-platform-mariadb\13.9.1\ebean-platform-mariadb-13.9.1.jar;C:\Users\740722\.m2\repository\io\ebean\ebean-platform-nuodb\13.9.1\ebean-platform-nuodb-13.9.1.jar;C:\Users\740722\.m2\repository\io\ebean\ebean-platform-oracle\13.9.1\ebean-platform-oracle-13.9.1.jar;C:\Users\740722\.m2\repository\io\ebean\ebean-platform-postgres\13.9.1\ebean-platform-postgres-13.9.1.jar;C:\Users\740722\.m2\repository\io\ebean\ebean-platform-sqlanywhere\13.9.1\ebean-platform-sqlanywhere-13.9.1.jar;C:\Users\740722\.m2\repository\io\ebean\ebean-platform-sqlite\13.9.1\ebean-platform-sqlite-13.9.1.jar;C:\Users\740722\.m2\repository\io\ebean\ebean-platform-sqlserver\13.9.1\ebean-platform-sqlserver-13.9.1.jar;C:\Users\740722\.m2\repository\io\ebean\ebean-test\13.6.5\ebean-test-13.6.5.jar;C:\Users\740722\.m2\repository\io\ebean\ebean-platform-h2\13.6.5\ebean-platform-h2-13.6.5.jar;C:\Users\740722\.m2\repository\io\ebean\ebean-ddl-generator\13.6.5\ebean-ddl-generator-13.6.5.jar;C:\Users\740722\.m2\repository\io\ebean\ebean-migration\13.6.0\ebean-migration-13.6.0.jar;C:\Users\740722\.m2\repository\io\ebean\ebean-test-containers\6.2\ebean-test-containers-6.2.jar;C:\Users\740722\.m2\repository\org\assertj\assertj-core\3.22.0\assertj-core-3.22.0.jar;C:\Users\740722\.m2\repository\org\glassfish\jaxb\jaxb-runtime\2.3.6\jaxb-runtime-2.3.6.jar;C:\Users\740722\.m2\repository\org\glassfish\jaxb\txw2\2.3.6\txw2-2.3.6.jar;C:\Users\740722\.m2\repository\com\sun\istack\istack-commons-runtime\3.0.12\istack-commons-runtime-3.0.12.jar;C:\Users\740722\.m2\repository\com\sun\activation\jakarta.activation\1.2.2\jakarta.activation-1.2.2.jar;C:\Users\740722\.m2\repository\com\h2database\h2\2.1.212\h2-2.1.212.jar;C:\Users\740722\.m2\repository\io\ebean\querybean-generator\13.20.1\querybean-generator-13.20.1.jar;C:\Users\740722\.m2\repository\com\oracle\database\jdbc\ojdbc10\19.19.0.0\ojdbc10-19.19.0.0.jar;C:\Users\740722\.m2\repository\com\aventstack\extentreports\5.0.9\extentreports-5.0.9.jar;C:\Users\740722\.m2\repository\io\reactivex\rxjava3\rxjava\3.0.4\rxjava-3.0.4.jar;C:\Users\740722\.m2\repository\org\reactivestreams\reactive-streams\1.0.3\reactive-streams-1.0.3.jar;C:\Users\740722\.m2\repository\org\freemarker\freemarker\2.3.30\freemarker-2.3.30.jar;C:\Users\740722\.m2\repository\io\qameta\allure\allure-maven\2.8\allure-maven-2.8.jar;C:\Users\740722\.m2\repository\org\apache\maven\maven-core\3.3.9\maven-core-3.3.9.jar;C:\Users\740722\.m2\repository\org\apache\maven\maven-model\3.3.9\maven-model-3.3.9.jar;C:\Users\740722\.m2\repository\org\apache\maven\maven-settings\3.3.9\maven-settings-3.3.9.jar;C:\Users\740722\.m2\repository\org\apache\maven\maven-settings-builder\3.3.9\maven-settings-builder-3.3.9.jar;C:\Users\740722\.m2\repository\org\apache\maven\maven-builder-support\3.3.9\maven-builder-support-3.3.9.jar;C:\Users\740722\.m2\repository\org\apache\maven\maven-repository-metadata\3.3.9\maven-repository-metadata-3.3.9.jar;C:\Users\740722\.m2\repository\org\apache\maven\maven-artifact\3.3.9\maven-artifact-3.3.9.jar;C:\Users\740722\.m2\repository\org\apache\maven\maven-model-builder\3.3.9\maven-model-builder-3.3.9.jar;C:\Users\740722\.m2\repository\org\apache\maven\maven-aether-provider\3.3.9\maven-aether-provider-3.3.9.jar;C:\Users\740722\.m2\repository\org\eclipse\aether\aether-spi\1.0.2.v20150114\aether-spi-1.0.2.v20150114.jar;C:\Users\740722\.m2\repository\org\eclipse\aether\aether-impl\1.0.2.v20150114\aether-impl-1.0.2.v20150114.jar;C:\Users\740722\.m2\repository\org\eclipse\aether\aether-api\1.0.2.v20150114\aether-api-1.0.2.v20150114.jar;C:\Users\740722\.m2\repository\org\eclipse\aether\aether-util\1.0.2.v20150114\aether-util-1.0.2.v20150114.jar;C:\Users\740722\.m2\repository\org\eclipse\sisu\org.eclipse.sisu.plexus\0.3.2\org.eclipse.sisu.plexus-0.3.2.jar;C:\Users\740722\.m2\repository\javax\enterprise\cdi-api\1.0\cdi-api-1.0.jar;C:\Users\740722\.m2\repository\javax\annotation\jsr250-api\1.0\jsr250-api-1.0.jar;C:\Users\740722\.m2\repository\org\eclipse\sisu\org.eclipse.sisu.inject\0.3.2\org.eclipse.sisu.inject-0.3.2.jar;C:\Users\740722\.m2\repository\com\google\inject\guice\4.0\guice-4.0-no_aop.jar;C:\Users\740722\.m2\repository\javax\inject\javax.inject\1\javax.inject-1.jar;C:\Users\740722\.m2\repository\aopalliance\aopalliance\1.0\aopalliance-1.0.jar;C:\Users\740722\.m2\repository\org\codehaus\plexus\plexus-interpolation\1.21\plexus-interpolation-1.21.jar;C:\Users\740722\.m2\repository\org\codehaus\plexus\plexus-classworlds\2.5.2\plexus-classworlds-2.5.2.jar;C:\Users\740722\.m2\repository\org\codehaus\plexus\plexus-component-annotations\1.6\plexus-component-annotations-1.6.jar;C:\Users\740722\.m2\repository\org\sonatype\plexus\plexus-sec-dispatcher\1.3\plexus-sec-dispatcher-1.3.jar;C:\Users\740722\.m2\repository\org\sonatype\plexus\plexus-cipher\1.4\plexus-cipher-1.4.jar;C:\Users\740722\.m2\repository\org\apache\maven\reporting\maven-reporting-impl\2.4\maven-reporting-impl-2.4.jar;C:\Users\740722\.m2\repository\org\apache\maven\maven-project\2.2.1\maven-project-2.2.1.jar;C:\Users\740722\.m2\repository\org\apache\maven\maven-profile\2.2.1\maven-profile-2.2.1.jar;C:\Users\740722\.m2\repository\org\apache\maven\maven-artifact-manager\2.2.1\maven-artifact-manager-2.2.1.jar;C:\Users\740722\.m2\repository\backport-util-concurrent\backport-util-concurrent\3.1\backport-util-concurrent-3.1.jar;C:\Users\740722\.m2\repository\org\apache\maven\maven-plugin-registry\2.2.1\maven-plugin-registry-2.2.1.jar;C:\Users\740722\.m2\repository\org\codehaus\plexus\plexus-container-default\1.0-alpha-9-stable-1\plexus-container-default-1.0-alpha-9-stable-1.jar;C:\Users\740722\.m2\repository\classworlds\classworlds\1.1-alpha-2\classworlds-1.1-alpha-2.jar;C:\Users\740722\.m2\repository\org\apache\maven\shared\maven-shared-utils\0.6\maven-shared-utils-0.6.jar;C:\Users\740722\.m2\repository\org\apache\maven\doxia\doxia-sink-api\1.6\doxia-sink-api-1.6.jar;C:\Users\740722\.m2\repository\org\apache\maven\doxia\doxia-logging-api\1.6\doxia-logging-api-1.6.jar;C:\Users\740722\.m2\repository\org\apache\maven\doxia\doxia-core\1.6\doxia-core-1.6.jar;C:\Users\740722\.m2\repository\xerces\xercesImpl\2.9.1\xercesImpl-2.9.1.jar;C:\Users\740722\.m2\repository\commons-lang\commons-lang\2.4\commons-lang-2.4.jar;C:\Users\740722\.m2\repository\xmlunit\xmlunit\1.5\xmlunit-1.5.jar;C:\Users\740722\.m2\repository\org\apache\maven\doxia\doxia-site-renderer\1.6\doxia-site-renderer-1.6.jar;C:\Users\740722\.m2\repository\org\apache\maven\doxia\doxia-decoration-model\1.6\doxia-decoration-model-1.6.jar;C:\Users\740722\.m2\repository\org\apache\maven\doxia\doxia-module-xhtml\1.6\doxia-module-xhtml-1.6.jar;C:\Users\740722\.m2\repository\org\apache\maven\doxia\doxia-module-fml\1.6\doxia-module-fml-1.6.jar;C:\Users\740722\.m2\repository\org\codehaus\plexus\plexus-i18n\1.0-beta-7\plexus-i18n-1.0-beta-7.jar;C:\Users\740722\.m2\repository\org\codehaus\plexus\plexus-velocity\1.1.7\plexus-velocity-1.1.7.jar;C:\Users\740722\.m2\repository\org\apache\velocity\velocity-tools\2.0\velocity-tools-2.0.jar;C:\Users\740722\.m2\repository\commons-chain\commons-chain\1.1\commons-chain-1.1.jar;C:\Users\740722\.m2\repository\dom4j\dom4j\1.1\dom4j-1.1.jar;C:\Users\740722\.m2\repository\sslext\sslext\1.2-0\sslext-1.2-0.jar;C:\Users\740722\.m2\repository\org\apache\struts\struts-core\1.3.8\struts-core-1.3.8.jar;C:\Users\740722\.m2\repository\antlr\antlr\2.7.2\antlr-2.7.2.jar;C:\Users\740722\.m2\repository\org\apache\struts\struts-taglib\1.3.8\struts-taglib-1.3.8.jar;C:\Users\740722\.m2\repository\org\apache\struts\struts-tiles\1.3.8\struts-tiles-1.3.8.jar;C:\Users\740722\.m2\repository\commons-validator\commons-validator\1.4.1\commons-validator-1.4.1.jar;C:\Users\740722\.m2\repository\commons-digester\commons-digester\1.8.1\commons-digester-1.8.1.jar;C:\Users\740722\.m2\repository\net\lingala\zip4j\zip4j\1.3.2\zip4j-1.3.2.jar;C:\Users\740722\.m2\repository\org\apache\commons\commons-exec\1.3\commons-exec-1.3.jar;C:\Users\740722\.m2\repository\org\apache\maven\plugin-tools\maven-plugin-annotations\3.2\maven-plugin-annotations-3.2.jar;C:\Users\740722\.m2\repository\org\apache\maven\plugins\maven-jxr-plugin\2.5\maven-jxr-plugin-2.5.jar;C:\Users\740722\.m2\repository\org\apache\velocity\velocity\1.5\velocity-1.5.jar;C:\Users\740722\.m2\repository\oro\oro\2.0.8\oro-2.0.8.jar;C:\Users\740722\.m2\repository\org\apache\maven\maven-jxr\2.5\maven-jxr-2.5.jar;C:\Users\740722\.m2\repository\org\apache\maven\wagon\wagon-provider-api\1.0\wagon-provider-api-1.0.jar;C:\Users\740722\.m2\repository\xalan\xalan\2.7.0\xalan-2.7.0.jar;C:\Users\740722\.m2\repository\org\apache\commons\commons-email\1.5\commons-email-1.5.jar;C:\Users\740722\.m2\repository\com\sun\mail\javax.mail\1.5.6\javax.mail-1.5.6.jar;C:\Users\740722\.m2\repository\javax\activation\activation\1.1\activation-1.1.jar;C:\Users\740722\.m2\repository\javax\mail\javax.mail-api\1.6.2\javax.mail-api-1.6.2.jar;C:\Users\740722\.m2\repository\com\github\wnameless\json\json-flattener\0.16.4\json-flattener-0.16.4.jar;C:\Users\740722\.m2\repository\com\fasterxml\jackson\core\jackson-databind\2.14.1\jackson-databind-2.14.1.jar;C:\Users\740722\.m2\repository\com\fasterxml\jackson\core\jackson-annotations\2.14.1\jackson-annotations-2.14.1.jar;C:\Users\740722\.m2\repository\com\fasterxml\jackson\core\jackson-core\2.14.1\jackson-core-2.14.1.jar;C:\Users\740722\.m2\repository\com\github\wnameless\json\json-base\2.4.0\json-base-2.4.0.jar;C:\Users\740722\.m2\repository\org\yaml\snakeyaml\2.0\snakeyaml-2.0.jar;C:\Users\740722\.m2\repository\com\google\code\gson\gson\2.10.1\gson-2.10.1.jar;C:\Users\740722\.m2\repository\org\apache\maven\plugins\maven-failsafe-plugin\3.1.2\maven-failsafe-plugin-3.1.2.jar;C:\Users\740722\.m2\repository\org\apache\maven\surefire\maven-surefire-common\3.1.2\maven-surefire-common-3.1.2.jar;C:\Users\740722\.m2\repository\org\apache\maven\surefire\surefire-api\3.1.2\surefire-api-3.1.2.jar;C:\Users\740722\.m2\repository\org\apache\maven\surefire\surefire-logger-api\3.1.2\surefire-logger-api-3.1.2.jar;C:\Users\740722\.m2\repository\org\apache\maven\surefire\surefire-extensions-api\3.1.2\surefire-extensions-api-3.1.2.jar;C:\Users\740722\.m2\repository\org\apache\maven\surefire\surefire-booter\3.1.2\surefire-booter-3.1.2.jar;C:\Users\740722\.m2\repository\org\apache\maven\surefire\surefire-extensions-spi\3.1.2\surefire-extensions-spi-3.1.2.jar;C:\Users\740722\.m2\repository\org\apache\maven\shared\maven-common-artifact-filters\3.1.1\maven-common-artifact-filters-3.1.1.jar;C:\Users\740722\.m2\repository\org\codehaus\plexus\plexus-java\1.1.2\plexus-java-1.1.2.jar;C:\Users\740722\.m2\repository\org\ow2\asm\asm\9.4\asm-9.4.jar;C:\Users\740722\.m2\repository\com\thoughtworks\qdox\qdox\2.0.3\qdox-2.0.3.jar;C:\Users\740722\.m2\repository\org\apache\maven\surefire\surefire-shared-utils\3.1.2\surefire-shared-utils-3.1.2.jar;C:\Users\740722\.m2\repository\io\cucumber\cucumber-testng\7.13.0\cucumber-testng-7.13.0.jar;C:\Users\740722\.m2\repository\org\apiguardian\apiguardian-api\1.1.2\apiguardian-api-1.1.2.jar;C:\Users\740722\.m2\repository\io\cucumber\cucumber-core\7.13.0\cucumber-core-7.13.0.jar;C:\Users\740722\.m2\repository\io\cucumber\cucumber-gherkin\7.13.0\cucumber-gherkin-7.13.0.jar;C:\Users\740722\.m2\repository\io\cucumber\cucumber-gherkin-messages\7.13.0\cucumber-gherkin-messages-7.13.0.jar;C:\Users\740722\.m2\repository\io\cucumber\gherkin\26.2.0\gherkin-26.2.0.jar;C:\Users\740722\.m2\repository\io\cucumber\messages\22.0.0\messages-22.0.0.jar;C:\Users\740722\.m2\repository\io\cucumber\tag-expressions\5.0.1\tag-expressions-5.0.1.jar;C:\Users\740722\.m2\repository\io\cucumber\cucumber-expressions\16.1.2\cucumber-expressions-16.1.2.jar;C:\Users\740722\.m2\repository\io\cucumber\datatable\7.13.0\datatable-7.13.0.jar;C:\Users\740722\.m2\repository\io\cucumber\cucumber-plugin\7.13.0\cucumber-plugin-7.13.0.jar;C:\Users\740722\.m2\repository\io\cucumber\docstring\7.13.0\docstring-7.13.0.jar;C:\Users\740722\.m2\repository\io\cucumber\html-formatter\20.3.1\html-formatter-20.3.1.jar;C:\Users\740722\.m2\repository\io\cucumber\junit-xml-formatter\0.2.0\junit-xml-formatter-0.2.0.jar;C:\Users\740722\.m2\repository\io\cucumber\ci-environment\9.2.0\ci-environment-9.2.0.jar;C:\Users\740722\.m2\repository\com\github\mkolisnyk\cucumber-runner\1.3.5\cucumber-runner-1.3.5.jar;C:\Users\740722\.m2\repository\com\github\mkolisnyk\cucumber-report-generator\1.3.5\cucumber-report-generator-1.3.5.jar;C:\Users\740722\.m2\repository\xml-apis\xml-apis\1.4.01\xml-apis-1.4.01.jar;C:\Users\740722\.m2\repository\batik\batik-transcoder\1.6-1\batik-transcoder-1.6-1.jar;C:\Users\740722\.m2\repository\batik\batik-bridge\1.6-1\batik-bridge-1.6-1.jar;C:\Users\740722\.m2\repository\batik\batik-gvt\1.6-1\batik-gvt-1.6-1.jar;C:\Users\740722\.m2\repository\batik\batik-awt-util\1.6-1\batik-awt-util-1.6-1.jar;C:\Users\740722\.m2\repository\batik\batik-util\1.6-1\batik-util-1.6-1.jar;C:\Users\740722\.m2\repository\batik\batik-gui-util\1.6-1\batik-gui-util-1.6-1.jar;C:\Users\740722\.m2\repository\batik\batik-ext\1.6-1\batik-ext-1.6-1.jar;C:\Users\740722\.m2\repository\xml-apis\xmlParserAPIs\2.0.2\xmlParserAPIs-2.0.2.jar;C:\Users\740722\.m2\repository\batik\batik-script\1.6-1\batik-script-1.6-1.jar;C:\Users\740722\.m2\repository\rhino\js\1.5R4.1\js-1.5R4.1.jar;C:\Users\740722\.m2\repository\batik\batik-svg-dom\1.6-1\batik-svg-dom-1.6-1.jar;C:\Users\740722\.m2\repository\batik\batik-dom\1.6-1\batik-dom-1.6-1.jar;C:\Users\740722\.m2\repository\batik\batik-css\1.6-1\batik-css-1.6-1.jar;C:\Users\740722\.m2\repository\batik\batik-xml\1.6-1\batik-xml-1.6-1.jar;C:\Users\740722\.m2\repository\batik\batik-parser\1.6-1\batik-parser-1.6-1.jar;C:\Users\740722\.m2\repository\com\itextpdf\itextpdf\5.5.11\itextpdf-5.5.11.jar;C:\Users\740722\.m2\repository\com\cedarsoftware\json-io\4.9.12\json-io-4.9.12.jar;C:\Users\740722\.m2\repository\info\cukes\cucumber-junit\1.2.5\cucumber-junit-1.2.5.jar;C:\Users\740722\.m2\repository\info\cukes\cucumber-core\1.2.5\cucumber-core-1.2.5.jar;C:\Users\740722\.m2\repository\info\cukes\cucumber-html\0.2.3\cucumber-html-0.2.3.jar;C:\Users\740722\.m2\repository\info\cukes\cucumber-jvm-deps\1.0.5\cucumber-jvm-deps-1.0.5.jar;C:\Users\740722\.m2\repository\info\cukes\gherkin\2.12.2\gherkin-2.12.2.jar;C:\Users\740722\.m2\repository\info\cukes\cucumber-testng\1.2.5\cucumber-testng-1.2.5.jar;C:\Users\740722\.m2\repository\junit\junit\4.12\junit-4.12.jar;C:\Users\740722\.m2\repository\org\hamcrest\hamcrest-core\1.3\hamcrest-core-1.3.jar;C:\Users\740722\.m2\repository\org\xhtmlrenderer\flying-saucer-pdf\9.1.7\flying-saucer-pdf-9.1.7.jar;C:\Users\740722\.m2\repository\com\lowagie\itext\2.1.7\itext-2.1.7.jar;C:\Users\740722\.m2\repository\org\bouncycastle\bctsp-jdk14\1.38\bctsp-jdk14-1.38.jar;C:\Users\740722\.m2\repository\org\xhtmlrenderer\flying-saucer-core\9.1.7\flying-saucer-core-9.1.7.jar;C:\Users\740722\.m2\repository\commons-codec\commons-codec\1.10\commons-codec-1.10.jar;C:\Users\740722\.m2\repository\org\javassist\javassist\3.22.0-CR2\javassist-3.22.0-CR2.jar;C:\Users\740722\.m2\repository\joda-time\joda-time\2.9.9\joda-time-2.9.9.jar;C:\Users\740722\.m2\repository\org\codehaus\plexus\plexus-utils\3.0.1\plexus-utils-3.0.1.jar;C:\Users\740722\.m2\repository\org\apache\maven\maven-plugin-api\2.0\maven-plugin-api-2.0.jar;C:\Users\740722\.m2\repository\org\apache\maven\reporting\maven-reporting-api\2.0.8\maven-reporting-api-2.0.8.jar;C:\Users\740722\.m2\repository\io\cucumber\cucumber-java\7.13.0\cucumber-java-7.13.0.jar;C:\Users\740722\.m2\repository\com\deque\html\axe-core\selenium\4.7.0\selenium-4.7.0.jar;C:\Users\740722\.m2\repository\com\deque\html\axe-core\dequeutilites\4.7.0\dequeutilites-4.7.0.jar;C:\Users\740722\.m2\repository\org\jsoup\jsoup\1.16.1\jsoup-1.16.1.jar;C:\Users\740722\.m2\repository\us\codecraft\xsoup\0.3.7\xsoup-0.3.7.jar;"/>
    <property name="sun.cpu.endian" value="little"/>
    <property name="user.home" value="C:\Users\740722"/>
    <property name="user.language" value="en"/>
    <property name="java.specification.vendor" value="Oracle Corporation"/>
    <property name="java.version.date" value="2019-04-16"/>
    <property name="java.home" value="C:\Program Files\Java\jdk-11.0.3"/>
    <property name="file.separator" value="\"/>
    <property name="basedir" value="C:\Users\740722\IdeaProjects\Warriors"/>
    <property name="java.vm.compressedOopsMode" value="Zero based"/>
    <property name="line.separator" value="&#10;"/>
    <property name="java.specification.name" value="Java Platform API Specification"/>
    <property name="java.vm.specification.vendor" value="Oracle Corporation"/>
    <property name="java.awt.graphicsenv" value="sun.awt.Win32GraphicsEnvironment"/>
    <property name="surefire.real.class.path" value="C:\Users\740722\AppData\Local\Temp\1\surefire15949882274284520589\surefirebooter-20231027174851956_3.jar"/>
    <property name="user.script" value=""/>
    <property name="sun.management.compiler" value="HotSpot 64-Bit Tiered Compilers"/>
    <property name="java.runtime.version" value="11.0.3+12-LTS"/>
    <property name="user.name" value="740722"/>
    <property name="path.separator" value=";"/>
    <property name="otel.metrics.exporter" value="none"/>
    <property name="os.version" value="10.0"/>
    <property name="java.runtime.name" value="Java(TM) SE Runtime Environment"/>
    <property name="otel.traces.exporter" value="none"/>
    <property name="file.encoding" value="Cp1252"/>
    <property name="java.vm.name" value="Java HotSpot(TM) 64-Bit Server VM"/>
    <property name="java.vendor.version" value="18.9"/>
    <property name="localRepository" value="C:\Users\740722\.m2\repository"/>
    <property name="java.vendor.url.bug" value="http://bugreport.java.com/bugreport/"/>
    <property name="otel.logs.exporter" value="none"/>
    <property name="java.io.tmpdir" value="C:\Users\740722\AppData\Local\Temp\1\"/>
    <property name="java.version" value="11.0.3"/>
    <property name="user.dir" value="C:\Users\740722\IdeaProjects\Warriors"/>
    <property name="os.arch" value="amd64"/>
    <property name="java.vm.specification.name" value="Java Virtual Machine Specification"/>
    <property name="java.awt.printerjob" value="sun.awt.windows.WPrinterJob"/>
    <property name="sun.os.patch.level" value=""/>
    <property name="java.library.path" value="C:\Program Files\Java\jdk-11.0.3\bin;C:\WINDOWS\Sun\Java\bin;C:\WINDOWS\system32;C:\WINDOWS;C:\Program Files\Common Files\Oracle\Java\javapath;C:\Python311\Scripts\;C:\Python311\;C:\WINDOWS\system32;C:\WINDOWS;C:\WINDOWS\System32\Wbem;C:\WINDOWS\System32\WindowsPowerShell\v1.0\;C:\WINDOWS\System32\OpenSSH\;C:\Program Files (x86)\Symantec\VIP Access Client\;C:\Program Files\Java\jdk-11.0.3\bin;C:\Program Files\Java\jdk-11.0.3;C:\Program Files\Docker\Docker\resources\bin;C:\Program Files\nodejs\;C:\ProgramData\chocolatey\bin;C:\Development_Avecto\apache-maven-3.9.2-bin\apache-maven-3.9.2\\bin;&quot;C:\Program Files\Java\jdk-11.0.3\bin;C:\Development_Avecto\apache-maven-3.9.2-bin\apache-maven-3.9.2\bin\bin;&quot;;C:\Development_Avecto\apache-maven-3.9.2-bin\apache-maven-3.9.2\bin;&quot;;C:\Development_Avecto\apache-maven-3.9.2-bin\apache-maven-3.9.2\bin\bin;&quot;;&quot;;C:\Development_Avecto\apache-maven-3.9.2-bin\apache-maven-3.9.2\bin\bin&quot;;C:\Program Files\Microsoft VS Code\bin;C:\Users\740722\AppData\Local\Android\sdk\tools\bin;C:\Users\740722\AppData\Local\Android\sdk\tools;C:\Users\740722\AppData\Local\Android\sdk\platform-tools;C:\Program Files\nodejs\node_modules\npm\bin;C:\Users\740722\AppData\Roaming\npm\node_modules\appium;C:\Users\740722\AppData\Roaming\npm\node_modules\appium-doctor;C:\Users\740722\AppData\Local\Android\sdk\cmdline-tools;C:\Users\UserName\AppData\Roaming\npm;C:\Program Files\nodejs;C:\Users\740722\flutter\flutter\bin;C:\Program Files\Google\Chrome\Application\chrome.exe;C:\Development_Avecto\apache-maven-3.9.2-bin\apache-maven-3.9.2\bin\bin;C:\Users\740722\AppData\Local\Programs\Git\cmd;C:\Users\740722\AppData\Local\GitHubDesktop\bin;C:\Program Files\Google\Chrome\Application\chrome.exe;;C:\Program Files\JetBrains\PyCharm Community Edition 2023.2\bin;;C:\Users\740722\AppData\Local\JetBrains\IntelliJ IDEA Community Edition 2023.2.1\bin;;."/>
    <property name="java.vendor" value="Oracle Corporation"/>
    <property name="java.vm.info" value="mixed mode"/>
    <property name="java.vm.version" value="11.0.3+12-LTS"/>
    <property name="sun.io.unicode.encoding" value="UnicodeLittle"/>
    <property name="java.class.version" value="55.0"/>
  </properties>
  <testcase name="readFromArray[standard_user, secret_sauce](1)" classname="FrontEnd.SauceDemo.LoginWithDP" time="5.183">
    <failure message="The following asserts failed:&#10;	expected [fasdfads] but found [Swag Labs]" type="java.lang.AssertionError"><![CDATA[java.lang.AssertionError: 
The following asserts failed:
	expected [fasdfads] but found [Swag Labs]
	at org.testng.asserts.SoftAssert.assertAll(SoftAssert.java:47)
	at org.testng.asserts.SoftAssert.assertAll(SoftAssert.java:31)
	at helpers.AssertionsList.assertAll(AssertionsList.java:41)
	at FrontEnd.SauceDemo.LoginWithDP.readFromArray(LoginWithDP.java:78)
	at java.base/jdk.internal.reflect.NativeMethodAccessorImpl.invoke0(Native Method)
	at java.base/jdk.internal.reflect.NativeMethodAccessorImpl.invoke(NativeMethodAccessorImpl.java:62)
	at java.base/jdk.internal.reflect.DelegatingMethodAccessorImpl.invoke(DelegatingMethodAccessorImpl.java:43)
	at java.base/java.lang.reflect.Method.invoke(Method.java:566)
	at org.testng.internal.MethodInvocationHelper.invokeMethod(MethodInvocationHelper.java:133)
	at org.testng.internal.TestInvoker.invokeMethod(TestInvoker.java:598)
	at org.testng.internal.TestInvoker.invokeTestMethod(TestInvoker.java:173)
	at org.testng.internal.MethodRunner.runInSequence(MethodRunner.java:46)
	at org.testng.internal.TestInvoker$MethodInvocationAgent.invoke(TestInvoker.java:824)
	at org.testng.internal.TestInvoker.invokeTestMethods(TestInvoker.java:146)
	at org.testng.internal.TestMethodWorker.invokeTestMethods(TestMethodWorker.java:146)
	at org.testng.internal.TestMethodWorker.run(TestMethodWorker.java:128)
	at java.base/java.util.ArrayList.forEach(ArrayList.java:1540)
	at org.testng.TestRunner.privateRun(TestRunner.java:794)
	at org.testng.TestRunner.run(TestRunner.java:596)
	at org.testng.SuiteRunner.runTest(SuiteRunner.java:377)
	at org.testng.SuiteRunner.runSequentially(SuiteRunner.java:371)
	at org.testng.SuiteRunner.privateRun(SuiteRunner.java:332)
	at org.testng.SuiteRunner.run(SuiteRunner.java:276)
	at org.testng.SuiteRunnerWorker.runSuite(SuiteRunnerWorker.java:53)
	at org.testng.SuiteRunnerWorker.run(SuiteRunnerWorker.java:96)
	at org.testng.TestNG.runSuitesSequentially(TestNG.java:1212)
	at org.testng.TestNG.runSuitesLocally(TestNG.java:1134)
	at org.testng.TestNG.runSuites(TestNG.java:1063)
	at org.testng.TestNG.run(TestNG.java:1031)
	at org.apache.maven.surefire.testng.TestNGExecutor.run(TestNGExecutor.java:308)
	at org.apache.maven.surefire.testng.TestNGXmlTestSuite.execute(TestNGXmlTestSuite.java:71)
	at org.apache.maven.surefire.testng.TestNGProvider.invoke(TestNGProvider.java:113)
	at org.apache.maven.surefire.booter.ForkedBooter.runSuitesInProcess(ForkedBooter.java:385)
	at org.apache.maven.surefire.booter.ForkedBooter.execute(ForkedBooter.java:162)
	at org.apache.maven.surefire.booter.ForkedBooter.run(ForkedBooter.java:507)
	at org.apache.maven.surefire.booter.ForkedBooter.main(ForkedBooter.java:495)
]]></failure>
    <system-out><![CDATA[17:48:56.654 [main] INFO helpers.LoggerHelper -- Starting suite
17:48:56.661 [main] INFO helpers.LoggerHelper -- I am in onStart method from TestNG
17:48:56.661 [main] INFO helpers.LoggerHelper -- # # # # # # # # # # # # # # # # # # # # # # # # # # # #
17:48:56.875 [main] DEBUG io.github.bonigarcia.wdm.WebDriverManager -- Using WebDriverManager 5.5.3
17:48:57.345 [main] DEBUG io.github.bonigarcia.wdm.cache.ResolutionCache -- Resolution chrome=117 in cache (valid until 18:46:45 27/10/2023 CEST)
17:48:57.349 [main] DEBUG io.github.bonigarcia.wdm.cache.ResolutionCache -- Resolution chrome117=117.0.5938.149 in cache (valid until 19:12:20 27/10/2023 CEST)
17:48:57.350 [main] INFO io.github.bonigarcia.wdm.WebDriverManager -- Using chromedriver 117.0.5938.149 (resolved driver for Chrome 117)
17:48:57.421 [main] DEBUG io.github.bonigarcia.wdm.WebDriverManager -- Driver chromedriver 117.0.5938.149 found in cache
17:48:57.422 [main] INFO io.github.bonigarcia.wdm.WebDriverManager -- Exporting webdriver.chrome.driver as C:\Users\740722\.cache\selenium\chromedriver\win64\117.0.5938.149\chromedriver.exe
17:48:57.433 [main] INFO helpers.LoggerHelper -- [BrowserDriver/loadChromeDriver] Connecting to: http://localhost:4444/wd/hub
17:48:57.729 [main] DEBUG io.netty.util.internal.logging.InternalLoggerFactory -- Using SLF4J as the default logging framework
17:48:57.733 [main] DEBUG io.netty.util.ResourceLeakDetector -- -Dio.netty.leakDetection.level: simple
17:48:57.734 [main] DEBUG io.netty.util.ResourceLeakDetector -- -Dio.netty.leakDetection.targetRecords: 4
17:48:57.740 [main] DEBUG io.netty.util.ResourceLeakDetectorFactory -- Loaded default ResourceLeakDetector: io.netty.util.ResourceLeakDetector@64b7225f
17:48:57.779 [main] DEBUG io.netty.util.internal.PlatformDependent0 -- -Dio.netty.noUnsafe: false
17:48:57.780 [main] DEBUG io.netty.util.internal.PlatformDependent0 -- Java version: 11
17:48:57.783 [main] DEBUG io.netty.util.internal.PlatformDependent0 -- sun.misc.Unsafe.theUnsafe: available
17:48:57.785 [main] DEBUG io.netty.util.internal.PlatformDependent0 -- sun.misc.Unsafe.copyMemory: available
17:48:57.785 [main] DEBUG io.netty.util.internal.PlatformDependent0 -- sun.misc.Unsafe.storeFence: available
17:48:57.786 [main] DEBUG io.netty.util.internal.PlatformDependent0 -- java.nio.Buffer.address: available
17:48:57.787 [main] DEBUG io.netty.util.internal.PlatformDependent0 -- direct buffer constructor: unavailable: Reflective setAccessible(true) disabled
17:48:57.788 [main] DEBUG io.netty.util.internal.PlatformDependent0 -- java.nio.Bits.unaligned: available, true
17:48:57.790 [main] DEBUG io.netty.util.internal.PlatformDependent0 -- jdk.internal.misc.Unsafe.allocateUninitializedArray(int): unavailable: class io.netty.util.internal.PlatformDependent0$7 cannot access class jdk.internal.misc.Unsafe (in module java.base) because module java.base does not export jdk.internal.misc to unnamed module @4de4b452
17:48:57.793 [main] DEBUG io.netty.util.internal.PlatformDependent0 -- java.nio.DirectByteBuffer.<init>(long, {int,long}): unavailable
17:48:57.793 [main] DEBUG io.netty.util.internal.PlatformDependent -- sun.misc.Unsafe: available
17:48:57.795 [main] DEBUG io.netty.util.internal.PlatformDependent -- maxDirectMemory: 4255121408 bytes (maybe)
17:48:57.796 [main] DEBUG io.netty.util.internal.PlatformDependent -- -Dio.netty.tmpdir: C:\Users\740722\AppData\Local\Temp\1 (java.io.tmpdir)
17:48:57.796 [main] DEBUG io.netty.util.internal.PlatformDependent -- -Dio.netty.bitMode: 64 (sun.arch.data.model)
17:48:57.796 [main] DEBUG io.netty.util.internal.PlatformDependent -- Platform: Windows
17:48:57.797 [main] DEBUG io.netty.util.internal.PlatformDependent -- -Dio.netty.maxDirectMemory: -1 bytes
17:48:57.797 [main] DEBUG io.netty.util.internal.PlatformDependent -- -Dio.netty.uninitializedArrayAllocationThreshold: -1
17:48:57.799 [main] DEBUG io.netty.util.internal.CleanerJava9 -- java.nio.ByteBuffer.cleaner(): available
17:48:57.799 [main] DEBUG io.netty.util.internal.PlatformDependent -- -Dio.netty.noPreferDirect: false
17:48:57.826 [main] DEBUG io.netty.util.internal.PlatformDependent -- org.jctools-core.MpscChunkedArrayQueue: available
17:48:57.876 [main] DEBUG io.netty.util.internal.InternalThreadLocalMap -- -Dio.netty.threadLocalMap.stringBuilder.initialSize: 1024
17:48:57.877 [main] DEBUG io.netty.util.internal.InternalThreadLocalMap -- -Dio.netty.threadLocalMap.stringBuilder.maxSize: 4096
17:48:57.969 [main] DEBUG io.netty.handler.ssl.JdkSslContext -- Default protocols (JDK): [TLSv1.3, TLSv1.2, TLSv1.1, TLSv1] 
17:48:57.969 [main] DEBUG io.netty.handler.ssl.JdkSslContext -- Default cipher suites (JDK): [TLS_ECDHE_ECDSA_WITH_AES_256_GCM_SHA384, TLS_ECDHE_ECDSA_WITH_AES_128_GCM_SHA256, TLS_ECDHE_RSA_WITH_AES_128_GCM_SHA256, TLS_ECDHE_RSA_WITH_AES_256_GCM_SHA384, TLS_ECDHE_RSA_WITH_AES_128_CBC_SHA, TLS_ECDHE_RSA_WITH_AES_256_CBC_SHA, TLS_RSA_WITH_AES_128_GCM_SHA256, TLS_RSA_WITH_AES_128_CBC_SHA, TLS_RSA_WITH_AES_256_CBC_SHA, TLS_AES_128_GCM_SHA256, TLS_AES_256_GCM_SHA384]
17:48:57.996 [main] DEBUG io.netty.util.concurrent.GlobalEventExecutor -- -Dio.netty.globalEventExecutor.quietPeriodSeconds: 1
17:48:58.023 [main] DEBUG io.netty.channel.MultithreadEventLoopGroup -- -Dio.netty.eventLoopThreads: 16
17:48:58.038 [main] DEBUG io.netty.channel.nio.NioEventLoop -- -Dio.netty.noKeySetOptimization: false
17:48:58.038 [main] DEBUG io.netty.channel.nio.NioEventLoop -- -Dio.netty.selectorAutoRebuildThreshold: 512
17:48:58.116 [main] DEBUG io.netty.buffer.PooledByteBufAllocator -- -Dio.netty.allocator.numHeapArenas: 16
17:48:58.116 [main] DEBUG io.netty.buffer.PooledByteBufAllocator -- -Dio.netty.allocator.numDirectArenas: 16
17:48:58.116 [main] DEBUG io.netty.buffer.PooledByteBufAllocator -- -Dio.netty.allocator.pageSize: 8192
17:48:58.116 [main] DEBUG io.netty.buffer.PooledByteBufAllocator -- -Dio.netty.allocator.maxOrder: 9
17:48:58.117 [main] DEBUG io.netty.buffer.PooledByteBufAllocator -- -Dio.netty.allocator.chunkSize: 4194304
17:48:58.117 [main] DEBUG io.netty.buffer.PooledByteBufAllocator -- -Dio.netty.allocator.smallCacheSize: 256
17:48:58.117 [main] DEBUG io.netty.buffer.PooledByteBufAllocator -- -Dio.netty.allocator.normalCacheSize: 64
17:48:58.117 [main] DEBUG io.netty.buffer.PooledByteBufAllocator -- -Dio.netty.allocator.maxCachedBufferCapacity: 32768
17:48:58.117 [main] DEBUG io.netty.buffer.PooledByteBufAllocator -- -Dio.netty.allocator.cacheTrimInterval: 8192
17:48:58.117 [main] DEBUG io.netty.buffer.PooledByteBufAllocator -- -Dio.netty.allocator.cacheTrimIntervalMillis: 0
17:48:58.117 [main] DEBUG io.netty.buffer.PooledByteBufAllocator -- -Dio.netty.allocator.useCacheForAllThreads: false
17:48:58.117 [main] DEBUG io.netty.buffer.PooledByteBufAllocator -- -Dio.netty.allocator.maxCachedByteBuffersPerChunk: 1023
17:48:58.139 [main] DEBUG io.netty.buffer.ByteBufUtil -- -Dio.netty.allocator.type: pooled
17:48:58.140 [main] DEBUG io.netty.buffer.ByteBufUtil -- -Dio.netty.threadLocalDirectBufferSize: 0
17:48:58.140 [main] DEBUG io.netty.buffer.ByteBufUtil -- -Dio.netty.maxThreadLocalCharBufferSize: 16384
17:48:58.558 [Forwarding newSession on session null to remote] DEBUG io.netty.channel.DefaultChannelId -- -Dio.netty.processId: 18068 (auto-detected)
17:48:58.561 [Forwarding newSession on session null to remote] DEBUG io.netty.util.NetUtil -- -Djava.net.preferIPv4Stack: false
17:48:58.562 [Forwarding newSession on session null to remote] DEBUG io.netty.util.NetUtil -- -Djava.net.preferIPv6Addresses: false
17:48:59.128 [Forwarding newSession on session null to remote] DEBUG io.netty.util.NetUtilInitializations -- Loopback interface: lo (Software Loopback Interface 1, 127.0.0.1)
17:48:59.129 [Forwarding newSession on session null to remote] DEBUG io.netty.util.NetUtil -- Failed to get SOMAXCONN from sysctl and file \proc\sys\net\core\somaxconn. Default: 200
17:48:59.165 [Forwarding newSession on session null to remote] DEBUG io.netty.channel.DefaultChannelId -- -Dio.netty.machineId: 00:05:9a:ff:fe:3c:7a:00 (auto-detected)
17:48:59.239 [AsyncHttpClient-1-2] DEBUG io.netty.buffer.AbstractByteBuf -- -Dio.netty.buffer.checkAccessible: true
17:48:59.239 [AsyncHttpClient-1-2] DEBUG io.netty.buffer.AbstractByteBuf -- -Dio.netty.buffer.checkBounds: true
17:48:59.239 [AsyncHttpClient-1-2] DEBUG io.netty.util.ResourceLeakDetectorFactory -- Loaded default ResourceLeakDetector: io.netty.util.ResourceLeakDetector@1f87276a
17:48:59.274 [AsyncHttpClient-1-2] DEBUG org.asynchttpclient.netty.channel.NettyConnectListener -- Using new Channel '[id: 0x020b4601, L:/127.0.0.1:63420 - R:localhost/127.0.0.1:4444]' for 'POST' to '/wd/hub/session'
17:48:59.355 [AsyncHttpClient-1-2] DEBUG io.netty.util.Recycler -- -Dio.netty.recycler.maxCapacityPerThread: 4096
17:48:59.356 [AsyncHttpClient-1-2] DEBUG io.netty.util.Recycler -- -Dio.netty.recycler.ratio: 8
17:48:59.356 [AsyncHttpClient-1-2] DEBUG io.netty.util.Recycler -- -Dio.netty.recycler.chunkSize: 32
17:48:59.356 [AsyncHttpClient-1-2] DEBUG io.netty.util.Recycler -- -Dio.netty.recycler.blocking: false
17:48:59.356 [AsyncHttpClient-1-2] DEBUG io.netty.util.Recycler -- -Dio.netty.recycler.batchFastThreadLocalOnly: true
17:49:03.532 [AsyncHttpClient-1-2] DEBUG io.netty.handler.codec.compression.Brotli -- brotli4j not in the classpath; Brotli support will be unavailable.
17:49:03.533 [AsyncHttpClient-1-2] DEBUG org.asynchttpclient.netty.handler.HttpHandler -- 

Request DefaultHttpRequest(decodeResult: success, version: HTTP/1.1)
POST /wd/hub/session HTTP/1.1
traceparent: 00-1133e5c6498ddfa4d5ac818d2991aaee-c415602eb4cf092e-01
User-Agent: selenium/4.13.0 (java windows)
Content-Length: 254
Content-Type: application/json; charset=utf-8
host: localhost:4444
accept: */*

Response DefaultHttpResponse(decodeResult: success, version: HTTP/1.1)
HTTP/1.1 200 OK
content-length: 1496
Cache-Control: no-cache
Content-Type: application/json; charset=utf-8

17:49:03.546 [AsyncHttpClient-1-2] DEBUG org.asynchttpclient.netty.channel.ChannelManager -- Adding key: http://localhost:4444 for channel [id: 0x020b4601, L:/127.0.0.1:63420 - R:localhost/127.0.0.1:4444]
17:49:03.687 [Forwarding setCurrentWindowSize on session 7ba8ff3bf30367aad55a4e3910d5e455 to remote] DEBUG org.asynchttpclient.netty.request.NettyRequestSender -- Using pooled Channel '[id: 0x020b4601, L:/127.0.0.1:63420 - R:localhost/127.0.0.1:4444]' for 'POST' to 'http://localhost:4444/wd/hub/session/7ba8ff3bf30367aad55a4e3910d5e455/window/rect'
17:49:03.687 [Forwarding setCurrentWindowSize on session 7ba8ff3bf30367aad55a4e3910d5e455 to remote] DEBUG org.asynchttpclient.netty.request.NettyRequestSender -- Using open Channel [id: 0x020b4601, L:/127.0.0.1:63420 - R:localhost/127.0.0.1:4444] for POST '/wd/hub/session/7ba8ff3bf30367aad55a4e3910d5e455/window/rect'
17:49:03.896 [AsyncHttpClient-1-2] DEBUG org.asynchttpclient.netty.handler.HttpHandler -- 

Request DefaultHttpRequest(decodeResult: success, version: HTTP/1.1)
POST /wd/hub/session/7ba8ff3bf30367aad55a4e3910d5e455/window/rect HTTP/1.1
traceparent: 00-4e774508657de78c29bc6b9ed65f0b98-661f099972f1adff-01
User-Agent: selenium/4.13.0 (java windows)
Content-Length: 37
Content-Type: application/json; charset=utf-8
host: localhost:4444
accept: */*

Response DefaultHttpResponse(decodeResult: success, version: HTTP/1.1)
HTTP/1.1 200 OK
content-length: 52
content-type: application/json; charset=utf-8
cache-control: no-cache

17:49:03.896 [AsyncHttpClient-1-2] DEBUG org.asynchttpclient.netty.channel.ChannelManager -- Adding key: http://localhost:4444 for channel [id: 0x020b4601, L:/127.0.0.1:63420 - R:localhost/127.0.0.1:4444]
17:49:03.959 [main] INFO helpers.LoggerHelper -- @Test: readFromArray
17:49:03.960 [main] INFO helpers.LoggerHelper -- Description: Trying to read data from an array object
17:49:03.960 [main] INFO helpers.LoggerHelper -- ######################################################################################
17:49:03.981 [Forwarding get on session 7ba8ff3bf30367aad55a4e3910d5e455 to remote] DEBUG org.asynchttpclient.netty.request.NettyRequestSender -- Using pooled Channel '[id: 0x020b4601, L:/127.0.0.1:63420 - R:localhost/127.0.0.1:4444]' for 'POST' to 'http://localhost:4444/wd/hub/session/7ba8ff3bf30367aad55a4e3910d5e455/url'
17:49:03.981 [Forwarding get on session 7ba8ff3bf30367aad55a4e3910d5e455 to remote] DEBUG org.asynchttpclient.netty.request.NettyRequestSender -- Using open Channel [id: 0x020b4601, L:/127.0.0.1:63420 - R:localhost/127.0.0.1:4444] for POST '/wd/hub/session/7ba8ff3bf30367aad55a4e3910d5e455/url'
17:49:05.303 [AsyncHttpClient-1-2] DEBUG org.asynchttpclient.netty.handler.HttpHandler -- 

Request DefaultHttpRequest(decodeResult: success, version: HTTP/1.1)
POST /wd/hub/session/7ba8ff3bf30367aad55a4e3910d5e455/url HTTP/1.1
traceparent: 00-9f7c9ee8463e0ca60cb39dc01de49247-98b7b827c50b1a9a-01
User-Agent: selenium/4.13.0 (java windows)
Content-Length: 43
Content-Type: application/json; charset=utf-8
host: localhost:4444
accept: */*

Response DefaultHttpResponse(decodeResult: success, version: HTTP/1.1)
HTTP/1.1 200 OK
content-length: 14
content-type: application/json; charset=utf-8
cache-control: no-cache

17:49:05.304 [AsyncHttpClient-1-2] DEBUG org.asynchttpclient.netty.channel.ChannelManager -- Adding key: http://localhost:4444 for channel [id: 0x020b4601, L:/127.0.0.1:63420 - R:localhost/127.0.0.1:4444]
17:49:05.316 [Forwarding findElement on session 7ba8ff3bf30367aad55a4e3910d5e455 to remote] DEBUG org.asynchttpclient.netty.request.NettyRequestSender -- Using pooled Channel '[id: 0x020b4601, L:/127.0.0.1:63420 - R:localhost/127.0.0.1:4444]' for 'POST' to 'http://localhost:4444/wd/hub/session/7ba8ff3bf30367aad55a4e3910d5e455/element'
17:49:05.316 [Forwarding findElement on session 7ba8ff3bf30367aad55a4e3910d5e455 to remote] DEBUG org.asynchttpclient.netty.request.NettyRequestSender -- Using open Channel [id: 0x020b4601, L:/127.0.0.1:63420 - R:localhost/127.0.0.1:4444] for POST '/wd/hub/session/7ba8ff3bf30367aad55a4e3910d5e455/element'
17:49:05.427 [AsyncHttpClient-1-2] DEBUG org.asynchttpclient.netty.handler.HttpHandler -- 

Request DefaultHttpRequest(decodeResult: success, version: HTTP/1.1)
POST /wd/hub/session/7ba8ff3bf30367aad55a4e3910d5e455/element HTTP/1.1
traceparent: 00-c248baac0bb44a5cc37ed12b66bd367f-ee3569a57a51db5e-01
User-Agent: selenium/4.13.0 (java windows)
Content-Length: 56
Content-Type: application/json; charset=utf-8
host: localhost:4444
accept: */*

Response DefaultHttpResponse(decodeResult: success, version: HTTP/1.1)
HTTP/1.1 200 OK
content-length: 94
content-type: application/json; charset=utf-8
cache-control: no-cache

17:49:05.427 [AsyncHttpClient-1-2] DEBUG org.asynchttpclient.netty.channel.ChannelManager -- Adding key: http://localhost:4444 for channel [id: 0x020b4601, L:/127.0.0.1:63420 - R:localhost/127.0.0.1:4444]
17:49:05.459 [Forwarding isElementDisplayed on session 7ba8ff3bf30367aad55a4e3910d5e455 to remote] DEBUG org.asynchttpclient.netty.request.NettyRequestSender -- Using pooled Channel '[id: 0x020b4601, L:/127.0.0.1:63420 - R:localhost/127.0.0.1:4444]' for 'POST' to 'http://localhost:4444/wd/hub/session/7ba8ff3bf30367aad55a4e3910d5e455/execute/sync'
17:49:05.459 [Forwarding isElementDisplayed on session 7ba8ff3bf30367aad55a4e3910d5e455 to remote] DEBUG org.asynchttpclient.netty.request.NettyRequestSender -- Using open Channel [id: 0x020b4601, L:/127.0.0.1:63420 - R:localhost/127.0.0.1:4444] for POST '/wd/hub/session/7ba8ff3bf30367aad55a4e3910d5e455/execute/sync'
17:49:05.579 [AsyncHttpClient-1-2] DEBUG org.asynchttpclient.netty.handler.HttpHandler -- 

Request DefaultHttpRequest(decodeResult: success, version: HTTP/1.1)
POST /wd/hub/session/7ba8ff3bf30367aad55a4e3910d5e455/execute/sync HTTP/1.1
traceparent: 00-3fc8d6ea14320064759f9dc7881bd87c-aae04bee72842bf3-01
User-Agent: selenium/4.13.0 (java windows)
Content-Length: 48813
Content-Type: application/json; charset=utf-8
host: localhost:4444
accept: */*

Response DefaultHttpResponse(decodeResult: success, version: HTTP/1.1)
HTTP/1.1 200 OK
content-length: 14
content-type: application/json; charset=utf-8
cache-control: no-cache

17:49:05.581 [AsyncHttpClient-1-2] DEBUG org.asynchttpclient.netty.channel.ChannelManager -- Adding key: http://localhost:4444 for channel [id: 0x020b4601, L:/127.0.0.1:63420 - R:localhost/127.0.0.1:4444]
17:49:05.585 [Forwarding findElement on session 7ba8ff3bf30367aad55a4e3910d5e455 to remote] DEBUG org.asynchttpclient.netty.request.NettyRequestSender -- Using pooled Channel '[id: 0x020b4601, L:/127.0.0.1:63420 - R:localhost/127.0.0.1:4444]' for 'POST' to 'http://localhost:4444/wd/hub/session/7ba8ff3bf30367aad55a4e3910d5e455/element'
17:49:05.586 [Forwarding findElement on session 7ba8ff3bf30367aad55a4e3910d5e455 to remote] DEBUG org.asynchttpclient.netty.request.NettyRequestSender -- Using open Channel [id: 0x020b4601, L:/127.0.0.1:63420 - R:localhost/127.0.0.1:4444] for POST '/wd/hub/session/7ba8ff3bf30367aad55a4e3910d5e455/element'
17:49:05.677 [AsyncHttpClient-1-2] DEBUG org.asynchttpclient.netty.handler.HttpHandler -- 

Request DefaultHttpRequest(decodeResult: success, version: HTTP/1.1)
POST /wd/hub/session/7ba8ff3bf30367aad55a4e3910d5e455/element HTTP/1.1
traceparent: 00-63cb4173f91211965c7f24787cd1dc26-f3200a98d85404d5-01
User-Agent: selenium/4.13.0 (java windows)
Content-Length: 56
Content-Type: application/json; charset=utf-8
host: localhost:4444
accept: */*

Response DefaultHttpResponse(decodeResult: success, version: HTTP/1.1)
HTTP/1.1 200 OK
content-length: 94
content-type: application/json; charset=utf-8
cache-control: no-cache

17:49:05.677 [AsyncHttpClient-1-2] DEBUG org.asynchttpclient.netty.channel.ChannelManager -- Adding key: http://localhost:4444 for channel [id: 0x020b4601, L:/127.0.0.1:63420 - R:localhost/127.0.0.1:4444]
17:49:05.685 [Forwarding sendKeysToElement on session 7ba8ff3bf30367aad55a4e3910d5e455 to remote] DEBUG org.asynchttpclient.netty.request.NettyRequestSender -- Using pooled Channel '[id: 0x020b4601, L:/127.0.0.1:63420 - R:localhost/127.0.0.1:4444]' for 'POST' to 'http://localhost:4444/wd/hub/session/7ba8ff3bf30367aad55a4e3910d5e455/element/A58C181618818C893261E25B5565D6B4_element_8/value'
17:49:05.685 [Forwarding sendKeysToElement on session 7ba8ff3bf30367aad55a4e3910d5e455 to remote] DEBUG org.asynchttpclient.netty.request.NettyRequestSender -- Using open Channel [id: 0x020b4601, L:/127.0.0.1:63420 - R:localhost/127.0.0.1:4444] for POST '/wd/hub/session/7ba8ff3bf30367aad55a4e3910d5e455/element/A58C181618818C893261E25B5565D6B4_element_8/value'
17:49:05.922 [AsyncHttpClient-1-2] DEBUG org.asynchttpclient.netty.handler.HttpHandler -- 

Request DefaultHttpRequest(decodeResult: success, version: HTTP/1.1)
POST /wd/hub/session/7ba8ff3bf30367aad55a4e3910d5e455/element/A58C181618818C893261E25B5565D6B4_element_8/value HTTP/1.1
traceparent: 00-bd5f6b048eebdc1aec5b18831dde1024-f614f6e0be31d211-01
User-Agent: selenium/4.13.0 (java windows)
Content-Length: 217
Content-Type: application/json; charset=utf-8
host: localhost:4444
accept: */*

Response DefaultHttpResponse(decodeResult: success, version: HTTP/1.1)
HTTP/1.1 200 OK
content-length: 14
content-type: application/json; charset=utf-8
cache-control: no-cache

17:49:05.922 [AsyncHttpClient-1-2] DEBUG org.asynchttpclient.netty.channel.ChannelManager -- Adding key: http://localhost:4444 for channel [id: 0x020b4601, L:/127.0.0.1:63420 - R:localhost/127.0.0.1:4444]
17:49:05.925 [Forwarding findElement on session 7ba8ff3bf30367aad55a4e3910d5e455 to remote] DEBUG org.asynchttpclient.netty.request.NettyRequestSender -- Using pooled Channel '[id: 0x020b4601, L:/127.0.0.1:63420 - R:localhost/127.0.0.1:4444]' for 'POST' to 'http://localhost:4444/wd/hub/session/7ba8ff3bf30367aad55a4e3910d5e455/element'
17:49:05.925 [Forwarding findElement on session 7ba8ff3bf30367aad55a4e3910d5e455 to remote] DEBUG org.asynchttpclient.netty.request.NettyRequestSender -- Using open Channel [id: 0x020b4601, L:/127.0.0.1:63420 - R:localhost/127.0.0.1:4444] for POST '/wd/hub/session/7ba8ff3bf30367aad55a4e3910d5e455/element'
17:49:05.994 [AsyncHttpClient-1-2] DEBUG org.asynchttpclient.netty.handler.HttpHandler -- 

Request DefaultHttpRequest(decodeResult: success, version: HTTP/1.1)
POST /wd/hub/session/7ba8ff3bf30367aad55a4e3910d5e455/element HTTP/1.1
traceparent: 00-b32ef515e70d53f6415aa76385d30b5c-31862b83a3328c2c-01
User-Agent: selenium/4.13.0 (java windows)
Content-Length: 56
Content-Type: application/json; charset=utf-8
host: localhost:4444
accept: */*

Response DefaultHttpResponse(decodeResult: success, version: HTTP/1.1)
HTTP/1.1 200 OK
content-length: 94
content-type: application/json; charset=utf-8
cache-control: no-cache

17:49:05.994 [AsyncHttpClient-1-2] DEBUG org.asynchttpclient.netty.channel.ChannelManager -- Adding key: http://localhost:4444 for channel [id: 0x020b4601, L:/127.0.0.1:63420 - R:localhost/127.0.0.1:4444]
17:49:06.003 [Forwarding getElementAttribute on session 7ba8ff3bf30367aad55a4e3910d5e455 to remote] DEBUG org.asynchttpclient.netty.request.NettyRequestSender -- Using pooled Channel '[id: 0x020b4601, L:/127.0.0.1:63420 - R:localhost/127.0.0.1:4444]' for 'POST' to 'http://localhost:4444/wd/hub/session/7ba8ff3bf30367aad55a4e3910d5e455/execute/sync'
17:49:06.003 [Forwarding getElementAttribute on session 7ba8ff3bf30367aad55a4e3910d5e455 to remote] DEBUG org.asynchttpclient.netty.request.NettyRequestSender -- Using open Channel [id: 0x020b4601, L:/127.0.0.1:63420 - R:localhost/127.0.0.1:4444] for POST '/wd/hub/session/7ba8ff3bf30367aad55a4e3910d5e455/execute/sync'
17:49:06.074 [AsyncHttpClient-1-2] DEBUG org.asynchttpclient.netty.handler.HttpHandler -- 

Request DefaultHttpRequest(decodeResult: success, version: HTTP/1.1)
POST /wd/hub/session/7ba8ff3bf30367aad55a4e3910d5e455/execute/sync HTTP/1.1
traceparent: 00-af9d11a5ea004d19cf6e8ac0f95c3ad3-224413edd087ae6b-01
User-Agent: selenium/4.13.0 (java windows)
Content-Length: 47378
Content-Type: application/json; charset=utf-8
host: localhost:4444
accept: */*

Response DefaultHttpResponse(decodeResult: success, version: HTTP/1.1)
HTTP/1.1 200 OK
content-length: 223
content-type: application/json; charset=utf-8
cache-control: no-cache

17:49:06.074 [AsyncHttpClient-1-2] DEBUG org.asynchttpclient.netty.channel.ChannelManager -- Adding key: http://localhost:4444 for channel [id: 0x020b4601, L:/127.0.0.1:63420 - R:localhost/127.0.0.1:4444]
17:49:06.079 [Forwarding getElementAttribute on session 7ba8ff3bf30367aad55a4e3910d5e455 to remote] DEBUG org.asynchttpclient.netty.request.NettyRequestSender -- Using pooled Channel '[id: 0x020b4601, L:/127.0.0.1:63420 - R:localhost/127.0.0.1:4444]' for 'POST' to 'http://localhost:4444/wd/hub/session/7ba8ff3bf30367aad55a4e3910d5e455/execute/sync'
17:49:06.079 [Forwarding getElementAttribute on session 7ba8ff3bf30367aad55a4e3910d5e455 to remote] DEBUG org.asynchttpclient.netty.request.NettyRequestSender -- Using open Channel [id: 0x020b4601, L:/127.0.0.1:63420 - R:localhost/127.0.0.1:4444] for POST '/wd/hub/session/7ba8ff3bf30367aad55a4e3910d5e455/execute/sync'
17:49:06.170 [AsyncHttpClient-1-2] DEBUG org.asynchttpclient.netty.handler.HttpHandler -- 

Request DefaultHttpRequest(decodeResult: success, version: HTTP/1.1)
POST /wd/hub/session/7ba8ff3bf30367aad55a4e3910d5e455/execute/sync HTTP/1.1
traceparent: 00-67121c48dcd13db1d40a5598602a94bd-1200023696001ac4-01
User-Agent: selenium/4.13.0 (java windows)
Content-Length: 47374
Content-Type: application/json; charset=utf-8
host: localhost:4444
accept: */*

Response DefaultHttpResponse(decodeResult: success, version: HTTP/1.1)
HTTP/1.1 200 OK
content-length: 34
content-type: application/json; charset=utf-8
cache-control: no-cache

17:49:06.171 [AsyncHttpClient-1-2] DEBUG org.asynchttpclient.netty.channel.ChannelManager -- Adding key: http://localhost:4444 for channel [id: 0x020b4601, L:/127.0.0.1:63420 - R:localhost/127.0.0.1:4444]
17:49:06.178 [Forwarding getElementAttribute on session 7ba8ff3bf30367aad55a4e3910d5e455 to remote] DEBUG org.asynchttpclient.netty.request.NettyRequestSender -- Using pooled Channel '[id: 0x020b4601, L:/127.0.0.1:63420 - R:localhost/127.0.0.1:4444]' for 'POST' to 'http://localhost:4444/wd/hub/session/7ba8ff3bf30367aad55a4e3910d5e455/execute/sync'
17:49:06.178 [Forwarding getElementAttribute on session 7ba8ff3bf30367aad55a4e3910d5e455 to remote] DEBUG org.asynchttpclient.netty.request.NettyRequestSender -- Using open Channel [id: 0x020b4601, L:/127.0.0.1:63420 - R:localhost/127.0.0.1:4444] for POST '/wd/hub/session/7ba8ff3bf30367aad55a4e3910d5e455/execute/sync'
17:49:06.238 [AsyncHttpClient-1-2] DEBUG org.asynchttpclient.netty.handler.HttpHandler -- 

Request DefaultHttpRequest(decodeResult: success, version: HTTP/1.1)
POST /wd/hub/session/7ba8ff3bf30367aad55a4e3910d5e455/execute/sync HTTP/1.1
traceparent: 00-728d9b54f5a1edcc238983a2a817c1e9-de3d9a70ced7befc-01
User-Agent: selenium/4.13.0 (java windows)
Content-Length: 47380
Content-Type: application/json; charset=utf-8
host: localhost:4444
accept: */*

Response DefaultHttpResponse(decodeResult: success, version: HTTP/1.1)
HTTP/1.1 200 OK
content-length: 20
content-type: application/json; charset=utf-8
cache-control: no-cache

17:49:06.239 [AsyncHttpClient-1-2] DEBUG org.asynchttpclient.netty.channel.ChannelManager -- Adding key: http://localhost:4444 for channel [id: 0x020b4601, L:/127.0.0.1:63420 - R:localhost/127.0.0.1:4444]
17:49:06.242 [Forwarding getElementAttribute on session 7ba8ff3bf30367aad55a4e3910d5e455 to remote] DEBUG org.asynchttpclient.netty.request.NettyRequestSender -- Using pooled Channel '[id: 0x020b4601, L:/127.0.0.1:63420 - R:localhost/127.0.0.1:4444]' for 'POST' to 'http://localhost:4444/wd/hub/session/7ba8ff3bf30367aad55a4e3910d5e455/execute/sync'
17:49:06.242 [Forwarding getElementAttribute on session 7ba8ff3bf30367aad55a4e3910d5e455 to remote] DEBUG org.asynchttpclient.netty.request.NettyRequestSender -- Using open Channel [id: 0x020b4601, L:/127.0.0.1:63420 - R:localhost/127.0.0.1:4444] for POST '/wd/hub/session/7ba8ff3bf30367aad55a4e3910d5e455/execute/sync'
17:49:06.315 [AsyncHttpClient-1-2] DEBUG org.asynchttpclient.netty.handler.HttpHandler -- 

Request DefaultHttpRequest(decodeResult: success, version: HTTP/1.1)
POST /wd/hub/session/7ba8ff3bf30367aad55a4e3910d5e455/execute/sync HTTP/1.1
traceparent: 00-98d47d3db0299b6e676d0681aee52627-8ea71eabdb1739ae-01
User-Agent: selenium/4.13.0 (java windows)
Content-Length: 47373
Content-Type: application/json; charset=utf-8
host: localhost:4444
accept: */*

Response DefaultHttpResponse(decodeResult: success, version: HTTP/1.1)
HTTP/1.1 200 OK
content-length: 16
content-type: application/json; charset=utf-8
cache-control: no-cache

17:49:06.316 [AsyncHttpClient-1-2] DEBUG org.asynchttpclient.netty.channel.ChannelManager -- Adding key: http://localhost:4444 for channel [id: 0x020b4601, L:/127.0.0.1:63420 - R:localhost/127.0.0.1:4444]
17:49:06.319 [Forwarding getElementAttribute on session 7ba8ff3bf30367aad55a4e3910d5e455 to remote] DEBUG org.asynchttpclient.netty.request.NettyRequestSender -- Using pooled Channel '[id: 0x020b4601, L:/127.0.0.1:63420 - R:localhost/127.0.0.1:4444]' for 'POST' to 'http://localhost:4444/wd/hub/session/7ba8ff3bf30367aad55a4e3910d5e455/execute/sync'
17:49:06.319 [Forwarding getElementAttribute on session 7ba8ff3bf30367aad55a4e3910d5e455 to remote] DEBUG org.asynchttpclient.netty.request.NettyRequestSender -- Using open Channel [id: 0x020b4601, L:/127.0.0.1:63420 - R:localhost/127.0.0.1:4444] for POST '/wd/hub/session/7ba8ff3bf30367aad55a4e3910d5e455/execute/sync'
17:49:06.376 [AsyncHttpClient-1-2] DEBUG org.asynchttpclient.netty.handler.HttpHandler -- 

Request DefaultHttpRequest(decodeResult: success, version: HTTP/1.1)
POST /wd/hub/session/7ba8ff3bf30367aad55a4e3910d5e455/execute/sync HTTP/1.1
traceparent: 00-f4673d86999b1ddaa6d3bddd7ac54f09-46dddbc6b41ec212-01
User-Agent: selenium/4.13.0 (java windows)
Content-Length: 47378
Content-Type: application/json; charset=utf-8
host: localhost:4444
accept: */*

Response DefaultHttpResponse(decodeResult: success, version: HTTP/1.1)
HTTP/1.1 200 OK
content-length: 20
content-type: application/json; charset=utf-8
cache-control: no-cache

17:49:06.377 [AsyncHttpClient-1-2] DEBUG org.asynchttpclient.netty.channel.ChannelManager -- Adding key: http://localhost:4444 for channel [id: 0x020b4601, L:/127.0.0.1:63420 - R:localhost/127.0.0.1:4444]
17:49:06.381 [Forwarding getElementAttribute on session 7ba8ff3bf30367aad55a4e3910d5e455 to remote] DEBUG org.asynchttpclient.netty.request.NettyRequestSender -- Using pooled Channel '[id: 0x020b4601, L:/127.0.0.1:63420 - R:localhost/127.0.0.1:4444]' for 'POST' to 'http://localhost:4444/wd/hub/session/7ba8ff3bf30367aad55a4e3910d5e455/execute/sync'
17:49:06.381 [Forwarding getElementAttribute on session 7ba8ff3bf30367aad55a4e3910d5e455 to remote] DEBUG org.asynchttpclient.netty.request.NettyRequestSender -- Using open Channel [id: 0x020b4601, L:/127.0.0.1:63420 - R:localhost/127.0.0.1:4444] for POST '/wd/hub/session/7ba8ff3bf30367aad55a4e3910d5e455/execute/sync'
17:49:06.452 [AsyncHttpClient-1-2] DEBUG org.asynchttpclient.netty.handler.HttpHandler -- 

Request DefaultHttpRequest(decodeResult: success, version: HTTP/1.1)
POST /wd/hub/session/7ba8ff3bf30367aad55a4e3910d5e455/execute/sync HTTP/1.1
traceparent: 00-380d2d485b1c712df274c9ba7df90c12-1140f061951c8951-01
User-Agent: selenium/4.13.0 (java windows)
Content-Length: 47371
Content-Type: application/json; charset=utf-8
host: localhost:4444
accept: */*

Response DefaultHttpResponse(decodeResult: success, version: HTTP/1.1)
HTTP/1.1 200 OK
content-length: 21
content-type: application/json; charset=utf-8
cache-control: no-cache

17:49:06.453 [AsyncHttpClient-1-2] DEBUG org.asynchttpclient.netty.channel.ChannelManager -- Adding key: http://localhost:4444 for channel [id: 0x020b4601, L:/127.0.0.1:63420 - R:localhost/127.0.0.1:4444]
17:49:06.456 [Forwarding getElementAttribute on session 7ba8ff3bf30367aad55a4e3910d5e455 to remote] DEBUG org.asynchttpclient.netty.request.NettyRequestSender -- Using pooled Channel '[id: 0x020b4601, L:/127.0.0.1:63420 - R:localhost/127.0.0.1:4444]' for 'POST' to 'http://localhost:4444/wd/hub/session/7ba8ff3bf30367aad55a4e3910d5e455/execute/sync'
17:49:06.456 [Forwarding getElementAttribute on session 7ba8ff3bf30367aad55a4e3910d5e455 to remote] DEBUG org.asynchttpclient.netty.request.NettyRequestSender -- Using open Channel [id: 0x020b4601, L:/127.0.0.1:63420 - R:localhost/127.0.0.1:4444] for POST '/wd/hub/session/7ba8ff3bf30367aad55a4e3910d5e455/execute/sync'
17:49:06.520 [AsyncHttpClient-1-2] DEBUG org.asynchttpclient.netty.handler.HttpHandler -- 

Request DefaultHttpRequest(decodeResult: success, version: HTTP/1.1)
POST /wd/hub/session/7ba8ff3bf30367aad55a4e3910d5e455/execute/sync HTTP/1.1
traceparent: 00-1b2af90460b8bf9b3b96f5ccc2e1b840-2e026e08da22f36d-01
User-Agent: selenium/4.13.0 (java windows)
Content-Length: 47373
Content-Type: application/json; charset=utf-8
host: localhost:4444
accept: */*

Response DefaultHttpResponse(decodeResult: success, version: HTTP/1.1)
HTTP/1.1 200 OK
content-length: 21
content-type: application/json; charset=utf-8
cache-control: no-cache

17:49:06.520 [AsyncHttpClient-1-2] DEBUG org.asynchttpclient.netty.channel.ChannelManager -- Adding key: http://localhost:4444 for channel [id: 0x020b4601, L:/127.0.0.1:63420 - R:localhost/127.0.0.1:4444]
17:49:06.525 [Forwarding getElementAttribute on session 7ba8ff3bf30367aad55a4e3910d5e455 to remote] DEBUG org.asynchttpclient.netty.request.NettyRequestSender -- Using pooled Channel '[id: 0x020b4601, L:/127.0.0.1:63420 - R:localhost/127.0.0.1:4444]' for 'POST' to 'http://localhost:4444/wd/hub/session/7ba8ff3bf30367aad55a4e3910d5e455/execute/sync'
17:49:06.526 [Forwarding getElementAttribute on session 7ba8ff3bf30367aad55a4e3910d5e455 to remote] DEBUG org.asynchttpclient.netty.request.NettyRequestSender -- Using open Channel [id: 0x020b4601, L:/127.0.0.1:63420 - R:localhost/127.0.0.1:4444] for POST '/wd/hub/session/7ba8ff3bf30367aad55a4e3910d5e455/execute/sync'
17:49:06.579 [AsyncHttpClient-1-2] DEBUG org.asynchttpclient.netty.handler.HttpHandler -- 

Request DefaultHttpRequest(decodeResult: success, version: HTTP/1.1)
POST /wd/hub/session/7ba8ff3bf30367aad55a4e3910d5e455/execute/sync HTTP/1.1
traceparent: 00-ae706372d38620dba766ffcb2bbf6d99-3934ae487643da28-01
User-Agent: selenium/4.13.0 (java windows)
Content-Length: 47380
Content-Type: application/json; charset=utf-8
host: localhost:4444
accept: */*

Response DefaultHttpResponse(decodeResult: success, version: HTTP/1.1)
HTTP/1.1 200 OK
content-length: 15
content-type: application/json; charset=utf-8
cache-control: no-cache

17:49:06.579 [AsyncHttpClient-1-2] DEBUG org.asynchttpclient.netty.channel.ChannelManager -- Adding key: http://localhost:4444 for channel [id: 0x020b4601, L:/127.0.0.1:63420 - R:localhost/127.0.0.1:4444]
17:49:06.582 [Forwarding getElementAttribute on session 7ba8ff3bf30367aad55a4e3910d5e455 to remote] DEBUG org.asynchttpclient.netty.request.NettyRequestSender -- Using pooled Channel '[id: 0x020b4601, L:/127.0.0.1:63420 - R:localhost/127.0.0.1:4444]' for 'POST' to 'http://localhost:4444/wd/hub/session/7ba8ff3bf30367aad55a4e3910d5e455/execute/sync'
17:49:06.582 [Forwarding getElementAttribute on session 7ba8ff3bf30367aad55a4e3910d5e455 to remote] DEBUG org.asynchttpclient.netty.request.NettyRequestSender -- Using open Channel [id: 0x020b4601, L:/127.0.0.1:63420 - R:localhost/127.0.0.1:4444] for POST '/wd/hub/session/7ba8ff3bf30367aad55a4e3910d5e455/execute/sync'
17:49:06.635 [AsyncHttpClient-1-2] DEBUG org.asynchttpclient.netty.handler.HttpHandler -- 

Request DefaultHttpRequest(decodeResult: success, version: HTTP/1.1)
POST /wd/hub/session/7ba8ff3bf30367aad55a4e3910d5e455/execute/sync HTTP/1.1
traceparent: 00-85fb215ea84ee2a7896490c52206ce3a-693a33d3c643c565-01
User-Agent: selenium/4.13.0 (java windows)
Content-Length: 47383
Content-Type: application/json; charset=utf-8
host: localhost:4444
accept: */*

Response DefaultHttpResponse(decodeResult: success, version: HTTP/1.1)
HTTP/1.1 200 OK
content-length: 16
content-type: application/json; charset=utf-8
cache-control: no-cache

17:49:06.635 [AsyncHttpClient-1-2] DEBUG org.asynchttpclient.netty.channel.ChannelManager -- Adding key: http://localhost:4444 for channel [id: 0x020b4601, L:/127.0.0.1:63420 - R:localhost/127.0.0.1:4444]
17:49:06.638 [Forwarding getElementAttribute on session 7ba8ff3bf30367aad55a4e3910d5e455 to remote] DEBUG org.asynchttpclient.netty.request.NettyRequestSender -- Using pooled Channel '[id: 0x020b4601, L:/127.0.0.1:63420 - R:localhost/127.0.0.1:4444]' for 'POST' to 'http://localhost:4444/wd/hub/session/7ba8ff3bf30367aad55a4e3910d5e455/execute/sync'
17:49:06.638 [Forwarding getElementAttribute on session 7ba8ff3bf30367aad55a4e3910d5e455 to remote] DEBUG org.asynchttpclient.netty.request.NettyRequestSender -- Using open Channel [id: 0x020b4601, L:/127.0.0.1:63420 - R:localhost/127.0.0.1:4444] for POST '/wd/hub/session/7ba8ff3bf30367aad55a4e3910d5e455/execute/sync'
17:49:06.691 [AsyncHttpClient-1-2] DEBUG org.asynchttpclient.netty.handler.HttpHandler -- 

Request DefaultHttpRequest(decodeResult: success, version: HTTP/1.1)
POST /wd/hub/session/7ba8ff3bf30367aad55a4e3910d5e455/execute/sync HTTP/1.1
traceparent: 00-c1ec10991b74ab301de5c7db66ab4447-1a11202097d1bd55-01
User-Agent: selenium/4.13.0 (java windows)
Content-Length: 47374
Content-Type: application/json; charset=utf-8
host: localhost:4444
accept: */*

Response DefaultHttpResponse(decodeResult: success, version: HTTP/1.1)
HTTP/1.1 200 OK
content-length: 25
content-type: application/json; charset=utf-8
cache-control: no-cache

17:49:06.692 [AsyncHttpClient-1-2] DEBUG org.asynchttpclient.netty.channel.ChannelManager -- Adding key: http://localhost:4444 for channel [id: 0x020b4601, L:/127.0.0.1:63420 - R:localhost/127.0.0.1:4444]
17:49:06.694 [main] INFO helpers.LoggerHelper -- Testing user: standard_user
17:49:06.696 [Forwarding findElement on session 7ba8ff3bf30367aad55a4e3910d5e455 to remote] DEBUG org.asynchttpclient.netty.request.NettyRequestSender -- Using pooled Channel '[id: 0x020b4601, L:/127.0.0.1:63420 - R:localhost/127.0.0.1:4444]' for 'POST' to 'http://localhost:4444/wd/hub/session/7ba8ff3bf30367aad55a4e3910d5e455/element'
17:49:06.697 [Forwarding findElement on session 7ba8ff3bf30367aad55a4e3910d5e455 to remote] DEBUG org.asynchttpclient.netty.request.NettyRequestSender -- Using open Channel [id: 0x020b4601, L:/127.0.0.1:63420 - R:localhost/127.0.0.1:4444] for POST '/wd/hub/session/7ba8ff3bf30367aad55a4e3910d5e455/element'
17:49:06.746 [AsyncHttpClient-1-2] DEBUG org.asynchttpclient.netty.handler.HttpHandler -- 

Request DefaultHttpRequest(decodeResult: success, version: HTTP/1.1)
POST /wd/hub/session/7ba8ff3bf30367aad55a4e3910d5e455/element HTTP/1.1
traceparent: 00-5d98b4254be05a2e9a88a09c508a51c7-4e6dcb20b2e843f3-01
User-Agent: selenium/4.13.0 (java windows)
Content-Length: 53
Content-Type: application/json; charset=utf-8
host: localhost:4444
accept: */*

Response DefaultHttpResponse(decodeResult: success, version: HTTP/1.1)
HTTP/1.1 200 OK
content-length: 94
content-type: application/json; charset=utf-8
cache-control: no-cache

17:49:06.747 [AsyncHttpClient-1-2] DEBUG org.asynchttpclient.netty.channel.ChannelManager -- Adding key: http://localhost:4444 for channel [id: 0x020b4601, L:/127.0.0.1:63420 - R:localhost/127.0.0.1:4444]
17:49:06.750 [Forwarding isElementDisplayed on session 7ba8ff3bf30367aad55a4e3910d5e455 to remote] DEBUG org.asynchttpclient.netty.request.NettyRequestSender -- Using pooled Channel '[id: 0x020b4601, L:/127.0.0.1:63420 - R:localhost/127.0.0.1:4444]' for 'POST' to 'http://localhost:4444/wd/hub/session/7ba8ff3bf30367aad55a4e3910d5e455/execute/sync'
17:49:06.750 [Forwarding isElementDisplayed on session 7ba8ff3bf30367aad55a4e3910d5e455 to remote] DEBUG org.asynchttpclient.netty.request.NettyRequestSender -- Using open Channel [id: 0x020b4601, L:/127.0.0.1:63420 - R:localhost/127.0.0.1:4444] for POST '/wd/hub/session/7ba8ff3bf30367aad55a4e3910d5e455/execute/sync'
17:49:06.803 [AsyncHttpClient-1-2] DEBUG org.asynchttpclient.netty.handler.HttpHandler -- 

Request DefaultHttpRequest(decodeResult: success, version: HTTP/1.1)
POST /wd/hub/session/7ba8ff3bf30367aad55a4e3910d5e455/execute/sync HTTP/1.1
traceparent: 00-e2ae1065753fbd14cdd26935af80bc13-1a5a946696c4102d-01
User-Agent: selenium/4.13.0 (java windows)
Content-Length: 48813
Content-Type: application/json; charset=utf-8
host: localhost:4444
accept: */*

Response DefaultHttpResponse(decodeResult: success, version: HTTP/1.1)
HTTP/1.1 200 OK
content-length: 14
content-type: application/json; charset=utf-8
cache-control: no-cache

17:49:06.804 [AsyncHttpClient-1-2] DEBUG org.asynchttpclient.netty.channel.ChannelManager -- Adding key: http://localhost:4444 for channel [id: 0x020b4601, L:/127.0.0.1:63420 - R:localhost/127.0.0.1:4444]
17:49:06.806 [Forwarding findElement on session 7ba8ff3bf30367aad55a4e3910d5e455 to remote] DEBUG org.asynchttpclient.netty.request.NettyRequestSender -- Using pooled Channel '[id: 0x020b4601, L:/127.0.0.1:63420 - R:localhost/127.0.0.1:4444]' for 'POST' to 'http://localhost:4444/wd/hub/session/7ba8ff3bf30367aad55a4e3910d5e455/element'
17:49:06.806 [Forwarding findElement on session 7ba8ff3bf30367aad55a4e3910d5e455 to remote] DEBUG org.asynchttpclient.netty.request.NettyRequestSender -- Using open Channel [id: 0x020b4601, L:/127.0.0.1:63420 - R:localhost/127.0.0.1:4444] for POST '/wd/hub/session/7ba8ff3bf30367aad55a4e3910d5e455/element'
17:49:06.845 [AsyncHttpClient-1-2] DEBUG org.asynchttpclient.netty.handler.HttpHandler -- 

Request DefaultHttpRequest(decodeResult: success, version: HTTP/1.1)
POST /wd/hub/session/7ba8ff3bf30367aad55a4e3910d5e455/element HTTP/1.1
traceparent: 00-4ac3a7a62b03b133b4b087acf4ed2e28-fbc730fd1b2fb1cf-01
User-Agent: selenium/4.13.0 (java windows)
Content-Length: 53
Content-Type: application/json; charset=utf-8
host: localhost:4444
accept: */*

Response DefaultHttpResponse(decodeResult: success, version: HTTP/1.1)
HTTP/1.1 200 OK
content-length: 94
content-type: application/json; charset=utf-8
cache-control: no-cache

17:49:06.845 [AsyncHttpClient-1-2] DEBUG org.asynchttpclient.netty.channel.ChannelManager -- Adding key: http://localhost:4444 for channel [id: 0x020b4601, L:/127.0.0.1:63420 - R:localhost/127.0.0.1:4444]
17:49:06.848 [Forwarding sendKeysToElement on session 7ba8ff3bf30367aad55a4e3910d5e455 to remote] DEBUG org.asynchttpclient.netty.request.NettyRequestSender -- Using pooled Channel '[id: 0x020b4601, L:/127.0.0.1:63420 - R:localhost/127.0.0.1:4444]' for 'POST' to 'http://localhost:4444/wd/hub/session/7ba8ff3bf30367aad55a4e3910d5e455/element/A58C181618818C893261E25B5565D6B4_element_2/value'
17:49:06.848 [Forwarding sendKeysToElement on session 7ba8ff3bf30367aad55a4e3910d5e455 to remote] DEBUG org.asynchttpclient.netty.request.NettyRequestSender -- Using open Channel [id: 0x020b4601, L:/127.0.0.1:63420 - R:localhost/127.0.0.1:4444] for POST '/wd/hub/session/7ba8ff3bf30367aad55a4e3910d5e455/element/A58C181618818C893261E25B5565D6B4_element_2/value'
17:49:07.031 [AsyncHttpClient-1-2] DEBUG org.asynchttpclient.netty.handler.HttpHandler -- 

Request DefaultHttpRequest(decodeResult: success, version: HTTP/1.1)
POST /wd/hub/session/7ba8ff3bf30367aad55a4e3910d5e455/element/A58C181618818C893261E25B5565D6B4_element_2/value HTTP/1.1
traceparent: 00-53e833a1d1b54db13654a82e891defa0-71df086e6986c952-01
User-Agent: selenium/4.13.0 (java windows)
Content-Length: 207
Content-Type: application/json; charset=utf-8
host: localhost:4444
accept: */*

Response DefaultHttpResponse(decodeResult: success, version: HTTP/1.1)
HTTP/1.1 200 OK
content-length: 14
content-type: application/json; charset=utf-8
cache-control: no-cache

17:49:07.032 [AsyncHttpClient-1-2] DEBUG org.asynchttpclient.netty.channel.ChannelManager -- Adding key: http://localhost:4444 for channel [id: 0x020b4601, L:/127.0.0.1:63420 - R:localhost/127.0.0.1:4444]
17:49:07.035 [Forwarding findElement on session 7ba8ff3bf30367aad55a4e3910d5e455 to remote] DEBUG org.asynchttpclient.netty.request.NettyRequestSender -- Using pooled Channel '[id: 0x020b4601, L:/127.0.0.1:63420 - R:localhost/127.0.0.1:4444]' for 'POST' to 'http://localhost:4444/wd/hub/session/7ba8ff3bf30367aad55a4e3910d5e455/element'
17:49:07.035 [Forwarding findElement on session 7ba8ff3bf30367aad55a4e3910d5e455 to remote] DEBUG org.asynchttpclient.netty.request.NettyRequestSender -- Using open Channel [id: 0x020b4601, L:/127.0.0.1:63420 - R:localhost/127.0.0.1:4444] for POST '/wd/hub/session/7ba8ff3bf30367aad55a4e3910d5e455/element'
17:49:07.111 [AsyncHttpClient-1-2] DEBUG org.asynchttpclient.netty.handler.HttpHandler -- 

Request DefaultHttpRequest(decodeResult: success, version: HTTP/1.1)
POST /wd/hub/session/7ba8ff3bf30367aad55a4e3910d5e455/element HTTP/1.1
traceparent: 00-5cea1a445cead8b658e31c9f7d5cc28b-33a5d793502633f3-01
User-Agent: selenium/4.13.0 (java windows)
Content-Length: 53
Content-Type: application/json; charset=utf-8
host: localhost:4444
accept: */*

Response DefaultHttpResponse(decodeResult: success, version: HTTP/1.1)
HTTP/1.1 200 OK
content-length: 94
content-type: application/json; charset=utf-8
cache-control: no-cache

17:49:07.111 [AsyncHttpClient-1-2] DEBUG org.asynchttpclient.netty.channel.ChannelManager -- Adding key: http://localhost:4444 for channel [id: 0x020b4601, L:/127.0.0.1:63420 - R:localhost/127.0.0.1:4444]
17:49:07.118 [Forwarding getElementAttribute on session 7ba8ff3bf30367aad55a4e3910d5e455 to remote] DEBUG org.asynchttpclient.netty.request.NettyRequestSender -- Using pooled Channel '[id: 0x020b4601, L:/127.0.0.1:63420 - R:localhost/127.0.0.1:4444]' for 'POST' to 'http://localhost:4444/wd/hub/session/7ba8ff3bf30367aad55a4e3910d5e455/execute/sync'
17:49:07.118 [Forwarding getElementAttribute on session 7ba8ff3bf30367aad55a4e3910d5e455 to remote] DEBUG org.asynchttpclient.netty.request.NettyRequestSender -- Using open Channel [id: 0x020b4601, L:/127.0.0.1:63420 - R:localhost/127.0.0.1:4444] for POST '/wd/hub/session/7ba8ff3bf30367aad55a4e3910d5e455/execute/sync'
17:49:07.177 [AsyncHttpClient-1-2] DEBUG org.asynchttpclient.netty.handler.HttpHandler -- 

Request DefaultHttpRequest(decodeResult: success, version: HTTP/1.1)
POST /wd/hub/session/7ba8ff3bf30367aad55a4e3910d5e455/execute/sync HTTP/1.1
traceparent: 00-a9f4f71dc0b724da6c0c1f4de907a631-7e451529e598f341-01
User-Agent: selenium/4.13.0 (java windows)
Content-Length: 47378
Content-Type: application/json; charset=utf-8
host: localhost:4444
accept: */*

Response DefaultHttpResponse(decodeResult: success, version: HTTP/1.1)
HTTP/1.1 200 OK
content-length: 224
content-type: application/json; charset=utf-8
cache-control: no-cache

17:49:07.178 [AsyncHttpClient-1-2] DEBUG org.asynchttpclient.netty.channel.ChannelManager -- Adding key: http://localhost:4444 for channel [id: 0x020b4601, L:/127.0.0.1:63420 - R:localhost/127.0.0.1:4444]
17:49:07.184 [Forwarding getElementAttribute on session 7ba8ff3bf30367aad55a4e3910d5e455 to remote] DEBUG org.asynchttpclient.netty.request.NettyRequestSender -- Using pooled Channel '[id: 0x020b4601, L:/127.0.0.1:63420 - R:localhost/127.0.0.1:4444]' for 'POST' to 'http://localhost:4444/wd/hub/session/7ba8ff3bf30367aad55a4e3910d5e455/execute/sync'
17:49:07.184 [Forwarding getElementAttribute on session 7ba8ff3bf30367aad55a4e3910d5e455 to remote] DEBUG org.asynchttpclient.netty.request.NettyRequestSender -- Using open Channel [id: 0x020b4601, L:/127.0.0.1:63420 - R:localhost/127.0.0.1:4444] for POST '/wd/hub/session/7ba8ff3bf30367aad55a4e3910d5e455/execute/sync'
17:49:07.243 [AsyncHttpClient-1-2] DEBUG org.asynchttpclient.netty.handler.HttpHandler -- 

Request DefaultHttpRequest(decodeResult: success, version: HTTP/1.1)
POST /wd/hub/session/7ba8ff3bf30367aad55a4e3910d5e455/execute/sync HTTP/1.1
traceparent: 00-18770f58220c303f7da4195ffe7ef91a-1fbf82e17301b3ac-01
User-Agent: selenium/4.13.0 (java windows)
Content-Length: 47374
Content-Type: application/json; charset=utf-8
host: localhost:4444
accept: */*

Response DefaultHttpResponse(decodeResult: success, version: HTTP/1.1)
HTTP/1.1 200 OK
content-length: 34
content-type: application/json; charset=utf-8
cache-control: no-cache

17:49:07.244 [AsyncHttpClient-1-2] DEBUG org.asynchttpclient.netty.channel.ChannelManager -- Adding key: http://localhost:4444 for channel [id: 0x020b4601, L:/127.0.0.1:63420 - R:localhost/127.0.0.1:4444]
17:49:07.249 [Forwarding getElementAttribute on session 7ba8ff3bf30367aad55a4e3910d5e455 to remote] DEBUG org.asynchttpclient.netty.request.NettyRequestSender -- Using pooled Channel '[id: 0x020b4601, L:/127.0.0.1:63420 - R:localhost/127.0.0.1:4444]' for 'POST' to 'http://localhost:4444/wd/hub/session/7ba8ff3bf30367aad55a4e3910d5e455/execute/sync'
17:49:07.249 [Forwarding getElementAttribute on session 7ba8ff3bf30367aad55a4e3910d5e455 to remote] DEBUG org.asynchttpclient.netty.request.NettyRequestSender -- Using open Channel [id: 0x020b4601, L:/127.0.0.1:63420 - R:localhost/127.0.0.1:4444] for POST '/wd/hub/session/7ba8ff3bf30367aad55a4e3910d5e455/execute/sync'
17:49:07.320 [AsyncHttpClient-1-2] DEBUG org.asynchttpclient.netty.handler.HttpHandler -- 

Request DefaultHttpRequest(decodeResult: success, version: HTTP/1.1)
POST /wd/hub/session/7ba8ff3bf30367aad55a4e3910d5e455/execute/sync HTTP/1.1
traceparent: 00-598104ba03139df23b678dbb82ad4fa6-8d3a00e5d4c5c97e-01
User-Agent: selenium/4.13.0 (java windows)
Content-Length: 47380
Content-Type: application/json; charset=utf-8
host: localhost:4444
accept: */*

Response DefaultHttpResponse(decodeResult: success, version: HTTP/1.1)
HTTP/1.1 200 OK
content-length: 20
content-type: application/json; charset=utf-8
cache-control: no-cache

17:49:07.320 [AsyncHttpClient-1-2] DEBUG org.asynchttpclient.netty.channel.ChannelManager -- Adding key: http://localhost:4444 for channel [id: 0x020b4601, L:/127.0.0.1:63420 - R:localhost/127.0.0.1:4444]
17:49:07.325 [Forwarding getElementAttribute on session 7ba8ff3bf30367aad55a4e3910d5e455 to remote] DEBUG org.asynchttpclient.netty.request.NettyRequestSender -- Using pooled Channel '[id: 0x020b4601, L:/127.0.0.1:63420 - R:localhost/127.0.0.1:4444]' for 'POST' to 'http://localhost:4444/wd/hub/session/7ba8ff3bf30367aad55a4e3910d5e455/execute/sync'
17:49:07.326 [Forwarding getElementAttribute on session 7ba8ff3bf30367aad55a4e3910d5e455 to remote] DEBUG org.asynchttpclient.netty.request.NettyRequestSender -- Using open Channel [id: 0x020b4601, L:/127.0.0.1:63420 - R:localhost/127.0.0.1:4444] for POST '/wd/hub/session/7ba8ff3bf30367aad55a4e3910d5e455/execute/sync'
17:49:07.375 [AsyncHttpClient-1-2] DEBUG org.asynchttpclient.netty.handler.HttpHandler -- 

Request DefaultHttpRequest(decodeResult: success, version: HTTP/1.1)
POST /wd/hub/session/7ba8ff3bf30367aad55a4e3910d5e455/execute/sync HTTP/1.1
traceparent: 00-f6e6ec85c2ea0170a9308ad49a55301d-0c77c3897bb40fdd-01
User-Agent: selenium/4.13.0 (java windows)
Content-Length: 47373
Content-Type: application/json; charset=utf-8
host: localhost:4444
accept: */*

Response DefaultHttpResponse(decodeResult: success, version: HTTP/1.1)
HTTP/1.1 200 OK
content-length: 20
content-type: application/json; charset=utf-8
cache-control: no-cache

17:49:07.377 [AsyncHttpClient-1-2] DEBUG org.asynchttpclient.netty.channel.ChannelManager -- Adding key: http://localhost:4444 for channel [id: 0x020b4601, L:/127.0.0.1:63420 - R:localhost/127.0.0.1:4444]
17:49:07.380 [Forwarding getElementAttribute on session 7ba8ff3bf30367aad55a4e3910d5e455 to remote] DEBUG org.asynchttpclient.netty.request.NettyRequestSender -- Using pooled Channel '[id: 0x020b4601, L:/127.0.0.1:63420 - R:localhost/127.0.0.1:4444]' for 'POST' to 'http://localhost:4444/wd/hub/session/7ba8ff3bf30367aad55a4e3910d5e455/execute/sync'
17:49:07.381 [Forwarding getElementAttribute on session 7ba8ff3bf30367aad55a4e3910d5e455 to remote] DEBUG org.asynchttpclient.netty.request.NettyRequestSender -- Using open Channel [id: 0x020b4601, L:/127.0.0.1:63420 - R:localhost/127.0.0.1:4444] for POST '/wd/hub/session/7ba8ff3bf30367aad55a4e3910d5e455/execute/sync'
17:49:07.422 [AsyncHttpClient-1-2] DEBUG org.asynchttpclient.netty.handler.HttpHandler -- 

Request DefaultHttpRequest(decodeResult: success, version: HTTP/1.1)
POST /wd/hub/session/7ba8ff3bf30367aad55a4e3910d5e455/execute/sync HTTP/1.1
traceparent: 00-fa36d0449ab08e7525a5cfd031bda1b8-1037ded8510eb1a0-01
User-Agent: selenium/4.13.0 (java windows)
Content-Length: 47378
Content-Type: application/json; charset=utf-8
host: localhost:4444
accept: */*

Response DefaultHttpResponse(decodeResult: success, version: HTTP/1.1)
HTTP/1.1 200 OK
content-length: 20
content-type: application/json; charset=utf-8
cache-control: no-cache

17:49:07.423 [AsyncHttpClient-1-2] DEBUG org.asynchttpclient.netty.channel.ChannelManager -- Adding key: http://localhost:4444 for channel [id: 0x020b4601, L:/127.0.0.1:63420 - R:localhost/127.0.0.1:4444]
17:49:07.426 [Forwarding getElementAttribute on session 7ba8ff3bf30367aad55a4e3910d5e455 to remote] DEBUG org.asynchttpclient.netty.request.NettyRequestSender -- Using pooled Channel '[id: 0x020b4601, L:/127.0.0.1:63420 - R:localhost/127.0.0.1:4444]' for 'POST' to 'http://localhost:4444/wd/hub/session/7ba8ff3bf30367aad55a4e3910d5e455/execute/sync'
17:49:07.426 [Forwarding getElementAttribute on session 7ba8ff3bf30367aad55a4e3910d5e455 to remote] DEBUG org.asynchttpclient.netty.request.NettyRequestSender -- Using open Channel [id: 0x020b4601, L:/127.0.0.1:63420 - R:localhost/127.0.0.1:4444] for POST '/wd/hub/session/7ba8ff3bf30367aad55a4e3910d5e455/execute/sync'
17:49:07.465 [AsyncHttpClient-1-2] DEBUG org.asynchttpclient.netty.handler.HttpHandler -- 

Request DefaultHttpRequest(decodeResult: success, version: HTTP/1.1)
POST /wd/hub/session/7ba8ff3bf30367aad55a4e3910d5e455/execute/sync HTTP/1.1
traceparent: 00-c417963b3fdb53ec5ce5a53213fb3aa8-ff7209e0dd2e8a69-01
User-Agent: selenium/4.13.0 (java windows)
Content-Length: 47371
Content-Type: application/json; charset=utf-8
host: localhost:4444
accept: */*

Response DefaultHttpResponse(decodeResult: success, version: HTTP/1.1)
HTTP/1.1 200 OK
content-length: 20
content-type: application/json; charset=utf-8
cache-control: no-cache

17:49:07.465 [AsyncHttpClient-1-2] DEBUG org.asynchttpclient.netty.channel.ChannelManager -- Adding key: http://localhost:4444 for channel [id: 0x020b4601, L:/127.0.0.1:63420 - R:localhost/127.0.0.1:4444]
17:49:07.468 [Forwarding getElementAttribute on session 7ba8ff3bf30367aad55a4e3910d5e455 to remote] DEBUG org.asynchttpclient.netty.request.NettyRequestSender -- Using pooled Channel '[id: 0x020b4601, L:/127.0.0.1:63420 - R:localhost/127.0.0.1:4444]' for 'POST' to 'http://localhost:4444/wd/hub/session/7ba8ff3bf30367aad55a4e3910d5e455/execute/sync'
17:49:07.469 [Forwarding getElementAttribute on session 7ba8ff3bf30367aad55a4e3910d5e455 to remote] DEBUG org.asynchttpclient.netty.request.NettyRequestSender -- Using open Channel [id: 0x020b4601, L:/127.0.0.1:63420 - R:localhost/127.0.0.1:4444] for POST '/wd/hub/session/7ba8ff3bf30367aad55a4e3910d5e455/execute/sync'
17:49:07.526 [AsyncHttpClient-1-2] DEBUG org.asynchttpclient.netty.handler.HttpHandler -- 

Request DefaultHttpRequest(decodeResult: success, version: HTTP/1.1)
POST /wd/hub/session/7ba8ff3bf30367aad55a4e3910d5e455/execute/sync HTTP/1.1
traceparent: 00-ab4ee2923469934732ef1115c9a1b97b-2c5632940161b81a-01
User-Agent: selenium/4.13.0 (java windows)
Content-Length: 47373
Content-Type: application/json; charset=utf-8
host: localhost:4444
accept: */*

Response DefaultHttpResponse(decodeResult: success, version: HTTP/1.1)
HTTP/1.1 200 OK
content-length: 20
content-type: application/json; charset=utf-8
cache-control: no-cache

17:49:07.527 [AsyncHttpClient-1-2] DEBUG org.asynchttpclient.netty.channel.ChannelManager -- Adding key: http://localhost:4444 for channel [id: 0x020b4601, L:/127.0.0.1:63420 - R:localhost/127.0.0.1:4444]
17:49:07.531 [Forwarding getElementAttribute on session 7ba8ff3bf30367aad55a4e3910d5e455 to remote] DEBUG org.asynchttpclient.netty.request.NettyRequestSender -- Using pooled Channel '[id: 0x020b4601, L:/127.0.0.1:63420 - R:localhost/127.0.0.1:4444]' for 'POST' to 'http://localhost:4444/wd/hub/session/7ba8ff3bf30367aad55a4e3910d5e455/execute/sync'
17:49:07.531 [Forwarding getElementAttribute on session 7ba8ff3bf30367aad55a4e3910d5e455 to remote] DEBUG org.asynchttpclient.netty.request.NettyRequestSender -- Using open Channel [id: 0x020b4601, L:/127.0.0.1:63420 - R:localhost/127.0.0.1:4444] for POST '/wd/hub/session/7ba8ff3bf30367aad55a4e3910d5e455/execute/sync'
17:49:07.622 [AsyncHttpClient-1-2] DEBUG org.asynchttpclient.netty.handler.HttpHandler -- 

Request DefaultHttpRequest(decodeResult: success, version: HTTP/1.1)
POST /wd/hub/session/7ba8ff3bf30367aad55a4e3910d5e455/execute/sync HTTP/1.1
traceparent: 00-0a40325bfe00255bcf50d59a98aa7fda-bf87552043600e8a-01
User-Agent: selenium/4.13.0 (java windows)
Content-Length: 47380
Content-Type: application/json; charset=utf-8
host: localhost:4444
accept: */*

Response DefaultHttpResponse(decodeResult: success, version: HTTP/1.1)
HTTP/1.1 200 OK
content-length: 15
content-type: application/json; charset=utf-8
cache-control: no-cache

17:49:07.622 [AsyncHttpClient-1-2] DEBUG org.asynchttpclient.netty.channel.ChannelManager -- Adding key: http://localhost:4444 for channel [id: 0x020b4601, L:/127.0.0.1:63420 - R:localhost/127.0.0.1:4444]
17:49:07.629 [Forwarding getElementAttribute on session 7ba8ff3bf30367aad55a4e3910d5e455 to remote] DEBUG org.asynchttpclient.netty.request.NettyRequestSender -- Using pooled Channel '[id: 0x020b4601, L:/127.0.0.1:63420 - R:localhost/127.0.0.1:4444]' for 'POST' to 'http://localhost:4444/wd/hub/session/7ba8ff3bf30367aad55a4e3910d5e455/execute/sync'
17:49:07.630 [Forwarding getElementAttribute on session 7ba8ff3bf30367aad55a4e3910d5e455 to remote] DEBUG org.asynchttpclient.netty.request.NettyRequestSender -- Using open Channel [id: 0x020b4601, L:/127.0.0.1:63420 - R:localhost/127.0.0.1:4444] for POST '/wd/hub/session/7ba8ff3bf30367aad55a4e3910d5e455/execute/sync'
17:49:07.695 [AsyncHttpClient-1-2] DEBUG org.asynchttpclient.netty.handler.HttpHandler -- 

Request DefaultHttpRequest(decodeResult: success, version: HTTP/1.1)
POST /wd/hub/session/7ba8ff3bf30367aad55a4e3910d5e455/execute/sync HTTP/1.1
traceparent: 00-44768946eb29da5010ca721ad551b7a7-fe5bba8667468b9c-01
User-Agent: selenium/4.13.0 (java windows)
Content-Length: 47383
Content-Type: application/json; charset=utf-8
host: localhost:4444
accept: */*

Response DefaultHttpResponse(decodeResult: success, version: HTTP/1.1)
HTTP/1.1 200 OK
content-length: 16
content-type: application/json; charset=utf-8
cache-control: no-cache

17:49:07.696 [AsyncHttpClient-1-2] DEBUG org.asynchttpclient.netty.channel.ChannelManager -- Adding key: http://localhost:4444 for channel [id: 0x020b4601, L:/127.0.0.1:63420 - R:localhost/127.0.0.1:4444]
17:49:07.702 [Forwarding getElementAttribute on session 7ba8ff3bf30367aad55a4e3910d5e455 to remote] DEBUG org.asynchttpclient.netty.request.NettyRequestSender -- Using pooled Channel '[id: 0x020b4601, L:/127.0.0.1:63420 - R:localhost/127.0.0.1:4444]' for 'POST' to 'http://localhost:4444/wd/hub/session/7ba8ff3bf30367aad55a4e3910d5e455/execute/sync'
17:49:07.702 [Forwarding getElementAttribute on session 7ba8ff3bf30367aad55a4e3910d5e455 to remote] DEBUG org.asynchttpclient.netty.request.NettyRequestSender -- Using open Channel [id: 0x020b4601, L:/127.0.0.1:63420 - R:localhost/127.0.0.1:4444] for POST '/wd/hub/session/7ba8ff3bf30367aad55a4e3910d5e455/execute/sync'
17:49:07.748 [AsyncHttpClient-1-2] DEBUG org.asynchttpclient.netty.handler.HttpHandler -- 

Request DefaultHttpRequest(decodeResult: success, version: HTTP/1.1)
POST /wd/hub/session/7ba8ff3bf30367aad55a4e3910d5e455/execute/sync HTTP/1.1
traceparent: 00-f330ef56a9de22ffbccb2cd4ab5c0a71-616af62307a39b86-01
User-Agent: selenium/4.13.0 (java windows)
Content-Length: 47374
Content-Type: application/json; charset=utf-8
host: localhost:4444
accept: */*

Response DefaultHttpResponse(decodeResult: success, version: HTTP/1.1)
HTTP/1.1 200 OK
content-length: 24
content-type: application/json; charset=utf-8
cache-control: no-cache

17:49:07.749 [AsyncHttpClient-1-2] DEBUG org.asynchttpclient.netty.channel.ChannelManager -- Adding key: http://localhost:4444 for channel [id: 0x020b4601, L:/127.0.0.1:63420 - R:localhost/127.0.0.1:4444]
17:49:07.752 [main] INFO helpers.LoggerHelper -- Testing password: secret_sauce
17:49:07.753 [Forwarding findElement on session 7ba8ff3bf30367aad55a4e3910d5e455 to remote] DEBUG org.asynchttpclient.netty.request.NettyRequestSender -- Using pooled Channel '[id: 0x020b4601, L:/127.0.0.1:63420 - R:localhost/127.0.0.1:4444]' for 'POST' to 'http://localhost:4444/wd/hub/session/7ba8ff3bf30367aad55a4e3910d5e455/element'
17:49:07.753 [Forwarding findElement on session 7ba8ff3bf30367aad55a4e3910d5e455 to remote] DEBUG org.asynchttpclient.netty.request.NettyRequestSender -- Using open Channel [id: 0x020b4601, L:/127.0.0.1:63420 - R:localhost/127.0.0.1:4444] for POST '/wd/hub/session/7ba8ff3bf30367aad55a4e3910d5e455/element'
17:49:07.798 [AsyncHttpClient-1-2] DEBUG org.asynchttpclient.netty.handler.HttpHandler -- 

Request DefaultHttpRequest(decodeResult: success, version: HTTP/1.1)
POST /wd/hub/session/7ba8ff3bf30367aad55a4e3910d5e455/element HTTP/1.1
traceparent: 00-398985ee0e6bf172c80610a2016c2f5f-c1f19dafbe5bbcb9-01
User-Agent: selenium/4.13.0 (java windows)
Content-Length: 59
Content-Type: application/json; charset=utf-8
host: localhost:4444
accept: */*

Response DefaultHttpResponse(decodeResult: success, version: HTTP/1.1)
HTTP/1.1 200 OK
content-length: 94
content-type: application/json; charset=utf-8
cache-control: no-cache

17:49:07.799 [AsyncHttpClient-1-2] DEBUG org.asynchttpclient.netty.channel.ChannelManager -- Adding key: http://localhost:4444 for channel [id: 0x020b4601, L:/127.0.0.1:63420 - R:localhost/127.0.0.1:4444]
17:49:07.801 [Forwarding isElementDisplayed on session 7ba8ff3bf30367aad55a4e3910d5e455 to remote] DEBUG org.asynchttpclient.netty.request.NettyRequestSender -- Using pooled Channel '[id: 0x020b4601, L:/127.0.0.1:63420 - R:localhost/127.0.0.1:4444]' for 'POST' to 'http://localhost:4444/wd/hub/session/7ba8ff3bf30367aad55a4e3910d5e455/execute/sync'
17:49:07.801 [Forwarding isElementDisplayed on session 7ba8ff3bf30367aad55a4e3910d5e455 to remote] DEBUG org.asynchttpclient.netty.request.NettyRequestSender -- Using open Channel [id: 0x020b4601, L:/127.0.0.1:63420 - R:localhost/127.0.0.1:4444] for POST '/wd/hub/session/7ba8ff3bf30367aad55a4e3910d5e455/execute/sync'
17:49:07.842 [AsyncHttpClient-1-2] DEBUG org.asynchttpclient.netty.handler.HttpHandler -- 

Request DefaultHttpRequest(decodeResult: success, version: HTTP/1.1)
POST /wd/hub/session/7ba8ff3bf30367aad55a4e3910d5e455/execute/sync HTTP/1.1
traceparent: 00-e1c1e5cc23df914f9d9aaabefe7a7de9-0baf13f7e87404fa-01
User-Agent: selenium/4.13.0 (java windows)
Content-Length: 48813
Content-Type: application/json; charset=utf-8
host: localhost:4444
accept: */*

Response DefaultHttpResponse(decodeResult: success, version: HTTP/1.1)
HTTP/1.1 200 OK
content-length: 14
content-type: application/json; charset=utf-8
cache-control: no-cache

17:49:07.842 [AsyncHttpClient-1-2] DEBUG org.asynchttpclient.netty.channel.ChannelManager -- Adding key: http://localhost:4444 for channel [id: 0x020b4601, L:/127.0.0.1:63420 - R:localhost/127.0.0.1:4444]
17:49:07.845 [Forwarding findElement on session 7ba8ff3bf30367aad55a4e3910d5e455 to remote] DEBUG org.asynchttpclient.netty.request.NettyRequestSender -- Using pooled Channel '[id: 0x020b4601, L:/127.0.0.1:63420 - R:localhost/127.0.0.1:4444]' for 'POST' to 'http://localhost:4444/wd/hub/session/7ba8ff3bf30367aad55a4e3910d5e455/element'
17:49:07.846 [Forwarding findElement on session 7ba8ff3bf30367aad55a4e3910d5e455 to remote] DEBUG org.asynchttpclient.netty.request.NettyRequestSender -- Using open Channel [id: 0x020b4601, L:/127.0.0.1:63420 - R:localhost/127.0.0.1:4444] for POST '/wd/hub/session/7ba8ff3bf30367aad55a4e3910d5e455/element'
17:49:07.875 [AsyncHttpClient-1-2] DEBUG org.asynchttpclient.netty.handler.HttpHandler -- 

Request DefaultHttpRequest(decodeResult: success, version: HTTP/1.1)
POST /wd/hub/session/7ba8ff3bf30367aad55a4e3910d5e455/element HTTP/1.1
traceparent: 00-4a6126dabee5e59af009a532cfb81b1b-8c94db242e8e03c1-01
User-Agent: selenium/4.13.0 (java windows)
Content-Length: 59
Content-Type: application/json; charset=utf-8
host: localhost:4444
accept: */*

Response DefaultHttpResponse(decodeResult: success, version: HTTP/1.1)
HTTP/1.1 200 OK
content-length: 94
content-type: application/json; charset=utf-8
cache-control: no-cache

17:49:07.876 [AsyncHttpClient-1-2] DEBUG org.asynchttpclient.netty.channel.ChannelManager -- Adding key: http://localhost:4444 for channel [id: 0x020b4601, L:/127.0.0.1:63420 - R:localhost/127.0.0.1:4444]
17:49:07.878 [Forwarding getElementAttribute on session 7ba8ff3bf30367aad55a4e3910d5e455 to remote] DEBUG org.asynchttpclient.netty.request.NettyRequestSender -- Using pooled Channel '[id: 0x020b4601, L:/127.0.0.1:63420 - R:localhost/127.0.0.1:4444]' for 'POST' to 'http://localhost:4444/wd/hub/session/7ba8ff3bf30367aad55a4e3910d5e455/execute/sync'
17:49:07.878 [Forwarding getElementAttribute on session 7ba8ff3bf30367aad55a4e3910d5e455 to remote] DEBUG org.asynchttpclient.netty.request.NettyRequestSender -- Using open Channel [id: 0x020b4601, L:/127.0.0.1:63420 - R:localhost/127.0.0.1:4444] for POST '/wd/hub/session/7ba8ff3bf30367aad55a4e3910d5e455/execute/sync'
17:49:07.916 [AsyncHttpClient-1-2] DEBUG org.asynchttpclient.netty.handler.HttpHandler -- 

Request DefaultHttpRequest(decodeResult: success, version: HTTP/1.1)
POST /wd/hub/session/7ba8ff3bf30367aad55a4e3910d5e455/execute/sync HTTP/1.1
traceparent: 00-3cbbd16b5a583d638e11027d0d30f561-bb480b231965d099-01
User-Agent: selenium/4.13.0 (java windows)
Content-Length: 47378
Content-Type: application/json; charset=utf-8
host: localhost:4444
accept: */*

Response DefaultHttpResponse(decodeResult: success, version: HTTP/1.1)
HTTP/1.1 200 OK
content-length: 160
content-type: application/json; charset=utf-8
cache-control: no-cache

17:49:07.917 [AsyncHttpClient-1-2] DEBUG org.asynchttpclient.netty.channel.ChannelManager -- Adding key: http://localhost:4444 for channel [id: 0x020b4601, L:/127.0.0.1:63420 - R:localhost/127.0.0.1:4444]
17:49:07.921 [Forwarding getElementAttribute on session 7ba8ff3bf30367aad55a4e3910d5e455 to remote] DEBUG org.asynchttpclient.netty.request.NettyRequestSender -- Using pooled Channel '[id: 0x020b4601, L:/127.0.0.1:63420 - R:localhost/127.0.0.1:4444]' for 'POST' to 'http://localhost:4444/wd/hub/session/7ba8ff3bf30367aad55a4e3910d5e455/execute/sync'
17:49:07.921 [Forwarding getElementAttribute on session 7ba8ff3bf30367aad55a4e3910d5e455 to remote] DEBUG org.asynchttpclient.netty.request.NettyRequestSender -- Using open Channel [id: 0x020b4601, L:/127.0.0.1:63420 - R:localhost/127.0.0.1:4444] for POST '/wd/hub/session/7ba8ff3bf30367aad55a4e3910d5e455/execute/sync'
17:49:07.958 [AsyncHttpClient-1-2] DEBUG org.asynchttpclient.netty.handler.HttpHandler -- 

Request DefaultHttpRequest(decodeResult: success, version: HTTP/1.1)
POST /wd/hub/session/7ba8ff3bf30367aad55a4e3910d5e455/execute/sync HTTP/1.1
traceparent: 00-d01b33af7300128a5e709dfd0ebc47b6-16f4065ea6411e02-01
User-Agent: selenium/4.13.0 (java windows)
Content-Length: 47373
Content-Type: application/json; charset=utf-8
host: localhost:4444
accept: */*

Response DefaultHttpResponse(decodeResult: success, version: HTTP/1.1)
HTTP/1.1 200 OK
content-length: 18
content-type: application/json; charset=utf-8
cache-control: no-cache

17:49:07.958 [AsyncHttpClient-1-2] DEBUG org.asynchttpclient.netty.channel.ChannelManager -- Adding key: http://localhost:4444 for channel [id: 0x020b4601, L:/127.0.0.1:63420 - R:localhost/127.0.0.1:4444]
17:49:07.962 [Forwarding getElementAttribute on session 7ba8ff3bf30367aad55a4e3910d5e455 to remote] DEBUG org.asynchttpclient.netty.request.NettyRequestSender -- Using pooled Channel '[id: 0x020b4601, L:/127.0.0.1:63420 - R:localhost/127.0.0.1:4444]' for 'POST' to 'http://localhost:4444/wd/hub/session/7ba8ff3bf30367aad55a4e3910d5e455/execute/sync'
17:49:07.962 [Forwarding getElementAttribute on session 7ba8ff3bf30367aad55a4e3910d5e455 to remote] DEBUG org.asynchttpclient.netty.request.NettyRequestSender -- Using open Channel [id: 0x020b4601, L:/127.0.0.1:63420 - R:localhost/127.0.0.1:4444] for POST '/wd/hub/session/7ba8ff3bf30367aad55a4e3910d5e455/execute/sync'
17:49:08.010 [AsyncHttpClient-1-2] DEBUG org.asynchttpclient.netty.handler.HttpHandler -- 

Request DefaultHttpRequest(decodeResult: success, version: HTTP/1.1)
POST /wd/hub/session/7ba8ff3bf30367aad55a4e3910d5e455/execute/sync HTTP/1.1
traceparent: 00-cb93a171fdcac6d2f227a1b5d466cafe-515a8bc5e8995f82-01
User-Agent: selenium/4.13.0 (java windows)
Content-Length: 47374
Content-Type: application/json; charset=utf-8
host: localhost:4444
accept: */*

Response DefaultHttpResponse(decodeResult: success, version: HTTP/1.1)
HTTP/1.1 200 OK
content-length: 36
content-type: application/json; charset=utf-8
cache-control: no-cache

17:49:08.010 [AsyncHttpClient-1-2] DEBUG org.asynchttpclient.netty.channel.ChannelManager -- Adding key: http://localhost:4444 for channel [id: 0x020b4601, L:/127.0.0.1:63420 - R:localhost/127.0.0.1:4444]
17:49:08.013 [Forwarding getElementAttribute on session 7ba8ff3bf30367aad55a4e3910d5e455 to remote] DEBUG org.asynchttpclient.netty.request.NettyRequestSender -- Using pooled Channel '[id: 0x020b4601, L:/127.0.0.1:63420 - R:localhost/127.0.0.1:4444]' for 'POST' to 'http://localhost:4444/wd/hub/session/7ba8ff3bf30367aad55a4e3910d5e455/execute/sync'
17:49:08.013 [Forwarding getElementAttribute on session 7ba8ff3bf30367aad55a4e3910d5e455 to remote] DEBUG org.asynchttpclient.netty.request.NettyRequestSender -- Using open Channel [id: 0x020b4601, L:/127.0.0.1:63420 - R:localhost/127.0.0.1:4444] for POST '/wd/hub/session/7ba8ff3bf30367aad55a4e3910d5e455/execute/sync'
17:49:08.051 [AsyncHttpClient-1-2] DEBUG org.asynchttpclient.netty.handler.HttpHandler -- 

Request DefaultHttpRequest(decodeResult: success, version: HTTP/1.1)
POST /wd/hub/session/7ba8ff3bf30367aad55a4e3910d5e455/execute/sync HTTP/1.1
traceparent: 00-645ca8f80cf12a9a7f85e1a1cc01efc1-eb66ce6d1510edeb-01
User-Agent: selenium/4.13.0 (java windows)
Content-Length: 47378
Content-Type: application/json; charset=utf-8
host: localhost:4444
accept: */*

Response DefaultHttpResponse(decodeResult: success, version: HTTP/1.1)
HTTP/1.1 200 OK
content-length: 24
content-type: application/json; charset=utf-8
cache-control: no-cache

17:49:08.051 [AsyncHttpClient-1-2] DEBUG org.asynchttpclient.netty.channel.ChannelManager -- Adding key: http://localhost:4444 for channel [id: 0x020b4601, L:/127.0.0.1:63420 - R:localhost/127.0.0.1:4444]
17:49:08.055 [Forwarding getElementAttribute on session 7ba8ff3bf30367aad55a4e3910d5e455 to remote] DEBUG org.asynchttpclient.netty.request.NettyRequestSender -- Using pooled Channel '[id: 0x020b4601, L:/127.0.0.1:63420 - R:localhost/127.0.0.1:4444]' for 'POST' to 'http://localhost:4444/wd/hub/session/7ba8ff3bf30367aad55a4e3910d5e455/execute/sync'
17:49:08.055 [Forwarding getElementAttribute on session 7ba8ff3bf30367aad55a4e3910d5e455 to remote] DEBUG org.asynchttpclient.netty.request.NettyRequestSender -- Using open Channel [id: 0x020b4601, L:/127.0.0.1:63420 - R:localhost/127.0.0.1:4444] for POST '/wd/hub/session/7ba8ff3bf30367aad55a4e3910d5e455/execute/sync'
17:49:08.102 [AsyncHttpClient-1-2] DEBUG org.asynchttpclient.netty.handler.HttpHandler -- 

Request DefaultHttpRequest(decodeResult: success, version: HTTP/1.1)
POST /wd/hub/session/7ba8ff3bf30367aad55a4e3910d5e455/execute/sync HTTP/1.1
traceparent: 00-a2ed21c4e558d4312447198e94738b40-c4ad15e04b03b19f-01
User-Agent: selenium/4.13.0 (java windows)
Content-Length: 47371
Content-Type: application/json; charset=utf-8
host: localhost:4444
accept: */*

Response DefaultHttpResponse(decodeResult: success, version: HTTP/1.1)
HTTP/1.1 200 OK
content-length: 24
content-type: application/json; charset=utf-8
cache-control: no-cache

17:49:08.102 [AsyncHttpClient-1-2] DEBUG org.asynchttpclient.netty.channel.ChannelManager -- Adding key: http://localhost:4444 for channel [id: 0x020b4601, L:/127.0.0.1:63420 - R:localhost/127.0.0.1:4444]
17:49:08.107 [Forwarding getElementAttribute on session 7ba8ff3bf30367aad55a4e3910d5e455 to remote] DEBUG org.asynchttpclient.netty.request.NettyRequestSender -- Using pooled Channel '[id: 0x020b4601, L:/127.0.0.1:63420 - R:localhost/127.0.0.1:4444]' for 'POST' to 'http://localhost:4444/wd/hub/session/7ba8ff3bf30367aad55a4e3910d5e455/execute/sync'
17:49:08.107 [Forwarding getElementAttribute on session 7ba8ff3bf30367aad55a4e3910d5e455 to remote] DEBUG org.asynchttpclient.netty.request.NettyRequestSender -- Using open Channel [id: 0x020b4601, L:/127.0.0.1:63420 - R:localhost/127.0.0.1:4444] for POST '/wd/hub/session/7ba8ff3bf30367aad55a4e3910d5e455/execute/sync'
17:49:08.158 [AsyncHttpClient-1-2] DEBUG org.asynchttpclient.netty.handler.HttpHandler -- 

Request DefaultHttpRequest(decodeResult: success, version: HTTP/1.1)
POST /wd/hub/session/7ba8ff3bf30367aad55a4e3910d5e455/execute/sync HTTP/1.1
traceparent: 00-eb9defd004174b5f1aff3b10324218c0-07ef0b04fd9990cb-01
User-Agent: selenium/4.13.0 (java windows)
Content-Length: 47373
Content-Type: application/json; charset=utf-8
host: localhost:4444
accept: */*

Response DefaultHttpResponse(decodeResult: success, version: HTTP/1.1)
HTTP/1.1 200 OK
content-length: 24
content-type: application/json; charset=utf-8
cache-control: no-cache

17:49:08.159 [AsyncHttpClient-1-2] DEBUG org.asynchttpclient.netty.channel.ChannelManager -- Adding key: http://localhost:4444 for channel [id: 0x020b4601, L:/127.0.0.1:63420 - R:localhost/127.0.0.1:4444]
17:49:08.164 [Forwarding getElementAttribute on session 7ba8ff3bf30367aad55a4e3910d5e455 to remote] DEBUG org.asynchttpclient.netty.request.NettyRequestSender -- Using pooled Channel '[id: 0x020b4601, L:/127.0.0.1:63420 - R:localhost/127.0.0.1:4444]' for 'POST' to 'http://localhost:4444/wd/hub/session/7ba8ff3bf30367aad55a4e3910d5e455/execute/sync'
17:49:08.164 [Forwarding getElementAttribute on session 7ba8ff3bf30367aad55a4e3910d5e455 to remote] DEBUG org.asynchttpclient.netty.request.NettyRequestSender -- Using open Channel [id: 0x020b4601, L:/127.0.0.1:63420 - R:localhost/127.0.0.1:4444] for POST '/wd/hub/session/7ba8ff3bf30367aad55a4e3910d5e455/execute/sync'
17:49:08.246 [AsyncHttpClient-1-2] DEBUG org.asynchttpclient.netty.handler.HttpHandler -- 

Request DefaultHttpRequest(decodeResult: success, version: HTTP/1.1)
POST /wd/hub/session/7ba8ff3bf30367aad55a4e3910d5e455/execute/sync HTTP/1.1
traceparent: 00-74e5eb7ba341dc318137fbd91610bc94-e3843c52caba551b-01
User-Agent: selenium/4.13.0 (java windows)
Content-Length: 47374
Content-Type: application/json; charset=utf-8
host: localhost:4444
accept: */*

Response DefaultHttpResponse(decodeResult: success, version: HTTP/1.1)
HTTP/1.1 200 OK
content-length: 17
content-type: application/json; charset=utf-8
cache-control: no-cache

17:49:08.247 [AsyncHttpClient-1-2] DEBUG org.asynchttpclient.netty.channel.ChannelManager -- Adding key: http://localhost:4444 for channel [id: 0x020b4601, L:/127.0.0.1:63420 - R:localhost/127.0.0.1:4444]
17:49:08.251 [Forwarding findElement on session 7ba8ff3bf30367aad55a4e3910d5e455 to remote] DEBUG org.asynchttpclient.netty.request.NettyRequestSender -- Using pooled Channel '[id: 0x020b4601, L:/127.0.0.1:63420 - R:localhost/127.0.0.1:4444]' for 'POST' to 'http://localhost:4444/wd/hub/session/7ba8ff3bf30367aad55a4e3910d5e455/element'
17:49:08.251 [Forwarding findElement on session 7ba8ff3bf30367aad55a4e3910d5e455 to remote] DEBUG org.asynchttpclient.netty.request.NettyRequestSender -- Using open Channel [id: 0x020b4601, L:/127.0.0.1:63420 - R:localhost/127.0.0.1:4444] for POST '/wd/hub/session/7ba8ff3bf30367aad55a4e3910d5e455/element'
17:49:08.293 [AsyncHttpClient-1-2] DEBUG org.asynchttpclient.netty.handler.HttpHandler -- 

Request DefaultHttpRequest(decodeResult: success, version: HTTP/1.1)
POST /wd/hub/session/7ba8ff3bf30367aad55a4e3910d5e455/element HTTP/1.1
traceparent: 00-7959f7fb39cb87c26e7b9338c5f45f1a-5a17e4314aeb6073-01
User-Agent: selenium/4.13.0 (java windows)
Content-Length: 59
Content-Type: application/json; charset=utf-8
host: localhost:4444
accept: */*

Response DefaultHttpResponse(decodeResult: success, version: HTTP/1.1)
HTTP/1.1 200 OK
content-length: 94
content-type: application/json; charset=utf-8
cache-control: no-cache

17:49:08.294 [AsyncHttpClient-1-2] DEBUG org.asynchttpclient.netty.channel.ChannelManager -- Adding key: http://localhost:4444 for channel [id: 0x020b4601, L:/127.0.0.1:63420 - R:localhost/127.0.0.1:4444]
17:49:08.295 [Forwarding clickElement on session 7ba8ff3bf30367aad55a4e3910d5e455 to remote] DEBUG org.asynchttpclient.netty.request.NettyRequestSender -- Using pooled Channel '[id: 0x020b4601, L:/127.0.0.1:63420 - R:localhost/127.0.0.1:4444]' for 'POST' to 'http://localhost:4444/wd/hub/session/7ba8ff3bf30367aad55a4e3910d5e455/element/A58C181618818C893261E25B5565D6B4_element_6/click'
17:49:08.295 [Forwarding clickElement on session 7ba8ff3bf30367aad55a4e3910d5e455 to remote] DEBUG org.asynchttpclient.netty.request.NettyRequestSender -- Using open Channel [id: 0x020b4601, L:/127.0.0.1:63420 - R:localhost/127.0.0.1:4444] for POST '/wd/hub/session/7ba8ff3bf30367aad55a4e3910d5e455/element/A58C181618818C893261E25B5565D6B4_element_6/click'
17:49:08.516 [AsyncHttpClient-1-2] DEBUG org.asynchttpclient.netty.handler.HttpHandler -- 

Request DefaultHttpRequest(decodeResult: success, version: HTTP/1.1)
POST /wd/hub/session/7ba8ff3bf30367aad55a4e3910d5e455/element/A58C181618818C893261E25B5565D6B4_element_6/click HTTP/1.1
traceparent: 00-4ec0b5843945acd36796cd9be4ed2cd3-672c121defc23808-01
User-Agent: selenium/4.13.0 (java windows)
Content-Length: 56
Content-Type: application/json; charset=utf-8
host: localhost:4444
accept: */*

Response DefaultHttpResponse(decodeResult: success, version: HTTP/1.1)
HTTP/1.1 200 OK
content-length: 14
content-type: application/json; charset=utf-8
cache-control: no-cache

17:49:08.516 [AsyncHttpClient-1-2] DEBUG org.asynchttpclient.netty.channel.ChannelManager -- Adding key: http://localhost:4444 for channel [id: 0x020b4601, L:/127.0.0.1:63420 - R:localhost/127.0.0.1:4444]
17:49:08.518 [Forwarding findElement on session 7ba8ff3bf30367aad55a4e3910d5e455 to remote] DEBUG org.asynchttpclient.netty.request.NettyRequestSender -- Using pooled Channel '[id: 0x020b4601, L:/127.0.0.1:63420 - R:localhost/127.0.0.1:4444]' for 'POST' to 'http://localhost:4444/wd/hub/session/7ba8ff3bf30367aad55a4e3910d5e455/element'
17:49:08.518 [Forwarding findElement on session 7ba8ff3bf30367aad55a4e3910d5e455 to remote] DEBUG org.asynchttpclient.netty.request.NettyRequestSender -- Using open Channel [id: 0x020b4601, L:/127.0.0.1:63420 - R:localhost/127.0.0.1:4444] for POST '/wd/hub/session/7ba8ff3bf30367aad55a4e3910d5e455/element'
17:49:08.557 [AsyncHttpClient-1-2] DEBUG org.asynchttpclient.netty.handler.HttpHandler -- 

Request DefaultHttpRequest(decodeResult: success, version: HTTP/1.1)
POST /wd/hub/session/7ba8ff3bf30367aad55a4e3910d5e455/element HTTP/1.1
traceparent: 00-a8ad8e1f75b4fe047ed413c3e210d9a5-8da17e7d88eab63e-01
User-Agent: selenium/4.13.0 (java windows)
Content-Length: 53
Content-Type: application/json; charset=utf-8
host: localhost:4444
accept: */*

Response DefaultHttpResponse(decodeResult: success, version: HTTP/1.1)
HTTP/1.1 200 OK
content-length: 95
content-type: application/json; charset=utf-8
cache-control: no-cache

17:49:08.557 [AsyncHttpClient-1-2] DEBUG org.asynchttpclient.netty.channel.ChannelManager -- Adding key: http://localhost:4444 for channel [id: 0x020b4601, L:/127.0.0.1:63420 - R:localhost/127.0.0.1:4444]
17:49:08.561 [Forwarding getElementText on session 7ba8ff3bf30367aad55a4e3910d5e455 to remote] DEBUG org.asynchttpclient.netty.request.NettyRequestSender -- Using pooled Channel '[id: 0x020b4601, L:/127.0.0.1:63420 - R:localhost/127.0.0.1:4444]' for 'GET' to 'http://localhost:4444/wd/hub/session/7ba8ff3bf30367aad55a4e3910d5e455/element/A58C181618818C893261E25B5565D6B4_element_16/text'
17:49:08.562 [Forwarding getElementText on session 7ba8ff3bf30367aad55a4e3910d5e455 to remote] DEBUG org.asynchttpclient.netty.request.NettyRequestSender -- Using open Channel [id: 0x020b4601, L:/127.0.0.1:63420 - R:localhost/127.0.0.1:4444] for GET '/wd/hub/session/7ba8ff3bf30367aad55a4e3910d5e455/element/A58C181618818C893261E25B5565D6B4_element_16/text'
17:49:08.602 [AsyncHttpClient-1-2] DEBUG org.asynchttpclient.netty.handler.HttpHandler -- 

Request DefaultFullHttpRequest(decodeResult: success, version: HTTP/1.1, content: EmptyByteBufBE)
GET /wd/hub/session/7ba8ff3bf30367aad55a4e3910d5e455/element/A58C181618818C893261E25B5565D6B4_element_16/text HTTP/1.1
Cache-Control: no-cache
traceparent: 00-7f92d7c331b013a3cff2bb060b5b206c-50e9c3ae362446b7-01
User-Agent: selenium/4.13.0 (java windows)
Content-Type: application/json; charset=utf-8
host: localhost:4444
accept: */*

Response DefaultHttpResponse(decodeResult: success, version: HTTP/1.1)
HTTP/1.1 200 OK
content-length: 21
content-type: application/json; charset=utf-8
cache-control: no-cache

17:49:08.603 [AsyncHttpClient-1-2] DEBUG org.asynchttpclient.netty.channel.ChannelManager -- Adding key: http://localhost:4444 for channel [id: 0x020b4601, L:/127.0.0.1:63420 - R:localhost/127.0.0.1:4444]
17:49:08.613 [Forwarding findElement on session 7ba8ff3bf30367aad55a4e3910d5e455 to remote] DEBUG org.asynchttpclient.netty.request.NettyRequestSender -- Using pooled Channel '[id: 0x020b4601, L:/127.0.0.1:63420 - R:localhost/127.0.0.1:4444]' for 'POST' to 'http://localhost:4444/wd/hub/session/7ba8ff3bf30367aad55a4e3910d5e455/element'
17:49:08.613 [Forwarding findElement on session 7ba8ff3bf30367aad55a4e3910d5e455 to remote] DEBUG org.asynchttpclient.netty.request.NettyRequestSender -- Using open Channel [id: 0x020b4601, L:/127.0.0.1:63420 - R:localhost/127.0.0.1:4444] for POST '/wd/hub/session/7ba8ff3bf30367aad55a4e3910d5e455/element'
17:49:08.648 [AsyncHttpClient-1-2] DEBUG org.asynchttpclient.netty.handler.HttpHandler -- 

Request DefaultHttpRequest(decodeResult: success, version: HTTP/1.1)
POST /wd/hub/session/7ba8ff3bf30367aad55a4e3910d5e455/element HTTP/1.1
traceparent: 00-a47ad526b01a42cf52297dacb25249d2-ab764bdd668d55db-01
User-Agent: selenium/4.13.0 (java windows)
Content-Length: 53
Content-Type: application/json; charset=utf-8
host: localhost:4444
accept: */*

Response DefaultHttpResponse(decodeResult: success, version: HTTP/1.1)
HTTP/1.1 200 OK
content-length: 95
content-type: application/json; charset=utf-8
cache-control: no-cache

17:49:08.649 [AsyncHttpClient-1-2] DEBUG org.asynchttpclient.netty.channel.ChannelManager -- Adding key: http://localhost:4444 for channel [id: 0x020b4601, L:/127.0.0.1:63420 - R:localhost/127.0.0.1:4444]
17:49:08.651 [Forwarding getElementText on session 7ba8ff3bf30367aad55a4e3910d5e455 to remote] DEBUG org.asynchttpclient.netty.request.NettyRequestSender -- Using pooled Channel '[id: 0x020b4601, L:/127.0.0.1:63420 - R:localhost/127.0.0.1:4444]' for 'GET' to 'http://localhost:4444/wd/hub/session/7ba8ff3bf30367aad55a4e3910d5e455/element/A58C181618818C893261E25B5565D6B4_element_16/text'
17:49:08.651 [Forwarding getElementText on session 7ba8ff3bf30367aad55a4e3910d5e455 to remote] DEBUG org.asynchttpclient.netty.request.NettyRequestSender -- Using open Channel [id: 0x020b4601, L:/127.0.0.1:63420 - R:localhost/127.0.0.1:4444] for GET '/wd/hub/session/7ba8ff3bf30367aad55a4e3910d5e455/element/A58C181618818C893261E25B5565D6B4_element_16/text'
17:49:08.695 [AsyncHttpClient-1-2] DEBUG org.asynchttpclient.netty.handler.HttpHandler -- 

Request DefaultFullHttpRequest(decodeResult: success, version: HTTP/1.1, content: EmptyByteBufBE)
GET /wd/hub/session/7ba8ff3bf30367aad55a4e3910d5e455/element/A58C181618818C893261E25B5565D6B4_element_16/text HTTP/1.1
Cache-Control: no-cache
traceparent: 00-370052c11297d79f14b5afe82b00819c-e1e86d9bca038888-01
User-Agent: selenium/4.13.0 (java windows)
Content-Type: application/json; charset=utf-8
host: localhost:4444
accept: */*

Response DefaultHttpResponse(decodeResult: success, version: HTTP/1.1)
HTTP/1.1 200 OK
content-length: 21
content-type: application/json; charset=utf-8
cache-control: no-cache

17:49:08.696 [AsyncHttpClient-1-2] DEBUG org.asynchttpclient.netty.channel.ChannelManager -- Adding key: http://localhost:4444 for channel [id: 0x020b4601, L:/127.0.0.1:63420 - R:localhost/127.0.0.1:4444]
17:49:08.698 [Forwarding findElement on session 7ba8ff3bf30367aad55a4e3910d5e455 to remote] DEBUG org.asynchttpclient.netty.request.NettyRequestSender -- Using pooled Channel '[id: 0x020b4601, L:/127.0.0.1:63420 - R:localhost/127.0.0.1:4444]' for 'POST' to 'http://localhost:4444/wd/hub/session/7ba8ff3bf30367aad55a4e3910d5e455/element'
17:49:08.698 [Forwarding findElement on session 7ba8ff3bf30367aad55a4e3910d5e455 to remote] DEBUG org.asynchttpclient.netty.request.NettyRequestSender -- Using open Channel [id: 0x020b4601, L:/127.0.0.1:63420 - R:localhost/127.0.0.1:4444] for POST '/wd/hub/session/7ba8ff3bf30367aad55a4e3910d5e455/element'
17:49:08.740 [AsyncHttpClient-1-2] DEBUG org.asynchttpclient.netty.handler.HttpHandler -- 

Request DefaultHttpRequest(decodeResult: success, version: HTTP/1.1)
POST /wd/hub/session/7ba8ff3bf30367aad55a4e3910d5e455/element HTTP/1.1
traceparent: 00-729de4888d3b3d3a61ce4c3879042150-8b5a7fdc7a493d83-01
User-Agent: selenium/4.13.0 (java windows)
Content-Length: 50
Content-Type: application/json; charset=utf-8
host: localhost:4444
accept: */*

Response DefaultHttpResponse(decodeResult: success, version: HTTP/1.1)
HTTP/1.1 200 OK
content-length: 95
content-type: application/json; charset=utf-8
cache-control: no-cache

17:49:08.741 [AsyncHttpClient-1-2] DEBUG org.asynchttpclient.netty.channel.ChannelManager -- Adding key: http://localhost:4444 for channel [id: 0x020b4601, L:/127.0.0.1:63420 - R:localhost/127.0.0.1:4444]
17:49:08.744 [Forwarding getElementText on session 7ba8ff3bf30367aad55a4e3910d5e455 to remote] DEBUG org.asynchttpclient.netty.request.NettyRequestSender -- Using pooled Channel '[id: 0x020b4601, L:/127.0.0.1:63420 - R:localhost/127.0.0.1:4444]' for 'GET' to 'http://localhost:4444/wd/hub/session/7ba8ff3bf30367aad55a4e3910d5e455/element/A58C181618818C893261E25B5565D6B4_element_17/text'
17:49:08.744 [Forwarding getElementText on session 7ba8ff3bf30367aad55a4e3910d5e455 to remote] DEBUG org.asynchttpclient.netty.request.NettyRequestSender -- Using open Channel [id: 0x020b4601, L:/127.0.0.1:63420 - R:localhost/127.0.0.1:4444] for GET '/wd/hub/session/7ba8ff3bf30367aad55a4e3910d5e455/element/A58C181618818C893261E25B5565D6B4_element_17/text'
17:49:08.781 [AsyncHttpClient-1-2] DEBUG org.asynchttpclient.netty.handler.HttpHandler -- 

Request DefaultFullHttpRequest(decodeResult: success, version: HTTP/1.1, content: EmptyByteBufBE)
GET /wd/hub/session/7ba8ff3bf30367aad55a4e3910d5e455/element/A58C181618818C893261E25B5565D6B4_element_17/text HTTP/1.1
Cache-Control: no-cache
traceparent: 00-7d8913fabbc51606641024c59f06185c-f04f67aa4d504a19-01
User-Agent: selenium/4.13.0 (java windows)
Content-Type: application/json; charset=utf-8
host: localhost:4444
accept: */*

Response DefaultHttpResponse(decodeResult: success, version: HTTP/1.1)
HTTP/1.1 200 OK
content-length: 20
content-type: application/json; charset=utf-8
cache-control: no-cache

17:49:08.781 [AsyncHttpClient-1-2] DEBUG org.asynchttpclient.netty.channel.ChannelManager -- Adding key: http://localhost:4444 for channel [id: 0x020b4601, L:/127.0.0.1:63420 - R:localhost/127.0.0.1:4444]
17:49:08.787 [main] INFO helpers.LoggerHelper -- @Test: readFromArray has FAILED
17:49:08.787 [main] INFO helpers.LoggerHelper -- ######################################################################################
17:49:08.794 [Forwarding screenshot on session 7ba8ff3bf30367aad55a4e3910d5e455 to remote] DEBUG org.asynchttpclient.netty.request.NettyRequestSender -- Using pooled Channel '[id: 0x020b4601, L:/127.0.0.1:63420 - R:localhost/127.0.0.1:4444]' for 'GET' to 'http://localhost:4444/wd/hub/session/7ba8ff3bf30367aad55a4e3910d5e455/screenshot'
17:49:08.794 [Forwarding screenshot on session 7ba8ff3bf30367aad55a4e3910d5e455 to remote] DEBUG org.asynchttpclient.netty.request.NettyRequestSender -- Using open Channel [id: 0x020b4601, L:/127.0.0.1:63420 - R:localhost/127.0.0.1:4444] for GET '/wd/hub/session/7ba8ff3bf30367aad55a4e3910d5e455/screenshot'
17:49:09.085 [AsyncHttpClient-1-2] DEBUG org.asynchttpclient.netty.handler.HttpHandler -- 

Request DefaultFullHttpRequest(decodeResult: success, version: HTTP/1.1, content: EmptyByteBufBE)
GET /wd/hub/session/7ba8ff3bf30367aad55a4e3910d5e455/screenshot HTTP/1.1
Cache-Control: no-cache
traceparent: 00-994314bc82b6ef26b00a21ac6ad96ec8-cc600649f06cec47-01
User-Agent: selenium/4.13.0 (java windows)
Content-Type: application/json; charset=utf-8
host: localhost:4444
accept: */*

Response DefaultHttpResponse(decodeResult: success, version: HTTP/1.1)
HTTP/1.1 200 OK
content-length: 431932
content-type: application/json; charset=utf-8
cache-control: no-cache

17:49:09.099 [AsyncHttpClient-1-2] DEBUG org.asynchttpclient.netty.channel.ChannelManager -- Adding key: http://localhost:4444 for channel [id: 0x020b4601, L:/127.0.0.1:63420 - R:localhost/127.0.0.1:4444]
17:49:09.146 [main] INFO helpers.LoggerHelper -- Screenshot saved successfully.
]]></system-out>
    <system-err><![CDATA[Oct 27, 2023 5:48:57 PM org.openqa.selenium.remote.tracing.opentelemetry.OpenTelemetryTracer createTracer
INFO: Using OpenTelemetry for tracing
]]></system-err>
  </testcase>
  <testcase name="readFromArray[locked_out_user, secret_sauce](2)" classname="FrontEnd.SauceDemo.LoginWithDP" time="2.362">
    <failure message="The following asserts failed:&#10;	expected [fasdfads] but found [Swag Labs]" type="java.lang.AssertionError"><![CDATA[java.lang.AssertionError: 
The following asserts failed:
	expected [fasdfads] but found [Swag Labs]
	at org.testng.asserts.SoftAssert.assertAll(SoftAssert.java:47)
	at org.testng.asserts.SoftAssert.assertAll(SoftAssert.java:31)
	at helpers.AssertionsList.assertAll(AssertionsList.java:41)
	at FrontEnd.SauceDemo.LoginWithDP.readFromArray(LoginWithDP.java:78)
	at java.base/jdk.internal.reflect.NativeMethodAccessorImpl.invoke0(Native Method)
	at java.base/jdk.internal.reflect.NativeMethodAccessorImpl.invoke(NativeMethodAccessorImpl.java:62)
	at java.base/jdk.internal.reflect.DelegatingMethodAccessorImpl.invoke(DelegatingMethodAccessorImpl.java:43)
	at java.base/java.lang.reflect.Method.invoke(Method.java:566)
	at org.testng.internal.MethodInvocationHelper.invokeMethod(MethodInvocationHelper.java:133)
	at org.testng.internal.TestInvoker.invokeMethod(TestInvoker.java:598)
	at org.testng.internal.TestInvoker.invokeTestMethod(TestInvoker.java:173)
	at org.testng.internal.MethodRunner.runInSequence(MethodRunner.java:46)
	at org.testng.internal.TestInvoker$MethodInvocationAgent.invoke(TestInvoker.java:824)
	at org.testng.internal.TestInvoker.invokeTestMethods(TestInvoker.java:146)
	at org.testng.internal.TestMethodWorker.invokeTestMethods(TestMethodWorker.java:146)
	at org.testng.internal.TestMethodWorker.run(TestMethodWorker.java:128)
	at java.base/java.util.ArrayList.forEach(ArrayList.java:1540)
	at org.testng.TestRunner.privateRun(TestRunner.java:794)
	at org.testng.TestRunner.run(TestRunner.java:596)
	at org.testng.SuiteRunner.runTest(SuiteRunner.java:377)
	at org.testng.SuiteRunner.runSequentially(SuiteRunner.java:371)
	at org.testng.SuiteRunner.privateRun(SuiteRunner.java:332)
	at org.testng.SuiteRunner.run(SuiteRunner.java:276)
	at org.testng.SuiteRunnerWorker.runSuite(SuiteRunnerWorker.java:53)
	at org.testng.SuiteRunnerWorker.run(SuiteRunnerWorker.java:96)
	at org.testng.TestNG.runSuitesSequentially(TestNG.java:1212)
	at org.testng.TestNG.runSuitesLocally(TestNG.java:1134)
	at org.testng.TestNG.runSuites(TestNG.java:1063)
	at org.testng.TestNG.run(TestNG.java:1031)
	at org.apache.maven.surefire.testng.TestNGExecutor.run(TestNGExecutor.java:308)
	at org.apache.maven.surefire.testng.TestNGXmlTestSuite.execute(TestNGXmlTestSuite.java:71)
	at org.apache.maven.surefire.testng.TestNGProvider.invoke(TestNGProvider.java:113)
	at org.apache.maven.surefire.booter.ForkedBooter.runSuitesInProcess(ForkedBooter.java:385)
	at org.apache.maven.surefire.booter.ForkedBooter.execute(ForkedBooter.java:162)
	at org.apache.maven.surefire.booter.ForkedBooter.run(ForkedBooter.java:507)
	at org.apache.maven.surefire.booter.ForkedBooter.main(ForkedBooter.java:495)
]]></failure>
    <system-out><![CDATA[17:49:09.162 [main] INFO helpers.LoggerHelper -- @Test: readFromArray
17:49:09.163 [main] INFO helpers.LoggerHelper -- Description: Trying to read data from an array object
17:49:09.163 [main] INFO helpers.LoggerHelper -- ######################################################################################
17:49:09.167 [Forwarding get on session 7ba8ff3bf30367aad55a4e3910d5e455 to remote] DEBUG org.asynchttpclient.netty.request.NettyRequestSender -- Using pooled Channel '[id: 0x020b4601, L:/127.0.0.1:63420 - R:localhost/127.0.0.1:4444]' for 'POST' to 'http://localhost:4444/wd/hub/session/7ba8ff3bf30367aad55a4e3910d5e455/url'
17:49:09.167 [Forwarding get on session 7ba8ff3bf30367aad55a4e3910d5e455 to remote] DEBUG org.asynchttpclient.netty.request.NettyRequestSender -- Using open Channel [id: 0x020b4601, L:/127.0.0.1:63420 - R:localhost/127.0.0.1:4444] for POST '/wd/hub/session/7ba8ff3bf30367aad55a4e3910d5e455/url'
17:49:09.309 [AsyncHttpClient-1-2] DEBUG org.asynchttpclient.netty.handler.HttpHandler -- 

Request DefaultHttpRequest(decodeResult: success, version: HTTP/1.1)
POST /wd/hub/session/7ba8ff3bf30367aad55a4e3910d5e455/url HTTP/1.1
traceparent: 00-70b7746ce674a4ef02c4c56a194d9a87-fa29dc4d6dd09c7b-01
User-Agent: selenium/4.13.0 (java windows)
Content-Length: 43
Content-Type: application/json; charset=utf-8
host: localhost:4444
accept: */*

Response DefaultHttpResponse(decodeResult: success, version: HTTP/1.1)
HTTP/1.1 200 OK
content-length: 14
content-type: application/json; charset=utf-8
cache-control: no-cache

17:49:09.310 [AsyncHttpClient-1-2] DEBUG org.asynchttpclient.netty.channel.ChannelManager -- Adding key: http://localhost:4444 for channel [id: 0x020b4601, L:/127.0.0.1:63420 - R:localhost/127.0.0.1:4444]
17:49:09.312 [Forwarding findElement on session 7ba8ff3bf30367aad55a4e3910d5e455 to remote] DEBUG org.asynchttpclient.netty.request.NettyRequestSender -- Using pooled Channel '[id: 0x020b4601, L:/127.0.0.1:63420 - R:localhost/127.0.0.1:4444]' for 'POST' to 'http://localhost:4444/wd/hub/session/7ba8ff3bf30367aad55a4e3910d5e455/element'
17:49:09.312 [Forwarding findElement on session 7ba8ff3bf30367aad55a4e3910d5e455 to remote] DEBUG org.asynchttpclient.netty.request.NettyRequestSender -- Using open Channel [id: 0x020b4601, L:/127.0.0.1:63420 - R:localhost/127.0.0.1:4444] for POST '/wd/hub/session/7ba8ff3bf30367aad55a4e3910d5e455/element'
17:49:09.338 [AsyncHttpClient-1-2] DEBUG org.asynchttpclient.netty.handler.HttpHandler -- 

Request DefaultHttpRequest(decodeResult: success, version: HTTP/1.1)
POST /wd/hub/session/7ba8ff3bf30367aad55a4e3910d5e455/element HTTP/1.1
traceparent: 00-8f75906434d9391eca751aab3a1780d1-4efe55599ba4e709-01
User-Agent: selenium/4.13.0 (java windows)
Content-Length: 56
Content-Type: application/json; charset=utf-8
host: localhost:4444
accept: */*

Response DefaultHttpResponse(decodeResult: success, version: HTTP/1.1)
HTTP/1.1 200 OK
content-length: 95
content-type: application/json; charset=utf-8
cache-control: no-cache

17:49:09.338 [AsyncHttpClient-1-2] DEBUG org.asynchttpclient.netty.channel.ChannelManager -- Adding key: http://localhost:4444 for channel [id: 0x020b4601, L:/127.0.0.1:63420 - R:localhost/127.0.0.1:4444]
17:49:09.341 [Forwarding isElementDisplayed on session 7ba8ff3bf30367aad55a4e3910d5e455 to remote] DEBUG org.asynchttpclient.netty.request.NettyRequestSender -- Using pooled Channel '[id: 0x020b4601, L:/127.0.0.1:63420 - R:localhost/127.0.0.1:4444]' for 'POST' to 'http://localhost:4444/wd/hub/session/7ba8ff3bf30367aad55a4e3910d5e455/execute/sync'
17:49:09.341 [Forwarding isElementDisplayed on session 7ba8ff3bf30367aad55a4e3910d5e455 to remote] DEBUG org.asynchttpclient.netty.request.NettyRequestSender -- Using open Channel [id: 0x020b4601, L:/127.0.0.1:63420 - R:localhost/127.0.0.1:4444] for POST '/wd/hub/session/7ba8ff3bf30367aad55a4e3910d5e455/execute/sync'
17:49:09.374 [AsyncHttpClient-1-2] DEBUG org.asynchttpclient.netty.handler.HttpHandler -- 

Request DefaultHttpRequest(decodeResult: success, version: HTTP/1.1)
POST /wd/hub/session/7ba8ff3bf30367aad55a4e3910d5e455/execute/sync HTTP/1.1
traceparent: 00-8f3eff698ae837a2785706b1fbf4386e-c2935f4f62d28478-01
User-Agent: selenium/4.13.0 (java windows)
Content-Length: 48814
Content-Type: application/json; charset=utf-8
host: localhost:4444
accept: */*

Response DefaultHttpResponse(decodeResult: success, version: HTTP/1.1)
HTTP/1.1 200 OK
content-length: 14
content-type: application/json; charset=utf-8
cache-control: no-cache

17:49:09.375 [AsyncHttpClient-1-2] DEBUG org.asynchttpclient.netty.channel.ChannelManager -- Adding key: http://localhost:4444 for channel [id: 0x020b4601, L:/127.0.0.1:63420 - R:localhost/127.0.0.1:4444]
17:49:09.377 [Forwarding findElement on session 7ba8ff3bf30367aad55a4e3910d5e455 to remote] DEBUG org.asynchttpclient.netty.request.NettyRequestSender -- Using pooled Channel '[id: 0x020b4601, L:/127.0.0.1:63420 - R:localhost/127.0.0.1:4444]' for 'POST' to 'http://localhost:4444/wd/hub/session/7ba8ff3bf30367aad55a4e3910d5e455/element'
17:49:09.377 [Forwarding findElement on session 7ba8ff3bf30367aad55a4e3910d5e455 to remote] DEBUG org.asynchttpclient.netty.request.NettyRequestSender -- Using open Channel [id: 0x020b4601, L:/127.0.0.1:63420 - R:localhost/127.0.0.1:4444] for POST '/wd/hub/session/7ba8ff3bf30367aad55a4e3910d5e455/element'
17:49:09.403 [AsyncHttpClient-1-2] DEBUG org.asynchttpclient.netty.handler.HttpHandler -- 

Request DefaultHttpRequest(decodeResult: success, version: HTTP/1.1)
POST /wd/hub/session/7ba8ff3bf30367aad55a4e3910d5e455/element HTTP/1.1
traceparent: 00-5306a85e31ed80d3f8f74c93d2eb19d7-d7f79520a56aef25-01
User-Agent: selenium/4.13.0 (java windows)
Content-Length: 56
Content-Type: application/json; charset=utf-8
host: localhost:4444
accept: */*

Response DefaultHttpResponse(decodeResult: success, version: HTTP/1.1)
HTTP/1.1 200 OK
content-length: 95
content-type: application/json; charset=utf-8
cache-control: no-cache

17:49:09.403 [AsyncHttpClient-1-2] DEBUG org.asynchttpclient.netty.channel.ChannelManager -- Adding key: http://localhost:4444 for channel [id: 0x020b4601, L:/127.0.0.1:63420 - R:localhost/127.0.0.1:4444]
17:49:09.405 [Forwarding sendKeysToElement on session 7ba8ff3bf30367aad55a4e3910d5e455 to remote] DEBUG org.asynchttpclient.netty.request.NettyRequestSender -- Using pooled Channel '[id: 0x020b4601, L:/127.0.0.1:63420 - R:localhost/127.0.0.1:4444]' for 'POST' to 'http://localhost:4444/wd/hub/session/7ba8ff3bf30367aad55a4e3910d5e455/element/CFD7B54EAD99FB12BDA0964E4A51D79A_element_26/value'
17:49:09.405 [Forwarding sendKeysToElement on session 7ba8ff3bf30367aad55a4e3910d5e455 to remote] DEBUG org.asynchttpclient.netty.request.NettyRequestSender -- Using open Channel [id: 0x020b4601, L:/127.0.0.1:63420 - R:localhost/127.0.0.1:4444] for POST '/wd/hub/session/7ba8ff3bf30367aad55a4e3910d5e455/element/CFD7B54EAD99FB12BDA0964E4A51D79A_element_26/value'
17:49:09.528 [AsyncHttpClient-1-2] DEBUG org.asynchttpclient.netty.handler.HttpHandler -- 

Request DefaultHttpRequest(decodeResult: success, version: HTTP/1.1)
POST /wd/hub/session/7ba8ff3bf30367aad55a4e3910d5e455/element/CFD7B54EAD99FB12BDA0964E4A51D79A_element_26/value HTTP/1.1
traceparent: 00-5528fb60606a14a49e9cffdafb13dea2-6bbccb78e5f86fad-01
User-Agent: selenium/4.13.0 (java windows)
Content-Length: 238
Content-Type: application/json; charset=utf-8
host: localhost:4444
accept: */*

Response DefaultHttpResponse(decodeResult: success, version: HTTP/1.1)
HTTP/1.1 200 OK
content-length: 14
content-type: application/json; charset=utf-8
cache-control: no-cache

17:49:09.528 [AsyncHttpClient-1-2] DEBUG org.asynchttpclient.netty.channel.ChannelManager -- Adding key: http://localhost:4444 for channel [id: 0x020b4601, L:/127.0.0.1:63420 - R:localhost/127.0.0.1:4444]
17:49:09.530 [Forwarding findElement on session 7ba8ff3bf30367aad55a4e3910d5e455 to remote] DEBUG org.asynchttpclient.netty.request.NettyRequestSender -- Using pooled Channel '[id: 0x020b4601, L:/127.0.0.1:63420 - R:localhost/127.0.0.1:4444]' for 'POST' to 'http://localhost:4444/wd/hub/session/7ba8ff3bf30367aad55a4e3910d5e455/element'
17:49:09.530 [Forwarding findElement on session 7ba8ff3bf30367aad55a4e3910d5e455 to remote] DEBUG org.asynchttpclient.netty.request.NettyRequestSender -- Using open Channel [id: 0x020b4601, L:/127.0.0.1:63420 - R:localhost/127.0.0.1:4444] for POST '/wd/hub/session/7ba8ff3bf30367aad55a4e3910d5e455/element'
17:49:09.555 [AsyncHttpClient-1-2] DEBUG org.asynchttpclient.netty.handler.HttpHandler -- 

Request DefaultHttpRequest(decodeResult: success, version: HTTP/1.1)
POST /wd/hub/session/7ba8ff3bf30367aad55a4e3910d5e455/element HTTP/1.1
traceparent: 00-da1d1e8aef404a4269a4dac97466362b-87c9f9fa24815f1e-01
User-Agent: selenium/4.13.0 (java windows)
Content-Length: 56
Content-Type: application/json; charset=utf-8
host: localhost:4444
accept: */*

Response DefaultHttpResponse(decodeResult: success, version: HTTP/1.1)
HTTP/1.1 200 OK
content-length: 95
content-type: application/json; charset=utf-8
cache-control: no-cache

17:49:09.555 [AsyncHttpClient-1-2] DEBUG org.asynchttpclient.netty.channel.ChannelManager -- Adding key: http://localhost:4444 for channel [id: 0x020b4601, L:/127.0.0.1:63420 - R:localhost/127.0.0.1:4444]
17:49:09.558 [Forwarding getElementAttribute on session 7ba8ff3bf30367aad55a4e3910d5e455 to remote] DEBUG org.asynchttpclient.netty.request.NettyRequestSender -- Using pooled Channel '[id: 0x020b4601, L:/127.0.0.1:63420 - R:localhost/127.0.0.1:4444]' for 'POST' to 'http://localhost:4444/wd/hub/session/7ba8ff3bf30367aad55a4e3910d5e455/execute/sync'
17:49:09.558 [Forwarding getElementAttribute on session 7ba8ff3bf30367aad55a4e3910d5e455 to remote] DEBUG org.asynchttpclient.netty.request.NettyRequestSender -- Using open Channel [id: 0x020b4601, L:/127.0.0.1:63420 - R:localhost/127.0.0.1:4444] for POST '/wd/hub/session/7ba8ff3bf30367aad55a4e3910d5e455/execute/sync'
17:49:09.589 [AsyncHttpClient-1-2] DEBUG org.asynchttpclient.netty.handler.HttpHandler -- 

Request DefaultHttpRequest(decodeResult: success, version: HTTP/1.1)
POST /wd/hub/session/7ba8ff3bf30367aad55a4e3910d5e455/execute/sync HTTP/1.1
traceparent: 00-77604b193eb08bd7d7b7fdac5c633c11-f19ebef73cf24e93-01
User-Agent: selenium/4.13.0 (java windows)
Content-Length: 47379
Content-Type: application/json; charset=utf-8
host: localhost:4444
accept: */*

Response DefaultHttpResponse(decodeResult: success, version: HTTP/1.1)
HTTP/1.1 200 OK
content-length: 225
content-type: application/json; charset=utf-8
cache-control: no-cache

17:49:09.589 [AsyncHttpClient-1-2] DEBUG org.asynchttpclient.netty.channel.ChannelManager -- Adding key: http://localhost:4444 for channel [id: 0x020b4601, L:/127.0.0.1:63420 - R:localhost/127.0.0.1:4444]
17:49:09.592 [Forwarding getElementAttribute on session 7ba8ff3bf30367aad55a4e3910d5e455 to remote] DEBUG org.asynchttpclient.netty.request.NettyRequestSender -- Using pooled Channel '[id: 0x020b4601, L:/127.0.0.1:63420 - R:localhost/127.0.0.1:4444]' for 'POST' to 'http://localhost:4444/wd/hub/session/7ba8ff3bf30367aad55a4e3910d5e455/execute/sync'
17:49:09.592 [Forwarding getElementAttribute on session 7ba8ff3bf30367aad55a4e3910d5e455 to remote] DEBUG org.asynchttpclient.netty.request.NettyRequestSender -- Using open Channel [id: 0x020b4601, L:/127.0.0.1:63420 - R:localhost/127.0.0.1:4444] for POST '/wd/hub/session/7ba8ff3bf30367aad55a4e3910d5e455/execute/sync'
17:49:09.657 [AsyncHttpClient-1-2] DEBUG org.asynchttpclient.netty.handler.HttpHandler -- 

Request DefaultHttpRequest(decodeResult: success, version: HTTP/1.1)
POST /wd/hub/session/7ba8ff3bf30367aad55a4e3910d5e455/execute/sync HTTP/1.1
traceparent: 00-4e484a84242b218a019b6464d889032d-c614f36bd090db71-01
User-Agent: selenium/4.13.0 (java windows)
Content-Length: 47375
Content-Type: application/json; charset=utf-8
host: localhost:4444
accept: */*

Response DefaultHttpResponse(decodeResult: success, version: HTTP/1.1)
HTTP/1.1 200 OK
content-length: 34
content-type: application/json; charset=utf-8
cache-control: no-cache

17:49:09.658 [AsyncHttpClient-1-2] DEBUG org.asynchttpclient.netty.channel.ChannelManager -- Adding key: http://localhost:4444 for channel [id: 0x020b4601, L:/127.0.0.1:63420 - R:localhost/127.0.0.1:4444]
17:49:09.663 [Forwarding getElementAttribute on session 7ba8ff3bf30367aad55a4e3910d5e455 to remote] DEBUG org.asynchttpclient.netty.request.NettyRequestSender -- Using pooled Channel '[id: 0x020b4601, L:/127.0.0.1:63420 - R:localhost/127.0.0.1:4444]' for 'POST' to 'http://localhost:4444/wd/hub/session/7ba8ff3bf30367aad55a4e3910d5e455/execute/sync'
17:49:09.663 [Forwarding getElementAttribute on session 7ba8ff3bf30367aad55a4e3910d5e455 to remote] DEBUG org.asynchttpclient.netty.request.NettyRequestSender -- Using open Channel [id: 0x020b4601, L:/127.0.0.1:63420 - R:localhost/127.0.0.1:4444] for POST '/wd/hub/session/7ba8ff3bf30367aad55a4e3910d5e455/execute/sync'
17:49:09.732 [AsyncHttpClient-1-2] DEBUG org.asynchttpclient.netty.handler.HttpHandler -- 

Request DefaultHttpRequest(decodeResult: success, version: HTTP/1.1)
POST /wd/hub/session/7ba8ff3bf30367aad55a4e3910d5e455/execute/sync HTTP/1.1
traceparent: 00-ec8a17431b09cac9283b297ed741c917-8b87cb818e35254a-01
User-Agent: selenium/4.13.0 (java windows)
Content-Length: 47381
Content-Type: application/json; charset=utf-8
host: localhost:4444
accept: */*

Response DefaultHttpResponse(decodeResult: success, version: HTTP/1.1)
HTTP/1.1 200 OK
content-length: 20
content-type: application/json; charset=utf-8
cache-control: no-cache

17:49:09.732 [AsyncHttpClient-1-2] DEBUG org.asynchttpclient.netty.channel.ChannelManager -- Adding key: http://localhost:4444 for channel [id: 0x020b4601, L:/127.0.0.1:63420 - R:localhost/127.0.0.1:4444]
17:49:09.737 [Forwarding getElementAttribute on session 7ba8ff3bf30367aad55a4e3910d5e455 to remote] DEBUG org.asynchttpclient.netty.request.NettyRequestSender -- Using pooled Channel '[id: 0x020b4601, L:/127.0.0.1:63420 - R:localhost/127.0.0.1:4444]' for 'POST' to 'http://localhost:4444/wd/hub/session/7ba8ff3bf30367aad55a4e3910d5e455/execute/sync'
17:49:09.737 [Forwarding getElementAttribute on session 7ba8ff3bf30367aad55a4e3910d5e455 to remote] DEBUG org.asynchttpclient.netty.request.NettyRequestSender -- Using open Channel [id: 0x020b4601, L:/127.0.0.1:63420 - R:localhost/127.0.0.1:4444] for POST '/wd/hub/session/7ba8ff3bf30367aad55a4e3910d5e455/execute/sync'
17:49:09.782 [AsyncHttpClient-1-2] DEBUG org.asynchttpclient.netty.handler.HttpHandler -- 

Request DefaultHttpRequest(decodeResult: success, version: HTTP/1.1)
POST /wd/hub/session/7ba8ff3bf30367aad55a4e3910d5e455/execute/sync HTTP/1.1
traceparent: 00-ce1fa15bd64ffc851e07aded2e46442e-df1ead0503811488-01
User-Agent: selenium/4.13.0 (java windows)
Content-Length: 47374
Content-Type: application/json; charset=utf-8
host: localhost:4444
accept: */*

Response DefaultHttpResponse(decodeResult: success, version: HTTP/1.1)
HTTP/1.1 200 OK
content-length: 16
content-type: application/json; charset=utf-8
cache-control: no-cache

17:49:09.782 [AsyncHttpClient-1-2] DEBUG org.asynchttpclient.netty.channel.ChannelManager -- Adding key: http://localhost:4444 for channel [id: 0x020b4601, L:/127.0.0.1:63420 - R:localhost/127.0.0.1:4444]
17:49:09.786 [Forwarding getElementAttribute on session 7ba8ff3bf30367aad55a4e3910d5e455 to remote] DEBUG org.asynchttpclient.netty.request.NettyRequestSender -- Using pooled Channel '[id: 0x020b4601, L:/127.0.0.1:63420 - R:localhost/127.0.0.1:4444]' for 'POST' to 'http://localhost:4444/wd/hub/session/7ba8ff3bf30367aad55a4e3910d5e455/execute/sync'
17:49:09.786 [Forwarding getElementAttribute on session 7ba8ff3bf30367aad55a4e3910d5e455 to remote] DEBUG org.asynchttpclient.netty.request.NettyRequestSender -- Using open Channel [id: 0x020b4601, L:/127.0.0.1:63420 - R:localhost/127.0.0.1:4444] for POST '/wd/hub/session/7ba8ff3bf30367aad55a4e3910d5e455/execute/sync'
17:49:09.826 [AsyncHttpClient-1-2] DEBUG org.asynchttpclient.netty.handler.HttpHandler -- 

Request DefaultHttpRequest(decodeResult: success, version: HTTP/1.1)
POST /wd/hub/session/7ba8ff3bf30367aad55a4e3910d5e455/execute/sync HTTP/1.1
traceparent: 00-7aba704ff6fc389ae9b2550964be9daf-43bbc2e6ca72d22f-01
User-Agent: selenium/4.13.0 (java windows)
Content-Length: 47379
Content-Type: application/json; charset=utf-8
host: localhost:4444
accept: */*

Response DefaultHttpResponse(decodeResult: success, version: HTTP/1.1)
HTTP/1.1 200 OK
content-length: 20
content-type: application/json; charset=utf-8
cache-control: no-cache

17:49:09.826 [AsyncHttpClient-1-2] DEBUG org.asynchttpclient.netty.channel.ChannelManager -- Adding key: http://localhost:4444 for channel [id: 0x020b4601, L:/127.0.0.1:63420 - R:localhost/127.0.0.1:4444]
17:49:09.830 [Forwarding getElementAttribute on session 7ba8ff3bf30367aad55a4e3910d5e455 to remote] DEBUG org.asynchttpclient.netty.request.NettyRequestSender -- Using pooled Channel '[id: 0x020b4601, L:/127.0.0.1:63420 - R:localhost/127.0.0.1:4444]' for 'POST' to 'http://localhost:4444/wd/hub/session/7ba8ff3bf30367aad55a4e3910d5e455/execute/sync'
17:49:09.830 [Forwarding getElementAttribute on session 7ba8ff3bf30367aad55a4e3910d5e455 to remote] DEBUG org.asynchttpclient.netty.request.NettyRequestSender -- Using open Channel [id: 0x020b4601, L:/127.0.0.1:63420 - R:localhost/127.0.0.1:4444] for POST '/wd/hub/session/7ba8ff3bf30367aad55a4e3910d5e455/execute/sync'
17:49:09.867 [AsyncHttpClient-1-2] DEBUG org.asynchttpclient.netty.handler.HttpHandler -- 

Request DefaultHttpRequest(decodeResult: success, version: HTTP/1.1)
POST /wd/hub/session/7ba8ff3bf30367aad55a4e3910d5e455/execute/sync HTTP/1.1
traceparent: 00-08af61a072822cf1992a7a1379c5c634-8e59ebbf5ed042fb-01
User-Agent: selenium/4.13.0 (java windows)
Content-Length: 47372
Content-Type: application/json; charset=utf-8
host: localhost:4444
accept: */*

Response DefaultHttpResponse(decodeResult: success, version: HTTP/1.1)
HTTP/1.1 200 OK
content-length: 21
content-type: application/json; charset=utf-8
cache-control: no-cache

17:49:09.867 [AsyncHttpClient-1-2] DEBUG org.asynchttpclient.netty.channel.ChannelManager -- Adding key: http://localhost:4444 for channel [id: 0x020b4601, L:/127.0.0.1:63420 - R:localhost/127.0.0.1:4444]
17:49:09.869 [Forwarding getElementAttribute on session 7ba8ff3bf30367aad55a4e3910d5e455 to remote] DEBUG org.asynchttpclient.netty.request.NettyRequestSender -- Using pooled Channel '[id: 0x020b4601, L:/127.0.0.1:63420 - R:localhost/127.0.0.1:4444]' for 'POST' to 'http://localhost:4444/wd/hub/session/7ba8ff3bf30367aad55a4e3910d5e455/execute/sync'
17:49:09.870 [Forwarding getElementAttribute on session 7ba8ff3bf30367aad55a4e3910d5e455 to remote] DEBUG org.asynchttpclient.netty.request.NettyRequestSender -- Using open Channel [id: 0x020b4601, L:/127.0.0.1:63420 - R:localhost/127.0.0.1:4444] for POST '/wd/hub/session/7ba8ff3bf30367aad55a4e3910d5e455/execute/sync'
17:49:09.898 [AsyncHttpClient-1-2] DEBUG org.asynchttpclient.netty.handler.HttpHandler -- 

Request DefaultHttpRequest(decodeResult: success, version: HTTP/1.1)
POST /wd/hub/session/7ba8ff3bf30367aad55a4e3910d5e455/execute/sync HTTP/1.1
traceparent: 00-c0ec9389dff96e1d9cc4188930fe7364-737b8f7bc554274b-01
User-Agent: selenium/4.13.0 (java windows)
Content-Length: 47374
Content-Type: application/json; charset=utf-8
host: localhost:4444
accept: */*

Response DefaultHttpResponse(decodeResult: success, version: HTTP/1.1)
HTTP/1.1 200 OK
content-length: 21
content-type: application/json; charset=utf-8
cache-control: no-cache

17:49:09.899 [AsyncHttpClient-1-2] DEBUG org.asynchttpclient.netty.channel.ChannelManager -- Adding key: http://localhost:4444 for channel [id: 0x020b4601, L:/127.0.0.1:63420 - R:localhost/127.0.0.1:4444]
17:49:09.901 [Forwarding getElementAttribute on session 7ba8ff3bf30367aad55a4e3910d5e455 to remote] DEBUG org.asynchttpclient.netty.request.NettyRequestSender -- Using pooled Channel '[id: 0x020b4601, L:/127.0.0.1:63420 - R:localhost/127.0.0.1:4444]' for 'POST' to 'http://localhost:4444/wd/hub/session/7ba8ff3bf30367aad55a4e3910d5e455/execute/sync'
17:49:09.901 [Forwarding getElementAttribute on session 7ba8ff3bf30367aad55a4e3910d5e455 to remote] DEBUG org.asynchttpclient.netty.request.NettyRequestSender -- Using open Channel [id: 0x020b4601, L:/127.0.0.1:63420 - R:localhost/127.0.0.1:4444] for POST '/wd/hub/session/7ba8ff3bf30367aad55a4e3910d5e455/execute/sync'
17:49:09.929 [AsyncHttpClient-1-2] DEBUG org.asynchttpclient.netty.handler.HttpHandler -- 

Request DefaultHttpRequest(decodeResult: success, version: HTTP/1.1)
POST /wd/hub/session/7ba8ff3bf30367aad55a4e3910d5e455/execute/sync HTTP/1.1
traceparent: 00-8a1a3dbb618b6cdaefbe563f2aafa857-bd7456616ea30ae7-01
User-Agent: selenium/4.13.0 (java windows)
Content-Length: 47381
Content-Type: application/json; charset=utf-8
host: localhost:4444
accept: */*

Response DefaultHttpResponse(decodeResult: success, version: HTTP/1.1)
HTTP/1.1 200 OK
content-length: 15
content-type: application/json; charset=utf-8
cache-control: no-cache

17:49:09.930 [AsyncHttpClient-1-2] DEBUG org.asynchttpclient.netty.channel.ChannelManager -- Adding key: http://localhost:4444 for channel [id: 0x020b4601, L:/127.0.0.1:63420 - R:localhost/127.0.0.1:4444]
17:49:09.932 [Forwarding getElementAttribute on session 7ba8ff3bf30367aad55a4e3910d5e455 to remote] DEBUG org.asynchttpclient.netty.request.NettyRequestSender -- Using pooled Channel '[id: 0x020b4601, L:/127.0.0.1:63420 - R:localhost/127.0.0.1:4444]' for 'POST' to 'http://localhost:4444/wd/hub/session/7ba8ff3bf30367aad55a4e3910d5e455/execute/sync'
17:49:09.932 [Forwarding getElementAttribute on session 7ba8ff3bf30367aad55a4e3910d5e455 to remote] DEBUG org.asynchttpclient.netty.request.NettyRequestSender -- Using open Channel [id: 0x020b4601, L:/127.0.0.1:63420 - R:localhost/127.0.0.1:4444] for POST '/wd/hub/session/7ba8ff3bf30367aad55a4e3910d5e455/execute/sync'
17:49:09.963 [AsyncHttpClient-1-2] DEBUG org.asynchttpclient.netty.handler.HttpHandler -- 

Request DefaultHttpRequest(decodeResult: success, version: HTTP/1.1)
POST /wd/hub/session/7ba8ff3bf30367aad55a4e3910d5e455/execute/sync HTTP/1.1
traceparent: 00-b0040624adde2102bd416c6cf4491932-ebc3a1a6b7cccae7-01
User-Agent: selenium/4.13.0 (java windows)
Content-Length: 47384
Content-Type: application/json; charset=utf-8
host: localhost:4444
accept: */*

Response DefaultHttpResponse(decodeResult: success, version: HTTP/1.1)
HTTP/1.1 200 OK
content-length: 16
content-type: application/json; charset=utf-8
cache-control: no-cache

17:49:09.963 [AsyncHttpClient-1-2] DEBUG org.asynchttpclient.netty.channel.ChannelManager -- Adding key: http://localhost:4444 for channel [id: 0x020b4601, L:/127.0.0.1:63420 - R:localhost/127.0.0.1:4444]
17:49:09.967 [Forwarding getElementAttribute on session 7ba8ff3bf30367aad55a4e3910d5e455 to remote] DEBUG org.asynchttpclient.netty.request.NettyRequestSender -- Using pooled Channel '[id: 0x020b4601, L:/127.0.0.1:63420 - R:localhost/127.0.0.1:4444]' for 'POST' to 'http://localhost:4444/wd/hub/session/7ba8ff3bf30367aad55a4e3910d5e455/execute/sync'
17:49:09.967 [Forwarding getElementAttribute on session 7ba8ff3bf30367aad55a4e3910d5e455 to remote] DEBUG org.asynchttpclient.netty.request.NettyRequestSender -- Using open Channel [id: 0x020b4601, L:/127.0.0.1:63420 - R:localhost/127.0.0.1:4444] for POST '/wd/hub/session/7ba8ff3bf30367aad55a4e3910d5e455/execute/sync'
17:49:10.007 [AsyncHttpClient-1-2] DEBUG org.asynchttpclient.netty.handler.HttpHandler -- 

Request DefaultHttpRequest(decodeResult: success, version: HTTP/1.1)
POST /wd/hub/session/7ba8ff3bf30367aad55a4e3910d5e455/execute/sync HTTP/1.1
traceparent: 00-dfc807302ce806d0e35044f3d980fa52-6f7079ef0e304846-01
User-Agent: selenium/4.13.0 (java windows)
Content-Length: 47375
Content-Type: application/json; charset=utf-8
host: localhost:4444
accept: */*

Response DefaultHttpResponse(decodeResult: success, version: HTTP/1.1)
HTTP/1.1 200 OK
content-length: 27
content-type: application/json; charset=utf-8
cache-control: no-cache

17:49:10.008 [AsyncHttpClient-1-2] DEBUG org.asynchttpclient.netty.channel.ChannelManager -- Adding key: http://localhost:4444 for channel [id: 0x020b4601, L:/127.0.0.1:63420 - R:localhost/127.0.0.1:4444]
17:49:10.009 [main] INFO helpers.LoggerHelper -- Testing user: locked_out_user
17:49:10.010 [Forwarding findElement on session 7ba8ff3bf30367aad55a4e3910d5e455 to remote] DEBUG org.asynchttpclient.netty.request.NettyRequestSender -- Using pooled Channel '[id: 0x020b4601, L:/127.0.0.1:63420 - R:localhost/127.0.0.1:4444]' for 'POST' to 'http://localhost:4444/wd/hub/session/7ba8ff3bf30367aad55a4e3910d5e455/element'
17:49:10.010 [Forwarding findElement on session 7ba8ff3bf30367aad55a4e3910d5e455 to remote] DEBUG org.asynchttpclient.netty.request.NettyRequestSender -- Using open Channel [id: 0x020b4601, L:/127.0.0.1:63420 - R:localhost/127.0.0.1:4444] for POST '/wd/hub/session/7ba8ff3bf30367aad55a4e3910d5e455/element'
17:49:10.040 [AsyncHttpClient-1-2] DEBUG org.asynchttpclient.netty.handler.HttpHandler -- 

Request DefaultHttpRequest(decodeResult: success, version: HTTP/1.1)
POST /wd/hub/session/7ba8ff3bf30367aad55a4e3910d5e455/element HTTP/1.1
traceparent: 00-ebe4a85f9660140fce9a31871088fbeb-c85dcb836bbac10c-01
User-Agent: selenium/4.13.0 (java windows)
Content-Length: 53
Content-Type: application/json; charset=utf-8
host: localhost:4444
accept: */*

Response DefaultHttpResponse(decodeResult: success, version: HTTP/1.1)
HTTP/1.1 200 OK
content-length: 95
content-type: application/json; charset=utf-8
cache-control: no-cache

17:49:10.041 [AsyncHttpClient-1-2] DEBUG org.asynchttpclient.netty.channel.ChannelManager -- Adding key: http://localhost:4444 for channel [id: 0x020b4601, L:/127.0.0.1:63420 - R:localhost/127.0.0.1:4444]
17:49:10.044 [Forwarding isElementDisplayed on session 7ba8ff3bf30367aad55a4e3910d5e455 to remote] DEBUG org.asynchttpclient.netty.request.NettyRequestSender -- Using pooled Channel '[id: 0x020b4601, L:/127.0.0.1:63420 - R:localhost/127.0.0.1:4444]' for 'POST' to 'http://localhost:4444/wd/hub/session/7ba8ff3bf30367aad55a4e3910d5e455/execute/sync'
17:49:10.044 [Forwarding isElementDisplayed on session 7ba8ff3bf30367aad55a4e3910d5e455 to remote] DEBUG org.asynchttpclient.netty.request.NettyRequestSender -- Using open Channel [id: 0x020b4601, L:/127.0.0.1:63420 - R:localhost/127.0.0.1:4444] for POST '/wd/hub/session/7ba8ff3bf30367aad55a4e3910d5e455/execute/sync'
17:49:10.079 [AsyncHttpClient-1-2] DEBUG org.asynchttpclient.netty.handler.HttpHandler -- 

Request DefaultHttpRequest(decodeResult: success, version: HTTP/1.1)
POST /wd/hub/session/7ba8ff3bf30367aad55a4e3910d5e455/execute/sync HTTP/1.1
traceparent: 00-b39eda2dff31609e8edd1bfa1b1388ba-ea7cf2ece28da35a-01
User-Agent: selenium/4.13.0 (java windows)
Content-Length: 48814
Content-Type: application/json; charset=utf-8
host: localhost:4444
accept: */*

Response DefaultHttpResponse(decodeResult: success, version: HTTP/1.1)
HTTP/1.1 200 OK
content-length: 14
content-type: application/json; charset=utf-8
cache-control: no-cache

17:49:10.079 [AsyncHttpClient-1-2] DEBUG org.asynchttpclient.netty.channel.ChannelManager -- Adding key: http://localhost:4444 for channel [id: 0x020b4601, L:/127.0.0.1:63420 - R:localhost/127.0.0.1:4444]
17:49:10.082 [Forwarding findElement on session 7ba8ff3bf30367aad55a4e3910d5e455 to remote] DEBUG org.asynchttpclient.netty.request.NettyRequestSender -- Using pooled Channel '[id: 0x020b4601, L:/127.0.0.1:63420 - R:localhost/127.0.0.1:4444]' for 'POST' to 'http://localhost:4444/wd/hub/session/7ba8ff3bf30367aad55a4e3910d5e455/element'
17:49:10.082 [Forwarding findElement on session 7ba8ff3bf30367aad55a4e3910d5e455 to remote] DEBUG org.asynchttpclient.netty.request.NettyRequestSender -- Using open Channel [id: 0x020b4601, L:/127.0.0.1:63420 - R:localhost/127.0.0.1:4444] for POST '/wd/hub/session/7ba8ff3bf30367aad55a4e3910d5e455/element'
17:49:10.116 [AsyncHttpClient-1-2] DEBUG org.asynchttpclient.netty.handler.HttpHandler -- 

Request DefaultHttpRequest(decodeResult: success, version: HTTP/1.1)
POST /wd/hub/session/7ba8ff3bf30367aad55a4e3910d5e455/element HTTP/1.1
traceparent: 00-4fe1c14b8bafb84d54772ad61e33a022-c43bda2c62ac67ef-01
User-Agent: selenium/4.13.0 (java windows)
Content-Length: 53
Content-Type: application/json; charset=utf-8
host: localhost:4444
accept: */*

Response DefaultHttpResponse(decodeResult: success, version: HTTP/1.1)
HTTP/1.1 200 OK
content-length: 95
content-type: application/json; charset=utf-8
cache-control: no-cache

17:49:10.116 [AsyncHttpClient-1-2] DEBUG org.asynchttpclient.netty.channel.ChannelManager -- Adding key: http://localhost:4444 for channel [id: 0x020b4601, L:/127.0.0.1:63420 - R:localhost/127.0.0.1:4444]
17:49:10.119 [Forwarding sendKeysToElement on session 7ba8ff3bf30367aad55a4e3910d5e455 to remote] DEBUG org.asynchttpclient.netty.request.NettyRequestSender -- Using pooled Channel '[id: 0x020b4601, L:/127.0.0.1:63420 - R:localhost/127.0.0.1:4444]' for 'POST' to 'http://localhost:4444/wd/hub/session/7ba8ff3bf30367aad55a4e3910d5e455/element/CFD7B54EAD99FB12BDA0964E4A51D79A_element_23/value'
17:49:10.119 [Forwarding sendKeysToElement on session 7ba8ff3bf30367aad55a4e3910d5e455 to remote] DEBUG org.asynchttpclient.netty.request.NettyRequestSender -- Using open Channel [id: 0x020b4601, L:/127.0.0.1:63420 - R:localhost/127.0.0.1:4444] for POST '/wd/hub/session/7ba8ff3bf30367aad55a4e3910d5e455/element/CFD7B54EAD99FB12BDA0964E4A51D79A_element_23/value'
17:49:10.237 [AsyncHttpClient-1-2] DEBUG org.asynchttpclient.netty.handler.HttpHandler -- 

Request DefaultHttpRequest(decodeResult: success, version: HTTP/1.1)
POST /wd/hub/session/7ba8ff3bf30367aad55a4e3910d5e455/element/CFD7B54EAD99FB12BDA0964E4A51D79A_element_23/value HTTP/1.1
traceparent: 00-8497183caeeb362a9336183e99b39477-7ede6044296a2da1-01
User-Agent: selenium/4.13.0 (java windows)
Content-Length: 208
Content-Type: application/json; charset=utf-8
host: localhost:4444
accept: */*

Response DefaultHttpResponse(decodeResult: success, version: HTTP/1.1)
HTTP/1.1 200 OK
content-length: 14
content-type: application/json; charset=utf-8
cache-control: no-cache

17:49:10.237 [AsyncHttpClient-1-2] DEBUG org.asynchttpclient.netty.channel.ChannelManager -- Adding key: http://localhost:4444 for channel [id: 0x020b4601, L:/127.0.0.1:63420 - R:localhost/127.0.0.1:4444]
17:49:10.239 [Forwarding findElement on session 7ba8ff3bf30367aad55a4e3910d5e455 to remote] DEBUG org.asynchttpclient.netty.request.NettyRequestSender -- Using pooled Channel '[id: 0x020b4601, L:/127.0.0.1:63420 - R:localhost/127.0.0.1:4444]' for 'POST' to 'http://localhost:4444/wd/hub/session/7ba8ff3bf30367aad55a4e3910d5e455/element'
17:49:10.240 [Forwarding findElement on session 7ba8ff3bf30367aad55a4e3910d5e455 to remote] DEBUG org.asynchttpclient.netty.request.NettyRequestSender -- Using open Channel [id: 0x020b4601, L:/127.0.0.1:63420 - R:localhost/127.0.0.1:4444] for POST '/wd/hub/session/7ba8ff3bf30367aad55a4e3910d5e455/element'
17:49:10.265 [AsyncHttpClient-1-2] DEBUG org.asynchttpclient.netty.handler.HttpHandler -- 

Request DefaultHttpRequest(decodeResult: success, version: HTTP/1.1)
POST /wd/hub/session/7ba8ff3bf30367aad55a4e3910d5e455/element HTTP/1.1
traceparent: 00-fcbde3238bab8465360ab00de405f4a2-e06953bdc12b10b8-01
User-Agent: selenium/4.13.0 (java windows)
Content-Length: 53
Content-Type: application/json; charset=utf-8
host: localhost:4444
accept: */*

Response DefaultHttpResponse(decodeResult: success, version: HTTP/1.1)
HTTP/1.1 200 OK
content-length: 95
content-type: application/json; charset=utf-8
cache-control: no-cache

17:49:10.266 [AsyncHttpClient-1-2] DEBUG org.asynchttpclient.netty.channel.ChannelManager -- Adding key: http://localhost:4444 for channel [id: 0x020b4601, L:/127.0.0.1:63420 - R:localhost/127.0.0.1:4444]
17:49:10.269 [Forwarding getElementAttribute on session 7ba8ff3bf30367aad55a4e3910d5e455 to remote] DEBUG org.asynchttpclient.netty.request.NettyRequestSender -- Using pooled Channel '[id: 0x020b4601, L:/127.0.0.1:63420 - R:localhost/127.0.0.1:4444]' for 'POST' to 'http://localhost:4444/wd/hub/session/7ba8ff3bf30367aad55a4e3910d5e455/execute/sync'
17:49:10.269 [Forwarding getElementAttribute on session 7ba8ff3bf30367aad55a4e3910d5e455 to remote] DEBUG org.asynchttpclient.netty.request.NettyRequestSender -- Using open Channel [id: 0x020b4601, L:/127.0.0.1:63420 - R:localhost/127.0.0.1:4444] for POST '/wd/hub/session/7ba8ff3bf30367aad55a4e3910d5e455/execute/sync'
17:49:10.303 [AsyncHttpClient-1-2] DEBUG org.asynchttpclient.netty.handler.HttpHandler -- 

Request DefaultHttpRequest(decodeResult: success, version: HTTP/1.1)
POST /wd/hub/session/7ba8ff3bf30367aad55a4e3910d5e455/execute/sync HTTP/1.1
traceparent: 00-e338e9df770e02075eaf7b4939b2d688-213c34106fefdd5f-01
User-Agent: selenium/4.13.0 (java windows)
Content-Length: 47379
Content-Type: application/json; charset=utf-8
host: localhost:4444
accept: */*

Response DefaultHttpResponse(decodeResult: success, version: HTTP/1.1)
HTTP/1.1 200 OK
content-length: 224
content-type: application/json; charset=utf-8
cache-control: no-cache

17:49:10.303 [AsyncHttpClient-1-2] DEBUG org.asynchttpclient.netty.channel.ChannelManager -- Adding key: http://localhost:4444 for channel [id: 0x020b4601, L:/127.0.0.1:63420 - R:localhost/127.0.0.1:4444]
17:49:10.306 [Forwarding getElementAttribute on session 7ba8ff3bf30367aad55a4e3910d5e455 to remote] DEBUG org.asynchttpclient.netty.request.NettyRequestSender -- Using pooled Channel '[id: 0x020b4601, L:/127.0.0.1:63420 - R:localhost/127.0.0.1:4444]' for 'POST' to 'http://localhost:4444/wd/hub/session/7ba8ff3bf30367aad55a4e3910d5e455/execute/sync'
17:49:10.307 [Forwarding getElementAttribute on session 7ba8ff3bf30367aad55a4e3910d5e455 to remote] DEBUG org.asynchttpclient.netty.request.NettyRequestSender -- Using open Channel [id: 0x020b4601, L:/127.0.0.1:63420 - R:localhost/127.0.0.1:4444] for POST '/wd/hub/session/7ba8ff3bf30367aad55a4e3910d5e455/execute/sync'
17:49:10.336 [AsyncHttpClient-1-2] DEBUG org.asynchttpclient.netty.handler.HttpHandler -- 

Request DefaultHttpRequest(decodeResult: success, version: HTTP/1.1)
POST /wd/hub/session/7ba8ff3bf30367aad55a4e3910d5e455/execute/sync HTTP/1.1
traceparent: 00-6d182798f683e508f77256cce2ff3596-9a01f1301ed66d32-01
User-Agent: selenium/4.13.0 (java windows)
Content-Length: 47375
Content-Type: application/json; charset=utf-8
host: localhost:4444
accept: */*

Response DefaultHttpResponse(decodeResult: success, version: HTTP/1.1)
HTTP/1.1 200 OK
content-length: 34
content-type: application/json; charset=utf-8
cache-control: no-cache

17:49:10.336 [AsyncHttpClient-1-2] DEBUG org.asynchttpclient.netty.channel.ChannelManager -- Adding key: http://localhost:4444 for channel [id: 0x020b4601, L:/127.0.0.1:63420 - R:localhost/127.0.0.1:4444]
17:49:10.338 [Forwarding getElementAttribute on session 7ba8ff3bf30367aad55a4e3910d5e455 to remote] DEBUG org.asynchttpclient.netty.request.NettyRequestSender -- Using pooled Channel '[id: 0x020b4601, L:/127.0.0.1:63420 - R:localhost/127.0.0.1:4444]' for 'POST' to 'http://localhost:4444/wd/hub/session/7ba8ff3bf30367aad55a4e3910d5e455/execute/sync'
17:49:10.339 [Forwarding getElementAttribute on session 7ba8ff3bf30367aad55a4e3910d5e455 to remote] DEBUG org.asynchttpclient.netty.request.NettyRequestSender -- Using open Channel [id: 0x020b4601, L:/127.0.0.1:63420 - R:localhost/127.0.0.1:4444] for POST '/wd/hub/session/7ba8ff3bf30367aad55a4e3910d5e455/execute/sync'
17:49:10.369 [AsyncHttpClient-1-2] DEBUG org.asynchttpclient.netty.handler.HttpHandler -- 

Request DefaultHttpRequest(decodeResult: success, version: HTTP/1.1)
POST /wd/hub/session/7ba8ff3bf30367aad55a4e3910d5e455/execute/sync HTTP/1.1
traceparent: 00-67cda014e8030027e75d5898ade56f12-694c4581f45144ad-01
User-Agent: selenium/4.13.0 (java windows)
Content-Length: 47381
Content-Type: application/json; charset=utf-8
host: localhost:4444
accept: */*

Response DefaultHttpResponse(decodeResult: success, version: HTTP/1.1)
HTTP/1.1 200 OK
content-length: 20
content-type: application/json; charset=utf-8
cache-control: no-cache

17:49:10.370 [AsyncHttpClient-1-2] DEBUG org.asynchttpclient.netty.channel.ChannelManager -- Adding key: http://localhost:4444 for channel [id: 0x020b4601, L:/127.0.0.1:63420 - R:localhost/127.0.0.1:4444]
17:49:10.374 [Forwarding getElementAttribute on session 7ba8ff3bf30367aad55a4e3910d5e455 to remote] DEBUG org.asynchttpclient.netty.request.NettyRequestSender -- Using pooled Channel '[id: 0x020b4601, L:/127.0.0.1:63420 - R:localhost/127.0.0.1:4444]' for 'POST' to 'http://localhost:4444/wd/hub/session/7ba8ff3bf30367aad55a4e3910d5e455/execute/sync'
17:49:10.374 [Forwarding getElementAttribute on session 7ba8ff3bf30367aad55a4e3910d5e455 to remote] DEBUG org.asynchttpclient.netty.request.NettyRequestSender -- Using open Channel [id: 0x020b4601, L:/127.0.0.1:63420 - R:localhost/127.0.0.1:4444] for POST '/wd/hub/session/7ba8ff3bf30367aad55a4e3910d5e455/execute/sync'
17:49:10.404 [AsyncHttpClient-1-2] DEBUG org.asynchttpclient.netty.handler.HttpHandler -- 

Request DefaultHttpRequest(decodeResult: success, version: HTTP/1.1)
POST /wd/hub/session/7ba8ff3bf30367aad55a4e3910d5e455/execute/sync HTTP/1.1
traceparent: 00-796837f425a7a2c7b5fa0bb6016c1924-07faf5bcbdbb6544-01
User-Agent: selenium/4.13.0 (java windows)
Content-Length: 47374
Content-Type: application/json; charset=utf-8
host: localhost:4444
accept: */*

Response DefaultHttpResponse(decodeResult: success, version: HTTP/1.1)
HTTP/1.1 200 OK
content-length: 20
content-type: application/json; charset=utf-8
cache-control: no-cache

17:49:10.405 [AsyncHttpClient-1-2] DEBUG org.asynchttpclient.netty.channel.ChannelManager -- Adding key: http://localhost:4444 for channel [id: 0x020b4601, L:/127.0.0.1:63420 - R:localhost/127.0.0.1:4444]
17:49:10.408 [Forwarding getElementAttribute on session 7ba8ff3bf30367aad55a4e3910d5e455 to remote] DEBUG org.asynchttpclient.netty.request.NettyRequestSender -- Using pooled Channel '[id: 0x020b4601, L:/127.0.0.1:63420 - R:localhost/127.0.0.1:4444]' for 'POST' to 'http://localhost:4444/wd/hub/session/7ba8ff3bf30367aad55a4e3910d5e455/execute/sync'
17:49:10.408 [Forwarding getElementAttribute on session 7ba8ff3bf30367aad55a4e3910d5e455 to remote] DEBUG org.asynchttpclient.netty.request.NettyRequestSender -- Using open Channel [id: 0x020b4601, L:/127.0.0.1:63420 - R:localhost/127.0.0.1:4444] for POST '/wd/hub/session/7ba8ff3bf30367aad55a4e3910d5e455/execute/sync'
17:49:10.437 [AsyncHttpClient-1-2] DEBUG org.asynchttpclient.netty.handler.HttpHandler -- 

Request DefaultHttpRequest(decodeResult: success, version: HTTP/1.1)
POST /wd/hub/session/7ba8ff3bf30367aad55a4e3910d5e455/execute/sync HTTP/1.1
traceparent: 00-7fc374c131b7e121215f57d77c8def9d-3d2a41c3f3d6cc13-01
User-Agent: selenium/4.13.0 (java windows)
Content-Length: 47379
Content-Type: application/json; charset=utf-8
host: localhost:4444
accept: */*

Response DefaultHttpResponse(decodeResult: success, version: HTTP/1.1)
HTTP/1.1 200 OK
content-length: 20
content-type: application/json; charset=utf-8
cache-control: no-cache

17:49:10.437 [AsyncHttpClient-1-2] DEBUG org.asynchttpclient.netty.channel.ChannelManager -- Adding key: http://localhost:4444 for channel [id: 0x020b4601, L:/127.0.0.1:63420 - R:localhost/127.0.0.1:4444]
17:49:10.440 [Forwarding getElementAttribute on session 7ba8ff3bf30367aad55a4e3910d5e455 to remote] DEBUG org.asynchttpclient.netty.request.NettyRequestSender -- Using pooled Channel '[id: 0x020b4601, L:/127.0.0.1:63420 - R:localhost/127.0.0.1:4444]' for 'POST' to 'http://localhost:4444/wd/hub/session/7ba8ff3bf30367aad55a4e3910d5e455/execute/sync'
17:49:10.440 [Forwarding getElementAttribute on session 7ba8ff3bf30367aad55a4e3910d5e455 to remote] DEBUG org.asynchttpclient.netty.request.NettyRequestSender -- Using open Channel [id: 0x020b4601, L:/127.0.0.1:63420 - R:localhost/127.0.0.1:4444] for POST '/wd/hub/session/7ba8ff3bf30367aad55a4e3910d5e455/execute/sync'
17:49:10.471 [AsyncHttpClient-1-2] DEBUG org.asynchttpclient.netty.handler.HttpHandler -- 

Request DefaultHttpRequest(decodeResult: success, version: HTTP/1.1)
POST /wd/hub/session/7ba8ff3bf30367aad55a4e3910d5e455/execute/sync HTTP/1.1
traceparent: 00-a199a3863a7bb776edb4ff3ca411fafc-29d747bdef83db20-01
User-Agent: selenium/4.13.0 (java windows)
Content-Length: 47372
Content-Type: application/json; charset=utf-8
host: localhost:4444
accept: */*

Response DefaultHttpResponse(decodeResult: success, version: HTTP/1.1)
HTTP/1.1 200 OK
content-length: 20
content-type: application/json; charset=utf-8
cache-control: no-cache

17:49:10.471 [AsyncHttpClient-1-2] DEBUG org.asynchttpclient.netty.channel.ChannelManager -- Adding key: http://localhost:4444 for channel [id: 0x020b4601, L:/127.0.0.1:63420 - R:localhost/127.0.0.1:4444]
17:49:10.473 [Forwarding getElementAttribute on session 7ba8ff3bf30367aad55a4e3910d5e455 to remote] DEBUG org.asynchttpclient.netty.request.NettyRequestSender -- Using pooled Channel '[id: 0x020b4601, L:/127.0.0.1:63420 - R:localhost/127.0.0.1:4444]' for 'POST' to 'http://localhost:4444/wd/hub/session/7ba8ff3bf30367aad55a4e3910d5e455/execute/sync'
17:49:10.473 [Forwarding getElementAttribute on session 7ba8ff3bf30367aad55a4e3910d5e455 to remote] DEBUG org.asynchttpclient.netty.request.NettyRequestSender -- Using open Channel [id: 0x020b4601, L:/127.0.0.1:63420 - R:localhost/127.0.0.1:4444] for POST '/wd/hub/session/7ba8ff3bf30367aad55a4e3910d5e455/execute/sync'
17:49:10.503 [AsyncHttpClient-1-2] DEBUG org.asynchttpclient.netty.handler.HttpHandler -- 

Request DefaultHttpRequest(decodeResult: success, version: HTTP/1.1)
POST /wd/hub/session/7ba8ff3bf30367aad55a4e3910d5e455/execute/sync HTTP/1.1
traceparent: 00-122179b1814604f5fa9d9b97fa64c397-1ef8ef5e3c6a3928-01
User-Agent: selenium/4.13.0 (java windows)
Content-Length: 47374
Content-Type: application/json; charset=utf-8
host: localhost:4444
accept: */*

Response DefaultHttpResponse(decodeResult: success, version: HTTP/1.1)
HTTP/1.1 200 OK
content-length: 20
content-type: application/json; charset=utf-8
cache-control: no-cache

17:49:10.504 [AsyncHttpClient-1-2] DEBUG org.asynchttpclient.netty.channel.ChannelManager -- Adding key: http://localhost:4444 for channel [id: 0x020b4601, L:/127.0.0.1:63420 - R:localhost/127.0.0.1:4444]
17:49:10.507 [Forwarding getElementAttribute on session 7ba8ff3bf30367aad55a4e3910d5e455 to remote] DEBUG org.asynchttpclient.netty.request.NettyRequestSender -- Using pooled Channel '[id: 0x020b4601, L:/127.0.0.1:63420 - R:localhost/127.0.0.1:4444]' for 'POST' to 'http://localhost:4444/wd/hub/session/7ba8ff3bf30367aad55a4e3910d5e455/execute/sync'
17:49:10.507 [Forwarding getElementAttribute on session 7ba8ff3bf30367aad55a4e3910d5e455 to remote] DEBUG org.asynchttpclient.netty.request.NettyRequestSender -- Using open Channel [id: 0x020b4601, L:/127.0.0.1:63420 - R:localhost/127.0.0.1:4444] for POST '/wd/hub/session/7ba8ff3bf30367aad55a4e3910d5e455/execute/sync'
17:49:10.545 [AsyncHttpClient-1-2] DEBUG org.asynchttpclient.netty.handler.HttpHandler -- 

Request DefaultHttpRequest(decodeResult: success, version: HTTP/1.1)
POST /wd/hub/session/7ba8ff3bf30367aad55a4e3910d5e455/execute/sync HTTP/1.1
traceparent: 00-dbc6d47e04bbcf3a448d4993b3f59634-f65944c639ce44f8-01
User-Agent: selenium/4.13.0 (java windows)
Content-Length: 47381
Content-Type: application/json; charset=utf-8
host: localhost:4444
accept: */*

Response DefaultHttpResponse(decodeResult: success, version: HTTP/1.1)
HTTP/1.1 200 OK
content-length: 15
content-type: application/json; charset=utf-8
cache-control: no-cache

17:49:10.545 [AsyncHttpClient-1-2] DEBUG org.asynchttpclient.netty.channel.ChannelManager -- Adding key: http://localhost:4444 for channel [id: 0x020b4601, L:/127.0.0.1:63420 - R:localhost/127.0.0.1:4444]
17:49:10.549 [Forwarding getElementAttribute on session 7ba8ff3bf30367aad55a4e3910d5e455 to remote] DEBUG org.asynchttpclient.netty.request.NettyRequestSender -- Using pooled Channel '[id: 0x020b4601, L:/127.0.0.1:63420 - R:localhost/127.0.0.1:4444]' for 'POST' to 'http://localhost:4444/wd/hub/session/7ba8ff3bf30367aad55a4e3910d5e455/execute/sync'
17:49:10.549 [Forwarding getElementAttribute on session 7ba8ff3bf30367aad55a4e3910d5e455 to remote] DEBUG org.asynchttpclient.netty.request.NettyRequestSender -- Using open Channel [id: 0x020b4601, L:/127.0.0.1:63420 - R:localhost/127.0.0.1:4444] for POST '/wd/hub/session/7ba8ff3bf30367aad55a4e3910d5e455/execute/sync'
17:49:10.588 [AsyncHttpClient-1-2] DEBUG org.asynchttpclient.netty.handler.HttpHandler -- 

Request DefaultHttpRequest(decodeResult: success, version: HTTP/1.1)
POST /wd/hub/session/7ba8ff3bf30367aad55a4e3910d5e455/execute/sync HTTP/1.1
traceparent: 00-e40f67f706d83586521d1302dcc9502d-c2d20619a3d3a733-01
User-Agent: selenium/4.13.0 (java windows)
Content-Length: 47384
Content-Type: application/json; charset=utf-8
host: localhost:4444
accept: */*

Response DefaultHttpResponse(decodeResult: success, version: HTTP/1.1)
HTTP/1.1 200 OK
content-length: 16
content-type: application/json; charset=utf-8
cache-control: no-cache

17:49:10.588 [AsyncHttpClient-1-2] DEBUG org.asynchttpclient.netty.channel.ChannelManager -- Adding key: http://localhost:4444 for channel [id: 0x020b4601, L:/127.0.0.1:63420 - R:localhost/127.0.0.1:4444]
17:49:10.592 [Forwarding getElementAttribute on session 7ba8ff3bf30367aad55a4e3910d5e455 to remote] DEBUG org.asynchttpclient.netty.request.NettyRequestSender -- Using pooled Channel '[id: 0x020b4601, L:/127.0.0.1:63420 - R:localhost/127.0.0.1:4444]' for 'POST' to 'http://localhost:4444/wd/hub/session/7ba8ff3bf30367aad55a4e3910d5e455/execute/sync'
17:49:10.592 [Forwarding getElementAttribute on session 7ba8ff3bf30367aad55a4e3910d5e455 to remote] DEBUG org.asynchttpclient.netty.request.NettyRequestSender -- Using open Channel [id: 0x020b4601, L:/127.0.0.1:63420 - R:localhost/127.0.0.1:4444] for POST '/wd/hub/session/7ba8ff3bf30367aad55a4e3910d5e455/execute/sync'
17:49:10.646 [AsyncHttpClient-1-2] DEBUG org.asynchttpclient.netty.handler.HttpHandler -- 

Request DefaultHttpRequest(decodeResult: success, version: HTTP/1.1)
POST /wd/hub/session/7ba8ff3bf30367aad55a4e3910d5e455/execute/sync HTTP/1.1
traceparent: 00-a380a40f587cc8d3b483eeed2ed36458-c1b047812c1135fd-01
User-Agent: selenium/4.13.0 (java windows)
Content-Length: 47375
Content-Type: application/json; charset=utf-8
host: localhost:4444
accept: */*

Response DefaultHttpResponse(decodeResult: success, version: HTTP/1.1)
HTTP/1.1 200 OK
content-length: 24
content-type: application/json; charset=utf-8
cache-control: no-cache

17:49:10.646 [AsyncHttpClient-1-2] DEBUG org.asynchttpclient.netty.channel.ChannelManager -- Adding key: http://localhost:4444 for channel [id: 0x020b4601, L:/127.0.0.1:63420 - R:localhost/127.0.0.1:4444]
17:49:10.647 [main] INFO helpers.LoggerHelper -- Testing password: secret_sauce
17:49:10.648 [Forwarding findElement on session 7ba8ff3bf30367aad55a4e3910d5e455 to remote] DEBUG org.asynchttpclient.netty.request.NettyRequestSender -- Using pooled Channel '[id: 0x020b4601, L:/127.0.0.1:63420 - R:localhost/127.0.0.1:4444]' for 'POST' to 'http://localhost:4444/wd/hub/session/7ba8ff3bf30367aad55a4e3910d5e455/element'
17:49:10.649 [Forwarding findElement on session 7ba8ff3bf30367aad55a4e3910d5e455 to remote] DEBUG org.asynchttpclient.netty.request.NettyRequestSender -- Using open Channel [id: 0x020b4601, L:/127.0.0.1:63420 - R:localhost/127.0.0.1:4444] for POST '/wd/hub/session/7ba8ff3bf30367aad55a4e3910d5e455/element'
17:49:10.686 [AsyncHttpClient-1-2] DEBUG org.asynchttpclient.netty.handler.HttpHandler -- 

Request DefaultHttpRequest(decodeResult: success, version: HTTP/1.1)
POST /wd/hub/session/7ba8ff3bf30367aad55a4e3910d5e455/element HTTP/1.1
traceparent: 00-f47aca56736c96e02fcf264a244f2abd-dc2a747096dca44a-01
User-Agent: selenium/4.13.0 (java windows)
Content-Length: 59
Content-Type: application/json; charset=utf-8
host: localhost:4444
accept: */*

Response DefaultHttpResponse(decodeResult: success, version: HTTP/1.1)
HTTP/1.1 200 OK
content-length: 95
content-type: application/json; charset=utf-8
cache-control: no-cache

17:49:10.687 [AsyncHttpClient-1-2] DEBUG org.asynchttpclient.netty.channel.ChannelManager -- Adding key: http://localhost:4444 for channel [id: 0x020b4601, L:/127.0.0.1:63420 - R:localhost/127.0.0.1:4444]
17:49:10.690 [Forwarding isElementDisplayed on session 7ba8ff3bf30367aad55a4e3910d5e455 to remote] DEBUG org.asynchttpclient.netty.request.NettyRequestSender -- Using pooled Channel '[id: 0x020b4601, L:/127.0.0.1:63420 - R:localhost/127.0.0.1:4444]' for 'POST' to 'http://localhost:4444/wd/hub/session/7ba8ff3bf30367aad55a4e3910d5e455/execute/sync'
17:49:10.690 [Forwarding isElementDisplayed on session 7ba8ff3bf30367aad55a4e3910d5e455 to remote] DEBUG org.asynchttpclient.netty.request.NettyRequestSender -- Using open Channel [id: 0x020b4601, L:/127.0.0.1:63420 - R:localhost/127.0.0.1:4444] for POST '/wd/hub/session/7ba8ff3bf30367aad55a4e3910d5e455/execute/sync'
17:49:10.724 [AsyncHttpClient-1-2] DEBUG org.asynchttpclient.netty.handler.HttpHandler -- 

Request DefaultHttpRequest(decodeResult: success, version: HTTP/1.1)
POST /wd/hub/session/7ba8ff3bf30367aad55a4e3910d5e455/execute/sync HTTP/1.1
traceparent: 00-07ab2a62e842dc72f3aa85ab6cae8d8f-8fa08132d484bba5-01
User-Agent: selenium/4.13.0 (java windows)
Content-Length: 48814
Content-Type: application/json; charset=utf-8
host: localhost:4444
accept: */*

Response DefaultHttpResponse(decodeResult: success, version: HTTP/1.1)
HTTP/1.1 200 OK
content-length: 14
content-type: application/json; charset=utf-8
cache-control: no-cache

17:49:10.725 [AsyncHttpClient-1-2] DEBUG org.asynchttpclient.netty.channel.ChannelManager -- Adding key: http://localhost:4444 for channel [id: 0x020b4601, L:/127.0.0.1:63420 - R:localhost/127.0.0.1:4444]
17:49:10.729 [Forwarding findElement on session 7ba8ff3bf30367aad55a4e3910d5e455 to remote] DEBUG org.asynchttpclient.netty.request.NettyRequestSender -- Using pooled Channel '[id: 0x020b4601, L:/127.0.0.1:63420 - R:localhost/127.0.0.1:4444]' for 'POST' to 'http://localhost:4444/wd/hub/session/7ba8ff3bf30367aad55a4e3910d5e455/element'
17:49:10.729 [Forwarding findElement on session 7ba8ff3bf30367aad55a4e3910d5e455 to remote] DEBUG org.asynchttpclient.netty.request.NettyRequestSender -- Using open Channel [id: 0x020b4601, L:/127.0.0.1:63420 - R:localhost/127.0.0.1:4444] for POST '/wd/hub/session/7ba8ff3bf30367aad55a4e3910d5e455/element'
17:49:10.763 [AsyncHttpClient-1-2] DEBUG org.asynchttpclient.netty.handler.HttpHandler -- 

Request DefaultHttpRequest(decodeResult: success, version: HTTP/1.1)
POST /wd/hub/session/7ba8ff3bf30367aad55a4e3910d5e455/element HTTP/1.1
traceparent: 00-987f7325d5786bf5776ed8e000f08c58-15b6fb773ed25090-01
User-Agent: selenium/4.13.0 (java windows)
Content-Length: 59
Content-Type: application/json; charset=utf-8
host: localhost:4444
accept: */*

Response DefaultHttpResponse(decodeResult: success, version: HTTP/1.1)
HTTP/1.1 200 OK
content-length: 95
content-type: application/json; charset=utf-8
cache-control: no-cache

17:49:10.763 [AsyncHttpClient-1-2] DEBUG org.asynchttpclient.netty.channel.ChannelManager -- Adding key: http://localhost:4444 for channel [id: 0x020b4601, L:/127.0.0.1:63420 - R:localhost/127.0.0.1:4444]
17:49:10.766 [Forwarding getElementAttribute on session 7ba8ff3bf30367aad55a4e3910d5e455 to remote] DEBUG org.asynchttpclient.netty.request.NettyRequestSender -- Using pooled Channel '[id: 0x020b4601, L:/127.0.0.1:63420 - R:localhost/127.0.0.1:4444]' for 'POST' to 'http://localhost:4444/wd/hub/session/7ba8ff3bf30367aad55a4e3910d5e455/execute/sync'
17:49:10.766 [Forwarding getElementAttribute on session 7ba8ff3bf30367aad55a4e3910d5e455 to remote] DEBUG org.asynchttpclient.netty.request.NettyRequestSender -- Using open Channel [id: 0x020b4601, L:/127.0.0.1:63420 - R:localhost/127.0.0.1:4444] for POST '/wd/hub/session/7ba8ff3bf30367aad55a4e3910d5e455/execute/sync'
17:49:10.796 [AsyncHttpClient-1-2] DEBUG org.asynchttpclient.netty.handler.HttpHandler -- 

Request DefaultHttpRequest(decodeResult: success, version: HTTP/1.1)
POST /wd/hub/session/7ba8ff3bf30367aad55a4e3910d5e455/execute/sync HTTP/1.1
traceparent: 00-2f88a898e5f5ed8010fb365d4df3d62e-5924f0ec48ed0461-01
User-Agent: selenium/4.13.0 (java windows)
Content-Length: 47379
Content-Type: application/json; charset=utf-8
host: localhost:4444
accept: */*

Response DefaultHttpResponse(decodeResult: success, version: HTTP/1.1)
HTTP/1.1 200 OK
content-length: 160
content-type: application/json; charset=utf-8
cache-control: no-cache

17:49:10.796 [AsyncHttpClient-1-2] DEBUG org.asynchttpclient.netty.channel.ChannelManager -- Adding key: http://localhost:4444 for channel [id: 0x020b4601, L:/127.0.0.1:63420 - R:localhost/127.0.0.1:4444]
17:49:10.799 [Forwarding getElementAttribute on session 7ba8ff3bf30367aad55a4e3910d5e455 to remote] DEBUG org.asynchttpclient.netty.request.NettyRequestSender -- Using pooled Channel '[id: 0x020b4601, L:/127.0.0.1:63420 - R:localhost/127.0.0.1:4444]' for 'POST' to 'http://localhost:4444/wd/hub/session/7ba8ff3bf30367aad55a4e3910d5e455/execute/sync'
17:49:10.799 [Forwarding getElementAttribute on session 7ba8ff3bf30367aad55a4e3910d5e455 to remote] DEBUG org.asynchttpclient.netty.request.NettyRequestSender -- Using open Channel [id: 0x020b4601, L:/127.0.0.1:63420 - R:localhost/127.0.0.1:4444] for POST '/wd/hub/session/7ba8ff3bf30367aad55a4e3910d5e455/execute/sync'
17:49:10.842 [AsyncHttpClient-1-2] DEBUG org.asynchttpclient.netty.handler.HttpHandler -- 

Request DefaultHttpRequest(decodeResult: success, version: HTTP/1.1)
POST /wd/hub/session/7ba8ff3bf30367aad55a4e3910d5e455/execute/sync HTTP/1.1
traceparent: 00-91640156c9731fe61eaf0ceeb944282b-bd60f11e38723b11-01
User-Agent: selenium/4.13.0 (java windows)
Content-Length: 47374
Content-Type: application/json; charset=utf-8
host: localhost:4444
accept: */*

Response DefaultHttpResponse(decodeResult: success, version: HTTP/1.1)
HTTP/1.1 200 OK
content-length: 18
content-type: application/json; charset=utf-8
cache-control: no-cache

17:49:10.842 [AsyncHttpClient-1-2] DEBUG org.asynchttpclient.netty.channel.ChannelManager -- Adding key: http://localhost:4444 for channel [id: 0x020b4601, L:/127.0.0.1:63420 - R:localhost/127.0.0.1:4444]
17:49:10.846 [Forwarding getElementAttribute on session 7ba8ff3bf30367aad55a4e3910d5e455 to remote] DEBUG org.asynchttpclient.netty.request.NettyRequestSender -- Using pooled Channel '[id: 0x020b4601, L:/127.0.0.1:63420 - R:localhost/127.0.0.1:4444]' for 'POST' to 'http://localhost:4444/wd/hub/session/7ba8ff3bf30367aad55a4e3910d5e455/execute/sync'
17:49:10.846 [Forwarding getElementAttribute on session 7ba8ff3bf30367aad55a4e3910d5e455 to remote] DEBUG org.asynchttpclient.netty.request.NettyRequestSender -- Using open Channel [id: 0x020b4601, L:/127.0.0.1:63420 - R:localhost/127.0.0.1:4444] for POST '/wd/hub/session/7ba8ff3bf30367aad55a4e3910d5e455/execute/sync'
17:49:10.885 [AsyncHttpClient-1-2] DEBUG org.asynchttpclient.netty.handler.HttpHandler -- 

Request DefaultHttpRequest(decodeResult: success, version: HTTP/1.1)
POST /wd/hub/session/7ba8ff3bf30367aad55a4e3910d5e455/execute/sync HTTP/1.1
traceparent: 00-500253bfd191bc247282aa80fd463981-7468b8b08c40c673-01
User-Agent: selenium/4.13.0 (java windows)
Content-Length: 47375
Content-Type: application/json; charset=utf-8
host: localhost:4444
accept: */*

Response DefaultHttpResponse(decodeResult: success, version: HTTP/1.1)
HTTP/1.1 200 OK
content-length: 36
content-type: application/json; charset=utf-8
cache-control: no-cache

17:49:10.885 [AsyncHttpClient-1-2] DEBUG org.asynchttpclient.netty.channel.ChannelManager -- Adding key: http://localhost:4444 for channel [id: 0x020b4601, L:/127.0.0.1:63420 - R:localhost/127.0.0.1:4444]
17:49:10.888 [Forwarding getElementAttribute on session 7ba8ff3bf30367aad55a4e3910d5e455 to remote] DEBUG org.asynchttpclient.netty.request.NettyRequestSender -- Using pooled Channel '[id: 0x020b4601, L:/127.0.0.1:63420 - R:localhost/127.0.0.1:4444]' for 'POST' to 'http://localhost:4444/wd/hub/session/7ba8ff3bf30367aad55a4e3910d5e455/execute/sync'
17:49:10.888 [Forwarding getElementAttribute on session 7ba8ff3bf30367aad55a4e3910d5e455 to remote] DEBUG org.asynchttpclient.netty.request.NettyRequestSender -- Using open Channel [id: 0x020b4601, L:/127.0.0.1:63420 - R:localhost/127.0.0.1:4444] for POST '/wd/hub/session/7ba8ff3bf30367aad55a4e3910d5e455/execute/sync'
17:49:10.918 [AsyncHttpClient-1-2] DEBUG org.asynchttpclient.netty.handler.HttpHandler -- 

Request DefaultHttpRequest(decodeResult: success, version: HTTP/1.1)
POST /wd/hub/session/7ba8ff3bf30367aad55a4e3910d5e455/execute/sync HTTP/1.1
traceparent: 00-618f1ef562018abe860a80731a3d4b63-fd0512bd3f66848e-01
User-Agent: selenium/4.13.0 (java windows)
Content-Length: 47379
Content-Type: application/json; charset=utf-8
host: localhost:4444
accept: */*

Response DefaultHttpResponse(decodeResult: success, version: HTTP/1.1)
HTTP/1.1 200 OK
content-length: 24
content-type: application/json; charset=utf-8
cache-control: no-cache

17:49:10.919 [AsyncHttpClient-1-2] DEBUG org.asynchttpclient.netty.channel.ChannelManager -- Adding key: http://localhost:4444 for channel [id: 0x020b4601, L:/127.0.0.1:63420 - R:localhost/127.0.0.1:4444]
17:49:10.922 [Forwarding getElementAttribute on session 7ba8ff3bf30367aad55a4e3910d5e455 to remote] DEBUG org.asynchttpclient.netty.request.NettyRequestSender -- Using pooled Channel '[id: 0x020b4601, L:/127.0.0.1:63420 - R:localhost/127.0.0.1:4444]' for 'POST' to 'http://localhost:4444/wd/hub/session/7ba8ff3bf30367aad55a4e3910d5e455/execute/sync'
17:49:10.922 [Forwarding getElementAttribute on session 7ba8ff3bf30367aad55a4e3910d5e455 to remote] DEBUG org.asynchttpclient.netty.request.NettyRequestSender -- Using open Channel [id: 0x020b4601, L:/127.0.0.1:63420 - R:localhost/127.0.0.1:4444] for POST '/wd/hub/session/7ba8ff3bf30367aad55a4e3910d5e455/execute/sync'
17:49:10.957 [AsyncHttpClient-1-2] DEBUG org.asynchttpclient.netty.handler.HttpHandler -- 

Request DefaultHttpRequest(decodeResult: success, version: HTTP/1.1)
POST /wd/hub/session/7ba8ff3bf30367aad55a4e3910d5e455/execute/sync HTTP/1.1
traceparent: 00-cd7f9578f7fbaff331055791fbdd0576-479245f920f2eb83-01
User-Agent: selenium/4.13.0 (java windows)
Content-Length: 47372
Content-Type: application/json; charset=utf-8
host: localhost:4444
accept: */*

Response DefaultHttpResponse(decodeResult: success, version: HTTP/1.1)
HTTP/1.1 200 OK
content-length: 24
content-type: application/json; charset=utf-8
cache-control: no-cache

17:49:10.957 [AsyncHttpClient-1-2] DEBUG org.asynchttpclient.netty.channel.ChannelManager -- Adding key: http://localhost:4444 for channel [id: 0x020b4601, L:/127.0.0.1:63420 - R:localhost/127.0.0.1:4444]
17:49:10.959 [Forwarding getElementAttribute on session 7ba8ff3bf30367aad55a4e3910d5e455 to remote] DEBUG org.asynchttpclient.netty.request.NettyRequestSender -- Using pooled Channel '[id: 0x020b4601, L:/127.0.0.1:63420 - R:localhost/127.0.0.1:4444]' for 'POST' to 'http://localhost:4444/wd/hub/session/7ba8ff3bf30367aad55a4e3910d5e455/execute/sync'
17:49:10.959 [Forwarding getElementAttribute on session 7ba8ff3bf30367aad55a4e3910d5e455 to remote] DEBUG org.asynchttpclient.netty.request.NettyRequestSender -- Using open Channel [id: 0x020b4601, L:/127.0.0.1:63420 - R:localhost/127.0.0.1:4444] for POST '/wd/hub/session/7ba8ff3bf30367aad55a4e3910d5e455/execute/sync'
17:49:10.993 [AsyncHttpClient-1-2] DEBUG org.asynchttpclient.netty.handler.HttpHandler -- 

Request DefaultHttpRequest(decodeResult: success, version: HTTP/1.1)
POST /wd/hub/session/7ba8ff3bf30367aad55a4e3910d5e455/execute/sync HTTP/1.1
traceparent: 00-12f96b8289ae31843f9d94fff15548a7-77f1c57f39936a48-01
User-Agent: selenium/4.13.0 (java windows)
Content-Length: 47374
Content-Type: application/json; charset=utf-8
host: localhost:4444
accept: */*

Response DefaultHttpResponse(decodeResult: success, version: HTTP/1.1)
HTTP/1.1 200 OK
content-length: 24
content-type: application/json; charset=utf-8
cache-control: no-cache

17:49:10.993 [AsyncHttpClient-1-2] DEBUG org.asynchttpclient.netty.channel.ChannelManager -- Adding key: http://localhost:4444 for channel [id: 0x020b4601, L:/127.0.0.1:63420 - R:localhost/127.0.0.1:4444]
17:49:10.997 [Forwarding getElementAttribute on session 7ba8ff3bf30367aad55a4e3910d5e455 to remote] DEBUG org.asynchttpclient.netty.request.NettyRequestSender -- Using pooled Channel '[id: 0x020b4601, L:/127.0.0.1:63420 - R:localhost/127.0.0.1:4444]' for 'POST' to 'http://localhost:4444/wd/hub/session/7ba8ff3bf30367aad55a4e3910d5e455/execute/sync'
17:49:10.997 [Forwarding getElementAttribute on session 7ba8ff3bf30367aad55a4e3910d5e455 to remote] DEBUG org.asynchttpclient.netty.request.NettyRequestSender -- Using open Channel [id: 0x020b4601, L:/127.0.0.1:63420 - R:localhost/127.0.0.1:4444] for POST '/wd/hub/session/7ba8ff3bf30367aad55a4e3910d5e455/execute/sync'
17:49:11.025 [AsyncHttpClient-1-2] DEBUG org.asynchttpclient.netty.handler.HttpHandler -- 

Request DefaultHttpRequest(decodeResult: success, version: HTTP/1.1)
POST /wd/hub/session/7ba8ff3bf30367aad55a4e3910d5e455/execute/sync HTTP/1.1
traceparent: 00-3b5890a6925c0c5b30d1ea983c1509fb-346ef24c455214c0-01
User-Agent: selenium/4.13.0 (java windows)
Content-Length: 47375
Content-Type: application/json; charset=utf-8
host: localhost:4444
accept: */*

Response DefaultHttpResponse(decodeResult: success, version: HTTP/1.1)
HTTP/1.1 200 OK
content-length: 17
content-type: application/json; charset=utf-8
cache-control: no-cache

17:49:11.025 [AsyncHttpClient-1-2] DEBUG org.asynchttpclient.netty.channel.ChannelManager -- Adding key: http://localhost:4444 for channel [id: 0x020b4601, L:/127.0.0.1:63420 - R:localhost/127.0.0.1:4444]
17:49:11.028 [Forwarding findElement on session 7ba8ff3bf30367aad55a4e3910d5e455 to remote] DEBUG org.asynchttpclient.netty.request.NettyRequestSender -- Using pooled Channel '[id: 0x020b4601, L:/127.0.0.1:63420 - R:localhost/127.0.0.1:4444]' for 'POST' to 'http://localhost:4444/wd/hub/session/7ba8ff3bf30367aad55a4e3910d5e455/element'
17:49:11.028 [Forwarding findElement on session 7ba8ff3bf30367aad55a4e3910d5e455 to remote] DEBUG org.asynchttpclient.netty.request.NettyRequestSender -- Using open Channel [id: 0x020b4601, L:/127.0.0.1:63420 - R:localhost/127.0.0.1:4444] for POST '/wd/hub/session/7ba8ff3bf30367aad55a4e3910d5e455/element'
17:49:11.053 [AsyncHttpClient-1-2] DEBUG org.asynchttpclient.netty.handler.HttpHandler -- 

Request DefaultHttpRequest(decodeResult: success, version: HTTP/1.1)
POST /wd/hub/session/7ba8ff3bf30367aad55a4e3910d5e455/element HTTP/1.1
traceparent: 00-229591d34f44106748660de83c6055ae-4f9308b029b25a1c-01
User-Agent: selenium/4.13.0 (java windows)
Content-Length: 59
Content-Type: application/json; charset=utf-8
host: localhost:4444
accept: */*

Response DefaultHttpResponse(decodeResult: success, version: HTTP/1.1)
HTTP/1.1 200 OK
content-length: 95
content-type: application/json; charset=utf-8
cache-control: no-cache

17:49:11.054 [AsyncHttpClient-1-2] DEBUG org.asynchttpclient.netty.channel.ChannelManager -- Adding key: http://localhost:4444 for channel [id: 0x020b4601, L:/127.0.0.1:63420 - R:localhost/127.0.0.1:4444]
17:49:11.055 [Forwarding clickElement on session 7ba8ff3bf30367aad55a4e3910d5e455 to remote] DEBUG org.asynchttpclient.netty.request.NettyRequestSender -- Using pooled Channel '[id: 0x020b4601, L:/127.0.0.1:63420 - R:localhost/127.0.0.1:4444]' for 'POST' to 'http://localhost:4444/wd/hub/session/7ba8ff3bf30367aad55a4e3910d5e455/element/CFD7B54EAD99FB12BDA0964E4A51D79A_element_21/click'
17:49:11.056 [Forwarding clickElement on session 7ba8ff3bf30367aad55a4e3910d5e455 to remote] DEBUG org.asynchttpclient.netty.request.NettyRequestSender -- Using open Channel [id: 0x020b4601, L:/127.0.0.1:63420 - R:localhost/127.0.0.1:4444] for POST '/wd/hub/session/7ba8ff3bf30367aad55a4e3910d5e455/element/CFD7B54EAD99FB12BDA0964E4A51D79A_element_21/click'
17:49:11.199 [AsyncHttpClient-1-2] DEBUG org.asynchttpclient.netty.handler.HttpHandler -- 

Request DefaultHttpRequest(decodeResult: success, version: HTTP/1.1)
POST /wd/hub/session/7ba8ff3bf30367aad55a4e3910d5e455/element/CFD7B54EAD99FB12BDA0964E4A51D79A_element_21/click HTTP/1.1
traceparent: 00-b25df910fdb1eec9452171429ae7afc9-9a83124fd2de801d-01
User-Agent: selenium/4.13.0 (java windows)
Content-Length: 57
Content-Type: application/json; charset=utf-8
host: localhost:4444
accept: */*

Response DefaultHttpResponse(decodeResult: success, version: HTTP/1.1)
HTTP/1.1 200 OK
content-length: 14
content-type: application/json; charset=utf-8
cache-control: no-cache

17:49:11.200 [AsyncHttpClient-1-2] DEBUG org.asynchttpclient.netty.channel.ChannelManager -- Adding key: http://localhost:4444 for channel [id: 0x020b4601, L:/127.0.0.1:63420 - R:localhost/127.0.0.1:4444]
17:49:11.202 [Forwarding findElement on session 7ba8ff3bf30367aad55a4e3910d5e455 to remote] DEBUG org.asynchttpclient.netty.request.NettyRequestSender -- Using pooled Channel '[id: 0x020b4601, L:/127.0.0.1:63420 - R:localhost/127.0.0.1:4444]' for 'POST' to 'http://localhost:4444/wd/hub/session/7ba8ff3bf30367aad55a4e3910d5e455/element'
17:49:11.203 [Forwarding findElement on session 7ba8ff3bf30367aad55a4e3910d5e455 to remote] DEBUG org.asynchttpclient.netty.request.NettyRequestSender -- Using open Channel [id: 0x020b4601, L:/127.0.0.1:63420 - R:localhost/127.0.0.1:4444] for POST '/wd/hub/session/7ba8ff3bf30367aad55a4e3910d5e455/element'
17:49:11.251 [AsyncHttpClient-1-2] DEBUG org.asynchttpclient.netty.handler.HttpHandler -- 

Request DefaultHttpRequest(decodeResult: success, version: HTTP/1.1)
POST /wd/hub/session/7ba8ff3bf30367aad55a4e3910d5e455/element HTTP/1.1
traceparent: 00-cc0cb50161626690639397a87e7832f8-8eff7cde7e131960-01
User-Agent: selenium/4.13.0 (java windows)
Content-Length: 80
Content-Type: application/json; charset=utf-8
host: localhost:4444
accept: */*

Response DefaultHttpResponse(decodeResult: success, version: HTTP/1.1)
HTTP/1.1 200 OK
content-length: 95
content-type: application/json; charset=utf-8
cache-control: no-cache

17:49:11.251 [AsyncHttpClient-1-2] DEBUG org.asynchttpclient.netty.channel.ChannelManager -- Adding key: http://localhost:4444 for channel [id: 0x020b4601, L:/127.0.0.1:63420 - R:localhost/127.0.0.1:4444]
17:49:11.254 [Forwarding isElementDisplayed on session 7ba8ff3bf30367aad55a4e3910d5e455 to remote] DEBUG org.asynchttpclient.netty.request.NettyRequestSender -- Using pooled Channel '[id: 0x020b4601, L:/127.0.0.1:63420 - R:localhost/127.0.0.1:4444]' for 'POST' to 'http://localhost:4444/wd/hub/session/7ba8ff3bf30367aad55a4e3910d5e455/execute/sync'
17:49:11.254 [Forwarding isElementDisplayed on session 7ba8ff3bf30367aad55a4e3910d5e455 to remote] DEBUG org.asynchttpclient.netty.request.NettyRequestSender -- Using open Channel [id: 0x020b4601, L:/127.0.0.1:63420 - R:localhost/127.0.0.1:4444] for POST '/wd/hub/session/7ba8ff3bf30367aad55a4e3910d5e455/execute/sync'
17:49:11.290 [AsyncHttpClient-1-2] DEBUG org.asynchttpclient.netty.handler.HttpHandler -- 

Request DefaultHttpRequest(decodeResult: success, version: HTTP/1.1)
POST /wd/hub/session/7ba8ff3bf30367aad55a4e3910d5e455/execute/sync HTTP/1.1
traceparent: 00-ec212ddc9b1400e2fd17715ba35b8a4c-0cf3681787d79abd-01
User-Agent: selenium/4.13.0 (java windows)
Content-Length: 48814
Content-Type: application/json; charset=utf-8
host: localhost:4444
accept: */*

Response DefaultHttpResponse(decodeResult: success, version: HTTP/1.1)
HTTP/1.1 200 OK
content-length: 14
content-type: application/json; charset=utf-8
cache-control: no-cache

17:49:11.290 [AsyncHttpClient-1-2] DEBUG org.asynchttpclient.netty.channel.ChannelManager -- Adding key: http://localhost:4444 for channel [id: 0x020b4601, L:/127.0.0.1:63420 - R:localhost/127.0.0.1:4444]
17:49:11.291 [Forwarding findElement on session 7ba8ff3bf30367aad55a4e3910d5e455 to remote] DEBUG org.asynchttpclient.netty.request.NettyRequestSender -- Using pooled Channel '[id: 0x020b4601, L:/127.0.0.1:63420 - R:localhost/127.0.0.1:4444]' for 'POST' to 'http://localhost:4444/wd/hub/session/7ba8ff3bf30367aad55a4e3910d5e455/element'
17:49:11.292 [Forwarding findElement on session 7ba8ff3bf30367aad55a4e3910d5e455 to remote] DEBUG org.asynchttpclient.netty.request.NettyRequestSender -- Using open Channel [id: 0x020b4601, L:/127.0.0.1:63420 - R:localhost/127.0.0.1:4444] for POST '/wd/hub/session/7ba8ff3bf30367aad55a4e3910d5e455/element'
17:49:11.317 [AsyncHttpClient-1-2] DEBUG org.asynchttpclient.netty.handler.HttpHandler -- 

Request DefaultHttpRequest(decodeResult: success, version: HTTP/1.1)
POST /wd/hub/session/7ba8ff3bf30367aad55a4e3910d5e455/element HTTP/1.1
traceparent: 00-4eaab3c20d04804747a3e90f22f940af-fb0d484bb3d23aeb-01
User-Agent: selenium/4.13.0 (java windows)
Content-Length: 80
Content-Type: application/json; charset=utf-8
host: localhost:4444
accept: */*

Response DefaultHttpResponse(decodeResult: success, version: HTTP/1.1)
HTTP/1.1 200 OK
content-length: 95
content-type: application/json; charset=utf-8
cache-control: no-cache

17:49:11.317 [AsyncHttpClient-1-2] DEBUG org.asynchttpclient.netty.channel.ChannelManager -- Adding key: http://localhost:4444 for channel [id: 0x020b4601, L:/127.0.0.1:63420 - R:localhost/127.0.0.1:4444]
17:49:11.319 [Forwarding getElementText on session 7ba8ff3bf30367aad55a4e3910d5e455 to remote] DEBUG org.asynchttpclient.netty.request.NettyRequestSender -- Using pooled Channel '[id: 0x020b4601, L:/127.0.0.1:63420 - R:localhost/127.0.0.1:4444]' for 'GET' to 'http://localhost:4444/wd/hub/session/7ba8ff3bf30367aad55a4e3910d5e455/element/CFD7B54EAD99FB12BDA0964E4A51D79A_element_29/text'
17:49:11.319 [Forwarding getElementText on session 7ba8ff3bf30367aad55a4e3910d5e455 to remote] DEBUG org.asynchttpclient.netty.request.NettyRequestSender -- Using open Channel [id: 0x020b4601, L:/127.0.0.1:63420 - R:localhost/127.0.0.1:4444] for GET '/wd/hub/session/7ba8ff3bf30367aad55a4e3910d5e455/element/CFD7B54EAD99FB12BDA0964E4A51D79A_element_29/text'
17:49:11.348 [AsyncHttpClient-1-2] DEBUG org.asynchttpclient.netty.handler.HttpHandler -- 

Request DefaultFullHttpRequest(decodeResult: success, version: HTTP/1.1, content: EmptyByteBufBE)
GET /wd/hub/session/7ba8ff3bf30367aad55a4e3910d5e455/element/CFD7B54EAD99FB12BDA0964E4A51D79A_element_29/text HTTP/1.1
Cache-Control: no-cache
traceparent: 00-0bb4ecc14aa181d83f0e075e7ee0207d-40848c8ce40bcc1a-01
User-Agent: selenium/4.13.0 (java windows)
Content-Type: application/json; charset=utf-8
host: localhost:4444
accept: */*

Response DefaultHttpResponse(decodeResult: success, version: HTTP/1.1)
HTTP/1.1 200 OK
content-length: 63
content-type: application/json; charset=utf-8
cache-control: no-cache

17:49:11.348 [AsyncHttpClient-1-2] DEBUG org.asynchttpclient.netty.channel.ChannelManager -- Adding key: http://localhost:4444 for channel [id: 0x020b4601, L:/127.0.0.1:63420 - R:localhost/127.0.0.1:4444]
17:49:11.350 [main] INFO helpers.LoggerHelper -- @Test: readFromArray has FAILED
17:49:11.350 [main] INFO helpers.LoggerHelper -- ######################################################################################
17:49:11.353 [Forwarding screenshot on session 7ba8ff3bf30367aad55a4e3910d5e455 to remote] DEBUG org.asynchttpclient.netty.request.NettyRequestSender -- Using pooled Channel '[id: 0x020b4601, L:/127.0.0.1:63420 - R:localhost/127.0.0.1:4444]' for 'GET' to 'http://localhost:4444/wd/hub/session/7ba8ff3bf30367aad55a4e3910d5e455/screenshot'
17:49:11.353 [Forwarding screenshot on session 7ba8ff3bf30367aad55a4e3910d5e455 to remote] DEBUG org.asynchttpclient.netty.request.NettyRequestSender -- Using open Channel [id: 0x020b4601, L:/127.0.0.1:63420 - R:localhost/127.0.0.1:4444] for GET '/wd/hub/session/7ba8ff3bf30367aad55a4e3910d5e455/screenshot'
17:49:11.516 [AsyncHttpClient-1-2] DEBUG org.asynchttpclient.netty.handler.HttpHandler -- 

Request DefaultFullHttpRequest(decodeResult: success, version: HTTP/1.1, content: EmptyByteBufBE)
GET /wd/hub/session/7ba8ff3bf30367aad55a4e3910d5e455/screenshot HTTP/1.1
Cache-Control: no-cache
traceparent: 00-e7b28fb1b5e2015282dc389458f6896e-61406a9a2aad5a28-01
User-Agent: selenium/4.13.0 (java windows)
Content-Type: application/json; charset=utf-8
host: localhost:4444
accept: */*

Response DefaultHttpResponse(decodeResult: success, version: HTTP/1.1)
HTTP/1.1 200 OK
content-length: 53176
content-type: application/json; charset=utf-8
cache-control: no-cache

17:49:11.517 [AsyncHttpClient-1-2] DEBUG org.asynchttpclient.netty.channel.ChannelManager -- Adding key: http://localhost:4444 for channel [id: 0x020b4601, L:/127.0.0.1:63420 - R:localhost/127.0.0.1:4444]
17:49:11.528 [main] INFO helpers.LoggerHelper -- Screenshot saved successfully.
]]></system-out>
  </testcase>
  <testcase name="readFromArray[problem_user, secret_sauce](3)" classname="FrontEnd.SauceDemo.LoginWithDP" time="2.202">
    <failure message="The following asserts failed:&#10;	expected [fasdfads] but found [Swag Labs],&#10;	expected [fasdfads] but found [Swag Labs]" type="java.lang.AssertionError"><![CDATA[java.lang.AssertionError: 
The following asserts failed:
	expected [fasdfads] but found [Swag Labs],
	expected [fasdfads] but found [Swag Labs]
	at org.testng.asserts.SoftAssert.assertAll(SoftAssert.java:47)
	at org.testng.asserts.SoftAssert.assertAll(SoftAssert.java:31)
	at helpers.AssertionsList.assertAll(AssertionsList.java:41)
	at FrontEnd.SauceDemo.LoginWithDP.readFromArray(LoginWithDP.java:78)
	at java.base/jdk.internal.reflect.NativeMethodAccessorImpl.invoke0(Native Method)
	at java.base/jdk.internal.reflect.NativeMethodAccessorImpl.invoke(NativeMethodAccessorImpl.java:62)
	at java.base/jdk.internal.reflect.DelegatingMethodAccessorImpl.invoke(DelegatingMethodAccessorImpl.java:43)
	at java.base/java.lang.reflect.Method.invoke(Method.java:566)
	at org.testng.internal.MethodInvocationHelper.invokeMethod(MethodInvocationHelper.java:133)
	at org.testng.internal.TestInvoker.invokeMethod(TestInvoker.java:598)
	at org.testng.internal.TestInvoker.invokeTestMethod(TestInvoker.java:173)
	at org.testng.internal.MethodRunner.runInSequence(MethodRunner.java:46)
	at org.testng.internal.TestInvoker$MethodInvocationAgent.invoke(TestInvoker.java:824)
	at org.testng.internal.TestInvoker.invokeTestMethods(TestInvoker.java:146)
	at org.testng.internal.TestMethodWorker.invokeTestMethods(TestMethodWorker.java:146)
	at org.testng.internal.TestMethodWorker.run(TestMethodWorker.java:128)
	at java.base/java.util.ArrayList.forEach(ArrayList.java:1540)
	at org.testng.TestRunner.privateRun(TestRunner.java:794)
	at org.testng.TestRunner.run(TestRunner.java:596)
	at org.testng.SuiteRunner.runTest(SuiteRunner.java:377)
	at org.testng.SuiteRunner.runSequentially(SuiteRunner.java:371)
	at org.testng.SuiteRunner.privateRun(SuiteRunner.java:332)
	at org.testng.SuiteRunner.run(SuiteRunner.java:276)
	at org.testng.SuiteRunnerWorker.runSuite(SuiteRunnerWorker.java:53)
	at org.testng.SuiteRunnerWorker.run(SuiteRunnerWorker.java:96)
	at org.testng.TestNG.runSuitesSequentially(TestNG.java:1212)
	at org.testng.TestNG.runSuitesLocally(TestNG.java:1134)
	at org.testng.TestNG.runSuites(TestNG.java:1063)
	at org.testng.TestNG.run(TestNG.java:1031)
	at org.apache.maven.surefire.testng.TestNGExecutor.run(TestNGExecutor.java:308)
	at org.apache.maven.surefire.testng.TestNGXmlTestSuite.execute(TestNGXmlTestSuite.java:71)
	at org.apache.maven.surefire.testng.TestNGProvider.invoke(TestNGProvider.java:113)
	at org.apache.maven.surefire.booter.ForkedBooter.runSuitesInProcess(ForkedBooter.java:385)
	at org.apache.maven.surefire.booter.ForkedBooter.execute(ForkedBooter.java:162)
	at org.apache.maven.surefire.booter.ForkedBooter.run(ForkedBooter.java:507)
	at org.apache.maven.surefire.booter.ForkedBooter.main(ForkedBooter.java:495)
]]></failure>
    <system-out><![CDATA[17:49:11.530 [main] INFO helpers.LoggerHelper -- @Test: readFromArray
17:49:11.531 [main] INFO helpers.LoggerHelper -- Description: Trying to read data from an array object
17:49:11.531 [main] INFO helpers.LoggerHelper -- ######################################################################################
17:49:11.534 [Forwarding get on session 7ba8ff3bf30367aad55a4e3910d5e455 to remote] DEBUG org.asynchttpclient.netty.request.NettyRequestSender -- Using pooled Channel '[id: 0x020b4601, L:/127.0.0.1:63420 - R:localhost/127.0.0.1:4444]' for 'POST' to 'http://localhost:4444/wd/hub/session/7ba8ff3bf30367aad55a4e3910d5e455/url'
17:49:11.534 [Forwarding get on session 7ba8ff3bf30367aad55a4e3910d5e455 to remote] DEBUG org.asynchttpclient.netty.request.NettyRequestSender -- Using open Channel [id: 0x020b4601, L:/127.0.0.1:63420 - R:localhost/127.0.0.1:4444] for POST '/wd/hub/session/7ba8ff3bf30367aad55a4e3910d5e455/url'
17:49:11.638 [AsyncHttpClient-1-2] DEBUG org.asynchttpclient.netty.handler.HttpHandler -- 

Request DefaultHttpRequest(decodeResult: success, version: HTTP/1.1)
POST /wd/hub/session/7ba8ff3bf30367aad55a4e3910d5e455/url HTTP/1.1
traceparent: 00-fd8f68c04b6f24e012cd425426e80b3c-466d5ea1856d6a42-01
User-Agent: selenium/4.13.0 (java windows)
Content-Length: 43
Content-Type: application/json; charset=utf-8
host: localhost:4444
accept: */*

Response DefaultHttpResponse(decodeResult: success, version: HTTP/1.1)
HTTP/1.1 200 OK
content-length: 14
content-type: application/json; charset=utf-8
cache-control: no-cache

17:49:11.638 [AsyncHttpClient-1-2] DEBUG org.asynchttpclient.netty.channel.ChannelManager -- Adding key: http://localhost:4444 for channel [id: 0x020b4601, L:/127.0.0.1:63420 - R:localhost/127.0.0.1:4444]
17:49:11.639 [Forwarding findElement on session 7ba8ff3bf30367aad55a4e3910d5e455 to remote] DEBUG org.asynchttpclient.netty.request.NettyRequestSender -- Using pooled Channel '[id: 0x020b4601, L:/127.0.0.1:63420 - R:localhost/127.0.0.1:4444]' for 'POST' to 'http://localhost:4444/wd/hub/session/7ba8ff3bf30367aad55a4e3910d5e455/element'
17:49:11.639 [Forwarding findElement on session 7ba8ff3bf30367aad55a4e3910d5e455 to remote] DEBUG org.asynchttpclient.netty.request.NettyRequestSender -- Using open Channel [id: 0x020b4601, L:/127.0.0.1:63420 - R:localhost/127.0.0.1:4444] for POST '/wd/hub/session/7ba8ff3bf30367aad55a4e3910d5e455/element'
17:49:11.665 [AsyncHttpClient-1-2] DEBUG org.asynchttpclient.netty.handler.HttpHandler -- 

Request DefaultHttpRequest(decodeResult: success, version: HTTP/1.1)
POST /wd/hub/session/7ba8ff3bf30367aad55a4e3910d5e455/element HTTP/1.1
traceparent: 00-c6d1ece6e15fd7f192c8e2ba8b3c30a5-929bda9ef7d8c6e4-01
User-Agent: selenium/4.13.0 (java windows)
Content-Length: 56
Content-Type: application/json; charset=utf-8
host: localhost:4444
accept: */*

Response DefaultHttpResponse(decodeResult: success, version: HTTP/1.1)
HTTP/1.1 200 OK
content-length: 95
content-type: application/json; charset=utf-8
cache-control: no-cache

17:49:11.665 [AsyncHttpClient-1-2] DEBUG org.asynchttpclient.netty.channel.ChannelManager -- Adding key: http://localhost:4444 for channel [id: 0x020b4601, L:/127.0.0.1:63420 - R:localhost/127.0.0.1:4444]
17:49:11.668 [Forwarding isElementDisplayed on session 7ba8ff3bf30367aad55a4e3910d5e455 to remote] DEBUG org.asynchttpclient.netty.request.NettyRequestSender -- Using pooled Channel '[id: 0x020b4601, L:/127.0.0.1:63420 - R:localhost/127.0.0.1:4444]' for 'POST' to 'http://localhost:4444/wd/hub/session/7ba8ff3bf30367aad55a4e3910d5e455/execute/sync'
17:49:11.668 [Forwarding isElementDisplayed on session 7ba8ff3bf30367aad55a4e3910d5e455 to remote] DEBUG org.asynchttpclient.netty.request.NettyRequestSender -- Using open Channel [id: 0x020b4601, L:/127.0.0.1:63420 - R:localhost/127.0.0.1:4444] for POST '/wd/hub/session/7ba8ff3bf30367aad55a4e3910d5e455/execute/sync'
17:49:11.724 [AsyncHttpClient-1-2] DEBUG org.asynchttpclient.netty.handler.HttpHandler -- 

Request DefaultHttpRequest(decodeResult: success, version: HTTP/1.1)
POST /wd/hub/session/7ba8ff3bf30367aad55a4e3910d5e455/execute/sync HTTP/1.1
traceparent: 00-a95e5417f3770b123e77d5bce50b0d55-5160c319bc471cd6-01
User-Agent: selenium/4.13.0 (java windows)
Content-Length: 48814
Content-Type: application/json; charset=utf-8
host: localhost:4444
accept: */*

Response DefaultHttpResponse(decodeResult: success, version: HTTP/1.1)
HTTP/1.1 200 OK
content-length: 14
content-type: application/json; charset=utf-8
cache-control: no-cache

17:49:11.724 [AsyncHttpClient-1-2] DEBUG org.asynchttpclient.netty.channel.ChannelManager -- Adding key: http://localhost:4444 for channel [id: 0x020b4601, L:/127.0.0.1:63420 - R:localhost/127.0.0.1:4444]
17:49:11.726 [Forwarding findElement on session 7ba8ff3bf30367aad55a4e3910d5e455 to remote] DEBUG org.asynchttpclient.netty.request.NettyRequestSender -- Using pooled Channel '[id: 0x020b4601, L:/127.0.0.1:63420 - R:localhost/127.0.0.1:4444]' for 'POST' to 'http://localhost:4444/wd/hub/session/7ba8ff3bf30367aad55a4e3910d5e455/element'
17:49:11.727 [Forwarding findElement on session 7ba8ff3bf30367aad55a4e3910d5e455 to remote] DEBUG org.asynchttpclient.netty.request.NettyRequestSender -- Using open Channel [id: 0x020b4601, L:/127.0.0.1:63420 - R:localhost/127.0.0.1:4444] for POST '/wd/hub/session/7ba8ff3bf30367aad55a4e3910d5e455/element'
17:49:11.765 [AsyncHttpClient-1-2] DEBUG org.asynchttpclient.netty.handler.HttpHandler -- 

Request DefaultHttpRequest(decodeResult: success, version: HTTP/1.1)
POST /wd/hub/session/7ba8ff3bf30367aad55a4e3910d5e455/element HTTP/1.1
traceparent: 00-175375b24cd40b67f739bad688f93fe6-4fffbc4c18a9e2b5-01
User-Agent: selenium/4.13.0 (java windows)
Content-Length: 56
Content-Type: application/json; charset=utf-8
host: localhost:4444
accept: */*

Response DefaultHttpResponse(decodeResult: success, version: HTTP/1.1)
HTTP/1.1 200 OK
content-length: 95
content-type: application/json; charset=utf-8
cache-control: no-cache

17:49:11.766 [AsyncHttpClient-1-2] DEBUG org.asynchttpclient.netty.channel.ChannelManager -- Adding key: http://localhost:4444 for channel [id: 0x020b4601, L:/127.0.0.1:63420 - R:localhost/127.0.0.1:4444]
17:49:11.768 [Forwarding sendKeysToElement on session 7ba8ff3bf30367aad55a4e3910d5e455 to remote] DEBUG org.asynchttpclient.netty.request.NettyRequestSender -- Using pooled Channel '[id: 0x020b4601, L:/127.0.0.1:63420 - R:localhost/127.0.0.1:4444]' for 'POST' to 'http://localhost:4444/wd/hub/session/7ba8ff3bf30367aad55a4e3910d5e455/element/A4095B48A6410F10E330F8F4852DC8A3_element_34/value'
17:49:11.769 [Forwarding sendKeysToElement on session 7ba8ff3bf30367aad55a4e3910d5e455 to remote] DEBUG org.asynchttpclient.netty.request.NettyRequestSender -- Using open Channel [id: 0x020b4601, L:/127.0.0.1:63420 - R:localhost/127.0.0.1:4444] for POST '/wd/hub/session/7ba8ff3bf30367aad55a4e3910d5e455/element/A4095B48A6410F10E330F8F4852DC8A3_element_34/value'
17:49:11.874 [AsyncHttpClient-1-2] DEBUG org.asynchttpclient.netty.handler.HttpHandler -- 

Request DefaultHttpRequest(decodeResult: success, version: HTTP/1.1)
POST /wd/hub/session/7ba8ff3bf30367aad55a4e3910d5e455/element/A4095B48A6410F10E330F8F4852DC8A3_element_34/value HTTP/1.1
traceparent: 00-a44901aedd96cf5e5dbdd89308fc389a-4c111f6266812074-01
User-Agent: selenium/4.13.0 (java windows)
Content-Length: 208
Content-Type: application/json; charset=utf-8
host: localhost:4444
accept: */*

Response DefaultHttpResponse(decodeResult: success, version: HTTP/1.1)
HTTP/1.1 200 OK
content-length: 14
content-type: application/json; charset=utf-8
cache-control: no-cache

17:49:11.874 [AsyncHttpClient-1-2] DEBUG org.asynchttpclient.netty.channel.ChannelManager -- Adding key: http://localhost:4444 for channel [id: 0x020b4601, L:/127.0.0.1:63420 - R:localhost/127.0.0.1:4444]
17:49:11.875 [Forwarding findElement on session 7ba8ff3bf30367aad55a4e3910d5e455 to remote] DEBUG org.asynchttpclient.netty.request.NettyRequestSender -- Using pooled Channel '[id: 0x020b4601, L:/127.0.0.1:63420 - R:localhost/127.0.0.1:4444]' for 'POST' to 'http://localhost:4444/wd/hub/session/7ba8ff3bf30367aad55a4e3910d5e455/element'
17:49:11.876 [Forwarding findElement on session 7ba8ff3bf30367aad55a4e3910d5e455 to remote] DEBUG org.asynchttpclient.netty.request.NettyRequestSender -- Using open Channel [id: 0x020b4601, L:/127.0.0.1:63420 - R:localhost/127.0.0.1:4444] for POST '/wd/hub/session/7ba8ff3bf30367aad55a4e3910d5e455/element'
17:49:11.897 [AsyncHttpClient-1-2] DEBUG org.asynchttpclient.netty.handler.HttpHandler -- 

Request DefaultHttpRequest(decodeResult: success, version: HTTP/1.1)
POST /wd/hub/session/7ba8ff3bf30367aad55a4e3910d5e455/element HTTP/1.1
traceparent: 00-4f836b0df5938a9ba80d7c4209c6448f-cf049eecd4cf2ff6-01
User-Agent: selenium/4.13.0 (java windows)
Content-Length: 56
Content-Type: application/json; charset=utf-8
host: localhost:4444
accept: */*

Response DefaultHttpResponse(decodeResult: success, version: HTTP/1.1)
HTTP/1.1 200 OK
content-length: 95
content-type: application/json; charset=utf-8
cache-control: no-cache

17:49:11.897 [AsyncHttpClient-1-2] DEBUG org.asynchttpclient.netty.channel.ChannelManager -- Adding key: http://localhost:4444 for channel [id: 0x020b4601, L:/127.0.0.1:63420 - R:localhost/127.0.0.1:4444]
17:49:11.900 [Forwarding getElementAttribute on session 7ba8ff3bf30367aad55a4e3910d5e455 to remote] DEBUG org.asynchttpclient.netty.request.NettyRequestSender -- Using pooled Channel '[id: 0x020b4601, L:/127.0.0.1:63420 - R:localhost/127.0.0.1:4444]' for 'POST' to 'http://localhost:4444/wd/hub/session/7ba8ff3bf30367aad55a4e3910d5e455/execute/sync'
17:49:11.900 [Forwarding getElementAttribute on session 7ba8ff3bf30367aad55a4e3910d5e455 to remote] DEBUG org.asynchttpclient.netty.request.NettyRequestSender -- Using open Channel [id: 0x020b4601, L:/127.0.0.1:63420 - R:localhost/127.0.0.1:4444] for POST '/wd/hub/session/7ba8ff3bf30367aad55a4e3910d5e455/execute/sync'
17:49:11.928 [AsyncHttpClient-1-2] DEBUG org.asynchttpclient.netty.handler.HttpHandler -- 

Request DefaultHttpRequest(decodeResult: success, version: HTTP/1.1)
POST /wd/hub/session/7ba8ff3bf30367aad55a4e3910d5e455/execute/sync HTTP/1.1
traceparent: 00-e581e9d992ce686992401f87f5b61a5b-7ae9f1b06673f897-01
User-Agent: selenium/4.13.0 (java windows)
Content-Length: 47379
Content-Type: application/json; charset=utf-8
host: localhost:4444
accept: */*

Response DefaultHttpResponse(decodeResult: success, version: HTTP/1.1)
HTTP/1.1 200 OK
content-length: 222
content-type: application/json; charset=utf-8
cache-control: no-cache

17:49:11.928 [AsyncHttpClient-1-2] DEBUG org.asynchttpclient.netty.channel.ChannelManager -- Adding key: http://localhost:4444 for channel [id: 0x020b4601, L:/127.0.0.1:63420 - R:localhost/127.0.0.1:4444]
17:49:11.930 [Forwarding getElementAttribute on session 7ba8ff3bf30367aad55a4e3910d5e455 to remote] DEBUG org.asynchttpclient.netty.request.NettyRequestSender -- Using pooled Channel '[id: 0x020b4601, L:/127.0.0.1:63420 - R:localhost/127.0.0.1:4444]' for 'POST' to 'http://localhost:4444/wd/hub/session/7ba8ff3bf30367aad55a4e3910d5e455/execute/sync'
17:49:11.930 [Forwarding getElementAttribute on session 7ba8ff3bf30367aad55a4e3910d5e455 to remote] DEBUG org.asynchttpclient.netty.request.NettyRequestSender -- Using open Channel [id: 0x020b4601, L:/127.0.0.1:63420 - R:localhost/127.0.0.1:4444] for POST '/wd/hub/session/7ba8ff3bf30367aad55a4e3910d5e455/execute/sync'
17:49:11.957 [AsyncHttpClient-1-2] DEBUG org.asynchttpclient.netty.handler.HttpHandler -- 

Request DefaultHttpRequest(decodeResult: success, version: HTTP/1.1)
POST /wd/hub/session/7ba8ff3bf30367aad55a4e3910d5e455/execute/sync HTTP/1.1
traceparent: 00-3bb260aec2b0a930dcfce4b32de65b49-2c104c8b71a02b11-01
User-Agent: selenium/4.13.0 (java windows)
Content-Length: 47375
Content-Type: application/json; charset=utf-8
host: localhost:4444
accept: */*

Response DefaultHttpResponse(decodeResult: success, version: HTTP/1.1)
HTTP/1.1 200 OK
content-length: 34
content-type: application/json; charset=utf-8
cache-control: no-cache

17:49:11.957 [AsyncHttpClient-1-2] DEBUG org.asynchttpclient.netty.channel.ChannelManager -- Adding key: http://localhost:4444 for channel [id: 0x020b4601, L:/127.0.0.1:63420 - R:localhost/127.0.0.1:4444]
17:49:11.959 [Forwarding getElementAttribute on session 7ba8ff3bf30367aad55a4e3910d5e455 to remote] DEBUG org.asynchttpclient.netty.request.NettyRequestSender -- Using pooled Channel '[id: 0x020b4601, L:/127.0.0.1:63420 - R:localhost/127.0.0.1:4444]' for 'POST' to 'http://localhost:4444/wd/hub/session/7ba8ff3bf30367aad55a4e3910d5e455/execute/sync'
17:49:11.960 [Forwarding getElementAttribute on session 7ba8ff3bf30367aad55a4e3910d5e455 to remote] DEBUG org.asynchttpclient.netty.request.NettyRequestSender -- Using open Channel [id: 0x020b4601, L:/127.0.0.1:63420 - R:localhost/127.0.0.1:4444] for POST '/wd/hub/session/7ba8ff3bf30367aad55a4e3910d5e455/execute/sync'
17:49:11.986 [AsyncHttpClient-1-2] DEBUG org.asynchttpclient.netty.handler.HttpHandler -- 

Request DefaultHttpRequest(decodeResult: success, version: HTTP/1.1)
POST /wd/hub/session/7ba8ff3bf30367aad55a4e3910d5e455/execute/sync HTTP/1.1
traceparent: 00-2f93cd16aa4a07394b1b41d46c44dc37-24e7deed7f7fde80-01
User-Agent: selenium/4.13.0 (java windows)
Content-Length: 47381
Content-Type: application/json; charset=utf-8
host: localhost:4444
accept: */*

Response DefaultHttpResponse(decodeResult: success, version: HTTP/1.1)
HTTP/1.1 200 OK
content-length: 20
content-type: application/json; charset=utf-8
cache-control: no-cache

17:49:11.986 [AsyncHttpClient-1-2] DEBUG org.asynchttpclient.netty.channel.ChannelManager -- Adding key: http://localhost:4444 for channel [id: 0x020b4601, L:/127.0.0.1:63420 - R:localhost/127.0.0.1:4444]
17:49:11.988 [Forwarding getElementAttribute on session 7ba8ff3bf30367aad55a4e3910d5e455 to remote] DEBUG org.asynchttpclient.netty.request.NettyRequestSender -- Using pooled Channel '[id: 0x020b4601, L:/127.0.0.1:63420 - R:localhost/127.0.0.1:4444]' for 'POST' to 'http://localhost:4444/wd/hub/session/7ba8ff3bf30367aad55a4e3910d5e455/execute/sync'
17:49:11.988 [Forwarding getElementAttribute on session 7ba8ff3bf30367aad55a4e3910d5e455 to remote] DEBUG org.asynchttpclient.netty.request.NettyRequestSender -- Using open Channel [id: 0x020b4601, L:/127.0.0.1:63420 - R:localhost/127.0.0.1:4444] for POST '/wd/hub/session/7ba8ff3bf30367aad55a4e3910d5e455/execute/sync'
17:49:12.017 [AsyncHttpClient-1-2] DEBUG org.asynchttpclient.netty.handler.HttpHandler -- 

Request DefaultHttpRequest(decodeResult: success, version: HTTP/1.1)
POST /wd/hub/session/7ba8ff3bf30367aad55a4e3910d5e455/execute/sync HTTP/1.1
traceparent: 00-c32f72a87eed8189b9aec7cbbad05af3-f4a2c2d33cdcf6ed-01
User-Agent: selenium/4.13.0 (java windows)
Content-Length: 47374
Content-Type: application/json; charset=utf-8
host: localhost:4444
accept: */*

Response DefaultHttpResponse(decodeResult: success, version: HTTP/1.1)
HTTP/1.1 200 OK
content-length: 16
content-type: application/json; charset=utf-8
cache-control: no-cache

17:49:12.017 [AsyncHttpClient-1-2] DEBUG org.asynchttpclient.netty.channel.ChannelManager -- Adding key: http://localhost:4444 for channel [id: 0x020b4601, L:/127.0.0.1:63420 - R:localhost/127.0.0.1:4444]
17:49:12.019 [Forwarding getElementAttribute on session 7ba8ff3bf30367aad55a4e3910d5e455 to remote] DEBUG org.asynchttpclient.netty.request.NettyRequestSender -- Using pooled Channel '[id: 0x020b4601, L:/127.0.0.1:63420 - R:localhost/127.0.0.1:4444]' for 'POST' to 'http://localhost:4444/wd/hub/session/7ba8ff3bf30367aad55a4e3910d5e455/execute/sync'
17:49:12.019 [Forwarding getElementAttribute on session 7ba8ff3bf30367aad55a4e3910d5e455 to remote] DEBUG org.asynchttpclient.netty.request.NettyRequestSender -- Using open Channel [id: 0x020b4601, L:/127.0.0.1:63420 - R:localhost/127.0.0.1:4444] for POST '/wd/hub/session/7ba8ff3bf30367aad55a4e3910d5e455/execute/sync'
17:49:12.048 [AsyncHttpClient-1-2] DEBUG org.asynchttpclient.netty.handler.HttpHandler -- 

Request DefaultHttpRequest(decodeResult: success, version: HTTP/1.1)
POST /wd/hub/session/7ba8ff3bf30367aad55a4e3910d5e455/execute/sync HTTP/1.1
traceparent: 00-85d57d542207920db90fd90e8b1b3abb-9928462839ce37c8-01
User-Agent: selenium/4.13.0 (java windows)
Content-Length: 47379
Content-Type: application/json; charset=utf-8
host: localhost:4444
accept: */*

Response DefaultHttpResponse(decodeResult: success, version: HTTP/1.1)
HTTP/1.1 200 OK
content-length: 20
content-type: application/json; charset=utf-8
cache-control: no-cache

17:49:12.048 [AsyncHttpClient-1-2] DEBUG org.asynchttpclient.netty.channel.ChannelManager -- Adding key: http://localhost:4444 for channel [id: 0x020b4601, L:/127.0.0.1:63420 - R:localhost/127.0.0.1:4444]
17:49:12.050 [Forwarding getElementAttribute on session 7ba8ff3bf30367aad55a4e3910d5e455 to remote] DEBUG org.asynchttpclient.netty.request.NettyRequestSender -- Using pooled Channel '[id: 0x020b4601, L:/127.0.0.1:63420 - R:localhost/127.0.0.1:4444]' for 'POST' to 'http://localhost:4444/wd/hub/session/7ba8ff3bf30367aad55a4e3910d5e455/execute/sync'
17:49:12.050 [Forwarding getElementAttribute on session 7ba8ff3bf30367aad55a4e3910d5e455 to remote] DEBUG org.asynchttpclient.netty.request.NettyRequestSender -- Using open Channel [id: 0x020b4601, L:/127.0.0.1:63420 - R:localhost/127.0.0.1:4444] for POST '/wd/hub/session/7ba8ff3bf30367aad55a4e3910d5e455/execute/sync'
17:49:12.078 [AsyncHttpClient-1-2] DEBUG org.asynchttpclient.netty.handler.HttpHandler -- 

Request DefaultHttpRequest(decodeResult: success, version: HTTP/1.1)
POST /wd/hub/session/7ba8ff3bf30367aad55a4e3910d5e455/execute/sync HTTP/1.1
traceparent: 00-1ca9aa6c4747aeb5d21dd2376b18be6b-1f85339409d34658-01
User-Agent: selenium/4.13.0 (java windows)
Content-Length: 47372
Content-Type: application/json; charset=utf-8
host: localhost:4444
accept: */*

Response DefaultHttpResponse(decodeResult: success, version: HTTP/1.1)
HTTP/1.1 200 OK
content-length: 21
content-type: application/json; charset=utf-8
cache-control: no-cache

17:49:12.078 [AsyncHttpClient-1-2] DEBUG org.asynchttpclient.netty.channel.ChannelManager -- Adding key: http://localhost:4444 for channel [id: 0x020b4601, L:/127.0.0.1:63420 - R:localhost/127.0.0.1:4444]
17:49:12.080 [Forwarding getElementAttribute on session 7ba8ff3bf30367aad55a4e3910d5e455 to remote] DEBUG org.asynchttpclient.netty.request.NettyRequestSender -- Using pooled Channel '[id: 0x020b4601, L:/127.0.0.1:63420 - R:localhost/127.0.0.1:4444]' for 'POST' to 'http://localhost:4444/wd/hub/session/7ba8ff3bf30367aad55a4e3910d5e455/execute/sync'
17:49:12.080 [Forwarding getElementAttribute on session 7ba8ff3bf30367aad55a4e3910d5e455 to remote] DEBUG org.asynchttpclient.netty.request.NettyRequestSender -- Using open Channel [id: 0x020b4601, L:/127.0.0.1:63420 - R:localhost/127.0.0.1:4444] for POST '/wd/hub/session/7ba8ff3bf30367aad55a4e3910d5e455/execute/sync'
17:49:12.107 [AsyncHttpClient-1-2] DEBUG org.asynchttpclient.netty.handler.HttpHandler -- 

Request DefaultHttpRequest(decodeResult: success, version: HTTP/1.1)
POST /wd/hub/session/7ba8ff3bf30367aad55a4e3910d5e455/execute/sync HTTP/1.1
traceparent: 00-884ff49b6fe01ad049a98a443db5c8c9-aea7deefce4af9dd-01
User-Agent: selenium/4.13.0 (java windows)
Content-Length: 47374
Content-Type: application/json; charset=utf-8
host: localhost:4444
accept: */*

Response DefaultHttpResponse(decodeResult: success, version: HTTP/1.1)
HTTP/1.1 200 OK
content-length: 21
content-type: application/json; charset=utf-8
cache-control: no-cache

17:49:12.107 [AsyncHttpClient-1-2] DEBUG org.asynchttpclient.netty.channel.ChannelManager -- Adding key: http://localhost:4444 for channel [id: 0x020b4601, L:/127.0.0.1:63420 - R:localhost/127.0.0.1:4444]
17:49:12.109 [Forwarding getElementAttribute on session 7ba8ff3bf30367aad55a4e3910d5e455 to remote] DEBUG org.asynchttpclient.netty.request.NettyRequestSender -- Using pooled Channel '[id: 0x020b4601, L:/127.0.0.1:63420 - R:localhost/127.0.0.1:4444]' for 'POST' to 'http://localhost:4444/wd/hub/session/7ba8ff3bf30367aad55a4e3910d5e455/execute/sync'
17:49:12.109 [Forwarding getElementAttribute on session 7ba8ff3bf30367aad55a4e3910d5e455 to remote] DEBUG org.asynchttpclient.netty.request.NettyRequestSender -- Using open Channel [id: 0x020b4601, L:/127.0.0.1:63420 - R:localhost/127.0.0.1:4444] for POST '/wd/hub/session/7ba8ff3bf30367aad55a4e3910d5e455/execute/sync'
17:49:12.134 [AsyncHttpClient-1-2] DEBUG org.asynchttpclient.netty.handler.HttpHandler -- 

Request DefaultHttpRequest(decodeResult: success, version: HTTP/1.1)
POST /wd/hub/session/7ba8ff3bf30367aad55a4e3910d5e455/execute/sync HTTP/1.1
traceparent: 00-6f6038dd43d0027d24510f4f502d6fae-5a4220283f8f96d9-01
User-Agent: selenium/4.13.0 (java windows)
Content-Length: 47381
Content-Type: application/json; charset=utf-8
host: localhost:4444
accept: */*

Response DefaultHttpResponse(decodeResult: success, version: HTTP/1.1)
HTTP/1.1 200 OK
content-length: 15
content-type: application/json; charset=utf-8
cache-control: no-cache

17:49:12.134 [AsyncHttpClient-1-2] DEBUG org.asynchttpclient.netty.channel.ChannelManager -- Adding key: http://localhost:4444 for channel [id: 0x020b4601, L:/127.0.0.1:63420 - R:localhost/127.0.0.1:4444]
17:49:12.137 [Forwarding getElementAttribute on session 7ba8ff3bf30367aad55a4e3910d5e455 to remote] DEBUG org.asynchttpclient.netty.request.NettyRequestSender -- Using pooled Channel '[id: 0x020b4601, L:/127.0.0.1:63420 - R:localhost/127.0.0.1:4444]' for 'POST' to 'http://localhost:4444/wd/hub/session/7ba8ff3bf30367aad55a4e3910d5e455/execute/sync'
17:49:12.137 [Forwarding getElementAttribute on session 7ba8ff3bf30367aad55a4e3910d5e455 to remote] DEBUG org.asynchttpclient.netty.request.NettyRequestSender -- Using open Channel [id: 0x020b4601, L:/127.0.0.1:63420 - R:localhost/127.0.0.1:4444] for POST '/wd/hub/session/7ba8ff3bf30367aad55a4e3910d5e455/execute/sync'
17:49:12.164 [AsyncHttpClient-1-2] DEBUG org.asynchttpclient.netty.handler.HttpHandler -- 

Request DefaultHttpRequest(decodeResult: success, version: HTTP/1.1)
POST /wd/hub/session/7ba8ff3bf30367aad55a4e3910d5e455/execute/sync HTTP/1.1
traceparent: 00-f943230f0b2a2d2ad011c35de08c9725-507a965739d8cdea-01
User-Agent: selenium/4.13.0 (java windows)
Content-Length: 47384
Content-Type: application/json; charset=utf-8
host: localhost:4444
accept: */*

Response DefaultHttpResponse(decodeResult: success, version: HTTP/1.1)
HTTP/1.1 200 OK
content-length: 16
content-type: application/json; charset=utf-8
cache-control: no-cache

17:49:12.164 [AsyncHttpClient-1-2] DEBUG org.asynchttpclient.netty.channel.ChannelManager -- Adding key: http://localhost:4444 for channel [id: 0x020b4601, L:/127.0.0.1:63420 - R:localhost/127.0.0.1:4444]
17:49:12.166 [Forwarding getElementAttribute on session 7ba8ff3bf30367aad55a4e3910d5e455 to remote] DEBUG org.asynchttpclient.netty.request.NettyRequestSender -- Using pooled Channel '[id: 0x020b4601, L:/127.0.0.1:63420 - R:localhost/127.0.0.1:4444]' for 'POST' to 'http://localhost:4444/wd/hub/session/7ba8ff3bf30367aad55a4e3910d5e455/execute/sync'
17:49:12.167 [Forwarding getElementAttribute on session 7ba8ff3bf30367aad55a4e3910d5e455 to remote] DEBUG org.asynchttpclient.netty.request.NettyRequestSender -- Using open Channel [id: 0x020b4601, L:/127.0.0.1:63420 - R:localhost/127.0.0.1:4444] for POST '/wd/hub/session/7ba8ff3bf30367aad55a4e3910d5e455/execute/sync'
17:49:12.196 [AsyncHttpClient-1-2] DEBUG org.asynchttpclient.netty.handler.HttpHandler -- 

Request DefaultHttpRequest(decodeResult: success, version: HTTP/1.1)
POST /wd/hub/session/7ba8ff3bf30367aad55a4e3910d5e455/execute/sync HTTP/1.1
traceparent: 00-499e52000a0f57f9125ff26cddb1a76a-a60ed6e1e0393a0e-01
User-Agent: selenium/4.13.0 (java windows)
Content-Length: 47375
Content-Type: application/json; charset=utf-8
host: localhost:4444
accept: */*

Response DefaultHttpResponse(decodeResult: success, version: HTTP/1.1)
HTTP/1.1 200 OK
content-length: 24
content-type: application/json; charset=utf-8
cache-control: no-cache

17:49:12.196 [AsyncHttpClient-1-2] DEBUG org.asynchttpclient.netty.channel.ChannelManager -- Adding key: http://localhost:4444 for channel [id: 0x020b4601, L:/127.0.0.1:63420 - R:localhost/127.0.0.1:4444]
17:49:12.197 [main] INFO helpers.LoggerHelper -- Testing user: problem_user
17:49:12.198 [Forwarding findElement on session 7ba8ff3bf30367aad55a4e3910d5e455 to remote] DEBUG org.asynchttpclient.netty.request.NettyRequestSender -- Using pooled Channel '[id: 0x020b4601, L:/127.0.0.1:63420 - R:localhost/127.0.0.1:4444]' for 'POST' to 'http://localhost:4444/wd/hub/session/7ba8ff3bf30367aad55a4e3910d5e455/element'
17:49:12.198 [Forwarding findElement on session 7ba8ff3bf30367aad55a4e3910d5e455 to remote] DEBUG org.asynchttpclient.netty.request.NettyRequestSender -- Using open Channel [id: 0x020b4601, L:/127.0.0.1:63420 - R:localhost/127.0.0.1:4444] for POST '/wd/hub/session/7ba8ff3bf30367aad55a4e3910d5e455/element'
17:49:12.225 [AsyncHttpClient-1-2] DEBUG org.asynchttpclient.netty.handler.HttpHandler -- 

Request DefaultHttpRequest(decodeResult: success, version: HTTP/1.1)
POST /wd/hub/session/7ba8ff3bf30367aad55a4e3910d5e455/element HTTP/1.1
traceparent: 00-1652ae11ebd2b6bbb34330387cf0e222-0132470be775de30-01
User-Agent: selenium/4.13.0 (java windows)
Content-Length: 53
Content-Type: application/json; charset=utf-8
host: localhost:4444
accept: */*

Response DefaultHttpResponse(decodeResult: success, version: HTTP/1.1)
HTTP/1.1 200 OK
content-length: 95
content-type: application/json; charset=utf-8
cache-control: no-cache

17:49:12.225 [AsyncHttpClient-1-2] DEBUG org.asynchttpclient.netty.channel.ChannelManager -- Adding key: http://localhost:4444 for channel [id: 0x020b4601, L:/127.0.0.1:63420 - R:localhost/127.0.0.1:4444]
17:49:12.227 [Forwarding isElementDisplayed on session 7ba8ff3bf30367aad55a4e3910d5e455 to remote] DEBUG org.asynchttpclient.netty.request.NettyRequestSender -- Using pooled Channel '[id: 0x020b4601, L:/127.0.0.1:63420 - R:localhost/127.0.0.1:4444]' for 'POST' to 'http://localhost:4444/wd/hub/session/7ba8ff3bf30367aad55a4e3910d5e455/execute/sync'
17:49:12.228 [Forwarding isElementDisplayed on session 7ba8ff3bf30367aad55a4e3910d5e455 to remote] DEBUG org.asynchttpclient.netty.request.NettyRequestSender -- Using open Channel [id: 0x020b4601, L:/127.0.0.1:63420 - R:localhost/127.0.0.1:4444] for POST '/wd/hub/session/7ba8ff3bf30367aad55a4e3910d5e455/execute/sync'
17:49:12.256 [AsyncHttpClient-1-2] DEBUG org.asynchttpclient.netty.handler.HttpHandler -- 

Request DefaultHttpRequest(decodeResult: success, version: HTTP/1.1)
POST /wd/hub/session/7ba8ff3bf30367aad55a4e3910d5e455/execute/sync HTTP/1.1
traceparent: 00-d81f0840a31e1c7a43d080e49f61a903-de0605789076cd6f-01
User-Agent: selenium/4.13.0 (java windows)
Content-Length: 48814
Content-Type: application/json; charset=utf-8
host: localhost:4444
accept: */*

Response DefaultHttpResponse(decodeResult: success, version: HTTP/1.1)
HTTP/1.1 200 OK
content-length: 14
content-type: application/json; charset=utf-8
cache-control: no-cache

17:49:12.257 [AsyncHttpClient-1-2] DEBUG org.asynchttpclient.netty.channel.ChannelManager -- Adding key: http://localhost:4444 for channel [id: 0x020b4601, L:/127.0.0.1:63420 - R:localhost/127.0.0.1:4444]
17:49:12.258 [Forwarding findElement on session 7ba8ff3bf30367aad55a4e3910d5e455 to remote] DEBUG org.asynchttpclient.netty.request.NettyRequestSender -- Using pooled Channel '[id: 0x020b4601, L:/127.0.0.1:63420 - R:localhost/127.0.0.1:4444]' for 'POST' to 'http://localhost:4444/wd/hub/session/7ba8ff3bf30367aad55a4e3910d5e455/element'
17:49:12.259 [Forwarding findElement on session 7ba8ff3bf30367aad55a4e3910d5e455 to remote] DEBUG org.asynchttpclient.netty.request.NettyRequestSender -- Using open Channel [id: 0x020b4601, L:/127.0.0.1:63420 - R:localhost/127.0.0.1:4444] for POST '/wd/hub/session/7ba8ff3bf30367aad55a4e3910d5e455/element'
17:49:12.283 [AsyncHttpClient-1-2] DEBUG org.asynchttpclient.netty.handler.HttpHandler -- 

Request DefaultHttpRequest(decodeResult: success, version: HTTP/1.1)
POST /wd/hub/session/7ba8ff3bf30367aad55a4e3910d5e455/element HTTP/1.1
traceparent: 00-864f3bd276ad42be5e5f2a8a377acf44-7c077a2f73ac4c6a-01
User-Agent: selenium/4.13.0 (java windows)
Content-Length: 53
Content-Type: application/json; charset=utf-8
host: localhost:4444
accept: */*

Response DefaultHttpResponse(decodeResult: success, version: HTTP/1.1)
HTTP/1.1 200 OK
content-length: 95
content-type: application/json; charset=utf-8
cache-control: no-cache

17:49:12.283 [AsyncHttpClient-1-2] DEBUG org.asynchttpclient.netty.channel.ChannelManager -- Adding key: http://localhost:4444 for channel [id: 0x020b4601, L:/127.0.0.1:63420 - R:localhost/127.0.0.1:4444]
17:49:12.285 [Forwarding sendKeysToElement on session 7ba8ff3bf30367aad55a4e3910d5e455 to remote] DEBUG org.asynchttpclient.netty.request.NettyRequestSender -- Using pooled Channel '[id: 0x020b4601, L:/127.0.0.1:63420 - R:localhost/127.0.0.1:4444]' for 'POST' to 'http://localhost:4444/wd/hub/session/7ba8ff3bf30367aad55a4e3910d5e455/element/A4095B48A6410F10E330F8F4852DC8A3_element_31/value'
17:49:12.285 [Forwarding sendKeysToElement on session 7ba8ff3bf30367aad55a4e3910d5e455 to remote] DEBUG org.asynchttpclient.netty.request.NettyRequestSender -- Using open Channel [id: 0x020b4601, L:/127.0.0.1:63420 - R:localhost/127.0.0.1:4444] for POST '/wd/hub/session/7ba8ff3bf30367aad55a4e3910d5e455/element/A4095B48A6410F10E330F8F4852DC8A3_element_31/value'
17:49:12.400 [AsyncHttpClient-1-2] DEBUG org.asynchttpclient.netty.handler.HttpHandler -- 

Request DefaultHttpRequest(decodeResult: success, version: HTTP/1.1)
POST /wd/hub/session/7ba8ff3bf30367aad55a4e3910d5e455/element/A4095B48A6410F10E330F8F4852DC8A3_element_31/value HTTP/1.1
traceparent: 00-cdbfd374ff7c590d89561241c92c89dd-6ab89addf6c4c875-01
User-Agent: selenium/4.13.0 (java windows)
Content-Length: 208
Content-Type: application/json; charset=utf-8
host: localhost:4444
accept: */*

Response DefaultHttpResponse(decodeResult: success, version: HTTP/1.1)
HTTP/1.1 200 OK
content-length: 14
content-type: application/json; charset=utf-8
cache-control: no-cache

17:49:12.401 [AsyncHttpClient-1-2] DEBUG org.asynchttpclient.netty.channel.ChannelManager -- Adding key: http://localhost:4444 for channel [id: 0x020b4601, L:/127.0.0.1:63420 - R:localhost/127.0.0.1:4444]
17:49:12.402 [Forwarding findElement on session 7ba8ff3bf30367aad55a4e3910d5e455 to remote] DEBUG org.asynchttpclient.netty.request.NettyRequestSender -- Using pooled Channel '[id: 0x020b4601, L:/127.0.0.1:63420 - R:localhost/127.0.0.1:4444]' for 'POST' to 'http://localhost:4444/wd/hub/session/7ba8ff3bf30367aad55a4e3910d5e455/element'
17:49:12.402 [Forwarding findElement on session 7ba8ff3bf30367aad55a4e3910d5e455 to remote] DEBUG org.asynchttpclient.netty.request.NettyRequestSender -- Using open Channel [id: 0x020b4601, L:/127.0.0.1:63420 - R:localhost/127.0.0.1:4444] for POST '/wd/hub/session/7ba8ff3bf30367aad55a4e3910d5e455/element'
17:49:12.428 [AsyncHttpClient-1-2] DEBUG org.asynchttpclient.netty.handler.HttpHandler -- 

Request DefaultHttpRequest(decodeResult: success, version: HTTP/1.1)
POST /wd/hub/session/7ba8ff3bf30367aad55a4e3910d5e455/element HTTP/1.1
traceparent: 00-b26a601198309f86464415faf166b74c-9118ea4fcbb3db1b-01
User-Agent: selenium/4.13.0 (java windows)
Content-Length: 53
Content-Type: application/json; charset=utf-8
host: localhost:4444
accept: */*

Response DefaultHttpResponse(decodeResult: success, version: HTTP/1.1)
HTTP/1.1 200 OK
content-length: 95
content-type: application/json; charset=utf-8
cache-control: no-cache

17:49:12.428 [AsyncHttpClient-1-2] DEBUG org.asynchttpclient.netty.channel.ChannelManager -- Adding key: http://localhost:4444 for channel [id: 0x020b4601, L:/127.0.0.1:63420 - R:localhost/127.0.0.1:4444]
17:49:12.432 [Forwarding getElementAttribute on session 7ba8ff3bf30367aad55a4e3910d5e455 to remote] DEBUG org.asynchttpclient.netty.request.NettyRequestSender -- Using pooled Channel '[id: 0x020b4601, L:/127.0.0.1:63420 - R:localhost/127.0.0.1:4444]' for 'POST' to 'http://localhost:4444/wd/hub/session/7ba8ff3bf30367aad55a4e3910d5e455/execute/sync'
17:49:12.432 [Forwarding getElementAttribute on session 7ba8ff3bf30367aad55a4e3910d5e455 to remote] DEBUG org.asynchttpclient.netty.request.NettyRequestSender -- Using open Channel [id: 0x020b4601, L:/127.0.0.1:63420 - R:localhost/127.0.0.1:4444] for POST '/wd/hub/session/7ba8ff3bf30367aad55a4e3910d5e455/execute/sync'
17:49:12.470 [AsyncHttpClient-1-2] DEBUG org.asynchttpclient.netty.handler.HttpHandler -- 

Request DefaultHttpRequest(decodeResult: success, version: HTTP/1.1)
POST /wd/hub/session/7ba8ff3bf30367aad55a4e3910d5e455/execute/sync HTTP/1.1
traceparent: 00-cb100df42105529537f7b855e0b25169-296a751f3acc266a-01
User-Agent: selenium/4.13.0 (java windows)
Content-Length: 47379
Content-Type: application/json; charset=utf-8
host: localhost:4444
accept: */*

Response DefaultHttpResponse(decodeResult: success, version: HTTP/1.1)
HTTP/1.1 200 OK
content-length: 224
content-type: application/json; charset=utf-8
cache-control: no-cache

17:49:12.470 [AsyncHttpClient-1-2] DEBUG org.asynchttpclient.netty.channel.ChannelManager -- Adding key: http://localhost:4444 for channel [id: 0x020b4601, L:/127.0.0.1:63420 - R:localhost/127.0.0.1:4444]
17:49:12.474 [Forwarding getElementAttribute on session 7ba8ff3bf30367aad55a4e3910d5e455 to remote] DEBUG org.asynchttpclient.netty.request.NettyRequestSender -- Using pooled Channel '[id: 0x020b4601, L:/127.0.0.1:63420 - R:localhost/127.0.0.1:4444]' for 'POST' to 'http://localhost:4444/wd/hub/session/7ba8ff3bf30367aad55a4e3910d5e455/execute/sync'
17:49:12.474 [Forwarding getElementAttribute on session 7ba8ff3bf30367aad55a4e3910d5e455 to remote] DEBUG org.asynchttpclient.netty.request.NettyRequestSender -- Using open Channel [id: 0x020b4601, L:/127.0.0.1:63420 - R:localhost/127.0.0.1:4444] for POST '/wd/hub/session/7ba8ff3bf30367aad55a4e3910d5e455/execute/sync'
17:49:12.512 [AsyncHttpClient-1-2] DEBUG org.asynchttpclient.netty.handler.HttpHandler -- 

Request DefaultHttpRequest(decodeResult: success, version: HTTP/1.1)
POST /wd/hub/session/7ba8ff3bf30367aad55a4e3910d5e455/execute/sync HTTP/1.1
traceparent: 00-fdeaa83a9ade59384574019695ba8830-3e8bfe27a55ca8fe-01
User-Agent: selenium/4.13.0 (java windows)
Content-Length: 47375
Content-Type: application/json; charset=utf-8
host: localhost:4444
accept: */*

Response DefaultHttpResponse(decodeResult: success, version: HTTP/1.1)
HTTP/1.1 200 OK
content-length: 34
content-type: application/json; charset=utf-8
cache-control: no-cache

17:49:12.513 [AsyncHttpClient-1-2] DEBUG org.asynchttpclient.netty.channel.ChannelManager -- Adding key: http://localhost:4444 for channel [id: 0x020b4601, L:/127.0.0.1:63420 - R:localhost/127.0.0.1:4444]
17:49:12.516 [Forwarding getElementAttribute on session 7ba8ff3bf30367aad55a4e3910d5e455 to remote] DEBUG org.asynchttpclient.netty.request.NettyRequestSender -- Using pooled Channel '[id: 0x020b4601, L:/127.0.0.1:63420 - R:localhost/127.0.0.1:4444]' for 'POST' to 'http://localhost:4444/wd/hub/session/7ba8ff3bf30367aad55a4e3910d5e455/execute/sync'
17:49:12.516 [Forwarding getElementAttribute on session 7ba8ff3bf30367aad55a4e3910d5e455 to remote] DEBUG org.asynchttpclient.netty.request.NettyRequestSender -- Using open Channel [id: 0x020b4601, L:/127.0.0.1:63420 - R:localhost/127.0.0.1:4444] for POST '/wd/hub/session/7ba8ff3bf30367aad55a4e3910d5e455/execute/sync'
17:49:12.545 [AsyncHttpClient-1-2] DEBUG org.asynchttpclient.netty.handler.HttpHandler -- 

Request DefaultHttpRequest(decodeResult: success, version: HTTP/1.1)
POST /wd/hub/session/7ba8ff3bf30367aad55a4e3910d5e455/execute/sync HTTP/1.1
traceparent: 00-1606008ce6e27d5bcd03b52ebe643848-0e79b0fbefd3423b-01
User-Agent: selenium/4.13.0 (java windows)
Content-Length: 47381
Content-Type: application/json; charset=utf-8
host: localhost:4444
accept: */*

Response DefaultHttpResponse(decodeResult: success, version: HTTP/1.1)
HTTP/1.1 200 OK
content-length: 20
content-type: application/json; charset=utf-8
cache-control: no-cache

17:49:12.545 [AsyncHttpClient-1-2] DEBUG org.asynchttpclient.netty.channel.ChannelManager -- Adding key: http://localhost:4444 for channel [id: 0x020b4601, L:/127.0.0.1:63420 - R:localhost/127.0.0.1:4444]
17:49:12.547 [Forwarding getElementAttribute on session 7ba8ff3bf30367aad55a4e3910d5e455 to remote] DEBUG org.asynchttpclient.netty.request.NettyRequestSender -- Using pooled Channel '[id: 0x020b4601, L:/127.0.0.1:63420 - R:localhost/127.0.0.1:4444]' for 'POST' to 'http://localhost:4444/wd/hub/session/7ba8ff3bf30367aad55a4e3910d5e455/execute/sync'
17:49:12.547 [Forwarding getElementAttribute on session 7ba8ff3bf30367aad55a4e3910d5e455 to remote] DEBUG org.asynchttpclient.netty.request.NettyRequestSender -- Using open Channel [id: 0x020b4601, L:/127.0.0.1:63420 - R:localhost/127.0.0.1:4444] for POST '/wd/hub/session/7ba8ff3bf30367aad55a4e3910d5e455/execute/sync'
17:49:12.576 [AsyncHttpClient-1-2] DEBUG org.asynchttpclient.netty.handler.HttpHandler -- 

Request DefaultHttpRequest(decodeResult: success, version: HTTP/1.1)
POST /wd/hub/session/7ba8ff3bf30367aad55a4e3910d5e455/execute/sync HTTP/1.1
traceparent: 00-e8b6a1f15efd269361ce6e34fb39f9a6-820828d277df2709-01
User-Agent: selenium/4.13.0 (java windows)
Content-Length: 47374
Content-Type: application/json; charset=utf-8
host: localhost:4444
accept: */*

Response DefaultHttpResponse(decodeResult: success, version: HTTP/1.1)
HTTP/1.1 200 OK
content-length: 20
content-type: application/json; charset=utf-8
cache-control: no-cache

17:49:12.576 [AsyncHttpClient-1-2] DEBUG org.asynchttpclient.netty.channel.ChannelManager -- Adding key: http://localhost:4444 for channel [id: 0x020b4601, L:/127.0.0.1:63420 - R:localhost/127.0.0.1:4444]
17:49:12.578 [Forwarding getElementAttribute on session 7ba8ff3bf30367aad55a4e3910d5e455 to remote] DEBUG org.asynchttpclient.netty.request.NettyRequestSender -- Using pooled Channel '[id: 0x020b4601, L:/127.0.0.1:63420 - R:localhost/127.0.0.1:4444]' for 'POST' to 'http://localhost:4444/wd/hub/session/7ba8ff3bf30367aad55a4e3910d5e455/execute/sync'
17:49:12.579 [Forwarding getElementAttribute on session 7ba8ff3bf30367aad55a4e3910d5e455 to remote] DEBUG org.asynchttpclient.netty.request.NettyRequestSender -- Using open Channel [id: 0x020b4601, L:/127.0.0.1:63420 - R:localhost/127.0.0.1:4444] for POST '/wd/hub/session/7ba8ff3bf30367aad55a4e3910d5e455/execute/sync'
17:49:12.609 [AsyncHttpClient-1-2] DEBUG org.asynchttpclient.netty.handler.HttpHandler -- 

Request DefaultHttpRequest(decodeResult: success, version: HTTP/1.1)
POST /wd/hub/session/7ba8ff3bf30367aad55a4e3910d5e455/execute/sync HTTP/1.1
traceparent: 00-1e64cc07caa6547227e0e12c4ac92fd3-d4d878edc9d7cfaa-01
User-Agent: selenium/4.13.0 (java windows)
Content-Length: 47379
Content-Type: application/json; charset=utf-8
host: localhost:4444
accept: */*

Response DefaultHttpResponse(decodeResult: success, version: HTTP/1.1)
HTTP/1.1 200 OK
content-length: 20
content-type: application/json; charset=utf-8
cache-control: no-cache

17:49:12.610 [AsyncHttpClient-1-2] DEBUG org.asynchttpclient.netty.channel.ChannelManager -- Adding key: http://localhost:4444 for channel [id: 0x020b4601, L:/127.0.0.1:63420 - R:localhost/127.0.0.1:4444]
17:49:12.612 [Forwarding getElementAttribute on session 7ba8ff3bf30367aad55a4e3910d5e455 to remote] DEBUG org.asynchttpclient.netty.request.NettyRequestSender -- Using pooled Channel '[id: 0x020b4601, L:/127.0.0.1:63420 - R:localhost/127.0.0.1:4444]' for 'POST' to 'http://localhost:4444/wd/hub/session/7ba8ff3bf30367aad55a4e3910d5e455/execute/sync'
17:49:12.612 [Forwarding getElementAttribute on session 7ba8ff3bf30367aad55a4e3910d5e455 to remote] DEBUG org.asynchttpclient.netty.request.NettyRequestSender -- Using open Channel [id: 0x020b4601, L:/127.0.0.1:63420 - R:localhost/127.0.0.1:4444] for POST '/wd/hub/session/7ba8ff3bf30367aad55a4e3910d5e455/execute/sync'
17:49:12.641 [AsyncHttpClient-1-2] DEBUG org.asynchttpclient.netty.handler.HttpHandler -- 

Request DefaultHttpRequest(decodeResult: success, version: HTTP/1.1)
POST /wd/hub/session/7ba8ff3bf30367aad55a4e3910d5e455/execute/sync HTTP/1.1
traceparent: 00-c474e5b2b12ef75a11ff79587a823b06-b9e256721945810b-01
User-Agent: selenium/4.13.0 (java windows)
Content-Length: 47372
Content-Type: application/json; charset=utf-8
host: localhost:4444
accept: */*

Response DefaultHttpResponse(decodeResult: success, version: HTTP/1.1)
HTTP/1.1 200 OK
content-length: 20
content-type: application/json; charset=utf-8
cache-control: no-cache

17:49:12.641 [AsyncHttpClient-1-2] DEBUG org.asynchttpclient.netty.channel.ChannelManager -- Adding key: http://localhost:4444 for channel [id: 0x020b4601, L:/127.0.0.1:63420 - R:localhost/127.0.0.1:4444]
17:49:12.644 [Forwarding getElementAttribute on session 7ba8ff3bf30367aad55a4e3910d5e455 to remote] DEBUG org.asynchttpclient.netty.request.NettyRequestSender -- Using pooled Channel '[id: 0x020b4601, L:/127.0.0.1:63420 - R:localhost/127.0.0.1:4444]' for 'POST' to 'http://localhost:4444/wd/hub/session/7ba8ff3bf30367aad55a4e3910d5e455/execute/sync'
17:49:12.644 [Forwarding getElementAttribute on session 7ba8ff3bf30367aad55a4e3910d5e455 to remote] DEBUG org.asynchttpclient.netty.request.NettyRequestSender -- Using open Channel [id: 0x020b4601, L:/127.0.0.1:63420 - R:localhost/127.0.0.1:4444] for POST '/wd/hub/session/7ba8ff3bf30367aad55a4e3910d5e455/execute/sync'
17:49:12.678 [AsyncHttpClient-1-2] DEBUG org.asynchttpclient.netty.handler.HttpHandler -- 

Request DefaultHttpRequest(decodeResult: success, version: HTTP/1.1)
POST /wd/hub/session/7ba8ff3bf30367aad55a4e3910d5e455/execute/sync HTTP/1.1
traceparent: 00-f2df5b88ce17eff8ca72ed97690b8bf3-f259f71f2ae8f1a0-01
User-Agent: selenium/4.13.0 (java windows)
Content-Length: 47374
Content-Type: application/json; charset=utf-8
host: localhost:4444
accept: */*

Response DefaultHttpResponse(decodeResult: success, version: HTTP/1.1)
HTTP/1.1 200 OK
content-length: 20
content-type: application/json; charset=utf-8
cache-control: no-cache

17:49:12.679 [AsyncHttpClient-1-2] DEBUG org.asynchttpclient.netty.channel.ChannelManager -- Adding key: http://localhost:4444 for channel [id: 0x020b4601, L:/127.0.0.1:63420 - R:localhost/127.0.0.1:4444]
17:49:12.682 [Forwarding getElementAttribute on session 7ba8ff3bf30367aad55a4e3910d5e455 to remote] DEBUG org.asynchttpclient.netty.request.NettyRequestSender -- Using pooled Channel '[id: 0x020b4601, L:/127.0.0.1:63420 - R:localhost/127.0.0.1:4444]' for 'POST' to 'http://localhost:4444/wd/hub/session/7ba8ff3bf30367aad55a4e3910d5e455/execute/sync'
17:49:12.682 [Forwarding getElementAttribute on session 7ba8ff3bf30367aad55a4e3910d5e455 to remote] DEBUG org.asynchttpclient.netty.request.NettyRequestSender -- Using open Channel [id: 0x020b4601, L:/127.0.0.1:63420 - R:localhost/127.0.0.1:4444] for POST '/wd/hub/session/7ba8ff3bf30367aad55a4e3910d5e455/execute/sync'
17:49:12.715 [AsyncHttpClient-1-2] DEBUG org.asynchttpclient.netty.handler.HttpHandler -- 

Request DefaultHttpRequest(decodeResult: success, version: HTTP/1.1)
POST /wd/hub/session/7ba8ff3bf30367aad55a4e3910d5e455/execute/sync HTTP/1.1
traceparent: 00-0d69eb43d66282c3c3732a7b69832da8-a7a89b4d4327cc10-01
User-Agent: selenium/4.13.0 (java windows)
Content-Length: 47381
Content-Type: application/json; charset=utf-8
host: localhost:4444
accept: */*

Response DefaultHttpResponse(decodeResult: success, version: HTTP/1.1)
HTTP/1.1 200 OK
content-length: 15
content-type: application/json; charset=utf-8
cache-control: no-cache

17:49:12.715 [AsyncHttpClient-1-2] DEBUG org.asynchttpclient.netty.channel.ChannelManager -- Adding key: http://localhost:4444 for channel [id: 0x020b4601, L:/127.0.0.1:63420 - R:localhost/127.0.0.1:4444]
17:49:12.718 [Forwarding getElementAttribute on session 7ba8ff3bf30367aad55a4e3910d5e455 to remote] DEBUG org.asynchttpclient.netty.request.NettyRequestSender -- Using pooled Channel '[id: 0x020b4601, L:/127.0.0.1:63420 - R:localhost/127.0.0.1:4444]' for 'POST' to 'http://localhost:4444/wd/hub/session/7ba8ff3bf30367aad55a4e3910d5e455/execute/sync'
17:49:12.719 [Forwarding getElementAttribute on session 7ba8ff3bf30367aad55a4e3910d5e455 to remote] DEBUG org.asynchttpclient.netty.request.NettyRequestSender -- Using open Channel [id: 0x020b4601, L:/127.0.0.1:63420 - R:localhost/127.0.0.1:4444] for POST '/wd/hub/session/7ba8ff3bf30367aad55a4e3910d5e455/execute/sync'
17:49:12.747 [AsyncHttpClient-1-2] DEBUG org.asynchttpclient.netty.handler.HttpHandler -- 

Request DefaultHttpRequest(decodeResult: success, version: HTTP/1.1)
POST /wd/hub/session/7ba8ff3bf30367aad55a4e3910d5e455/execute/sync HTTP/1.1
traceparent: 00-969d2f5689ee549ff6eb32180e0e4f27-33f7f1d09c72fbca-01
User-Agent: selenium/4.13.0 (java windows)
Content-Length: 47384
Content-Type: application/json; charset=utf-8
host: localhost:4444
accept: */*

Response DefaultHttpResponse(decodeResult: success, version: HTTP/1.1)
HTTP/1.1 200 OK
content-length: 16
content-type: application/json; charset=utf-8
cache-control: no-cache

17:49:12.747 [AsyncHttpClient-1-2] DEBUG org.asynchttpclient.netty.channel.ChannelManager -- Adding key: http://localhost:4444 for channel [id: 0x020b4601, L:/127.0.0.1:63420 - R:localhost/127.0.0.1:4444]
17:49:12.750 [Forwarding getElementAttribute on session 7ba8ff3bf30367aad55a4e3910d5e455 to remote] DEBUG org.asynchttpclient.netty.request.NettyRequestSender -- Using pooled Channel '[id: 0x020b4601, L:/127.0.0.1:63420 - R:localhost/127.0.0.1:4444]' for 'POST' to 'http://localhost:4444/wd/hub/session/7ba8ff3bf30367aad55a4e3910d5e455/execute/sync'
17:49:12.750 [Forwarding getElementAttribute on session 7ba8ff3bf30367aad55a4e3910d5e455 to remote] DEBUG org.asynchttpclient.netty.request.NettyRequestSender -- Using open Channel [id: 0x020b4601, L:/127.0.0.1:63420 - R:localhost/127.0.0.1:4444] for POST '/wd/hub/session/7ba8ff3bf30367aad55a4e3910d5e455/execute/sync'
17:49:12.783 [AsyncHttpClient-1-2] DEBUG org.asynchttpclient.netty.handler.HttpHandler -- 

Request DefaultHttpRequest(decodeResult: success, version: HTTP/1.1)
POST /wd/hub/session/7ba8ff3bf30367aad55a4e3910d5e455/execute/sync HTTP/1.1
traceparent: 00-3f45ae69eb449805b683bbdab5a614d1-38d07af3570afd22-01
User-Agent: selenium/4.13.0 (java windows)
Content-Length: 47375
Content-Type: application/json; charset=utf-8
host: localhost:4444
accept: */*

Response DefaultHttpResponse(decodeResult: success, version: HTTP/1.1)
HTTP/1.1 200 OK
content-length: 24
content-type: application/json; charset=utf-8
cache-control: no-cache

17:49:12.783 [AsyncHttpClient-1-2] DEBUG org.asynchttpclient.netty.channel.ChannelManager -- Adding key: http://localhost:4444 for channel [id: 0x020b4601, L:/127.0.0.1:63420 - R:localhost/127.0.0.1:4444]
17:49:12.784 [main] INFO helpers.LoggerHelper -- Testing password: secret_sauce
17:49:12.785 [Forwarding findElement on session 7ba8ff3bf30367aad55a4e3910d5e455 to remote] DEBUG org.asynchttpclient.netty.request.NettyRequestSender -- Using pooled Channel '[id: 0x020b4601, L:/127.0.0.1:63420 - R:localhost/127.0.0.1:4444]' for 'POST' to 'http://localhost:4444/wd/hub/session/7ba8ff3bf30367aad55a4e3910d5e455/element'
17:49:12.785 [Forwarding findElement on session 7ba8ff3bf30367aad55a4e3910d5e455 to remote] DEBUG org.asynchttpclient.netty.request.NettyRequestSender -- Using open Channel [id: 0x020b4601, L:/127.0.0.1:63420 - R:localhost/127.0.0.1:4444] for POST '/wd/hub/session/7ba8ff3bf30367aad55a4e3910d5e455/element'
17:49:12.815 [AsyncHttpClient-1-2] DEBUG org.asynchttpclient.netty.handler.HttpHandler -- 

Request DefaultHttpRequest(decodeResult: success, version: HTTP/1.1)
POST /wd/hub/session/7ba8ff3bf30367aad55a4e3910d5e455/element HTTP/1.1
traceparent: 00-5c85091bba2bbf3f74adabd6983daddf-5964cab9f87f9fe9-01
User-Agent: selenium/4.13.0 (java windows)
Content-Length: 59
Content-Type: application/json; charset=utf-8
host: localhost:4444
accept: */*

Response DefaultHttpResponse(decodeResult: success, version: HTTP/1.1)
HTTP/1.1 200 OK
content-length: 95
content-type: application/json; charset=utf-8
cache-control: no-cache

17:49:12.815 [AsyncHttpClient-1-2] DEBUG org.asynchttpclient.netty.channel.ChannelManager -- Adding key: http://localhost:4444 for channel [id: 0x020b4601, L:/127.0.0.1:63420 - R:localhost/127.0.0.1:4444]
17:49:12.818 [Forwarding isElementDisplayed on session 7ba8ff3bf30367aad55a4e3910d5e455 to remote] DEBUG org.asynchttpclient.netty.request.NettyRequestSender -- Using pooled Channel '[id: 0x020b4601, L:/127.0.0.1:63420 - R:localhost/127.0.0.1:4444]' for 'POST' to 'http://localhost:4444/wd/hub/session/7ba8ff3bf30367aad55a4e3910d5e455/execute/sync'
17:49:12.819 [Forwarding isElementDisplayed on session 7ba8ff3bf30367aad55a4e3910d5e455 to remote] DEBUG org.asynchttpclient.netty.request.NettyRequestSender -- Using open Channel [id: 0x020b4601, L:/127.0.0.1:63420 - R:localhost/127.0.0.1:4444] for POST '/wd/hub/session/7ba8ff3bf30367aad55a4e3910d5e455/execute/sync'
17:49:12.849 [AsyncHttpClient-1-2] DEBUG org.asynchttpclient.netty.handler.HttpHandler -- 

Request DefaultHttpRequest(decodeResult: success, version: HTTP/1.1)
POST /wd/hub/session/7ba8ff3bf30367aad55a4e3910d5e455/execute/sync HTTP/1.1
traceparent: 00-94500748a69f4f07077ebdd2afa9b4d2-462a82d9bc8632f0-01
User-Agent: selenium/4.13.0 (java windows)
Content-Length: 48814
Content-Type: application/json; charset=utf-8
host: localhost:4444
accept: */*

Response DefaultHttpResponse(decodeResult: success, version: HTTP/1.1)
HTTP/1.1 200 OK
content-length: 14
content-type: application/json; charset=utf-8
cache-control: no-cache

17:49:12.849 [AsyncHttpClient-1-2] DEBUG org.asynchttpclient.netty.channel.ChannelManager -- Adding key: http://localhost:4444 for channel [id: 0x020b4601, L:/127.0.0.1:63420 - R:localhost/127.0.0.1:4444]
17:49:12.852 [Forwarding findElement on session 7ba8ff3bf30367aad55a4e3910d5e455 to remote] DEBUG org.asynchttpclient.netty.request.NettyRequestSender -- Using pooled Channel '[id: 0x020b4601, L:/127.0.0.1:63420 - R:localhost/127.0.0.1:4444]' for 'POST' to 'http://localhost:4444/wd/hub/session/7ba8ff3bf30367aad55a4e3910d5e455/element'
17:49:12.852 [Forwarding findElement on session 7ba8ff3bf30367aad55a4e3910d5e455 to remote] DEBUG org.asynchttpclient.netty.request.NettyRequestSender -- Using open Channel [id: 0x020b4601, L:/127.0.0.1:63420 - R:localhost/127.0.0.1:4444] for POST '/wd/hub/session/7ba8ff3bf30367aad55a4e3910d5e455/element'
17:49:12.875 [AsyncHttpClient-1-2] DEBUG org.asynchttpclient.netty.handler.HttpHandler -- 

Request DefaultHttpRequest(decodeResult: success, version: HTTP/1.1)
POST /wd/hub/session/7ba8ff3bf30367aad55a4e3910d5e455/element HTTP/1.1
traceparent: 00-5dcf2bf332c0df22ca2cd5f54faba1f1-8b0c0c3e60e1f1e1-01
User-Agent: selenium/4.13.0 (java windows)
Content-Length: 59
Content-Type: application/json; charset=utf-8
host: localhost:4444
accept: */*

Response DefaultHttpResponse(decodeResult: success, version: HTTP/1.1)
HTTP/1.1 200 OK
content-length: 95
content-type: application/json; charset=utf-8
cache-control: no-cache

17:49:12.876 [AsyncHttpClient-1-2] DEBUG org.asynchttpclient.netty.channel.ChannelManager -- Adding key: http://localhost:4444 for channel [id: 0x020b4601, L:/127.0.0.1:63420 - R:localhost/127.0.0.1:4444]
17:49:12.879 [Forwarding getElementAttribute on session 7ba8ff3bf30367aad55a4e3910d5e455 to remote] DEBUG org.asynchttpclient.netty.request.NettyRequestSender -- Using pooled Channel '[id: 0x020b4601, L:/127.0.0.1:63420 - R:localhost/127.0.0.1:4444]' for 'POST' to 'http://localhost:4444/wd/hub/session/7ba8ff3bf30367aad55a4e3910d5e455/execute/sync'
17:49:12.879 [Forwarding getElementAttribute on session 7ba8ff3bf30367aad55a4e3910d5e455 to remote] DEBUG org.asynchttpclient.netty.request.NettyRequestSender -- Using open Channel [id: 0x020b4601, L:/127.0.0.1:63420 - R:localhost/127.0.0.1:4444] for POST '/wd/hub/session/7ba8ff3bf30367aad55a4e3910d5e455/execute/sync'
17:49:12.903 [AsyncHttpClient-1-2] DEBUG org.asynchttpclient.netty.handler.HttpHandler -- 

Request DefaultHttpRequest(decodeResult: success, version: HTTP/1.1)
POST /wd/hub/session/7ba8ff3bf30367aad55a4e3910d5e455/execute/sync HTTP/1.1
traceparent: 00-ee536ae5c9fb1e53574a76f18f1315f8-1c232d9a34db2795-01
User-Agent: selenium/4.13.0 (java windows)
Content-Length: 47379
Content-Type: application/json; charset=utf-8
host: localhost:4444
accept: */*

Response DefaultHttpResponse(decodeResult: success, version: HTTP/1.1)
HTTP/1.1 200 OK
content-length: 160
content-type: application/json; charset=utf-8
cache-control: no-cache

17:49:12.904 [AsyncHttpClient-1-2] DEBUG org.asynchttpclient.netty.channel.ChannelManager -- Adding key: http://localhost:4444 for channel [id: 0x020b4601, L:/127.0.0.1:63420 - R:localhost/127.0.0.1:4444]
17:49:12.906 [Forwarding getElementAttribute on session 7ba8ff3bf30367aad55a4e3910d5e455 to remote] DEBUG org.asynchttpclient.netty.request.NettyRequestSender -- Using pooled Channel '[id: 0x020b4601, L:/127.0.0.1:63420 - R:localhost/127.0.0.1:4444]' for 'POST' to 'http://localhost:4444/wd/hub/session/7ba8ff3bf30367aad55a4e3910d5e455/execute/sync'
17:49:12.906 [Forwarding getElementAttribute on session 7ba8ff3bf30367aad55a4e3910d5e455 to remote] DEBUG org.asynchttpclient.netty.request.NettyRequestSender -- Using open Channel [id: 0x020b4601, L:/127.0.0.1:63420 - R:localhost/127.0.0.1:4444] for POST '/wd/hub/session/7ba8ff3bf30367aad55a4e3910d5e455/execute/sync'
17:49:12.935 [AsyncHttpClient-1-2] DEBUG org.asynchttpclient.netty.handler.HttpHandler -- 

Request DefaultHttpRequest(decodeResult: success, version: HTTP/1.1)
POST /wd/hub/session/7ba8ff3bf30367aad55a4e3910d5e455/execute/sync HTTP/1.1
traceparent: 00-4c8522b66d8bed57796d84bb427e65ba-b618b0739319cf88-01
User-Agent: selenium/4.13.0 (java windows)
Content-Length: 47374
Content-Type: application/json; charset=utf-8
host: localhost:4444
accept: */*

Response DefaultHttpResponse(decodeResult: success, version: HTTP/1.1)
HTTP/1.1 200 OK
content-length: 18
content-type: application/json; charset=utf-8
cache-control: no-cache

17:49:12.935 [AsyncHttpClient-1-2] DEBUG org.asynchttpclient.netty.channel.ChannelManager -- Adding key: http://localhost:4444 for channel [id: 0x020b4601, L:/127.0.0.1:63420 - R:localhost/127.0.0.1:4444]
17:49:12.937 [Forwarding getElementAttribute on session 7ba8ff3bf30367aad55a4e3910d5e455 to remote] DEBUG org.asynchttpclient.netty.request.NettyRequestSender -- Using pooled Channel '[id: 0x020b4601, L:/127.0.0.1:63420 - R:localhost/127.0.0.1:4444]' for 'POST' to 'http://localhost:4444/wd/hub/session/7ba8ff3bf30367aad55a4e3910d5e455/execute/sync'
17:49:12.937 [Forwarding getElementAttribute on session 7ba8ff3bf30367aad55a4e3910d5e455 to remote] DEBUG org.asynchttpclient.netty.request.NettyRequestSender -- Using open Channel [id: 0x020b4601, L:/127.0.0.1:63420 - R:localhost/127.0.0.1:4444] for POST '/wd/hub/session/7ba8ff3bf30367aad55a4e3910d5e455/execute/sync'
17:49:12.962 [AsyncHttpClient-1-2] DEBUG org.asynchttpclient.netty.handler.HttpHandler -- 

Request DefaultHttpRequest(decodeResult: success, version: HTTP/1.1)
POST /wd/hub/session/7ba8ff3bf30367aad55a4e3910d5e455/execute/sync HTTP/1.1
traceparent: 00-9a182c9338c36f85c1c7258da82b9360-eefe207700c0d4fb-01
User-Agent: selenium/4.13.0 (java windows)
Content-Length: 47375
Content-Type: application/json; charset=utf-8
host: localhost:4444
accept: */*

Response DefaultHttpResponse(decodeResult: success, version: HTTP/1.1)
HTTP/1.1 200 OK
content-length: 36
content-type: application/json; charset=utf-8
cache-control: no-cache

17:49:12.962 [AsyncHttpClient-1-2] DEBUG org.asynchttpclient.netty.channel.ChannelManager -- Adding key: http://localhost:4444 for channel [id: 0x020b4601, L:/127.0.0.1:63420 - R:localhost/127.0.0.1:4444]
17:49:12.964 [Forwarding getElementAttribute on session 7ba8ff3bf30367aad55a4e3910d5e455 to remote] DEBUG org.asynchttpclient.netty.request.NettyRequestSender -- Using pooled Channel '[id: 0x020b4601, L:/127.0.0.1:63420 - R:localhost/127.0.0.1:4444]' for 'POST' to 'http://localhost:4444/wd/hub/session/7ba8ff3bf30367aad55a4e3910d5e455/execute/sync'
17:49:12.964 [Forwarding getElementAttribute on session 7ba8ff3bf30367aad55a4e3910d5e455 to remote] DEBUG org.asynchttpclient.netty.request.NettyRequestSender -- Using open Channel [id: 0x020b4601, L:/127.0.0.1:63420 - R:localhost/127.0.0.1:4444] for POST '/wd/hub/session/7ba8ff3bf30367aad55a4e3910d5e455/execute/sync'
17:49:12.989 [AsyncHttpClient-1-2] DEBUG org.asynchttpclient.netty.handler.HttpHandler -- 

Request DefaultHttpRequest(decodeResult: success, version: HTTP/1.1)
POST /wd/hub/session/7ba8ff3bf30367aad55a4e3910d5e455/execute/sync HTTP/1.1
traceparent: 00-dbd1d0fd159addaf19b850e2cf766951-87a5b7972d8c3742-01
User-Agent: selenium/4.13.0 (java windows)
Content-Length: 47379
Content-Type: application/json; charset=utf-8
host: localhost:4444
accept: */*

Response DefaultHttpResponse(decodeResult: success, version: HTTP/1.1)
HTTP/1.1 200 OK
content-length: 24
content-type: application/json; charset=utf-8
cache-control: no-cache

17:49:12.990 [AsyncHttpClient-1-2] DEBUG org.asynchttpclient.netty.channel.ChannelManager -- Adding key: http://localhost:4444 for channel [id: 0x020b4601, L:/127.0.0.1:63420 - R:localhost/127.0.0.1:4444]
17:49:12.992 [Forwarding getElementAttribute on session 7ba8ff3bf30367aad55a4e3910d5e455 to remote] DEBUG org.asynchttpclient.netty.request.NettyRequestSender -- Using pooled Channel '[id: 0x020b4601, L:/127.0.0.1:63420 - R:localhost/127.0.0.1:4444]' for 'POST' to 'http://localhost:4444/wd/hub/session/7ba8ff3bf30367aad55a4e3910d5e455/execute/sync'
17:49:12.992 [Forwarding getElementAttribute on session 7ba8ff3bf30367aad55a4e3910d5e455 to remote] DEBUG org.asynchttpclient.netty.request.NettyRequestSender -- Using open Channel [id: 0x020b4601, L:/127.0.0.1:63420 - R:localhost/127.0.0.1:4444] for POST '/wd/hub/session/7ba8ff3bf30367aad55a4e3910d5e455/execute/sync'
17:49:13.024 [AsyncHttpClient-1-2] DEBUG org.asynchttpclient.netty.handler.HttpHandler -- 

Request DefaultHttpRequest(decodeResult: success, version: HTTP/1.1)
POST /wd/hub/session/7ba8ff3bf30367aad55a4e3910d5e455/execute/sync HTTP/1.1
traceparent: 00-4af2716075415306fb5b29bf5f3f010f-cb2090e745e160a2-01
User-Agent: selenium/4.13.0 (java windows)
Content-Length: 47372
Content-Type: application/json; charset=utf-8
host: localhost:4444
accept: */*

Response DefaultHttpResponse(decodeResult: success, version: HTTP/1.1)
HTTP/1.1 200 OK
content-length: 24
content-type: application/json; charset=utf-8
cache-control: no-cache

17:49:13.024 [AsyncHttpClient-1-2] DEBUG org.asynchttpclient.netty.channel.ChannelManager -- Adding key: http://localhost:4444 for channel [id: 0x020b4601, L:/127.0.0.1:63420 - R:localhost/127.0.0.1:4444]
17:49:13.026 [Forwarding getElementAttribute on session 7ba8ff3bf30367aad55a4e3910d5e455 to remote] DEBUG org.asynchttpclient.netty.request.NettyRequestSender -- Using pooled Channel '[id: 0x020b4601, L:/127.0.0.1:63420 - R:localhost/127.0.0.1:4444]' for 'POST' to 'http://localhost:4444/wd/hub/session/7ba8ff3bf30367aad55a4e3910d5e455/execute/sync'
17:49:13.027 [Forwarding getElementAttribute on session 7ba8ff3bf30367aad55a4e3910d5e455 to remote] DEBUG org.asynchttpclient.netty.request.NettyRequestSender -- Using open Channel [id: 0x020b4601, L:/127.0.0.1:63420 - R:localhost/127.0.0.1:4444] for POST '/wd/hub/session/7ba8ff3bf30367aad55a4e3910d5e455/execute/sync'
17:49:13.059 [AsyncHttpClient-1-2] DEBUG org.asynchttpclient.netty.handler.HttpHandler -- 

Request DefaultHttpRequest(decodeResult: success, version: HTTP/1.1)
POST /wd/hub/session/7ba8ff3bf30367aad55a4e3910d5e455/execute/sync HTTP/1.1
traceparent: 00-6db05ba59f52b104d9d0a7080ec1e70a-877e96041e491854-01
User-Agent: selenium/4.13.0 (java windows)
Content-Length: 47374
Content-Type: application/json; charset=utf-8
host: localhost:4444
accept: */*

Response DefaultHttpResponse(decodeResult: success, version: HTTP/1.1)
HTTP/1.1 200 OK
content-length: 24
content-type: application/json; charset=utf-8
cache-control: no-cache

17:49:13.059 [AsyncHttpClient-1-2] DEBUG org.asynchttpclient.netty.channel.ChannelManager -- Adding key: http://localhost:4444 for channel [id: 0x020b4601, L:/127.0.0.1:63420 - R:localhost/127.0.0.1:4444]
17:49:13.062 [Forwarding getElementAttribute on session 7ba8ff3bf30367aad55a4e3910d5e455 to remote] DEBUG org.asynchttpclient.netty.request.NettyRequestSender -- Using pooled Channel '[id: 0x020b4601, L:/127.0.0.1:63420 - R:localhost/127.0.0.1:4444]' for 'POST' to 'http://localhost:4444/wd/hub/session/7ba8ff3bf30367aad55a4e3910d5e455/execute/sync'
17:49:13.062 [Forwarding getElementAttribute on session 7ba8ff3bf30367aad55a4e3910d5e455 to remote] DEBUG org.asynchttpclient.netty.request.NettyRequestSender -- Using open Channel [id: 0x020b4601, L:/127.0.0.1:63420 - R:localhost/127.0.0.1:4444] for POST '/wd/hub/session/7ba8ff3bf30367aad55a4e3910d5e455/execute/sync'
17:49:13.107 [AsyncHttpClient-1-2] DEBUG org.asynchttpclient.netty.handler.HttpHandler -- 

Request DefaultHttpRequest(decodeResult: success, version: HTTP/1.1)
POST /wd/hub/session/7ba8ff3bf30367aad55a4e3910d5e455/execute/sync HTTP/1.1
traceparent: 00-303d0f1151a4a2743dc3b9ae6a38cd47-924828d43c42e907-01
User-Agent: selenium/4.13.0 (java windows)
Content-Length: 47375
Content-Type: application/json; charset=utf-8
host: localhost:4444
accept: */*

Response DefaultHttpResponse(decodeResult: success, version: HTTP/1.1)
HTTP/1.1 200 OK
content-length: 17
content-type: application/json; charset=utf-8
cache-control: no-cache

17:49:13.107 [AsyncHttpClient-1-2] DEBUG org.asynchttpclient.netty.channel.ChannelManager -- Adding key: http://localhost:4444 for channel [id: 0x020b4601, L:/127.0.0.1:63420 - R:localhost/127.0.0.1:4444]
17:49:13.108 [Forwarding findElement on session 7ba8ff3bf30367aad55a4e3910d5e455 to remote] DEBUG org.asynchttpclient.netty.request.NettyRequestSender -- Using pooled Channel '[id: 0x020b4601, L:/127.0.0.1:63420 - R:localhost/127.0.0.1:4444]' for 'POST' to 'http://localhost:4444/wd/hub/session/7ba8ff3bf30367aad55a4e3910d5e455/element'
17:49:13.109 [Forwarding findElement on session 7ba8ff3bf30367aad55a4e3910d5e455 to remote] DEBUG org.asynchttpclient.netty.request.NettyRequestSender -- Using open Channel [id: 0x020b4601, L:/127.0.0.1:63420 - R:localhost/127.0.0.1:4444] for POST '/wd/hub/session/7ba8ff3bf30367aad55a4e3910d5e455/element'
17:49:13.144 [AsyncHttpClient-1-2] DEBUG org.asynchttpclient.netty.handler.HttpHandler -- 

Request DefaultHttpRequest(decodeResult: success, version: HTTP/1.1)
POST /wd/hub/session/7ba8ff3bf30367aad55a4e3910d5e455/element HTTP/1.1
traceparent: 00-ccf11536c18d9ebae7fffbe420060554-7a11e3630f555d6e-01
User-Agent: selenium/4.13.0 (java windows)
Content-Length: 59
Content-Type: application/json; charset=utf-8
host: localhost:4444
accept: */*

Response DefaultHttpResponse(decodeResult: success, version: HTTP/1.1)
HTTP/1.1 200 OK
content-length: 95
content-type: application/json; charset=utf-8
cache-control: no-cache

17:49:13.144 [AsyncHttpClient-1-2] DEBUG org.asynchttpclient.netty.channel.ChannelManager -- Adding key: http://localhost:4444 for channel [id: 0x020b4601, L:/127.0.0.1:63420 - R:localhost/127.0.0.1:4444]
17:49:13.145 [Forwarding clickElement on session 7ba8ff3bf30367aad55a4e3910d5e455 to remote] DEBUG org.asynchttpclient.netty.request.NettyRequestSender -- Using pooled Channel '[id: 0x020b4601, L:/127.0.0.1:63420 - R:localhost/127.0.0.1:4444]' for 'POST' to 'http://localhost:4444/wd/hub/session/7ba8ff3bf30367aad55a4e3910d5e455/element/A4095B48A6410F10E330F8F4852DC8A3_element_36/click'
17:49:13.145 [Forwarding clickElement on session 7ba8ff3bf30367aad55a4e3910d5e455 to remote] DEBUG org.asynchttpclient.netty.request.NettyRequestSender -- Using open Channel [id: 0x020b4601, L:/127.0.0.1:63420 - R:localhost/127.0.0.1:4444] for POST '/wd/hub/session/7ba8ff3bf30367aad55a4e3910d5e455/element/A4095B48A6410F10E330F8F4852DC8A3_element_36/click'
17:49:13.260 [AsyncHttpClient-1-2] DEBUG org.asynchttpclient.netty.handler.HttpHandler -- 

Request DefaultHttpRequest(decodeResult: success, version: HTTP/1.1)
POST /wd/hub/session/7ba8ff3bf30367aad55a4e3910d5e455/element/A4095B48A6410F10E330F8F4852DC8A3_element_36/click HTTP/1.1
traceparent: 00-def3b1c037a2327ac252821cb2e8e39d-0ca770da290a5434-01
User-Agent: selenium/4.13.0 (java windows)
Content-Length: 57
Content-Type: application/json; charset=utf-8
host: localhost:4444
accept: */*

Response DefaultHttpResponse(decodeResult: success, version: HTTP/1.1)
HTTP/1.1 200 OK
content-length: 14
content-type: application/json; charset=utf-8
cache-control: no-cache

17:49:13.261 [AsyncHttpClient-1-2] DEBUG org.asynchttpclient.netty.channel.ChannelManager -- Adding key: http://localhost:4444 for channel [id: 0x020b4601, L:/127.0.0.1:63420 - R:localhost/127.0.0.1:4444]
17:49:13.262 [Forwarding findElement on session 7ba8ff3bf30367aad55a4e3910d5e455 to remote] DEBUG org.asynchttpclient.netty.request.NettyRequestSender -- Using pooled Channel '[id: 0x020b4601, L:/127.0.0.1:63420 - R:localhost/127.0.0.1:4444]' for 'POST' to 'http://localhost:4444/wd/hub/session/7ba8ff3bf30367aad55a4e3910d5e455/element'
17:49:13.263 [Forwarding findElement on session 7ba8ff3bf30367aad55a4e3910d5e455 to remote] DEBUG org.asynchttpclient.netty.request.NettyRequestSender -- Using open Channel [id: 0x020b4601, L:/127.0.0.1:63420 - R:localhost/127.0.0.1:4444] for POST '/wd/hub/session/7ba8ff3bf30367aad55a4e3910d5e455/element'
17:49:13.294 [AsyncHttpClient-1-2] DEBUG org.asynchttpclient.netty.handler.HttpHandler -- 

Request DefaultHttpRequest(decodeResult: success, version: HTTP/1.1)
POST /wd/hub/session/7ba8ff3bf30367aad55a4e3910d5e455/element HTTP/1.1
traceparent: 00-28da4bb8e8483c78e8312bc3d535b06c-17898e063d93acd4-01
User-Agent: selenium/4.13.0 (java windows)
Content-Length: 53
Content-Type: application/json; charset=utf-8
host: localhost:4444
accept: */*

Response DefaultHttpResponse(decodeResult: success, version: HTTP/1.1)
HTTP/1.1 200 OK
content-length: 95
content-type: application/json; charset=utf-8
cache-control: no-cache

17:49:13.294 [AsyncHttpClient-1-2] DEBUG org.asynchttpclient.netty.channel.ChannelManager -- Adding key: http://localhost:4444 for channel [id: 0x020b4601, L:/127.0.0.1:63420 - R:localhost/127.0.0.1:4444]
17:49:13.295 [Forwarding getElementText on session 7ba8ff3bf30367aad55a4e3910d5e455 to remote] DEBUG org.asynchttpclient.netty.request.NettyRequestSender -- Using pooled Channel '[id: 0x020b4601, L:/127.0.0.1:63420 - R:localhost/127.0.0.1:4444]' for 'GET' to 'http://localhost:4444/wd/hub/session/7ba8ff3bf30367aad55a4e3910d5e455/element/A4095B48A6410F10E330F8F4852DC8A3_element_40/text'
17:49:13.296 [Forwarding getElementText on session 7ba8ff3bf30367aad55a4e3910d5e455 to remote] DEBUG org.asynchttpclient.netty.request.NettyRequestSender -- Using open Channel [id: 0x020b4601, L:/127.0.0.1:63420 - R:localhost/127.0.0.1:4444] for GET '/wd/hub/session/7ba8ff3bf30367aad55a4e3910d5e455/element/A4095B48A6410F10E330F8F4852DC8A3_element_40/text'
17:49:13.322 [AsyncHttpClient-1-2] DEBUG org.asynchttpclient.netty.handler.HttpHandler -- 

Request DefaultFullHttpRequest(decodeResult: success, version: HTTP/1.1, content: EmptyByteBufBE)
GET /wd/hub/session/7ba8ff3bf30367aad55a4e3910d5e455/element/A4095B48A6410F10E330F8F4852DC8A3_element_40/text HTTP/1.1
Cache-Control: no-cache
traceparent: 00-84bdbecafdbcb2d07d619cb034aac525-98829e5e911e78cf-01
User-Agent: selenium/4.13.0 (java windows)
Content-Type: application/json; charset=utf-8
host: localhost:4444
accept: */*

Response DefaultHttpResponse(decodeResult: success, version: HTTP/1.1)
HTTP/1.1 200 OK
content-length: 21
content-type: application/json; charset=utf-8
cache-control: no-cache

17:49:13.323 [AsyncHttpClient-1-2] DEBUG org.asynchttpclient.netty.channel.ChannelManager -- Adding key: http://localhost:4444 for channel [id: 0x020b4601, L:/127.0.0.1:63420 - R:localhost/127.0.0.1:4444]
17:49:13.324 [Forwarding findElement on session 7ba8ff3bf30367aad55a4e3910d5e455 to remote] DEBUG org.asynchttpclient.netty.request.NettyRequestSender -- Using pooled Channel '[id: 0x020b4601, L:/127.0.0.1:63420 - R:localhost/127.0.0.1:4444]' for 'POST' to 'http://localhost:4444/wd/hub/session/7ba8ff3bf30367aad55a4e3910d5e455/element'
17:49:13.324 [Forwarding findElement on session 7ba8ff3bf30367aad55a4e3910d5e455 to remote] DEBUG org.asynchttpclient.netty.request.NettyRequestSender -- Using open Channel [id: 0x020b4601, L:/127.0.0.1:63420 - R:localhost/127.0.0.1:4444] for POST '/wd/hub/session/7ba8ff3bf30367aad55a4e3910d5e455/element'
17:49:13.353 [AsyncHttpClient-1-2] DEBUG org.asynchttpclient.netty.handler.HttpHandler -- 

Request DefaultHttpRequest(decodeResult: success, version: HTTP/1.1)
POST /wd/hub/session/7ba8ff3bf30367aad55a4e3910d5e455/element HTTP/1.1
traceparent: 00-2b8128ab5a93a9dab849536abce17368-81cc28fd9f059026-01
User-Agent: selenium/4.13.0 (java windows)
Content-Length: 53
Content-Type: application/json; charset=utf-8
host: localhost:4444
accept: */*

Response DefaultHttpResponse(decodeResult: success, version: HTTP/1.1)
HTTP/1.1 200 OK
content-length: 95
content-type: application/json; charset=utf-8
cache-control: no-cache

17:49:13.354 [AsyncHttpClient-1-2] DEBUG org.asynchttpclient.netty.channel.ChannelManager -- Adding key: http://localhost:4444 for channel [id: 0x020b4601, L:/127.0.0.1:63420 - R:localhost/127.0.0.1:4444]
17:49:13.355 [Forwarding getElementText on session 7ba8ff3bf30367aad55a4e3910d5e455 to remote] DEBUG org.asynchttpclient.netty.request.NettyRequestSender -- Using pooled Channel '[id: 0x020b4601, L:/127.0.0.1:63420 - R:localhost/127.0.0.1:4444]' for 'GET' to 'http://localhost:4444/wd/hub/session/7ba8ff3bf30367aad55a4e3910d5e455/element/A4095B48A6410F10E330F8F4852DC8A3_element_40/text'
17:49:13.355 [Forwarding getElementText on session 7ba8ff3bf30367aad55a4e3910d5e455 to remote] DEBUG org.asynchttpclient.netty.request.NettyRequestSender -- Using open Channel [id: 0x020b4601, L:/127.0.0.1:63420 - R:localhost/127.0.0.1:4444] for GET '/wd/hub/session/7ba8ff3bf30367aad55a4e3910d5e455/element/A4095B48A6410F10E330F8F4852DC8A3_element_40/text'
17:49:13.381 [AsyncHttpClient-1-2] DEBUG org.asynchttpclient.netty.handler.HttpHandler -- 

Request DefaultFullHttpRequest(decodeResult: success, version: HTTP/1.1, content: EmptyByteBufBE)
GET /wd/hub/session/7ba8ff3bf30367aad55a4e3910d5e455/element/A4095B48A6410F10E330F8F4852DC8A3_element_40/text HTTP/1.1
Cache-Control: no-cache
traceparent: 00-6b2c39d3eb75a81914c7e5a70ef12e5e-a64fd533eb610bda-01
User-Agent: selenium/4.13.0 (java windows)
Content-Type: application/json; charset=utf-8
host: localhost:4444
accept: */*

Response DefaultHttpResponse(decodeResult: success, version: HTTP/1.1)
HTTP/1.1 200 OK
content-length: 21
content-type: application/json; charset=utf-8
cache-control: no-cache

17:49:13.381 [AsyncHttpClient-1-2] DEBUG org.asynchttpclient.netty.channel.ChannelManager -- Adding key: http://localhost:4444 for channel [id: 0x020b4601, L:/127.0.0.1:63420 - R:localhost/127.0.0.1:4444]
17:49:13.382 [Forwarding findElement on session 7ba8ff3bf30367aad55a4e3910d5e455 to remote] DEBUG org.asynchttpclient.netty.request.NettyRequestSender -- Using pooled Channel '[id: 0x020b4601, L:/127.0.0.1:63420 - R:localhost/127.0.0.1:4444]' for 'POST' to 'http://localhost:4444/wd/hub/session/7ba8ff3bf30367aad55a4e3910d5e455/element'
17:49:13.383 [Forwarding findElement on session 7ba8ff3bf30367aad55a4e3910d5e455 to remote] DEBUG org.asynchttpclient.netty.request.NettyRequestSender -- Using open Channel [id: 0x020b4601, L:/127.0.0.1:63420 - R:localhost/127.0.0.1:4444] for POST '/wd/hub/session/7ba8ff3bf30367aad55a4e3910d5e455/element'
17:49:13.411 [AsyncHttpClient-1-2] DEBUG org.asynchttpclient.netty.handler.HttpHandler -- 

Request DefaultHttpRequest(decodeResult: success, version: HTTP/1.1)
POST /wd/hub/session/7ba8ff3bf30367aad55a4e3910d5e455/element HTTP/1.1
traceparent: 00-b72e43e4c52b74f9f0480773745d62f1-414f5cc9f5b25b2b-01
User-Agent: selenium/4.13.0 (java windows)
Content-Length: 50
Content-Type: application/json; charset=utf-8
host: localhost:4444
accept: */*

Response DefaultHttpResponse(decodeResult: success, version: HTTP/1.1)
HTTP/1.1 200 OK
content-length: 95
content-type: application/json; charset=utf-8
cache-control: no-cache

17:49:13.412 [AsyncHttpClient-1-2] DEBUG org.asynchttpclient.netty.channel.ChannelManager -- Adding key: http://localhost:4444 for channel [id: 0x020b4601, L:/127.0.0.1:63420 - R:localhost/127.0.0.1:4444]
17:49:13.413 [Forwarding getElementText on session 7ba8ff3bf30367aad55a4e3910d5e455 to remote] DEBUG org.asynchttpclient.netty.request.NettyRequestSender -- Using pooled Channel '[id: 0x020b4601, L:/127.0.0.1:63420 - R:localhost/127.0.0.1:4444]' for 'GET' to 'http://localhost:4444/wd/hub/session/7ba8ff3bf30367aad55a4e3910d5e455/element/A4095B48A6410F10E330F8F4852DC8A3_element_41/text'
17:49:13.413 [Forwarding getElementText on session 7ba8ff3bf30367aad55a4e3910d5e455 to remote] DEBUG org.asynchttpclient.netty.request.NettyRequestSender -- Using open Channel [id: 0x020b4601, L:/127.0.0.1:63420 - R:localhost/127.0.0.1:4444] for GET '/wd/hub/session/7ba8ff3bf30367aad55a4e3910d5e455/element/A4095B48A6410F10E330F8F4852DC8A3_element_41/text'
17:49:13.439 [AsyncHttpClient-1-2] DEBUG org.asynchttpclient.netty.handler.HttpHandler -- 

Request DefaultFullHttpRequest(decodeResult: success, version: HTTP/1.1, content: EmptyByteBufBE)
GET /wd/hub/session/7ba8ff3bf30367aad55a4e3910d5e455/element/A4095B48A6410F10E330F8F4852DC8A3_element_41/text HTTP/1.1
Cache-Control: no-cache
traceparent: 00-a80bb7d600411103ca88bac1082c1eff-fe0ea5565ac0eaf9-01
User-Agent: selenium/4.13.0 (java windows)
Content-Type: application/json; charset=utf-8
host: localhost:4444
accept: */*

Response DefaultHttpResponse(decodeResult: success, version: HTTP/1.1)
HTTP/1.1 200 OK
content-length: 20
content-type: application/json; charset=utf-8
cache-control: no-cache

17:49:13.439 [AsyncHttpClient-1-2] DEBUG org.asynchttpclient.netty.channel.ChannelManager -- Adding key: http://localhost:4444 for channel [id: 0x020b4601, L:/127.0.0.1:63420 - R:localhost/127.0.0.1:4444]
17:49:13.440 [main] INFO helpers.LoggerHelper -- @Test: readFromArray has FAILED
17:49:13.440 [main] INFO helpers.LoggerHelper -- ######################################################################################
17:49:13.443 [Forwarding screenshot on session 7ba8ff3bf30367aad55a4e3910d5e455 to remote] DEBUG org.asynchttpclient.netty.request.NettyRequestSender -- Using pooled Channel '[id: 0x020b4601, L:/127.0.0.1:63420 - R:localhost/127.0.0.1:4444]' for 'GET' to 'http://localhost:4444/wd/hub/session/7ba8ff3bf30367aad55a4e3910d5e455/screenshot'
17:49:13.443 [Forwarding screenshot on session 7ba8ff3bf30367aad55a4e3910d5e455 to remote] DEBUG org.asynchttpclient.netty.request.NettyRequestSender -- Using open Channel [id: 0x020b4601, L:/127.0.0.1:63420 - R:localhost/127.0.0.1:4444] for GET '/wd/hub/session/7ba8ff3bf30367aad55a4e3910d5e455/screenshot'
17:49:13.701 [AsyncHttpClient-1-2] DEBUG org.asynchttpclient.netty.handler.HttpHandler -- 

Request DefaultFullHttpRequest(decodeResult: success, version: HTTP/1.1, content: EmptyByteBufBE)
GET /wd/hub/session/7ba8ff3bf30367aad55a4e3910d5e455/screenshot HTTP/1.1
Cache-Control: no-cache
traceparent: 00-47a03cd9c5e46c0ae685f902ee3b2fbc-e09ad5b90a53bc4c-01
User-Agent: selenium/4.13.0 (java windows)
Content-Type: application/json; charset=utf-8
host: localhost:4444
accept: */*

Response DefaultHttpResponse(decodeResult: success, version: HTTP/1.1)
HTTP/1.1 200 OK
content-length: 473800
content-type: application/json; charset=utf-8
cache-control: no-cache

17:49:13.714 [AsyncHttpClient-1-2] DEBUG org.asynchttpclient.netty.channel.ChannelManager -- Adding key: http://localhost:4444 for channel [id: 0x020b4601, L:/127.0.0.1:63420 - R:localhost/127.0.0.1:4444]
17:49:13.735 [main] INFO helpers.LoggerHelper -- Screenshot saved successfully.
]]></system-out>
  </testcase>
  <testcase name="readFromArray[performance_glitch_user, secret_sauce](4)" classname="FrontEnd.SauceDemo.LoginWithDP" time="8.038">
    <failure message="The following asserts failed:&#10;	expected [fasdfads] but found [Swag Labs],&#10;	expected [fasdfads] but found [Swag Labs],&#10;	expected [fasdfads] but found [Swag Labs]" type="java.lang.AssertionError"><![CDATA[java.lang.AssertionError: 
The following asserts failed:
	expected [fasdfads] but found [Swag Labs],
	expected [fasdfads] but found [Swag Labs],
	expected [fasdfads] but found [Swag Labs]
	at org.testng.asserts.SoftAssert.assertAll(SoftAssert.java:47)
	at org.testng.asserts.SoftAssert.assertAll(SoftAssert.java:31)
	at helpers.AssertionsList.assertAll(AssertionsList.java:41)
	at FrontEnd.SauceDemo.LoginWithDP.readFromArray(LoginWithDP.java:78)
	at java.base/jdk.internal.reflect.NativeMethodAccessorImpl.invoke0(Native Method)
	at java.base/jdk.internal.reflect.NativeMethodAccessorImpl.invoke(NativeMethodAccessorImpl.java:62)
	at java.base/jdk.internal.reflect.DelegatingMethodAccessorImpl.invoke(DelegatingMethodAccessorImpl.java:43)
	at java.base/java.lang.reflect.Method.invoke(Method.java:566)
	at org.testng.internal.MethodInvocationHelper.invokeMethod(MethodInvocationHelper.java:133)
	at org.testng.internal.TestInvoker.invokeMethod(TestInvoker.java:598)
	at org.testng.internal.TestInvoker.invokeTestMethod(TestInvoker.java:173)
	at org.testng.internal.MethodRunner.runInSequence(MethodRunner.java:46)
	at org.testng.internal.TestInvoker$MethodInvocationAgent.invoke(TestInvoker.java:824)
	at org.testng.internal.TestInvoker.invokeTestMethods(TestInvoker.java:146)
	at org.testng.internal.TestMethodWorker.invokeTestMethods(TestMethodWorker.java:146)
	at org.testng.internal.TestMethodWorker.run(TestMethodWorker.java:128)
	at java.base/java.util.ArrayList.forEach(ArrayList.java:1540)
	at org.testng.TestRunner.privateRun(TestRunner.java:794)
	at org.testng.TestRunner.run(TestRunner.java:596)
	at org.testng.SuiteRunner.runTest(SuiteRunner.java:377)
	at org.testng.SuiteRunner.runSequentially(SuiteRunner.java:371)
	at org.testng.SuiteRunner.privateRun(SuiteRunner.java:332)
	at org.testng.SuiteRunner.run(SuiteRunner.java:276)
	at org.testng.SuiteRunnerWorker.runSuite(SuiteRunnerWorker.java:53)
	at org.testng.SuiteRunnerWorker.run(SuiteRunnerWorker.java:96)
	at org.testng.TestNG.runSuitesSequentially(TestNG.java:1212)
	at org.testng.TestNG.runSuitesLocally(TestNG.java:1134)
	at org.testng.TestNG.runSuites(TestNG.java:1063)
	at org.testng.TestNG.run(TestNG.java:1031)
	at org.apache.maven.surefire.testng.TestNGExecutor.run(TestNGExecutor.java:308)
	at org.apache.maven.surefire.testng.TestNGXmlTestSuite.execute(TestNGXmlTestSuite.java:71)
	at org.apache.maven.surefire.testng.TestNGProvider.invoke(TestNGProvider.java:113)
	at org.apache.maven.surefire.booter.ForkedBooter.runSuitesInProcess(ForkedBooter.java:385)
	at org.apache.maven.surefire.booter.ForkedBooter.execute(ForkedBooter.java:162)
	at org.apache.maven.surefire.booter.ForkedBooter.run(ForkedBooter.java:507)
	at org.apache.maven.surefire.booter.ForkedBooter.main(ForkedBooter.java:495)
]]></failure>
    <system-out><![CDATA[17:49:13.737 [main] INFO helpers.LoggerHelper -- @Test: readFromArray
17:49:13.738 [main] INFO helpers.LoggerHelper -- Description: Trying to read data from an array object
17:49:13.738 [main] INFO helpers.LoggerHelper -- ######################################################################################
17:49:13.740 [Forwarding get on session 7ba8ff3bf30367aad55a4e3910d5e455 to remote] DEBUG org.asynchttpclient.netty.request.NettyRequestSender -- Using pooled Channel '[id: 0x020b4601, L:/127.0.0.1:63420 - R:localhost/127.0.0.1:4444]' for 'POST' to 'http://localhost:4444/wd/hub/session/7ba8ff3bf30367aad55a4e3910d5e455/url'
17:49:13.740 [Forwarding get on session 7ba8ff3bf30367aad55a4e3910d5e455 to remote] DEBUG org.asynchttpclient.netty.request.NettyRequestSender -- Using open Channel [id: 0x020b4601, L:/127.0.0.1:63420 - R:localhost/127.0.0.1:4444] for POST '/wd/hub/session/7ba8ff3bf30367aad55a4e3910d5e455/url'
17:49:13.887 [AsyncHttpClient-1-2] DEBUG org.asynchttpclient.netty.handler.HttpHandler -- 

Request DefaultHttpRequest(decodeResult: success, version: HTTP/1.1)
POST /wd/hub/session/7ba8ff3bf30367aad55a4e3910d5e455/url HTTP/1.1
traceparent: 00-df517a800d447b0c808a91939bd97182-003ae3442f0b001e-01
User-Agent: selenium/4.13.0 (java windows)
Content-Length: 43
Content-Type: application/json; charset=utf-8
host: localhost:4444
accept: */*

Response DefaultHttpResponse(decodeResult: success, version: HTTP/1.1)
HTTP/1.1 200 OK
content-length: 14
content-type: application/json; charset=utf-8
cache-control: no-cache

17:49:13.887 [AsyncHttpClient-1-2] DEBUG org.asynchttpclient.netty.channel.ChannelManager -- Adding key: http://localhost:4444 for channel [id: 0x020b4601, L:/127.0.0.1:63420 - R:localhost/127.0.0.1:4444]
17:49:13.888 [Forwarding findElement on session 7ba8ff3bf30367aad55a4e3910d5e455 to remote] DEBUG org.asynchttpclient.netty.request.NettyRequestSender -- Using pooled Channel '[id: 0x020b4601, L:/127.0.0.1:63420 - R:localhost/127.0.0.1:4444]' for 'POST' to 'http://localhost:4444/wd/hub/session/7ba8ff3bf30367aad55a4e3910d5e455/element'
17:49:13.889 [Forwarding findElement on session 7ba8ff3bf30367aad55a4e3910d5e455 to remote] DEBUG org.asynchttpclient.netty.request.NettyRequestSender -- Using open Channel [id: 0x020b4601, L:/127.0.0.1:63420 - R:localhost/127.0.0.1:4444] for POST '/wd/hub/session/7ba8ff3bf30367aad55a4e3910d5e455/element'
17:49:13.917 [AsyncHttpClient-1-2] DEBUG org.asynchttpclient.netty.handler.HttpHandler -- 

Request DefaultHttpRequest(decodeResult: success, version: HTTP/1.1)
POST /wd/hub/session/7ba8ff3bf30367aad55a4e3910d5e455/element HTTP/1.1
traceparent: 00-c65ee65ad87982ca79b71bbfe21f2bdd-89c35690ed904088-01
User-Agent: selenium/4.13.0 (java windows)
Content-Length: 56
Content-Type: application/json; charset=utf-8
host: localhost:4444
accept: */*

Response DefaultHttpResponse(decodeResult: success, version: HTTP/1.1)
HTTP/1.1 200 OK
content-length: 95
content-type: application/json; charset=utf-8
cache-control: no-cache

17:49:13.917 [AsyncHttpClient-1-2] DEBUG org.asynchttpclient.netty.channel.ChannelManager -- Adding key: http://localhost:4444 for channel [id: 0x020b4601, L:/127.0.0.1:63420 - R:localhost/127.0.0.1:4444]
17:49:13.921 [Forwarding isElementDisplayed on session 7ba8ff3bf30367aad55a4e3910d5e455 to remote] DEBUG org.asynchttpclient.netty.request.NettyRequestSender -- Using pooled Channel '[id: 0x020b4601, L:/127.0.0.1:63420 - R:localhost/127.0.0.1:4444]' for 'POST' to 'http://localhost:4444/wd/hub/session/7ba8ff3bf30367aad55a4e3910d5e455/execute/sync'
17:49:13.921 [Forwarding isElementDisplayed on session 7ba8ff3bf30367aad55a4e3910d5e455 to remote] DEBUG org.asynchttpclient.netty.request.NettyRequestSender -- Using open Channel [id: 0x020b4601, L:/127.0.0.1:63420 - R:localhost/127.0.0.1:4444] for POST '/wd/hub/session/7ba8ff3bf30367aad55a4e3910d5e455/execute/sync'
17:49:13.948 [AsyncHttpClient-1-2] DEBUG org.asynchttpclient.netty.handler.HttpHandler -- 

Request DefaultHttpRequest(decodeResult: success, version: HTTP/1.1)
POST /wd/hub/session/7ba8ff3bf30367aad55a4e3910d5e455/execute/sync HTTP/1.1
traceparent: 00-ce9d3483c3dcf713c34f976f380e76b2-52c250f5614cc722-01
User-Agent: selenium/4.13.0 (java windows)
Content-Length: 48814
Content-Type: application/json; charset=utf-8
host: localhost:4444
accept: */*

Response DefaultHttpResponse(decodeResult: success, version: HTTP/1.1)
HTTP/1.1 200 OK
content-length: 14
content-type: application/json; charset=utf-8
cache-control: no-cache

17:49:13.949 [AsyncHttpClient-1-2] DEBUG org.asynchttpclient.netty.channel.ChannelManager -- Adding key: http://localhost:4444 for channel [id: 0x020b4601, L:/127.0.0.1:63420 - R:localhost/127.0.0.1:4444]
17:49:13.952 [Forwarding findElement on session 7ba8ff3bf30367aad55a4e3910d5e455 to remote] DEBUG org.asynchttpclient.netty.request.NettyRequestSender -- Using pooled Channel '[id: 0x020b4601, L:/127.0.0.1:63420 - R:localhost/127.0.0.1:4444]' for 'POST' to 'http://localhost:4444/wd/hub/session/7ba8ff3bf30367aad55a4e3910d5e455/element'
17:49:13.953 [Forwarding findElement on session 7ba8ff3bf30367aad55a4e3910d5e455 to remote] DEBUG org.asynchttpclient.netty.request.NettyRequestSender -- Using open Channel [id: 0x020b4601, L:/127.0.0.1:63420 - R:localhost/127.0.0.1:4444] for POST '/wd/hub/session/7ba8ff3bf30367aad55a4e3910d5e455/element'
17:49:13.977 [AsyncHttpClient-1-2] DEBUG org.asynchttpclient.netty.handler.HttpHandler -- 

Request DefaultHttpRequest(decodeResult: success, version: HTTP/1.1)
POST /wd/hub/session/7ba8ff3bf30367aad55a4e3910d5e455/element HTTP/1.1
traceparent: 00-ac9656246c8a0e094996a3e5214fcd2f-d68dacbb53bda881-01
User-Agent: selenium/4.13.0 (java windows)
Content-Length: 56
Content-Type: application/json; charset=utf-8
host: localhost:4444
accept: */*

Response DefaultHttpResponse(decodeResult: success, version: HTTP/1.1)
HTTP/1.1 200 OK
content-length: 95
content-type: application/json; charset=utf-8
cache-control: no-cache

17:49:13.977 [AsyncHttpClient-1-2] DEBUG org.asynchttpclient.netty.channel.ChannelManager -- Adding key: http://localhost:4444 for channel [id: 0x020b4601, L:/127.0.0.1:63420 - R:localhost/127.0.0.1:4444]
17:49:13.981 [Forwarding sendKeysToElement on session 7ba8ff3bf30367aad55a4e3910d5e455 to remote] DEBUG org.asynchttpclient.netty.request.NettyRequestSender -- Using pooled Channel '[id: 0x020b4601, L:/127.0.0.1:63420 - R:localhost/127.0.0.1:4444]' for 'POST' to 'http://localhost:4444/wd/hub/session/7ba8ff3bf30367aad55a4e3910d5e455/element/AC2BCDE43FE284A5D576D09242D02E13_element_46/value'
17:49:13.981 [Forwarding sendKeysToElement on session 7ba8ff3bf30367aad55a4e3910d5e455 to remote] DEBUG org.asynchttpclient.netty.request.NettyRequestSender -- Using open Channel [id: 0x020b4601, L:/127.0.0.1:63420 - R:localhost/127.0.0.1:4444] for POST '/wd/hub/session/7ba8ff3bf30367aad55a4e3910d5e455/element/AC2BCDE43FE284A5D576D09242D02E13_element_46/value'
17:49:14.124 [AsyncHttpClient-1-2] DEBUG org.asynchttpclient.netty.handler.HttpHandler -- 

Request DefaultHttpRequest(decodeResult: success, version: HTTP/1.1)
POST /wd/hub/session/7ba8ff3bf30367aad55a4e3910d5e455/element/AC2BCDE43FE284A5D576D09242D02E13_element_46/value HTTP/1.1
traceparent: 00-e23eac9b6aedd159e7c9c14d9229d4dc-11b9a73f33ead0df-01
User-Agent: selenium/4.13.0 (java windows)
Content-Length: 318
Content-Type: application/json; charset=utf-8
host: localhost:4444
accept: */*

Response DefaultHttpResponse(decodeResult: success, version: HTTP/1.1)
HTTP/1.1 200 OK
content-length: 14
content-type: application/json; charset=utf-8
cache-control: no-cache

17:49:14.125 [AsyncHttpClient-1-2] DEBUG org.asynchttpclient.netty.channel.ChannelManager -- Adding key: http://localhost:4444 for channel [id: 0x020b4601, L:/127.0.0.1:63420 - R:localhost/127.0.0.1:4444]
17:49:14.127 [Forwarding findElement on session 7ba8ff3bf30367aad55a4e3910d5e455 to remote] DEBUG org.asynchttpclient.netty.request.NettyRequestSender -- Using pooled Channel '[id: 0x020b4601, L:/127.0.0.1:63420 - R:localhost/127.0.0.1:4444]' for 'POST' to 'http://localhost:4444/wd/hub/session/7ba8ff3bf30367aad55a4e3910d5e455/element'
17:49:14.127 [Forwarding findElement on session 7ba8ff3bf30367aad55a4e3910d5e455 to remote] DEBUG org.asynchttpclient.netty.request.NettyRequestSender -- Using open Channel [id: 0x020b4601, L:/127.0.0.1:63420 - R:localhost/127.0.0.1:4444] for POST '/wd/hub/session/7ba8ff3bf30367aad55a4e3910d5e455/element'
17:49:14.150 [AsyncHttpClient-1-2] DEBUG org.asynchttpclient.netty.handler.HttpHandler -- 

Request DefaultHttpRequest(decodeResult: success, version: HTTP/1.1)
POST /wd/hub/session/7ba8ff3bf30367aad55a4e3910d5e455/element HTTP/1.1
traceparent: 00-0501876723abc874c92ce3bc6c98bfd6-7a57649a19128700-01
User-Agent: selenium/4.13.0 (java windows)
Content-Length: 56
Content-Type: application/json; charset=utf-8
host: localhost:4444
accept: */*

Response DefaultHttpResponse(decodeResult: success, version: HTTP/1.1)
HTTP/1.1 200 OK
content-length: 95
content-type: application/json; charset=utf-8
cache-control: no-cache

17:49:14.150 [AsyncHttpClient-1-2] DEBUG org.asynchttpclient.netty.channel.ChannelManager -- Adding key: http://localhost:4444 for channel [id: 0x020b4601, L:/127.0.0.1:63420 - R:localhost/127.0.0.1:4444]
17:49:14.153 [Forwarding getElementAttribute on session 7ba8ff3bf30367aad55a4e3910d5e455 to remote] DEBUG org.asynchttpclient.netty.request.NettyRequestSender -- Using pooled Channel '[id: 0x020b4601, L:/127.0.0.1:63420 - R:localhost/127.0.0.1:4444]' for 'POST' to 'http://localhost:4444/wd/hub/session/7ba8ff3bf30367aad55a4e3910d5e455/execute/sync'
17:49:14.153 [Forwarding getElementAttribute on session 7ba8ff3bf30367aad55a4e3910d5e455 to remote] DEBUG org.asynchttpclient.netty.request.NettyRequestSender -- Using open Channel [id: 0x020b4601, L:/127.0.0.1:63420 - R:localhost/127.0.0.1:4444] for POST '/wd/hub/session/7ba8ff3bf30367aad55a4e3910d5e455/execute/sync'
17:49:14.177 [AsyncHttpClient-1-2] DEBUG org.asynchttpclient.netty.handler.HttpHandler -- 

Request DefaultHttpRequest(decodeResult: success, version: HTTP/1.1)
POST /wd/hub/session/7ba8ff3bf30367aad55a4e3910d5e455/execute/sync HTTP/1.1
traceparent: 00-0e9d0507f84e1a8be37bbb1864180ebf-da6fc986d3d84954-01
User-Agent: selenium/4.13.0 (java windows)
Content-Length: 47379
Content-Type: application/json; charset=utf-8
host: localhost:4444
accept: */*

Response DefaultHttpResponse(decodeResult: success, version: HTTP/1.1)
HTTP/1.1 200 OK
content-length: 233
content-type: application/json; charset=utf-8
cache-control: no-cache

17:49:14.178 [AsyncHttpClient-1-2] DEBUG org.asynchttpclient.netty.channel.ChannelManager -- Adding key: http://localhost:4444 for channel [id: 0x020b4601, L:/127.0.0.1:63420 - R:localhost/127.0.0.1:4444]
17:49:14.179 [Forwarding getElementAttribute on session 7ba8ff3bf30367aad55a4e3910d5e455 to remote] DEBUG org.asynchttpclient.netty.request.NettyRequestSender -- Using pooled Channel '[id: 0x020b4601, L:/127.0.0.1:63420 - R:localhost/127.0.0.1:4444]' for 'POST' to 'http://localhost:4444/wd/hub/session/7ba8ff3bf30367aad55a4e3910d5e455/execute/sync'
17:49:14.180 [Forwarding getElementAttribute on session 7ba8ff3bf30367aad55a4e3910d5e455 to remote] DEBUG org.asynchttpclient.netty.request.NettyRequestSender -- Using open Channel [id: 0x020b4601, L:/127.0.0.1:63420 - R:localhost/127.0.0.1:4444] for POST '/wd/hub/session/7ba8ff3bf30367aad55a4e3910d5e455/execute/sync'
17:49:14.203 [AsyncHttpClient-1-2] DEBUG org.asynchttpclient.netty.handler.HttpHandler -- 

Request DefaultHttpRequest(decodeResult: success, version: HTTP/1.1)
POST /wd/hub/session/7ba8ff3bf30367aad55a4e3910d5e455/execute/sync HTTP/1.1
traceparent: 00-3eee2f0d90d784cb9b564a8e4bd2f7b4-dd1564a0936924d6-01
User-Agent: selenium/4.13.0 (java windows)
Content-Length: 47375
Content-Type: application/json; charset=utf-8
host: localhost:4444
accept: */*

Response DefaultHttpResponse(decodeResult: success, version: HTTP/1.1)
HTTP/1.1 200 OK
content-length: 34
content-type: application/json; charset=utf-8
cache-control: no-cache

17:49:14.203 [AsyncHttpClient-1-2] DEBUG org.asynchttpclient.netty.channel.ChannelManager -- Adding key: http://localhost:4444 for channel [id: 0x020b4601, L:/127.0.0.1:63420 - R:localhost/127.0.0.1:4444]
17:49:14.205 [Forwarding getElementAttribute on session 7ba8ff3bf30367aad55a4e3910d5e455 to remote] DEBUG org.asynchttpclient.netty.request.NettyRequestSender -- Using pooled Channel '[id: 0x020b4601, L:/127.0.0.1:63420 - R:localhost/127.0.0.1:4444]' for 'POST' to 'http://localhost:4444/wd/hub/session/7ba8ff3bf30367aad55a4e3910d5e455/execute/sync'
17:49:14.205 [Forwarding getElementAttribute on session 7ba8ff3bf30367aad55a4e3910d5e455 to remote] DEBUG org.asynchttpclient.netty.request.NettyRequestSender -- Using open Channel [id: 0x020b4601, L:/127.0.0.1:63420 - R:localhost/127.0.0.1:4444] for POST '/wd/hub/session/7ba8ff3bf30367aad55a4e3910d5e455/execute/sync'
17:49:14.232 [AsyncHttpClient-1-2] DEBUG org.asynchttpclient.netty.handler.HttpHandler -- 

Request DefaultHttpRequest(decodeResult: success, version: HTTP/1.1)
POST /wd/hub/session/7ba8ff3bf30367aad55a4e3910d5e455/execute/sync HTTP/1.1
traceparent: 00-bdcd928e19136b378442ae963b854940-ba2efe88b7590045-01
User-Agent: selenium/4.13.0 (java windows)
Content-Length: 47381
Content-Type: application/json; charset=utf-8
host: localhost:4444
accept: */*

Response DefaultHttpResponse(decodeResult: success, version: HTTP/1.1)
HTTP/1.1 200 OK
content-length: 20
content-type: application/json; charset=utf-8
cache-control: no-cache

17:49:14.232 [AsyncHttpClient-1-2] DEBUG org.asynchttpclient.netty.channel.ChannelManager -- Adding key: http://localhost:4444 for channel [id: 0x020b4601, L:/127.0.0.1:63420 - R:localhost/127.0.0.1:4444]
17:49:14.234 [Forwarding getElementAttribute on session 7ba8ff3bf30367aad55a4e3910d5e455 to remote] DEBUG org.asynchttpclient.netty.request.NettyRequestSender -- Using pooled Channel '[id: 0x020b4601, L:/127.0.0.1:63420 - R:localhost/127.0.0.1:4444]' for 'POST' to 'http://localhost:4444/wd/hub/session/7ba8ff3bf30367aad55a4e3910d5e455/execute/sync'
17:49:14.234 [Forwarding getElementAttribute on session 7ba8ff3bf30367aad55a4e3910d5e455 to remote] DEBUG org.asynchttpclient.netty.request.NettyRequestSender -- Using open Channel [id: 0x020b4601, L:/127.0.0.1:63420 - R:localhost/127.0.0.1:4444] for POST '/wd/hub/session/7ba8ff3bf30367aad55a4e3910d5e455/execute/sync'
17:49:14.262 [AsyncHttpClient-1-2] DEBUG org.asynchttpclient.netty.handler.HttpHandler -- 

Request DefaultHttpRequest(decodeResult: success, version: HTTP/1.1)
POST /wd/hub/session/7ba8ff3bf30367aad55a4e3910d5e455/execute/sync HTTP/1.1
traceparent: 00-adb7dcb7bbd77ab7d312e50b65fd798a-dce551a25019565b-01
User-Agent: selenium/4.13.0 (java windows)
Content-Length: 47374
Content-Type: application/json; charset=utf-8
host: localhost:4444
accept: */*

Response DefaultHttpResponse(decodeResult: success, version: HTTP/1.1)
HTTP/1.1 200 OK
content-length: 16
content-type: application/json; charset=utf-8
cache-control: no-cache

17:49:14.263 [AsyncHttpClient-1-2] DEBUG org.asynchttpclient.netty.channel.ChannelManager -- Adding key: http://localhost:4444 for channel [id: 0x020b4601, L:/127.0.0.1:63420 - R:localhost/127.0.0.1:4444]
17:49:14.266 [Forwarding getElementAttribute on session 7ba8ff3bf30367aad55a4e3910d5e455 to remote] DEBUG org.asynchttpclient.netty.request.NettyRequestSender -- Using pooled Channel '[id: 0x020b4601, L:/127.0.0.1:63420 - R:localhost/127.0.0.1:4444]' for 'POST' to 'http://localhost:4444/wd/hub/session/7ba8ff3bf30367aad55a4e3910d5e455/execute/sync'
17:49:14.266 [Forwarding getElementAttribute on session 7ba8ff3bf30367aad55a4e3910d5e455 to remote] DEBUG org.asynchttpclient.netty.request.NettyRequestSender -- Using open Channel [id: 0x020b4601, L:/127.0.0.1:63420 - R:localhost/127.0.0.1:4444] for POST '/wd/hub/session/7ba8ff3bf30367aad55a4e3910d5e455/execute/sync'
17:49:14.297 [AsyncHttpClient-1-2] DEBUG org.asynchttpclient.netty.handler.HttpHandler -- 

Request DefaultHttpRequest(decodeResult: success, version: HTTP/1.1)
POST /wd/hub/session/7ba8ff3bf30367aad55a4e3910d5e455/execute/sync HTTP/1.1
traceparent: 00-5bfc17de609cc4b5a356ff2455e701de-7f97eee0c713db5a-01
User-Agent: selenium/4.13.0 (java windows)
Content-Length: 47379
Content-Type: application/json; charset=utf-8
host: localhost:4444
accept: */*

Response DefaultHttpResponse(decodeResult: success, version: HTTP/1.1)
HTTP/1.1 200 OK
content-length: 20
content-type: application/json; charset=utf-8
cache-control: no-cache

17:49:14.297 [AsyncHttpClient-1-2] DEBUG org.asynchttpclient.netty.channel.ChannelManager -- Adding key: http://localhost:4444 for channel [id: 0x020b4601, L:/127.0.0.1:63420 - R:localhost/127.0.0.1:4444]
17:49:14.300 [Forwarding getElementAttribute on session 7ba8ff3bf30367aad55a4e3910d5e455 to remote] DEBUG org.asynchttpclient.netty.request.NettyRequestSender -- Using pooled Channel '[id: 0x020b4601, L:/127.0.0.1:63420 - R:localhost/127.0.0.1:4444]' for 'POST' to 'http://localhost:4444/wd/hub/session/7ba8ff3bf30367aad55a4e3910d5e455/execute/sync'
17:49:14.300 [Forwarding getElementAttribute on session 7ba8ff3bf30367aad55a4e3910d5e455 to remote] DEBUG org.asynchttpclient.netty.request.NettyRequestSender -- Using open Channel [id: 0x020b4601, L:/127.0.0.1:63420 - R:localhost/127.0.0.1:4444] for POST '/wd/hub/session/7ba8ff3bf30367aad55a4e3910d5e455/execute/sync'
17:49:14.326 [AsyncHttpClient-1-2] DEBUG org.asynchttpclient.netty.handler.HttpHandler -- 

Request DefaultHttpRequest(decodeResult: success, version: HTTP/1.1)
POST /wd/hub/session/7ba8ff3bf30367aad55a4e3910d5e455/execute/sync HTTP/1.1
traceparent: 00-9f01f624751ad6058d903a0fb50422c9-f65b2a5b39c76358-01
User-Agent: selenium/4.13.0 (java windows)
Content-Length: 47372
Content-Type: application/json; charset=utf-8
host: localhost:4444
accept: */*

Response DefaultHttpResponse(decodeResult: success, version: HTTP/1.1)
HTTP/1.1 200 OK
content-length: 21
content-type: application/json; charset=utf-8
cache-control: no-cache

17:49:14.327 [AsyncHttpClient-1-2] DEBUG org.asynchttpclient.netty.channel.ChannelManager -- Adding key: http://localhost:4444 for channel [id: 0x020b4601, L:/127.0.0.1:63420 - R:localhost/127.0.0.1:4444]
17:49:14.328 [Forwarding getElementAttribute on session 7ba8ff3bf30367aad55a4e3910d5e455 to remote] DEBUG org.asynchttpclient.netty.request.NettyRequestSender -- Using pooled Channel '[id: 0x020b4601, L:/127.0.0.1:63420 - R:localhost/127.0.0.1:4444]' for 'POST' to 'http://localhost:4444/wd/hub/session/7ba8ff3bf30367aad55a4e3910d5e455/execute/sync'
17:49:14.329 [Forwarding getElementAttribute on session 7ba8ff3bf30367aad55a4e3910d5e455 to remote] DEBUG org.asynchttpclient.netty.request.NettyRequestSender -- Using open Channel [id: 0x020b4601, L:/127.0.0.1:63420 - R:localhost/127.0.0.1:4444] for POST '/wd/hub/session/7ba8ff3bf30367aad55a4e3910d5e455/execute/sync'
17:49:14.352 [AsyncHttpClient-1-2] DEBUG org.asynchttpclient.netty.handler.HttpHandler -- 

Request DefaultHttpRequest(decodeResult: success, version: HTTP/1.1)
POST /wd/hub/session/7ba8ff3bf30367aad55a4e3910d5e455/execute/sync HTTP/1.1
traceparent: 00-121e1388a72c80596ead3e3e810d1a24-0a2dc1d84757516d-01
User-Agent: selenium/4.13.0 (java windows)
Content-Length: 47374
Content-Type: application/json; charset=utf-8
host: localhost:4444
accept: */*

Response DefaultHttpResponse(decodeResult: success, version: HTTP/1.1)
HTTP/1.1 200 OK
content-length: 21
content-type: application/json; charset=utf-8
cache-control: no-cache

17:49:14.352 [AsyncHttpClient-1-2] DEBUG org.asynchttpclient.netty.channel.ChannelManager -- Adding key: http://localhost:4444 for channel [id: 0x020b4601, L:/127.0.0.1:63420 - R:localhost/127.0.0.1:4444]
17:49:14.355 [Forwarding getElementAttribute on session 7ba8ff3bf30367aad55a4e3910d5e455 to remote] DEBUG org.asynchttpclient.netty.request.NettyRequestSender -- Using pooled Channel '[id: 0x020b4601, L:/127.0.0.1:63420 - R:localhost/127.0.0.1:4444]' for 'POST' to 'http://localhost:4444/wd/hub/session/7ba8ff3bf30367aad55a4e3910d5e455/execute/sync'
17:49:14.355 [Forwarding getElementAttribute on session 7ba8ff3bf30367aad55a4e3910d5e455 to remote] DEBUG org.asynchttpclient.netty.request.NettyRequestSender -- Using open Channel [id: 0x020b4601, L:/127.0.0.1:63420 - R:localhost/127.0.0.1:4444] for POST '/wd/hub/session/7ba8ff3bf30367aad55a4e3910d5e455/execute/sync'
17:49:14.379 [AsyncHttpClient-1-2] DEBUG org.asynchttpclient.netty.handler.HttpHandler -- 

Request DefaultHttpRequest(decodeResult: success, version: HTTP/1.1)
POST /wd/hub/session/7ba8ff3bf30367aad55a4e3910d5e455/execute/sync HTTP/1.1
traceparent: 00-709e421bb9d4bc71fd65af68a4bccb56-e9cbd3b94083925c-01
User-Agent: selenium/4.13.0 (java windows)
Content-Length: 47381
Content-Type: application/json; charset=utf-8
host: localhost:4444
accept: */*

Response DefaultHttpResponse(decodeResult: success, version: HTTP/1.1)
HTTP/1.1 200 OK
content-length: 15
content-type: application/json; charset=utf-8
cache-control: no-cache

17:49:14.379 [AsyncHttpClient-1-2] DEBUG org.asynchttpclient.netty.channel.ChannelManager -- Adding key: http://localhost:4444 for channel [id: 0x020b4601, L:/127.0.0.1:63420 - R:localhost/127.0.0.1:4444]
17:49:14.381 [Forwarding getElementAttribute on session 7ba8ff3bf30367aad55a4e3910d5e455 to remote] DEBUG org.asynchttpclient.netty.request.NettyRequestSender -- Using pooled Channel '[id: 0x020b4601, L:/127.0.0.1:63420 - R:localhost/127.0.0.1:4444]' for 'POST' to 'http://localhost:4444/wd/hub/session/7ba8ff3bf30367aad55a4e3910d5e455/execute/sync'
17:49:14.381 [Forwarding getElementAttribute on session 7ba8ff3bf30367aad55a4e3910d5e455 to remote] DEBUG org.asynchttpclient.netty.request.NettyRequestSender -- Using open Channel [id: 0x020b4601, L:/127.0.0.1:63420 - R:localhost/127.0.0.1:4444] for POST '/wd/hub/session/7ba8ff3bf30367aad55a4e3910d5e455/execute/sync'
17:49:14.403 [AsyncHttpClient-1-2] DEBUG org.asynchttpclient.netty.handler.HttpHandler -- 

Request DefaultHttpRequest(decodeResult: success, version: HTTP/1.1)
POST /wd/hub/session/7ba8ff3bf30367aad55a4e3910d5e455/execute/sync HTTP/1.1
traceparent: 00-4e15963d1821c413ed333396c7cb67eb-56207d2a4650c982-01
User-Agent: selenium/4.13.0 (java windows)
Content-Length: 47384
Content-Type: application/json; charset=utf-8
host: localhost:4444
accept: */*

Response DefaultHttpResponse(decodeResult: success, version: HTTP/1.1)
HTTP/1.1 200 OK
content-length: 16
content-type: application/json; charset=utf-8
cache-control: no-cache

17:49:14.404 [AsyncHttpClient-1-2] DEBUG org.asynchttpclient.netty.channel.ChannelManager -- Adding key: http://localhost:4444 for channel [id: 0x020b4601, L:/127.0.0.1:63420 - R:localhost/127.0.0.1:4444]
17:49:14.405 [Forwarding getElementAttribute on session 7ba8ff3bf30367aad55a4e3910d5e455 to remote] DEBUG org.asynchttpclient.netty.request.NettyRequestSender -- Using pooled Channel '[id: 0x020b4601, L:/127.0.0.1:63420 - R:localhost/127.0.0.1:4444]' for 'POST' to 'http://localhost:4444/wd/hub/session/7ba8ff3bf30367aad55a4e3910d5e455/execute/sync'
17:49:14.405 [Forwarding getElementAttribute on session 7ba8ff3bf30367aad55a4e3910d5e455 to remote] DEBUG org.asynchttpclient.netty.request.NettyRequestSender -- Using open Channel [id: 0x020b4601, L:/127.0.0.1:63420 - R:localhost/127.0.0.1:4444] for POST '/wd/hub/session/7ba8ff3bf30367aad55a4e3910d5e455/execute/sync'
17:49:14.429 [AsyncHttpClient-1-2] DEBUG org.asynchttpclient.netty.handler.HttpHandler -- 

Request DefaultHttpRequest(decodeResult: success, version: HTTP/1.1)
POST /wd/hub/session/7ba8ff3bf30367aad55a4e3910d5e455/execute/sync HTTP/1.1
traceparent: 00-4d6800babbff31f18872e29d88ef0c66-0811adf985e84a04-01
User-Agent: selenium/4.13.0 (java windows)
Content-Length: 47375
Content-Type: application/json; charset=utf-8
host: localhost:4444
accept: */*

Response DefaultHttpResponse(decodeResult: success, version: HTTP/1.1)
HTTP/1.1 200 OK
content-length: 35
content-type: application/json; charset=utf-8
cache-control: no-cache

17:49:14.429 [AsyncHttpClient-1-2] DEBUG org.asynchttpclient.netty.channel.ChannelManager -- Adding key: http://localhost:4444 for channel [id: 0x020b4601, L:/127.0.0.1:63420 - R:localhost/127.0.0.1:4444]
17:49:14.430 [main] INFO helpers.LoggerHelper -- Testing user: performance_glitch_user
17:49:14.430 [Forwarding findElement on session 7ba8ff3bf30367aad55a4e3910d5e455 to remote] DEBUG org.asynchttpclient.netty.request.NettyRequestSender -- Using pooled Channel '[id: 0x020b4601, L:/127.0.0.1:63420 - R:localhost/127.0.0.1:4444]' for 'POST' to 'http://localhost:4444/wd/hub/session/7ba8ff3bf30367aad55a4e3910d5e455/element'
17:49:14.430 [Forwarding findElement on session 7ba8ff3bf30367aad55a4e3910d5e455 to remote] DEBUG org.asynchttpclient.netty.request.NettyRequestSender -- Using open Channel [id: 0x020b4601, L:/127.0.0.1:63420 - R:localhost/127.0.0.1:4444] for POST '/wd/hub/session/7ba8ff3bf30367aad55a4e3910d5e455/element'
17:49:14.452 [AsyncHttpClient-1-2] DEBUG org.asynchttpclient.netty.handler.HttpHandler -- 

Request DefaultHttpRequest(decodeResult: success, version: HTTP/1.1)
POST /wd/hub/session/7ba8ff3bf30367aad55a4e3910d5e455/element HTTP/1.1
traceparent: 00-e83a6a89063babeafe1ced4d5674d067-76166f6599143bc8-01
User-Agent: selenium/4.13.0 (java windows)
Content-Length: 53
Content-Type: application/json; charset=utf-8
host: localhost:4444
accept: */*

Response DefaultHttpResponse(decodeResult: success, version: HTTP/1.1)
HTTP/1.1 200 OK
content-length: 95
content-type: application/json; charset=utf-8
cache-control: no-cache

17:49:14.452 [AsyncHttpClient-1-2] DEBUG org.asynchttpclient.netty.channel.ChannelManager -- Adding key: http://localhost:4444 for channel [id: 0x020b4601, L:/127.0.0.1:63420 - R:localhost/127.0.0.1:4444]
17:49:14.454 [Forwarding isElementDisplayed on session 7ba8ff3bf30367aad55a4e3910d5e455 to remote] DEBUG org.asynchttpclient.netty.request.NettyRequestSender -- Using pooled Channel '[id: 0x020b4601, L:/127.0.0.1:63420 - R:localhost/127.0.0.1:4444]' for 'POST' to 'http://localhost:4444/wd/hub/session/7ba8ff3bf30367aad55a4e3910d5e455/execute/sync'
17:49:14.454 [Forwarding isElementDisplayed on session 7ba8ff3bf30367aad55a4e3910d5e455 to remote] DEBUG org.asynchttpclient.netty.request.NettyRequestSender -- Using open Channel [id: 0x020b4601, L:/127.0.0.1:63420 - R:localhost/127.0.0.1:4444] for POST '/wd/hub/session/7ba8ff3bf30367aad55a4e3910d5e455/execute/sync'
17:49:14.482 [AsyncHttpClient-1-2] DEBUG org.asynchttpclient.netty.handler.HttpHandler -- 

Request DefaultHttpRequest(decodeResult: success, version: HTTP/1.1)
POST /wd/hub/session/7ba8ff3bf30367aad55a4e3910d5e455/execute/sync HTTP/1.1
traceparent: 00-795eb2885f9a72047ae383c15adf45c8-7feb7da07481c605-01
User-Agent: selenium/4.13.0 (java windows)
Content-Length: 48814
Content-Type: application/json; charset=utf-8
host: localhost:4444
accept: */*

Response DefaultHttpResponse(decodeResult: success, version: HTTP/1.1)
HTTP/1.1 200 OK
content-length: 14
content-type: application/json; charset=utf-8
cache-control: no-cache

17:49:14.482 [AsyncHttpClient-1-2] DEBUG org.asynchttpclient.netty.channel.ChannelManager -- Adding key: http://localhost:4444 for channel [id: 0x020b4601, L:/127.0.0.1:63420 - R:localhost/127.0.0.1:4444]
17:49:14.483 [Forwarding findElement on session 7ba8ff3bf30367aad55a4e3910d5e455 to remote] DEBUG org.asynchttpclient.netty.request.NettyRequestSender -- Using pooled Channel '[id: 0x020b4601, L:/127.0.0.1:63420 - R:localhost/127.0.0.1:4444]' for 'POST' to 'http://localhost:4444/wd/hub/session/7ba8ff3bf30367aad55a4e3910d5e455/element'
17:49:14.483 [Forwarding findElement on session 7ba8ff3bf30367aad55a4e3910d5e455 to remote] DEBUG org.asynchttpclient.netty.request.NettyRequestSender -- Using open Channel [id: 0x020b4601, L:/127.0.0.1:63420 - R:localhost/127.0.0.1:4444] for POST '/wd/hub/session/7ba8ff3bf30367aad55a4e3910d5e455/element'
17:49:14.512 [AsyncHttpClient-1-2] DEBUG org.asynchttpclient.netty.handler.HttpHandler -- 

Request DefaultHttpRequest(decodeResult: success, version: HTTP/1.1)
POST /wd/hub/session/7ba8ff3bf30367aad55a4e3910d5e455/element HTTP/1.1
traceparent: 00-f3778cd7cd7cb758406c64fbb40e3aa7-f0b400bfb95968f3-01
User-Agent: selenium/4.13.0 (java windows)
Content-Length: 53
Content-Type: application/json; charset=utf-8
host: localhost:4444
accept: */*

Response DefaultHttpResponse(decodeResult: success, version: HTTP/1.1)
HTTP/1.1 200 OK
content-length: 95
content-type: application/json; charset=utf-8
cache-control: no-cache

17:49:14.513 [AsyncHttpClient-1-2] DEBUG org.asynchttpclient.netty.channel.ChannelManager -- Adding key: http://localhost:4444 for channel [id: 0x020b4601, L:/127.0.0.1:63420 - R:localhost/127.0.0.1:4444]
17:49:14.514 [Forwarding sendKeysToElement on session 7ba8ff3bf30367aad55a4e3910d5e455 to remote] DEBUG org.asynchttpclient.netty.request.NettyRequestSender -- Using pooled Channel '[id: 0x020b4601, L:/127.0.0.1:63420 - R:localhost/127.0.0.1:4444]' for 'POST' to 'http://localhost:4444/wd/hub/session/7ba8ff3bf30367aad55a4e3910d5e455/element/AC2BCDE43FE284A5D576D09242D02E13_element_43/value'
17:49:14.514 [Forwarding sendKeysToElement on session 7ba8ff3bf30367aad55a4e3910d5e455 to remote] DEBUG org.asynchttpclient.netty.request.NettyRequestSender -- Using open Channel [id: 0x020b4601, L:/127.0.0.1:63420 - R:localhost/127.0.0.1:4444] for POST '/wd/hub/session/7ba8ff3bf30367aad55a4e3910d5e455/element/AC2BCDE43FE284A5D576D09242D02E13_element_43/value'
17:49:14.613 [AsyncHttpClient-1-2] DEBUG org.asynchttpclient.netty.handler.HttpHandler -- 

Request DefaultHttpRequest(decodeResult: success, version: HTTP/1.1)
POST /wd/hub/session/7ba8ff3bf30367aad55a4e3910d5e455/element/AC2BCDE43FE284A5D576D09242D02E13_element_43/value HTTP/1.1
traceparent: 00-c594c8539b24ec2a95d9e0c71e25cfe1-49f485f06e8907f2-01
User-Agent: selenium/4.13.0 (java windows)
Content-Length: 208
Content-Type: application/json; charset=utf-8
host: localhost:4444
accept: */*

Response DefaultHttpResponse(decodeResult: success, version: HTTP/1.1)
HTTP/1.1 200 OK
content-length: 14
content-type: application/json; charset=utf-8
cache-control: no-cache

17:49:14.613 [AsyncHttpClient-1-2] DEBUG org.asynchttpclient.netty.channel.ChannelManager -- Adding key: http://localhost:4444 for channel [id: 0x020b4601, L:/127.0.0.1:63420 - R:localhost/127.0.0.1:4444]
17:49:14.614 [Forwarding findElement on session 7ba8ff3bf30367aad55a4e3910d5e455 to remote] DEBUG org.asynchttpclient.netty.request.NettyRequestSender -- Using pooled Channel '[id: 0x020b4601, L:/127.0.0.1:63420 - R:localhost/127.0.0.1:4444]' for 'POST' to 'http://localhost:4444/wd/hub/session/7ba8ff3bf30367aad55a4e3910d5e455/element'
17:49:14.615 [Forwarding findElement on session 7ba8ff3bf30367aad55a4e3910d5e455 to remote] DEBUG org.asynchttpclient.netty.request.NettyRequestSender -- Using open Channel [id: 0x020b4601, L:/127.0.0.1:63420 - R:localhost/127.0.0.1:4444] for POST '/wd/hub/session/7ba8ff3bf30367aad55a4e3910d5e455/element'
17:49:14.641 [AsyncHttpClient-1-2] DEBUG org.asynchttpclient.netty.handler.HttpHandler -- 

Request DefaultHttpRequest(decodeResult: success, version: HTTP/1.1)
POST /wd/hub/session/7ba8ff3bf30367aad55a4e3910d5e455/element HTTP/1.1
traceparent: 00-ecef55c70913a764f0ec66b9c439f1c4-ec162da4a53b5c4f-01
User-Agent: selenium/4.13.0 (java windows)
Content-Length: 53
Content-Type: application/json; charset=utf-8
host: localhost:4444
accept: */*

Response DefaultHttpResponse(decodeResult: success, version: HTTP/1.1)
HTTP/1.1 200 OK
content-length: 95
content-type: application/json; charset=utf-8
cache-control: no-cache

17:49:14.642 [AsyncHttpClient-1-2] DEBUG org.asynchttpclient.netty.channel.ChannelManager -- Adding key: http://localhost:4444 for channel [id: 0x020b4601, L:/127.0.0.1:63420 - R:localhost/127.0.0.1:4444]
17:49:14.644 [Forwarding getElementAttribute on session 7ba8ff3bf30367aad55a4e3910d5e455 to remote] DEBUG org.asynchttpclient.netty.request.NettyRequestSender -- Using pooled Channel '[id: 0x020b4601, L:/127.0.0.1:63420 - R:localhost/127.0.0.1:4444]' for 'POST' to 'http://localhost:4444/wd/hub/session/7ba8ff3bf30367aad55a4e3910d5e455/execute/sync'
17:49:14.644 [Forwarding getElementAttribute on session 7ba8ff3bf30367aad55a4e3910d5e455 to remote] DEBUG org.asynchttpclient.netty.request.NettyRequestSender -- Using open Channel [id: 0x020b4601, L:/127.0.0.1:63420 - R:localhost/127.0.0.1:4444] for POST '/wd/hub/session/7ba8ff3bf30367aad55a4e3910d5e455/execute/sync'
17:49:14.676 [AsyncHttpClient-1-2] DEBUG org.asynchttpclient.netty.handler.HttpHandler -- 

Request DefaultHttpRequest(decodeResult: success, version: HTTP/1.1)
POST /wd/hub/session/7ba8ff3bf30367aad55a4e3910d5e455/execute/sync HTTP/1.1
traceparent: 00-bf2c0875c491301aa8c69704b0adbd39-eae53e5c7318db4b-01
User-Agent: selenium/4.13.0 (java windows)
Content-Length: 47379
Content-Type: application/json; charset=utf-8
host: localhost:4444
accept: */*

Response DefaultHttpResponse(decodeResult: success, version: HTTP/1.1)
HTTP/1.1 200 OK
content-length: 224
content-type: application/json; charset=utf-8
cache-control: no-cache

17:49:14.676 [AsyncHttpClient-1-2] DEBUG org.asynchttpclient.netty.channel.ChannelManager -- Adding key: http://localhost:4444 for channel [id: 0x020b4601, L:/127.0.0.1:63420 - R:localhost/127.0.0.1:4444]
17:49:14.679 [Forwarding getElementAttribute on session 7ba8ff3bf30367aad55a4e3910d5e455 to remote] DEBUG org.asynchttpclient.netty.request.NettyRequestSender -- Using pooled Channel '[id: 0x020b4601, L:/127.0.0.1:63420 - R:localhost/127.0.0.1:4444]' for 'POST' to 'http://localhost:4444/wd/hub/session/7ba8ff3bf30367aad55a4e3910d5e455/execute/sync'
17:49:14.679 [Forwarding getElementAttribute on session 7ba8ff3bf30367aad55a4e3910d5e455 to remote] DEBUG org.asynchttpclient.netty.request.NettyRequestSender -- Using open Channel [id: 0x020b4601, L:/127.0.0.1:63420 - R:localhost/127.0.0.1:4444] for POST '/wd/hub/session/7ba8ff3bf30367aad55a4e3910d5e455/execute/sync'
17:49:14.706 [AsyncHttpClient-1-2] DEBUG org.asynchttpclient.netty.handler.HttpHandler -- 

Request DefaultHttpRequest(decodeResult: success, version: HTTP/1.1)
POST /wd/hub/session/7ba8ff3bf30367aad55a4e3910d5e455/execute/sync HTTP/1.1
traceparent: 00-df7151c56723a54b370f628fd552ed7d-e4f431d32581b796-01
User-Agent: selenium/4.13.0 (java windows)
Content-Length: 47375
Content-Type: application/json; charset=utf-8
host: localhost:4444
accept: */*

Response DefaultHttpResponse(decodeResult: success, version: HTTP/1.1)
HTTP/1.1 200 OK
content-length: 34
content-type: application/json; charset=utf-8
cache-control: no-cache

17:49:14.707 [AsyncHttpClient-1-2] DEBUG org.asynchttpclient.netty.channel.ChannelManager -- Adding key: http://localhost:4444 for channel [id: 0x020b4601, L:/127.0.0.1:63420 - R:localhost/127.0.0.1:4444]
17:49:14.708 [Forwarding getElementAttribute on session 7ba8ff3bf30367aad55a4e3910d5e455 to remote] DEBUG org.asynchttpclient.netty.request.NettyRequestSender -- Using pooled Channel '[id: 0x020b4601, L:/127.0.0.1:63420 - R:localhost/127.0.0.1:4444]' for 'POST' to 'http://localhost:4444/wd/hub/session/7ba8ff3bf30367aad55a4e3910d5e455/execute/sync'
17:49:14.709 [Forwarding getElementAttribute on session 7ba8ff3bf30367aad55a4e3910d5e455 to remote] DEBUG org.asynchttpclient.netty.request.NettyRequestSender -- Using open Channel [id: 0x020b4601, L:/127.0.0.1:63420 - R:localhost/127.0.0.1:4444] for POST '/wd/hub/session/7ba8ff3bf30367aad55a4e3910d5e455/execute/sync'
17:49:14.732 [AsyncHttpClient-1-2] DEBUG org.asynchttpclient.netty.handler.HttpHandler -- 

Request DefaultHttpRequest(decodeResult: success, version: HTTP/1.1)
POST /wd/hub/session/7ba8ff3bf30367aad55a4e3910d5e455/execute/sync HTTP/1.1
traceparent: 00-4b976ebc4deeeaedc25ad112d195430e-3a41b257057d4a55-01
User-Agent: selenium/4.13.0 (java windows)
Content-Length: 47381
Content-Type: application/json; charset=utf-8
host: localhost:4444
accept: */*

Response DefaultHttpResponse(decodeResult: success, version: HTTP/1.1)
HTTP/1.1 200 OK
content-length: 20
content-type: application/json; charset=utf-8
cache-control: no-cache

17:49:14.732 [AsyncHttpClient-1-2] DEBUG org.asynchttpclient.netty.channel.ChannelManager -- Adding key: http://localhost:4444 for channel [id: 0x020b4601, L:/127.0.0.1:63420 - R:localhost/127.0.0.1:4444]
17:49:14.734 [Forwarding getElementAttribute on session 7ba8ff3bf30367aad55a4e3910d5e455 to remote] DEBUG org.asynchttpclient.netty.request.NettyRequestSender -- Using pooled Channel '[id: 0x020b4601, L:/127.0.0.1:63420 - R:localhost/127.0.0.1:4444]' for 'POST' to 'http://localhost:4444/wd/hub/session/7ba8ff3bf30367aad55a4e3910d5e455/execute/sync'
17:49:14.734 [Forwarding getElementAttribute on session 7ba8ff3bf30367aad55a4e3910d5e455 to remote] DEBUG org.asynchttpclient.netty.request.NettyRequestSender -- Using open Channel [id: 0x020b4601, L:/127.0.0.1:63420 - R:localhost/127.0.0.1:4444] for POST '/wd/hub/session/7ba8ff3bf30367aad55a4e3910d5e455/execute/sync'
17:49:14.779 [AsyncHttpClient-1-2] DEBUG org.asynchttpclient.netty.handler.HttpHandler -- 

Request DefaultHttpRequest(decodeResult: success, version: HTTP/1.1)
POST /wd/hub/session/7ba8ff3bf30367aad55a4e3910d5e455/execute/sync HTTP/1.1
traceparent: 00-6a93cab75268363ce23fb3436bda6254-ae16cfe52828781e-01
User-Agent: selenium/4.13.0 (java windows)
Content-Length: 47374
Content-Type: application/json; charset=utf-8
host: localhost:4444
accept: */*

Response DefaultHttpResponse(decodeResult: success, version: HTTP/1.1)
HTTP/1.1 200 OK
content-length: 20
content-type: application/json; charset=utf-8
cache-control: no-cache

17:49:14.779 [AsyncHttpClient-1-2] DEBUG org.asynchttpclient.netty.channel.ChannelManager -- Adding key: http://localhost:4444 for channel [id: 0x020b4601, L:/127.0.0.1:63420 - R:localhost/127.0.0.1:4444]
17:49:14.783 [Forwarding getElementAttribute on session 7ba8ff3bf30367aad55a4e3910d5e455 to remote] DEBUG org.asynchttpclient.netty.request.NettyRequestSender -- Using pooled Channel '[id: 0x020b4601, L:/127.0.0.1:63420 - R:localhost/127.0.0.1:4444]' for 'POST' to 'http://localhost:4444/wd/hub/session/7ba8ff3bf30367aad55a4e3910d5e455/execute/sync'
17:49:14.783 [Forwarding getElementAttribute on session 7ba8ff3bf30367aad55a4e3910d5e455 to remote] DEBUG org.asynchttpclient.netty.request.NettyRequestSender -- Using open Channel [id: 0x020b4601, L:/127.0.0.1:63420 - R:localhost/127.0.0.1:4444] for POST '/wd/hub/session/7ba8ff3bf30367aad55a4e3910d5e455/execute/sync'
17:49:14.816 [AsyncHttpClient-1-2] DEBUG org.asynchttpclient.netty.handler.HttpHandler -- 

Request DefaultHttpRequest(decodeResult: success, version: HTTP/1.1)
POST /wd/hub/session/7ba8ff3bf30367aad55a4e3910d5e455/execute/sync HTTP/1.1
traceparent: 00-9decc1cfaaeca1f1328247ec17dd624b-670b2a31094c1224-01
User-Agent: selenium/4.13.0 (java windows)
Content-Length: 47379
Content-Type: application/json; charset=utf-8
host: localhost:4444
accept: */*

Response DefaultHttpResponse(decodeResult: success, version: HTTP/1.1)
HTTP/1.1 200 OK
content-length: 20
content-type: application/json; charset=utf-8
cache-control: no-cache

17:49:14.816 [AsyncHttpClient-1-2] DEBUG org.asynchttpclient.netty.channel.ChannelManager -- Adding key: http://localhost:4444 for channel [id: 0x020b4601, L:/127.0.0.1:63420 - R:localhost/127.0.0.1:4444]
17:49:14.819 [Forwarding getElementAttribute on session 7ba8ff3bf30367aad55a4e3910d5e455 to remote] DEBUG org.asynchttpclient.netty.request.NettyRequestSender -- Using pooled Channel '[id: 0x020b4601, L:/127.0.0.1:63420 - R:localhost/127.0.0.1:4444]' for 'POST' to 'http://localhost:4444/wd/hub/session/7ba8ff3bf30367aad55a4e3910d5e455/execute/sync'
17:49:14.819 [Forwarding getElementAttribute on session 7ba8ff3bf30367aad55a4e3910d5e455 to remote] DEBUG org.asynchttpclient.netty.request.NettyRequestSender -- Using open Channel [id: 0x020b4601, L:/127.0.0.1:63420 - R:localhost/127.0.0.1:4444] for POST '/wd/hub/session/7ba8ff3bf30367aad55a4e3910d5e455/execute/sync'
17:49:14.843 [AsyncHttpClient-1-2] DEBUG org.asynchttpclient.netty.handler.HttpHandler -- 

Request DefaultHttpRequest(decodeResult: success, version: HTTP/1.1)
POST /wd/hub/session/7ba8ff3bf30367aad55a4e3910d5e455/execute/sync HTTP/1.1
traceparent: 00-47171fec0317e8b8cc8e5014ed712183-88ed198f44fba863-01
User-Agent: selenium/4.13.0 (java windows)
Content-Length: 47372
Content-Type: application/json; charset=utf-8
host: localhost:4444
accept: */*

Response DefaultHttpResponse(decodeResult: success, version: HTTP/1.1)
HTTP/1.1 200 OK
content-length: 20
content-type: application/json; charset=utf-8
cache-control: no-cache

17:49:14.843 [AsyncHttpClient-1-2] DEBUG org.asynchttpclient.netty.channel.ChannelManager -- Adding key: http://localhost:4444 for channel [id: 0x020b4601, L:/127.0.0.1:63420 - R:localhost/127.0.0.1:4444]
17:49:14.845 [Forwarding getElementAttribute on session 7ba8ff3bf30367aad55a4e3910d5e455 to remote] DEBUG org.asynchttpclient.netty.request.NettyRequestSender -- Using pooled Channel '[id: 0x020b4601, L:/127.0.0.1:63420 - R:localhost/127.0.0.1:4444]' for 'POST' to 'http://localhost:4444/wd/hub/session/7ba8ff3bf30367aad55a4e3910d5e455/execute/sync'
17:49:14.845 [Forwarding getElementAttribute on session 7ba8ff3bf30367aad55a4e3910d5e455 to remote] DEBUG org.asynchttpclient.netty.request.NettyRequestSender -- Using open Channel [id: 0x020b4601, L:/127.0.0.1:63420 - R:localhost/127.0.0.1:4444] for POST '/wd/hub/session/7ba8ff3bf30367aad55a4e3910d5e455/execute/sync'
17:49:14.871 [AsyncHttpClient-1-2] DEBUG org.asynchttpclient.netty.handler.HttpHandler -- 

Request DefaultHttpRequest(decodeResult: success, version: HTTP/1.1)
POST /wd/hub/session/7ba8ff3bf30367aad55a4e3910d5e455/execute/sync HTTP/1.1
traceparent: 00-461b48ef28196551cdc0a8eef1eaa101-eeda80c350d8c8d9-01
User-Agent: selenium/4.13.0 (java windows)
Content-Length: 47374
Content-Type: application/json; charset=utf-8
host: localhost:4444
accept: */*

Response DefaultHttpResponse(decodeResult: success, version: HTTP/1.1)
HTTP/1.1 200 OK
content-length: 20
content-type: application/json; charset=utf-8
cache-control: no-cache

17:49:14.871 [AsyncHttpClient-1-2] DEBUG org.asynchttpclient.netty.channel.ChannelManager -- Adding key: http://localhost:4444 for channel [id: 0x020b4601, L:/127.0.0.1:63420 - R:localhost/127.0.0.1:4444]
17:49:14.874 [Forwarding getElementAttribute on session 7ba8ff3bf30367aad55a4e3910d5e455 to remote] DEBUG org.asynchttpclient.netty.request.NettyRequestSender -- Using pooled Channel '[id: 0x020b4601, L:/127.0.0.1:63420 - R:localhost/127.0.0.1:4444]' for 'POST' to 'http://localhost:4444/wd/hub/session/7ba8ff3bf30367aad55a4e3910d5e455/execute/sync'
17:49:14.874 [Forwarding getElementAttribute on session 7ba8ff3bf30367aad55a4e3910d5e455 to remote] DEBUG org.asynchttpclient.netty.request.NettyRequestSender -- Using open Channel [id: 0x020b4601, L:/127.0.0.1:63420 - R:localhost/127.0.0.1:4444] for POST '/wd/hub/session/7ba8ff3bf30367aad55a4e3910d5e455/execute/sync'
17:49:14.906 [AsyncHttpClient-1-2] DEBUG org.asynchttpclient.netty.handler.HttpHandler -- 

Request DefaultHttpRequest(decodeResult: success, version: HTTP/1.1)
POST /wd/hub/session/7ba8ff3bf30367aad55a4e3910d5e455/execute/sync HTTP/1.1
traceparent: 00-64e348a12f394d72bfe580e13aea700b-4803e1fb362da30b-01
User-Agent: selenium/4.13.0 (java windows)
Content-Length: 47381
Content-Type: application/json; charset=utf-8
host: localhost:4444
accept: */*

Response DefaultHttpResponse(decodeResult: success, version: HTTP/1.1)
HTTP/1.1 200 OK
content-length: 15
content-type: application/json; charset=utf-8
cache-control: no-cache

17:49:14.906 [AsyncHttpClient-1-2] DEBUG org.asynchttpclient.netty.channel.ChannelManager -- Adding key: http://localhost:4444 for channel [id: 0x020b4601, L:/127.0.0.1:63420 - R:localhost/127.0.0.1:4444]
17:49:14.908 [Forwarding getElementAttribute on session 7ba8ff3bf30367aad55a4e3910d5e455 to remote] DEBUG org.asynchttpclient.netty.request.NettyRequestSender -- Using pooled Channel '[id: 0x020b4601, L:/127.0.0.1:63420 - R:localhost/127.0.0.1:4444]' for 'POST' to 'http://localhost:4444/wd/hub/session/7ba8ff3bf30367aad55a4e3910d5e455/execute/sync'
17:49:14.908 [Forwarding getElementAttribute on session 7ba8ff3bf30367aad55a4e3910d5e455 to remote] DEBUG org.asynchttpclient.netty.request.NettyRequestSender -- Using open Channel [id: 0x020b4601, L:/127.0.0.1:63420 - R:localhost/127.0.0.1:4444] for POST '/wd/hub/session/7ba8ff3bf30367aad55a4e3910d5e455/execute/sync'
17:49:14.937 [AsyncHttpClient-1-2] DEBUG org.asynchttpclient.netty.handler.HttpHandler -- 

Request DefaultHttpRequest(decodeResult: success, version: HTTP/1.1)
POST /wd/hub/session/7ba8ff3bf30367aad55a4e3910d5e455/execute/sync HTTP/1.1
traceparent: 00-147a0d8694e25db19b34e5d6f08c70f2-467348b45eaea5a4-01
User-Agent: selenium/4.13.0 (java windows)
Content-Length: 47384
Content-Type: application/json; charset=utf-8
host: localhost:4444
accept: */*

Response DefaultHttpResponse(decodeResult: success, version: HTTP/1.1)
HTTP/1.1 200 OK
content-length: 16
content-type: application/json; charset=utf-8
cache-control: no-cache

17:49:14.937 [AsyncHttpClient-1-2] DEBUG org.asynchttpclient.netty.channel.ChannelManager -- Adding key: http://localhost:4444 for channel [id: 0x020b4601, L:/127.0.0.1:63420 - R:localhost/127.0.0.1:4444]
17:49:14.939 [Forwarding getElementAttribute on session 7ba8ff3bf30367aad55a4e3910d5e455 to remote] DEBUG org.asynchttpclient.netty.request.NettyRequestSender -- Using pooled Channel '[id: 0x020b4601, L:/127.0.0.1:63420 - R:localhost/127.0.0.1:4444]' for 'POST' to 'http://localhost:4444/wd/hub/session/7ba8ff3bf30367aad55a4e3910d5e455/execute/sync'
17:49:14.939 [Forwarding getElementAttribute on session 7ba8ff3bf30367aad55a4e3910d5e455 to remote] DEBUG org.asynchttpclient.netty.request.NettyRequestSender -- Using open Channel [id: 0x020b4601, L:/127.0.0.1:63420 - R:localhost/127.0.0.1:4444] for POST '/wd/hub/session/7ba8ff3bf30367aad55a4e3910d5e455/execute/sync'
17:49:14.961 [AsyncHttpClient-1-2] DEBUG org.asynchttpclient.netty.handler.HttpHandler -- 

Request DefaultHttpRequest(decodeResult: success, version: HTTP/1.1)
POST /wd/hub/session/7ba8ff3bf30367aad55a4e3910d5e455/execute/sync HTTP/1.1
traceparent: 00-99fad06b6e644cd8b4f3effdd8733a8c-10563b6b29d5edca-01
User-Agent: selenium/4.13.0 (java windows)
Content-Length: 47375
Content-Type: application/json; charset=utf-8
host: localhost:4444
accept: */*

Response DefaultHttpResponse(decodeResult: success, version: HTTP/1.1)
HTTP/1.1 200 OK
content-length: 24
content-type: application/json; charset=utf-8
cache-control: no-cache

17:49:14.961 [AsyncHttpClient-1-2] DEBUG org.asynchttpclient.netty.channel.ChannelManager -- Adding key: http://localhost:4444 for channel [id: 0x020b4601, L:/127.0.0.1:63420 - R:localhost/127.0.0.1:4444]
17:49:14.962 [main] INFO helpers.LoggerHelper -- Testing password: secret_sauce
17:49:14.962 [Forwarding findElement on session 7ba8ff3bf30367aad55a4e3910d5e455 to remote] DEBUG org.asynchttpclient.netty.request.NettyRequestSender -- Using pooled Channel '[id: 0x020b4601, L:/127.0.0.1:63420 - R:localhost/127.0.0.1:4444]' for 'POST' to 'http://localhost:4444/wd/hub/session/7ba8ff3bf30367aad55a4e3910d5e455/element'
17:49:14.962 [Forwarding findElement on session 7ba8ff3bf30367aad55a4e3910d5e455 to remote] DEBUG org.asynchttpclient.netty.request.NettyRequestSender -- Using open Channel [id: 0x020b4601, L:/127.0.0.1:63420 - R:localhost/127.0.0.1:4444] for POST '/wd/hub/session/7ba8ff3bf30367aad55a4e3910d5e455/element'
17:49:14.988 [AsyncHttpClient-1-2] DEBUG org.asynchttpclient.netty.handler.HttpHandler -- 

Request DefaultHttpRequest(decodeResult: success, version: HTTP/1.1)
POST /wd/hub/session/7ba8ff3bf30367aad55a4e3910d5e455/element HTTP/1.1
traceparent: 00-7d49e93b1e70d0cae6859d98668739ae-a9d28485e486834e-01
User-Agent: selenium/4.13.0 (java windows)
Content-Length: 59
Content-Type: application/json; charset=utf-8
host: localhost:4444
accept: */*

Response DefaultHttpResponse(decodeResult: success, version: HTTP/1.1)
HTTP/1.1 200 OK
content-length: 95
content-type: application/json; charset=utf-8
cache-control: no-cache

17:49:14.988 [AsyncHttpClient-1-2] DEBUG org.asynchttpclient.netty.channel.ChannelManager -- Adding key: http://localhost:4444 for channel [id: 0x020b4601, L:/127.0.0.1:63420 - R:localhost/127.0.0.1:4444]
17:49:14.990 [Forwarding isElementDisplayed on session 7ba8ff3bf30367aad55a4e3910d5e455 to remote] DEBUG org.asynchttpclient.netty.request.NettyRequestSender -- Using pooled Channel '[id: 0x020b4601, L:/127.0.0.1:63420 - R:localhost/127.0.0.1:4444]' for 'POST' to 'http://localhost:4444/wd/hub/session/7ba8ff3bf30367aad55a4e3910d5e455/execute/sync'
17:49:14.991 [Forwarding isElementDisplayed on session 7ba8ff3bf30367aad55a4e3910d5e455 to remote] DEBUG org.asynchttpclient.netty.request.NettyRequestSender -- Using open Channel [id: 0x020b4601, L:/127.0.0.1:63420 - R:localhost/127.0.0.1:4444] for POST '/wd/hub/session/7ba8ff3bf30367aad55a4e3910d5e455/execute/sync'
17:49:15.019 [AsyncHttpClient-1-2] DEBUG org.asynchttpclient.netty.handler.HttpHandler -- 

Request DefaultHttpRequest(decodeResult: success, version: HTTP/1.1)
POST /wd/hub/session/7ba8ff3bf30367aad55a4e3910d5e455/execute/sync HTTP/1.1
traceparent: 00-5f4b2b43bd5411341cb30f92755d5ad8-4f662c794d51ecd8-01
User-Agent: selenium/4.13.0 (java windows)
Content-Length: 48814
Content-Type: application/json; charset=utf-8
host: localhost:4444
accept: */*

Response DefaultHttpResponse(decodeResult: success, version: HTTP/1.1)
HTTP/1.1 200 OK
content-length: 14
content-type: application/json; charset=utf-8
cache-control: no-cache

17:49:15.020 [AsyncHttpClient-1-2] DEBUG org.asynchttpclient.netty.channel.ChannelManager -- Adding key: http://localhost:4444 for channel [id: 0x020b4601, L:/127.0.0.1:63420 - R:localhost/127.0.0.1:4444]
17:49:15.021 [Forwarding findElement on session 7ba8ff3bf30367aad55a4e3910d5e455 to remote] DEBUG org.asynchttpclient.netty.request.NettyRequestSender -- Using pooled Channel '[id: 0x020b4601, L:/127.0.0.1:63420 - R:localhost/127.0.0.1:4444]' for 'POST' to 'http://localhost:4444/wd/hub/session/7ba8ff3bf30367aad55a4e3910d5e455/element'
17:49:15.021 [Forwarding findElement on session 7ba8ff3bf30367aad55a4e3910d5e455 to remote] DEBUG org.asynchttpclient.netty.request.NettyRequestSender -- Using open Channel [id: 0x020b4601, L:/127.0.0.1:63420 - R:localhost/127.0.0.1:4444] for POST '/wd/hub/session/7ba8ff3bf30367aad55a4e3910d5e455/element'
17:49:15.041 [AsyncHttpClient-1-2] DEBUG org.asynchttpclient.netty.handler.HttpHandler -- 

Request DefaultHttpRequest(decodeResult: success, version: HTTP/1.1)
POST /wd/hub/session/7ba8ff3bf30367aad55a4e3910d5e455/element HTTP/1.1
traceparent: 00-bdfa874a20f176abe72ca830adaa860e-fb2be94f5267adc5-01
User-Agent: selenium/4.13.0 (java windows)
Content-Length: 59
Content-Type: application/json; charset=utf-8
host: localhost:4444
accept: */*

Response DefaultHttpResponse(decodeResult: success, version: HTTP/1.1)
HTTP/1.1 200 OK
content-length: 95
content-type: application/json; charset=utf-8
cache-control: no-cache

17:49:15.041 [AsyncHttpClient-1-2] DEBUG org.asynchttpclient.netty.channel.ChannelManager -- Adding key: http://localhost:4444 for channel [id: 0x020b4601, L:/127.0.0.1:63420 - R:localhost/127.0.0.1:4444]
17:49:15.043 [Forwarding getElementAttribute on session 7ba8ff3bf30367aad55a4e3910d5e455 to remote] DEBUG org.asynchttpclient.netty.request.NettyRequestSender -- Using pooled Channel '[id: 0x020b4601, L:/127.0.0.1:63420 - R:localhost/127.0.0.1:4444]' for 'POST' to 'http://localhost:4444/wd/hub/session/7ba8ff3bf30367aad55a4e3910d5e455/execute/sync'
17:49:15.044 [Forwarding getElementAttribute on session 7ba8ff3bf30367aad55a4e3910d5e455 to remote] DEBUG org.asynchttpclient.netty.request.NettyRequestSender -- Using open Channel [id: 0x020b4601, L:/127.0.0.1:63420 - R:localhost/127.0.0.1:4444] for POST '/wd/hub/session/7ba8ff3bf30367aad55a4e3910d5e455/execute/sync'
17:49:15.068 [AsyncHttpClient-1-2] DEBUG org.asynchttpclient.netty.handler.HttpHandler -- 

Request DefaultHttpRequest(decodeResult: success, version: HTTP/1.1)
POST /wd/hub/session/7ba8ff3bf30367aad55a4e3910d5e455/execute/sync HTTP/1.1
traceparent: 00-94c7b7457646c753ff6cea29e9d456bd-89c1f82ebfb9486e-01
User-Agent: selenium/4.13.0 (java windows)
Content-Length: 47379
Content-Type: application/json; charset=utf-8
host: localhost:4444
accept: */*

Response DefaultHttpResponse(decodeResult: success, version: HTTP/1.1)
HTTP/1.1 200 OK
content-length: 160
content-type: application/json; charset=utf-8
cache-control: no-cache

17:49:15.068 [AsyncHttpClient-1-2] DEBUG org.asynchttpclient.netty.channel.ChannelManager -- Adding key: http://localhost:4444 for channel [id: 0x020b4601, L:/127.0.0.1:63420 - R:localhost/127.0.0.1:4444]
17:49:15.070 [Forwarding getElementAttribute on session 7ba8ff3bf30367aad55a4e3910d5e455 to remote] DEBUG org.asynchttpclient.netty.request.NettyRequestSender -- Using pooled Channel '[id: 0x020b4601, L:/127.0.0.1:63420 - R:localhost/127.0.0.1:4444]' for 'POST' to 'http://localhost:4444/wd/hub/session/7ba8ff3bf30367aad55a4e3910d5e455/execute/sync'
17:49:15.070 [Forwarding getElementAttribute on session 7ba8ff3bf30367aad55a4e3910d5e455 to remote] DEBUG org.asynchttpclient.netty.request.NettyRequestSender -- Using open Channel [id: 0x020b4601, L:/127.0.0.1:63420 - R:localhost/127.0.0.1:4444] for POST '/wd/hub/session/7ba8ff3bf30367aad55a4e3910d5e455/execute/sync'
17:49:15.097 [AsyncHttpClient-1-2] DEBUG org.asynchttpclient.netty.handler.HttpHandler -- 

Request DefaultHttpRequest(decodeResult: success, version: HTTP/1.1)
POST /wd/hub/session/7ba8ff3bf30367aad55a4e3910d5e455/execute/sync HTTP/1.1
traceparent: 00-b3aad35c6b0a07357ff73752c307988d-64b64ff8469f446b-01
User-Agent: selenium/4.13.0 (java windows)
Content-Length: 47374
Content-Type: application/json; charset=utf-8
host: localhost:4444
accept: */*

Response DefaultHttpResponse(decodeResult: success, version: HTTP/1.1)
HTTP/1.1 200 OK
content-length: 18
content-type: application/json; charset=utf-8
cache-control: no-cache

17:49:15.098 [AsyncHttpClient-1-2] DEBUG org.asynchttpclient.netty.channel.ChannelManager -- Adding key: http://localhost:4444 for channel [id: 0x020b4601, L:/127.0.0.1:63420 - R:localhost/127.0.0.1:4444]
17:49:15.099 [Forwarding getElementAttribute on session 7ba8ff3bf30367aad55a4e3910d5e455 to remote] DEBUG org.asynchttpclient.netty.request.NettyRequestSender -- Using pooled Channel '[id: 0x020b4601, L:/127.0.0.1:63420 - R:localhost/127.0.0.1:4444]' for 'POST' to 'http://localhost:4444/wd/hub/session/7ba8ff3bf30367aad55a4e3910d5e455/execute/sync'
17:49:15.099 [Forwarding getElementAttribute on session 7ba8ff3bf30367aad55a4e3910d5e455 to remote] DEBUG org.asynchttpclient.netty.request.NettyRequestSender -- Using open Channel [id: 0x020b4601, L:/127.0.0.1:63420 - R:localhost/127.0.0.1:4444] for POST '/wd/hub/session/7ba8ff3bf30367aad55a4e3910d5e455/execute/sync'
17:49:15.125 [AsyncHttpClient-1-2] DEBUG org.asynchttpclient.netty.handler.HttpHandler -- 

Request DefaultHttpRequest(decodeResult: success, version: HTTP/1.1)
POST /wd/hub/session/7ba8ff3bf30367aad55a4e3910d5e455/execute/sync HTTP/1.1
traceparent: 00-b5591534f68833437c8ec5f27976108a-caf1270f0870bdd5-01
User-Agent: selenium/4.13.0 (java windows)
Content-Length: 47375
Content-Type: application/json; charset=utf-8
host: localhost:4444
accept: */*

Response DefaultHttpResponse(decodeResult: success, version: HTTP/1.1)
HTTP/1.1 200 OK
content-length: 36
content-type: application/json; charset=utf-8
cache-control: no-cache

17:49:15.125 [AsyncHttpClient-1-2] DEBUG org.asynchttpclient.netty.channel.ChannelManager -- Adding key: http://localhost:4444 for channel [id: 0x020b4601, L:/127.0.0.1:63420 - R:localhost/127.0.0.1:4444]
17:49:15.127 [Forwarding getElementAttribute on session 7ba8ff3bf30367aad55a4e3910d5e455 to remote] DEBUG org.asynchttpclient.netty.request.NettyRequestSender -- Using pooled Channel '[id: 0x020b4601, L:/127.0.0.1:63420 - R:localhost/127.0.0.1:4444]' for 'POST' to 'http://localhost:4444/wd/hub/session/7ba8ff3bf30367aad55a4e3910d5e455/execute/sync'
17:49:15.127 [Forwarding getElementAttribute on session 7ba8ff3bf30367aad55a4e3910d5e455 to remote] DEBUG org.asynchttpclient.netty.request.NettyRequestSender -- Using open Channel [id: 0x020b4601, L:/127.0.0.1:63420 - R:localhost/127.0.0.1:4444] for POST '/wd/hub/session/7ba8ff3bf30367aad55a4e3910d5e455/execute/sync'
17:49:15.151 [AsyncHttpClient-1-2] DEBUG org.asynchttpclient.netty.handler.HttpHandler -- 

Request DefaultHttpRequest(decodeResult: success, version: HTTP/1.1)
POST /wd/hub/session/7ba8ff3bf30367aad55a4e3910d5e455/execute/sync HTTP/1.1
traceparent: 00-905b92c845989f9b3f04460bfe09b5f8-df2fbcf5bb9166c1-01
User-Agent: selenium/4.13.0 (java windows)
Content-Length: 47379
Content-Type: application/json; charset=utf-8
host: localhost:4444
accept: */*

Response DefaultHttpResponse(decodeResult: success, version: HTTP/1.1)
HTTP/1.1 200 OK
content-length: 24
content-type: application/json; charset=utf-8
cache-control: no-cache

17:49:15.152 [AsyncHttpClient-1-2] DEBUG org.asynchttpclient.netty.channel.ChannelManager -- Adding key: http://localhost:4444 for channel [id: 0x020b4601, L:/127.0.0.1:63420 - R:localhost/127.0.0.1:4444]
17:49:15.154 [Forwarding getElementAttribute on session 7ba8ff3bf30367aad55a4e3910d5e455 to remote] DEBUG org.asynchttpclient.netty.request.NettyRequestSender -- Using pooled Channel '[id: 0x020b4601, L:/127.0.0.1:63420 - R:localhost/127.0.0.1:4444]' for 'POST' to 'http://localhost:4444/wd/hub/session/7ba8ff3bf30367aad55a4e3910d5e455/execute/sync'
17:49:15.154 [Forwarding getElementAttribute on session 7ba8ff3bf30367aad55a4e3910d5e455 to remote] DEBUG org.asynchttpclient.netty.request.NettyRequestSender -- Using open Channel [id: 0x020b4601, L:/127.0.0.1:63420 - R:localhost/127.0.0.1:4444] for POST '/wd/hub/session/7ba8ff3bf30367aad55a4e3910d5e455/execute/sync'
17:49:15.176 [AsyncHttpClient-1-2] DEBUG org.asynchttpclient.netty.handler.HttpHandler -- 

Request DefaultHttpRequest(decodeResult: success, version: HTTP/1.1)
POST /wd/hub/session/7ba8ff3bf30367aad55a4e3910d5e455/execute/sync HTTP/1.1
traceparent: 00-3a7467613bc1f834ff53d16faccdf5e3-8c9b8c602d6bd3f6-01
User-Agent: selenium/4.13.0 (java windows)
Content-Length: 47372
Content-Type: application/json; charset=utf-8
host: localhost:4444
accept: */*

Response DefaultHttpResponse(decodeResult: success, version: HTTP/1.1)
HTTP/1.1 200 OK
content-length: 24
content-type: application/json; charset=utf-8
cache-control: no-cache

17:49:15.176 [AsyncHttpClient-1-2] DEBUG org.asynchttpclient.netty.channel.ChannelManager -- Adding key: http://localhost:4444 for channel [id: 0x020b4601, L:/127.0.0.1:63420 - R:localhost/127.0.0.1:4444]
17:49:15.178 [Forwarding getElementAttribute on session 7ba8ff3bf30367aad55a4e3910d5e455 to remote] DEBUG org.asynchttpclient.netty.request.NettyRequestSender -- Using pooled Channel '[id: 0x020b4601, L:/127.0.0.1:63420 - R:localhost/127.0.0.1:4444]' for 'POST' to 'http://localhost:4444/wd/hub/session/7ba8ff3bf30367aad55a4e3910d5e455/execute/sync'
17:49:15.178 [Forwarding getElementAttribute on session 7ba8ff3bf30367aad55a4e3910d5e455 to remote] DEBUG org.asynchttpclient.netty.request.NettyRequestSender -- Using open Channel [id: 0x020b4601, L:/127.0.0.1:63420 - R:localhost/127.0.0.1:4444] for POST '/wd/hub/session/7ba8ff3bf30367aad55a4e3910d5e455/execute/sync'
17:49:15.209 [AsyncHttpClient-1-2] DEBUG org.asynchttpclient.netty.handler.HttpHandler -- 

Request DefaultHttpRequest(decodeResult: success, version: HTTP/1.1)
POST /wd/hub/session/7ba8ff3bf30367aad55a4e3910d5e455/execute/sync HTTP/1.1
traceparent: 00-bc20f2cc9b4295ceb7e1fba5d5927b0a-1ef8aa928e1c05ae-01
User-Agent: selenium/4.13.0 (java windows)
Content-Length: 47374
Content-Type: application/json; charset=utf-8
host: localhost:4444
accept: */*

Response DefaultHttpResponse(decodeResult: success, version: HTTP/1.1)
HTTP/1.1 200 OK
content-length: 24
content-type: application/json; charset=utf-8
cache-control: no-cache

17:49:15.209 [AsyncHttpClient-1-2] DEBUG org.asynchttpclient.netty.channel.ChannelManager -- Adding key: http://localhost:4444 for channel [id: 0x020b4601, L:/127.0.0.1:63420 - R:localhost/127.0.0.1:4444]
17:49:15.211 [Forwarding getElementAttribute on session 7ba8ff3bf30367aad55a4e3910d5e455 to remote] DEBUG org.asynchttpclient.netty.request.NettyRequestSender -- Using pooled Channel '[id: 0x020b4601, L:/127.0.0.1:63420 - R:localhost/127.0.0.1:4444]' for 'POST' to 'http://localhost:4444/wd/hub/session/7ba8ff3bf30367aad55a4e3910d5e455/execute/sync'
17:49:15.211 [Forwarding getElementAttribute on session 7ba8ff3bf30367aad55a4e3910d5e455 to remote] DEBUG org.asynchttpclient.netty.request.NettyRequestSender -- Using open Channel [id: 0x020b4601, L:/127.0.0.1:63420 - R:localhost/127.0.0.1:4444] for POST '/wd/hub/session/7ba8ff3bf30367aad55a4e3910d5e455/execute/sync'
17:49:15.239 [AsyncHttpClient-1-2] DEBUG org.asynchttpclient.netty.handler.HttpHandler -- 

Request DefaultHttpRequest(decodeResult: success, version: HTTP/1.1)
POST /wd/hub/session/7ba8ff3bf30367aad55a4e3910d5e455/execute/sync HTTP/1.1
traceparent: 00-82898fdb431dc63f93cc9baf57a33a4f-15bfbf1da518c864-01
User-Agent: selenium/4.13.0 (java windows)
Content-Length: 47375
Content-Type: application/json; charset=utf-8
host: localhost:4444
accept: */*

Response DefaultHttpResponse(decodeResult: success, version: HTTP/1.1)
HTTP/1.1 200 OK
content-length: 17
content-type: application/json; charset=utf-8
cache-control: no-cache

17:49:15.240 [AsyncHttpClient-1-2] DEBUG org.asynchttpclient.netty.channel.ChannelManager -- Adding key: http://localhost:4444 for channel [id: 0x020b4601, L:/127.0.0.1:63420 - R:localhost/127.0.0.1:4444]
17:49:15.241 [Forwarding findElement on session 7ba8ff3bf30367aad55a4e3910d5e455 to remote] DEBUG org.asynchttpclient.netty.request.NettyRequestSender -- Using pooled Channel '[id: 0x020b4601, L:/127.0.0.1:63420 - R:localhost/127.0.0.1:4444]' for 'POST' to 'http://localhost:4444/wd/hub/session/7ba8ff3bf30367aad55a4e3910d5e455/element'
17:49:15.241 [Forwarding findElement on session 7ba8ff3bf30367aad55a4e3910d5e455 to remote] DEBUG org.asynchttpclient.netty.request.NettyRequestSender -- Using open Channel [id: 0x020b4601, L:/127.0.0.1:63420 - R:localhost/127.0.0.1:4444] for POST '/wd/hub/session/7ba8ff3bf30367aad55a4e3910d5e455/element'
17:49:15.262 [AsyncHttpClient-1-2] DEBUG org.asynchttpclient.netty.handler.HttpHandler -- 

Request DefaultHttpRequest(decodeResult: success, version: HTTP/1.1)
POST /wd/hub/session/7ba8ff3bf30367aad55a4e3910d5e455/element HTTP/1.1
traceparent: 00-183ee18c02cda1fdfd8c07e97c78c3de-f53d338987cfb6f1-01
User-Agent: selenium/4.13.0 (java windows)
Content-Length: 59
Content-Type: application/json; charset=utf-8
host: localhost:4444
accept: */*

Response DefaultHttpResponse(decodeResult: success, version: HTTP/1.1)
HTTP/1.1 200 OK
content-length: 95
content-type: application/json; charset=utf-8
cache-control: no-cache

17:49:15.262 [AsyncHttpClient-1-2] DEBUG org.asynchttpclient.netty.channel.ChannelManager -- Adding key: http://localhost:4444 for channel [id: 0x020b4601, L:/127.0.0.1:63420 - R:localhost/127.0.0.1:4444]
17:49:15.263 [Forwarding clickElement on session 7ba8ff3bf30367aad55a4e3910d5e455 to remote] DEBUG org.asynchttpclient.netty.request.NettyRequestSender -- Using pooled Channel '[id: 0x020b4601, L:/127.0.0.1:63420 - R:localhost/127.0.0.1:4444]' for 'POST' to 'http://localhost:4444/wd/hub/session/7ba8ff3bf30367aad55a4e3910d5e455/element/AC2BCDE43FE284A5D576D09242D02E13_element_48/click'
17:49:15.263 [Forwarding clickElement on session 7ba8ff3bf30367aad55a4e3910d5e455 to remote] DEBUG org.asynchttpclient.netty.request.NettyRequestSender -- Using open Channel [id: 0x020b4601, L:/127.0.0.1:63420 - R:localhost/127.0.0.1:4444] for POST '/wd/hub/session/7ba8ff3bf30367aad55a4e3910d5e455/element/AC2BCDE43FE284A5D576D09242D02E13_element_48/click'
17:49:20.528 [AsyncHttpClient-1-2] DEBUG org.asynchttpclient.netty.handler.HttpHandler -- 

Request DefaultHttpRequest(decodeResult: success, version: HTTP/1.1)
POST /wd/hub/session/7ba8ff3bf30367aad55a4e3910d5e455/element/AC2BCDE43FE284A5D576D09242D02E13_element_48/click HTTP/1.1
traceparent: 00-a750039592c69b1a86f1d940788cb2ec-010b5fc38ec96be9-01
User-Agent: selenium/4.13.0 (java windows)
Content-Length: 57
Content-Type: application/json; charset=utf-8
host: localhost:4444
accept: */*

Response DefaultHttpResponse(decodeResult: success, version: HTTP/1.1)
HTTP/1.1 200 OK
content-length: 14
content-type: application/json; charset=utf-8
cache-control: no-cache

17:49:20.529 [AsyncHttpClient-1-2] DEBUG org.asynchttpclient.netty.channel.ChannelManager -- Adding key: http://localhost:4444 for channel [id: 0x020b4601, L:/127.0.0.1:63420 - R:localhost/127.0.0.1:4444]
17:49:20.532 [Forwarding findElement on session 7ba8ff3bf30367aad55a4e3910d5e455 to remote] DEBUG org.asynchttpclient.netty.request.NettyRequestSender -- Using pooled Channel '[id: 0x020b4601, L:/127.0.0.1:63420 - R:localhost/127.0.0.1:4444]' for 'POST' to 'http://localhost:4444/wd/hub/session/7ba8ff3bf30367aad55a4e3910d5e455/element'
17:49:20.532 [Forwarding findElement on session 7ba8ff3bf30367aad55a4e3910d5e455 to remote] DEBUG org.asynchttpclient.netty.request.NettyRequestSender -- Using open Channel [id: 0x020b4601, L:/127.0.0.1:63420 - R:localhost/127.0.0.1:4444] for POST '/wd/hub/session/7ba8ff3bf30367aad55a4e3910d5e455/element'
17:49:20.588 [AsyncHttpClient-1-2] DEBUG org.asynchttpclient.netty.handler.HttpHandler -- 

Request DefaultHttpRequest(decodeResult: success, version: HTTP/1.1)
POST /wd/hub/session/7ba8ff3bf30367aad55a4e3910d5e455/element HTTP/1.1
traceparent: 00-45641f5a512272f0bc373cd2e8b42d8e-7f562be542828e39-01
User-Agent: selenium/4.13.0 (java windows)
Content-Length: 53
Content-Type: application/json; charset=utf-8
host: localhost:4444
accept: */*

Response DefaultHttpResponse(decodeResult: success, version: HTTP/1.1)
HTTP/1.1 200 OK
content-length: 95
content-type: application/json; charset=utf-8
cache-control: no-cache

17:49:20.588 [AsyncHttpClient-1-2] DEBUG org.asynchttpclient.netty.channel.ChannelManager -- Adding key: http://localhost:4444 for channel [id: 0x020b4601, L:/127.0.0.1:63420 - R:localhost/127.0.0.1:4444]
17:49:20.590 [Forwarding getElementText on session 7ba8ff3bf30367aad55a4e3910d5e455 to remote] DEBUG org.asynchttpclient.netty.request.NettyRequestSender -- Using pooled Channel '[id: 0x020b4601, L:/127.0.0.1:63420 - R:localhost/127.0.0.1:4444]' for 'GET' to 'http://localhost:4444/wd/hub/session/7ba8ff3bf30367aad55a4e3910d5e455/element/AC2BCDE43FE284A5D576D09242D02E13_element_52/text'
17:49:20.590 [Forwarding getElementText on session 7ba8ff3bf30367aad55a4e3910d5e455 to remote] DEBUG org.asynchttpclient.netty.request.NettyRequestSender -- Using open Channel [id: 0x020b4601, L:/127.0.0.1:63420 - R:localhost/127.0.0.1:4444] for GET '/wd/hub/session/7ba8ff3bf30367aad55a4e3910d5e455/element/AC2BCDE43FE284A5D576D09242D02E13_element_52/text'
17:49:20.650 [AsyncHttpClient-1-2] DEBUG org.asynchttpclient.netty.handler.HttpHandler -- 

Request DefaultFullHttpRequest(decodeResult: success, version: HTTP/1.1, content: EmptyByteBufBE)
GET /wd/hub/session/7ba8ff3bf30367aad55a4e3910d5e455/element/AC2BCDE43FE284A5D576D09242D02E13_element_52/text HTTP/1.1
Cache-Control: no-cache
traceparent: 00-59cc7771f56eb1a8e8b81a70ae2104e2-be1e9077158aa72f-01
User-Agent: selenium/4.13.0 (java windows)
Content-Type: application/json; charset=utf-8
host: localhost:4444
accept: */*

Response DefaultHttpResponse(decodeResult: success, version: HTTP/1.1)
HTTP/1.1 200 OK
content-length: 21
content-type: application/json; charset=utf-8
cache-control: no-cache

17:49:20.651 [AsyncHttpClient-1-2] DEBUG org.asynchttpclient.netty.channel.ChannelManager -- Adding key: http://localhost:4444 for channel [id: 0x020b4601, L:/127.0.0.1:63420 - R:localhost/127.0.0.1:4444]
17:49:20.656 [Forwarding findElement on session 7ba8ff3bf30367aad55a4e3910d5e455 to remote] DEBUG org.asynchttpclient.netty.request.NettyRequestSender -- Using pooled Channel '[id: 0x020b4601, L:/127.0.0.1:63420 - R:localhost/127.0.0.1:4444]' for 'POST' to 'http://localhost:4444/wd/hub/session/7ba8ff3bf30367aad55a4e3910d5e455/element'
17:49:20.656 [Forwarding findElement on session 7ba8ff3bf30367aad55a4e3910d5e455 to remote] DEBUG org.asynchttpclient.netty.request.NettyRequestSender -- Using open Channel [id: 0x020b4601, L:/127.0.0.1:63420 - R:localhost/127.0.0.1:4444] for POST '/wd/hub/session/7ba8ff3bf30367aad55a4e3910d5e455/element'
17:49:20.713 [AsyncHttpClient-1-2] DEBUG org.asynchttpclient.netty.handler.HttpHandler -- 

Request DefaultHttpRequest(decodeResult: success, version: HTTP/1.1)
POST /wd/hub/session/7ba8ff3bf30367aad55a4e3910d5e455/element HTTP/1.1
traceparent: 00-bf106fe68c802d86a7f0d8b208816adb-537c057b12801de4-01
User-Agent: selenium/4.13.0 (java windows)
Content-Length: 53
Content-Type: application/json; charset=utf-8
host: localhost:4444
accept: */*

Response DefaultHttpResponse(decodeResult: success, version: HTTP/1.1)
HTTP/1.1 200 OK
content-length: 95
content-type: application/json; charset=utf-8
cache-control: no-cache

17:49:20.713 [AsyncHttpClient-1-2] DEBUG org.asynchttpclient.netty.channel.ChannelManager -- Adding key: http://localhost:4444 for channel [id: 0x020b4601, L:/127.0.0.1:63420 - R:localhost/127.0.0.1:4444]
17:49:20.715 [Forwarding getElementText on session 7ba8ff3bf30367aad55a4e3910d5e455 to remote] DEBUG org.asynchttpclient.netty.request.NettyRequestSender -- Using pooled Channel '[id: 0x020b4601, L:/127.0.0.1:63420 - R:localhost/127.0.0.1:4444]' for 'GET' to 'http://localhost:4444/wd/hub/session/7ba8ff3bf30367aad55a4e3910d5e455/element/AC2BCDE43FE284A5D576D09242D02E13_element_52/text'
17:49:20.716 [Forwarding getElementText on session 7ba8ff3bf30367aad55a4e3910d5e455 to remote] DEBUG org.asynchttpclient.netty.request.NettyRequestSender -- Using open Channel [id: 0x020b4601, L:/127.0.0.1:63420 - R:localhost/127.0.0.1:4444] for GET '/wd/hub/session/7ba8ff3bf30367aad55a4e3910d5e455/element/AC2BCDE43FE284A5D576D09242D02E13_element_52/text'
17:49:20.794 [AsyncHttpClient-1-2] DEBUG org.asynchttpclient.netty.handler.HttpHandler -- 

Request DefaultFullHttpRequest(decodeResult: success, version: HTTP/1.1, content: EmptyByteBufBE)
GET /wd/hub/session/7ba8ff3bf30367aad55a4e3910d5e455/element/AC2BCDE43FE284A5D576D09242D02E13_element_52/text HTTP/1.1
Cache-Control: no-cache
traceparent: 00-4eb9a3400d178dcca296118ac9cbc421-fd5be0ecd93bbbde-01
User-Agent: selenium/4.13.0 (java windows)
Content-Type: application/json; charset=utf-8
host: localhost:4444
accept: */*

Response DefaultHttpResponse(decodeResult: success, version: HTTP/1.1)
HTTP/1.1 200 OK
content-length: 21
content-type: application/json; charset=utf-8
cache-control: no-cache

17:49:20.794 [AsyncHttpClient-1-2] DEBUG org.asynchttpclient.netty.channel.ChannelManager -- Adding key: http://localhost:4444 for channel [id: 0x020b4601, L:/127.0.0.1:63420 - R:localhost/127.0.0.1:4444]
17:49:20.798 [Forwarding findElement on session 7ba8ff3bf30367aad55a4e3910d5e455 to remote] DEBUG org.asynchttpclient.netty.request.NettyRequestSender -- Using pooled Channel '[id: 0x020b4601, L:/127.0.0.1:63420 - R:localhost/127.0.0.1:4444]' for 'POST' to 'http://localhost:4444/wd/hub/session/7ba8ff3bf30367aad55a4e3910d5e455/element'
17:49:20.798 [Forwarding findElement on session 7ba8ff3bf30367aad55a4e3910d5e455 to remote] DEBUG org.asynchttpclient.netty.request.NettyRequestSender -- Using open Channel [id: 0x020b4601, L:/127.0.0.1:63420 - R:localhost/127.0.0.1:4444] for POST '/wd/hub/session/7ba8ff3bf30367aad55a4e3910d5e455/element'
17:49:20.871 [AsyncHttpClient-1-2] DEBUG org.asynchttpclient.netty.handler.HttpHandler -- 

Request DefaultHttpRequest(decodeResult: success, version: HTTP/1.1)
POST /wd/hub/session/7ba8ff3bf30367aad55a4e3910d5e455/element HTTP/1.1
traceparent: 00-fde9e0bb3340ccb01b4f7b7aeb23e936-ef51d4295d6726be-01
User-Agent: selenium/4.13.0 (java windows)
Content-Length: 50
Content-Type: application/json; charset=utf-8
host: localhost:4444
accept: */*

Response DefaultHttpResponse(decodeResult: success, version: HTTP/1.1)
HTTP/1.1 200 OK
content-length: 95
content-type: application/json; charset=utf-8
cache-control: no-cache

17:49:20.872 [AsyncHttpClient-1-2] DEBUG org.asynchttpclient.netty.channel.ChannelManager -- Adding key: http://localhost:4444 for channel [id: 0x020b4601, L:/127.0.0.1:63420 - R:localhost/127.0.0.1:4444]
17:49:20.874 [Forwarding getElementText on session 7ba8ff3bf30367aad55a4e3910d5e455 to remote] DEBUG org.asynchttpclient.netty.request.NettyRequestSender -- Using pooled Channel '[id: 0x020b4601, L:/127.0.0.1:63420 - R:localhost/127.0.0.1:4444]' for 'GET' to 'http://localhost:4444/wd/hub/session/7ba8ff3bf30367aad55a4e3910d5e455/element/AC2BCDE43FE284A5D576D09242D02E13_element_53/text'
17:49:20.874 [Forwarding getElementText on session 7ba8ff3bf30367aad55a4e3910d5e455 to remote] DEBUG org.asynchttpclient.netty.request.NettyRequestSender -- Using open Channel [id: 0x020b4601, L:/127.0.0.1:63420 - R:localhost/127.0.0.1:4444] for GET '/wd/hub/session/7ba8ff3bf30367aad55a4e3910d5e455/element/AC2BCDE43FE284A5D576D09242D02E13_element_53/text'
17:49:20.990 [AsyncHttpClient-1-2] DEBUG org.asynchttpclient.netty.handler.HttpHandler -- 

Request DefaultFullHttpRequest(decodeResult: success, version: HTTP/1.1, content: EmptyByteBufBE)
GET /wd/hub/session/7ba8ff3bf30367aad55a4e3910d5e455/element/AC2BCDE43FE284A5D576D09242D02E13_element_53/text HTTP/1.1
Cache-Control: no-cache
traceparent: 00-820153e1fe1e04daaa8b18ea2a32892c-e16ecc08a2e47e23-01
User-Agent: selenium/4.13.0 (java windows)
Content-Type: application/json; charset=utf-8
host: localhost:4444
accept: */*

Response DefaultHttpResponse(decodeResult: success, version: HTTP/1.1)
HTTP/1.1 200 OK
content-length: 20
content-type: application/json; charset=utf-8
cache-control: no-cache

17:49:20.990 [AsyncHttpClient-1-2] DEBUG org.asynchttpclient.netty.channel.ChannelManager -- Adding key: http://localhost:4444 for channel [id: 0x020b4601, L:/127.0.0.1:63420 - R:localhost/127.0.0.1:4444]
17:49:20.992 [main] INFO helpers.LoggerHelper -- @Test: readFromArray has FAILED
17:49:20.992 [main] INFO helpers.LoggerHelper -- ######################################################################################
17:49:20.996 [Forwarding screenshot on session 7ba8ff3bf30367aad55a4e3910d5e455 to remote] DEBUG org.asynchttpclient.netty.request.NettyRequestSender -- Using pooled Channel '[id: 0x020b4601, L:/127.0.0.1:63420 - R:localhost/127.0.0.1:4444]' for 'GET' to 'http://localhost:4444/wd/hub/session/7ba8ff3bf30367aad55a4e3910d5e455/screenshot'
17:49:20.997 [Forwarding screenshot on session 7ba8ff3bf30367aad55a4e3910d5e455 to remote] DEBUG org.asynchttpclient.netty.request.NettyRequestSender -- Using open Channel [id: 0x020b4601, L:/127.0.0.1:63420 - R:localhost/127.0.0.1:4444] for GET '/wd/hub/session/7ba8ff3bf30367aad55a4e3910d5e455/screenshot'
17:49:21.694 [AsyncHttpClient-1-2] DEBUG org.asynchttpclient.netty.handler.HttpHandler -- 

Request DefaultFullHttpRequest(decodeResult: success, version: HTTP/1.1, content: EmptyByteBufBE)
GET /wd/hub/session/7ba8ff3bf30367aad55a4e3910d5e455/screenshot HTTP/1.1
Cache-Control: no-cache
traceparent: 00-b3f16cee33ae3651d7302be675000e19-17c9701ed427f7de-01
User-Agent: selenium/4.13.0 (java windows)
Content-Type: application/json; charset=utf-8
host: localhost:4444
accept: */*

Response DefaultHttpResponse(decodeResult: success, version: HTTP/1.1)
HTTP/1.1 200 OK
content-length: 431932
content-type: application/json; charset=utf-8
cache-control: no-cache

17:49:21.737 [AsyncHttpClient-1-2] DEBUG org.asynchttpclient.netty.channel.ChannelManager -- Adding key: http://localhost:4444 for channel [id: 0x020b4601, L:/127.0.0.1:63420 - R:localhost/127.0.0.1:4444]
17:49:21.775 [main] INFO helpers.LoggerHelper -- Screenshot saved successfully.
]]></system-out>
  </testcase>
  <testcase name="readFromFileExcel[standard_user, secret_sauce](1)" classname="FrontEnd.SauceDemo.LoginWithDP" time="2.035">
    <system-out><![CDATA[17:49:22.147 [AsyncHttpClient-1-1] DEBUG org.asynchttpclient.netty.channel.DefaultChannelPool -- Entry count for : http://localhost:4444 : 1
17:49:23.240 [AsyncHttpClient-1-1] DEBUG org.asynchttpclient.netty.channel.DefaultChannelPool -- Entry count for : http://localhost:4444 : 1
17:49:24.349 [AsyncHttpClient-1-1] DEBUG org.asynchttpclient.netty.channel.DefaultChannelPool -- Entry count for : http://localhost:4444 : 1
17:49:24.690 [main] INFO helpers.LoggerHelper -- Number of rows: 5
17:49:24.690 [main] INFO helpers.LoggerHelper -- Number of columns: 2
17:49:24.706 [main] INFO helpers.LoggerHelper -- @Test: readFromFileExcel
17:49:24.706 [main] INFO helpers.LoggerHelper -- Description: Trying to read data from an Excel file
17:49:24.706 [main] INFO helpers.LoggerHelper -- ######################################################################################
17:49:24.709 [Forwarding get on session 7ba8ff3bf30367aad55a4e3910d5e455 to remote] DEBUG org.asynchttpclient.netty.request.NettyRequestSender -- Using pooled Channel '[id: 0x020b4601, L:/127.0.0.1:63420 - R:localhost/127.0.0.1:4444]' for 'POST' to 'http://localhost:4444/wd/hub/session/7ba8ff3bf30367aad55a4e3910d5e455/url'
17:49:24.709 [Forwarding get on session 7ba8ff3bf30367aad55a4e3910d5e455 to remote] DEBUG org.asynchttpclient.netty.request.NettyRequestSender -- Using open Channel [id: 0x020b4601, L:/127.0.0.1:63420 - R:localhost/127.0.0.1:4444] for POST '/wd/hub/session/7ba8ff3bf30367aad55a4e3910d5e455/url'
17:49:24.855 [AsyncHttpClient-1-2] DEBUG org.asynchttpclient.netty.handler.HttpHandler -- 

Request DefaultHttpRequest(decodeResult: success, version: HTTP/1.1)
POST /wd/hub/session/7ba8ff3bf30367aad55a4e3910d5e455/url HTTP/1.1
traceparent: 00-64351c93dad6ca5939bf6569077b8474-2751f47b7f551254-01
User-Agent: selenium/4.13.0 (java windows)
Content-Length: 43
Content-Type: application/json; charset=utf-8
host: localhost:4444
accept: */*

Response DefaultHttpResponse(decodeResult: success, version: HTTP/1.1)
HTTP/1.1 200 OK
content-length: 14
content-type: application/json; charset=utf-8
cache-control: no-cache

17:49:24.855 [AsyncHttpClient-1-2] DEBUG org.asynchttpclient.netty.channel.ChannelManager -- Adding key: http://localhost:4444 for channel [id: 0x020b4601, L:/127.0.0.1:63420 - R:localhost/127.0.0.1:4444]
17:49:24.857 [Forwarding findElement on session 7ba8ff3bf30367aad55a4e3910d5e455 to remote] DEBUG org.asynchttpclient.netty.request.NettyRequestSender -- Using pooled Channel '[id: 0x020b4601, L:/127.0.0.1:63420 - R:localhost/127.0.0.1:4444]' for 'POST' to 'http://localhost:4444/wd/hub/session/7ba8ff3bf30367aad55a4e3910d5e455/element'
17:49:24.857 [Forwarding findElement on session 7ba8ff3bf30367aad55a4e3910d5e455 to remote] DEBUG org.asynchttpclient.netty.request.NettyRequestSender -- Using open Channel [id: 0x020b4601, L:/127.0.0.1:63420 - R:localhost/127.0.0.1:4444] for POST '/wd/hub/session/7ba8ff3bf30367aad55a4e3910d5e455/element'
17:49:24.882 [AsyncHttpClient-1-2] DEBUG org.asynchttpclient.netty.handler.HttpHandler -- 

Request DefaultHttpRequest(decodeResult: success, version: HTTP/1.1)
POST /wd/hub/session/7ba8ff3bf30367aad55a4e3910d5e455/element HTTP/1.1
traceparent: 00-fefd58684654b2961a82ce6bc7748d20-c9bbeaba6642d480-01
User-Agent: selenium/4.13.0 (java windows)
Content-Length: 56
Content-Type: application/json; charset=utf-8
host: localhost:4444
accept: */*

Response DefaultHttpResponse(decodeResult: success, version: HTTP/1.1)
HTTP/1.1 200 OK
content-length: 95
content-type: application/json; charset=utf-8
cache-control: no-cache

17:49:24.882 [AsyncHttpClient-1-2] DEBUG org.asynchttpclient.netty.channel.ChannelManager -- Adding key: http://localhost:4444 for channel [id: 0x020b4601, L:/127.0.0.1:63420 - R:localhost/127.0.0.1:4444]
17:49:24.884 [Forwarding isElementDisplayed on session 7ba8ff3bf30367aad55a4e3910d5e455 to remote] DEBUG org.asynchttpclient.netty.request.NettyRequestSender -- Using pooled Channel '[id: 0x020b4601, L:/127.0.0.1:63420 - R:localhost/127.0.0.1:4444]' for 'POST' to 'http://localhost:4444/wd/hub/session/7ba8ff3bf30367aad55a4e3910d5e455/execute/sync'
17:49:24.884 [Forwarding isElementDisplayed on session 7ba8ff3bf30367aad55a4e3910d5e455 to remote] DEBUG org.asynchttpclient.netty.request.NettyRequestSender -- Using open Channel [id: 0x020b4601, L:/127.0.0.1:63420 - R:localhost/127.0.0.1:4444] for POST '/wd/hub/session/7ba8ff3bf30367aad55a4e3910d5e455/execute/sync'
17:49:24.927 [AsyncHttpClient-1-2] DEBUG org.asynchttpclient.netty.handler.HttpHandler -- 

Request DefaultHttpRequest(decodeResult: success, version: HTTP/1.1)
POST /wd/hub/session/7ba8ff3bf30367aad55a4e3910d5e455/execute/sync HTTP/1.1
traceparent: 00-37c13361c2ca5a354f987357b817890c-65129e06db79e142-01
User-Agent: selenium/4.13.0 (java windows)
Content-Length: 48814
Content-Type: application/json; charset=utf-8
host: localhost:4444
accept: */*

Response DefaultHttpResponse(decodeResult: success, version: HTTP/1.1)
HTTP/1.1 200 OK
content-length: 14
content-type: application/json; charset=utf-8
cache-control: no-cache

17:49:24.928 [AsyncHttpClient-1-2] DEBUG org.asynchttpclient.netty.channel.ChannelManager -- Adding key: http://localhost:4444 for channel [id: 0x020b4601, L:/127.0.0.1:63420 - R:localhost/127.0.0.1:4444]
17:49:24.930 [Forwarding findElement on session 7ba8ff3bf30367aad55a4e3910d5e455 to remote] DEBUG org.asynchttpclient.netty.request.NettyRequestSender -- Using pooled Channel '[id: 0x020b4601, L:/127.0.0.1:63420 - R:localhost/127.0.0.1:4444]' for 'POST' to 'http://localhost:4444/wd/hub/session/7ba8ff3bf30367aad55a4e3910d5e455/element'
17:49:24.930 [Forwarding findElement on session 7ba8ff3bf30367aad55a4e3910d5e455 to remote] DEBUG org.asynchttpclient.netty.request.NettyRequestSender -- Using open Channel [id: 0x020b4601, L:/127.0.0.1:63420 - R:localhost/127.0.0.1:4444] for POST '/wd/hub/session/7ba8ff3bf30367aad55a4e3910d5e455/element'
17:49:24.965 [AsyncHttpClient-1-2] DEBUG org.asynchttpclient.netty.handler.HttpHandler -- 

Request DefaultHttpRequest(decodeResult: success, version: HTTP/1.1)
POST /wd/hub/session/7ba8ff3bf30367aad55a4e3910d5e455/element HTTP/1.1
traceparent: 00-13370f6d3017b5ccb6c2e8b4b9c83c15-13048915b203c4f0-01
User-Agent: selenium/4.13.0 (java windows)
Content-Length: 56
Content-Type: application/json; charset=utf-8
host: localhost:4444
accept: */*

Response DefaultHttpResponse(decodeResult: success, version: HTTP/1.1)
HTTP/1.1 200 OK
content-length: 95
content-type: application/json; charset=utf-8
cache-control: no-cache

17:49:24.965 [AsyncHttpClient-1-2] DEBUG org.asynchttpclient.netty.channel.ChannelManager -- Adding key: http://localhost:4444 for channel [id: 0x020b4601, L:/127.0.0.1:63420 - R:localhost/127.0.0.1:4444]
17:49:24.968 [Forwarding sendKeysToElement on session 7ba8ff3bf30367aad55a4e3910d5e455 to remote] DEBUG org.asynchttpclient.netty.request.NettyRequestSender -- Using pooled Channel '[id: 0x020b4601, L:/127.0.0.1:63420 - R:localhost/127.0.0.1:4444]' for 'POST' to 'http://localhost:4444/wd/hub/session/7ba8ff3bf30367aad55a4e3910d5e455/element/44EFDFE50813AC2801D44D4E9EB8404B_element_58/value'
17:49:24.968 [Forwarding sendKeysToElement on session 7ba8ff3bf30367aad55a4e3910d5e455 to remote] DEBUG org.asynchttpclient.netty.request.NettyRequestSender -- Using open Channel [id: 0x020b4601, L:/127.0.0.1:63420 - R:localhost/127.0.0.1:4444] for POST '/wd/hub/session/7ba8ff3bf30367aad55a4e3910d5e455/element/44EFDFE50813AC2801D44D4E9EB8404B_element_58/value'
17:49:25.097 [AsyncHttpClient-1-2] DEBUG org.asynchttpclient.netty.handler.HttpHandler -- 

Request DefaultHttpRequest(decodeResult: success, version: HTTP/1.1)
POST /wd/hub/session/7ba8ff3bf30367aad55a4e3910d5e455/element/44EFDFE50813AC2801D44D4E9EB8404B_element_58/value HTTP/1.1
traceparent: 00-7f9ec777b8c3455c80c7db62c7ffaab1-ecb9875e1e8d7af5-01
User-Agent: selenium/4.13.0 (java windows)
Content-Length: 218
Content-Type: application/json; charset=utf-8
host: localhost:4444
accept: */*

Response DefaultHttpResponse(decodeResult: success, version: HTTP/1.1)
HTTP/1.1 200 OK
content-length: 14
content-type: application/json; charset=utf-8
cache-control: no-cache

17:49:25.097 [AsyncHttpClient-1-2] DEBUG org.asynchttpclient.netty.channel.ChannelManager -- Adding key: http://localhost:4444 for channel [id: 0x020b4601, L:/127.0.0.1:63420 - R:localhost/127.0.0.1:4444]
17:49:25.099 [Forwarding findElement on session 7ba8ff3bf30367aad55a4e3910d5e455 to remote] DEBUG org.asynchttpclient.netty.request.NettyRequestSender -- Using pooled Channel '[id: 0x020b4601, L:/127.0.0.1:63420 - R:localhost/127.0.0.1:4444]' for 'POST' to 'http://localhost:4444/wd/hub/session/7ba8ff3bf30367aad55a4e3910d5e455/element'
17:49:25.099 [Forwarding findElement on session 7ba8ff3bf30367aad55a4e3910d5e455 to remote] DEBUG org.asynchttpclient.netty.request.NettyRequestSender -- Using open Channel [id: 0x020b4601, L:/127.0.0.1:63420 - R:localhost/127.0.0.1:4444] for POST '/wd/hub/session/7ba8ff3bf30367aad55a4e3910d5e455/element'
17:49:25.129 [AsyncHttpClient-1-2] DEBUG org.asynchttpclient.netty.handler.HttpHandler -- 

Request DefaultHttpRequest(decodeResult: success, version: HTTP/1.1)
POST /wd/hub/session/7ba8ff3bf30367aad55a4e3910d5e455/element HTTP/1.1
traceparent: 00-b8a7852cff4af752ef237f3f4a8935e7-da8747feba9f0280-01
User-Agent: selenium/4.13.0 (java windows)
Content-Length: 56
Content-Type: application/json; charset=utf-8
host: localhost:4444
accept: */*

Response DefaultHttpResponse(decodeResult: success, version: HTTP/1.1)
HTTP/1.1 200 OK
content-length: 95
content-type: application/json; charset=utf-8
cache-control: no-cache

17:49:25.130 [AsyncHttpClient-1-2] DEBUG org.asynchttpclient.netty.channel.ChannelManager -- Adding key: http://localhost:4444 for channel [id: 0x020b4601, L:/127.0.0.1:63420 - R:localhost/127.0.0.1:4444]
17:49:25.133 [Forwarding getElementAttribute on session 7ba8ff3bf30367aad55a4e3910d5e455 to remote] DEBUG org.asynchttpclient.netty.request.NettyRequestSender -- Using pooled Channel '[id: 0x020b4601, L:/127.0.0.1:63420 - R:localhost/127.0.0.1:4444]' for 'POST' to 'http://localhost:4444/wd/hub/session/7ba8ff3bf30367aad55a4e3910d5e455/execute/sync'
17:49:25.133 [Forwarding getElementAttribute on session 7ba8ff3bf30367aad55a4e3910d5e455 to remote] DEBUG org.asynchttpclient.netty.request.NettyRequestSender -- Using open Channel [id: 0x020b4601, L:/127.0.0.1:63420 - R:localhost/127.0.0.1:4444] for POST '/wd/hub/session/7ba8ff3bf30367aad55a4e3910d5e455/execute/sync'
17:49:25.165 [AsyncHttpClient-1-2] DEBUG org.asynchttpclient.netty.handler.HttpHandler -- 

Request DefaultHttpRequest(decodeResult: success, version: HTTP/1.1)
POST /wd/hub/session/7ba8ff3bf30367aad55a4e3910d5e455/execute/sync HTTP/1.1
traceparent: 00-422d27610762733ff98df976bb128e9d-ee6ad5ddbe1ad0b6-01
User-Agent: selenium/4.13.0 (java windows)
Content-Length: 47379
Content-Type: application/json; charset=utf-8
host: localhost:4444
accept: */*

Response DefaultHttpResponse(decodeResult: success, version: HTTP/1.1)
HTTP/1.1 200 OK
content-length: 223
content-type: application/json; charset=utf-8
cache-control: no-cache

17:49:25.166 [AsyncHttpClient-1-2] DEBUG org.asynchttpclient.netty.channel.ChannelManager -- Adding key: http://localhost:4444 for channel [id: 0x020b4601, L:/127.0.0.1:63420 - R:localhost/127.0.0.1:4444]
17:49:25.169 [Forwarding getElementAttribute on session 7ba8ff3bf30367aad55a4e3910d5e455 to remote] DEBUG org.asynchttpclient.netty.request.NettyRequestSender -- Using pooled Channel '[id: 0x020b4601, L:/127.0.0.1:63420 - R:localhost/127.0.0.1:4444]' for 'POST' to 'http://localhost:4444/wd/hub/session/7ba8ff3bf30367aad55a4e3910d5e455/execute/sync'
17:49:25.169 [Forwarding getElementAttribute on session 7ba8ff3bf30367aad55a4e3910d5e455 to remote] DEBUG org.asynchttpclient.netty.request.NettyRequestSender -- Using open Channel [id: 0x020b4601, L:/127.0.0.1:63420 - R:localhost/127.0.0.1:4444] for POST '/wd/hub/session/7ba8ff3bf30367aad55a4e3910d5e455/execute/sync'
17:49:25.196 [AsyncHttpClient-1-2] DEBUG org.asynchttpclient.netty.handler.HttpHandler -- 

Request DefaultHttpRequest(decodeResult: success, version: HTTP/1.1)
POST /wd/hub/session/7ba8ff3bf30367aad55a4e3910d5e455/execute/sync HTTP/1.1
traceparent: 00-ba903b95a1aad1df23bf561d8593c787-a3744bb24303d766-01
User-Agent: selenium/4.13.0 (java windows)
Content-Length: 47375
Content-Type: application/json; charset=utf-8
host: localhost:4444
accept: */*

Response DefaultHttpResponse(decodeResult: success, version: HTTP/1.1)
HTTP/1.1 200 OK
content-length: 34
content-type: application/json; charset=utf-8
cache-control: no-cache

17:49:25.196 [AsyncHttpClient-1-2] DEBUG org.asynchttpclient.netty.channel.ChannelManager -- Adding key: http://localhost:4444 for channel [id: 0x020b4601, L:/127.0.0.1:63420 - R:localhost/127.0.0.1:4444]
17:49:25.198 [Forwarding getElementAttribute on session 7ba8ff3bf30367aad55a4e3910d5e455 to remote] DEBUG org.asynchttpclient.netty.request.NettyRequestSender -- Using pooled Channel '[id: 0x020b4601, L:/127.0.0.1:63420 - R:localhost/127.0.0.1:4444]' for 'POST' to 'http://localhost:4444/wd/hub/session/7ba8ff3bf30367aad55a4e3910d5e455/execute/sync'
17:49:25.199 [Forwarding getElementAttribute on session 7ba8ff3bf30367aad55a4e3910d5e455 to remote] DEBUG org.asynchttpclient.netty.request.NettyRequestSender -- Using open Channel [id: 0x020b4601, L:/127.0.0.1:63420 - R:localhost/127.0.0.1:4444] for POST '/wd/hub/session/7ba8ff3bf30367aad55a4e3910d5e455/execute/sync'
17:49:25.228 [AsyncHttpClient-1-2] DEBUG org.asynchttpclient.netty.handler.HttpHandler -- 

Request DefaultHttpRequest(decodeResult: success, version: HTTP/1.1)
POST /wd/hub/session/7ba8ff3bf30367aad55a4e3910d5e455/execute/sync HTTP/1.1
traceparent: 00-18524bd6e2ac1b5f4013f869f7fcf3ae-85103e7be81082aa-01
User-Agent: selenium/4.13.0 (java windows)
Content-Length: 47381
Content-Type: application/json; charset=utf-8
host: localhost:4444
accept: */*

Response DefaultHttpResponse(decodeResult: success, version: HTTP/1.1)
HTTP/1.1 200 OK
content-length: 20
content-type: application/json; charset=utf-8
cache-control: no-cache

17:49:25.229 [AsyncHttpClient-1-2] DEBUG org.asynchttpclient.netty.channel.ChannelManager -- Adding key: http://localhost:4444 for channel [id: 0x020b4601, L:/127.0.0.1:63420 - R:localhost/127.0.0.1:4444]
17:49:25.231 [Forwarding getElementAttribute on session 7ba8ff3bf30367aad55a4e3910d5e455 to remote] DEBUG org.asynchttpclient.netty.request.NettyRequestSender -- Using pooled Channel '[id: 0x020b4601, L:/127.0.0.1:63420 - R:localhost/127.0.0.1:4444]' for 'POST' to 'http://localhost:4444/wd/hub/session/7ba8ff3bf30367aad55a4e3910d5e455/execute/sync'
17:49:25.231 [Forwarding getElementAttribute on session 7ba8ff3bf30367aad55a4e3910d5e455 to remote] DEBUG org.asynchttpclient.netty.request.NettyRequestSender -- Using open Channel [id: 0x020b4601, L:/127.0.0.1:63420 - R:localhost/127.0.0.1:4444] for POST '/wd/hub/session/7ba8ff3bf30367aad55a4e3910d5e455/execute/sync'
17:49:25.258 [AsyncHttpClient-1-2] DEBUG org.asynchttpclient.netty.handler.HttpHandler -- 

Request DefaultHttpRequest(decodeResult: success, version: HTTP/1.1)
POST /wd/hub/session/7ba8ff3bf30367aad55a4e3910d5e455/execute/sync HTTP/1.1
traceparent: 00-7cd9d0b7fc8678a9332ce40338219e07-cde0e5d0687f28d7-01
User-Agent: selenium/4.13.0 (java windows)
Content-Length: 47374
Content-Type: application/json; charset=utf-8
host: localhost:4444
accept: */*

Response DefaultHttpResponse(decodeResult: success, version: HTTP/1.1)
HTTP/1.1 200 OK
content-length: 16
content-type: application/json; charset=utf-8
cache-control: no-cache

17:49:25.259 [AsyncHttpClient-1-2] DEBUG org.asynchttpclient.netty.channel.ChannelManager -- Adding key: http://localhost:4444 for channel [id: 0x020b4601, L:/127.0.0.1:63420 - R:localhost/127.0.0.1:4444]
17:49:25.261 [Forwarding getElementAttribute on session 7ba8ff3bf30367aad55a4e3910d5e455 to remote] DEBUG org.asynchttpclient.netty.request.NettyRequestSender -- Using pooled Channel '[id: 0x020b4601, L:/127.0.0.1:63420 - R:localhost/127.0.0.1:4444]' for 'POST' to 'http://localhost:4444/wd/hub/session/7ba8ff3bf30367aad55a4e3910d5e455/execute/sync'
17:49:25.261 [Forwarding getElementAttribute on session 7ba8ff3bf30367aad55a4e3910d5e455 to remote] DEBUG org.asynchttpclient.netty.request.NettyRequestSender -- Using open Channel [id: 0x020b4601, L:/127.0.0.1:63420 - R:localhost/127.0.0.1:4444] for POST '/wd/hub/session/7ba8ff3bf30367aad55a4e3910d5e455/execute/sync'
17:49:25.288 [AsyncHttpClient-1-2] DEBUG org.asynchttpclient.netty.handler.HttpHandler -- 

Request DefaultHttpRequest(decodeResult: success, version: HTTP/1.1)
POST /wd/hub/session/7ba8ff3bf30367aad55a4e3910d5e455/execute/sync HTTP/1.1
traceparent: 00-af552755f471c5cad4ad1d784f8dc8be-1abaacef7103e556-01
User-Agent: selenium/4.13.0 (java windows)
Content-Length: 47379
Content-Type: application/json; charset=utf-8
host: localhost:4444
accept: */*

Response DefaultHttpResponse(decodeResult: success, version: HTTP/1.1)
HTTP/1.1 200 OK
content-length: 20
content-type: application/json; charset=utf-8
cache-control: no-cache

17:49:25.288 [AsyncHttpClient-1-2] DEBUG org.asynchttpclient.netty.channel.ChannelManager -- Adding key: http://localhost:4444 for channel [id: 0x020b4601, L:/127.0.0.1:63420 - R:localhost/127.0.0.1:4444]
17:49:25.291 [Forwarding getElementAttribute on session 7ba8ff3bf30367aad55a4e3910d5e455 to remote] DEBUG org.asynchttpclient.netty.request.NettyRequestSender -- Using pooled Channel '[id: 0x020b4601, L:/127.0.0.1:63420 - R:localhost/127.0.0.1:4444]' for 'POST' to 'http://localhost:4444/wd/hub/session/7ba8ff3bf30367aad55a4e3910d5e455/execute/sync'
17:49:25.291 [Forwarding getElementAttribute on session 7ba8ff3bf30367aad55a4e3910d5e455 to remote] DEBUG org.asynchttpclient.netty.request.NettyRequestSender -- Using open Channel [id: 0x020b4601, L:/127.0.0.1:63420 - R:localhost/127.0.0.1:4444] for POST '/wd/hub/session/7ba8ff3bf30367aad55a4e3910d5e455/execute/sync'
17:49:25.320 [AsyncHttpClient-1-2] DEBUG org.asynchttpclient.netty.handler.HttpHandler -- 

Request DefaultHttpRequest(decodeResult: success, version: HTTP/1.1)
POST /wd/hub/session/7ba8ff3bf30367aad55a4e3910d5e455/execute/sync HTTP/1.1
traceparent: 00-60f26e4ac2c2ef0304a64e513c42bc1f-7c0e7ed45d3eed7d-01
User-Agent: selenium/4.13.0 (java windows)
Content-Length: 47372
Content-Type: application/json; charset=utf-8
host: localhost:4444
accept: */*

Response DefaultHttpResponse(decodeResult: success, version: HTTP/1.1)
HTTP/1.1 200 OK
content-length: 21
content-type: application/json; charset=utf-8
cache-control: no-cache

17:49:25.320 [AsyncHttpClient-1-2] DEBUG org.asynchttpclient.netty.channel.ChannelManager -- Adding key: http://localhost:4444 for channel [id: 0x020b4601, L:/127.0.0.1:63420 - R:localhost/127.0.0.1:4444]
17:49:25.322 [Forwarding getElementAttribute on session 7ba8ff3bf30367aad55a4e3910d5e455 to remote] DEBUG org.asynchttpclient.netty.request.NettyRequestSender -- Using pooled Channel '[id: 0x020b4601, L:/127.0.0.1:63420 - R:localhost/127.0.0.1:4444]' for 'POST' to 'http://localhost:4444/wd/hub/session/7ba8ff3bf30367aad55a4e3910d5e455/execute/sync'
17:49:25.322 [Forwarding getElementAttribute on session 7ba8ff3bf30367aad55a4e3910d5e455 to remote] DEBUG org.asynchttpclient.netty.request.NettyRequestSender -- Using open Channel [id: 0x020b4601, L:/127.0.0.1:63420 - R:localhost/127.0.0.1:4444] for POST '/wd/hub/session/7ba8ff3bf30367aad55a4e3910d5e455/execute/sync'
17:49:25.351 [AsyncHttpClient-1-2] DEBUG org.asynchttpclient.netty.handler.HttpHandler -- 

Request DefaultHttpRequest(decodeResult: success, version: HTTP/1.1)
POST /wd/hub/session/7ba8ff3bf30367aad55a4e3910d5e455/execute/sync HTTP/1.1
traceparent: 00-33390128feffee264a199a3f293e96bd-ac456d1e88213e2e-01
User-Agent: selenium/4.13.0 (java windows)
Content-Length: 47374
Content-Type: application/json; charset=utf-8
host: localhost:4444
accept: */*

Response DefaultHttpResponse(decodeResult: success, version: HTTP/1.1)
HTTP/1.1 200 OK
content-length: 21
content-type: application/json; charset=utf-8
cache-control: no-cache

17:49:25.351 [AsyncHttpClient-1-2] DEBUG org.asynchttpclient.netty.channel.ChannelManager -- Adding key: http://localhost:4444 for channel [id: 0x020b4601, L:/127.0.0.1:63420 - R:localhost/127.0.0.1:4444]
17:49:25.354 [Forwarding getElementAttribute on session 7ba8ff3bf30367aad55a4e3910d5e455 to remote] DEBUG org.asynchttpclient.netty.request.NettyRequestSender -- Using pooled Channel '[id: 0x020b4601, L:/127.0.0.1:63420 - R:localhost/127.0.0.1:4444]' for 'POST' to 'http://localhost:4444/wd/hub/session/7ba8ff3bf30367aad55a4e3910d5e455/execute/sync'
17:49:25.354 [Forwarding getElementAttribute on session 7ba8ff3bf30367aad55a4e3910d5e455 to remote] DEBUG org.asynchttpclient.netty.request.NettyRequestSender -- Using open Channel [id: 0x020b4601, L:/127.0.0.1:63420 - R:localhost/127.0.0.1:4444] for POST '/wd/hub/session/7ba8ff3bf30367aad55a4e3910d5e455/execute/sync'
17:49:25.378 [AsyncHttpClient-1-2] DEBUG org.asynchttpclient.netty.handler.HttpHandler -- 

Request DefaultHttpRequest(decodeResult: success, version: HTTP/1.1)
POST /wd/hub/session/7ba8ff3bf30367aad55a4e3910d5e455/execute/sync HTTP/1.1
traceparent: 00-4dbdb9c814ca69ec5772badd27301e38-9147f06d7d478955-01
User-Agent: selenium/4.13.0 (java windows)
Content-Length: 47381
Content-Type: application/json; charset=utf-8
host: localhost:4444
accept: */*

Response DefaultHttpResponse(decodeResult: success, version: HTTP/1.1)
HTTP/1.1 200 OK
content-length: 15
content-type: application/json; charset=utf-8
cache-control: no-cache

17:49:25.378 [AsyncHttpClient-1-2] DEBUG org.asynchttpclient.netty.channel.ChannelManager -- Adding key: http://localhost:4444 for channel [id: 0x020b4601, L:/127.0.0.1:63420 - R:localhost/127.0.0.1:4444]
17:49:25.381 [Forwarding getElementAttribute on session 7ba8ff3bf30367aad55a4e3910d5e455 to remote] DEBUG org.asynchttpclient.netty.request.NettyRequestSender -- Using pooled Channel '[id: 0x020b4601, L:/127.0.0.1:63420 - R:localhost/127.0.0.1:4444]' for 'POST' to 'http://localhost:4444/wd/hub/session/7ba8ff3bf30367aad55a4e3910d5e455/execute/sync'
17:49:25.381 [Forwarding getElementAttribute on session 7ba8ff3bf30367aad55a4e3910d5e455 to remote] DEBUG org.asynchttpclient.netty.request.NettyRequestSender -- Using open Channel [id: 0x020b4601, L:/127.0.0.1:63420 - R:localhost/127.0.0.1:4444] for POST '/wd/hub/session/7ba8ff3bf30367aad55a4e3910d5e455/execute/sync'
17:49:25.408 [AsyncHttpClient-1-2] DEBUG org.asynchttpclient.netty.handler.HttpHandler -- 

Request DefaultHttpRequest(decodeResult: success, version: HTTP/1.1)
POST /wd/hub/session/7ba8ff3bf30367aad55a4e3910d5e455/execute/sync HTTP/1.1
traceparent: 00-ae2e1869acbdef0b1fd3d4b8d9ee86e0-aec0af75c53eb6c1-01
User-Agent: selenium/4.13.0 (java windows)
Content-Length: 47384
Content-Type: application/json; charset=utf-8
host: localhost:4444
accept: */*

Response DefaultHttpResponse(decodeResult: success, version: HTTP/1.1)
HTTP/1.1 200 OK
content-length: 16
content-type: application/json; charset=utf-8
cache-control: no-cache

17:49:25.408 [AsyncHttpClient-1-2] DEBUG org.asynchttpclient.netty.channel.ChannelManager -- Adding key: http://localhost:4444 for channel [id: 0x020b4601, L:/127.0.0.1:63420 - R:localhost/127.0.0.1:4444]
17:49:25.410 [Forwarding getElementAttribute on session 7ba8ff3bf30367aad55a4e3910d5e455 to remote] DEBUG org.asynchttpclient.netty.request.NettyRequestSender -- Using pooled Channel '[id: 0x020b4601, L:/127.0.0.1:63420 - R:localhost/127.0.0.1:4444]' for 'POST' to 'http://localhost:4444/wd/hub/session/7ba8ff3bf30367aad55a4e3910d5e455/execute/sync'
17:49:25.410 [Forwarding getElementAttribute on session 7ba8ff3bf30367aad55a4e3910d5e455 to remote] DEBUG org.asynchttpclient.netty.request.NettyRequestSender -- Using open Channel [id: 0x020b4601, L:/127.0.0.1:63420 - R:localhost/127.0.0.1:4444] for POST '/wd/hub/session/7ba8ff3bf30367aad55a4e3910d5e455/execute/sync'
17:49:25.438 [AsyncHttpClient-1-2] DEBUG org.asynchttpclient.netty.handler.HttpHandler -- 

Request DefaultHttpRequest(decodeResult: success, version: HTTP/1.1)
POST /wd/hub/session/7ba8ff3bf30367aad55a4e3910d5e455/execute/sync HTTP/1.1
traceparent: 00-45043e19c1170ef0e0f0b9737b8e6fb6-3fe47e442937f26d-01
User-Agent: selenium/4.13.0 (java windows)
Content-Length: 47375
Content-Type: application/json; charset=utf-8
host: localhost:4444
accept: */*

Response DefaultHttpResponse(decodeResult: success, version: HTTP/1.1)
HTTP/1.1 200 OK
content-length: 25
content-type: application/json; charset=utf-8
cache-control: no-cache

17:49:25.438 [AsyncHttpClient-1-2] DEBUG org.asynchttpclient.netty.channel.ChannelManager -- Adding key: http://localhost:4444 for channel [id: 0x020b4601, L:/127.0.0.1:63420 - R:localhost/127.0.0.1:4444]
17:49:25.439 [main] INFO helpers.LoggerHelper -- Testing user: standard_user
17:49:25.440 [Forwarding findElement on session 7ba8ff3bf30367aad55a4e3910d5e455 to remote] DEBUG org.asynchttpclient.netty.request.NettyRequestSender -- Using pooled Channel '[id: 0x020b4601, L:/127.0.0.1:63420 - R:localhost/127.0.0.1:4444]' for 'POST' to 'http://localhost:4444/wd/hub/session/7ba8ff3bf30367aad55a4e3910d5e455/element'
17:49:25.441 [Forwarding findElement on session 7ba8ff3bf30367aad55a4e3910d5e455 to remote] DEBUG org.asynchttpclient.netty.request.NettyRequestSender -- Using open Channel [id: 0x020b4601, L:/127.0.0.1:63420 - R:localhost/127.0.0.1:4444] for POST '/wd/hub/session/7ba8ff3bf30367aad55a4e3910d5e455/element'
17:49:25.470 [AsyncHttpClient-1-2] DEBUG org.asynchttpclient.netty.handler.HttpHandler -- 

Request DefaultHttpRequest(decodeResult: success, version: HTTP/1.1)
POST /wd/hub/session/7ba8ff3bf30367aad55a4e3910d5e455/element HTTP/1.1
traceparent: 00-0c152c9682c4d3b76ea948471a1419c8-547092d07f4394ae-01
User-Agent: selenium/4.13.0 (java windows)
Content-Length: 53
Content-Type: application/json; charset=utf-8
host: localhost:4444
accept: */*

Response DefaultHttpResponse(decodeResult: success, version: HTTP/1.1)
HTTP/1.1 200 OK
content-length: 95
content-type: application/json; charset=utf-8
cache-control: no-cache

17:49:25.471 [AsyncHttpClient-1-2] DEBUG org.asynchttpclient.netty.channel.ChannelManager -- Adding key: http://localhost:4444 for channel [id: 0x020b4601, L:/127.0.0.1:63420 - R:localhost/127.0.0.1:4444]
17:49:25.473 [Forwarding isElementDisplayed on session 7ba8ff3bf30367aad55a4e3910d5e455 to remote] DEBUG org.asynchttpclient.netty.request.NettyRequestSender -- Using pooled Channel '[id: 0x020b4601, L:/127.0.0.1:63420 - R:localhost/127.0.0.1:4444]' for 'POST' to 'http://localhost:4444/wd/hub/session/7ba8ff3bf30367aad55a4e3910d5e455/execute/sync'
17:49:25.473 [Forwarding isElementDisplayed on session 7ba8ff3bf30367aad55a4e3910d5e455 to remote] DEBUG org.asynchttpclient.netty.request.NettyRequestSender -- Using open Channel [id: 0x020b4601, L:/127.0.0.1:63420 - R:localhost/127.0.0.1:4444] for POST '/wd/hub/session/7ba8ff3bf30367aad55a4e3910d5e455/execute/sync'
17:49:25.502 [AsyncHttpClient-1-2] DEBUG org.asynchttpclient.netty.handler.HttpHandler -- 

Request DefaultHttpRequest(decodeResult: success, version: HTTP/1.1)
POST /wd/hub/session/7ba8ff3bf30367aad55a4e3910d5e455/execute/sync HTTP/1.1
traceparent: 00-6422c33170278dc108a9a7e7db714c0c-8a2b604195646a8f-01
User-Agent: selenium/4.13.0 (java windows)
Content-Length: 48814
Content-Type: application/json; charset=utf-8
host: localhost:4444
accept: */*

Response DefaultHttpResponse(decodeResult: success, version: HTTP/1.1)
HTTP/1.1 200 OK
content-length: 14
content-type: application/json; charset=utf-8
cache-control: no-cache

17:49:25.502 [AsyncHttpClient-1-2] DEBUG org.asynchttpclient.netty.channel.ChannelManager -- Adding key: http://localhost:4444 for channel [id: 0x020b4601, L:/127.0.0.1:63420 - R:localhost/127.0.0.1:4444]
17:49:25.504 [Forwarding findElement on session 7ba8ff3bf30367aad55a4e3910d5e455 to remote] DEBUG org.asynchttpclient.netty.request.NettyRequestSender -- Using pooled Channel '[id: 0x020b4601, L:/127.0.0.1:63420 - R:localhost/127.0.0.1:4444]' for 'POST' to 'http://localhost:4444/wd/hub/session/7ba8ff3bf30367aad55a4e3910d5e455/element'
17:49:25.504 [Forwarding findElement on session 7ba8ff3bf30367aad55a4e3910d5e455 to remote] DEBUG org.asynchttpclient.netty.request.NettyRequestSender -- Using open Channel [id: 0x020b4601, L:/127.0.0.1:63420 - R:localhost/127.0.0.1:4444] for POST '/wd/hub/session/7ba8ff3bf30367aad55a4e3910d5e455/element'
17:49:25.534 [AsyncHttpClient-1-2] DEBUG org.asynchttpclient.netty.handler.HttpHandler -- 

Request DefaultHttpRequest(decodeResult: success, version: HTTP/1.1)
POST /wd/hub/session/7ba8ff3bf30367aad55a4e3910d5e455/element HTTP/1.1
traceparent: 00-65942701fe8007c12ee1381a04f92acf-94d136c641a7b4e0-01
User-Agent: selenium/4.13.0 (java windows)
Content-Length: 53
Content-Type: application/json; charset=utf-8
host: localhost:4444
accept: */*

Response DefaultHttpResponse(decodeResult: success, version: HTTP/1.1)
HTTP/1.1 200 OK
content-length: 95
content-type: application/json; charset=utf-8
cache-control: no-cache

17:49:25.534 [AsyncHttpClient-1-2] DEBUG org.asynchttpclient.netty.channel.ChannelManager -- Adding key: http://localhost:4444 for channel [id: 0x020b4601, L:/127.0.0.1:63420 - R:localhost/127.0.0.1:4444]
17:49:25.537 [Forwarding sendKeysToElement on session 7ba8ff3bf30367aad55a4e3910d5e455 to remote] DEBUG org.asynchttpclient.netty.request.NettyRequestSender -- Using pooled Channel '[id: 0x020b4601, L:/127.0.0.1:63420 - R:localhost/127.0.0.1:4444]' for 'POST' to 'http://localhost:4444/wd/hub/session/7ba8ff3bf30367aad55a4e3910d5e455/element/44EFDFE50813AC2801D44D4E9EB8404B_element_55/value'
17:49:25.537 [Forwarding sendKeysToElement on session 7ba8ff3bf30367aad55a4e3910d5e455 to remote] DEBUG org.asynchttpclient.netty.request.NettyRequestSender -- Using open Channel [id: 0x020b4601, L:/127.0.0.1:63420 - R:localhost/127.0.0.1:4444] for POST '/wd/hub/session/7ba8ff3bf30367aad55a4e3910d5e455/element/44EFDFE50813AC2801D44D4E9EB8404B_element_55/value'
17:49:25.641 [AsyncHttpClient-1-2] DEBUG org.asynchttpclient.netty.handler.HttpHandler -- 

Request DefaultHttpRequest(decodeResult: success, version: HTTP/1.1)
POST /wd/hub/session/7ba8ff3bf30367aad55a4e3910d5e455/element/44EFDFE50813AC2801D44D4E9EB8404B_element_55/value HTTP/1.1
traceparent: 00-a6430484db05e641e865b57eaa49f0bc-c63889bc3a042606-01
User-Agent: selenium/4.13.0 (java windows)
Content-Length: 208
Content-Type: application/json; charset=utf-8
host: localhost:4444
accept: */*

Response DefaultHttpResponse(decodeResult: success, version: HTTP/1.1)
HTTP/1.1 200 OK
content-length: 14
content-type: application/json; charset=utf-8
cache-control: no-cache

17:49:25.641 [AsyncHttpClient-1-2] DEBUG org.asynchttpclient.netty.channel.ChannelManager -- Adding key: http://localhost:4444 for channel [id: 0x020b4601, L:/127.0.0.1:63420 - R:localhost/127.0.0.1:4444]
17:49:25.642 [Forwarding findElement on session 7ba8ff3bf30367aad55a4e3910d5e455 to remote] DEBUG org.asynchttpclient.netty.request.NettyRequestSender -- Using pooled Channel '[id: 0x020b4601, L:/127.0.0.1:63420 - R:localhost/127.0.0.1:4444]' for 'POST' to 'http://localhost:4444/wd/hub/session/7ba8ff3bf30367aad55a4e3910d5e455/element'
17:49:25.642 [Forwarding findElement on session 7ba8ff3bf30367aad55a4e3910d5e455 to remote] DEBUG org.asynchttpclient.netty.request.NettyRequestSender -- Using open Channel [id: 0x020b4601, L:/127.0.0.1:63420 - R:localhost/127.0.0.1:4444] for POST '/wd/hub/session/7ba8ff3bf30367aad55a4e3910d5e455/element'
17:49:25.680 [AsyncHttpClient-1-2] DEBUG org.asynchttpclient.netty.handler.HttpHandler -- 

Request DefaultHttpRequest(decodeResult: success, version: HTTP/1.1)
POST /wd/hub/session/7ba8ff3bf30367aad55a4e3910d5e455/element HTTP/1.1
traceparent: 00-b066e0e8cbe27eb22ea5dc52486002fc-e31d23b518282ac9-01
User-Agent: selenium/4.13.0 (java windows)
Content-Length: 53
Content-Type: application/json; charset=utf-8
host: localhost:4444
accept: */*

Response DefaultHttpResponse(decodeResult: success, version: HTTP/1.1)
HTTP/1.1 200 OK
content-length: 95
content-type: application/json; charset=utf-8
cache-control: no-cache

17:49:25.680 [AsyncHttpClient-1-2] DEBUG org.asynchttpclient.netty.channel.ChannelManager -- Adding key: http://localhost:4444 for channel [id: 0x020b4601, L:/127.0.0.1:63420 - R:localhost/127.0.0.1:4444]
17:49:25.682 [Forwarding getElementAttribute on session 7ba8ff3bf30367aad55a4e3910d5e455 to remote] DEBUG org.asynchttpclient.netty.request.NettyRequestSender -- Using pooled Channel '[id: 0x020b4601, L:/127.0.0.1:63420 - R:localhost/127.0.0.1:4444]' for 'POST' to 'http://localhost:4444/wd/hub/session/7ba8ff3bf30367aad55a4e3910d5e455/execute/sync'
17:49:25.682 [Forwarding getElementAttribute on session 7ba8ff3bf30367aad55a4e3910d5e455 to remote] DEBUG org.asynchttpclient.netty.request.NettyRequestSender -- Using open Channel [id: 0x020b4601, L:/127.0.0.1:63420 - R:localhost/127.0.0.1:4444] for POST '/wd/hub/session/7ba8ff3bf30367aad55a4e3910d5e455/execute/sync'
17:49:25.708 [AsyncHttpClient-1-2] DEBUG org.asynchttpclient.netty.handler.HttpHandler -- 

Request DefaultHttpRequest(decodeResult: success, version: HTTP/1.1)
POST /wd/hub/session/7ba8ff3bf30367aad55a4e3910d5e455/execute/sync HTTP/1.1
traceparent: 00-2bb3eb1465d2d4c12f0fea6544f926e1-4f05b361e3ddab86-01
User-Agent: selenium/4.13.0 (java windows)
Content-Length: 47379
Content-Type: application/json; charset=utf-8
host: localhost:4444
accept: */*

Response DefaultHttpResponse(decodeResult: success, version: HTTP/1.1)
HTTP/1.1 200 OK
content-length: 224
content-type: application/json; charset=utf-8
cache-control: no-cache

17:49:25.708 [AsyncHttpClient-1-2] DEBUG org.asynchttpclient.netty.channel.ChannelManager -- Adding key: http://localhost:4444 for channel [id: 0x020b4601, L:/127.0.0.1:63420 - R:localhost/127.0.0.1:4444]
17:49:25.710 [Forwarding getElementAttribute on session 7ba8ff3bf30367aad55a4e3910d5e455 to remote] DEBUG org.asynchttpclient.netty.request.NettyRequestSender -- Using pooled Channel '[id: 0x020b4601, L:/127.0.0.1:63420 - R:localhost/127.0.0.1:4444]' for 'POST' to 'http://localhost:4444/wd/hub/session/7ba8ff3bf30367aad55a4e3910d5e455/execute/sync'
17:49:25.710 [Forwarding getElementAttribute on session 7ba8ff3bf30367aad55a4e3910d5e455 to remote] DEBUG org.asynchttpclient.netty.request.NettyRequestSender -- Using open Channel [id: 0x020b4601, L:/127.0.0.1:63420 - R:localhost/127.0.0.1:4444] for POST '/wd/hub/session/7ba8ff3bf30367aad55a4e3910d5e455/execute/sync'
17:49:25.732 [AsyncHttpClient-1-2] DEBUG org.asynchttpclient.netty.handler.HttpHandler -- 

Request DefaultHttpRequest(decodeResult: success, version: HTTP/1.1)
POST /wd/hub/session/7ba8ff3bf30367aad55a4e3910d5e455/execute/sync HTTP/1.1
traceparent: 00-c8223f3498e2faada52eba5103f48f77-9cdbc08f00a68905-01
User-Agent: selenium/4.13.0 (java windows)
Content-Length: 47375
Content-Type: application/json; charset=utf-8
host: localhost:4444
accept: */*

Response DefaultHttpResponse(decodeResult: success, version: HTTP/1.1)
HTTP/1.1 200 OK
content-length: 34
content-type: application/json; charset=utf-8
cache-control: no-cache

17:49:25.732 [AsyncHttpClient-1-2] DEBUG org.asynchttpclient.netty.channel.ChannelManager -- Adding key: http://localhost:4444 for channel [id: 0x020b4601, L:/127.0.0.1:63420 - R:localhost/127.0.0.1:4444]
17:49:25.734 [Forwarding getElementAttribute on session 7ba8ff3bf30367aad55a4e3910d5e455 to remote] DEBUG org.asynchttpclient.netty.request.NettyRequestSender -- Using pooled Channel '[id: 0x020b4601, L:/127.0.0.1:63420 - R:localhost/127.0.0.1:4444]' for 'POST' to 'http://localhost:4444/wd/hub/session/7ba8ff3bf30367aad55a4e3910d5e455/execute/sync'
17:49:25.734 [Forwarding getElementAttribute on session 7ba8ff3bf30367aad55a4e3910d5e455 to remote] DEBUG org.asynchttpclient.netty.request.NettyRequestSender -- Using open Channel [id: 0x020b4601, L:/127.0.0.1:63420 - R:localhost/127.0.0.1:4444] for POST '/wd/hub/session/7ba8ff3bf30367aad55a4e3910d5e455/execute/sync'
17:49:25.756 [AsyncHttpClient-1-2] DEBUG org.asynchttpclient.netty.handler.HttpHandler -- 

Request DefaultHttpRequest(decodeResult: success, version: HTTP/1.1)
POST /wd/hub/session/7ba8ff3bf30367aad55a4e3910d5e455/execute/sync HTTP/1.1
traceparent: 00-bb90e223b8a01731f9504f69ff3f9a5a-0f2532b213083bbf-01
User-Agent: selenium/4.13.0 (java windows)
Content-Length: 47381
Content-Type: application/json; charset=utf-8
host: localhost:4444
accept: */*

Response DefaultHttpResponse(decodeResult: success, version: HTTP/1.1)
HTTP/1.1 200 OK
content-length: 20
content-type: application/json; charset=utf-8
cache-control: no-cache

17:49:25.756 [AsyncHttpClient-1-2] DEBUG org.asynchttpclient.netty.channel.ChannelManager -- Adding key: http://localhost:4444 for channel [id: 0x020b4601, L:/127.0.0.1:63420 - R:localhost/127.0.0.1:4444]
17:49:25.758 [Forwarding getElementAttribute on session 7ba8ff3bf30367aad55a4e3910d5e455 to remote] DEBUG org.asynchttpclient.netty.request.NettyRequestSender -- Using pooled Channel '[id: 0x020b4601, L:/127.0.0.1:63420 - R:localhost/127.0.0.1:4444]' for 'POST' to 'http://localhost:4444/wd/hub/session/7ba8ff3bf30367aad55a4e3910d5e455/execute/sync'
17:49:25.758 [Forwarding getElementAttribute on session 7ba8ff3bf30367aad55a4e3910d5e455 to remote] DEBUG org.asynchttpclient.netty.request.NettyRequestSender -- Using open Channel [id: 0x020b4601, L:/127.0.0.1:63420 - R:localhost/127.0.0.1:4444] for POST '/wd/hub/session/7ba8ff3bf30367aad55a4e3910d5e455/execute/sync'
17:49:25.782 [AsyncHttpClient-1-2] DEBUG org.asynchttpclient.netty.handler.HttpHandler -- 

Request DefaultHttpRequest(decodeResult: success, version: HTTP/1.1)
POST /wd/hub/session/7ba8ff3bf30367aad55a4e3910d5e455/execute/sync HTTP/1.1
traceparent: 00-33c9208d536f19403e17abf0b79ba64f-c2f2c2b51f62c145-01
User-Agent: selenium/4.13.0 (java windows)
Content-Length: 47374
Content-Type: application/json; charset=utf-8
host: localhost:4444
accept: */*

Response DefaultHttpResponse(decodeResult: success, version: HTTP/1.1)
HTTP/1.1 200 OK
content-length: 20
content-type: application/json; charset=utf-8
cache-control: no-cache

17:49:25.783 [AsyncHttpClient-1-2] DEBUG org.asynchttpclient.netty.channel.ChannelManager -- Adding key: http://localhost:4444 for channel [id: 0x020b4601, L:/127.0.0.1:63420 - R:localhost/127.0.0.1:4444]
17:49:25.785 [Forwarding getElementAttribute on session 7ba8ff3bf30367aad55a4e3910d5e455 to remote] DEBUG org.asynchttpclient.netty.request.NettyRequestSender -- Using pooled Channel '[id: 0x020b4601, L:/127.0.0.1:63420 - R:localhost/127.0.0.1:4444]' for 'POST' to 'http://localhost:4444/wd/hub/session/7ba8ff3bf30367aad55a4e3910d5e455/execute/sync'
17:49:25.785 [Forwarding getElementAttribute on session 7ba8ff3bf30367aad55a4e3910d5e455 to remote] DEBUG org.asynchttpclient.netty.request.NettyRequestSender -- Using open Channel [id: 0x020b4601, L:/127.0.0.1:63420 - R:localhost/127.0.0.1:4444] for POST '/wd/hub/session/7ba8ff3bf30367aad55a4e3910d5e455/execute/sync'
17:49:25.808 [AsyncHttpClient-1-2] DEBUG org.asynchttpclient.netty.handler.HttpHandler -- 

Request DefaultHttpRequest(decodeResult: success, version: HTTP/1.1)
POST /wd/hub/session/7ba8ff3bf30367aad55a4e3910d5e455/execute/sync HTTP/1.1
traceparent: 00-6a2d0e25f0b601786ae9cead4b94e3a4-a5e546c2a9cdad55-01
User-Agent: selenium/4.13.0 (java windows)
Content-Length: 47379
Content-Type: application/json; charset=utf-8
host: localhost:4444
accept: */*

Response DefaultHttpResponse(decodeResult: success, version: HTTP/1.1)
HTTP/1.1 200 OK
content-length: 20
content-type: application/json; charset=utf-8
cache-control: no-cache

17:49:25.809 [AsyncHttpClient-1-2] DEBUG org.asynchttpclient.netty.channel.ChannelManager -- Adding key: http://localhost:4444 for channel [id: 0x020b4601, L:/127.0.0.1:63420 - R:localhost/127.0.0.1:4444]
17:49:25.810 [Forwarding getElementAttribute on session 7ba8ff3bf30367aad55a4e3910d5e455 to remote] DEBUG org.asynchttpclient.netty.request.NettyRequestSender -- Using pooled Channel '[id: 0x020b4601, L:/127.0.0.1:63420 - R:localhost/127.0.0.1:4444]' for 'POST' to 'http://localhost:4444/wd/hub/session/7ba8ff3bf30367aad55a4e3910d5e455/execute/sync'
17:49:25.811 [Forwarding getElementAttribute on session 7ba8ff3bf30367aad55a4e3910d5e455 to remote] DEBUG org.asynchttpclient.netty.request.NettyRequestSender -- Using open Channel [id: 0x020b4601, L:/127.0.0.1:63420 - R:localhost/127.0.0.1:4444] for POST '/wd/hub/session/7ba8ff3bf30367aad55a4e3910d5e455/execute/sync'
17:49:25.834 [AsyncHttpClient-1-2] DEBUG org.asynchttpclient.netty.handler.HttpHandler -- 

Request DefaultHttpRequest(decodeResult: success, version: HTTP/1.1)
POST /wd/hub/session/7ba8ff3bf30367aad55a4e3910d5e455/execute/sync HTTP/1.1
traceparent: 00-a59798cab218c1be5191955d9ba749fd-75936894b102d97f-01
User-Agent: selenium/4.13.0 (java windows)
Content-Length: 47372
Content-Type: application/json; charset=utf-8
host: localhost:4444
accept: */*

Response DefaultHttpResponse(decodeResult: success, version: HTTP/1.1)
HTTP/1.1 200 OK
content-length: 20
content-type: application/json; charset=utf-8
cache-control: no-cache

17:49:25.834 [AsyncHttpClient-1-2] DEBUG org.asynchttpclient.netty.channel.ChannelManager -- Adding key: http://localhost:4444 for channel [id: 0x020b4601, L:/127.0.0.1:63420 - R:localhost/127.0.0.1:4444]
17:49:25.836 [Forwarding getElementAttribute on session 7ba8ff3bf30367aad55a4e3910d5e455 to remote] DEBUG org.asynchttpclient.netty.request.NettyRequestSender -- Using pooled Channel '[id: 0x020b4601, L:/127.0.0.1:63420 - R:localhost/127.0.0.1:4444]' for 'POST' to 'http://localhost:4444/wd/hub/session/7ba8ff3bf30367aad55a4e3910d5e455/execute/sync'
17:49:25.836 [Forwarding getElementAttribute on session 7ba8ff3bf30367aad55a4e3910d5e455 to remote] DEBUG org.asynchttpclient.netty.request.NettyRequestSender -- Using open Channel [id: 0x020b4601, L:/127.0.0.1:63420 - R:localhost/127.0.0.1:4444] for POST '/wd/hub/session/7ba8ff3bf30367aad55a4e3910d5e455/execute/sync'
17:49:25.862 [AsyncHttpClient-1-2] DEBUG org.asynchttpclient.netty.handler.HttpHandler -- 

Request DefaultHttpRequest(decodeResult: success, version: HTTP/1.1)
POST /wd/hub/session/7ba8ff3bf30367aad55a4e3910d5e455/execute/sync HTTP/1.1
traceparent: 00-58ddf31e042ae2ce518180b252aad682-451325b65cbf1e11-01
User-Agent: selenium/4.13.0 (java windows)
Content-Length: 47374
Content-Type: application/json; charset=utf-8
host: localhost:4444
accept: */*

Response DefaultHttpResponse(decodeResult: success, version: HTTP/1.1)
HTTP/1.1 200 OK
content-length: 20
content-type: application/json; charset=utf-8
cache-control: no-cache

17:49:25.863 [AsyncHttpClient-1-2] DEBUG org.asynchttpclient.netty.channel.ChannelManager -- Adding key: http://localhost:4444 for channel [id: 0x020b4601, L:/127.0.0.1:63420 - R:localhost/127.0.0.1:4444]
17:49:25.866 [Forwarding getElementAttribute on session 7ba8ff3bf30367aad55a4e3910d5e455 to remote] DEBUG org.asynchttpclient.netty.request.NettyRequestSender -- Using pooled Channel '[id: 0x020b4601, L:/127.0.0.1:63420 - R:localhost/127.0.0.1:4444]' for 'POST' to 'http://localhost:4444/wd/hub/session/7ba8ff3bf30367aad55a4e3910d5e455/execute/sync'
17:49:25.866 [Forwarding getElementAttribute on session 7ba8ff3bf30367aad55a4e3910d5e455 to remote] DEBUG org.asynchttpclient.netty.request.NettyRequestSender -- Using open Channel [id: 0x020b4601, L:/127.0.0.1:63420 - R:localhost/127.0.0.1:4444] for POST '/wd/hub/session/7ba8ff3bf30367aad55a4e3910d5e455/execute/sync'
17:49:25.896 [AsyncHttpClient-1-2] DEBUG org.asynchttpclient.netty.handler.HttpHandler -- 

Request DefaultHttpRequest(decodeResult: success, version: HTTP/1.1)
POST /wd/hub/session/7ba8ff3bf30367aad55a4e3910d5e455/execute/sync HTTP/1.1
traceparent: 00-3a581d5b4a16049394eaf412b328e64b-acca56eb27914b61-01
User-Agent: selenium/4.13.0 (java windows)
Content-Length: 47381
Content-Type: application/json; charset=utf-8
host: localhost:4444
accept: */*

Response DefaultHttpResponse(decodeResult: success, version: HTTP/1.1)
HTTP/1.1 200 OK
content-length: 15
content-type: application/json; charset=utf-8
cache-control: no-cache

17:49:25.896 [AsyncHttpClient-1-2] DEBUG org.asynchttpclient.netty.channel.ChannelManager -- Adding key: http://localhost:4444 for channel [id: 0x020b4601, L:/127.0.0.1:63420 - R:localhost/127.0.0.1:4444]
17:49:25.897 [Forwarding getElementAttribute on session 7ba8ff3bf30367aad55a4e3910d5e455 to remote] DEBUG org.asynchttpclient.netty.request.NettyRequestSender -- Using pooled Channel '[id: 0x020b4601, L:/127.0.0.1:63420 - R:localhost/127.0.0.1:4444]' for 'POST' to 'http://localhost:4444/wd/hub/session/7ba8ff3bf30367aad55a4e3910d5e455/execute/sync'
17:49:25.897 [Forwarding getElementAttribute on session 7ba8ff3bf30367aad55a4e3910d5e455 to remote] DEBUG org.asynchttpclient.netty.request.NettyRequestSender -- Using open Channel [id: 0x020b4601, L:/127.0.0.1:63420 - R:localhost/127.0.0.1:4444] for POST '/wd/hub/session/7ba8ff3bf30367aad55a4e3910d5e455/execute/sync'
17:49:25.922 [AsyncHttpClient-1-2] DEBUG org.asynchttpclient.netty.handler.HttpHandler -- 

Request DefaultHttpRequest(decodeResult: success, version: HTTP/1.1)
POST /wd/hub/session/7ba8ff3bf30367aad55a4e3910d5e455/execute/sync HTTP/1.1
traceparent: 00-89821b12bec6849d6120d7da31b01121-80c2ba3688948b3a-01
User-Agent: selenium/4.13.0 (java windows)
Content-Length: 47384
Content-Type: application/json; charset=utf-8
host: localhost:4444
accept: */*

Response DefaultHttpResponse(decodeResult: success, version: HTTP/1.1)
HTTP/1.1 200 OK
content-length: 16
content-type: application/json; charset=utf-8
cache-control: no-cache

17:49:25.923 [AsyncHttpClient-1-2] DEBUG org.asynchttpclient.netty.channel.ChannelManager -- Adding key: http://localhost:4444 for channel [id: 0x020b4601, L:/127.0.0.1:63420 - R:localhost/127.0.0.1:4444]
17:49:25.925 [Forwarding getElementAttribute on session 7ba8ff3bf30367aad55a4e3910d5e455 to remote] DEBUG org.asynchttpclient.netty.request.NettyRequestSender -- Using pooled Channel '[id: 0x020b4601, L:/127.0.0.1:63420 - R:localhost/127.0.0.1:4444]' for 'POST' to 'http://localhost:4444/wd/hub/session/7ba8ff3bf30367aad55a4e3910d5e455/execute/sync'
17:49:25.925 [Forwarding getElementAttribute on session 7ba8ff3bf30367aad55a4e3910d5e455 to remote] DEBUG org.asynchttpclient.netty.request.NettyRequestSender -- Using open Channel [id: 0x020b4601, L:/127.0.0.1:63420 - R:localhost/127.0.0.1:4444] for POST '/wd/hub/session/7ba8ff3bf30367aad55a4e3910d5e455/execute/sync'
17:49:25.949 [AsyncHttpClient-1-2] DEBUG org.asynchttpclient.netty.handler.HttpHandler -- 

Request DefaultHttpRequest(decodeResult: success, version: HTTP/1.1)
POST /wd/hub/session/7ba8ff3bf30367aad55a4e3910d5e455/execute/sync HTTP/1.1
traceparent: 00-d92469f283dccf1da0216ca8fc53b153-f1576eeaafaab3d0-01
User-Agent: selenium/4.13.0 (java windows)
Content-Length: 47375
Content-Type: application/json; charset=utf-8
host: localhost:4444
accept: */*

Response DefaultHttpResponse(decodeResult: success, version: HTTP/1.1)
HTTP/1.1 200 OK
content-length: 24
content-type: application/json; charset=utf-8
cache-control: no-cache

17:49:25.950 [AsyncHttpClient-1-2] DEBUG org.asynchttpclient.netty.channel.ChannelManager -- Adding key: http://localhost:4444 for channel [id: 0x020b4601, L:/127.0.0.1:63420 - R:localhost/127.0.0.1:4444]
17:49:25.950 [main] INFO helpers.LoggerHelper -- Testing password: secret_sauce
17:49:25.951 [Forwarding findElement on session 7ba8ff3bf30367aad55a4e3910d5e455 to remote] DEBUG org.asynchttpclient.netty.request.NettyRequestSender -- Using pooled Channel '[id: 0x020b4601, L:/127.0.0.1:63420 - R:localhost/127.0.0.1:4444]' for 'POST' to 'http://localhost:4444/wd/hub/session/7ba8ff3bf30367aad55a4e3910d5e455/element'
17:49:25.951 [Forwarding findElement on session 7ba8ff3bf30367aad55a4e3910d5e455 to remote] DEBUG org.asynchttpclient.netty.request.NettyRequestSender -- Using open Channel [id: 0x020b4601, L:/127.0.0.1:63420 - R:localhost/127.0.0.1:4444] for POST '/wd/hub/session/7ba8ff3bf30367aad55a4e3910d5e455/element'
17:49:25.974 [AsyncHttpClient-1-2] DEBUG org.asynchttpclient.netty.handler.HttpHandler -- 

Request DefaultHttpRequest(decodeResult: success, version: HTTP/1.1)
POST /wd/hub/session/7ba8ff3bf30367aad55a4e3910d5e455/element HTTP/1.1
traceparent: 00-c5da945363f1b678472f86f54360567c-42a704e9115e41a7-01
User-Agent: selenium/4.13.0 (java windows)
Content-Length: 59
Content-Type: application/json; charset=utf-8
host: localhost:4444
accept: */*

Response DefaultHttpResponse(decodeResult: success, version: HTTP/1.1)
HTTP/1.1 200 OK
content-length: 95
content-type: application/json; charset=utf-8
cache-control: no-cache

17:49:25.974 [AsyncHttpClient-1-2] DEBUG org.asynchttpclient.netty.channel.ChannelManager -- Adding key: http://localhost:4444 for channel [id: 0x020b4601, L:/127.0.0.1:63420 - R:localhost/127.0.0.1:4444]
17:49:25.977 [Forwarding isElementDisplayed on session 7ba8ff3bf30367aad55a4e3910d5e455 to remote] DEBUG org.asynchttpclient.netty.request.NettyRequestSender -- Using pooled Channel '[id: 0x020b4601, L:/127.0.0.1:63420 - R:localhost/127.0.0.1:4444]' for 'POST' to 'http://localhost:4444/wd/hub/session/7ba8ff3bf30367aad55a4e3910d5e455/execute/sync'
17:49:25.977 [Forwarding isElementDisplayed on session 7ba8ff3bf30367aad55a4e3910d5e455 to remote] DEBUG org.asynchttpclient.netty.request.NettyRequestSender -- Using open Channel [id: 0x020b4601, L:/127.0.0.1:63420 - R:localhost/127.0.0.1:4444] for POST '/wd/hub/session/7ba8ff3bf30367aad55a4e3910d5e455/execute/sync'
17:49:26.002 [AsyncHttpClient-1-2] DEBUG org.asynchttpclient.netty.handler.HttpHandler -- 

Request DefaultHttpRequest(decodeResult: success, version: HTTP/1.1)
POST /wd/hub/session/7ba8ff3bf30367aad55a4e3910d5e455/execute/sync HTTP/1.1
traceparent: 00-463ab87067f2abef4839daa2fa4cc67c-02a04cbe7c372ca5-01
User-Agent: selenium/4.13.0 (java windows)
Content-Length: 48814
Content-Type: application/json; charset=utf-8
host: localhost:4444
accept: */*

Response DefaultHttpResponse(decodeResult: success, version: HTTP/1.1)
HTTP/1.1 200 OK
content-length: 14
content-type: application/json; charset=utf-8
cache-control: no-cache

17:49:26.002 [AsyncHttpClient-1-2] DEBUG org.asynchttpclient.netty.channel.ChannelManager -- Adding key: http://localhost:4444 for channel [id: 0x020b4601, L:/127.0.0.1:63420 - R:localhost/127.0.0.1:4444]
17:49:26.003 [Forwarding findElement on session 7ba8ff3bf30367aad55a4e3910d5e455 to remote] DEBUG org.asynchttpclient.netty.request.NettyRequestSender -- Using pooled Channel '[id: 0x020b4601, L:/127.0.0.1:63420 - R:localhost/127.0.0.1:4444]' for 'POST' to 'http://localhost:4444/wd/hub/session/7ba8ff3bf30367aad55a4e3910d5e455/element'
17:49:26.004 [Forwarding findElement on session 7ba8ff3bf30367aad55a4e3910d5e455 to remote] DEBUG org.asynchttpclient.netty.request.NettyRequestSender -- Using open Channel [id: 0x020b4601, L:/127.0.0.1:63420 - R:localhost/127.0.0.1:4444] for POST '/wd/hub/session/7ba8ff3bf30367aad55a4e3910d5e455/element'
17:49:26.024 [AsyncHttpClient-1-2] DEBUG org.asynchttpclient.netty.handler.HttpHandler -- 

Request DefaultHttpRequest(decodeResult: success, version: HTTP/1.1)
POST /wd/hub/session/7ba8ff3bf30367aad55a4e3910d5e455/element HTTP/1.1
traceparent: 00-93319e7868e15ec3733241d90e3ad163-957080926df01e94-01
User-Agent: selenium/4.13.0 (java windows)
Content-Length: 59
Content-Type: application/json; charset=utf-8
host: localhost:4444
accept: */*

Response DefaultHttpResponse(decodeResult: success, version: HTTP/1.1)
HTTP/1.1 200 OK
content-length: 95
content-type: application/json; charset=utf-8
cache-control: no-cache

17:49:26.024 [AsyncHttpClient-1-2] DEBUG org.asynchttpclient.netty.channel.ChannelManager -- Adding key: http://localhost:4444 for channel [id: 0x020b4601, L:/127.0.0.1:63420 - R:localhost/127.0.0.1:4444]
17:49:26.026 [Forwarding getElementAttribute on session 7ba8ff3bf30367aad55a4e3910d5e455 to remote] DEBUG org.asynchttpclient.netty.request.NettyRequestSender -- Using pooled Channel '[id: 0x020b4601, L:/127.0.0.1:63420 - R:localhost/127.0.0.1:4444]' for 'POST' to 'http://localhost:4444/wd/hub/session/7ba8ff3bf30367aad55a4e3910d5e455/execute/sync'
17:49:26.026 [Forwarding getElementAttribute on session 7ba8ff3bf30367aad55a4e3910d5e455 to remote] DEBUG org.asynchttpclient.netty.request.NettyRequestSender -- Using open Channel [id: 0x020b4601, L:/127.0.0.1:63420 - R:localhost/127.0.0.1:4444] for POST '/wd/hub/session/7ba8ff3bf30367aad55a4e3910d5e455/execute/sync'
17:49:26.049 [AsyncHttpClient-1-2] DEBUG org.asynchttpclient.netty.handler.HttpHandler -- 

Request DefaultHttpRequest(decodeResult: success, version: HTTP/1.1)
POST /wd/hub/session/7ba8ff3bf30367aad55a4e3910d5e455/execute/sync HTTP/1.1
traceparent: 00-556e63d8a7c633ae8ae23db43a738097-11df26d4f9dc28f0-01
User-Agent: selenium/4.13.0 (java windows)
Content-Length: 47379
Content-Type: application/json; charset=utf-8
host: localhost:4444
accept: */*

Response DefaultHttpResponse(decodeResult: success, version: HTTP/1.1)
HTTP/1.1 200 OK
content-length: 160
content-type: application/json; charset=utf-8
cache-control: no-cache

17:49:26.050 [AsyncHttpClient-1-2] DEBUG org.asynchttpclient.netty.channel.ChannelManager -- Adding key: http://localhost:4444 for channel [id: 0x020b4601, L:/127.0.0.1:63420 - R:localhost/127.0.0.1:4444]
17:49:26.052 [Forwarding getElementAttribute on session 7ba8ff3bf30367aad55a4e3910d5e455 to remote] DEBUG org.asynchttpclient.netty.request.NettyRequestSender -- Using pooled Channel '[id: 0x020b4601, L:/127.0.0.1:63420 - R:localhost/127.0.0.1:4444]' for 'POST' to 'http://localhost:4444/wd/hub/session/7ba8ff3bf30367aad55a4e3910d5e455/execute/sync'
17:49:26.052 [Forwarding getElementAttribute on session 7ba8ff3bf30367aad55a4e3910d5e455 to remote] DEBUG org.asynchttpclient.netty.request.NettyRequestSender -- Using open Channel [id: 0x020b4601, L:/127.0.0.1:63420 - R:localhost/127.0.0.1:4444] for POST '/wd/hub/session/7ba8ff3bf30367aad55a4e3910d5e455/execute/sync'
17:49:26.081 [AsyncHttpClient-1-2] DEBUG org.asynchttpclient.netty.handler.HttpHandler -- 

Request DefaultHttpRequest(decodeResult: success, version: HTTP/1.1)
POST /wd/hub/session/7ba8ff3bf30367aad55a4e3910d5e455/execute/sync HTTP/1.1
traceparent: 00-466d7172ffc98817799eb63ddfbae607-cc39bae476b30802-01
User-Agent: selenium/4.13.0 (java windows)
Content-Length: 47374
Content-Type: application/json; charset=utf-8
host: localhost:4444
accept: */*

Response DefaultHttpResponse(decodeResult: success, version: HTTP/1.1)
HTTP/1.1 200 OK
content-length: 18
content-type: application/json; charset=utf-8
cache-control: no-cache

17:49:26.082 [AsyncHttpClient-1-2] DEBUG org.asynchttpclient.netty.channel.ChannelManager -- Adding key: http://localhost:4444 for channel [id: 0x020b4601, L:/127.0.0.1:63420 - R:localhost/127.0.0.1:4444]
17:49:26.084 [Forwarding getElementAttribute on session 7ba8ff3bf30367aad55a4e3910d5e455 to remote] DEBUG org.asynchttpclient.netty.request.NettyRequestSender -- Using pooled Channel '[id: 0x020b4601, L:/127.0.0.1:63420 - R:localhost/127.0.0.1:4444]' for 'POST' to 'http://localhost:4444/wd/hub/session/7ba8ff3bf30367aad55a4e3910d5e455/execute/sync'
17:49:26.084 [Forwarding getElementAttribute on session 7ba8ff3bf30367aad55a4e3910d5e455 to remote] DEBUG org.asynchttpclient.netty.request.NettyRequestSender -- Using open Channel [id: 0x020b4601, L:/127.0.0.1:63420 - R:localhost/127.0.0.1:4444] for POST '/wd/hub/session/7ba8ff3bf30367aad55a4e3910d5e455/execute/sync'
17:49:26.120 [AsyncHttpClient-1-2] DEBUG org.asynchttpclient.netty.handler.HttpHandler -- 

Request DefaultHttpRequest(decodeResult: success, version: HTTP/1.1)
POST /wd/hub/session/7ba8ff3bf30367aad55a4e3910d5e455/execute/sync HTTP/1.1
traceparent: 00-6caccae2b4ea4c1df85ee22f29d56b0d-b2c204250c8a8725-01
User-Agent: selenium/4.13.0 (java windows)
Content-Length: 47375
Content-Type: application/json; charset=utf-8
host: localhost:4444
accept: */*

Response DefaultHttpResponse(decodeResult: success, version: HTTP/1.1)
HTTP/1.1 200 OK
content-length: 36
content-type: application/json; charset=utf-8
cache-control: no-cache

17:49:26.120 [AsyncHttpClient-1-2] DEBUG org.asynchttpclient.netty.channel.ChannelManager -- Adding key: http://localhost:4444 for channel [id: 0x020b4601, L:/127.0.0.1:63420 - R:localhost/127.0.0.1:4444]
17:49:26.123 [Forwarding getElementAttribute on session 7ba8ff3bf30367aad55a4e3910d5e455 to remote] DEBUG org.asynchttpclient.netty.request.NettyRequestSender -- Using pooled Channel '[id: 0x020b4601, L:/127.0.0.1:63420 - R:localhost/127.0.0.1:4444]' for 'POST' to 'http://localhost:4444/wd/hub/session/7ba8ff3bf30367aad55a4e3910d5e455/execute/sync'
17:49:26.123 [Forwarding getElementAttribute on session 7ba8ff3bf30367aad55a4e3910d5e455 to remote] DEBUG org.asynchttpclient.netty.request.NettyRequestSender -- Using open Channel [id: 0x020b4601, L:/127.0.0.1:63420 - R:localhost/127.0.0.1:4444] for POST '/wd/hub/session/7ba8ff3bf30367aad55a4e3910d5e455/execute/sync'
17:49:26.156 [AsyncHttpClient-1-2] DEBUG org.asynchttpclient.netty.handler.HttpHandler -- 

Request DefaultHttpRequest(decodeResult: success, version: HTTP/1.1)
POST /wd/hub/session/7ba8ff3bf30367aad55a4e3910d5e455/execute/sync HTTP/1.1
traceparent: 00-3b6bedf4848cf5d5c6ee08c2ac521580-fad3f6c0cc797d48-01
User-Agent: selenium/4.13.0 (java windows)
Content-Length: 47379
Content-Type: application/json; charset=utf-8
host: localhost:4444
accept: */*

Response DefaultHttpResponse(decodeResult: success, version: HTTP/1.1)
HTTP/1.1 200 OK
content-length: 24
content-type: application/json; charset=utf-8
cache-control: no-cache

17:49:26.156 [AsyncHttpClient-1-2] DEBUG org.asynchttpclient.netty.channel.ChannelManager -- Adding key: http://localhost:4444 for channel [id: 0x020b4601, L:/127.0.0.1:63420 - R:localhost/127.0.0.1:4444]
17:49:26.159 [Forwarding getElementAttribute on session 7ba8ff3bf30367aad55a4e3910d5e455 to remote] DEBUG org.asynchttpclient.netty.request.NettyRequestSender -- Using pooled Channel '[id: 0x020b4601, L:/127.0.0.1:63420 - R:localhost/127.0.0.1:4444]' for 'POST' to 'http://localhost:4444/wd/hub/session/7ba8ff3bf30367aad55a4e3910d5e455/execute/sync'
17:49:26.159 [Forwarding getElementAttribute on session 7ba8ff3bf30367aad55a4e3910d5e455 to remote] DEBUG org.asynchttpclient.netty.request.NettyRequestSender -- Using open Channel [id: 0x020b4601, L:/127.0.0.1:63420 - R:localhost/127.0.0.1:4444] for POST '/wd/hub/session/7ba8ff3bf30367aad55a4e3910d5e455/execute/sync'
17:49:26.184 [AsyncHttpClient-1-2] DEBUG org.asynchttpclient.netty.handler.HttpHandler -- 

Request DefaultHttpRequest(decodeResult: success, version: HTTP/1.1)
POST /wd/hub/session/7ba8ff3bf30367aad55a4e3910d5e455/execute/sync HTTP/1.1
traceparent: 00-0593699047fbb1724bc3f5b36cee1d7c-b63e362581dc6e30-01
User-Agent: selenium/4.13.0 (java windows)
Content-Length: 47372
Content-Type: application/json; charset=utf-8
host: localhost:4444
accept: */*

Response DefaultHttpResponse(decodeResult: success, version: HTTP/1.1)
HTTP/1.1 200 OK
content-length: 24
content-type: application/json; charset=utf-8
cache-control: no-cache

17:49:26.184 [AsyncHttpClient-1-2] DEBUG org.asynchttpclient.netty.channel.ChannelManager -- Adding key: http://localhost:4444 for channel [id: 0x020b4601, L:/127.0.0.1:63420 - R:localhost/127.0.0.1:4444]
17:49:26.186 [Forwarding getElementAttribute on session 7ba8ff3bf30367aad55a4e3910d5e455 to remote] DEBUG org.asynchttpclient.netty.request.NettyRequestSender -- Using pooled Channel '[id: 0x020b4601, L:/127.0.0.1:63420 - R:localhost/127.0.0.1:4444]' for 'POST' to 'http://localhost:4444/wd/hub/session/7ba8ff3bf30367aad55a4e3910d5e455/execute/sync'
17:49:26.186 [Forwarding getElementAttribute on session 7ba8ff3bf30367aad55a4e3910d5e455 to remote] DEBUG org.asynchttpclient.netty.request.NettyRequestSender -- Using open Channel [id: 0x020b4601, L:/127.0.0.1:63420 - R:localhost/127.0.0.1:4444] for POST '/wd/hub/session/7ba8ff3bf30367aad55a4e3910d5e455/execute/sync'
17:49:26.214 [AsyncHttpClient-1-2] DEBUG org.asynchttpclient.netty.handler.HttpHandler -- 

Request DefaultHttpRequest(decodeResult: success, version: HTTP/1.1)
POST /wd/hub/session/7ba8ff3bf30367aad55a4e3910d5e455/execute/sync HTTP/1.1
traceparent: 00-6862e1c0ae74035fbb3c63a7baa1bf84-02ebf6fbf8b428db-01
User-Agent: selenium/4.13.0 (java windows)
Content-Length: 47374
Content-Type: application/json; charset=utf-8
host: localhost:4444
accept: */*

Response DefaultHttpResponse(decodeResult: success, version: HTTP/1.1)
HTTP/1.1 200 OK
content-length: 24
content-type: application/json; charset=utf-8
cache-control: no-cache

17:49:26.214 [AsyncHttpClient-1-2] DEBUG org.asynchttpclient.netty.channel.ChannelManager -- Adding key: http://localhost:4444 for channel [id: 0x020b4601, L:/127.0.0.1:63420 - R:localhost/127.0.0.1:4444]
17:49:26.216 [Forwarding getElementAttribute on session 7ba8ff3bf30367aad55a4e3910d5e455 to remote] DEBUG org.asynchttpclient.netty.request.NettyRequestSender -- Using pooled Channel '[id: 0x020b4601, L:/127.0.0.1:63420 - R:localhost/127.0.0.1:4444]' for 'POST' to 'http://localhost:4444/wd/hub/session/7ba8ff3bf30367aad55a4e3910d5e455/execute/sync'
17:49:26.216 [Forwarding getElementAttribute on session 7ba8ff3bf30367aad55a4e3910d5e455 to remote] DEBUG org.asynchttpclient.netty.request.NettyRequestSender -- Using open Channel [id: 0x020b4601, L:/127.0.0.1:63420 - R:localhost/127.0.0.1:4444] for POST '/wd/hub/session/7ba8ff3bf30367aad55a4e3910d5e455/execute/sync'
17:49:26.244 [AsyncHttpClient-1-2] DEBUG org.asynchttpclient.netty.handler.HttpHandler -- 

Request DefaultHttpRequest(decodeResult: success, version: HTTP/1.1)
POST /wd/hub/session/7ba8ff3bf30367aad55a4e3910d5e455/execute/sync HTTP/1.1
traceparent: 00-fbb4223a79a4b1536fd3880c0f15ab0d-96dffa07b1708c08-01
User-Agent: selenium/4.13.0 (java windows)
Content-Length: 47375
Content-Type: application/json; charset=utf-8
host: localhost:4444
accept: */*

Response DefaultHttpResponse(decodeResult: success, version: HTTP/1.1)
HTTP/1.1 200 OK
content-length: 17
content-type: application/json; charset=utf-8
cache-control: no-cache

17:49:26.245 [AsyncHttpClient-1-2] DEBUG org.asynchttpclient.netty.channel.ChannelManager -- Adding key: http://localhost:4444 for channel [id: 0x020b4601, L:/127.0.0.1:63420 - R:localhost/127.0.0.1:4444]
17:49:26.246 [Forwarding findElement on session 7ba8ff3bf30367aad55a4e3910d5e455 to remote] DEBUG org.asynchttpclient.netty.request.NettyRequestSender -- Using pooled Channel '[id: 0x020b4601, L:/127.0.0.1:63420 - R:localhost/127.0.0.1:4444]' for 'POST' to 'http://localhost:4444/wd/hub/session/7ba8ff3bf30367aad55a4e3910d5e455/element'
17:49:26.246 [Forwarding findElement on session 7ba8ff3bf30367aad55a4e3910d5e455 to remote] DEBUG org.asynchttpclient.netty.request.NettyRequestSender -- Using open Channel [id: 0x020b4601, L:/127.0.0.1:63420 - R:localhost/127.0.0.1:4444] for POST '/wd/hub/session/7ba8ff3bf30367aad55a4e3910d5e455/element'
17:49:26.268 [AsyncHttpClient-1-2] DEBUG org.asynchttpclient.netty.handler.HttpHandler -- 

Request DefaultHttpRequest(decodeResult: success, version: HTTP/1.1)
POST /wd/hub/session/7ba8ff3bf30367aad55a4e3910d5e455/element HTTP/1.1
traceparent: 00-2e92e4aef1784307e1d553859c490169-0071f7cde670f546-01
User-Agent: selenium/4.13.0 (java windows)
Content-Length: 59
Content-Type: application/json; charset=utf-8
host: localhost:4444
accept: */*

Response DefaultHttpResponse(decodeResult: success, version: HTTP/1.1)
HTTP/1.1 200 OK
content-length: 95
content-type: application/json; charset=utf-8
cache-control: no-cache

17:49:26.268 [AsyncHttpClient-1-2] DEBUG org.asynchttpclient.netty.channel.ChannelManager -- Adding key: http://localhost:4444 for channel [id: 0x020b4601, L:/127.0.0.1:63420 - R:localhost/127.0.0.1:4444]
17:49:26.269 [Forwarding clickElement on session 7ba8ff3bf30367aad55a4e3910d5e455 to remote] DEBUG org.asynchttpclient.netty.request.NettyRequestSender -- Using pooled Channel '[id: 0x020b4601, L:/127.0.0.1:63420 - R:localhost/127.0.0.1:4444]' for 'POST' to 'http://localhost:4444/wd/hub/session/7ba8ff3bf30367aad55a4e3910d5e455/element/44EFDFE50813AC2801D44D4E9EB8404B_element_60/click'
17:49:26.269 [Forwarding clickElement on session 7ba8ff3bf30367aad55a4e3910d5e455 to remote] DEBUG org.asynchttpclient.netty.request.NettyRequestSender -- Using open Channel [id: 0x020b4601, L:/127.0.0.1:63420 - R:localhost/127.0.0.1:4444] for POST '/wd/hub/session/7ba8ff3bf30367aad55a4e3910d5e455/element/44EFDFE50813AC2801D44D4E9EB8404B_element_60/click'
17:49:26.395 [AsyncHttpClient-1-2] DEBUG org.asynchttpclient.netty.handler.HttpHandler -- 

Request DefaultHttpRequest(decodeResult: success, version: HTTP/1.1)
POST /wd/hub/session/7ba8ff3bf30367aad55a4e3910d5e455/element/44EFDFE50813AC2801D44D4E9EB8404B_element_60/click HTTP/1.1
traceparent: 00-e6653138bdad9ee5b17f84f147a2e9e6-c47c18f9b3efb7da-01
User-Agent: selenium/4.13.0 (java windows)
Content-Length: 57
Content-Type: application/json; charset=utf-8
host: localhost:4444
accept: */*

Response DefaultHttpResponse(decodeResult: success, version: HTTP/1.1)
HTTP/1.1 200 OK
content-length: 14
content-type: application/json; charset=utf-8
cache-control: no-cache

17:49:26.396 [AsyncHttpClient-1-2] DEBUG org.asynchttpclient.netty.channel.ChannelManager -- Adding key: http://localhost:4444 for channel [id: 0x020b4601, L:/127.0.0.1:63420 - R:localhost/127.0.0.1:4444]
17:49:26.397 [main] INFO helpers.LoggerHelper -- @Test: readFromFileExcel has PASSED
17:49:26.397 [main] INFO helpers.LoggerHelper -- ######################################################################################
17:49:26.400 [Forwarding screenshot on session 7ba8ff3bf30367aad55a4e3910d5e455 to remote] DEBUG org.asynchttpclient.netty.request.NettyRequestSender -- Using pooled Channel '[id: 0x020b4601, L:/127.0.0.1:63420 - R:localhost/127.0.0.1:4444]' for 'GET' to 'http://localhost:4444/wd/hub/session/7ba8ff3bf30367aad55a4e3910d5e455/screenshot'
17:49:26.400 [Forwarding screenshot on session 7ba8ff3bf30367aad55a4e3910d5e455 to remote] DEBUG org.asynchttpclient.netty.request.NettyRequestSender -- Using open Channel [id: 0x020b4601, L:/127.0.0.1:63420 - R:localhost/127.0.0.1:4444] for GET '/wd/hub/session/7ba8ff3bf30367aad55a4e3910d5e455/screenshot'
17:49:26.687 [AsyncHttpClient-1-2] DEBUG org.asynchttpclient.netty.handler.HttpHandler -- 

Request DefaultFullHttpRequest(decodeResult: success, version: HTTP/1.1, content: EmptyByteBufBE)
GET /wd/hub/session/7ba8ff3bf30367aad55a4e3910d5e455/screenshot HTTP/1.1
Cache-Control: no-cache
traceparent: 00-81352fc0d0f8029518fd16a9cef1854c-6622a3691a6dfd7a-01
User-Agent: selenium/4.13.0 (java windows)
Content-Type: application/json; charset=utf-8
host: localhost:4444
accept: */*

Response DefaultHttpResponse(decodeResult: success, version: HTTP/1.1)
HTTP/1.1 200 OK
content-length: 431932
content-type: application/json; charset=utf-8
cache-control: no-cache

17:49:26.715 [AsyncHttpClient-1-2] DEBUG org.asynchttpclient.netty.channel.ChannelManager -- Adding key: http://localhost:4444 for channel [id: 0x020b4601, L:/127.0.0.1:63420 - R:localhost/127.0.0.1:4444]
17:49:26.741 [main] INFO helpers.LoggerHelper -- Screenshot saved successfully.
]]></system-out>
  </testcase>
  <testcase name="readFromFileExcel[locked_out_user, secret_sauce](2)" classname="FrontEnd.SauceDemo.LoginWithDP" time="1.745">
    <system-out><![CDATA[17:49:26.743 [main] INFO helpers.LoggerHelper -- @Test: readFromFileExcel
17:49:26.743 [main] INFO helpers.LoggerHelper -- Description: Trying to read data from an Excel file
17:49:26.743 [main] INFO helpers.LoggerHelper -- ######################################################################################
17:49:26.746 [Forwarding get on session 7ba8ff3bf30367aad55a4e3910d5e455 to remote] DEBUG org.asynchttpclient.netty.request.NettyRequestSender -- Using pooled Channel '[id: 0x020b4601, L:/127.0.0.1:63420 - R:localhost/127.0.0.1:4444]' for 'POST' to 'http://localhost:4444/wd/hub/session/7ba8ff3bf30367aad55a4e3910d5e455/url'
17:49:26.746 [Forwarding get on session 7ba8ff3bf30367aad55a4e3910d5e455 to remote] DEBUG org.asynchttpclient.netty.request.NettyRequestSender -- Using open Channel [id: 0x020b4601, L:/127.0.0.1:63420 - R:localhost/127.0.0.1:4444] for POST '/wd/hub/session/7ba8ff3bf30367aad55a4e3910d5e455/url'
17:49:26.875 [AsyncHttpClient-1-2] DEBUG org.asynchttpclient.netty.handler.HttpHandler -- 

Request DefaultHttpRequest(decodeResult: success, version: HTTP/1.1)
POST /wd/hub/session/7ba8ff3bf30367aad55a4e3910d5e455/url HTTP/1.1
traceparent: 00-2db1827bd874d30389a5ba33ed4ed03b-d9ca9700fc73b1b5-01
User-Agent: selenium/4.13.0 (java windows)
Content-Length: 43
Content-Type: application/json; charset=utf-8
host: localhost:4444
accept: */*

Response DefaultHttpResponse(decodeResult: success, version: HTTP/1.1)
HTTP/1.1 200 OK
content-length: 14
content-type: application/json; charset=utf-8
cache-control: no-cache

17:49:26.875 [AsyncHttpClient-1-2] DEBUG org.asynchttpclient.netty.channel.ChannelManager -- Adding key: http://localhost:4444 for channel [id: 0x020b4601, L:/127.0.0.1:63420 - R:localhost/127.0.0.1:4444]
17:49:26.878 [Forwarding findElement on session 7ba8ff3bf30367aad55a4e3910d5e455 to remote] DEBUG org.asynchttpclient.netty.request.NettyRequestSender -- Using pooled Channel '[id: 0x020b4601, L:/127.0.0.1:63420 - R:localhost/127.0.0.1:4444]' for 'POST' to 'http://localhost:4444/wd/hub/session/7ba8ff3bf30367aad55a4e3910d5e455/element'
17:49:26.878 [Forwarding findElement on session 7ba8ff3bf30367aad55a4e3910d5e455 to remote] DEBUG org.asynchttpclient.netty.request.NettyRequestSender -- Using open Channel [id: 0x020b4601, L:/127.0.0.1:63420 - R:localhost/127.0.0.1:4444] for POST '/wd/hub/session/7ba8ff3bf30367aad55a4e3910d5e455/element'
17:49:26.904 [AsyncHttpClient-1-2] DEBUG org.asynchttpclient.netty.handler.HttpHandler -- 

Request DefaultHttpRequest(decodeResult: success, version: HTTP/1.1)
POST /wd/hub/session/7ba8ff3bf30367aad55a4e3910d5e455/element HTTP/1.1
traceparent: 00-211e1094f3f59a4289ea869f67ffb6c9-aa705afe883b9eac-01
User-Agent: selenium/4.13.0 (java windows)
Content-Length: 56
Content-Type: application/json; charset=utf-8
host: localhost:4444
accept: */*

Response DefaultHttpResponse(decodeResult: success, version: HTTP/1.1)
HTTP/1.1 200 OK
content-length: 95
content-type: application/json; charset=utf-8
cache-control: no-cache

17:49:26.904 [AsyncHttpClient-1-2] DEBUG org.asynchttpclient.netty.channel.ChannelManager -- Adding key: http://localhost:4444 for channel [id: 0x020b4601, L:/127.0.0.1:63420 - R:localhost/127.0.0.1:4444]
17:49:26.907 [Forwarding isElementDisplayed on session 7ba8ff3bf30367aad55a4e3910d5e455 to remote] DEBUG org.asynchttpclient.netty.request.NettyRequestSender -- Using pooled Channel '[id: 0x020b4601, L:/127.0.0.1:63420 - R:localhost/127.0.0.1:4444]' for 'POST' to 'http://localhost:4444/wd/hub/session/7ba8ff3bf30367aad55a4e3910d5e455/execute/sync'
17:49:26.907 [Forwarding isElementDisplayed on session 7ba8ff3bf30367aad55a4e3910d5e455 to remote] DEBUG org.asynchttpclient.netty.request.NettyRequestSender -- Using open Channel [id: 0x020b4601, L:/127.0.0.1:63420 - R:localhost/127.0.0.1:4444] for POST '/wd/hub/session/7ba8ff3bf30367aad55a4e3910d5e455/execute/sync'
17:49:26.935 [AsyncHttpClient-1-2] DEBUG org.asynchttpclient.netty.handler.HttpHandler -- 

Request DefaultHttpRequest(decodeResult: success, version: HTTP/1.1)
POST /wd/hub/session/7ba8ff3bf30367aad55a4e3910d5e455/execute/sync HTTP/1.1
traceparent: 00-048efa48120bbd97604069728fa11c41-a4875d52821258e3-01
User-Agent: selenium/4.13.0 (java windows)
Content-Length: 48814
Content-Type: application/json; charset=utf-8
host: localhost:4444
accept: */*

Response DefaultHttpResponse(decodeResult: success, version: HTTP/1.1)
HTTP/1.1 200 OK
content-length: 14
content-type: application/json; charset=utf-8
cache-control: no-cache

17:49:26.935 [AsyncHttpClient-1-2] DEBUG org.asynchttpclient.netty.channel.ChannelManager -- Adding key: http://localhost:4444 for channel [id: 0x020b4601, L:/127.0.0.1:63420 - R:localhost/127.0.0.1:4444]
17:49:26.937 [Forwarding findElement on session 7ba8ff3bf30367aad55a4e3910d5e455 to remote] DEBUG org.asynchttpclient.netty.request.NettyRequestSender -- Using pooled Channel '[id: 0x020b4601, L:/127.0.0.1:63420 - R:localhost/127.0.0.1:4444]' for 'POST' to 'http://localhost:4444/wd/hub/session/7ba8ff3bf30367aad55a4e3910d5e455/element'
17:49:26.937 [Forwarding findElement on session 7ba8ff3bf30367aad55a4e3910d5e455 to remote] DEBUG org.asynchttpclient.netty.request.NettyRequestSender -- Using open Channel [id: 0x020b4601, L:/127.0.0.1:63420 - R:localhost/127.0.0.1:4444] for POST '/wd/hub/session/7ba8ff3bf30367aad55a4e3910d5e455/element'
17:49:26.969 [AsyncHttpClient-1-2] DEBUG org.asynchttpclient.netty.handler.HttpHandler -- 

Request DefaultHttpRequest(decodeResult: success, version: HTTP/1.1)
POST /wd/hub/session/7ba8ff3bf30367aad55a4e3910d5e455/element HTTP/1.1
traceparent: 00-6a1ac75e2a784d868aab8d0ddc91cbf6-076bd5518fc6f99a-01
User-Agent: selenium/4.13.0 (java windows)
Content-Length: 56
Content-Type: application/json; charset=utf-8
host: localhost:4444
accept: */*

Response DefaultHttpResponse(decodeResult: success, version: HTTP/1.1)
HTTP/1.1 200 OK
content-length: 95
content-type: application/json; charset=utf-8
cache-control: no-cache

17:49:26.969 [AsyncHttpClient-1-2] DEBUG org.asynchttpclient.netty.channel.ChannelManager -- Adding key: http://localhost:4444 for channel [id: 0x020b4601, L:/127.0.0.1:63420 - R:localhost/127.0.0.1:4444]
17:49:26.971 [Forwarding sendKeysToElement on session 7ba8ff3bf30367aad55a4e3910d5e455 to remote] DEBUG org.asynchttpclient.netty.request.NettyRequestSender -- Using pooled Channel '[id: 0x020b4601, L:/127.0.0.1:63420 - R:localhost/127.0.0.1:4444]' for 'POST' to 'http://localhost:4444/wd/hub/session/7ba8ff3bf30367aad55a4e3910d5e455/element/592520A7FBDB3A33D944DE27452DA2A2_element_68/value'
17:49:26.972 [Forwarding sendKeysToElement on session 7ba8ff3bf30367aad55a4e3910d5e455 to remote] DEBUG org.asynchttpclient.netty.request.NettyRequestSender -- Using open Channel [id: 0x020b4601, L:/127.0.0.1:63420 - R:localhost/127.0.0.1:4444] for POST '/wd/hub/session/7ba8ff3bf30367aad55a4e3910d5e455/element/592520A7FBDB3A33D944DE27452DA2A2_element_68/value'
17:49:27.102 [AsyncHttpClient-1-2] DEBUG org.asynchttpclient.netty.handler.HttpHandler -- 

Request DefaultHttpRequest(decodeResult: success, version: HTTP/1.1)
POST /wd/hub/session/7ba8ff3bf30367aad55a4e3910d5e455/element/592520A7FBDB3A33D944DE27452DA2A2_element_68/value HTTP/1.1
traceparent: 00-4e53e8879be1f0501ac3dfb3286deb51-ec1fbc2bc6a99ef5-01
User-Agent: selenium/4.13.0 (java windows)
Content-Length: 238
Content-Type: application/json; charset=utf-8
host: localhost:4444
accept: */*

Response DefaultHttpResponse(decodeResult: success, version: HTTP/1.1)
HTTP/1.1 200 OK
content-length: 14
content-type: application/json; charset=utf-8
cache-control: no-cache

17:49:27.102 [AsyncHttpClient-1-2] DEBUG org.asynchttpclient.netty.channel.ChannelManager -- Adding key: http://localhost:4444 for channel [id: 0x020b4601, L:/127.0.0.1:63420 - R:localhost/127.0.0.1:4444]
17:49:27.104 [Forwarding findElement on session 7ba8ff3bf30367aad55a4e3910d5e455 to remote] DEBUG org.asynchttpclient.netty.request.NettyRequestSender -- Using pooled Channel '[id: 0x020b4601, L:/127.0.0.1:63420 - R:localhost/127.0.0.1:4444]' for 'POST' to 'http://localhost:4444/wd/hub/session/7ba8ff3bf30367aad55a4e3910d5e455/element'
17:49:27.104 [Forwarding findElement on session 7ba8ff3bf30367aad55a4e3910d5e455 to remote] DEBUG org.asynchttpclient.netty.request.NettyRequestSender -- Using open Channel [id: 0x020b4601, L:/127.0.0.1:63420 - R:localhost/127.0.0.1:4444] for POST '/wd/hub/session/7ba8ff3bf30367aad55a4e3910d5e455/element'
17:49:27.128 [AsyncHttpClient-1-2] DEBUG org.asynchttpclient.netty.handler.HttpHandler -- 

Request DefaultHttpRequest(decodeResult: success, version: HTTP/1.1)
POST /wd/hub/session/7ba8ff3bf30367aad55a4e3910d5e455/element HTTP/1.1
traceparent: 00-66ed0a50a356ac0ffcc6ad80e47c8700-22ec7913502decf1-01
User-Agent: selenium/4.13.0 (java windows)
Content-Length: 56
Content-Type: application/json; charset=utf-8
host: localhost:4444
accept: */*

Response DefaultHttpResponse(decodeResult: success, version: HTTP/1.1)
HTTP/1.1 200 OK
content-length: 95
content-type: application/json; charset=utf-8
cache-control: no-cache

17:49:27.128 [AsyncHttpClient-1-2] DEBUG org.asynchttpclient.netty.channel.ChannelManager -- Adding key: http://localhost:4444 for channel [id: 0x020b4601, L:/127.0.0.1:63420 - R:localhost/127.0.0.1:4444]
17:49:27.131 [Forwarding getElementAttribute on session 7ba8ff3bf30367aad55a4e3910d5e455 to remote] DEBUG org.asynchttpclient.netty.request.NettyRequestSender -- Using pooled Channel '[id: 0x020b4601, L:/127.0.0.1:63420 - R:localhost/127.0.0.1:4444]' for 'POST' to 'http://localhost:4444/wd/hub/session/7ba8ff3bf30367aad55a4e3910d5e455/execute/sync'
17:49:27.131 [Forwarding getElementAttribute on session 7ba8ff3bf30367aad55a4e3910d5e455 to remote] DEBUG org.asynchttpclient.netty.request.NettyRequestSender -- Using open Channel [id: 0x020b4601, L:/127.0.0.1:63420 - R:localhost/127.0.0.1:4444] for POST '/wd/hub/session/7ba8ff3bf30367aad55a4e3910d5e455/execute/sync'
17:49:27.155 [AsyncHttpClient-1-2] DEBUG org.asynchttpclient.netty.handler.HttpHandler -- 

Request DefaultHttpRequest(decodeResult: success, version: HTTP/1.1)
POST /wd/hub/session/7ba8ff3bf30367aad55a4e3910d5e455/execute/sync HTTP/1.1
traceparent: 00-46fdf144a0c902ac42e599173ff408dd-15799741b157f702-01
User-Agent: selenium/4.13.0 (java windows)
Content-Length: 47379
Content-Type: application/json; charset=utf-8
host: localhost:4444
accept: */*

Response DefaultHttpResponse(decodeResult: success, version: HTTP/1.1)
HTTP/1.1 200 OK
content-length: 225
content-type: application/json; charset=utf-8
cache-control: no-cache

17:49:27.156 [AsyncHttpClient-1-2] DEBUG org.asynchttpclient.netty.channel.ChannelManager -- Adding key: http://localhost:4444 for channel [id: 0x020b4601, L:/127.0.0.1:63420 - R:localhost/127.0.0.1:4444]
17:49:27.158 [Forwarding getElementAttribute on session 7ba8ff3bf30367aad55a4e3910d5e455 to remote] DEBUG org.asynchttpclient.netty.request.NettyRequestSender -- Using pooled Channel '[id: 0x020b4601, L:/127.0.0.1:63420 - R:localhost/127.0.0.1:4444]' for 'POST' to 'http://localhost:4444/wd/hub/session/7ba8ff3bf30367aad55a4e3910d5e455/execute/sync'
17:49:27.158 [Forwarding getElementAttribute on session 7ba8ff3bf30367aad55a4e3910d5e455 to remote] DEBUG org.asynchttpclient.netty.request.NettyRequestSender -- Using open Channel [id: 0x020b4601, L:/127.0.0.1:63420 - R:localhost/127.0.0.1:4444] for POST '/wd/hub/session/7ba8ff3bf30367aad55a4e3910d5e455/execute/sync'
17:49:27.182 [AsyncHttpClient-1-2] DEBUG org.asynchttpclient.netty.handler.HttpHandler -- 

Request DefaultHttpRequest(decodeResult: success, version: HTTP/1.1)
POST /wd/hub/session/7ba8ff3bf30367aad55a4e3910d5e455/execute/sync HTTP/1.1
traceparent: 00-b6431765266815c3fa5fbc1e99d93422-ff1064853c8402bd-01
User-Agent: selenium/4.13.0 (java windows)
Content-Length: 47375
Content-Type: application/json; charset=utf-8
host: localhost:4444
accept: */*

Response DefaultHttpResponse(decodeResult: success, version: HTTP/1.1)
HTTP/1.1 200 OK
content-length: 34
content-type: application/json; charset=utf-8
cache-control: no-cache

17:49:27.182 [AsyncHttpClient-1-2] DEBUG org.asynchttpclient.netty.channel.ChannelManager -- Adding key: http://localhost:4444 for channel [id: 0x020b4601, L:/127.0.0.1:63420 - R:localhost/127.0.0.1:4444]
17:49:27.184 [Forwarding getElementAttribute on session 7ba8ff3bf30367aad55a4e3910d5e455 to remote] DEBUG org.asynchttpclient.netty.request.NettyRequestSender -- Using pooled Channel '[id: 0x020b4601, L:/127.0.0.1:63420 - R:localhost/127.0.0.1:4444]' for 'POST' to 'http://localhost:4444/wd/hub/session/7ba8ff3bf30367aad55a4e3910d5e455/execute/sync'
17:49:27.184 [Forwarding getElementAttribute on session 7ba8ff3bf30367aad55a4e3910d5e455 to remote] DEBUG org.asynchttpclient.netty.request.NettyRequestSender -- Using open Channel [id: 0x020b4601, L:/127.0.0.1:63420 - R:localhost/127.0.0.1:4444] for POST '/wd/hub/session/7ba8ff3bf30367aad55a4e3910d5e455/execute/sync'
17:49:27.208 [AsyncHttpClient-1-2] DEBUG org.asynchttpclient.netty.handler.HttpHandler -- 

Request DefaultHttpRequest(decodeResult: success, version: HTTP/1.1)
POST /wd/hub/session/7ba8ff3bf30367aad55a4e3910d5e455/execute/sync HTTP/1.1
traceparent: 00-09a94d628c129617547003226b5b8a8b-740212baf92a9bbc-01
User-Agent: selenium/4.13.0 (java windows)
Content-Length: 47381
Content-Type: application/json; charset=utf-8
host: localhost:4444
accept: */*

Response DefaultHttpResponse(decodeResult: success, version: HTTP/1.1)
HTTP/1.1 200 OK
content-length: 20
content-type: application/json; charset=utf-8
cache-control: no-cache

17:49:27.209 [AsyncHttpClient-1-2] DEBUG org.asynchttpclient.netty.channel.ChannelManager -- Adding key: http://localhost:4444 for channel [id: 0x020b4601, L:/127.0.0.1:63420 - R:localhost/127.0.0.1:4444]
17:49:27.211 [Forwarding getElementAttribute on session 7ba8ff3bf30367aad55a4e3910d5e455 to remote] DEBUG org.asynchttpclient.netty.request.NettyRequestSender -- Using pooled Channel '[id: 0x020b4601, L:/127.0.0.1:63420 - R:localhost/127.0.0.1:4444]' for 'POST' to 'http://localhost:4444/wd/hub/session/7ba8ff3bf30367aad55a4e3910d5e455/execute/sync'
17:49:27.211 [Forwarding getElementAttribute on session 7ba8ff3bf30367aad55a4e3910d5e455 to remote] DEBUG org.asynchttpclient.netty.request.NettyRequestSender -- Using open Channel [id: 0x020b4601, L:/127.0.0.1:63420 - R:localhost/127.0.0.1:4444] for POST '/wd/hub/session/7ba8ff3bf30367aad55a4e3910d5e455/execute/sync'
17:49:27.235 [AsyncHttpClient-1-2] DEBUG org.asynchttpclient.netty.handler.HttpHandler -- 

Request DefaultHttpRequest(decodeResult: success, version: HTTP/1.1)
POST /wd/hub/session/7ba8ff3bf30367aad55a4e3910d5e455/execute/sync HTTP/1.1
traceparent: 00-2df034b28d5db40726cba270685e6c8b-b322d8ef859fa2a3-01
User-Agent: selenium/4.13.0 (java windows)
Content-Length: 47374
Content-Type: application/json; charset=utf-8
host: localhost:4444
accept: */*

Response DefaultHttpResponse(decodeResult: success, version: HTTP/1.1)
HTTP/1.1 200 OK
content-length: 16
content-type: application/json; charset=utf-8
cache-control: no-cache

17:49:27.235 [AsyncHttpClient-1-2] DEBUG org.asynchttpclient.netty.channel.ChannelManager -- Adding key: http://localhost:4444 for channel [id: 0x020b4601, L:/127.0.0.1:63420 - R:localhost/127.0.0.1:4444]
17:49:27.237 [Forwarding getElementAttribute on session 7ba8ff3bf30367aad55a4e3910d5e455 to remote] DEBUG org.asynchttpclient.netty.request.NettyRequestSender -- Using pooled Channel '[id: 0x020b4601, L:/127.0.0.1:63420 - R:localhost/127.0.0.1:4444]' for 'POST' to 'http://localhost:4444/wd/hub/session/7ba8ff3bf30367aad55a4e3910d5e455/execute/sync'
17:49:27.237 [Forwarding getElementAttribute on session 7ba8ff3bf30367aad55a4e3910d5e455 to remote] DEBUG org.asynchttpclient.netty.request.NettyRequestSender -- Using open Channel [id: 0x020b4601, L:/127.0.0.1:63420 - R:localhost/127.0.0.1:4444] for POST '/wd/hub/session/7ba8ff3bf30367aad55a4e3910d5e455/execute/sync'
17:49:27.266 [AsyncHttpClient-1-2] DEBUG org.asynchttpclient.netty.handler.HttpHandler -- 

Request DefaultHttpRequest(decodeResult: success, version: HTTP/1.1)
POST /wd/hub/session/7ba8ff3bf30367aad55a4e3910d5e455/execute/sync HTTP/1.1
traceparent: 00-335ddbcbbf4ccca761a6a444a1d907ed-45c0eb6489b178e2-01
User-Agent: selenium/4.13.0 (java windows)
Content-Length: 47379
Content-Type: application/json; charset=utf-8
host: localhost:4444
accept: */*

Response DefaultHttpResponse(decodeResult: success, version: HTTP/1.1)
HTTP/1.1 200 OK
content-length: 20
content-type: application/json; charset=utf-8
cache-control: no-cache

17:49:27.266 [AsyncHttpClient-1-2] DEBUG org.asynchttpclient.netty.channel.ChannelManager -- Adding key: http://localhost:4444 for channel [id: 0x020b4601, L:/127.0.0.1:63420 - R:localhost/127.0.0.1:4444]
17:49:27.269 [Forwarding getElementAttribute on session 7ba8ff3bf30367aad55a4e3910d5e455 to remote] DEBUG org.asynchttpclient.netty.request.NettyRequestSender -- Using pooled Channel '[id: 0x020b4601, L:/127.0.0.1:63420 - R:localhost/127.0.0.1:4444]' for 'POST' to 'http://localhost:4444/wd/hub/session/7ba8ff3bf30367aad55a4e3910d5e455/execute/sync'
17:49:27.269 [Forwarding getElementAttribute on session 7ba8ff3bf30367aad55a4e3910d5e455 to remote] DEBUG org.asynchttpclient.netty.request.NettyRequestSender -- Using open Channel [id: 0x020b4601, L:/127.0.0.1:63420 - R:localhost/127.0.0.1:4444] for POST '/wd/hub/session/7ba8ff3bf30367aad55a4e3910d5e455/execute/sync'
17:49:27.324 [AsyncHttpClient-1-2] DEBUG org.asynchttpclient.netty.handler.HttpHandler -- 

Request DefaultHttpRequest(decodeResult: success, version: HTTP/1.1)
POST /wd/hub/session/7ba8ff3bf30367aad55a4e3910d5e455/execute/sync HTTP/1.1
traceparent: 00-18c0dcf75b01b4bac85f790e26923dbf-63c48d08f5530895-01
User-Agent: selenium/4.13.0 (java windows)
Content-Length: 47372
Content-Type: application/json; charset=utf-8
host: localhost:4444
accept: */*

Response DefaultHttpResponse(decodeResult: success, version: HTTP/1.1)
HTTP/1.1 200 OK
content-length: 21
content-type: application/json; charset=utf-8
cache-control: no-cache

17:49:27.324 [AsyncHttpClient-1-2] DEBUG org.asynchttpclient.netty.channel.ChannelManager -- Adding key: http://localhost:4444 for channel [id: 0x020b4601, L:/127.0.0.1:63420 - R:localhost/127.0.0.1:4444]
17:49:27.327 [Forwarding getElementAttribute on session 7ba8ff3bf30367aad55a4e3910d5e455 to remote] DEBUG org.asynchttpclient.netty.request.NettyRequestSender -- Using pooled Channel '[id: 0x020b4601, L:/127.0.0.1:63420 - R:localhost/127.0.0.1:4444]' for 'POST' to 'http://localhost:4444/wd/hub/session/7ba8ff3bf30367aad55a4e3910d5e455/execute/sync'
17:49:27.327 [Forwarding getElementAttribute on session 7ba8ff3bf30367aad55a4e3910d5e455 to remote] DEBUG org.asynchttpclient.netty.request.NettyRequestSender -- Using open Channel [id: 0x020b4601, L:/127.0.0.1:63420 - R:localhost/127.0.0.1:4444] for POST '/wd/hub/session/7ba8ff3bf30367aad55a4e3910d5e455/execute/sync'
17:49:27.372 [AsyncHttpClient-1-2] DEBUG org.asynchttpclient.netty.handler.HttpHandler -- 

Request DefaultHttpRequest(decodeResult: success, version: HTTP/1.1)
POST /wd/hub/session/7ba8ff3bf30367aad55a4e3910d5e455/execute/sync HTTP/1.1
traceparent: 00-909dd69ed0b8c9b6dc08ab3da2108223-2663715583549920-01
User-Agent: selenium/4.13.0 (java windows)
Content-Length: 47374
Content-Type: application/json; charset=utf-8
host: localhost:4444
accept: */*

Response DefaultHttpResponse(decodeResult: success, version: HTTP/1.1)
HTTP/1.1 200 OK
content-length: 21
content-type: application/json; charset=utf-8
cache-control: no-cache

17:49:27.372 [AsyncHttpClient-1-2] DEBUG org.asynchttpclient.netty.channel.ChannelManager -- Adding key: http://localhost:4444 for channel [id: 0x020b4601, L:/127.0.0.1:63420 - R:localhost/127.0.0.1:4444]
17:49:27.375 [Forwarding getElementAttribute on session 7ba8ff3bf30367aad55a4e3910d5e455 to remote] DEBUG org.asynchttpclient.netty.request.NettyRequestSender -- Using pooled Channel '[id: 0x020b4601, L:/127.0.0.1:63420 - R:localhost/127.0.0.1:4444]' for 'POST' to 'http://localhost:4444/wd/hub/session/7ba8ff3bf30367aad55a4e3910d5e455/execute/sync'
17:49:27.375 [Forwarding getElementAttribute on session 7ba8ff3bf30367aad55a4e3910d5e455 to remote] DEBUG org.asynchttpclient.netty.request.NettyRequestSender -- Using open Channel [id: 0x020b4601, L:/127.0.0.1:63420 - R:localhost/127.0.0.1:4444] for POST '/wd/hub/session/7ba8ff3bf30367aad55a4e3910d5e455/execute/sync'
17:49:27.403 [AsyncHttpClient-1-2] DEBUG org.asynchttpclient.netty.handler.HttpHandler -- 

Request DefaultHttpRequest(decodeResult: success, version: HTTP/1.1)
POST /wd/hub/session/7ba8ff3bf30367aad55a4e3910d5e455/execute/sync HTTP/1.1
traceparent: 00-7380c6d715e8dcfb0b4ed229c7c65744-b11d641e3039312e-01
User-Agent: selenium/4.13.0 (java windows)
Content-Length: 47381
Content-Type: application/json; charset=utf-8
host: localhost:4444
accept: */*

Response DefaultHttpResponse(decodeResult: success, version: HTTP/1.1)
HTTP/1.1 200 OK
content-length: 15
content-type: application/json; charset=utf-8
cache-control: no-cache

17:49:27.404 [AsyncHttpClient-1-2] DEBUG org.asynchttpclient.netty.channel.ChannelManager -- Adding key: http://localhost:4444 for channel [id: 0x020b4601, L:/127.0.0.1:63420 - R:localhost/127.0.0.1:4444]
17:49:27.405 [Forwarding getElementAttribute on session 7ba8ff3bf30367aad55a4e3910d5e455 to remote] DEBUG org.asynchttpclient.netty.request.NettyRequestSender -- Using pooled Channel '[id: 0x020b4601, L:/127.0.0.1:63420 - R:localhost/127.0.0.1:4444]' for 'POST' to 'http://localhost:4444/wd/hub/session/7ba8ff3bf30367aad55a4e3910d5e455/execute/sync'
17:49:27.406 [Forwarding getElementAttribute on session 7ba8ff3bf30367aad55a4e3910d5e455 to remote] DEBUG org.asynchttpclient.netty.request.NettyRequestSender -- Using open Channel [id: 0x020b4601, L:/127.0.0.1:63420 - R:localhost/127.0.0.1:4444] for POST '/wd/hub/session/7ba8ff3bf30367aad55a4e3910d5e455/execute/sync'
17:49:27.432 [AsyncHttpClient-1-2] DEBUG org.asynchttpclient.netty.handler.HttpHandler -- 

Request DefaultHttpRequest(decodeResult: success, version: HTTP/1.1)
POST /wd/hub/session/7ba8ff3bf30367aad55a4e3910d5e455/execute/sync HTTP/1.1
traceparent: 00-389a56c0b1babcd24a89104d8e7f79bb-b63ef20a706e1ebf-01
User-Agent: selenium/4.13.0 (java windows)
Content-Length: 47384
Content-Type: application/json; charset=utf-8
host: localhost:4444
accept: */*

Response DefaultHttpResponse(decodeResult: success, version: HTTP/1.1)
HTTP/1.1 200 OK
content-length: 16
content-type: application/json; charset=utf-8
cache-control: no-cache

17:49:27.432 [AsyncHttpClient-1-2] DEBUG org.asynchttpclient.netty.channel.ChannelManager -- Adding key: http://localhost:4444 for channel [id: 0x020b4601, L:/127.0.0.1:63420 - R:localhost/127.0.0.1:4444]
17:49:27.434 [Forwarding getElementAttribute on session 7ba8ff3bf30367aad55a4e3910d5e455 to remote] DEBUG org.asynchttpclient.netty.request.NettyRequestSender -- Using pooled Channel '[id: 0x020b4601, L:/127.0.0.1:63420 - R:localhost/127.0.0.1:4444]' for 'POST' to 'http://localhost:4444/wd/hub/session/7ba8ff3bf30367aad55a4e3910d5e455/execute/sync'
17:49:27.434 [Forwarding getElementAttribute on session 7ba8ff3bf30367aad55a4e3910d5e455 to remote] DEBUG org.asynchttpclient.netty.request.NettyRequestSender -- Using open Channel [id: 0x020b4601, L:/127.0.0.1:63420 - R:localhost/127.0.0.1:4444] for POST '/wd/hub/session/7ba8ff3bf30367aad55a4e3910d5e455/execute/sync'
17:49:27.458 [AsyncHttpClient-1-2] DEBUG org.asynchttpclient.netty.handler.HttpHandler -- 

Request DefaultHttpRequest(decodeResult: success, version: HTTP/1.1)
POST /wd/hub/session/7ba8ff3bf30367aad55a4e3910d5e455/execute/sync HTTP/1.1
traceparent: 00-55e716509e5b9614a6405fb02b000650-32c8c840473a76dc-01
User-Agent: selenium/4.13.0 (java windows)
Content-Length: 47375
Content-Type: application/json; charset=utf-8
host: localhost:4444
accept: */*

Response DefaultHttpResponse(decodeResult: success, version: HTTP/1.1)
HTTP/1.1 200 OK
content-length: 27
content-type: application/json; charset=utf-8
cache-control: no-cache

17:49:27.458 [AsyncHttpClient-1-2] DEBUG org.asynchttpclient.netty.channel.ChannelManager -- Adding key: http://localhost:4444 for channel [id: 0x020b4601, L:/127.0.0.1:63420 - R:localhost/127.0.0.1:4444]
17:49:27.459 [main] INFO helpers.LoggerHelper -- Testing user: locked_out_user
17:49:27.460 [Forwarding findElement on session 7ba8ff3bf30367aad55a4e3910d5e455 to remote] DEBUG org.asynchttpclient.netty.request.NettyRequestSender -- Using pooled Channel '[id: 0x020b4601, L:/127.0.0.1:63420 - R:localhost/127.0.0.1:4444]' for 'POST' to 'http://localhost:4444/wd/hub/session/7ba8ff3bf30367aad55a4e3910d5e455/element'
17:49:27.460 [Forwarding findElement on session 7ba8ff3bf30367aad55a4e3910d5e455 to remote] DEBUG org.asynchttpclient.netty.request.NettyRequestSender -- Using open Channel [id: 0x020b4601, L:/127.0.0.1:63420 - R:localhost/127.0.0.1:4444] for POST '/wd/hub/session/7ba8ff3bf30367aad55a4e3910d5e455/element'
17:49:27.480 [AsyncHttpClient-1-2] DEBUG org.asynchttpclient.netty.handler.HttpHandler -- 

Request DefaultHttpRequest(decodeResult: success, version: HTTP/1.1)
POST /wd/hub/session/7ba8ff3bf30367aad55a4e3910d5e455/element HTTP/1.1
traceparent: 00-de771f8748a68e4e1538c133e552fe15-bf5813adc2a8c48e-01
User-Agent: selenium/4.13.0 (java windows)
Content-Length: 53
Content-Type: application/json; charset=utf-8
host: localhost:4444
accept: */*

Response DefaultHttpResponse(decodeResult: success, version: HTTP/1.1)
HTTP/1.1 200 OK
content-length: 95
content-type: application/json; charset=utf-8
cache-control: no-cache

17:49:27.480 [AsyncHttpClient-1-2] DEBUG org.asynchttpclient.netty.channel.ChannelManager -- Adding key: http://localhost:4444 for channel [id: 0x020b4601, L:/127.0.0.1:63420 - R:localhost/127.0.0.1:4444]
17:49:27.482 [Forwarding isElementDisplayed on session 7ba8ff3bf30367aad55a4e3910d5e455 to remote] DEBUG org.asynchttpclient.netty.request.NettyRequestSender -- Using pooled Channel '[id: 0x020b4601, L:/127.0.0.1:63420 - R:localhost/127.0.0.1:4444]' for 'POST' to 'http://localhost:4444/wd/hub/session/7ba8ff3bf30367aad55a4e3910d5e455/execute/sync'
17:49:27.482 [Forwarding isElementDisplayed on session 7ba8ff3bf30367aad55a4e3910d5e455 to remote] DEBUG org.asynchttpclient.netty.request.NettyRequestSender -- Using open Channel [id: 0x020b4601, L:/127.0.0.1:63420 - R:localhost/127.0.0.1:4444] for POST '/wd/hub/session/7ba8ff3bf30367aad55a4e3910d5e455/execute/sync'
17:49:27.508 [AsyncHttpClient-1-2] DEBUG org.asynchttpclient.netty.handler.HttpHandler -- 

Request DefaultHttpRequest(decodeResult: success, version: HTTP/1.1)
POST /wd/hub/session/7ba8ff3bf30367aad55a4e3910d5e455/execute/sync HTTP/1.1
traceparent: 00-5835fddcebf65ee3782c056d7e355c0a-4229dc6177ec3a6c-01
User-Agent: selenium/4.13.0 (java windows)
Content-Length: 48814
Content-Type: application/json; charset=utf-8
host: localhost:4444
accept: */*

Response DefaultHttpResponse(decodeResult: success, version: HTTP/1.1)
HTTP/1.1 200 OK
content-length: 14
content-type: application/json; charset=utf-8
cache-control: no-cache

17:49:27.508 [AsyncHttpClient-1-2] DEBUG org.asynchttpclient.netty.channel.ChannelManager -- Adding key: http://localhost:4444 for channel [id: 0x020b4601, L:/127.0.0.1:63420 - R:localhost/127.0.0.1:4444]
17:49:27.509 [Forwarding findElement on session 7ba8ff3bf30367aad55a4e3910d5e455 to remote] DEBUG org.asynchttpclient.netty.request.NettyRequestSender -- Using pooled Channel '[id: 0x020b4601, L:/127.0.0.1:63420 - R:localhost/127.0.0.1:4444]' for 'POST' to 'http://localhost:4444/wd/hub/session/7ba8ff3bf30367aad55a4e3910d5e455/element'
17:49:27.509 [Forwarding findElement on session 7ba8ff3bf30367aad55a4e3910d5e455 to remote] DEBUG org.asynchttpclient.netty.request.NettyRequestSender -- Using open Channel [id: 0x020b4601, L:/127.0.0.1:63420 - R:localhost/127.0.0.1:4444] for POST '/wd/hub/session/7ba8ff3bf30367aad55a4e3910d5e455/element'
17:49:27.530 [AsyncHttpClient-1-2] DEBUG org.asynchttpclient.netty.handler.HttpHandler -- 

Request DefaultHttpRequest(decodeResult: success, version: HTTP/1.1)
POST /wd/hub/session/7ba8ff3bf30367aad55a4e3910d5e455/element HTTP/1.1
traceparent: 00-d8914ad1ec7531a582ed0e192140526a-b89f220d22b46514-01
User-Agent: selenium/4.13.0 (java windows)
Content-Length: 53
Content-Type: application/json; charset=utf-8
host: localhost:4444
accept: */*

Response DefaultHttpResponse(decodeResult: success, version: HTTP/1.1)
HTTP/1.1 200 OK
content-length: 95
content-type: application/json; charset=utf-8
cache-control: no-cache

17:49:27.530 [AsyncHttpClient-1-2] DEBUG org.asynchttpclient.netty.channel.ChannelManager -- Adding key: http://localhost:4444 for channel [id: 0x020b4601, L:/127.0.0.1:63420 - R:localhost/127.0.0.1:4444]
17:49:27.531 [Forwarding sendKeysToElement on session 7ba8ff3bf30367aad55a4e3910d5e455 to remote] DEBUG org.asynchttpclient.netty.request.NettyRequestSender -- Using pooled Channel '[id: 0x020b4601, L:/127.0.0.1:63420 - R:localhost/127.0.0.1:4444]' for 'POST' to 'http://localhost:4444/wd/hub/session/7ba8ff3bf30367aad55a4e3910d5e455/element/592520A7FBDB3A33D944DE27452DA2A2_element_65/value'
17:49:27.532 [Forwarding sendKeysToElement on session 7ba8ff3bf30367aad55a4e3910d5e455 to remote] DEBUG org.asynchttpclient.netty.request.NettyRequestSender -- Using open Channel [id: 0x020b4601, L:/127.0.0.1:63420 - R:localhost/127.0.0.1:4444] for POST '/wd/hub/session/7ba8ff3bf30367aad55a4e3910d5e455/element/592520A7FBDB3A33D944DE27452DA2A2_element_65/value'
17:49:27.634 [AsyncHttpClient-1-2] DEBUG org.asynchttpclient.netty.handler.HttpHandler -- 

Request DefaultHttpRequest(decodeResult: success, version: HTTP/1.1)
POST /wd/hub/session/7ba8ff3bf30367aad55a4e3910d5e455/element/592520A7FBDB3A33D944DE27452DA2A2_element_65/value HTTP/1.1
traceparent: 00-2266b2557f0b9a1cf54829a740d1b3e2-8823d5e0c1fe6581-01
User-Agent: selenium/4.13.0 (java windows)
Content-Length: 208
Content-Type: application/json; charset=utf-8
host: localhost:4444
accept: */*

Response DefaultHttpResponse(decodeResult: success, version: HTTP/1.1)
HTTP/1.1 200 OK
content-length: 14
content-type: application/json; charset=utf-8
cache-control: no-cache

17:49:27.634 [AsyncHttpClient-1-2] DEBUG org.asynchttpclient.netty.channel.ChannelManager -- Adding key: http://localhost:4444 for channel [id: 0x020b4601, L:/127.0.0.1:63420 - R:localhost/127.0.0.1:4444]
17:49:27.635 [Forwarding findElement on session 7ba8ff3bf30367aad55a4e3910d5e455 to remote] DEBUG org.asynchttpclient.netty.request.NettyRequestSender -- Using pooled Channel '[id: 0x020b4601, L:/127.0.0.1:63420 - R:localhost/127.0.0.1:4444]' for 'POST' to 'http://localhost:4444/wd/hub/session/7ba8ff3bf30367aad55a4e3910d5e455/element'
17:49:27.635 [Forwarding findElement on session 7ba8ff3bf30367aad55a4e3910d5e455 to remote] DEBUG org.asynchttpclient.netty.request.NettyRequestSender -- Using open Channel [id: 0x020b4601, L:/127.0.0.1:63420 - R:localhost/127.0.0.1:4444] for POST '/wd/hub/session/7ba8ff3bf30367aad55a4e3910d5e455/element'
17:49:27.658 [AsyncHttpClient-1-2] DEBUG org.asynchttpclient.netty.handler.HttpHandler -- 

Request DefaultHttpRequest(decodeResult: success, version: HTTP/1.1)
POST /wd/hub/session/7ba8ff3bf30367aad55a4e3910d5e455/element HTTP/1.1
traceparent: 00-115316eb044c8e1089877806fc9c2991-3174ef1f06a9bf5c-01
User-Agent: selenium/4.13.0 (java windows)
Content-Length: 53
Content-Type: application/json; charset=utf-8
host: localhost:4444
accept: */*

Response DefaultHttpResponse(decodeResult: success, version: HTTP/1.1)
HTTP/1.1 200 OK
content-length: 95
content-type: application/json; charset=utf-8
cache-control: no-cache

17:49:27.658 [AsyncHttpClient-1-2] DEBUG org.asynchttpclient.netty.channel.ChannelManager -- Adding key: http://localhost:4444 for channel [id: 0x020b4601, L:/127.0.0.1:63420 - R:localhost/127.0.0.1:4444]
17:49:27.660 [Forwarding getElementAttribute on session 7ba8ff3bf30367aad55a4e3910d5e455 to remote] DEBUG org.asynchttpclient.netty.request.NettyRequestSender -- Using pooled Channel '[id: 0x020b4601, L:/127.0.0.1:63420 - R:localhost/127.0.0.1:4444]' for 'POST' to 'http://localhost:4444/wd/hub/session/7ba8ff3bf30367aad55a4e3910d5e455/execute/sync'
17:49:27.660 [Forwarding getElementAttribute on session 7ba8ff3bf30367aad55a4e3910d5e455 to remote] DEBUG org.asynchttpclient.netty.request.NettyRequestSender -- Using open Channel [id: 0x020b4601, L:/127.0.0.1:63420 - R:localhost/127.0.0.1:4444] for POST '/wd/hub/session/7ba8ff3bf30367aad55a4e3910d5e455/execute/sync'
17:49:27.684 [AsyncHttpClient-1-2] DEBUG org.asynchttpclient.netty.handler.HttpHandler -- 

Request DefaultHttpRequest(decodeResult: success, version: HTTP/1.1)
POST /wd/hub/session/7ba8ff3bf30367aad55a4e3910d5e455/execute/sync HTTP/1.1
traceparent: 00-6940eb3a808b973724d73d53df155dbb-82227951de1e4b8e-01
User-Agent: selenium/4.13.0 (java windows)
Content-Length: 47379
Content-Type: application/json; charset=utf-8
host: localhost:4444
accept: */*

Response DefaultHttpResponse(decodeResult: success, version: HTTP/1.1)
HTTP/1.1 200 OK
content-length: 224
content-type: application/json; charset=utf-8
cache-control: no-cache

17:49:27.684 [AsyncHttpClient-1-2] DEBUG org.asynchttpclient.netty.channel.ChannelManager -- Adding key: http://localhost:4444 for channel [id: 0x020b4601, L:/127.0.0.1:63420 - R:localhost/127.0.0.1:4444]
17:49:27.687 [Forwarding getElementAttribute on session 7ba8ff3bf30367aad55a4e3910d5e455 to remote] DEBUG org.asynchttpclient.netty.request.NettyRequestSender -- Using pooled Channel '[id: 0x020b4601, L:/127.0.0.1:63420 - R:localhost/127.0.0.1:4444]' for 'POST' to 'http://localhost:4444/wd/hub/session/7ba8ff3bf30367aad55a4e3910d5e455/execute/sync'
17:49:27.687 [Forwarding getElementAttribute on session 7ba8ff3bf30367aad55a4e3910d5e455 to remote] DEBUG org.asynchttpclient.netty.request.NettyRequestSender -- Using open Channel [id: 0x020b4601, L:/127.0.0.1:63420 - R:localhost/127.0.0.1:4444] for POST '/wd/hub/session/7ba8ff3bf30367aad55a4e3910d5e455/execute/sync'
17:49:27.712 [AsyncHttpClient-1-2] DEBUG org.asynchttpclient.netty.handler.HttpHandler -- 

Request DefaultHttpRequest(decodeResult: success, version: HTTP/1.1)
POST /wd/hub/session/7ba8ff3bf30367aad55a4e3910d5e455/execute/sync HTTP/1.1
traceparent: 00-58315d09a6a35310087485f983994eb7-7ecc839bc5c6650f-01
User-Agent: selenium/4.13.0 (java windows)
Content-Length: 47375
Content-Type: application/json; charset=utf-8
host: localhost:4444
accept: */*

Response DefaultHttpResponse(decodeResult: success, version: HTTP/1.1)
HTTP/1.1 200 OK
content-length: 34
content-type: application/json; charset=utf-8
cache-control: no-cache

17:49:27.713 [AsyncHttpClient-1-2] DEBUG org.asynchttpclient.netty.channel.ChannelManager -- Adding key: http://localhost:4444 for channel [id: 0x020b4601, L:/127.0.0.1:63420 - R:localhost/127.0.0.1:4444]
17:49:27.714 [Forwarding getElementAttribute on session 7ba8ff3bf30367aad55a4e3910d5e455 to remote] DEBUG org.asynchttpclient.netty.request.NettyRequestSender -- Using pooled Channel '[id: 0x020b4601, L:/127.0.0.1:63420 - R:localhost/127.0.0.1:4444]' for 'POST' to 'http://localhost:4444/wd/hub/session/7ba8ff3bf30367aad55a4e3910d5e455/execute/sync'
17:49:27.714 [Forwarding getElementAttribute on session 7ba8ff3bf30367aad55a4e3910d5e455 to remote] DEBUG org.asynchttpclient.netty.request.NettyRequestSender -- Using open Channel [id: 0x020b4601, L:/127.0.0.1:63420 - R:localhost/127.0.0.1:4444] for POST '/wd/hub/session/7ba8ff3bf30367aad55a4e3910d5e455/execute/sync'
17:49:27.741 [AsyncHttpClient-1-2] DEBUG org.asynchttpclient.netty.handler.HttpHandler -- 

Request DefaultHttpRequest(decodeResult: success, version: HTTP/1.1)
POST /wd/hub/session/7ba8ff3bf30367aad55a4e3910d5e455/execute/sync HTTP/1.1
traceparent: 00-6810e5ebc62846df818a5e8330631201-8674a268bd1cbd5e-01
User-Agent: selenium/4.13.0 (java windows)
Content-Length: 47381
Content-Type: application/json; charset=utf-8
host: localhost:4444
accept: */*

Response DefaultHttpResponse(decodeResult: success, version: HTTP/1.1)
HTTP/1.1 200 OK
content-length: 20
content-type: application/json; charset=utf-8
cache-control: no-cache

17:49:27.741 [AsyncHttpClient-1-2] DEBUG org.asynchttpclient.netty.channel.ChannelManager -- Adding key: http://localhost:4444 for channel [id: 0x020b4601, L:/127.0.0.1:63420 - R:localhost/127.0.0.1:4444]
17:49:27.744 [Forwarding getElementAttribute on session 7ba8ff3bf30367aad55a4e3910d5e455 to remote] DEBUG org.asynchttpclient.netty.request.NettyRequestSender -- Using pooled Channel '[id: 0x020b4601, L:/127.0.0.1:63420 - R:localhost/127.0.0.1:4444]' for 'POST' to 'http://localhost:4444/wd/hub/session/7ba8ff3bf30367aad55a4e3910d5e455/execute/sync'
17:49:27.744 [Forwarding getElementAttribute on session 7ba8ff3bf30367aad55a4e3910d5e455 to remote] DEBUG org.asynchttpclient.netty.request.NettyRequestSender -- Using open Channel [id: 0x020b4601, L:/127.0.0.1:63420 - R:localhost/127.0.0.1:4444] for POST '/wd/hub/session/7ba8ff3bf30367aad55a4e3910d5e455/execute/sync'
17:49:27.769 [AsyncHttpClient-1-2] DEBUG org.asynchttpclient.netty.handler.HttpHandler -- 

Request DefaultHttpRequest(decodeResult: success, version: HTTP/1.1)
POST /wd/hub/session/7ba8ff3bf30367aad55a4e3910d5e455/execute/sync HTTP/1.1
traceparent: 00-a84d5d5602cdc4db27343dd28d4dcb46-4e87c5f827876763-01
User-Agent: selenium/4.13.0 (java windows)
Content-Length: 47374
Content-Type: application/json; charset=utf-8
host: localhost:4444
accept: */*

Response DefaultHttpResponse(decodeResult: success, version: HTTP/1.1)
HTTP/1.1 200 OK
content-length: 20
content-type: application/json; charset=utf-8
cache-control: no-cache

17:49:27.769 [AsyncHttpClient-1-2] DEBUG org.asynchttpclient.netty.channel.ChannelManager -- Adding key: http://localhost:4444 for channel [id: 0x020b4601, L:/127.0.0.1:63420 - R:localhost/127.0.0.1:4444]
17:49:27.771 [Forwarding getElementAttribute on session 7ba8ff3bf30367aad55a4e3910d5e455 to remote] DEBUG org.asynchttpclient.netty.request.NettyRequestSender -- Using pooled Channel '[id: 0x020b4601, L:/127.0.0.1:63420 - R:localhost/127.0.0.1:4444]' for 'POST' to 'http://localhost:4444/wd/hub/session/7ba8ff3bf30367aad55a4e3910d5e455/execute/sync'
17:49:27.771 [Forwarding getElementAttribute on session 7ba8ff3bf30367aad55a4e3910d5e455 to remote] DEBUG org.asynchttpclient.netty.request.NettyRequestSender -- Using open Channel [id: 0x020b4601, L:/127.0.0.1:63420 - R:localhost/127.0.0.1:4444] for POST '/wd/hub/session/7ba8ff3bf30367aad55a4e3910d5e455/execute/sync'
17:49:27.796 [AsyncHttpClient-1-2] DEBUG org.asynchttpclient.netty.handler.HttpHandler -- 

Request DefaultHttpRequest(decodeResult: success, version: HTTP/1.1)
POST /wd/hub/session/7ba8ff3bf30367aad55a4e3910d5e455/execute/sync HTTP/1.1
traceparent: 00-cef322f9b20e624ab134d5bbddcfe79a-55babb7b41e9df01-01
User-Agent: selenium/4.13.0 (java windows)
Content-Length: 47379
Content-Type: application/json; charset=utf-8
host: localhost:4444
accept: */*

Response DefaultHttpResponse(decodeResult: success, version: HTTP/1.1)
HTTP/1.1 200 OK
content-length: 20
content-type: application/json; charset=utf-8
cache-control: no-cache

17:49:27.797 [AsyncHttpClient-1-2] DEBUG org.asynchttpclient.netty.channel.ChannelManager -- Adding key: http://localhost:4444 for channel [id: 0x020b4601, L:/127.0.0.1:63420 - R:localhost/127.0.0.1:4444]
17:49:27.799 [Forwarding getElementAttribute on session 7ba8ff3bf30367aad55a4e3910d5e455 to remote] DEBUG org.asynchttpclient.netty.request.NettyRequestSender -- Using pooled Channel '[id: 0x020b4601, L:/127.0.0.1:63420 - R:localhost/127.0.0.1:4444]' for 'POST' to 'http://localhost:4444/wd/hub/session/7ba8ff3bf30367aad55a4e3910d5e455/execute/sync'
17:49:27.799 [Forwarding getElementAttribute on session 7ba8ff3bf30367aad55a4e3910d5e455 to remote] DEBUG org.asynchttpclient.netty.request.NettyRequestSender -- Using open Channel [id: 0x020b4601, L:/127.0.0.1:63420 - R:localhost/127.0.0.1:4444] for POST '/wd/hub/session/7ba8ff3bf30367aad55a4e3910d5e455/execute/sync'
17:49:27.824 [AsyncHttpClient-1-2] DEBUG org.asynchttpclient.netty.handler.HttpHandler -- 

Request DefaultHttpRequest(decodeResult: success, version: HTTP/1.1)
POST /wd/hub/session/7ba8ff3bf30367aad55a4e3910d5e455/execute/sync HTTP/1.1
traceparent: 00-119fb3b58befd5f9ba7ac399ca30c3cf-b1aeb89311ddc019-01
User-Agent: selenium/4.13.0 (java windows)
Content-Length: 47372
Content-Type: application/json; charset=utf-8
host: localhost:4444
accept: */*

Response DefaultHttpResponse(decodeResult: success, version: HTTP/1.1)
HTTP/1.1 200 OK
content-length: 20
content-type: application/json; charset=utf-8
cache-control: no-cache

17:49:27.825 [AsyncHttpClient-1-2] DEBUG org.asynchttpclient.netty.channel.ChannelManager -- Adding key: http://localhost:4444 for channel [id: 0x020b4601, L:/127.0.0.1:63420 - R:localhost/127.0.0.1:4444]
17:49:27.826 [Forwarding getElementAttribute on session 7ba8ff3bf30367aad55a4e3910d5e455 to remote] DEBUG org.asynchttpclient.netty.request.NettyRequestSender -- Using pooled Channel '[id: 0x020b4601, L:/127.0.0.1:63420 - R:localhost/127.0.0.1:4444]' for 'POST' to 'http://localhost:4444/wd/hub/session/7ba8ff3bf30367aad55a4e3910d5e455/execute/sync'
17:49:27.826 [Forwarding getElementAttribute on session 7ba8ff3bf30367aad55a4e3910d5e455 to remote] DEBUG org.asynchttpclient.netty.request.NettyRequestSender -- Using open Channel [id: 0x020b4601, L:/127.0.0.1:63420 - R:localhost/127.0.0.1:4444] for POST '/wd/hub/session/7ba8ff3bf30367aad55a4e3910d5e455/execute/sync'
17:49:27.851 [AsyncHttpClient-1-2] DEBUG org.asynchttpclient.netty.handler.HttpHandler -- 

Request DefaultHttpRequest(decodeResult: success, version: HTTP/1.1)
POST /wd/hub/session/7ba8ff3bf30367aad55a4e3910d5e455/execute/sync HTTP/1.1
traceparent: 00-a2a4bffc0eb88b9a90d4c44a4e1bb33b-90597c289eca8cec-01
User-Agent: selenium/4.13.0 (java windows)
Content-Length: 47374
Content-Type: application/json; charset=utf-8
host: localhost:4444
accept: */*

Response DefaultHttpResponse(decodeResult: success, version: HTTP/1.1)
HTTP/1.1 200 OK
content-length: 20
content-type: application/json; charset=utf-8
cache-control: no-cache

17:49:27.851 [AsyncHttpClient-1-2] DEBUG org.asynchttpclient.netty.channel.ChannelManager -- Adding key: http://localhost:4444 for channel [id: 0x020b4601, L:/127.0.0.1:63420 - R:localhost/127.0.0.1:4444]
17:49:27.853 [Forwarding getElementAttribute on session 7ba8ff3bf30367aad55a4e3910d5e455 to remote] DEBUG org.asynchttpclient.netty.request.NettyRequestSender -- Using pooled Channel '[id: 0x020b4601, L:/127.0.0.1:63420 - R:localhost/127.0.0.1:4444]' for 'POST' to 'http://localhost:4444/wd/hub/session/7ba8ff3bf30367aad55a4e3910d5e455/execute/sync'
17:49:27.853 [Forwarding getElementAttribute on session 7ba8ff3bf30367aad55a4e3910d5e455 to remote] DEBUG org.asynchttpclient.netty.request.NettyRequestSender -- Using open Channel [id: 0x020b4601, L:/127.0.0.1:63420 - R:localhost/127.0.0.1:4444] for POST '/wd/hub/session/7ba8ff3bf30367aad55a4e3910d5e455/execute/sync'
17:49:27.877 [AsyncHttpClient-1-2] DEBUG org.asynchttpclient.netty.handler.HttpHandler -- 

Request DefaultHttpRequest(decodeResult: success, version: HTTP/1.1)
POST /wd/hub/session/7ba8ff3bf30367aad55a4e3910d5e455/execute/sync HTTP/1.1
traceparent: 00-90ecde191ee2ae1d0026ac9819f83a51-aac8503aa2fd6adf-01
User-Agent: selenium/4.13.0 (java windows)
Content-Length: 47381
Content-Type: application/json; charset=utf-8
host: localhost:4444
accept: */*

Response DefaultHttpResponse(decodeResult: success, version: HTTP/1.1)
HTTP/1.1 200 OK
content-length: 15
content-type: application/json; charset=utf-8
cache-control: no-cache

17:49:27.877 [AsyncHttpClient-1-2] DEBUG org.asynchttpclient.netty.channel.ChannelManager -- Adding key: http://localhost:4444 for channel [id: 0x020b4601, L:/127.0.0.1:63420 - R:localhost/127.0.0.1:4444]
17:49:27.879 [Forwarding getElementAttribute on session 7ba8ff3bf30367aad55a4e3910d5e455 to remote] DEBUG org.asynchttpclient.netty.request.NettyRequestSender -- Using pooled Channel '[id: 0x020b4601, L:/127.0.0.1:63420 - R:localhost/127.0.0.1:4444]' for 'POST' to 'http://localhost:4444/wd/hub/session/7ba8ff3bf30367aad55a4e3910d5e455/execute/sync'
17:49:27.879 [Forwarding getElementAttribute on session 7ba8ff3bf30367aad55a4e3910d5e455 to remote] DEBUG org.asynchttpclient.netty.request.NettyRequestSender -- Using open Channel [id: 0x020b4601, L:/127.0.0.1:63420 - R:localhost/127.0.0.1:4444] for POST '/wd/hub/session/7ba8ff3bf30367aad55a4e3910d5e455/execute/sync'
17:49:27.918 [AsyncHttpClient-1-2] DEBUG org.asynchttpclient.netty.handler.HttpHandler -- 

Request DefaultHttpRequest(decodeResult: success, version: HTTP/1.1)
POST /wd/hub/session/7ba8ff3bf30367aad55a4e3910d5e455/execute/sync HTTP/1.1
traceparent: 00-ecb265a9d1b7ccbf928bad03ca8b7b1e-d10e6afa11817157-01
User-Agent: selenium/4.13.0 (java windows)
Content-Length: 47384
Content-Type: application/json; charset=utf-8
host: localhost:4444
accept: */*

Response DefaultHttpResponse(decodeResult: success, version: HTTP/1.1)
HTTP/1.1 200 OK
content-length: 16
content-type: application/json; charset=utf-8
cache-control: no-cache

17:49:27.918 [AsyncHttpClient-1-2] DEBUG org.asynchttpclient.netty.channel.ChannelManager -- Adding key: http://localhost:4444 for channel [id: 0x020b4601, L:/127.0.0.1:63420 - R:localhost/127.0.0.1:4444]
17:49:27.921 [Forwarding getElementAttribute on session 7ba8ff3bf30367aad55a4e3910d5e455 to remote] DEBUG org.asynchttpclient.netty.request.NettyRequestSender -- Using pooled Channel '[id: 0x020b4601, L:/127.0.0.1:63420 - R:localhost/127.0.0.1:4444]' for 'POST' to 'http://localhost:4444/wd/hub/session/7ba8ff3bf30367aad55a4e3910d5e455/execute/sync'
17:49:27.921 [Forwarding getElementAttribute on session 7ba8ff3bf30367aad55a4e3910d5e455 to remote] DEBUG org.asynchttpclient.netty.request.NettyRequestSender -- Using open Channel [id: 0x020b4601, L:/127.0.0.1:63420 - R:localhost/127.0.0.1:4444] for POST '/wd/hub/session/7ba8ff3bf30367aad55a4e3910d5e455/execute/sync'
17:49:27.954 [AsyncHttpClient-1-2] DEBUG org.asynchttpclient.netty.handler.HttpHandler -- 

Request DefaultHttpRequest(decodeResult: success, version: HTTP/1.1)
POST /wd/hub/session/7ba8ff3bf30367aad55a4e3910d5e455/execute/sync HTTP/1.1
traceparent: 00-568a97b11a43b2ce6c77de8e86081e01-924e9fe1607635c0-01
User-Agent: selenium/4.13.0 (java windows)
Content-Length: 47375
Content-Type: application/json; charset=utf-8
host: localhost:4444
accept: */*

Response DefaultHttpResponse(decodeResult: success, version: HTTP/1.1)
HTTP/1.1 200 OK
content-length: 24
content-type: application/json; charset=utf-8
cache-control: no-cache

17:49:27.954 [AsyncHttpClient-1-2] DEBUG org.asynchttpclient.netty.channel.ChannelManager -- Adding key: http://localhost:4444 for channel [id: 0x020b4601, L:/127.0.0.1:63420 - R:localhost/127.0.0.1:4444]
17:49:27.956 [main] INFO helpers.LoggerHelper -- Testing password: secret_sauce
17:49:27.956 [Forwarding findElement on session 7ba8ff3bf30367aad55a4e3910d5e455 to remote] DEBUG org.asynchttpclient.netty.request.NettyRequestSender -- Using pooled Channel '[id: 0x020b4601, L:/127.0.0.1:63420 - R:localhost/127.0.0.1:4444]' for 'POST' to 'http://localhost:4444/wd/hub/session/7ba8ff3bf30367aad55a4e3910d5e455/element'
17:49:27.956 [Forwarding findElement on session 7ba8ff3bf30367aad55a4e3910d5e455 to remote] DEBUG org.asynchttpclient.netty.request.NettyRequestSender -- Using open Channel [id: 0x020b4601, L:/127.0.0.1:63420 - R:localhost/127.0.0.1:4444] for POST '/wd/hub/session/7ba8ff3bf30367aad55a4e3910d5e455/element'
17:49:27.989 [AsyncHttpClient-1-2] DEBUG org.asynchttpclient.netty.handler.HttpHandler -- 

Request DefaultHttpRequest(decodeResult: success, version: HTTP/1.1)
POST /wd/hub/session/7ba8ff3bf30367aad55a4e3910d5e455/element HTTP/1.1
traceparent: 00-bf3fb615c5cd2193a0115a2c5420c2c2-21c0bbe8957eb26a-01
User-Agent: selenium/4.13.0 (java windows)
Content-Length: 59
Content-Type: application/json; charset=utf-8
host: localhost:4444
accept: */*

Response DefaultHttpResponse(decodeResult: success, version: HTTP/1.1)
HTTP/1.1 200 OK
content-length: 95
content-type: application/json; charset=utf-8
cache-control: no-cache

17:49:27.989 [AsyncHttpClient-1-2] DEBUG org.asynchttpclient.netty.channel.ChannelManager -- Adding key: http://localhost:4444 for channel [id: 0x020b4601, L:/127.0.0.1:63420 - R:localhost/127.0.0.1:4444]
17:49:27.992 [Forwarding isElementDisplayed on session 7ba8ff3bf30367aad55a4e3910d5e455 to remote] DEBUG org.asynchttpclient.netty.request.NettyRequestSender -- Using pooled Channel '[id: 0x020b4601, L:/127.0.0.1:63420 - R:localhost/127.0.0.1:4444]' for 'POST' to 'http://localhost:4444/wd/hub/session/7ba8ff3bf30367aad55a4e3910d5e455/execute/sync'
17:49:27.992 [Forwarding isElementDisplayed on session 7ba8ff3bf30367aad55a4e3910d5e455 to remote] DEBUG org.asynchttpclient.netty.request.NettyRequestSender -- Using open Channel [id: 0x020b4601, L:/127.0.0.1:63420 - R:localhost/127.0.0.1:4444] for POST '/wd/hub/session/7ba8ff3bf30367aad55a4e3910d5e455/execute/sync'
17:49:28.018 [AsyncHttpClient-1-2] DEBUG org.asynchttpclient.netty.handler.HttpHandler -- 

Request DefaultHttpRequest(decodeResult: success, version: HTTP/1.1)
POST /wd/hub/session/7ba8ff3bf30367aad55a4e3910d5e455/execute/sync HTTP/1.1
traceparent: 00-2f1c5f4a7ec855ad16fbc08af6c70685-5308d9d52f63d8e3-01
User-Agent: selenium/4.13.0 (java windows)
Content-Length: 48814
Content-Type: application/json; charset=utf-8
host: localhost:4444
accept: */*

Response DefaultHttpResponse(decodeResult: success, version: HTTP/1.1)
HTTP/1.1 200 OK
content-length: 14
content-type: application/json; charset=utf-8
cache-control: no-cache

17:49:28.018 [AsyncHttpClient-1-2] DEBUG org.asynchttpclient.netty.channel.ChannelManager -- Adding key: http://localhost:4444 for channel [id: 0x020b4601, L:/127.0.0.1:63420 - R:localhost/127.0.0.1:4444]
17:49:28.020 [Forwarding findElement on session 7ba8ff3bf30367aad55a4e3910d5e455 to remote] DEBUG org.asynchttpclient.netty.request.NettyRequestSender -- Using pooled Channel '[id: 0x020b4601, L:/127.0.0.1:63420 - R:localhost/127.0.0.1:4444]' for 'POST' to 'http://localhost:4444/wd/hub/session/7ba8ff3bf30367aad55a4e3910d5e455/element'
17:49:28.020 [Forwarding findElement on session 7ba8ff3bf30367aad55a4e3910d5e455 to remote] DEBUG org.asynchttpclient.netty.request.NettyRequestSender -- Using open Channel [id: 0x020b4601, L:/127.0.0.1:63420 - R:localhost/127.0.0.1:4444] for POST '/wd/hub/session/7ba8ff3bf30367aad55a4e3910d5e455/element'
17:49:28.041 [AsyncHttpClient-1-2] DEBUG org.asynchttpclient.netty.handler.HttpHandler -- 

Request DefaultHttpRequest(decodeResult: success, version: HTTP/1.1)
POST /wd/hub/session/7ba8ff3bf30367aad55a4e3910d5e455/element HTTP/1.1
traceparent: 00-dc865b18e83fb1be76d57aac5facf9f6-18589b2f57affffc-01
User-Agent: selenium/4.13.0 (java windows)
Content-Length: 59
Content-Type: application/json; charset=utf-8
host: localhost:4444
accept: */*

Response DefaultHttpResponse(decodeResult: success, version: HTTP/1.1)
HTTP/1.1 200 OK
content-length: 95
content-type: application/json; charset=utf-8
cache-control: no-cache

17:49:28.041 [AsyncHttpClient-1-2] DEBUG org.asynchttpclient.netty.channel.ChannelManager -- Adding key: http://localhost:4444 for channel [id: 0x020b4601, L:/127.0.0.1:63420 - R:localhost/127.0.0.1:4444]
17:49:28.044 [Forwarding getElementAttribute on session 7ba8ff3bf30367aad55a4e3910d5e455 to remote] DEBUG org.asynchttpclient.netty.request.NettyRequestSender -- Using pooled Channel '[id: 0x020b4601, L:/127.0.0.1:63420 - R:localhost/127.0.0.1:4444]' for 'POST' to 'http://localhost:4444/wd/hub/session/7ba8ff3bf30367aad55a4e3910d5e455/execute/sync'
17:49:28.044 [Forwarding getElementAttribute on session 7ba8ff3bf30367aad55a4e3910d5e455 to remote] DEBUG org.asynchttpclient.netty.request.NettyRequestSender -- Using open Channel [id: 0x020b4601, L:/127.0.0.1:63420 - R:localhost/127.0.0.1:4444] for POST '/wd/hub/session/7ba8ff3bf30367aad55a4e3910d5e455/execute/sync'
17:49:28.072 [AsyncHttpClient-1-2] DEBUG org.asynchttpclient.netty.handler.HttpHandler -- 

Request DefaultHttpRequest(decodeResult: success, version: HTTP/1.1)
POST /wd/hub/session/7ba8ff3bf30367aad55a4e3910d5e455/execute/sync HTTP/1.1
traceparent: 00-b978ab3c037e0f1ecdb26bb4ab3e77a9-8bf4d09b9ff7d0c5-01
User-Agent: selenium/4.13.0 (java windows)
Content-Length: 47379
Content-Type: application/json; charset=utf-8
host: localhost:4444
accept: */*

Response DefaultHttpResponse(decodeResult: success, version: HTTP/1.1)
HTTP/1.1 200 OK
content-length: 160
content-type: application/json; charset=utf-8
cache-control: no-cache

17:49:28.073 [AsyncHttpClient-1-2] DEBUG org.asynchttpclient.netty.channel.ChannelManager -- Adding key: http://localhost:4444 for channel [id: 0x020b4601, L:/127.0.0.1:63420 - R:localhost/127.0.0.1:4444]
17:49:28.075 [Forwarding getElementAttribute on session 7ba8ff3bf30367aad55a4e3910d5e455 to remote] DEBUG org.asynchttpclient.netty.request.NettyRequestSender -- Using pooled Channel '[id: 0x020b4601, L:/127.0.0.1:63420 - R:localhost/127.0.0.1:4444]' for 'POST' to 'http://localhost:4444/wd/hub/session/7ba8ff3bf30367aad55a4e3910d5e455/execute/sync'
17:49:28.075 [Forwarding getElementAttribute on session 7ba8ff3bf30367aad55a4e3910d5e455 to remote] DEBUG org.asynchttpclient.netty.request.NettyRequestSender -- Using open Channel [id: 0x020b4601, L:/127.0.0.1:63420 - R:localhost/127.0.0.1:4444] for POST '/wd/hub/session/7ba8ff3bf30367aad55a4e3910d5e455/execute/sync'
17:49:28.102 [AsyncHttpClient-1-2] DEBUG org.asynchttpclient.netty.handler.HttpHandler -- 

Request DefaultHttpRequest(decodeResult: success, version: HTTP/1.1)
POST /wd/hub/session/7ba8ff3bf30367aad55a4e3910d5e455/execute/sync HTTP/1.1
traceparent: 00-deb95cd5fbaed0e92bc947fd748be7b9-08bb37b1ac3f3c6c-01
User-Agent: selenium/4.13.0 (java windows)
Content-Length: 47374
Content-Type: application/json; charset=utf-8
host: localhost:4444
accept: */*

Response DefaultHttpResponse(decodeResult: success, version: HTTP/1.1)
HTTP/1.1 200 OK
content-length: 18
content-type: application/json; charset=utf-8
cache-control: no-cache

17:49:28.102 [AsyncHttpClient-1-2] DEBUG org.asynchttpclient.netty.channel.ChannelManager -- Adding key: http://localhost:4444 for channel [id: 0x020b4601, L:/127.0.0.1:63420 - R:localhost/127.0.0.1:4444]
17:49:28.104 [Forwarding getElementAttribute on session 7ba8ff3bf30367aad55a4e3910d5e455 to remote] DEBUG org.asynchttpclient.netty.request.NettyRequestSender -- Using pooled Channel '[id: 0x020b4601, L:/127.0.0.1:63420 - R:localhost/127.0.0.1:4444]' for 'POST' to 'http://localhost:4444/wd/hub/session/7ba8ff3bf30367aad55a4e3910d5e455/execute/sync'
17:49:28.104 [Forwarding getElementAttribute on session 7ba8ff3bf30367aad55a4e3910d5e455 to remote] DEBUG org.asynchttpclient.netty.request.NettyRequestSender -- Using open Channel [id: 0x020b4601, L:/127.0.0.1:63420 - R:localhost/127.0.0.1:4444] for POST '/wd/hub/session/7ba8ff3bf30367aad55a4e3910d5e455/execute/sync'
17:49:28.126 [AsyncHttpClient-1-2] DEBUG org.asynchttpclient.netty.handler.HttpHandler -- 

Request DefaultHttpRequest(decodeResult: success, version: HTTP/1.1)
POST /wd/hub/session/7ba8ff3bf30367aad55a4e3910d5e455/execute/sync HTTP/1.1
traceparent: 00-2b6d236fb334a792bfe5267c09c03bd0-fa013d533f186367-01
User-Agent: selenium/4.13.0 (java windows)
Content-Length: 47375
Content-Type: application/json; charset=utf-8
host: localhost:4444
accept: */*

Response DefaultHttpResponse(decodeResult: success, version: HTTP/1.1)
HTTP/1.1 200 OK
content-length: 36
content-type: application/json; charset=utf-8
cache-control: no-cache

17:49:28.127 [AsyncHttpClient-1-2] DEBUG org.asynchttpclient.netty.channel.ChannelManager -- Adding key: http://localhost:4444 for channel [id: 0x020b4601, L:/127.0.0.1:63420 - R:localhost/127.0.0.1:4444]
17:49:28.128 [Forwarding getElementAttribute on session 7ba8ff3bf30367aad55a4e3910d5e455 to remote] DEBUG org.asynchttpclient.netty.request.NettyRequestSender -- Using pooled Channel '[id: 0x020b4601, L:/127.0.0.1:63420 - R:localhost/127.0.0.1:4444]' for 'POST' to 'http://localhost:4444/wd/hub/session/7ba8ff3bf30367aad55a4e3910d5e455/execute/sync'
17:49:28.128 [Forwarding getElementAttribute on session 7ba8ff3bf30367aad55a4e3910d5e455 to remote] DEBUG org.asynchttpclient.netty.request.NettyRequestSender -- Using open Channel [id: 0x020b4601, L:/127.0.0.1:63420 - R:localhost/127.0.0.1:4444] for POST '/wd/hub/session/7ba8ff3bf30367aad55a4e3910d5e455/execute/sync'
17:49:28.154 [AsyncHttpClient-1-2] DEBUG org.asynchttpclient.netty.handler.HttpHandler -- 

Request DefaultHttpRequest(decodeResult: success, version: HTTP/1.1)
POST /wd/hub/session/7ba8ff3bf30367aad55a4e3910d5e455/execute/sync HTTP/1.1
traceparent: 00-3972ba96a11fadac0394a9cc94fb6731-45d1b9b4cd5c94fc-01
User-Agent: selenium/4.13.0 (java windows)
Content-Length: 47379
Content-Type: application/json; charset=utf-8
host: localhost:4444
accept: */*

Response DefaultHttpResponse(decodeResult: success, version: HTTP/1.1)
HTTP/1.1 200 OK
content-length: 24
content-type: application/json; charset=utf-8
cache-control: no-cache

17:49:28.155 [AsyncHttpClient-1-2] DEBUG org.asynchttpclient.netty.channel.ChannelManager -- Adding key: http://localhost:4444 for channel [id: 0x020b4601, L:/127.0.0.1:63420 - R:localhost/127.0.0.1:4444]
17:49:28.157 [Forwarding getElementAttribute on session 7ba8ff3bf30367aad55a4e3910d5e455 to remote] DEBUG org.asynchttpclient.netty.request.NettyRequestSender -- Using pooled Channel '[id: 0x020b4601, L:/127.0.0.1:63420 - R:localhost/127.0.0.1:4444]' for 'POST' to 'http://localhost:4444/wd/hub/session/7ba8ff3bf30367aad55a4e3910d5e455/execute/sync'
17:49:28.157 [Forwarding getElementAttribute on session 7ba8ff3bf30367aad55a4e3910d5e455 to remote] DEBUG org.asynchttpclient.netty.request.NettyRequestSender -- Using open Channel [id: 0x020b4601, L:/127.0.0.1:63420 - R:localhost/127.0.0.1:4444] for POST '/wd/hub/session/7ba8ff3bf30367aad55a4e3910d5e455/execute/sync'
17:49:28.180 [AsyncHttpClient-1-2] DEBUG org.asynchttpclient.netty.handler.HttpHandler -- 

Request DefaultHttpRequest(decodeResult: success, version: HTTP/1.1)
POST /wd/hub/session/7ba8ff3bf30367aad55a4e3910d5e455/execute/sync HTTP/1.1
traceparent: 00-1b134251043e8ac454509cf021bba582-e8928d90c9cfc9bb-01
User-Agent: selenium/4.13.0 (java windows)
Content-Length: 47372
Content-Type: application/json; charset=utf-8
host: localhost:4444
accept: */*

Response DefaultHttpResponse(decodeResult: success, version: HTTP/1.1)
HTTP/1.1 200 OK
content-length: 24
content-type: application/json; charset=utf-8
cache-control: no-cache

17:49:28.181 [AsyncHttpClient-1-2] DEBUG org.asynchttpclient.netty.channel.ChannelManager -- Adding key: http://localhost:4444 for channel [id: 0x020b4601, L:/127.0.0.1:63420 - R:localhost/127.0.0.1:4444]
17:49:28.182 [Forwarding getElementAttribute on session 7ba8ff3bf30367aad55a4e3910d5e455 to remote] DEBUG org.asynchttpclient.netty.request.NettyRequestSender -- Using pooled Channel '[id: 0x020b4601, L:/127.0.0.1:63420 - R:localhost/127.0.0.1:4444]' for 'POST' to 'http://localhost:4444/wd/hub/session/7ba8ff3bf30367aad55a4e3910d5e455/execute/sync'
17:49:28.182 [Forwarding getElementAttribute on session 7ba8ff3bf30367aad55a4e3910d5e455 to remote] DEBUG org.asynchttpclient.netty.request.NettyRequestSender -- Using open Channel [id: 0x020b4601, L:/127.0.0.1:63420 - R:localhost/127.0.0.1:4444] for POST '/wd/hub/session/7ba8ff3bf30367aad55a4e3910d5e455/execute/sync'
17:49:28.208 [AsyncHttpClient-1-2] DEBUG org.asynchttpclient.netty.handler.HttpHandler -- 

Request DefaultHttpRequest(decodeResult: success, version: HTTP/1.1)
POST /wd/hub/session/7ba8ff3bf30367aad55a4e3910d5e455/execute/sync HTTP/1.1
traceparent: 00-b620839713f33ab8958915225a45afb3-1b4363284b19bb6b-01
User-Agent: selenium/4.13.0 (java windows)
Content-Length: 47374
Content-Type: application/json; charset=utf-8
host: localhost:4444
accept: */*

Response DefaultHttpResponse(decodeResult: success, version: HTTP/1.1)
HTTP/1.1 200 OK
content-length: 24
content-type: application/json; charset=utf-8
cache-control: no-cache

17:49:28.209 [AsyncHttpClient-1-2] DEBUG org.asynchttpclient.netty.channel.ChannelManager -- Adding key: http://localhost:4444 for channel [id: 0x020b4601, L:/127.0.0.1:63420 - R:localhost/127.0.0.1:4444]
17:49:28.211 [Forwarding getElementAttribute on session 7ba8ff3bf30367aad55a4e3910d5e455 to remote] DEBUG org.asynchttpclient.netty.request.NettyRequestSender -- Using pooled Channel '[id: 0x020b4601, L:/127.0.0.1:63420 - R:localhost/127.0.0.1:4444]' for 'POST' to 'http://localhost:4444/wd/hub/session/7ba8ff3bf30367aad55a4e3910d5e455/execute/sync'
17:49:28.211 [Forwarding getElementAttribute on session 7ba8ff3bf30367aad55a4e3910d5e455 to remote] DEBUG org.asynchttpclient.netty.request.NettyRequestSender -- Using open Channel [id: 0x020b4601, L:/127.0.0.1:63420 - R:localhost/127.0.0.1:4444] for POST '/wd/hub/session/7ba8ff3bf30367aad55a4e3910d5e455/execute/sync'
17:49:28.239 [AsyncHttpClient-1-2] DEBUG org.asynchttpclient.netty.handler.HttpHandler -- 

Request DefaultHttpRequest(decodeResult: success, version: HTTP/1.1)
POST /wd/hub/session/7ba8ff3bf30367aad55a4e3910d5e455/execute/sync HTTP/1.1
traceparent: 00-b57f7ebf6b7dc32e378a604b18a8dbbd-dc698d3e37612b02-01
User-Agent: selenium/4.13.0 (java windows)
Content-Length: 47375
Content-Type: application/json; charset=utf-8
host: localhost:4444
accept: */*

Response DefaultHttpResponse(decodeResult: success, version: HTTP/1.1)
HTTP/1.1 200 OK
content-length: 17
content-type: application/json; charset=utf-8
cache-control: no-cache

17:49:28.240 [AsyncHttpClient-1-2] DEBUG org.asynchttpclient.netty.channel.ChannelManager -- Adding key: http://localhost:4444 for channel [id: 0x020b4601, L:/127.0.0.1:63420 - R:localhost/127.0.0.1:4444]
17:49:28.241 [Forwarding findElement on session 7ba8ff3bf30367aad55a4e3910d5e455 to remote] DEBUG org.asynchttpclient.netty.request.NettyRequestSender -- Using pooled Channel '[id: 0x020b4601, L:/127.0.0.1:63420 - R:localhost/127.0.0.1:4444]' for 'POST' to 'http://localhost:4444/wd/hub/session/7ba8ff3bf30367aad55a4e3910d5e455/element'
17:49:28.241 [Forwarding findElement on session 7ba8ff3bf30367aad55a4e3910d5e455 to remote] DEBUG org.asynchttpclient.netty.request.NettyRequestSender -- Using open Channel [id: 0x020b4601, L:/127.0.0.1:63420 - R:localhost/127.0.0.1:4444] for POST '/wd/hub/session/7ba8ff3bf30367aad55a4e3910d5e455/element'
17:49:28.264 [AsyncHttpClient-1-2] DEBUG org.asynchttpclient.netty.handler.HttpHandler -- 

Request DefaultHttpRequest(decodeResult: success, version: HTTP/1.1)
POST /wd/hub/session/7ba8ff3bf30367aad55a4e3910d5e455/element HTTP/1.1
traceparent: 00-59d6dc55a00a9b9b2bf6230600df8fe5-366630da35eb3b40-01
User-Agent: selenium/4.13.0 (java windows)
Content-Length: 59
Content-Type: application/json; charset=utf-8
host: localhost:4444
accept: */*

Response DefaultHttpResponse(decodeResult: success, version: HTTP/1.1)
HTTP/1.1 200 OK
content-length: 95
content-type: application/json; charset=utf-8
cache-control: no-cache

17:49:28.264 [AsyncHttpClient-1-2] DEBUG org.asynchttpclient.netty.channel.ChannelManager -- Adding key: http://localhost:4444 for channel [id: 0x020b4601, L:/127.0.0.1:63420 - R:localhost/127.0.0.1:4444]
17:49:28.265 [Forwarding clickElement on session 7ba8ff3bf30367aad55a4e3910d5e455 to remote] DEBUG org.asynchttpclient.netty.request.NettyRequestSender -- Using pooled Channel '[id: 0x020b4601, L:/127.0.0.1:63420 - R:localhost/127.0.0.1:4444]' for 'POST' to 'http://localhost:4444/wd/hub/session/7ba8ff3bf30367aad55a4e3910d5e455/element/592520A7FBDB3A33D944DE27452DA2A2_element_70/click'
17:49:28.265 [Forwarding clickElement on session 7ba8ff3bf30367aad55a4e3910d5e455 to remote] DEBUG org.asynchttpclient.netty.request.NettyRequestSender -- Using open Channel [id: 0x020b4601, L:/127.0.0.1:63420 - R:localhost/127.0.0.1:4444] for POST '/wd/hub/session/7ba8ff3bf30367aad55a4e3910d5e455/element/592520A7FBDB3A33D944DE27452DA2A2_element_70/click'
17:49:28.336 [AsyncHttpClient-1-2] DEBUG org.asynchttpclient.netty.handler.HttpHandler -- 

Request DefaultHttpRequest(decodeResult: success, version: HTTP/1.1)
POST /wd/hub/session/7ba8ff3bf30367aad55a4e3910d5e455/element/592520A7FBDB3A33D944DE27452DA2A2_element_70/click HTTP/1.1
traceparent: 00-ca429d6005f0ec4ca212ae72f237311b-703d3b390469524f-01
User-Agent: selenium/4.13.0 (java windows)
Content-Length: 57
Content-Type: application/json; charset=utf-8
host: localhost:4444
accept: */*

Response DefaultHttpResponse(decodeResult: success, version: HTTP/1.1)
HTTP/1.1 200 OK
content-length: 14
content-type: application/json; charset=utf-8
cache-control: no-cache

17:49:28.336 [AsyncHttpClient-1-2] DEBUG org.asynchttpclient.netty.channel.ChannelManager -- Adding key: http://localhost:4444 for channel [id: 0x020b4601, L:/127.0.0.1:63420 - R:localhost/127.0.0.1:4444]
17:49:28.337 [main] INFO helpers.LoggerHelper -- @Test: readFromFileExcel has PASSED
17:49:28.337 [main] INFO helpers.LoggerHelper -- ######################################################################################
17:49:28.338 [Forwarding screenshot on session 7ba8ff3bf30367aad55a4e3910d5e455 to remote] DEBUG org.asynchttpclient.netty.request.NettyRequestSender -- Using pooled Channel '[id: 0x020b4601, L:/127.0.0.1:63420 - R:localhost/127.0.0.1:4444]' for 'GET' to 'http://localhost:4444/wd/hub/session/7ba8ff3bf30367aad55a4e3910d5e455/screenshot'
17:49:28.339 [Forwarding screenshot on session 7ba8ff3bf30367aad55a4e3910d5e455 to remote] DEBUG org.asynchttpclient.netty.request.NettyRequestSender -- Using open Channel [id: 0x020b4601, L:/127.0.0.1:63420 - R:localhost/127.0.0.1:4444] for GET '/wd/hub/session/7ba8ff3bf30367aad55a4e3910d5e455/screenshot'
17:49:28.482 [AsyncHttpClient-1-2] DEBUG org.asynchttpclient.netty.handler.HttpHandler -- 

Request DefaultFullHttpRequest(decodeResult: success, version: HTTP/1.1, content: EmptyByteBufBE)
GET /wd/hub/session/7ba8ff3bf30367aad55a4e3910d5e455/screenshot HTTP/1.1
Cache-Control: no-cache
traceparent: 00-5d0f1b69bfbf3d4c91b2a948027243b4-ced099fd057faa5b-01
User-Agent: selenium/4.13.0 (java windows)
Content-Type: application/json; charset=utf-8
host: localhost:4444
accept: */*

Response DefaultHttpResponse(decodeResult: success, version: HTTP/1.1)
HTTP/1.1 200 OK
content-length: 53176
content-type: application/json; charset=utf-8
cache-control: no-cache

17:49:28.482 [AsyncHttpClient-1-2] DEBUG org.asynchttpclient.netty.channel.ChannelManager -- Adding key: http://localhost:4444 for channel [id: 0x020b4601, L:/127.0.0.1:63420 - R:localhost/127.0.0.1:4444]
17:49:28.492 [main] INFO helpers.LoggerHelper -- Screenshot saved successfully.
]]></system-out>
  </testcase>
  <testcase name="readFromFileExcel[1234.0, 1324.0](3)" classname="FrontEnd.SauceDemo.LoginWithDP" time="1.703">
    <system-out><![CDATA[17:49:28.493 [main] INFO helpers.LoggerHelper -- @Test: readFromFileExcel
17:49:28.493 [main] INFO helpers.LoggerHelper -- Description: Trying to read data from an Excel file
17:49:28.493 [main] INFO helpers.LoggerHelper -- ######################################################################################
17:49:28.495 [Forwarding get on session 7ba8ff3bf30367aad55a4e3910d5e455 to remote] DEBUG org.asynchttpclient.netty.request.NettyRequestSender -- Using pooled Channel '[id: 0x020b4601, L:/127.0.0.1:63420 - R:localhost/127.0.0.1:4444]' for 'POST' to 'http://localhost:4444/wd/hub/session/7ba8ff3bf30367aad55a4e3910d5e455/url'
17:49:28.495 [Forwarding get on session 7ba8ff3bf30367aad55a4e3910d5e455 to remote] DEBUG org.asynchttpclient.netty.request.NettyRequestSender -- Using open Channel [id: 0x020b4601, L:/127.0.0.1:63420 - R:localhost/127.0.0.1:4444] for POST '/wd/hub/session/7ba8ff3bf30367aad55a4e3910d5e455/url'
17:49:28.584 [AsyncHttpClient-1-2] DEBUG org.asynchttpclient.netty.handler.HttpHandler -- 

Request DefaultHttpRequest(decodeResult: success, version: HTTP/1.1)
POST /wd/hub/session/7ba8ff3bf30367aad55a4e3910d5e455/url HTTP/1.1
traceparent: 00-68178da1fa1484d009fa18b7450f5d7e-ba0b32d0d16f864c-01
User-Agent: selenium/4.13.0 (java windows)
Content-Length: 43
Content-Type: application/json; charset=utf-8
host: localhost:4444
accept: */*

Response DefaultHttpResponse(decodeResult: success, version: HTTP/1.1)
HTTP/1.1 200 OK
content-length: 14
content-type: application/json; charset=utf-8
cache-control: no-cache

17:49:28.584 [AsyncHttpClient-1-2] DEBUG org.asynchttpclient.netty.channel.ChannelManager -- Adding key: http://localhost:4444 for channel [id: 0x020b4601, L:/127.0.0.1:63420 - R:localhost/127.0.0.1:4444]
17:49:28.585 [Forwarding findElement on session 7ba8ff3bf30367aad55a4e3910d5e455 to remote] DEBUG org.asynchttpclient.netty.request.NettyRequestSender -- Using pooled Channel '[id: 0x020b4601, L:/127.0.0.1:63420 - R:localhost/127.0.0.1:4444]' for 'POST' to 'http://localhost:4444/wd/hub/session/7ba8ff3bf30367aad55a4e3910d5e455/element'
17:49:28.585 [Forwarding findElement on session 7ba8ff3bf30367aad55a4e3910d5e455 to remote] DEBUG org.asynchttpclient.netty.request.NettyRequestSender -- Using open Channel [id: 0x020b4601, L:/127.0.0.1:63420 - R:localhost/127.0.0.1:4444] for POST '/wd/hub/session/7ba8ff3bf30367aad55a4e3910d5e455/element'
17:49:28.611 [AsyncHttpClient-1-2] DEBUG org.asynchttpclient.netty.handler.HttpHandler -- 

Request DefaultHttpRequest(decodeResult: success, version: HTTP/1.1)
POST /wd/hub/session/7ba8ff3bf30367aad55a4e3910d5e455/element HTTP/1.1
traceparent: 00-6236f316fe3e8067dac23d2597e3c0d2-11d204149617cfaf-01
User-Agent: selenium/4.13.0 (java windows)
Content-Length: 56
Content-Type: application/json; charset=utf-8
host: localhost:4444
accept: */*

Response DefaultHttpResponse(decodeResult: success, version: HTTP/1.1)
HTTP/1.1 200 OK
content-length: 95
content-type: application/json; charset=utf-8
cache-control: no-cache

17:49:28.612 [AsyncHttpClient-1-2] DEBUG org.asynchttpclient.netty.channel.ChannelManager -- Adding key: http://localhost:4444 for channel [id: 0x020b4601, L:/127.0.0.1:63420 - R:localhost/127.0.0.1:4444]
17:49:28.614 [Forwarding isElementDisplayed on session 7ba8ff3bf30367aad55a4e3910d5e455 to remote] DEBUG org.asynchttpclient.netty.request.NettyRequestSender -- Using pooled Channel '[id: 0x020b4601, L:/127.0.0.1:63420 - R:localhost/127.0.0.1:4444]' for 'POST' to 'http://localhost:4444/wd/hub/session/7ba8ff3bf30367aad55a4e3910d5e455/execute/sync'
17:49:28.614 [Forwarding isElementDisplayed on session 7ba8ff3bf30367aad55a4e3910d5e455 to remote] DEBUG org.asynchttpclient.netty.request.NettyRequestSender -- Using open Channel [id: 0x020b4601, L:/127.0.0.1:63420 - R:localhost/127.0.0.1:4444] for POST '/wd/hub/session/7ba8ff3bf30367aad55a4e3910d5e455/execute/sync'
17:49:28.641 [AsyncHttpClient-1-2] DEBUG org.asynchttpclient.netty.handler.HttpHandler -- 

Request DefaultHttpRequest(decodeResult: success, version: HTTP/1.1)
POST /wd/hub/session/7ba8ff3bf30367aad55a4e3910d5e455/execute/sync HTTP/1.1
traceparent: 00-407fb875df965a2d2458c32e950e5e04-812db0305902985e-01
User-Agent: selenium/4.13.0 (java windows)
Content-Length: 48814
Content-Type: application/json; charset=utf-8
host: localhost:4444
accept: */*

Response DefaultHttpResponse(decodeResult: success, version: HTTP/1.1)
HTTP/1.1 200 OK
content-length: 14
content-type: application/json; charset=utf-8
cache-control: no-cache

17:49:28.641 [AsyncHttpClient-1-2] DEBUG org.asynchttpclient.netty.channel.ChannelManager -- Adding key: http://localhost:4444 for channel [id: 0x020b4601, L:/127.0.0.1:63420 - R:localhost/127.0.0.1:4444]
17:49:28.642 [Forwarding findElement on session 7ba8ff3bf30367aad55a4e3910d5e455 to remote] DEBUG org.asynchttpclient.netty.request.NettyRequestSender -- Using pooled Channel '[id: 0x020b4601, L:/127.0.0.1:63420 - R:localhost/127.0.0.1:4444]' for 'POST' to 'http://localhost:4444/wd/hub/session/7ba8ff3bf30367aad55a4e3910d5e455/element'
17:49:28.642 [Forwarding findElement on session 7ba8ff3bf30367aad55a4e3910d5e455 to remote] DEBUG org.asynchttpclient.netty.request.NettyRequestSender -- Using open Channel [id: 0x020b4601, L:/127.0.0.1:63420 - R:localhost/127.0.0.1:4444] for POST '/wd/hub/session/7ba8ff3bf30367aad55a4e3910d5e455/element'
17:49:28.669 [AsyncHttpClient-1-2] DEBUG org.asynchttpclient.netty.handler.HttpHandler -- 

Request DefaultHttpRequest(decodeResult: success, version: HTTP/1.1)
POST /wd/hub/session/7ba8ff3bf30367aad55a4e3910d5e455/element HTTP/1.1
traceparent: 00-ea7299c71ff124e5d691dc70c9e9fcff-3d90f8177c3e6b5a-01
User-Agent: selenium/4.13.0 (java windows)
Content-Length: 56
Content-Type: application/json; charset=utf-8
host: localhost:4444
accept: */*

Response DefaultHttpResponse(decodeResult: success, version: HTTP/1.1)
HTTP/1.1 200 OK
content-length: 95
content-type: application/json; charset=utf-8
cache-control: no-cache

17:49:28.669 [AsyncHttpClient-1-2] DEBUG org.asynchttpclient.netty.channel.ChannelManager -- Adding key: http://localhost:4444 for channel [id: 0x020b4601, L:/127.0.0.1:63420 - R:localhost/127.0.0.1:4444]
17:49:28.671 [Forwarding sendKeysToElement on session 7ba8ff3bf30367aad55a4e3910d5e455 to remote] DEBUG org.asynchttpclient.netty.request.NettyRequestSender -- Using pooled Channel '[id: 0x020b4601, L:/127.0.0.1:63420 - R:localhost/127.0.0.1:4444]' for 'POST' to 'http://localhost:4444/wd/hub/session/7ba8ff3bf30367aad55a4e3910d5e455/element/C43CBA43F4C67B6C39A9EA852181E377_element_75/value'
17:49:28.671 [Forwarding sendKeysToElement on session 7ba8ff3bf30367aad55a4e3910d5e455 to remote] DEBUG org.asynchttpclient.netty.request.NettyRequestSender -- Using open Channel [id: 0x020b4601, L:/127.0.0.1:63420 - R:localhost/127.0.0.1:4444] for POST '/wd/hub/session/7ba8ff3bf30367aad55a4e3910d5e455/element/C43CBA43F4C67B6C39A9EA852181E377_element_75/value'
17:49:28.776 [AsyncHttpClient-1-2] DEBUG org.asynchttpclient.netty.handler.HttpHandler -- 

Request DefaultHttpRequest(decodeResult: success, version: HTTP/1.1)
POST /wd/hub/session/7ba8ff3bf30367aad55a4e3910d5e455/element/C43CBA43F4C67B6C39A9EA852181E377_element_75/value HTTP/1.1
traceparent: 00-5968e949b085ef2c4988d4e4b5c89875-0560a08f6d8d7d7c-01
User-Agent: selenium/4.13.0 (java windows)
Content-Length: 148
Content-Type: application/json; charset=utf-8
host: localhost:4444
accept: */*

Response DefaultHttpResponse(decodeResult: success, version: HTTP/1.1)
HTTP/1.1 200 OK
content-length: 14
content-type: application/json; charset=utf-8
cache-control: no-cache

17:49:28.776 [AsyncHttpClient-1-2] DEBUG org.asynchttpclient.netty.channel.ChannelManager -- Adding key: http://localhost:4444 for channel [id: 0x020b4601, L:/127.0.0.1:63420 - R:localhost/127.0.0.1:4444]
17:49:28.777 [Forwarding findElement on session 7ba8ff3bf30367aad55a4e3910d5e455 to remote] DEBUG org.asynchttpclient.netty.request.NettyRequestSender -- Using pooled Channel '[id: 0x020b4601, L:/127.0.0.1:63420 - R:localhost/127.0.0.1:4444]' for 'POST' to 'http://localhost:4444/wd/hub/session/7ba8ff3bf30367aad55a4e3910d5e455/element'
17:49:28.777 [Forwarding findElement on session 7ba8ff3bf30367aad55a4e3910d5e455 to remote] DEBUG org.asynchttpclient.netty.request.NettyRequestSender -- Using open Channel [id: 0x020b4601, L:/127.0.0.1:63420 - R:localhost/127.0.0.1:4444] for POST '/wd/hub/session/7ba8ff3bf30367aad55a4e3910d5e455/element'
17:49:28.813 [AsyncHttpClient-1-2] DEBUG org.asynchttpclient.netty.handler.HttpHandler -- 

Request DefaultHttpRequest(decodeResult: success, version: HTTP/1.1)
POST /wd/hub/session/7ba8ff3bf30367aad55a4e3910d5e455/element HTTP/1.1
traceparent: 00-2e07ee482240c3af45eacd5f645febe8-13e2916dbffdd3c7-01
User-Agent: selenium/4.13.0 (java windows)
Content-Length: 56
Content-Type: application/json; charset=utf-8
host: localhost:4444
accept: */*

Response DefaultHttpResponse(decodeResult: success, version: HTTP/1.1)
HTTP/1.1 200 OK
content-length: 95
content-type: application/json; charset=utf-8
cache-control: no-cache

17:49:28.813 [AsyncHttpClient-1-2] DEBUG org.asynchttpclient.netty.channel.ChannelManager -- Adding key: http://localhost:4444 for channel [id: 0x020b4601, L:/127.0.0.1:63420 - R:localhost/127.0.0.1:4444]
17:49:28.816 [Forwarding getElementAttribute on session 7ba8ff3bf30367aad55a4e3910d5e455 to remote] DEBUG org.asynchttpclient.netty.request.NettyRequestSender -- Using pooled Channel '[id: 0x020b4601, L:/127.0.0.1:63420 - R:localhost/127.0.0.1:4444]' for 'POST' to 'http://localhost:4444/wd/hub/session/7ba8ff3bf30367aad55a4e3910d5e455/execute/sync'
17:49:28.816 [Forwarding getElementAttribute on session 7ba8ff3bf30367aad55a4e3910d5e455 to remote] DEBUG org.asynchttpclient.netty.request.NettyRequestSender -- Using open Channel [id: 0x020b4601, L:/127.0.0.1:63420 - R:localhost/127.0.0.1:4444] for POST '/wd/hub/session/7ba8ff3bf30367aad55a4e3910d5e455/execute/sync'
17:49:28.844 [AsyncHttpClient-1-2] DEBUG org.asynchttpclient.netty.handler.HttpHandler -- 

Request DefaultHttpRequest(decodeResult: success, version: HTTP/1.1)
POST /wd/hub/session/7ba8ff3bf30367aad55a4e3910d5e455/execute/sync HTTP/1.1
traceparent: 00-d3625080560a0fa7e4f2c660f655742a-370f74c298e67388-01
User-Agent: selenium/4.13.0 (java windows)
Content-Length: 47379
Content-Type: application/json; charset=utf-8
host: localhost:4444
accept: */*

Response DefaultHttpResponse(decodeResult: success, version: HTTP/1.1)
HTTP/1.1 200 OK
content-length: 216
content-type: application/json; charset=utf-8
cache-control: no-cache

17:49:28.844 [AsyncHttpClient-1-2] DEBUG org.asynchttpclient.netty.channel.ChannelManager -- Adding key: http://localhost:4444 for channel [id: 0x020b4601, L:/127.0.0.1:63420 - R:localhost/127.0.0.1:4444]
17:49:28.847 [Forwarding getElementAttribute on session 7ba8ff3bf30367aad55a4e3910d5e455 to remote] DEBUG org.asynchttpclient.netty.request.NettyRequestSender -- Using pooled Channel '[id: 0x020b4601, L:/127.0.0.1:63420 - R:localhost/127.0.0.1:4444]' for 'POST' to 'http://localhost:4444/wd/hub/session/7ba8ff3bf30367aad55a4e3910d5e455/execute/sync'
17:49:28.847 [Forwarding getElementAttribute on session 7ba8ff3bf30367aad55a4e3910d5e455 to remote] DEBUG org.asynchttpclient.netty.request.NettyRequestSender -- Using open Channel [id: 0x020b4601, L:/127.0.0.1:63420 - R:localhost/127.0.0.1:4444] for POST '/wd/hub/session/7ba8ff3bf30367aad55a4e3910d5e455/execute/sync'
17:49:28.872 [AsyncHttpClient-1-2] DEBUG org.asynchttpclient.netty.handler.HttpHandler -- 

Request DefaultHttpRequest(decodeResult: success, version: HTTP/1.1)
POST /wd/hub/session/7ba8ff3bf30367aad55a4e3910d5e455/execute/sync HTTP/1.1
traceparent: 00-7239e9e70bd0714841f3aa1844863190-f73cb011f623f352-01
User-Agent: selenium/4.13.0 (java windows)
Content-Length: 47375
Content-Type: application/json; charset=utf-8
host: localhost:4444
accept: */*

Response DefaultHttpResponse(decodeResult: success, version: HTTP/1.1)
HTTP/1.1 200 OK
content-length: 34
content-type: application/json; charset=utf-8
cache-control: no-cache

17:49:28.872 [AsyncHttpClient-1-2] DEBUG org.asynchttpclient.netty.channel.ChannelManager -- Adding key: http://localhost:4444 for channel [id: 0x020b4601, L:/127.0.0.1:63420 - R:localhost/127.0.0.1:4444]
17:49:28.874 [Forwarding getElementAttribute on session 7ba8ff3bf30367aad55a4e3910d5e455 to remote] DEBUG org.asynchttpclient.netty.request.NettyRequestSender -- Using pooled Channel '[id: 0x020b4601, L:/127.0.0.1:63420 - R:localhost/127.0.0.1:4444]' for 'POST' to 'http://localhost:4444/wd/hub/session/7ba8ff3bf30367aad55a4e3910d5e455/execute/sync'
17:49:28.874 [Forwarding getElementAttribute on session 7ba8ff3bf30367aad55a4e3910d5e455 to remote] DEBUG org.asynchttpclient.netty.request.NettyRequestSender -- Using open Channel [id: 0x020b4601, L:/127.0.0.1:63420 - R:localhost/127.0.0.1:4444] for POST '/wd/hub/session/7ba8ff3bf30367aad55a4e3910d5e455/execute/sync'
17:49:28.899 [AsyncHttpClient-1-2] DEBUG org.asynchttpclient.netty.handler.HttpHandler -- 

Request DefaultHttpRequest(decodeResult: success, version: HTTP/1.1)
POST /wd/hub/session/7ba8ff3bf30367aad55a4e3910d5e455/execute/sync HTTP/1.1
traceparent: 00-308419015c3cabedc47f974e0d7da1d7-7059af3037fbfdc5-01
User-Agent: selenium/4.13.0 (java windows)
Content-Length: 47381
Content-Type: application/json; charset=utf-8
host: localhost:4444
accept: */*

Response DefaultHttpResponse(decodeResult: success, version: HTTP/1.1)
HTTP/1.1 200 OK
content-length: 20
content-type: application/json; charset=utf-8
cache-control: no-cache

17:49:28.899 [AsyncHttpClient-1-2] DEBUG org.asynchttpclient.netty.channel.ChannelManager -- Adding key: http://localhost:4444 for channel [id: 0x020b4601, L:/127.0.0.1:63420 - R:localhost/127.0.0.1:4444]
17:49:28.901 [Forwarding getElementAttribute on session 7ba8ff3bf30367aad55a4e3910d5e455 to remote] DEBUG org.asynchttpclient.netty.request.NettyRequestSender -- Using pooled Channel '[id: 0x020b4601, L:/127.0.0.1:63420 - R:localhost/127.0.0.1:4444]' for 'POST' to 'http://localhost:4444/wd/hub/session/7ba8ff3bf30367aad55a4e3910d5e455/execute/sync'
17:49:28.902 [Forwarding getElementAttribute on session 7ba8ff3bf30367aad55a4e3910d5e455 to remote] DEBUG org.asynchttpclient.netty.request.NettyRequestSender -- Using open Channel [id: 0x020b4601, L:/127.0.0.1:63420 - R:localhost/127.0.0.1:4444] for POST '/wd/hub/session/7ba8ff3bf30367aad55a4e3910d5e455/execute/sync'
17:49:28.928 [AsyncHttpClient-1-2] DEBUG org.asynchttpclient.netty.handler.HttpHandler -- 

Request DefaultHttpRequest(decodeResult: success, version: HTTP/1.1)
POST /wd/hub/session/7ba8ff3bf30367aad55a4e3910d5e455/execute/sync HTTP/1.1
traceparent: 00-c6f5dd1f0c0d742ba586847026f509d3-3064761262dfacc4-01
User-Agent: selenium/4.13.0 (java windows)
Content-Length: 47374
Content-Type: application/json; charset=utf-8
host: localhost:4444
accept: */*

Response DefaultHttpResponse(decodeResult: success, version: HTTP/1.1)
HTTP/1.1 200 OK
content-length: 16
content-type: application/json; charset=utf-8
cache-control: no-cache

17:49:28.928 [AsyncHttpClient-1-2] DEBUG org.asynchttpclient.netty.channel.ChannelManager -- Adding key: http://localhost:4444 for channel [id: 0x020b4601, L:/127.0.0.1:63420 - R:localhost/127.0.0.1:4444]
17:49:28.931 [Forwarding getElementAttribute on session 7ba8ff3bf30367aad55a4e3910d5e455 to remote] DEBUG org.asynchttpclient.netty.request.NettyRequestSender -- Using pooled Channel '[id: 0x020b4601, L:/127.0.0.1:63420 - R:localhost/127.0.0.1:4444]' for 'POST' to 'http://localhost:4444/wd/hub/session/7ba8ff3bf30367aad55a4e3910d5e455/execute/sync'
17:49:28.931 [Forwarding getElementAttribute on session 7ba8ff3bf30367aad55a4e3910d5e455 to remote] DEBUG org.asynchttpclient.netty.request.NettyRequestSender -- Using open Channel [id: 0x020b4601, L:/127.0.0.1:63420 - R:localhost/127.0.0.1:4444] for POST '/wd/hub/session/7ba8ff3bf30367aad55a4e3910d5e455/execute/sync'
17:49:28.956 [AsyncHttpClient-1-2] DEBUG org.asynchttpclient.netty.handler.HttpHandler -- 

Request DefaultHttpRequest(decodeResult: success, version: HTTP/1.1)
POST /wd/hub/session/7ba8ff3bf30367aad55a4e3910d5e455/execute/sync HTTP/1.1
traceparent: 00-ea30f389a3cdbde707b5282f95080476-8dda4a2a85eab98a-01
User-Agent: selenium/4.13.0 (java windows)
Content-Length: 47379
Content-Type: application/json; charset=utf-8
host: localhost:4444
accept: */*

Response DefaultHttpResponse(decodeResult: success, version: HTTP/1.1)
HTTP/1.1 200 OK
content-length: 20
content-type: application/json; charset=utf-8
cache-control: no-cache

17:49:28.956 [AsyncHttpClient-1-2] DEBUG org.asynchttpclient.netty.channel.ChannelManager -- Adding key: http://localhost:4444 for channel [id: 0x020b4601, L:/127.0.0.1:63420 - R:localhost/127.0.0.1:4444]
17:49:28.958 [Forwarding getElementAttribute on session 7ba8ff3bf30367aad55a4e3910d5e455 to remote] DEBUG org.asynchttpclient.netty.request.NettyRequestSender -- Using pooled Channel '[id: 0x020b4601, L:/127.0.0.1:63420 - R:localhost/127.0.0.1:4444]' for 'POST' to 'http://localhost:4444/wd/hub/session/7ba8ff3bf30367aad55a4e3910d5e455/execute/sync'
17:49:28.958 [Forwarding getElementAttribute on session 7ba8ff3bf30367aad55a4e3910d5e455 to remote] DEBUG org.asynchttpclient.netty.request.NettyRequestSender -- Using open Channel [id: 0x020b4601, L:/127.0.0.1:63420 - R:localhost/127.0.0.1:4444] for POST '/wd/hub/session/7ba8ff3bf30367aad55a4e3910d5e455/execute/sync'
17:49:28.982 [AsyncHttpClient-1-2] DEBUG org.asynchttpclient.netty.handler.HttpHandler -- 

Request DefaultHttpRequest(decodeResult: success, version: HTTP/1.1)
POST /wd/hub/session/7ba8ff3bf30367aad55a4e3910d5e455/execute/sync HTTP/1.1
traceparent: 00-61bd5c14d4c95bab9d4a1ece92b9624b-672a8ee5d41a8518-01
User-Agent: selenium/4.13.0 (java windows)
Content-Length: 47372
Content-Type: application/json; charset=utf-8
host: localhost:4444
accept: */*

Response DefaultHttpResponse(decodeResult: success, version: HTTP/1.1)
HTTP/1.1 200 OK
content-length: 21
content-type: application/json; charset=utf-8
cache-control: no-cache

17:49:28.983 [AsyncHttpClient-1-2] DEBUG org.asynchttpclient.netty.channel.ChannelManager -- Adding key: http://localhost:4444 for channel [id: 0x020b4601, L:/127.0.0.1:63420 - R:localhost/127.0.0.1:4444]
17:49:28.984 [Forwarding getElementAttribute on session 7ba8ff3bf30367aad55a4e3910d5e455 to remote] DEBUG org.asynchttpclient.netty.request.NettyRequestSender -- Using pooled Channel '[id: 0x020b4601, L:/127.0.0.1:63420 - R:localhost/127.0.0.1:4444]' for 'POST' to 'http://localhost:4444/wd/hub/session/7ba8ff3bf30367aad55a4e3910d5e455/execute/sync'
17:49:28.984 [Forwarding getElementAttribute on session 7ba8ff3bf30367aad55a4e3910d5e455 to remote] DEBUG org.asynchttpclient.netty.request.NettyRequestSender -- Using open Channel [id: 0x020b4601, L:/127.0.0.1:63420 - R:localhost/127.0.0.1:4444] for POST '/wd/hub/session/7ba8ff3bf30367aad55a4e3910d5e455/execute/sync'
17:49:29.007 [AsyncHttpClient-1-2] DEBUG org.asynchttpclient.netty.handler.HttpHandler -- 

Request DefaultHttpRequest(decodeResult: success, version: HTTP/1.1)
POST /wd/hub/session/7ba8ff3bf30367aad55a4e3910d5e455/execute/sync HTTP/1.1
traceparent: 00-40d6454f01d58868aec279a054434998-73a34f5e2702e861-01
User-Agent: selenium/4.13.0 (java windows)
Content-Length: 47374
Content-Type: application/json; charset=utf-8
host: localhost:4444
accept: */*

Response DefaultHttpResponse(decodeResult: success, version: HTTP/1.1)
HTTP/1.1 200 OK
content-length: 21
content-type: application/json; charset=utf-8
cache-control: no-cache

17:49:29.007 [AsyncHttpClient-1-2] DEBUG org.asynchttpclient.netty.channel.ChannelManager -- Adding key: http://localhost:4444 for channel [id: 0x020b4601, L:/127.0.0.1:63420 - R:localhost/127.0.0.1:4444]
17:49:29.009 [Forwarding getElementAttribute on session 7ba8ff3bf30367aad55a4e3910d5e455 to remote] DEBUG org.asynchttpclient.netty.request.NettyRequestSender -- Using pooled Channel '[id: 0x020b4601, L:/127.0.0.1:63420 - R:localhost/127.0.0.1:4444]' for 'POST' to 'http://localhost:4444/wd/hub/session/7ba8ff3bf30367aad55a4e3910d5e455/execute/sync'
17:49:29.009 [Forwarding getElementAttribute on session 7ba8ff3bf30367aad55a4e3910d5e455 to remote] DEBUG org.asynchttpclient.netty.request.NettyRequestSender -- Using open Channel [id: 0x020b4601, L:/127.0.0.1:63420 - R:localhost/127.0.0.1:4444] for POST '/wd/hub/session/7ba8ff3bf30367aad55a4e3910d5e455/execute/sync'
17:49:29.057 [AsyncHttpClient-1-2] DEBUG org.asynchttpclient.netty.handler.HttpHandler -- 

Request DefaultHttpRequest(decodeResult: success, version: HTTP/1.1)
POST /wd/hub/session/7ba8ff3bf30367aad55a4e3910d5e455/execute/sync HTTP/1.1
traceparent: 00-83594f1bfe87c3901b1c19927e87a17d-ea6c31344d21733a-01
User-Agent: selenium/4.13.0 (java windows)
Content-Length: 47381
Content-Type: application/json; charset=utf-8
host: localhost:4444
accept: */*

Response DefaultHttpResponse(decodeResult: success, version: HTTP/1.1)
HTTP/1.1 200 OK
content-length: 15
content-type: application/json; charset=utf-8
cache-control: no-cache

17:49:29.057 [AsyncHttpClient-1-2] DEBUG org.asynchttpclient.netty.channel.ChannelManager -- Adding key: http://localhost:4444 for channel [id: 0x020b4601, L:/127.0.0.1:63420 - R:localhost/127.0.0.1:4444]
17:49:29.060 [Forwarding getElementAttribute on session 7ba8ff3bf30367aad55a4e3910d5e455 to remote] DEBUG org.asynchttpclient.netty.request.NettyRequestSender -- Using pooled Channel '[id: 0x020b4601, L:/127.0.0.1:63420 - R:localhost/127.0.0.1:4444]' for 'POST' to 'http://localhost:4444/wd/hub/session/7ba8ff3bf30367aad55a4e3910d5e455/execute/sync'
17:49:29.060 [Forwarding getElementAttribute on session 7ba8ff3bf30367aad55a4e3910d5e455 to remote] DEBUG org.asynchttpclient.netty.request.NettyRequestSender -- Using open Channel [id: 0x020b4601, L:/127.0.0.1:63420 - R:localhost/127.0.0.1:4444] for POST '/wd/hub/session/7ba8ff3bf30367aad55a4e3910d5e455/execute/sync'
17:49:29.088 [AsyncHttpClient-1-2] DEBUG org.asynchttpclient.netty.handler.HttpHandler -- 

Request DefaultHttpRequest(decodeResult: success, version: HTTP/1.1)
POST /wd/hub/session/7ba8ff3bf30367aad55a4e3910d5e455/execute/sync HTTP/1.1
traceparent: 00-30c7b82ad962bb9c62a453fd46bb3d11-3cc7370ada95de8f-01
User-Agent: selenium/4.13.0 (java windows)
Content-Length: 47384
Content-Type: application/json; charset=utf-8
host: localhost:4444
accept: */*

Response DefaultHttpResponse(decodeResult: success, version: HTTP/1.1)
HTTP/1.1 200 OK
content-length: 16
content-type: application/json; charset=utf-8
cache-control: no-cache

17:49:29.089 [AsyncHttpClient-1-2] DEBUG org.asynchttpclient.netty.channel.ChannelManager -- Adding key: http://localhost:4444 for channel [id: 0x020b4601, L:/127.0.0.1:63420 - R:localhost/127.0.0.1:4444]
17:49:29.091 [Forwarding getElementAttribute on session 7ba8ff3bf30367aad55a4e3910d5e455 to remote] DEBUG org.asynchttpclient.netty.request.NettyRequestSender -- Using pooled Channel '[id: 0x020b4601, L:/127.0.0.1:63420 - R:localhost/127.0.0.1:4444]' for 'POST' to 'http://localhost:4444/wd/hub/session/7ba8ff3bf30367aad55a4e3910d5e455/execute/sync'
17:49:29.092 [Forwarding getElementAttribute on session 7ba8ff3bf30367aad55a4e3910d5e455 to remote] DEBUG org.asynchttpclient.netty.request.NettyRequestSender -- Using open Channel [id: 0x020b4601, L:/127.0.0.1:63420 - R:localhost/127.0.0.1:4444] for POST '/wd/hub/session/7ba8ff3bf30367aad55a4e3910d5e455/execute/sync'
17:49:29.118 [AsyncHttpClient-1-2] DEBUG org.asynchttpclient.netty.handler.HttpHandler -- 

Request DefaultHttpRequest(decodeResult: success, version: HTTP/1.1)
POST /wd/hub/session/7ba8ff3bf30367aad55a4e3910d5e455/execute/sync HTTP/1.1
traceparent: 00-7e2ffc61eaf43222bfffbf8e6ab625cb-9dd92005bddaf6b0-01
User-Agent: selenium/4.13.0 (java windows)
Content-Length: 47375
Content-Type: application/json; charset=utf-8
host: localhost:4444
accept: */*

Response DefaultHttpResponse(decodeResult: success, version: HTTP/1.1)
HTTP/1.1 200 OK
content-length: 18
content-type: application/json; charset=utf-8
cache-control: no-cache

17:49:29.118 [AsyncHttpClient-1-2] DEBUG org.asynchttpclient.netty.channel.ChannelManager -- Adding key: http://localhost:4444 for channel [id: 0x020b4601, L:/127.0.0.1:63420 - R:localhost/127.0.0.1:4444]
17:49:29.119 [main] INFO helpers.LoggerHelper -- Testing user: 1234.0
17:49:29.120 [Forwarding findElement on session 7ba8ff3bf30367aad55a4e3910d5e455 to remote] DEBUG org.asynchttpclient.netty.request.NettyRequestSender -- Using pooled Channel '[id: 0x020b4601, L:/127.0.0.1:63420 - R:localhost/127.0.0.1:4444]' for 'POST' to 'http://localhost:4444/wd/hub/session/7ba8ff3bf30367aad55a4e3910d5e455/element'
17:49:29.121 [Forwarding findElement on session 7ba8ff3bf30367aad55a4e3910d5e455 to remote] DEBUG org.asynchttpclient.netty.request.NettyRequestSender -- Using open Channel [id: 0x020b4601, L:/127.0.0.1:63420 - R:localhost/127.0.0.1:4444] for POST '/wd/hub/session/7ba8ff3bf30367aad55a4e3910d5e455/element'
17:49:29.144 [AsyncHttpClient-1-2] DEBUG org.asynchttpclient.netty.handler.HttpHandler -- 

Request DefaultHttpRequest(decodeResult: success, version: HTTP/1.1)
POST /wd/hub/session/7ba8ff3bf30367aad55a4e3910d5e455/element HTTP/1.1
traceparent: 00-2eb6155c8ec29d25cfbc72ce60f2fa84-3b683fb5d659821c-01
User-Agent: selenium/4.13.0 (java windows)
Content-Length: 53
Content-Type: application/json; charset=utf-8
host: localhost:4444
accept: */*

Response DefaultHttpResponse(decodeResult: success, version: HTTP/1.1)
HTTP/1.1 200 OK
content-length: 95
content-type: application/json; charset=utf-8
cache-control: no-cache

17:49:29.144 [AsyncHttpClient-1-2] DEBUG org.asynchttpclient.netty.channel.ChannelManager -- Adding key: http://localhost:4444 for channel [id: 0x020b4601, L:/127.0.0.1:63420 - R:localhost/127.0.0.1:4444]
17:49:29.146 [Forwarding isElementDisplayed on session 7ba8ff3bf30367aad55a4e3910d5e455 to remote] DEBUG org.asynchttpclient.netty.request.NettyRequestSender -- Using pooled Channel '[id: 0x020b4601, L:/127.0.0.1:63420 - R:localhost/127.0.0.1:4444]' for 'POST' to 'http://localhost:4444/wd/hub/session/7ba8ff3bf30367aad55a4e3910d5e455/execute/sync'
17:49:29.146 [Forwarding isElementDisplayed on session 7ba8ff3bf30367aad55a4e3910d5e455 to remote] DEBUG org.asynchttpclient.netty.request.NettyRequestSender -- Using open Channel [id: 0x020b4601, L:/127.0.0.1:63420 - R:localhost/127.0.0.1:4444] for POST '/wd/hub/session/7ba8ff3bf30367aad55a4e3910d5e455/execute/sync'
17:49:29.183 [AsyncHttpClient-1-2] DEBUG org.asynchttpclient.netty.handler.HttpHandler -- 

Request DefaultHttpRequest(decodeResult: success, version: HTTP/1.1)
POST /wd/hub/session/7ba8ff3bf30367aad55a4e3910d5e455/execute/sync HTTP/1.1
traceparent: 00-86d58d46aa634de9d2b9dbcd0eba338d-892b32a2021df7a2-01
User-Agent: selenium/4.13.0 (java windows)
Content-Length: 48814
Content-Type: application/json; charset=utf-8
host: localhost:4444
accept: */*

Response DefaultHttpResponse(decodeResult: success, version: HTTP/1.1)
HTTP/1.1 200 OK
content-length: 14
content-type: application/json; charset=utf-8
cache-control: no-cache

17:49:29.183 [AsyncHttpClient-1-2] DEBUG org.asynchttpclient.netty.channel.ChannelManager -- Adding key: http://localhost:4444 for channel [id: 0x020b4601, L:/127.0.0.1:63420 - R:localhost/127.0.0.1:4444]
17:49:29.185 [Forwarding findElement on session 7ba8ff3bf30367aad55a4e3910d5e455 to remote] DEBUG org.asynchttpclient.netty.request.NettyRequestSender -- Using pooled Channel '[id: 0x020b4601, L:/127.0.0.1:63420 - R:localhost/127.0.0.1:4444]' for 'POST' to 'http://localhost:4444/wd/hub/session/7ba8ff3bf30367aad55a4e3910d5e455/element'
17:49:29.185 [Forwarding findElement on session 7ba8ff3bf30367aad55a4e3910d5e455 to remote] DEBUG org.asynchttpclient.netty.request.NettyRequestSender -- Using open Channel [id: 0x020b4601, L:/127.0.0.1:63420 - R:localhost/127.0.0.1:4444] for POST '/wd/hub/session/7ba8ff3bf30367aad55a4e3910d5e455/element'
17:49:29.206 [AsyncHttpClient-1-2] DEBUG org.asynchttpclient.netty.handler.HttpHandler -- 

Request DefaultHttpRequest(decodeResult: success, version: HTTP/1.1)
POST /wd/hub/session/7ba8ff3bf30367aad55a4e3910d5e455/element HTTP/1.1
traceparent: 00-428e6092b1fc2d5938715adee0313dd7-5fc31d4d8e24dd4f-01
User-Agent: selenium/4.13.0 (java windows)
Content-Length: 53
Content-Type: application/json; charset=utf-8
host: localhost:4444
accept: */*

Response DefaultHttpResponse(decodeResult: success, version: HTTP/1.1)
HTTP/1.1 200 OK
content-length: 95
content-type: application/json; charset=utf-8
cache-control: no-cache

17:49:29.206 [AsyncHttpClient-1-2] DEBUG org.asynchttpclient.netty.channel.ChannelManager -- Adding key: http://localhost:4444 for channel [id: 0x020b4601, L:/127.0.0.1:63420 - R:localhost/127.0.0.1:4444]
17:49:29.208 [Forwarding sendKeysToElement on session 7ba8ff3bf30367aad55a4e3910d5e455 to remote] DEBUG org.asynchttpclient.netty.request.NettyRequestSender -- Using pooled Channel '[id: 0x020b4601, L:/127.0.0.1:63420 - R:localhost/127.0.0.1:4444]' for 'POST' to 'http://localhost:4444/wd/hub/session/7ba8ff3bf30367aad55a4e3910d5e455/element/C43CBA43F4C67B6C39A9EA852181E377_element_72/value'
17:49:29.208 [Forwarding sendKeysToElement on session 7ba8ff3bf30367aad55a4e3910d5e455 to remote] DEBUG org.asynchttpclient.netty.request.NettyRequestSender -- Using open Channel [id: 0x020b4601, L:/127.0.0.1:63420 - R:localhost/127.0.0.1:4444] for POST '/wd/hub/session/7ba8ff3bf30367aad55a4e3910d5e455/element/C43CBA43F4C67B6C39A9EA852181E377_element_72/value'
17:49:29.293 [AsyncHttpClient-1-2] DEBUG org.asynchttpclient.netty.handler.HttpHandler -- 

Request DefaultHttpRequest(decodeResult: success, version: HTTP/1.1)
POST /wd/hub/session/7ba8ff3bf30367aad55a4e3910d5e455/element/C43CBA43F4C67B6C39A9EA852181E377_element_72/value HTTP/1.1
traceparent: 00-afeedbca1dd4889519d70eb8781cfa0b-00651d11da1407a0-01
User-Agent: selenium/4.13.0 (java windows)
Content-Length: 148
Content-Type: application/json; charset=utf-8
host: localhost:4444
accept: */*

Response DefaultHttpResponse(decodeResult: success, version: HTTP/1.1)
HTTP/1.1 200 OK
content-length: 14
content-type: application/json; charset=utf-8
cache-control: no-cache

17:49:29.293 [AsyncHttpClient-1-2] DEBUG org.asynchttpclient.netty.channel.ChannelManager -- Adding key: http://localhost:4444 for channel [id: 0x020b4601, L:/127.0.0.1:63420 - R:localhost/127.0.0.1:4444]
17:49:29.294 [Forwarding findElement on session 7ba8ff3bf30367aad55a4e3910d5e455 to remote] DEBUG org.asynchttpclient.netty.request.NettyRequestSender -- Using pooled Channel '[id: 0x020b4601, L:/127.0.0.1:63420 - R:localhost/127.0.0.1:4444]' for 'POST' to 'http://localhost:4444/wd/hub/session/7ba8ff3bf30367aad55a4e3910d5e455/element'
17:49:29.294 [Forwarding findElement on session 7ba8ff3bf30367aad55a4e3910d5e455 to remote] DEBUG org.asynchttpclient.netty.request.NettyRequestSender -- Using open Channel [id: 0x020b4601, L:/127.0.0.1:63420 - R:localhost/127.0.0.1:4444] for POST '/wd/hub/session/7ba8ff3bf30367aad55a4e3910d5e455/element'
17:49:29.316 [AsyncHttpClient-1-2] DEBUG org.asynchttpclient.netty.handler.HttpHandler -- 

Request DefaultHttpRequest(decodeResult: success, version: HTTP/1.1)
POST /wd/hub/session/7ba8ff3bf30367aad55a4e3910d5e455/element HTTP/1.1
traceparent: 00-b241654169622b78cb9b77c6df7d1fd3-ec2cc9ca9f47d221-01
User-Agent: selenium/4.13.0 (java windows)
Content-Length: 53
Content-Type: application/json; charset=utf-8
host: localhost:4444
accept: */*

Response DefaultHttpResponse(decodeResult: success, version: HTTP/1.1)
HTTP/1.1 200 OK
content-length: 95
content-type: application/json; charset=utf-8
cache-control: no-cache

17:49:29.316 [AsyncHttpClient-1-2] DEBUG org.asynchttpclient.netty.channel.ChannelManager -- Adding key: http://localhost:4444 for channel [id: 0x020b4601, L:/127.0.0.1:63420 - R:localhost/127.0.0.1:4444]
17:49:29.319 [Forwarding getElementAttribute on session 7ba8ff3bf30367aad55a4e3910d5e455 to remote] DEBUG org.asynchttpclient.netty.request.NettyRequestSender -- Using pooled Channel '[id: 0x020b4601, L:/127.0.0.1:63420 - R:localhost/127.0.0.1:4444]' for 'POST' to 'http://localhost:4444/wd/hub/session/7ba8ff3bf30367aad55a4e3910d5e455/execute/sync'
17:49:29.319 [Forwarding getElementAttribute on session 7ba8ff3bf30367aad55a4e3910d5e455 to remote] DEBUG org.asynchttpclient.netty.request.NettyRequestSender -- Using open Channel [id: 0x020b4601, L:/127.0.0.1:63420 - R:localhost/127.0.0.1:4444] for POST '/wd/hub/session/7ba8ff3bf30367aad55a4e3910d5e455/execute/sync'
17:49:29.346 [AsyncHttpClient-1-2] DEBUG org.asynchttpclient.netty.handler.HttpHandler -- 

Request DefaultHttpRequest(decodeResult: success, version: HTTP/1.1)
POST /wd/hub/session/7ba8ff3bf30367aad55a4e3910d5e455/execute/sync HTTP/1.1
traceparent: 00-3de9a94f891a0b11097ef96246de9d62-28c90c0178be5c81-01
User-Agent: selenium/4.13.0 (java windows)
Content-Length: 47379
Content-Type: application/json; charset=utf-8
host: localhost:4444
accept: */*

Response DefaultHttpResponse(decodeResult: success, version: HTTP/1.1)
HTTP/1.1 200 OK
content-length: 218
content-type: application/json; charset=utf-8
cache-control: no-cache

17:49:29.347 [AsyncHttpClient-1-2] DEBUG org.asynchttpclient.netty.channel.ChannelManager -- Adding key: http://localhost:4444 for channel [id: 0x020b4601, L:/127.0.0.1:63420 - R:localhost/127.0.0.1:4444]
17:49:29.349 [Forwarding getElementAttribute on session 7ba8ff3bf30367aad55a4e3910d5e455 to remote] DEBUG org.asynchttpclient.netty.request.NettyRequestSender -- Using pooled Channel '[id: 0x020b4601, L:/127.0.0.1:63420 - R:localhost/127.0.0.1:4444]' for 'POST' to 'http://localhost:4444/wd/hub/session/7ba8ff3bf30367aad55a4e3910d5e455/execute/sync'
17:49:29.349 [Forwarding getElementAttribute on session 7ba8ff3bf30367aad55a4e3910d5e455 to remote] DEBUG org.asynchttpclient.netty.request.NettyRequestSender -- Using open Channel [id: 0x020b4601, L:/127.0.0.1:63420 - R:localhost/127.0.0.1:4444] for POST '/wd/hub/session/7ba8ff3bf30367aad55a4e3910d5e455/execute/sync'
17:49:29.379 [AsyncHttpClient-1-2] DEBUG org.asynchttpclient.netty.handler.HttpHandler -- 

Request DefaultHttpRequest(decodeResult: success, version: HTTP/1.1)
POST /wd/hub/session/7ba8ff3bf30367aad55a4e3910d5e455/execute/sync HTTP/1.1
traceparent: 00-074ee04a0b64714b5ba0e4e6d0c5ba9e-7c2078055ae41eb6-01
User-Agent: selenium/4.13.0 (java windows)
Content-Length: 47375
Content-Type: application/json; charset=utf-8
host: localhost:4444
accept: */*

Response DefaultHttpResponse(decodeResult: success, version: HTTP/1.1)
HTTP/1.1 200 OK
content-length: 34
content-type: application/json; charset=utf-8
cache-control: no-cache

17:49:29.380 [AsyncHttpClient-1-2] DEBUG org.asynchttpclient.netty.channel.ChannelManager -- Adding key: http://localhost:4444 for channel [id: 0x020b4601, L:/127.0.0.1:63420 - R:localhost/127.0.0.1:4444]
17:49:29.382 [Forwarding getElementAttribute on session 7ba8ff3bf30367aad55a4e3910d5e455 to remote] DEBUG org.asynchttpclient.netty.request.NettyRequestSender -- Using pooled Channel '[id: 0x020b4601, L:/127.0.0.1:63420 - R:localhost/127.0.0.1:4444]' for 'POST' to 'http://localhost:4444/wd/hub/session/7ba8ff3bf30367aad55a4e3910d5e455/execute/sync'
17:49:29.382 [Forwarding getElementAttribute on session 7ba8ff3bf30367aad55a4e3910d5e455 to remote] DEBUG org.asynchttpclient.netty.request.NettyRequestSender -- Using open Channel [id: 0x020b4601, L:/127.0.0.1:63420 - R:localhost/127.0.0.1:4444] for POST '/wd/hub/session/7ba8ff3bf30367aad55a4e3910d5e455/execute/sync'
17:49:29.433 [AsyncHttpClient-1-2] DEBUG org.asynchttpclient.netty.handler.HttpHandler -- 

Request DefaultHttpRequest(decodeResult: success, version: HTTP/1.1)
POST /wd/hub/session/7ba8ff3bf30367aad55a4e3910d5e455/execute/sync HTTP/1.1
traceparent: 00-d9189979704d79883149e3a47047d95e-e6a0f87845dcf1dd-01
User-Agent: selenium/4.13.0 (java windows)
Content-Length: 47381
Content-Type: application/json; charset=utf-8
host: localhost:4444
accept: */*

Response DefaultHttpResponse(decodeResult: success, version: HTTP/1.1)
HTTP/1.1 200 OK
content-length: 20
content-type: application/json; charset=utf-8
cache-control: no-cache

17:49:29.433 [AsyncHttpClient-1-2] DEBUG org.asynchttpclient.netty.channel.ChannelManager -- Adding key: http://localhost:4444 for channel [id: 0x020b4601, L:/127.0.0.1:63420 - R:localhost/127.0.0.1:4444]
17:49:29.435 [Forwarding getElementAttribute on session 7ba8ff3bf30367aad55a4e3910d5e455 to remote] DEBUG org.asynchttpclient.netty.request.NettyRequestSender -- Using pooled Channel '[id: 0x020b4601, L:/127.0.0.1:63420 - R:localhost/127.0.0.1:4444]' for 'POST' to 'http://localhost:4444/wd/hub/session/7ba8ff3bf30367aad55a4e3910d5e455/execute/sync'
17:49:29.435 [Forwarding getElementAttribute on session 7ba8ff3bf30367aad55a4e3910d5e455 to remote] DEBUG org.asynchttpclient.netty.request.NettyRequestSender -- Using open Channel [id: 0x020b4601, L:/127.0.0.1:63420 - R:localhost/127.0.0.1:4444] for POST '/wd/hub/session/7ba8ff3bf30367aad55a4e3910d5e455/execute/sync'
17:49:29.461 [AsyncHttpClient-1-2] DEBUG org.asynchttpclient.netty.handler.HttpHandler -- 

Request DefaultHttpRequest(decodeResult: success, version: HTTP/1.1)
POST /wd/hub/session/7ba8ff3bf30367aad55a4e3910d5e455/execute/sync HTTP/1.1
traceparent: 00-8216d28b410fc358aab989374a6a1af2-a08aa5bea7ff0cef-01
User-Agent: selenium/4.13.0 (java windows)
Content-Length: 47374
Content-Type: application/json; charset=utf-8
host: localhost:4444
accept: */*

Response DefaultHttpResponse(decodeResult: success, version: HTTP/1.1)
HTTP/1.1 200 OK
content-length: 20
content-type: application/json; charset=utf-8
cache-control: no-cache

17:49:29.462 [AsyncHttpClient-1-2] DEBUG org.asynchttpclient.netty.channel.ChannelManager -- Adding key: http://localhost:4444 for channel [id: 0x020b4601, L:/127.0.0.1:63420 - R:localhost/127.0.0.1:4444]
17:49:29.464 [Forwarding getElementAttribute on session 7ba8ff3bf30367aad55a4e3910d5e455 to remote] DEBUG org.asynchttpclient.netty.request.NettyRequestSender -- Using pooled Channel '[id: 0x020b4601, L:/127.0.0.1:63420 - R:localhost/127.0.0.1:4444]' for 'POST' to 'http://localhost:4444/wd/hub/session/7ba8ff3bf30367aad55a4e3910d5e455/execute/sync'
17:49:29.464 [Forwarding getElementAttribute on session 7ba8ff3bf30367aad55a4e3910d5e455 to remote] DEBUG org.asynchttpclient.netty.request.NettyRequestSender -- Using open Channel [id: 0x020b4601, L:/127.0.0.1:63420 - R:localhost/127.0.0.1:4444] for POST '/wd/hub/session/7ba8ff3bf30367aad55a4e3910d5e455/execute/sync'
17:49:29.488 [AsyncHttpClient-1-2] DEBUG org.asynchttpclient.netty.handler.HttpHandler -- 

Request DefaultHttpRequest(decodeResult: success, version: HTTP/1.1)
POST /wd/hub/session/7ba8ff3bf30367aad55a4e3910d5e455/execute/sync HTTP/1.1
traceparent: 00-0a7a44311b2a4f8c084cd03e0f60cd24-f2794e06f11eaaca-01
User-Agent: selenium/4.13.0 (java windows)
Content-Length: 47379
Content-Type: application/json; charset=utf-8
host: localhost:4444
accept: */*

Response DefaultHttpResponse(decodeResult: success, version: HTTP/1.1)
HTTP/1.1 200 OK
content-length: 20
content-type: application/json; charset=utf-8
cache-control: no-cache

17:49:29.488 [AsyncHttpClient-1-2] DEBUG org.asynchttpclient.netty.channel.ChannelManager -- Adding key: http://localhost:4444 for channel [id: 0x020b4601, L:/127.0.0.1:63420 - R:localhost/127.0.0.1:4444]
17:49:29.490 [Forwarding getElementAttribute on session 7ba8ff3bf30367aad55a4e3910d5e455 to remote] DEBUG org.asynchttpclient.netty.request.NettyRequestSender -- Using pooled Channel '[id: 0x020b4601, L:/127.0.0.1:63420 - R:localhost/127.0.0.1:4444]' for 'POST' to 'http://localhost:4444/wd/hub/session/7ba8ff3bf30367aad55a4e3910d5e455/execute/sync'
17:49:29.490 [Forwarding getElementAttribute on session 7ba8ff3bf30367aad55a4e3910d5e455 to remote] DEBUG org.asynchttpclient.netty.request.NettyRequestSender -- Using open Channel [id: 0x020b4601, L:/127.0.0.1:63420 - R:localhost/127.0.0.1:4444] for POST '/wd/hub/session/7ba8ff3bf30367aad55a4e3910d5e455/execute/sync'
17:49:29.512 [AsyncHttpClient-1-2] DEBUG org.asynchttpclient.netty.handler.HttpHandler -- 

Request DefaultHttpRequest(decodeResult: success, version: HTTP/1.1)
POST /wd/hub/session/7ba8ff3bf30367aad55a4e3910d5e455/execute/sync HTTP/1.1
traceparent: 00-e14640a419713baf538d7a5e7cee911b-0d44a52108f8d758-01
User-Agent: selenium/4.13.0 (java windows)
Content-Length: 47372
Content-Type: application/json; charset=utf-8
host: localhost:4444
accept: */*

Response DefaultHttpResponse(decodeResult: success, version: HTTP/1.1)
HTTP/1.1 200 OK
content-length: 20
content-type: application/json; charset=utf-8
cache-control: no-cache

17:49:29.512 [AsyncHttpClient-1-2] DEBUG org.asynchttpclient.netty.channel.ChannelManager -- Adding key: http://localhost:4444 for channel [id: 0x020b4601, L:/127.0.0.1:63420 - R:localhost/127.0.0.1:4444]
17:49:29.514 [Forwarding getElementAttribute on session 7ba8ff3bf30367aad55a4e3910d5e455 to remote] DEBUG org.asynchttpclient.netty.request.NettyRequestSender -- Using pooled Channel '[id: 0x020b4601, L:/127.0.0.1:63420 - R:localhost/127.0.0.1:4444]' for 'POST' to 'http://localhost:4444/wd/hub/session/7ba8ff3bf30367aad55a4e3910d5e455/execute/sync'
17:49:29.514 [Forwarding getElementAttribute on session 7ba8ff3bf30367aad55a4e3910d5e455 to remote] DEBUG org.asynchttpclient.netty.request.NettyRequestSender -- Using open Channel [id: 0x020b4601, L:/127.0.0.1:63420 - R:localhost/127.0.0.1:4444] for POST '/wd/hub/session/7ba8ff3bf30367aad55a4e3910d5e455/execute/sync'
17:49:29.536 [AsyncHttpClient-1-2] DEBUG org.asynchttpclient.netty.handler.HttpHandler -- 

Request DefaultHttpRequest(decodeResult: success, version: HTTP/1.1)
POST /wd/hub/session/7ba8ff3bf30367aad55a4e3910d5e455/execute/sync HTTP/1.1
traceparent: 00-cd3e6d71378420c59c60fdcfff460d82-6b7c45675a979d78-01
User-Agent: selenium/4.13.0 (java windows)
Content-Length: 47374
Content-Type: application/json; charset=utf-8
host: localhost:4444
accept: */*

Response DefaultHttpResponse(decodeResult: success, version: HTTP/1.1)
HTTP/1.1 200 OK
content-length: 20
content-type: application/json; charset=utf-8
cache-control: no-cache

17:49:29.537 [AsyncHttpClient-1-2] DEBUG org.asynchttpclient.netty.channel.ChannelManager -- Adding key: http://localhost:4444 for channel [id: 0x020b4601, L:/127.0.0.1:63420 - R:localhost/127.0.0.1:4444]
17:49:29.538 [Forwarding getElementAttribute on session 7ba8ff3bf30367aad55a4e3910d5e455 to remote] DEBUG org.asynchttpclient.netty.request.NettyRequestSender -- Using pooled Channel '[id: 0x020b4601, L:/127.0.0.1:63420 - R:localhost/127.0.0.1:4444]' for 'POST' to 'http://localhost:4444/wd/hub/session/7ba8ff3bf30367aad55a4e3910d5e455/execute/sync'
17:49:29.538 [Forwarding getElementAttribute on session 7ba8ff3bf30367aad55a4e3910d5e455 to remote] DEBUG org.asynchttpclient.netty.request.NettyRequestSender -- Using open Channel [id: 0x020b4601, L:/127.0.0.1:63420 - R:localhost/127.0.0.1:4444] for POST '/wd/hub/session/7ba8ff3bf30367aad55a4e3910d5e455/execute/sync'
17:49:29.562 [AsyncHttpClient-1-2] DEBUG org.asynchttpclient.netty.handler.HttpHandler -- 

Request DefaultHttpRequest(decodeResult: success, version: HTTP/1.1)
POST /wd/hub/session/7ba8ff3bf30367aad55a4e3910d5e455/execute/sync HTTP/1.1
traceparent: 00-ef649dea987d95c0f48cf6a70ad80505-fe0ec8d3da4c6692-01
User-Agent: selenium/4.13.0 (java windows)
Content-Length: 47381
Content-Type: application/json; charset=utf-8
host: localhost:4444
accept: */*

Response DefaultHttpResponse(decodeResult: success, version: HTTP/1.1)
HTTP/1.1 200 OK
content-length: 15
content-type: application/json; charset=utf-8
cache-control: no-cache

17:49:29.562 [AsyncHttpClient-1-2] DEBUG org.asynchttpclient.netty.channel.ChannelManager -- Adding key: http://localhost:4444 for channel [id: 0x020b4601, L:/127.0.0.1:63420 - R:localhost/127.0.0.1:4444]
17:49:29.565 [Forwarding getElementAttribute on session 7ba8ff3bf30367aad55a4e3910d5e455 to remote] DEBUG org.asynchttpclient.netty.request.NettyRequestSender -- Using pooled Channel '[id: 0x020b4601, L:/127.0.0.1:63420 - R:localhost/127.0.0.1:4444]' for 'POST' to 'http://localhost:4444/wd/hub/session/7ba8ff3bf30367aad55a4e3910d5e455/execute/sync'
17:49:29.565 [Forwarding getElementAttribute on session 7ba8ff3bf30367aad55a4e3910d5e455 to remote] DEBUG org.asynchttpclient.netty.request.NettyRequestSender -- Using open Channel [id: 0x020b4601, L:/127.0.0.1:63420 - R:localhost/127.0.0.1:4444] for POST '/wd/hub/session/7ba8ff3bf30367aad55a4e3910d5e455/execute/sync'
17:49:29.588 [AsyncHttpClient-1-2] DEBUG org.asynchttpclient.netty.handler.HttpHandler -- 

Request DefaultHttpRequest(decodeResult: success, version: HTTP/1.1)
POST /wd/hub/session/7ba8ff3bf30367aad55a4e3910d5e455/execute/sync HTTP/1.1
traceparent: 00-fae6adba2667535edf5391e10dad2362-7eca5763da3ce1ca-01
User-Agent: selenium/4.13.0 (java windows)
Content-Length: 47384
Content-Type: application/json; charset=utf-8
host: localhost:4444
accept: */*

Response DefaultHttpResponse(decodeResult: success, version: HTTP/1.1)
HTTP/1.1 200 OK
content-length: 16
content-type: application/json; charset=utf-8
cache-control: no-cache

17:49:29.588 [AsyncHttpClient-1-2] DEBUG org.asynchttpclient.netty.channel.ChannelManager -- Adding key: http://localhost:4444 for channel [id: 0x020b4601, L:/127.0.0.1:63420 - R:localhost/127.0.0.1:4444]
17:49:29.590 [Forwarding getElementAttribute on session 7ba8ff3bf30367aad55a4e3910d5e455 to remote] DEBUG org.asynchttpclient.netty.request.NettyRequestSender -- Using pooled Channel '[id: 0x020b4601, L:/127.0.0.1:63420 - R:localhost/127.0.0.1:4444]' for 'POST' to 'http://localhost:4444/wd/hub/session/7ba8ff3bf30367aad55a4e3910d5e455/execute/sync'
17:49:29.590 [Forwarding getElementAttribute on session 7ba8ff3bf30367aad55a4e3910d5e455 to remote] DEBUG org.asynchttpclient.netty.request.NettyRequestSender -- Using open Channel [id: 0x020b4601, L:/127.0.0.1:63420 - R:localhost/127.0.0.1:4444] for POST '/wd/hub/session/7ba8ff3bf30367aad55a4e3910d5e455/execute/sync'
17:49:29.612 [AsyncHttpClient-1-2] DEBUG org.asynchttpclient.netty.handler.HttpHandler -- 

Request DefaultHttpRequest(decodeResult: success, version: HTTP/1.1)
POST /wd/hub/session/7ba8ff3bf30367aad55a4e3910d5e455/execute/sync HTTP/1.1
traceparent: 00-4beb3cb05a4439e69effb5b91c6137d0-cb12f467138b828f-01
User-Agent: selenium/4.13.0 (java windows)
Content-Length: 47375
Content-Type: application/json; charset=utf-8
host: localhost:4444
accept: */*

Response DefaultHttpResponse(decodeResult: success, version: HTTP/1.1)
HTTP/1.1 200 OK
content-length: 18
content-type: application/json; charset=utf-8
cache-control: no-cache

17:49:29.612 [AsyncHttpClient-1-2] DEBUG org.asynchttpclient.netty.channel.ChannelManager -- Adding key: http://localhost:4444 for channel [id: 0x020b4601, L:/127.0.0.1:63420 - R:localhost/127.0.0.1:4444]
17:49:29.612 [main] INFO helpers.LoggerHelper -- Testing password: 1324.0
17:49:29.614 [Forwarding findElement on session 7ba8ff3bf30367aad55a4e3910d5e455 to remote] DEBUG org.asynchttpclient.netty.request.NettyRequestSender -- Using pooled Channel '[id: 0x020b4601, L:/127.0.0.1:63420 - R:localhost/127.0.0.1:4444]' for 'POST' to 'http://localhost:4444/wd/hub/session/7ba8ff3bf30367aad55a4e3910d5e455/element'
17:49:29.614 [Forwarding findElement on session 7ba8ff3bf30367aad55a4e3910d5e455 to remote] DEBUG org.asynchttpclient.netty.request.NettyRequestSender -- Using open Channel [id: 0x020b4601, L:/127.0.0.1:63420 - R:localhost/127.0.0.1:4444] for POST '/wd/hub/session/7ba8ff3bf30367aad55a4e3910d5e455/element'
17:49:29.634 [AsyncHttpClient-1-2] DEBUG org.asynchttpclient.netty.handler.HttpHandler -- 

Request DefaultHttpRequest(decodeResult: success, version: HTTP/1.1)
POST /wd/hub/session/7ba8ff3bf30367aad55a4e3910d5e455/element HTTP/1.1
traceparent: 00-5fae0f9027d86a0d1291a0a71e175b33-e93d787ccedb36a8-01
User-Agent: selenium/4.13.0 (java windows)
Content-Length: 59
Content-Type: application/json; charset=utf-8
host: localhost:4444
accept: */*

Response DefaultHttpResponse(decodeResult: success, version: HTTP/1.1)
HTTP/1.1 200 OK
content-length: 95
content-type: application/json; charset=utf-8
cache-control: no-cache

17:49:29.635 [AsyncHttpClient-1-2] DEBUG org.asynchttpclient.netty.channel.ChannelManager -- Adding key: http://localhost:4444 for channel [id: 0x020b4601, L:/127.0.0.1:63420 - R:localhost/127.0.0.1:4444]
17:49:29.637 [Forwarding isElementDisplayed on session 7ba8ff3bf30367aad55a4e3910d5e455 to remote] DEBUG org.asynchttpclient.netty.request.NettyRequestSender -- Using pooled Channel '[id: 0x020b4601, L:/127.0.0.1:63420 - R:localhost/127.0.0.1:4444]' for 'POST' to 'http://localhost:4444/wd/hub/session/7ba8ff3bf30367aad55a4e3910d5e455/execute/sync'
17:49:29.637 [Forwarding isElementDisplayed on session 7ba8ff3bf30367aad55a4e3910d5e455 to remote] DEBUG org.asynchttpclient.netty.request.NettyRequestSender -- Using open Channel [id: 0x020b4601, L:/127.0.0.1:63420 - R:localhost/127.0.0.1:4444] for POST '/wd/hub/session/7ba8ff3bf30367aad55a4e3910d5e455/execute/sync'
17:49:29.660 [AsyncHttpClient-1-2] DEBUG org.asynchttpclient.netty.handler.HttpHandler -- 

Request DefaultHttpRequest(decodeResult: success, version: HTTP/1.1)
POST /wd/hub/session/7ba8ff3bf30367aad55a4e3910d5e455/execute/sync HTTP/1.1
traceparent: 00-1f2e863f76ab66029950d9c7dc71324a-cc639e672ceea1d3-01
User-Agent: selenium/4.13.0 (java windows)
Content-Length: 48814
Content-Type: application/json; charset=utf-8
host: localhost:4444
accept: */*

Response DefaultHttpResponse(decodeResult: success, version: HTTP/1.1)
HTTP/1.1 200 OK
content-length: 14
content-type: application/json; charset=utf-8
cache-control: no-cache

17:49:29.661 [AsyncHttpClient-1-2] DEBUG org.asynchttpclient.netty.channel.ChannelManager -- Adding key: http://localhost:4444 for channel [id: 0x020b4601, L:/127.0.0.1:63420 - R:localhost/127.0.0.1:4444]
17:49:29.662 [Forwarding findElement on session 7ba8ff3bf30367aad55a4e3910d5e455 to remote] DEBUG org.asynchttpclient.netty.request.NettyRequestSender -- Using pooled Channel '[id: 0x020b4601, L:/127.0.0.1:63420 - R:localhost/127.0.0.1:4444]' for 'POST' to 'http://localhost:4444/wd/hub/session/7ba8ff3bf30367aad55a4e3910d5e455/element'
17:49:29.662 [Forwarding findElement on session 7ba8ff3bf30367aad55a4e3910d5e455 to remote] DEBUG org.asynchttpclient.netty.request.NettyRequestSender -- Using open Channel [id: 0x020b4601, L:/127.0.0.1:63420 - R:localhost/127.0.0.1:4444] for POST '/wd/hub/session/7ba8ff3bf30367aad55a4e3910d5e455/element'
17:49:29.682 [AsyncHttpClient-1-2] DEBUG org.asynchttpclient.netty.handler.HttpHandler -- 

Request DefaultHttpRequest(decodeResult: success, version: HTTP/1.1)
POST /wd/hub/session/7ba8ff3bf30367aad55a4e3910d5e455/element HTTP/1.1
traceparent: 00-e6c79163db6d6115efc39681cd70ca01-69e9743a51081170-01
User-Agent: selenium/4.13.0 (java windows)
Content-Length: 59
Content-Type: application/json; charset=utf-8
host: localhost:4444
accept: */*

Response DefaultHttpResponse(decodeResult: success, version: HTTP/1.1)
HTTP/1.1 200 OK
content-length: 95
content-type: application/json; charset=utf-8
cache-control: no-cache

17:49:29.683 [AsyncHttpClient-1-2] DEBUG org.asynchttpclient.netty.channel.ChannelManager -- Adding key: http://localhost:4444 for channel [id: 0x020b4601, L:/127.0.0.1:63420 - R:localhost/127.0.0.1:4444]
17:49:29.684 [Forwarding getElementAttribute on session 7ba8ff3bf30367aad55a4e3910d5e455 to remote] DEBUG org.asynchttpclient.netty.request.NettyRequestSender -- Using pooled Channel '[id: 0x020b4601, L:/127.0.0.1:63420 - R:localhost/127.0.0.1:4444]' for 'POST' to 'http://localhost:4444/wd/hub/session/7ba8ff3bf30367aad55a4e3910d5e455/execute/sync'
17:49:29.684 [Forwarding getElementAttribute on session 7ba8ff3bf30367aad55a4e3910d5e455 to remote] DEBUG org.asynchttpclient.netty.request.NettyRequestSender -- Using open Channel [id: 0x020b4601, L:/127.0.0.1:63420 - R:localhost/127.0.0.1:4444] for POST '/wd/hub/session/7ba8ff3bf30367aad55a4e3910d5e455/execute/sync'
17:49:29.704 [AsyncHttpClient-1-2] DEBUG org.asynchttpclient.netty.handler.HttpHandler -- 

Request DefaultHttpRequest(decodeResult: success, version: HTTP/1.1)
POST /wd/hub/session/7ba8ff3bf30367aad55a4e3910d5e455/execute/sync HTTP/1.1
traceparent: 00-08cd30cb2ddfc91db5f85db665acf8ea-080b1ba8de855d2c-01
User-Agent: selenium/4.13.0 (java windows)
Content-Length: 47379
Content-Type: application/json; charset=utf-8
host: localhost:4444
accept: */*

Response DefaultHttpResponse(decodeResult: success, version: HTTP/1.1)
HTTP/1.1 200 OK
content-length: 160
content-type: application/json; charset=utf-8
cache-control: no-cache

17:49:29.705 [AsyncHttpClient-1-2] DEBUG org.asynchttpclient.netty.channel.ChannelManager -- Adding key: http://localhost:4444 for channel [id: 0x020b4601, L:/127.0.0.1:63420 - R:localhost/127.0.0.1:4444]
17:49:29.706 [Forwarding getElementAttribute on session 7ba8ff3bf30367aad55a4e3910d5e455 to remote] DEBUG org.asynchttpclient.netty.request.NettyRequestSender -- Using pooled Channel '[id: 0x020b4601, L:/127.0.0.1:63420 - R:localhost/127.0.0.1:4444]' for 'POST' to 'http://localhost:4444/wd/hub/session/7ba8ff3bf30367aad55a4e3910d5e455/execute/sync'
17:49:29.706 [Forwarding getElementAttribute on session 7ba8ff3bf30367aad55a4e3910d5e455 to remote] DEBUG org.asynchttpclient.netty.request.NettyRequestSender -- Using open Channel [id: 0x020b4601, L:/127.0.0.1:63420 - R:localhost/127.0.0.1:4444] for POST '/wd/hub/session/7ba8ff3bf30367aad55a4e3910d5e455/execute/sync'
17:49:29.729 [AsyncHttpClient-1-2] DEBUG org.asynchttpclient.netty.handler.HttpHandler -- 

Request DefaultHttpRequest(decodeResult: success, version: HTTP/1.1)
POST /wd/hub/session/7ba8ff3bf30367aad55a4e3910d5e455/execute/sync HTTP/1.1
traceparent: 00-5df175a433ce670b645ba5dbd320da75-af89439164794bf8-01
User-Agent: selenium/4.13.0 (java windows)
Content-Length: 47374
Content-Type: application/json; charset=utf-8
host: localhost:4444
accept: */*

Response DefaultHttpResponse(decodeResult: success, version: HTTP/1.1)
HTTP/1.1 200 OK
content-length: 18
content-type: application/json; charset=utf-8
cache-control: no-cache

17:49:29.729 [AsyncHttpClient-1-2] DEBUG org.asynchttpclient.netty.channel.ChannelManager -- Adding key: http://localhost:4444 for channel [id: 0x020b4601, L:/127.0.0.1:63420 - R:localhost/127.0.0.1:4444]
17:49:29.731 [Forwarding getElementAttribute on session 7ba8ff3bf30367aad55a4e3910d5e455 to remote] DEBUG org.asynchttpclient.netty.request.NettyRequestSender -- Using pooled Channel '[id: 0x020b4601, L:/127.0.0.1:63420 - R:localhost/127.0.0.1:4444]' for 'POST' to 'http://localhost:4444/wd/hub/session/7ba8ff3bf30367aad55a4e3910d5e455/execute/sync'
17:49:29.731 [Forwarding getElementAttribute on session 7ba8ff3bf30367aad55a4e3910d5e455 to remote] DEBUG org.asynchttpclient.netty.request.NettyRequestSender -- Using open Channel [id: 0x020b4601, L:/127.0.0.1:63420 - R:localhost/127.0.0.1:4444] for POST '/wd/hub/session/7ba8ff3bf30367aad55a4e3910d5e455/execute/sync'
17:49:29.755 [AsyncHttpClient-1-2] DEBUG org.asynchttpclient.netty.handler.HttpHandler -- 

Request DefaultHttpRequest(decodeResult: success, version: HTTP/1.1)
POST /wd/hub/session/7ba8ff3bf30367aad55a4e3910d5e455/execute/sync HTTP/1.1
traceparent: 00-c26d98bb33e4bd0ea148c4313b9b819d-2d3e6a16d97342d5-01
User-Agent: selenium/4.13.0 (java windows)
Content-Length: 47375
Content-Type: application/json; charset=utf-8
host: localhost:4444
accept: */*

Response DefaultHttpResponse(decodeResult: success, version: HTTP/1.1)
HTTP/1.1 200 OK
content-length: 36
content-type: application/json; charset=utf-8
cache-control: no-cache

17:49:29.756 [AsyncHttpClient-1-2] DEBUG org.asynchttpclient.netty.channel.ChannelManager -- Adding key: http://localhost:4444 for channel [id: 0x020b4601, L:/127.0.0.1:63420 - R:localhost/127.0.0.1:4444]
17:49:29.757 [Forwarding getElementAttribute on session 7ba8ff3bf30367aad55a4e3910d5e455 to remote] DEBUG org.asynchttpclient.netty.request.NettyRequestSender -- Using pooled Channel '[id: 0x020b4601, L:/127.0.0.1:63420 - R:localhost/127.0.0.1:4444]' for 'POST' to 'http://localhost:4444/wd/hub/session/7ba8ff3bf30367aad55a4e3910d5e455/execute/sync'
17:49:29.757 [Forwarding getElementAttribute on session 7ba8ff3bf30367aad55a4e3910d5e455 to remote] DEBUG org.asynchttpclient.netty.request.NettyRequestSender -- Using open Channel [id: 0x020b4601, L:/127.0.0.1:63420 - R:localhost/127.0.0.1:4444] for POST '/wd/hub/session/7ba8ff3bf30367aad55a4e3910d5e455/execute/sync'
17:49:29.784 [AsyncHttpClient-1-2] DEBUG org.asynchttpclient.netty.handler.HttpHandler -- 

Request DefaultHttpRequest(decodeResult: success, version: HTTP/1.1)
POST /wd/hub/session/7ba8ff3bf30367aad55a4e3910d5e455/execute/sync HTTP/1.1
traceparent: 00-bf075377f15104c0156c323ee9764143-0a0e759aaa488de1-01
User-Agent: selenium/4.13.0 (java windows)
Content-Length: 47379
Content-Type: application/json; charset=utf-8
host: localhost:4444
accept: */*

Response DefaultHttpResponse(decodeResult: success, version: HTTP/1.1)
HTTP/1.1 200 OK
content-length: 24
content-type: application/json; charset=utf-8
cache-control: no-cache

17:49:29.784 [AsyncHttpClient-1-2] DEBUG org.asynchttpclient.netty.channel.ChannelManager -- Adding key: http://localhost:4444 for channel [id: 0x020b4601, L:/127.0.0.1:63420 - R:localhost/127.0.0.1:4444]
17:49:29.787 [Forwarding getElementAttribute on session 7ba8ff3bf30367aad55a4e3910d5e455 to remote] DEBUG org.asynchttpclient.netty.request.NettyRequestSender -- Using pooled Channel '[id: 0x020b4601, L:/127.0.0.1:63420 - R:localhost/127.0.0.1:4444]' for 'POST' to 'http://localhost:4444/wd/hub/session/7ba8ff3bf30367aad55a4e3910d5e455/execute/sync'
17:49:29.787 [Forwarding getElementAttribute on session 7ba8ff3bf30367aad55a4e3910d5e455 to remote] DEBUG org.asynchttpclient.netty.request.NettyRequestSender -- Using open Channel [id: 0x020b4601, L:/127.0.0.1:63420 - R:localhost/127.0.0.1:4444] for POST '/wd/hub/session/7ba8ff3bf30367aad55a4e3910d5e455/execute/sync'
17:49:29.815 [AsyncHttpClient-1-2] DEBUG org.asynchttpclient.netty.handler.HttpHandler -- 

Request DefaultHttpRequest(decodeResult: success, version: HTTP/1.1)
POST /wd/hub/session/7ba8ff3bf30367aad55a4e3910d5e455/execute/sync HTTP/1.1
traceparent: 00-58ed303d7bbf0a08f2b8d0fd1f4254c1-b15f46af81434b5d-01
User-Agent: selenium/4.13.0 (java windows)
Content-Length: 47372
Content-Type: application/json; charset=utf-8
host: localhost:4444
accept: */*

Response DefaultHttpResponse(decodeResult: success, version: HTTP/1.1)
HTTP/1.1 200 OK
content-length: 24
content-type: application/json; charset=utf-8
cache-control: no-cache

17:49:29.816 [AsyncHttpClient-1-2] DEBUG org.asynchttpclient.netty.channel.ChannelManager -- Adding key: http://localhost:4444 for channel [id: 0x020b4601, L:/127.0.0.1:63420 - R:localhost/127.0.0.1:4444]
17:49:29.818 [Forwarding getElementAttribute on session 7ba8ff3bf30367aad55a4e3910d5e455 to remote] DEBUG org.asynchttpclient.netty.request.NettyRequestSender -- Using pooled Channel '[id: 0x020b4601, L:/127.0.0.1:63420 - R:localhost/127.0.0.1:4444]' for 'POST' to 'http://localhost:4444/wd/hub/session/7ba8ff3bf30367aad55a4e3910d5e455/execute/sync'
17:49:29.818 [Forwarding getElementAttribute on session 7ba8ff3bf30367aad55a4e3910d5e455 to remote] DEBUG org.asynchttpclient.netty.request.NettyRequestSender -- Using open Channel [id: 0x020b4601, L:/127.0.0.1:63420 - R:localhost/127.0.0.1:4444] for POST '/wd/hub/session/7ba8ff3bf30367aad55a4e3910d5e455/execute/sync'
17:49:29.843 [AsyncHttpClient-1-2] DEBUG org.asynchttpclient.netty.handler.HttpHandler -- 

Request DefaultHttpRequest(decodeResult: success, version: HTTP/1.1)
POST /wd/hub/session/7ba8ff3bf30367aad55a4e3910d5e455/execute/sync HTTP/1.1
traceparent: 00-f5603be9f27c1e42bae96276daebac15-0891512aeafbb1ca-01
User-Agent: selenium/4.13.0 (java windows)
Content-Length: 47374
Content-Type: application/json; charset=utf-8
host: localhost:4444
accept: */*

Response DefaultHttpResponse(decodeResult: success, version: HTTP/1.1)
HTTP/1.1 200 OK
content-length: 24
content-type: application/json; charset=utf-8
cache-control: no-cache

17:49:29.843 [AsyncHttpClient-1-2] DEBUG org.asynchttpclient.netty.channel.ChannelManager -- Adding key: http://localhost:4444 for channel [id: 0x020b4601, L:/127.0.0.1:63420 - R:localhost/127.0.0.1:4444]
17:49:29.845 [AsyncHttpClient-1-1] DEBUG org.asynchttpclient.netty.channel.DefaultChannelPool -- Entry count for : http://localhost:4444 : 1
17:49:29.845 [Forwarding getElementAttribute on session 7ba8ff3bf30367aad55a4e3910d5e455 to remote] DEBUG org.asynchttpclient.netty.request.NettyRequestSender -- Using pooled Channel '[id: 0x020b4601, L:/127.0.0.1:63420 - R:localhost/127.0.0.1:4444]' for 'POST' to 'http://localhost:4444/wd/hub/session/7ba8ff3bf30367aad55a4e3910d5e455/execute/sync'
17:49:29.845 [Forwarding getElementAttribute on session 7ba8ff3bf30367aad55a4e3910d5e455 to remote] DEBUG org.asynchttpclient.netty.request.NettyRequestSender -- Using open Channel [id: 0x020b4601, L:/127.0.0.1:63420 - R:localhost/127.0.0.1:4444] for POST '/wd/hub/session/7ba8ff3bf30367aad55a4e3910d5e455/execute/sync'
17:49:29.866 [AsyncHttpClient-1-2] DEBUG org.asynchttpclient.netty.handler.HttpHandler -- 

Request DefaultHttpRequest(decodeResult: success, version: HTTP/1.1)
POST /wd/hub/session/7ba8ff3bf30367aad55a4e3910d5e455/execute/sync HTTP/1.1
traceparent: 00-e695fffd6153ae2342c5fcf62a36cc7f-fb3ddfb5a6cb7b2c-01
User-Agent: selenium/4.13.0 (java windows)
Content-Length: 47375
Content-Type: application/json; charset=utf-8
host: localhost:4444
accept: */*

Response DefaultHttpResponse(decodeResult: success, version: HTTP/1.1)
HTTP/1.1 200 OK
content-length: 17
content-type: application/json; charset=utf-8
cache-control: no-cache

17:49:29.867 [AsyncHttpClient-1-2] DEBUG org.asynchttpclient.netty.channel.ChannelManager -- Adding key: http://localhost:4444 for channel [id: 0x020b4601, L:/127.0.0.1:63420 - R:localhost/127.0.0.1:4444]
17:49:29.868 [Forwarding findElement on session 7ba8ff3bf30367aad55a4e3910d5e455 to remote] DEBUG org.asynchttpclient.netty.request.NettyRequestSender -- Using pooled Channel '[id: 0x020b4601, L:/127.0.0.1:63420 - R:localhost/127.0.0.1:4444]' for 'POST' to 'http://localhost:4444/wd/hub/session/7ba8ff3bf30367aad55a4e3910d5e455/element'
17:49:29.868 [Forwarding findElement on session 7ba8ff3bf30367aad55a4e3910d5e455 to remote] DEBUG org.asynchttpclient.netty.request.NettyRequestSender -- Using open Channel [id: 0x020b4601, L:/127.0.0.1:63420 - R:localhost/127.0.0.1:4444] for POST '/wd/hub/session/7ba8ff3bf30367aad55a4e3910d5e455/element'
17:49:29.890 [AsyncHttpClient-1-2] DEBUG org.asynchttpclient.netty.handler.HttpHandler -- 

Request DefaultHttpRequest(decodeResult: success, version: HTTP/1.1)
POST /wd/hub/session/7ba8ff3bf30367aad55a4e3910d5e455/element HTTP/1.1
traceparent: 00-4d74f722aa43e91d84a4610b0d9dc74c-8629c35479097492-01
User-Agent: selenium/4.13.0 (java windows)
Content-Length: 59
Content-Type: application/json; charset=utf-8
host: localhost:4444
accept: */*

Response DefaultHttpResponse(decodeResult: success, version: HTTP/1.1)
HTTP/1.1 200 OK
content-length: 95
content-type: application/json; charset=utf-8
cache-control: no-cache

17:49:29.891 [AsyncHttpClient-1-2] DEBUG org.asynchttpclient.netty.channel.ChannelManager -- Adding key: http://localhost:4444 for channel [id: 0x020b4601, L:/127.0.0.1:63420 - R:localhost/127.0.0.1:4444]
17:49:29.893 [Forwarding clickElement on session 7ba8ff3bf30367aad55a4e3910d5e455 to remote] DEBUG org.asynchttpclient.netty.request.NettyRequestSender -- Using pooled Channel '[id: 0x020b4601, L:/127.0.0.1:63420 - R:localhost/127.0.0.1:4444]' for 'POST' to 'http://localhost:4444/wd/hub/session/7ba8ff3bf30367aad55a4e3910d5e455/element/C43CBA43F4C67B6C39A9EA852181E377_element_77/click'
17:49:29.893 [Forwarding clickElement on session 7ba8ff3bf30367aad55a4e3910d5e455 to remote] DEBUG org.asynchttpclient.netty.request.NettyRequestSender -- Using open Channel [id: 0x020b4601, L:/127.0.0.1:63420 - R:localhost/127.0.0.1:4444] for POST '/wd/hub/session/7ba8ff3bf30367aad55a4e3910d5e455/element/C43CBA43F4C67B6C39A9EA852181E377_element_77/click'
17:49:29.973 [AsyncHttpClient-1-2] DEBUG org.asynchttpclient.netty.handler.HttpHandler -- 

Request DefaultHttpRequest(decodeResult: success, version: HTTP/1.1)
POST /wd/hub/session/7ba8ff3bf30367aad55a4e3910d5e455/element/C43CBA43F4C67B6C39A9EA852181E377_element_77/click HTTP/1.1
traceparent: 00-81998f3021bee96d1aeacd40f6e59780-3977fec605e6628f-01
User-Agent: selenium/4.13.0 (java windows)
Content-Length: 57
Content-Type: application/json; charset=utf-8
host: localhost:4444
accept: */*

Response DefaultHttpResponse(decodeResult: success, version: HTTP/1.1)
HTTP/1.1 200 OK
content-length: 14
content-type: application/json; charset=utf-8
cache-control: no-cache

17:49:29.974 [AsyncHttpClient-1-2] DEBUG org.asynchttpclient.netty.channel.ChannelManager -- Adding key: http://localhost:4444 for channel [id: 0x020b4601, L:/127.0.0.1:63420 - R:localhost/127.0.0.1:4444]
17:49:29.974 [main] INFO helpers.LoggerHelper -- @Test: readFromFileExcel has PASSED
17:49:29.974 [main] INFO helpers.LoggerHelper -- ######################################################################################
17:49:29.976 [Forwarding screenshot on session 7ba8ff3bf30367aad55a4e3910d5e455 to remote] DEBUG org.asynchttpclient.netty.request.NettyRequestSender -- Using pooled Channel '[id: 0x020b4601, L:/127.0.0.1:63420 - R:localhost/127.0.0.1:4444]' for 'GET' to 'http://localhost:4444/wd/hub/session/7ba8ff3bf30367aad55a4e3910d5e455/screenshot'
17:49:29.976 [Forwarding screenshot on session 7ba8ff3bf30367aad55a4e3910d5e455 to remote] DEBUG org.asynchttpclient.netty.request.NettyRequestSender -- Using open Channel [id: 0x020b4601, L:/127.0.0.1:63420 - R:localhost/127.0.0.1:4444] for GET '/wd/hub/session/7ba8ff3bf30367aad55a4e3910d5e455/screenshot'
17:49:30.184 [AsyncHttpClient-1-2] DEBUG org.asynchttpclient.netty.handler.HttpHandler -- 

Request DefaultFullHttpRequest(decodeResult: success, version: HTTP/1.1, content: EmptyByteBufBE)
GET /wd/hub/session/7ba8ff3bf30367aad55a4e3910d5e455/screenshot HTTP/1.1
Cache-Control: no-cache
traceparent: 00-0414670eeab2c759b187ad79550e8141-e31e00ccdf7499ef-01
User-Agent: selenium/4.13.0 (java windows)
Content-Type: application/json; charset=utf-8
host: localhost:4444
accept: */*

Response DefaultHttpResponse(decodeResult: success, version: HTTP/1.1)
HTTP/1.1 200 OK
content-length: 55168
content-type: application/json; charset=utf-8
cache-control: no-cache

17:49:30.185 [AsyncHttpClient-1-2] DEBUG org.asynchttpclient.netty.channel.ChannelManager -- Adding key: http://localhost:4444 for channel [id: 0x020b4601, L:/127.0.0.1:63420 - R:localhost/127.0.0.1:4444]
17:49:30.198 [main] INFO helpers.LoggerHelper -- Screenshot saved successfully.
]]></system-out>
  </testcase>
  <testcase name="readFromFileExcel[1234admin, admin123](4)" classname="FrontEnd.SauceDemo.LoginWithDP" time="1.702">
    <system-out><![CDATA[17:49:30.199 [main] INFO helpers.LoggerHelper -- @Test: readFromFileExcel
17:49:30.199 [main] INFO helpers.LoggerHelper -- Description: Trying to read data from an Excel file
17:49:30.199 [main] INFO helpers.LoggerHelper -- ######################################################################################
17:49:30.202 [Forwarding get on session 7ba8ff3bf30367aad55a4e3910d5e455 to remote] DEBUG org.asynchttpclient.netty.request.NettyRequestSender -- Using pooled Channel '[id: 0x020b4601, L:/127.0.0.1:63420 - R:localhost/127.0.0.1:4444]' for 'POST' to 'http://localhost:4444/wd/hub/session/7ba8ff3bf30367aad55a4e3910d5e455/url'
17:49:30.202 [Forwarding get on session 7ba8ff3bf30367aad55a4e3910d5e455 to remote] DEBUG org.asynchttpclient.netty.request.NettyRequestSender -- Using open Channel [id: 0x020b4601, L:/127.0.0.1:63420 - R:localhost/127.0.0.1:4444] for POST '/wd/hub/session/7ba8ff3bf30367aad55a4e3910d5e455/url'
17:49:30.321 [AsyncHttpClient-1-2] DEBUG org.asynchttpclient.netty.handler.HttpHandler -- 

Request DefaultHttpRequest(decodeResult: success, version: HTTP/1.1)
POST /wd/hub/session/7ba8ff3bf30367aad55a4e3910d5e455/url HTTP/1.1
traceparent: 00-d5f9d1079d591e103585ff04ce3317df-6b6f9125f48d2488-01
User-Agent: selenium/4.13.0 (java windows)
Content-Length: 43
Content-Type: application/json; charset=utf-8
host: localhost:4444
accept: */*

Response DefaultHttpResponse(decodeResult: success, version: HTTP/1.1)
HTTP/1.1 200 OK
content-length: 14
content-type: application/json; charset=utf-8
cache-control: no-cache

17:49:30.321 [AsyncHttpClient-1-2] DEBUG org.asynchttpclient.netty.channel.ChannelManager -- Adding key: http://localhost:4444 for channel [id: 0x020b4601, L:/127.0.0.1:63420 - R:localhost/127.0.0.1:4444]
17:49:30.323 [Forwarding findElement on session 7ba8ff3bf30367aad55a4e3910d5e455 to remote] DEBUG org.asynchttpclient.netty.request.NettyRequestSender -- Using pooled Channel '[id: 0x020b4601, L:/127.0.0.1:63420 - R:localhost/127.0.0.1:4444]' for 'POST' to 'http://localhost:4444/wd/hub/session/7ba8ff3bf30367aad55a4e3910d5e455/element'
17:49:30.323 [Forwarding findElement on session 7ba8ff3bf30367aad55a4e3910d5e455 to remote] DEBUG org.asynchttpclient.netty.request.NettyRequestSender -- Using open Channel [id: 0x020b4601, L:/127.0.0.1:63420 - R:localhost/127.0.0.1:4444] for POST '/wd/hub/session/7ba8ff3bf30367aad55a4e3910d5e455/element'
17:49:30.359 [AsyncHttpClient-1-2] DEBUG org.asynchttpclient.netty.handler.HttpHandler -- 

Request DefaultHttpRequest(decodeResult: success, version: HTTP/1.1)
POST /wd/hub/session/7ba8ff3bf30367aad55a4e3910d5e455/element HTTP/1.1
traceparent: 00-a8fc1e21f6c6156bd08fc8082dbd6818-c16bdbcf832b83d7-01
User-Agent: selenium/4.13.0 (java windows)
Content-Length: 56
Content-Type: application/json; charset=utf-8
host: localhost:4444
accept: */*

Response DefaultHttpResponse(decodeResult: success, version: HTTP/1.1)
HTTP/1.1 200 OK
content-length: 95
content-type: application/json; charset=utf-8
cache-control: no-cache

17:49:30.359 [AsyncHttpClient-1-2] DEBUG org.asynchttpclient.netty.channel.ChannelManager -- Adding key: http://localhost:4444 for channel [id: 0x020b4601, L:/127.0.0.1:63420 - R:localhost/127.0.0.1:4444]
17:49:30.363 [Forwarding isElementDisplayed on session 7ba8ff3bf30367aad55a4e3910d5e455 to remote] DEBUG org.asynchttpclient.netty.request.NettyRequestSender -- Using pooled Channel '[id: 0x020b4601, L:/127.0.0.1:63420 - R:localhost/127.0.0.1:4444]' for 'POST' to 'http://localhost:4444/wd/hub/session/7ba8ff3bf30367aad55a4e3910d5e455/execute/sync'
17:49:30.363 [Forwarding isElementDisplayed on session 7ba8ff3bf30367aad55a4e3910d5e455 to remote] DEBUG org.asynchttpclient.netty.request.NettyRequestSender -- Using open Channel [id: 0x020b4601, L:/127.0.0.1:63420 - R:localhost/127.0.0.1:4444] for POST '/wd/hub/session/7ba8ff3bf30367aad55a4e3910d5e455/execute/sync'
17:49:30.398 [AsyncHttpClient-1-2] DEBUG org.asynchttpclient.netty.handler.HttpHandler -- 

Request DefaultHttpRequest(decodeResult: success, version: HTTP/1.1)
POST /wd/hub/session/7ba8ff3bf30367aad55a4e3910d5e455/execute/sync HTTP/1.1
traceparent: 00-723a6d2df4c6a4e0c5dce6f6a65d83ce-cf6dd7cb157d402f-01
User-Agent: selenium/4.13.0 (java windows)
Content-Length: 48814
Content-Type: application/json; charset=utf-8
host: localhost:4444
accept: */*

Response DefaultHttpResponse(decodeResult: success, version: HTTP/1.1)
HTTP/1.1 200 OK
content-length: 14
content-type: application/json; charset=utf-8
cache-control: no-cache

17:49:30.398 [AsyncHttpClient-1-2] DEBUG org.asynchttpclient.netty.channel.ChannelManager -- Adding key: http://localhost:4444 for channel [id: 0x020b4601, L:/127.0.0.1:63420 - R:localhost/127.0.0.1:4444]
17:49:30.399 [Forwarding findElement on session 7ba8ff3bf30367aad55a4e3910d5e455 to remote] DEBUG org.asynchttpclient.netty.request.NettyRequestSender -- Using pooled Channel '[id: 0x020b4601, L:/127.0.0.1:63420 - R:localhost/127.0.0.1:4444]' for 'POST' to 'http://localhost:4444/wd/hub/session/7ba8ff3bf30367aad55a4e3910d5e455/element'
17:49:30.399 [Forwarding findElement on session 7ba8ff3bf30367aad55a4e3910d5e455 to remote] DEBUG org.asynchttpclient.netty.request.NettyRequestSender -- Using open Channel [id: 0x020b4601, L:/127.0.0.1:63420 - R:localhost/127.0.0.1:4444] for POST '/wd/hub/session/7ba8ff3bf30367aad55a4e3910d5e455/element'
17:49:30.430 [AsyncHttpClient-1-2] DEBUG org.asynchttpclient.netty.handler.HttpHandler -- 

Request DefaultHttpRequest(decodeResult: success, version: HTTP/1.1)
POST /wd/hub/session/7ba8ff3bf30367aad55a4e3910d5e455/element HTTP/1.1
traceparent: 00-c7a198526db8ddc8ebc24027b99a1557-fb19f59c69de6baf-01
User-Agent: selenium/4.13.0 (java windows)
Content-Length: 56
Content-Type: application/json; charset=utf-8
host: localhost:4444
accept: */*

Response DefaultHttpResponse(decodeResult: success, version: HTTP/1.1)
HTTP/1.1 200 OK
content-length: 95
content-type: application/json; charset=utf-8
cache-control: no-cache

17:49:30.430 [AsyncHttpClient-1-2] DEBUG org.asynchttpclient.netty.channel.ChannelManager -- Adding key: http://localhost:4444 for channel [id: 0x020b4601, L:/127.0.0.1:63420 - R:localhost/127.0.0.1:4444]
17:49:30.432 [Forwarding sendKeysToElement on session 7ba8ff3bf30367aad55a4e3910d5e455 to remote] DEBUG org.asynchttpclient.netty.request.NettyRequestSender -- Using pooled Channel '[id: 0x020b4601, L:/127.0.0.1:63420 - R:localhost/127.0.0.1:4444]' for 'POST' to 'http://localhost:4444/wd/hub/session/7ba8ff3bf30367aad55a4e3910d5e455/element/D27F2152B5D8E1D6A6EA14F0C325E4D1_element_82/value'
17:49:30.432 [Forwarding sendKeysToElement on session 7ba8ff3bf30367aad55a4e3910d5e455 to remote] DEBUG org.asynchttpclient.netty.request.NettyRequestSender -- Using open Channel [id: 0x020b4601, L:/127.0.0.1:63420 - R:localhost/127.0.0.1:4444] for POST '/wd/hub/session/7ba8ff3bf30367aad55a4e3910d5e455/element/D27F2152B5D8E1D6A6EA14F0C325E4D1_element_82/value'
17:49:30.556 [AsyncHttpClient-1-2] DEBUG org.asynchttpclient.netty.handler.HttpHandler -- 

Request DefaultHttpRequest(decodeResult: success, version: HTTP/1.1)
POST /wd/hub/session/7ba8ff3bf30367aad55a4e3910d5e455/element/D27F2152B5D8E1D6A6EA14F0C325E4D1_element_82/value HTTP/1.1
traceparent: 00-c27bb3ce2e18ff0c2199c6871254c093-d4eaeffb5b3ebf8a-01
User-Agent: selenium/4.13.0 (java windows)
Content-Length: 178
Content-Type: application/json; charset=utf-8
host: localhost:4444
accept: */*

Response DefaultHttpResponse(decodeResult: success, version: HTTP/1.1)
HTTP/1.1 200 OK
content-length: 14
content-type: application/json; charset=utf-8
cache-control: no-cache

17:49:30.556 [AsyncHttpClient-1-2] DEBUG org.asynchttpclient.netty.channel.ChannelManager -- Adding key: http://localhost:4444 for channel [id: 0x020b4601, L:/127.0.0.1:63420 - R:localhost/127.0.0.1:4444]
17:49:30.557 [Forwarding findElement on session 7ba8ff3bf30367aad55a4e3910d5e455 to remote] DEBUG org.asynchttpclient.netty.request.NettyRequestSender -- Using pooled Channel '[id: 0x020b4601, L:/127.0.0.1:63420 - R:localhost/127.0.0.1:4444]' for 'POST' to 'http://localhost:4444/wd/hub/session/7ba8ff3bf30367aad55a4e3910d5e455/element'
17:49:30.557 [Forwarding findElement on session 7ba8ff3bf30367aad55a4e3910d5e455 to remote] DEBUG org.asynchttpclient.netty.request.NettyRequestSender -- Using open Channel [id: 0x020b4601, L:/127.0.0.1:63420 - R:localhost/127.0.0.1:4444] for POST '/wd/hub/session/7ba8ff3bf30367aad55a4e3910d5e455/element'
17:49:30.580 [AsyncHttpClient-1-2] DEBUG org.asynchttpclient.netty.handler.HttpHandler -- 

Request DefaultHttpRequest(decodeResult: success, version: HTTP/1.1)
POST /wd/hub/session/7ba8ff3bf30367aad55a4e3910d5e455/element HTTP/1.1
traceparent: 00-27a0ee18bd87b3402db0b2caf54fa92c-d476d22ba4e56943-01
User-Agent: selenium/4.13.0 (java windows)
Content-Length: 56
Content-Type: application/json; charset=utf-8
host: localhost:4444
accept: */*

Response DefaultHttpResponse(decodeResult: success, version: HTTP/1.1)
HTTP/1.1 200 OK
content-length: 95
content-type: application/json; charset=utf-8
cache-control: no-cache

17:49:30.580 [AsyncHttpClient-1-2] DEBUG org.asynchttpclient.netty.channel.ChannelManager -- Adding key: http://localhost:4444 for channel [id: 0x020b4601, L:/127.0.0.1:63420 - R:localhost/127.0.0.1:4444]
17:49:30.582 [Forwarding getElementAttribute on session 7ba8ff3bf30367aad55a4e3910d5e455 to remote] DEBUG org.asynchttpclient.netty.request.NettyRequestSender -- Using pooled Channel '[id: 0x020b4601, L:/127.0.0.1:63420 - R:localhost/127.0.0.1:4444]' for 'POST' to 'http://localhost:4444/wd/hub/session/7ba8ff3bf30367aad55a4e3910d5e455/execute/sync'
17:49:30.582 [Forwarding getElementAttribute on session 7ba8ff3bf30367aad55a4e3910d5e455 to remote] DEBUG org.asynchttpclient.netty.request.NettyRequestSender -- Using open Channel [id: 0x020b4601, L:/127.0.0.1:63420 - R:localhost/127.0.0.1:4444] for POST '/wd/hub/session/7ba8ff3bf30367aad55a4e3910d5e455/execute/sync'
17:49:30.610 [AsyncHttpClient-1-2] DEBUG org.asynchttpclient.netty.handler.HttpHandler -- 

Request DefaultHttpRequest(decodeResult: success, version: HTTP/1.1)
POST /wd/hub/session/7ba8ff3bf30367aad55a4e3910d5e455/execute/sync HTTP/1.1
traceparent: 00-04da8b56ecaa15a76285101b5f0e32ff-c810c0c79c0e4151-01
User-Agent: selenium/4.13.0 (java windows)
Content-Length: 47379
Content-Type: application/json; charset=utf-8
host: localhost:4444
accept: */*

Response DefaultHttpResponse(decodeResult: success, version: HTTP/1.1)
HTTP/1.1 200 OK
content-length: 219
content-type: application/json; charset=utf-8
cache-control: no-cache

17:49:30.611 [AsyncHttpClient-1-2] DEBUG org.asynchttpclient.netty.channel.ChannelManager -- Adding key: http://localhost:4444 for channel [id: 0x020b4601, L:/127.0.0.1:63420 - R:localhost/127.0.0.1:4444]
17:49:30.612 [Forwarding getElementAttribute on session 7ba8ff3bf30367aad55a4e3910d5e455 to remote] DEBUG org.asynchttpclient.netty.request.NettyRequestSender -- Using pooled Channel '[id: 0x020b4601, L:/127.0.0.1:63420 - R:localhost/127.0.0.1:4444]' for 'POST' to 'http://localhost:4444/wd/hub/session/7ba8ff3bf30367aad55a4e3910d5e455/execute/sync'
17:49:30.613 [Forwarding getElementAttribute on session 7ba8ff3bf30367aad55a4e3910d5e455 to remote] DEBUG org.asynchttpclient.netty.request.NettyRequestSender -- Using open Channel [id: 0x020b4601, L:/127.0.0.1:63420 - R:localhost/127.0.0.1:4444] for POST '/wd/hub/session/7ba8ff3bf30367aad55a4e3910d5e455/execute/sync'
17:49:30.643 [AsyncHttpClient-1-2] DEBUG org.asynchttpclient.netty.handler.HttpHandler -- 

Request DefaultHttpRequest(decodeResult: success, version: HTTP/1.1)
POST /wd/hub/session/7ba8ff3bf30367aad55a4e3910d5e455/execute/sync HTTP/1.1
traceparent: 00-90d878c37959651116ae8a90f143215d-020175fc417a33aa-01
User-Agent: selenium/4.13.0 (java windows)
Content-Length: 47375
Content-Type: application/json; charset=utf-8
host: localhost:4444
accept: */*

Response DefaultHttpResponse(decodeResult: success, version: HTTP/1.1)
HTTP/1.1 200 OK
content-length: 34
content-type: application/json; charset=utf-8
cache-control: no-cache

17:49:30.643 [AsyncHttpClient-1-2] DEBUG org.asynchttpclient.netty.channel.ChannelManager -- Adding key: http://localhost:4444 for channel [id: 0x020b4601, L:/127.0.0.1:63420 - R:localhost/127.0.0.1:4444]
17:49:30.645 [Forwarding getElementAttribute on session 7ba8ff3bf30367aad55a4e3910d5e455 to remote] DEBUG org.asynchttpclient.netty.request.NettyRequestSender -- Using pooled Channel '[id: 0x020b4601, L:/127.0.0.1:63420 - R:localhost/127.0.0.1:4444]' for 'POST' to 'http://localhost:4444/wd/hub/session/7ba8ff3bf30367aad55a4e3910d5e455/execute/sync'
17:49:30.646 [Forwarding getElementAttribute on session 7ba8ff3bf30367aad55a4e3910d5e455 to remote] DEBUG org.asynchttpclient.netty.request.NettyRequestSender -- Using open Channel [id: 0x020b4601, L:/127.0.0.1:63420 - R:localhost/127.0.0.1:4444] for POST '/wd/hub/session/7ba8ff3bf30367aad55a4e3910d5e455/execute/sync'
17:49:30.680 [AsyncHttpClient-1-2] DEBUG org.asynchttpclient.netty.handler.HttpHandler -- 

Request DefaultHttpRequest(decodeResult: success, version: HTTP/1.1)
POST /wd/hub/session/7ba8ff3bf30367aad55a4e3910d5e455/execute/sync HTTP/1.1
traceparent: 00-58732412c164e8c6906d47d09d332fb1-d648da8f4f4ce95b-01
User-Agent: selenium/4.13.0 (java windows)
Content-Length: 47381
Content-Type: application/json; charset=utf-8
host: localhost:4444
accept: */*

Response DefaultHttpResponse(decodeResult: success, version: HTTP/1.1)
HTTP/1.1 200 OK
content-length: 20
content-type: application/json; charset=utf-8
cache-control: no-cache

17:49:30.680 [AsyncHttpClient-1-2] DEBUG org.asynchttpclient.netty.channel.ChannelManager -- Adding key: http://localhost:4444 for channel [id: 0x020b4601, L:/127.0.0.1:63420 - R:localhost/127.0.0.1:4444]
17:49:30.682 [Forwarding getElementAttribute on session 7ba8ff3bf30367aad55a4e3910d5e455 to remote] DEBUG org.asynchttpclient.netty.request.NettyRequestSender -- Using pooled Channel '[id: 0x020b4601, L:/127.0.0.1:63420 - R:localhost/127.0.0.1:4444]' for 'POST' to 'http://localhost:4444/wd/hub/session/7ba8ff3bf30367aad55a4e3910d5e455/execute/sync'
17:49:30.682 [Forwarding getElementAttribute on session 7ba8ff3bf30367aad55a4e3910d5e455 to remote] DEBUG org.asynchttpclient.netty.request.NettyRequestSender -- Using open Channel [id: 0x020b4601, L:/127.0.0.1:63420 - R:localhost/127.0.0.1:4444] for POST '/wd/hub/session/7ba8ff3bf30367aad55a4e3910d5e455/execute/sync'
17:49:30.708 [AsyncHttpClient-1-2] DEBUG org.asynchttpclient.netty.handler.HttpHandler -- 

Request DefaultHttpRequest(decodeResult: success, version: HTTP/1.1)
POST /wd/hub/session/7ba8ff3bf30367aad55a4e3910d5e455/execute/sync HTTP/1.1
traceparent: 00-ceecafaee66461a3ed229628d79d9d63-8424c1c684958daf-01
User-Agent: selenium/4.13.0 (java windows)
Content-Length: 47374
Content-Type: application/json; charset=utf-8
host: localhost:4444
accept: */*

Response DefaultHttpResponse(decodeResult: success, version: HTTP/1.1)
HTTP/1.1 200 OK
content-length: 16
content-type: application/json; charset=utf-8
cache-control: no-cache

17:49:30.709 [AsyncHttpClient-1-2] DEBUG org.asynchttpclient.netty.channel.ChannelManager -- Adding key: http://localhost:4444 for channel [id: 0x020b4601, L:/127.0.0.1:63420 - R:localhost/127.0.0.1:4444]
17:49:30.711 [Forwarding getElementAttribute on session 7ba8ff3bf30367aad55a4e3910d5e455 to remote] DEBUG org.asynchttpclient.netty.request.NettyRequestSender -- Using pooled Channel '[id: 0x020b4601, L:/127.0.0.1:63420 - R:localhost/127.0.0.1:4444]' for 'POST' to 'http://localhost:4444/wd/hub/session/7ba8ff3bf30367aad55a4e3910d5e455/execute/sync'
17:49:30.711 [Forwarding getElementAttribute on session 7ba8ff3bf30367aad55a4e3910d5e455 to remote] DEBUG org.asynchttpclient.netty.request.NettyRequestSender -- Using open Channel [id: 0x020b4601, L:/127.0.0.1:63420 - R:localhost/127.0.0.1:4444] for POST '/wd/hub/session/7ba8ff3bf30367aad55a4e3910d5e455/execute/sync'
17:49:30.735 [AsyncHttpClient-1-2] DEBUG org.asynchttpclient.netty.handler.HttpHandler -- 

Request DefaultHttpRequest(decodeResult: success, version: HTTP/1.1)
POST /wd/hub/session/7ba8ff3bf30367aad55a4e3910d5e455/execute/sync HTTP/1.1
traceparent: 00-39f322f85eb6873a6b610ffebd9e5afb-bb14c4040ad88f02-01
User-Agent: selenium/4.13.0 (java windows)
Content-Length: 47379
Content-Type: application/json; charset=utf-8
host: localhost:4444
accept: */*

Response DefaultHttpResponse(decodeResult: success, version: HTTP/1.1)
HTTP/1.1 200 OK
content-length: 20
content-type: application/json; charset=utf-8
cache-control: no-cache

17:49:30.736 [AsyncHttpClient-1-2] DEBUG org.asynchttpclient.netty.channel.ChannelManager -- Adding key: http://localhost:4444 for channel [id: 0x020b4601, L:/127.0.0.1:63420 - R:localhost/127.0.0.1:4444]
17:49:30.737 [Forwarding getElementAttribute on session 7ba8ff3bf30367aad55a4e3910d5e455 to remote] DEBUG org.asynchttpclient.netty.request.NettyRequestSender -- Using pooled Channel '[id: 0x020b4601, L:/127.0.0.1:63420 - R:localhost/127.0.0.1:4444]' for 'POST' to 'http://localhost:4444/wd/hub/session/7ba8ff3bf30367aad55a4e3910d5e455/execute/sync'
17:49:30.737 [Forwarding getElementAttribute on session 7ba8ff3bf30367aad55a4e3910d5e455 to remote] DEBUG org.asynchttpclient.netty.request.NettyRequestSender -- Using open Channel [id: 0x020b4601, L:/127.0.0.1:63420 - R:localhost/127.0.0.1:4444] for POST '/wd/hub/session/7ba8ff3bf30367aad55a4e3910d5e455/execute/sync'
17:49:30.760 [AsyncHttpClient-1-2] DEBUG org.asynchttpclient.netty.handler.HttpHandler -- 

Request DefaultHttpRequest(decodeResult: success, version: HTTP/1.1)
POST /wd/hub/session/7ba8ff3bf30367aad55a4e3910d5e455/execute/sync HTTP/1.1
traceparent: 00-114f6fd255a0e8a92d2152ca200027b2-dee6b7a22344dc75-01
User-Agent: selenium/4.13.0 (java windows)
Content-Length: 47372
Content-Type: application/json; charset=utf-8
host: localhost:4444
accept: */*

Response DefaultHttpResponse(decodeResult: success, version: HTTP/1.1)
HTTP/1.1 200 OK
content-length: 21
content-type: application/json; charset=utf-8
cache-control: no-cache

17:49:30.760 [AsyncHttpClient-1-2] DEBUG org.asynchttpclient.netty.channel.ChannelManager -- Adding key: http://localhost:4444 for channel [id: 0x020b4601, L:/127.0.0.1:63420 - R:localhost/127.0.0.1:4444]
17:49:30.762 [Forwarding getElementAttribute on session 7ba8ff3bf30367aad55a4e3910d5e455 to remote] DEBUG org.asynchttpclient.netty.request.NettyRequestSender -- Using pooled Channel '[id: 0x020b4601, L:/127.0.0.1:63420 - R:localhost/127.0.0.1:4444]' for 'POST' to 'http://localhost:4444/wd/hub/session/7ba8ff3bf30367aad55a4e3910d5e455/execute/sync'
17:49:30.762 [Forwarding getElementAttribute on session 7ba8ff3bf30367aad55a4e3910d5e455 to remote] DEBUG org.asynchttpclient.netty.request.NettyRequestSender -- Using open Channel [id: 0x020b4601, L:/127.0.0.1:63420 - R:localhost/127.0.0.1:4444] for POST '/wd/hub/session/7ba8ff3bf30367aad55a4e3910d5e455/execute/sync'
17:49:30.788 [AsyncHttpClient-1-2] DEBUG org.asynchttpclient.netty.handler.HttpHandler -- 

Request DefaultHttpRequest(decodeResult: success, version: HTTP/1.1)
POST /wd/hub/session/7ba8ff3bf30367aad55a4e3910d5e455/execute/sync HTTP/1.1
traceparent: 00-91d560a456fea44f9e69f50266a721cf-1cd78be1e900566b-01
User-Agent: selenium/4.13.0 (java windows)
Content-Length: 47374
Content-Type: application/json; charset=utf-8
host: localhost:4444
accept: */*

Response DefaultHttpResponse(decodeResult: success, version: HTTP/1.1)
HTTP/1.1 200 OK
content-length: 21
content-type: application/json; charset=utf-8
cache-control: no-cache

17:49:30.788 [AsyncHttpClient-1-2] DEBUG org.asynchttpclient.netty.channel.ChannelManager -- Adding key: http://localhost:4444 for channel [id: 0x020b4601, L:/127.0.0.1:63420 - R:localhost/127.0.0.1:4444]
17:49:30.790 [Forwarding getElementAttribute on session 7ba8ff3bf30367aad55a4e3910d5e455 to remote] DEBUG org.asynchttpclient.netty.request.NettyRequestSender -- Using pooled Channel '[id: 0x020b4601, L:/127.0.0.1:63420 - R:localhost/127.0.0.1:4444]' for 'POST' to 'http://localhost:4444/wd/hub/session/7ba8ff3bf30367aad55a4e3910d5e455/execute/sync'
17:49:30.790 [Forwarding getElementAttribute on session 7ba8ff3bf30367aad55a4e3910d5e455 to remote] DEBUG org.asynchttpclient.netty.request.NettyRequestSender -- Using open Channel [id: 0x020b4601, L:/127.0.0.1:63420 - R:localhost/127.0.0.1:4444] for POST '/wd/hub/session/7ba8ff3bf30367aad55a4e3910d5e455/execute/sync'
17:49:30.815 [AsyncHttpClient-1-2] DEBUG org.asynchttpclient.netty.handler.HttpHandler -- 

Request DefaultHttpRequest(decodeResult: success, version: HTTP/1.1)
POST /wd/hub/session/7ba8ff3bf30367aad55a4e3910d5e455/execute/sync HTTP/1.1
traceparent: 00-344352ecb0304205dc1551caabb38e36-ed01e351f965ecf1-01
User-Agent: selenium/4.13.0 (java windows)
Content-Length: 47381
Content-Type: application/json; charset=utf-8
host: localhost:4444
accept: */*

Response DefaultHttpResponse(decodeResult: success, version: HTTP/1.1)
HTTP/1.1 200 OK
content-length: 15
content-type: application/json; charset=utf-8
cache-control: no-cache

17:49:30.815 [AsyncHttpClient-1-2] DEBUG org.asynchttpclient.netty.channel.ChannelManager -- Adding key: http://localhost:4444 for channel [id: 0x020b4601, L:/127.0.0.1:63420 - R:localhost/127.0.0.1:4444]
17:49:30.817 [Forwarding getElementAttribute on session 7ba8ff3bf30367aad55a4e3910d5e455 to remote] DEBUG org.asynchttpclient.netty.request.NettyRequestSender -- Using pooled Channel '[id: 0x020b4601, L:/127.0.0.1:63420 - R:localhost/127.0.0.1:4444]' for 'POST' to 'http://localhost:4444/wd/hub/session/7ba8ff3bf30367aad55a4e3910d5e455/execute/sync'
17:49:30.817 [Forwarding getElementAttribute on session 7ba8ff3bf30367aad55a4e3910d5e455 to remote] DEBUG org.asynchttpclient.netty.request.NettyRequestSender -- Using open Channel [id: 0x020b4601, L:/127.0.0.1:63420 - R:localhost/127.0.0.1:4444] for POST '/wd/hub/session/7ba8ff3bf30367aad55a4e3910d5e455/execute/sync'
17:49:30.842 [AsyncHttpClient-1-2] DEBUG org.asynchttpclient.netty.handler.HttpHandler -- 

Request DefaultHttpRequest(decodeResult: success, version: HTTP/1.1)
POST /wd/hub/session/7ba8ff3bf30367aad55a4e3910d5e455/execute/sync HTTP/1.1
traceparent: 00-6b574c986dfda5ad51e9a25987007329-e871d69f390a69f2-01
User-Agent: selenium/4.13.0 (java windows)
Content-Length: 47384
Content-Type: application/json; charset=utf-8
host: localhost:4444
accept: */*

Response DefaultHttpResponse(decodeResult: success, version: HTTP/1.1)
HTTP/1.1 200 OK
content-length: 16
content-type: application/json; charset=utf-8
cache-control: no-cache

17:49:30.843 [AsyncHttpClient-1-2] DEBUG org.asynchttpclient.netty.channel.ChannelManager -- Adding key: http://localhost:4444 for channel [id: 0x020b4601, L:/127.0.0.1:63420 - R:localhost/127.0.0.1:4444]
17:49:30.844 [Forwarding getElementAttribute on session 7ba8ff3bf30367aad55a4e3910d5e455 to remote] DEBUG org.asynchttpclient.netty.request.NettyRequestSender -- Using pooled Channel '[id: 0x020b4601, L:/127.0.0.1:63420 - R:localhost/127.0.0.1:4444]' for 'POST' to 'http://localhost:4444/wd/hub/session/7ba8ff3bf30367aad55a4e3910d5e455/execute/sync'
17:49:30.844 [Forwarding getElementAttribute on session 7ba8ff3bf30367aad55a4e3910d5e455 to remote] DEBUG org.asynchttpclient.netty.request.NettyRequestSender -- Using open Channel [id: 0x020b4601, L:/127.0.0.1:63420 - R:localhost/127.0.0.1:4444] for POST '/wd/hub/session/7ba8ff3bf30367aad55a4e3910d5e455/execute/sync'
17:49:30.869 [AsyncHttpClient-1-2] DEBUG org.asynchttpclient.netty.handler.HttpHandler -- 

Request DefaultHttpRequest(decodeResult: success, version: HTTP/1.1)
POST /wd/hub/session/7ba8ff3bf30367aad55a4e3910d5e455/execute/sync HTTP/1.1
traceparent: 00-07fded144692be0abc901330482a391e-0ab118a46844712a-01
User-Agent: selenium/4.13.0 (java windows)
Content-Length: 47375
Content-Type: application/json; charset=utf-8
host: localhost:4444
accept: */*

Response DefaultHttpResponse(decodeResult: success, version: HTTP/1.1)
HTTP/1.1 200 OK
content-length: 21
content-type: application/json; charset=utf-8
cache-control: no-cache

17:49:30.869 [AsyncHttpClient-1-2] DEBUG org.asynchttpclient.netty.channel.ChannelManager -- Adding key: http://localhost:4444 for channel [id: 0x020b4601, L:/127.0.0.1:63420 - R:localhost/127.0.0.1:4444]
17:49:30.870 [main] INFO helpers.LoggerHelper -- Testing user: 1234admin
17:49:30.871 [Forwarding findElement on session 7ba8ff3bf30367aad55a4e3910d5e455 to remote] DEBUG org.asynchttpclient.netty.request.NettyRequestSender -- Using pooled Channel '[id: 0x020b4601, L:/127.0.0.1:63420 - R:localhost/127.0.0.1:4444]' for 'POST' to 'http://localhost:4444/wd/hub/session/7ba8ff3bf30367aad55a4e3910d5e455/element'
17:49:30.871 [Forwarding findElement on session 7ba8ff3bf30367aad55a4e3910d5e455 to remote] DEBUG org.asynchttpclient.netty.request.NettyRequestSender -- Using open Channel [id: 0x020b4601, L:/127.0.0.1:63420 - R:localhost/127.0.0.1:4444] for POST '/wd/hub/session/7ba8ff3bf30367aad55a4e3910d5e455/element'
17:49:30.893 [AsyncHttpClient-1-2] DEBUG org.asynchttpclient.netty.handler.HttpHandler -- 

Request DefaultHttpRequest(decodeResult: success, version: HTTP/1.1)
POST /wd/hub/session/7ba8ff3bf30367aad55a4e3910d5e455/element HTTP/1.1
traceparent: 00-1b70d82f4396c7d20f51d68d968e2448-454a83ad6a60fd98-01
User-Agent: selenium/4.13.0 (java windows)
Content-Length: 53
Content-Type: application/json; charset=utf-8
host: localhost:4444
accept: */*

Response DefaultHttpResponse(decodeResult: success, version: HTTP/1.1)
HTTP/1.1 200 OK
content-length: 95
content-type: application/json; charset=utf-8
cache-control: no-cache

17:49:30.893 [AsyncHttpClient-1-2] DEBUG org.asynchttpclient.netty.channel.ChannelManager -- Adding key: http://localhost:4444 for channel [id: 0x020b4601, L:/127.0.0.1:63420 - R:localhost/127.0.0.1:4444]
17:49:30.895 [Forwarding isElementDisplayed on session 7ba8ff3bf30367aad55a4e3910d5e455 to remote] DEBUG org.asynchttpclient.netty.request.NettyRequestSender -- Using pooled Channel '[id: 0x020b4601, L:/127.0.0.1:63420 - R:localhost/127.0.0.1:4444]' for 'POST' to 'http://localhost:4444/wd/hub/session/7ba8ff3bf30367aad55a4e3910d5e455/execute/sync'
17:49:30.895 [Forwarding isElementDisplayed on session 7ba8ff3bf30367aad55a4e3910d5e455 to remote] DEBUG org.asynchttpclient.netty.request.NettyRequestSender -- Using open Channel [id: 0x020b4601, L:/127.0.0.1:63420 - R:localhost/127.0.0.1:4444] for POST '/wd/hub/session/7ba8ff3bf30367aad55a4e3910d5e455/execute/sync'
17:49:30.921 [AsyncHttpClient-1-2] DEBUG org.asynchttpclient.netty.handler.HttpHandler -- 

Request DefaultHttpRequest(decodeResult: success, version: HTTP/1.1)
POST /wd/hub/session/7ba8ff3bf30367aad55a4e3910d5e455/execute/sync HTTP/1.1
traceparent: 00-adc2812d757a27850538b05b61c2b36c-300837f89ac44609-01
User-Agent: selenium/4.13.0 (java windows)
Content-Length: 48814
Content-Type: application/json; charset=utf-8
host: localhost:4444
accept: */*

Response DefaultHttpResponse(decodeResult: success, version: HTTP/1.1)
HTTP/1.1 200 OK
content-length: 14
content-type: application/json; charset=utf-8
cache-control: no-cache

17:49:30.922 [AsyncHttpClient-1-2] DEBUG org.asynchttpclient.netty.channel.ChannelManager -- Adding key: http://localhost:4444 for channel [id: 0x020b4601, L:/127.0.0.1:63420 - R:localhost/127.0.0.1:4444]
17:49:30.923 [Forwarding findElement on session 7ba8ff3bf30367aad55a4e3910d5e455 to remote] DEBUG org.asynchttpclient.netty.request.NettyRequestSender -- Using pooled Channel '[id: 0x020b4601, L:/127.0.0.1:63420 - R:localhost/127.0.0.1:4444]' for 'POST' to 'http://localhost:4444/wd/hub/session/7ba8ff3bf30367aad55a4e3910d5e455/element'
17:49:30.923 [Forwarding findElement on session 7ba8ff3bf30367aad55a4e3910d5e455 to remote] DEBUG org.asynchttpclient.netty.request.NettyRequestSender -- Using open Channel [id: 0x020b4601, L:/127.0.0.1:63420 - R:localhost/127.0.0.1:4444] for POST '/wd/hub/session/7ba8ff3bf30367aad55a4e3910d5e455/element'
17:49:30.947 [AsyncHttpClient-1-2] DEBUG org.asynchttpclient.netty.handler.HttpHandler -- 

Request DefaultHttpRequest(decodeResult: success, version: HTTP/1.1)
POST /wd/hub/session/7ba8ff3bf30367aad55a4e3910d5e455/element HTTP/1.1
traceparent: 00-ff39fcbe2123ef462966a9325b5bcd96-8fb2ca7b6d45cde1-01
User-Agent: selenium/4.13.0 (java windows)
Content-Length: 53
Content-Type: application/json; charset=utf-8
host: localhost:4444
accept: */*

Response DefaultHttpResponse(decodeResult: success, version: HTTP/1.1)
HTTP/1.1 200 OK
content-length: 95
content-type: application/json; charset=utf-8
cache-control: no-cache

17:49:30.947 [AsyncHttpClient-1-2] DEBUG org.asynchttpclient.netty.channel.ChannelManager -- Adding key: http://localhost:4444 for channel [id: 0x020b4601, L:/127.0.0.1:63420 - R:localhost/127.0.0.1:4444]
17:49:30.949 [Forwarding sendKeysToElement on session 7ba8ff3bf30367aad55a4e3910d5e455 to remote] DEBUG org.asynchttpclient.netty.request.NettyRequestSender -- Using pooled Channel '[id: 0x020b4601, L:/127.0.0.1:63420 - R:localhost/127.0.0.1:4444]' for 'POST' to 'http://localhost:4444/wd/hub/session/7ba8ff3bf30367aad55a4e3910d5e455/element/D27F2152B5D8E1D6A6EA14F0C325E4D1_element_79/value'
17:49:30.949 [Forwarding sendKeysToElement on session 7ba8ff3bf30367aad55a4e3910d5e455 to remote] DEBUG org.asynchttpclient.netty.request.NettyRequestSender -- Using open Channel [id: 0x020b4601, L:/127.0.0.1:63420 - R:localhost/127.0.0.1:4444] for POST '/wd/hub/session/7ba8ff3bf30367aad55a4e3910d5e455/element/D27F2152B5D8E1D6A6EA14F0C325E4D1_element_79/value'
17:49:31.046 [AsyncHttpClient-1-2] DEBUG org.asynchttpclient.netty.handler.HttpHandler -- 

Request DefaultHttpRequest(decodeResult: success, version: HTTP/1.1)
POST /wd/hub/session/7ba8ff3bf30367aad55a4e3910d5e455/element/D27F2152B5D8E1D6A6EA14F0C325E4D1_element_79/value HTTP/1.1
traceparent: 00-89c75d53d7cc850f4458d9c091ad3eb5-20c5975315399229-01
User-Agent: selenium/4.13.0 (java windows)
Content-Length: 168
Content-Type: application/json; charset=utf-8
host: localhost:4444
accept: */*

Response DefaultHttpResponse(decodeResult: success, version: HTTP/1.1)
HTTP/1.1 200 OK
content-length: 14
content-type: application/json; charset=utf-8
cache-control: no-cache

17:49:31.046 [AsyncHttpClient-1-2] DEBUG org.asynchttpclient.netty.channel.ChannelManager -- Adding key: http://localhost:4444 for channel [id: 0x020b4601, L:/127.0.0.1:63420 - R:localhost/127.0.0.1:4444]
17:49:31.047 [Forwarding findElement on session 7ba8ff3bf30367aad55a4e3910d5e455 to remote] DEBUG org.asynchttpclient.netty.request.NettyRequestSender -- Using pooled Channel '[id: 0x020b4601, L:/127.0.0.1:63420 - R:localhost/127.0.0.1:4444]' for 'POST' to 'http://localhost:4444/wd/hub/session/7ba8ff3bf30367aad55a4e3910d5e455/element'
17:49:31.047 [Forwarding findElement on session 7ba8ff3bf30367aad55a4e3910d5e455 to remote] DEBUG org.asynchttpclient.netty.request.NettyRequestSender -- Using open Channel [id: 0x020b4601, L:/127.0.0.1:63420 - R:localhost/127.0.0.1:4444] for POST '/wd/hub/session/7ba8ff3bf30367aad55a4e3910d5e455/element'
17:49:31.066 [AsyncHttpClient-1-2] DEBUG org.asynchttpclient.netty.handler.HttpHandler -- 

Request DefaultHttpRequest(decodeResult: success, version: HTTP/1.1)
POST /wd/hub/session/7ba8ff3bf30367aad55a4e3910d5e455/element HTTP/1.1
traceparent: 00-afa00844ce769ab8a09974989b3412e5-8b563a19c5102911-01
User-Agent: selenium/4.13.0 (java windows)
Content-Length: 53
Content-Type: application/json; charset=utf-8
host: localhost:4444
accept: */*

Response DefaultHttpResponse(decodeResult: success, version: HTTP/1.1)
HTTP/1.1 200 OK
content-length: 95
content-type: application/json; charset=utf-8
cache-control: no-cache

17:49:31.066 [AsyncHttpClient-1-2] DEBUG org.asynchttpclient.netty.channel.ChannelManager -- Adding key: http://localhost:4444 for channel [id: 0x020b4601, L:/127.0.0.1:63420 - R:localhost/127.0.0.1:4444]
17:49:31.068 [Forwarding getElementAttribute on session 7ba8ff3bf30367aad55a4e3910d5e455 to remote] DEBUG org.asynchttpclient.netty.request.NettyRequestSender -- Using pooled Channel '[id: 0x020b4601, L:/127.0.0.1:63420 - R:localhost/127.0.0.1:4444]' for 'POST' to 'http://localhost:4444/wd/hub/session/7ba8ff3bf30367aad55a4e3910d5e455/execute/sync'
17:49:31.068 [Forwarding getElementAttribute on session 7ba8ff3bf30367aad55a4e3910d5e455 to remote] DEBUG org.asynchttpclient.netty.request.NettyRequestSender -- Using open Channel [id: 0x020b4601, L:/127.0.0.1:63420 - R:localhost/127.0.0.1:4444] for POST '/wd/hub/session/7ba8ff3bf30367aad55a4e3910d5e455/execute/sync'
17:49:31.093 [AsyncHttpClient-1-2] DEBUG org.asynchttpclient.netty.handler.HttpHandler -- 

Request DefaultHttpRequest(decodeResult: success, version: HTTP/1.1)
POST /wd/hub/session/7ba8ff3bf30367aad55a4e3910d5e455/execute/sync HTTP/1.1
traceparent: 00-cd1dc1ef345487b3cfa3c0ed989630cf-34217c87c4f56d5b-01
User-Agent: selenium/4.13.0 (java windows)
Content-Length: 47379
Content-Type: application/json; charset=utf-8
host: localhost:4444
accept: */*

Response DefaultHttpResponse(decodeResult: success, version: HTTP/1.1)
HTTP/1.1 200 OK
content-length: 220
content-type: application/json; charset=utf-8
cache-control: no-cache

17:49:31.093 [AsyncHttpClient-1-2] DEBUG org.asynchttpclient.netty.channel.ChannelManager -- Adding key: http://localhost:4444 for channel [id: 0x020b4601, L:/127.0.0.1:63420 - R:localhost/127.0.0.1:4444]
17:49:31.095 [Forwarding getElementAttribute on session 7ba8ff3bf30367aad55a4e3910d5e455 to remote] DEBUG org.asynchttpclient.netty.request.NettyRequestSender -- Using pooled Channel '[id: 0x020b4601, L:/127.0.0.1:63420 - R:localhost/127.0.0.1:4444]' for 'POST' to 'http://localhost:4444/wd/hub/session/7ba8ff3bf30367aad55a4e3910d5e455/execute/sync'
17:49:31.095 [Forwarding getElementAttribute on session 7ba8ff3bf30367aad55a4e3910d5e455 to remote] DEBUG org.asynchttpclient.netty.request.NettyRequestSender -- Using open Channel [id: 0x020b4601, L:/127.0.0.1:63420 - R:localhost/127.0.0.1:4444] for POST '/wd/hub/session/7ba8ff3bf30367aad55a4e3910d5e455/execute/sync'
17:49:31.117 [AsyncHttpClient-1-2] DEBUG org.asynchttpclient.netty.handler.HttpHandler -- 

Request DefaultHttpRequest(decodeResult: success, version: HTTP/1.1)
POST /wd/hub/session/7ba8ff3bf30367aad55a4e3910d5e455/execute/sync HTTP/1.1
traceparent: 00-fe24553812f1e174ea1d92c43633dc3e-d5ba3a7d4636183e-01
User-Agent: selenium/4.13.0 (java windows)
Content-Length: 47375
Content-Type: application/json; charset=utf-8
host: localhost:4444
accept: */*

Response DefaultHttpResponse(decodeResult: success, version: HTTP/1.1)
HTTP/1.1 200 OK
content-length: 34
content-type: application/json; charset=utf-8
cache-control: no-cache

17:49:31.117 [AsyncHttpClient-1-2] DEBUG org.asynchttpclient.netty.channel.ChannelManager -- Adding key: http://localhost:4444 for channel [id: 0x020b4601, L:/127.0.0.1:63420 - R:localhost/127.0.0.1:4444]
17:49:31.119 [Forwarding getElementAttribute on session 7ba8ff3bf30367aad55a4e3910d5e455 to remote] DEBUG org.asynchttpclient.netty.request.NettyRequestSender -- Using pooled Channel '[id: 0x020b4601, L:/127.0.0.1:63420 - R:localhost/127.0.0.1:4444]' for 'POST' to 'http://localhost:4444/wd/hub/session/7ba8ff3bf30367aad55a4e3910d5e455/execute/sync'
17:49:31.119 [Forwarding getElementAttribute on session 7ba8ff3bf30367aad55a4e3910d5e455 to remote] DEBUG org.asynchttpclient.netty.request.NettyRequestSender -- Using open Channel [id: 0x020b4601, L:/127.0.0.1:63420 - R:localhost/127.0.0.1:4444] for POST '/wd/hub/session/7ba8ff3bf30367aad55a4e3910d5e455/execute/sync'
17:49:31.141 [AsyncHttpClient-1-2] DEBUG org.asynchttpclient.netty.handler.HttpHandler -- 

Request DefaultHttpRequest(decodeResult: success, version: HTTP/1.1)
POST /wd/hub/session/7ba8ff3bf30367aad55a4e3910d5e455/execute/sync HTTP/1.1
traceparent: 00-6636b318dc6ab3a58aa1243ccd9f2590-75deb0010dc7e0b8-01
User-Agent: selenium/4.13.0 (java windows)
Content-Length: 47381
Content-Type: application/json; charset=utf-8
host: localhost:4444
accept: */*

Response DefaultHttpResponse(decodeResult: success, version: HTTP/1.1)
HTTP/1.1 200 OK
content-length: 20
content-type: application/json; charset=utf-8
cache-control: no-cache

17:49:31.141 [AsyncHttpClient-1-2] DEBUG org.asynchttpclient.netty.channel.ChannelManager -- Adding key: http://localhost:4444 for channel [id: 0x020b4601, L:/127.0.0.1:63420 - R:localhost/127.0.0.1:4444]
17:49:31.143 [Forwarding getElementAttribute on session 7ba8ff3bf30367aad55a4e3910d5e455 to remote] DEBUG org.asynchttpclient.netty.request.NettyRequestSender -- Using pooled Channel '[id: 0x020b4601, L:/127.0.0.1:63420 - R:localhost/127.0.0.1:4444]' for 'POST' to 'http://localhost:4444/wd/hub/session/7ba8ff3bf30367aad55a4e3910d5e455/execute/sync'
17:49:31.143 [Forwarding getElementAttribute on session 7ba8ff3bf30367aad55a4e3910d5e455 to remote] DEBUG org.asynchttpclient.netty.request.NettyRequestSender -- Using open Channel [id: 0x020b4601, L:/127.0.0.1:63420 - R:localhost/127.0.0.1:4444] for POST '/wd/hub/session/7ba8ff3bf30367aad55a4e3910d5e455/execute/sync'
17:49:31.165 [AsyncHttpClient-1-2] DEBUG org.asynchttpclient.netty.handler.HttpHandler -- 

Request DefaultHttpRequest(decodeResult: success, version: HTTP/1.1)
POST /wd/hub/session/7ba8ff3bf30367aad55a4e3910d5e455/execute/sync HTTP/1.1
traceparent: 00-bdd2f1d5060be02c182307e966ffd85d-9bc43f8d3a09f2d9-01
User-Agent: selenium/4.13.0 (java windows)
Content-Length: 47374
Content-Type: application/json; charset=utf-8
host: localhost:4444
accept: */*

Response DefaultHttpResponse(decodeResult: success, version: HTTP/1.1)
HTTP/1.1 200 OK
content-length: 20
content-type: application/json; charset=utf-8
cache-control: no-cache

17:49:31.166 [AsyncHttpClient-1-2] DEBUG org.asynchttpclient.netty.channel.ChannelManager -- Adding key: http://localhost:4444 for channel [id: 0x020b4601, L:/127.0.0.1:63420 - R:localhost/127.0.0.1:4444]
17:49:31.168 [Forwarding getElementAttribute on session 7ba8ff3bf30367aad55a4e3910d5e455 to remote] DEBUG org.asynchttpclient.netty.request.NettyRequestSender -- Using pooled Channel '[id: 0x020b4601, L:/127.0.0.1:63420 - R:localhost/127.0.0.1:4444]' for 'POST' to 'http://localhost:4444/wd/hub/session/7ba8ff3bf30367aad55a4e3910d5e455/execute/sync'
17:49:31.168 [Forwarding getElementAttribute on session 7ba8ff3bf30367aad55a4e3910d5e455 to remote] DEBUG org.asynchttpclient.netty.request.NettyRequestSender -- Using open Channel [id: 0x020b4601, L:/127.0.0.1:63420 - R:localhost/127.0.0.1:4444] for POST '/wd/hub/session/7ba8ff3bf30367aad55a4e3910d5e455/execute/sync'
17:49:31.192 [AsyncHttpClient-1-2] DEBUG org.asynchttpclient.netty.handler.HttpHandler -- 

Request DefaultHttpRequest(decodeResult: success, version: HTTP/1.1)
POST /wd/hub/session/7ba8ff3bf30367aad55a4e3910d5e455/execute/sync HTTP/1.1
traceparent: 00-18bc3145837804b9b47bb4b2d253a64d-f8308ccfe1139baa-01
User-Agent: selenium/4.13.0 (java windows)
Content-Length: 47379
Content-Type: application/json; charset=utf-8
host: localhost:4444
accept: */*

Response DefaultHttpResponse(decodeResult: success, version: HTTP/1.1)
HTTP/1.1 200 OK
content-length: 20
content-type: application/json; charset=utf-8
cache-control: no-cache

17:49:31.193 [AsyncHttpClient-1-2] DEBUG org.asynchttpclient.netty.channel.ChannelManager -- Adding key: http://localhost:4444 for channel [id: 0x020b4601, L:/127.0.0.1:63420 - R:localhost/127.0.0.1:4444]
17:49:31.194 [Forwarding getElementAttribute on session 7ba8ff3bf30367aad55a4e3910d5e455 to remote] DEBUG org.asynchttpclient.netty.request.NettyRequestSender -- Using pooled Channel '[id: 0x020b4601, L:/127.0.0.1:63420 - R:localhost/127.0.0.1:4444]' for 'POST' to 'http://localhost:4444/wd/hub/session/7ba8ff3bf30367aad55a4e3910d5e455/execute/sync'
17:49:31.194 [Forwarding getElementAttribute on session 7ba8ff3bf30367aad55a4e3910d5e455 to remote] DEBUG org.asynchttpclient.netty.request.NettyRequestSender -- Using open Channel [id: 0x020b4601, L:/127.0.0.1:63420 - R:localhost/127.0.0.1:4444] for POST '/wd/hub/session/7ba8ff3bf30367aad55a4e3910d5e455/execute/sync'
17:49:31.217 [AsyncHttpClient-1-2] DEBUG org.asynchttpclient.netty.handler.HttpHandler -- 

Request DefaultHttpRequest(decodeResult: success, version: HTTP/1.1)
POST /wd/hub/session/7ba8ff3bf30367aad55a4e3910d5e455/execute/sync HTTP/1.1
traceparent: 00-6065d746cdba6dbf26a0341bc1d453d3-cb1edec8b4b3766a-01
User-Agent: selenium/4.13.0 (java windows)
Content-Length: 47372
Content-Type: application/json; charset=utf-8
host: localhost:4444
accept: */*

Response DefaultHttpResponse(decodeResult: success, version: HTTP/1.1)
HTTP/1.1 200 OK
content-length: 20
content-type: application/json; charset=utf-8
cache-control: no-cache

17:49:31.218 [AsyncHttpClient-1-2] DEBUG org.asynchttpclient.netty.channel.ChannelManager -- Adding key: http://localhost:4444 for channel [id: 0x020b4601, L:/127.0.0.1:63420 - R:localhost/127.0.0.1:4444]
17:49:31.219 [Forwarding getElementAttribute on session 7ba8ff3bf30367aad55a4e3910d5e455 to remote] DEBUG org.asynchttpclient.netty.request.NettyRequestSender -- Using pooled Channel '[id: 0x020b4601, L:/127.0.0.1:63420 - R:localhost/127.0.0.1:4444]' for 'POST' to 'http://localhost:4444/wd/hub/session/7ba8ff3bf30367aad55a4e3910d5e455/execute/sync'
17:49:31.219 [Forwarding getElementAttribute on session 7ba8ff3bf30367aad55a4e3910d5e455 to remote] DEBUG org.asynchttpclient.netty.request.NettyRequestSender -- Using open Channel [id: 0x020b4601, L:/127.0.0.1:63420 - R:localhost/127.0.0.1:4444] for POST '/wd/hub/session/7ba8ff3bf30367aad55a4e3910d5e455/execute/sync'
17:49:31.242 [AsyncHttpClient-1-2] DEBUG org.asynchttpclient.netty.handler.HttpHandler -- 

Request DefaultHttpRequest(decodeResult: success, version: HTTP/1.1)
POST /wd/hub/session/7ba8ff3bf30367aad55a4e3910d5e455/execute/sync HTTP/1.1
traceparent: 00-2332ce62594a7aadf6bc7012f4f68e0a-af843419c6c7b3c6-01
User-Agent: selenium/4.13.0 (java windows)
Content-Length: 47374
Content-Type: application/json; charset=utf-8
host: localhost:4444
accept: */*

Response DefaultHttpResponse(decodeResult: success, version: HTTP/1.1)
HTTP/1.1 200 OK
content-length: 20
content-type: application/json; charset=utf-8
cache-control: no-cache

17:49:31.243 [AsyncHttpClient-1-2] DEBUG org.asynchttpclient.netty.channel.ChannelManager -- Adding key: http://localhost:4444 for channel [id: 0x020b4601, L:/127.0.0.1:63420 - R:localhost/127.0.0.1:4444]
17:49:31.245 [Forwarding getElementAttribute on session 7ba8ff3bf30367aad55a4e3910d5e455 to remote] DEBUG org.asynchttpclient.netty.request.NettyRequestSender -- Using pooled Channel '[id: 0x020b4601, L:/127.0.0.1:63420 - R:localhost/127.0.0.1:4444]' for 'POST' to 'http://localhost:4444/wd/hub/session/7ba8ff3bf30367aad55a4e3910d5e455/execute/sync'
17:49:31.245 [Forwarding getElementAttribute on session 7ba8ff3bf30367aad55a4e3910d5e455 to remote] DEBUG org.asynchttpclient.netty.request.NettyRequestSender -- Using open Channel [id: 0x020b4601, L:/127.0.0.1:63420 - R:localhost/127.0.0.1:4444] for POST '/wd/hub/session/7ba8ff3bf30367aad55a4e3910d5e455/execute/sync'
17:49:31.266 [AsyncHttpClient-1-2] DEBUG org.asynchttpclient.netty.handler.HttpHandler -- 

Request DefaultHttpRequest(decodeResult: success, version: HTTP/1.1)
POST /wd/hub/session/7ba8ff3bf30367aad55a4e3910d5e455/execute/sync HTTP/1.1
traceparent: 00-8874385ed11cf4d96ab3f414353fedcd-b7eff33a1ad8c2b6-01
User-Agent: selenium/4.13.0 (java windows)
Content-Length: 47381
Content-Type: application/json; charset=utf-8
host: localhost:4444
accept: */*

Response DefaultHttpResponse(decodeResult: success, version: HTTP/1.1)
HTTP/1.1 200 OK
content-length: 15
content-type: application/json; charset=utf-8
cache-control: no-cache

17:49:31.267 [AsyncHttpClient-1-2] DEBUG org.asynchttpclient.netty.channel.ChannelManager -- Adding key: http://localhost:4444 for channel [id: 0x020b4601, L:/127.0.0.1:63420 - R:localhost/127.0.0.1:4444]
17:49:31.268 [Forwarding getElementAttribute on session 7ba8ff3bf30367aad55a4e3910d5e455 to remote] DEBUG org.asynchttpclient.netty.request.NettyRequestSender -- Using pooled Channel '[id: 0x020b4601, L:/127.0.0.1:63420 - R:localhost/127.0.0.1:4444]' for 'POST' to 'http://localhost:4444/wd/hub/session/7ba8ff3bf30367aad55a4e3910d5e455/execute/sync'
17:49:31.268 [Forwarding getElementAttribute on session 7ba8ff3bf30367aad55a4e3910d5e455 to remote] DEBUG org.asynchttpclient.netty.request.NettyRequestSender -- Using open Channel [id: 0x020b4601, L:/127.0.0.1:63420 - R:localhost/127.0.0.1:4444] for POST '/wd/hub/session/7ba8ff3bf30367aad55a4e3910d5e455/execute/sync'
17:49:31.291 [AsyncHttpClient-1-2] DEBUG org.asynchttpclient.netty.handler.HttpHandler -- 

Request DefaultHttpRequest(decodeResult: success, version: HTTP/1.1)
POST /wd/hub/session/7ba8ff3bf30367aad55a4e3910d5e455/execute/sync HTTP/1.1
traceparent: 00-a474bda321ba96ab4df97c0040e9ed11-dc0edb4c455069fe-01
User-Agent: selenium/4.13.0 (java windows)
Content-Length: 47384
Content-Type: application/json; charset=utf-8
host: localhost:4444
accept: */*

Response DefaultHttpResponse(decodeResult: success, version: HTTP/1.1)
HTTP/1.1 200 OK
content-length: 16
content-type: application/json; charset=utf-8
cache-control: no-cache

17:49:31.291 [AsyncHttpClient-1-2] DEBUG org.asynchttpclient.netty.channel.ChannelManager -- Adding key: http://localhost:4444 for channel [id: 0x020b4601, L:/127.0.0.1:63420 - R:localhost/127.0.0.1:4444]
17:49:31.293 [Forwarding getElementAttribute on session 7ba8ff3bf30367aad55a4e3910d5e455 to remote] DEBUG org.asynchttpclient.netty.request.NettyRequestSender -- Using pooled Channel '[id: 0x020b4601, L:/127.0.0.1:63420 - R:localhost/127.0.0.1:4444]' for 'POST' to 'http://localhost:4444/wd/hub/session/7ba8ff3bf30367aad55a4e3910d5e455/execute/sync'
17:49:31.293 [Forwarding getElementAttribute on session 7ba8ff3bf30367aad55a4e3910d5e455 to remote] DEBUG org.asynchttpclient.netty.request.NettyRequestSender -- Using open Channel [id: 0x020b4601, L:/127.0.0.1:63420 - R:localhost/127.0.0.1:4444] for POST '/wd/hub/session/7ba8ff3bf30367aad55a4e3910d5e455/execute/sync'
17:49:31.314 [AsyncHttpClient-1-2] DEBUG org.asynchttpclient.netty.handler.HttpHandler -- 

Request DefaultHttpRequest(decodeResult: success, version: HTTP/1.1)
POST /wd/hub/session/7ba8ff3bf30367aad55a4e3910d5e455/execute/sync HTTP/1.1
traceparent: 00-209039e8bfc88a421c58b9babf8459a7-e8fe30b1f46e6280-01
User-Agent: selenium/4.13.0 (java windows)
Content-Length: 47375
Content-Type: application/json; charset=utf-8
host: localhost:4444
accept: */*

Response DefaultHttpResponse(decodeResult: success, version: HTTP/1.1)
HTTP/1.1 200 OK
content-length: 20
content-type: application/json; charset=utf-8
cache-control: no-cache

17:49:31.314 [AsyncHttpClient-1-2] DEBUG org.asynchttpclient.netty.channel.ChannelManager -- Adding key: http://localhost:4444 for channel [id: 0x020b4601, L:/127.0.0.1:63420 - R:localhost/127.0.0.1:4444]
17:49:31.315 [main] INFO helpers.LoggerHelper -- Testing password: admin123
17:49:31.316 [Forwarding findElement on session 7ba8ff3bf30367aad55a4e3910d5e455 to remote] DEBUG org.asynchttpclient.netty.request.NettyRequestSender -- Using pooled Channel '[id: 0x020b4601, L:/127.0.0.1:63420 - R:localhost/127.0.0.1:4444]' for 'POST' to 'http://localhost:4444/wd/hub/session/7ba8ff3bf30367aad55a4e3910d5e455/element'
17:49:31.316 [Forwarding findElement on session 7ba8ff3bf30367aad55a4e3910d5e455 to remote] DEBUG org.asynchttpclient.netty.request.NettyRequestSender -- Using open Channel [id: 0x020b4601, L:/127.0.0.1:63420 - R:localhost/127.0.0.1:4444] for POST '/wd/hub/session/7ba8ff3bf30367aad55a4e3910d5e455/element'
17:49:31.335 [AsyncHttpClient-1-2] DEBUG org.asynchttpclient.netty.handler.HttpHandler -- 

Request DefaultHttpRequest(decodeResult: success, version: HTTP/1.1)
POST /wd/hub/session/7ba8ff3bf30367aad55a4e3910d5e455/element HTTP/1.1
traceparent: 00-3d4a9974819dac24f701678a3a639750-e952a3734a628918-01
User-Agent: selenium/4.13.0 (java windows)
Content-Length: 59
Content-Type: application/json; charset=utf-8
host: localhost:4444
accept: */*

Response DefaultHttpResponse(decodeResult: success, version: HTTP/1.1)
HTTP/1.1 200 OK
content-length: 95
content-type: application/json; charset=utf-8
cache-control: no-cache

17:49:31.335 [AsyncHttpClient-1-2] DEBUG org.asynchttpclient.netty.channel.ChannelManager -- Adding key: http://localhost:4444 for channel [id: 0x020b4601, L:/127.0.0.1:63420 - R:localhost/127.0.0.1:4444]
17:49:31.337 [Forwarding isElementDisplayed on session 7ba8ff3bf30367aad55a4e3910d5e455 to remote] DEBUG org.asynchttpclient.netty.request.NettyRequestSender -- Using pooled Channel '[id: 0x020b4601, L:/127.0.0.1:63420 - R:localhost/127.0.0.1:4444]' for 'POST' to 'http://localhost:4444/wd/hub/session/7ba8ff3bf30367aad55a4e3910d5e455/execute/sync'
17:49:31.337 [Forwarding isElementDisplayed on session 7ba8ff3bf30367aad55a4e3910d5e455 to remote] DEBUG org.asynchttpclient.netty.request.NettyRequestSender -- Using open Channel [id: 0x020b4601, L:/127.0.0.1:63420 - R:localhost/127.0.0.1:4444] for POST '/wd/hub/session/7ba8ff3bf30367aad55a4e3910d5e455/execute/sync'
17:49:31.360 [AsyncHttpClient-1-2] DEBUG org.asynchttpclient.netty.handler.HttpHandler -- 

Request DefaultHttpRequest(decodeResult: success, version: HTTP/1.1)
POST /wd/hub/session/7ba8ff3bf30367aad55a4e3910d5e455/execute/sync HTTP/1.1
traceparent: 00-8e146a537801c6655a410f69d875a5d4-123138b039344198-01
User-Agent: selenium/4.13.0 (java windows)
Content-Length: 48814
Content-Type: application/json; charset=utf-8
host: localhost:4444
accept: */*

Response DefaultHttpResponse(decodeResult: success, version: HTTP/1.1)
HTTP/1.1 200 OK
content-length: 14
content-type: application/json; charset=utf-8
cache-control: no-cache

17:49:31.361 [AsyncHttpClient-1-2] DEBUG org.asynchttpclient.netty.channel.ChannelManager -- Adding key: http://localhost:4444 for channel [id: 0x020b4601, L:/127.0.0.1:63420 - R:localhost/127.0.0.1:4444]
17:49:31.362 [Forwarding findElement on session 7ba8ff3bf30367aad55a4e3910d5e455 to remote] DEBUG org.asynchttpclient.netty.request.NettyRequestSender -- Using pooled Channel '[id: 0x020b4601, L:/127.0.0.1:63420 - R:localhost/127.0.0.1:4444]' for 'POST' to 'http://localhost:4444/wd/hub/session/7ba8ff3bf30367aad55a4e3910d5e455/element'
17:49:31.362 [Forwarding findElement on session 7ba8ff3bf30367aad55a4e3910d5e455 to remote] DEBUG org.asynchttpclient.netty.request.NettyRequestSender -- Using open Channel [id: 0x020b4601, L:/127.0.0.1:63420 - R:localhost/127.0.0.1:4444] for POST '/wd/hub/session/7ba8ff3bf30367aad55a4e3910d5e455/element'
17:49:31.380 [AsyncHttpClient-1-2] DEBUG org.asynchttpclient.netty.handler.HttpHandler -- 

Request DefaultHttpRequest(decodeResult: success, version: HTTP/1.1)
POST /wd/hub/session/7ba8ff3bf30367aad55a4e3910d5e455/element HTTP/1.1
traceparent: 00-2d0b09abcaf6fd76b27747d21d8da6d2-2a4aae8f43a51b4e-01
User-Agent: selenium/4.13.0 (java windows)
Content-Length: 59
Content-Type: application/json; charset=utf-8
host: localhost:4444
accept: */*

Response DefaultHttpResponse(decodeResult: success, version: HTTP/1.1)
HTTP/1.1 200 OK
content-length: 95
content-type: application/json; charset=utf-8
cache-control: no-cache

17:49:31.381 [AsyncHttpClient-1-2] DEBUG org.asynchttpclient.netty.channel.ChannelManager -- Adding key: http://localhost:4444 for channel [id: 0x020b4601, L:/127.0.0.1:63420 - R:localhost/127.0.0.1:4444]
17:49:31.383 [Forwarding getElementAttribute on session 7ba8ff3bf30367aad55a4e3910d5e455 to remote] DEBUG org.asynchttpclient.netty.request.NettyRequestSender -- Using pooled Channel '[id: 0x020b4601, L:/127.0.0.1:63420 - R:localhost/127.0.0.1:4444]' for 'POST' to 'http://localhost:4444/wd/hub/session/7ba8ff3bf30367aad55a4e3910d5e455/execute/sync'
17:49:31.383 [Forwarding getElementAttribute on session 7ba8ff3bf30367aad55a4e3910d5e455 to remote] DEBUG org.asynchttpclient.netty.request.NettyRequestSender -- Using open Channel [id: 0x020b4601, L:/127.0.0.1:63420 - R:localhost/127.0.0.1:4444] for POST '/wd/hub/session/7ba8ff3bf30367aad55a4e3910d5e455/execute/sync'
17:49:31.410 [AsyncHttpClient-1-2] DEBUG org.asynchttpclient.netty.handler.HttpHandler -- 

Request DefaultHttpRequest(decodeResult: success, version: HTTP/1.1)
POST /wd/hub/session/7ba8ff3bf30367aad55a4e3910d5e455/execute/sync HTTP/1.1
traceparent: 00-e0f118c5752a297b9ad1539ccfb52bc4-5c6ab157f1129fc0-01
User-Agent: selenium/4.13.0 (java windows)
Content-Length: 47379
Content-Type: application/json; charset=utf-8
host: localhost:4444
accept: */*

Response DefaultHttpResponse(decodeResult: success, version: HTTP/1.1)
HTTP/1.1 200 OK
content-length: 160
content-type: application/json; charset=utf-8
cache-control: no-cache

17:49:31.411 [AsyncHttpClient-1-2] DEBUG org.asynchttpclient.netty.channel.ChannelManager -- Adding key: http://localhost:4444 for channel [id: 0x020b4601, L:/127.0.0.1:63420 - R:localhost/127.0.0.1:4444]
17:49:31.415 [Forwarding getElementAttribute on session 7ba8ff3bf30367aad55a4e3910d5e455 to remote] DEBUG org.asynchttpclient.netty.request.NettyRequestSender -- Using pooled Channel '[id: 0x020b4601, L:/127.0.0.1:63420 - R:localhost/127.0.0.1:4444]' for 'POST' to 'http://localhost:4444/wd/hub/session/7ba8ff3bf30367aad55a4e3910d5e455/execute/sync'
17:49:31.415 [Forwarding getElementAttribute on session 7ba8ff3bf30367aad55a4e3910d5e455 to remote] DEBUG org.asynchttpclient.netty.request.NettyRequestSender -- Using open Channel [id: 0x020b4601, L:/127.0.0.1:63420 - R:localhost/127.0.0.1:4444] for POST '/wd/hub/session/7ba8ff3bf30367aad55a4e3910d5e455/execute/sync'
17:49:31.445 [AsyncHttpClient-1-2] DEBUG org.asynchttpclient.netty.handler.HttpHandler -- 

Request DefaultHttpRequest(decodeResult: success, version: HTTP/1.1)
POST /wd/hub/session/7ba8ff3bf30367aad55a4e3910d5e455/execute/sync HTTP/1.1
traceparent: 00-be36468de9fcde2701b171c7f4fc70c4-c78d027641cb5a33-01
User-Agent: selenium/4.13.0 (java windows)
Content-Length: 47374
Content-Type: application/json; charset=utf-8
host: localhost:4444
accept: */*

Response DefaultHttpResponse(decodeResult: success, version: HTTP/1.1)
HTTP/1.1 200 OK
content-length: 18
content-type: application/json; charset=utf-8
cache-control: no-cache

17:49:31.445 [AsyncHttpClient-1-2] DEBUG org.asynchttpclient.netty.channel.ChannelManager -- Adding key: http://localhost:4444 for channel [id: 0x020b4601, L:/127.0.0.1:63420 - R:localhost/127.0.0.1:4444]
17:49:31.448 [Forwarding getElementAttribute on session 7ba8ff3bf30367aad55a4e3910d5e455 to remote] DEBUG org.asynchttpclient.netty.request.NettyRequestSender -- Using pooled Channel '[id: 0x020b4601, L:/127.0.0.1:63420 - R:localhost/127.0.0.1:4444]' for 'POST' to 'http://localhost:4444/wd/hub/session/7ba8ff3bf30367aad55a4e3910d5e455/execute/sync'
17:49:31.448 [Forwarding getElementAttribute on session 7ba8ff3bf30367aad55a4e3910d5e455 to remote] DEBUG org.asynchttpclient.netty.request.NettyRequestSender -- Using open Channel [id: 0x020b4601, L:/127.0.0.1:63420 - R:localhost/127.0.0.1:4444] for POST '/wd/hub/session/7ba8ff3bf30367aad55a4e3910d5e455/execute/sync'
17:49:31.483 [AsyncHttpClient-1-2] DEBUG org.asynchttpclient.netty.handler.HttpHandler -- 

Request DefaultHttpRequest(decodeResult: success, version: HTTP/1.1)
POST /wd/hub/session/7ba8ff3bf30367aad55a4e3910d5e455/execute/sync HTTP/1.1
traceparent: 00-62139772b930b2b5932f3d39f52a77b6-a31c488bf4decf3b-01
User-Agent: selenium/4.13.0 (java windows)
Content-Length: 47375
Content-Type: application/json; charset=utf-8
host: localhost:4444
accept: */*

Response DefaultHttpResponse(decodeResult: success, version: HTTP/1.1)
HTTP/1.1 200 OK
content-length: 36
content-type: application/json; charset=utf-8
cache-control: no-cache

17:49:31.483 [AsyncHttpClient-1-2] DEBUG org.asynchttpclient.netty.channel.ChannelManager -- Adding key: http://localhost:4444 for channel [id: 0x020b4601, L:/127.0.0.1:63420 - R:localhost/127.0.0.1:4444]
17:49:31.485 [Forwarding getElementAttribute on session 7ba8ff3bf30367aad55a4e3910d5e455 to remote] DEBUG org.asynchttpclient.netty.request.NettyRequestSender -- Using pooled Channel '[id: 0x020b4601, L:/127.0.0.1:63420 - R:localhost/127.0.0.1:4444]' for 'POST' to 'http://localhost:4444/wd/hub/session/7ba8ff3bf30367aad55a4e3910d5e455/execute/sync'
17:49:31.485 [Forwarding getElementAttribute on session 7ba8ff3bf30367aad55a4e3910d5e455 to remote] DEBUG org.asynchttpclient.netty.request.NettyRequestSender -- Using open Channel [id: 0x020b4601, L:/127.0.0.1:63420 - R:localhost/127.0.0.1:4444] for POST '/wd/hub/session/7ba8ff3bf30367aad55a4e3910d5e455/execute/sync'
17:49:31.517 [AsyncHttpClient-1-2] DEBUG org.asynchttpclient.netty.handler.HttpHandler -- 

Request DefaultHttpRequest(decodeResult: success, version: HTTP/1.1)
POST /wd/hub/session/7ba8ff3bf30367aad55a4e3910d5e455/execute/sync HTTP/1.1
traceparent: 00-67ec47adf63ea911b9c04bbc6ade666a-45a6f58c271a25e8-01
User-Agent: selenium/4.13.0 (java windows)
Content-Length: 47379
Content-Type: application/json; charset=utf-8
host: localhost:4444
accept: */*

Response DefaultHttpResponse(decodeResult: success, version: HTTP/1.1)
HTTP/1.1 200 OK
content-length: 24
content-type: application/json; charset=utf-8
cache-control: no-cache

17:49:31.517 [AsyncHttpClient-1-2] DEBUG org.asynchttpclient.netty.channel.ChannelManager -- Adding key: http://localhost:4444 for channel [id: 0x020b4601, L:/127.0.0.1:63420 - R:localhost/127.0.0.1:4444]
17:49:31.519 [Forwarding getElementAttribute on session 7ba8ff3bf30367aad55a4e3910d5e455 to remote] DEBUG org.asynchttpclient.netty.request.NettyRequestSender -- Using pooled Channel '[id: 0x020b4601, L:/127.0.0.1:63420 - R:localhost/127.0.0.1:4444]' for 'POST' to 'http://localhost:4444/wd/hub/session/7ba8ff3bf30367aad55a4e3910d5e455/execute/sync'
17:49:31.520 [Forwarding getElementAttribute on session 7ba8ff3bf30367aad55a4e3910d5e455 to remote] DEBUG org.asynchttpclient.netty.request.NettyRequestSender -- Using open Channel [id: 0x020b4601, L:/127.0.0.1:63420 - R:localhost/127.0.0.1:4444] for POST '/wd/hub/session/7ba8ff3bf30367aad55a4e3910d5e455/execute/sync'
17:49:31.547 [AsyncHttpClient-1-2] DEBUG org.asynchttpclient.netty.handler.HttpHandler -- 

Request DefaultHttpRequest(decodeResult: success, version: HTTP/1.1)
POST /wd/hub/session/7ba8ff3bf30367aad55a4e3910d5e455/execute/sync HTTP/1.1
traceparent: 00-5d09acf0e02a859909144c9dc48292c0-871e8f0808268ac3-01
User-Agent: selenium/4.13.0 (java windows)
Content-Length: 47372
Content-Type: application/json; charset=utf-8
host: localhost:4444
accept: */*

Response DefaultHttpResponse(decodeResult: success, version: HTTP/1.1)
HTTP/1.1 200 OK
content-length: 24
content-type: application/json; charset=utf-8
cache-control: no-cache

17:49:31.548 [AsyncHttpClient-1-2] DEBUG org.asynchttpclient.netty.channel.ChannelManager -- Adding key: http://localhost:4444 for channel [id: 0x020b4601, L:/127.0.0.1:63420 - R:localhost/127.0.0.1:4444]
17:49:31.551 [Forwarding getElementAttribute on session 7ba8ff3bf30367aad55a4e3910d5e455 to remote] DEBUG org.asynchttpclient.netty.request.NettyRequestSender -- Using pooled Channel '[id: 0x020b4601, L:/127.0.0.1:63420 - R:localhost/127.0.0.1:4444]' for 'POST' to 'http://localhost:4444/wd/hub/session/7ba8ff3bf30367aad55a4e3910d5e455/execute/sync'
17:49:31.551 [Forwarding getElementAttribute on session 7ba8ff3bf30367aad55a4e3910d5e455 to remote] DEBUG org.asynchttpclient.netty.request.NettyRequestSender -- Using open Channel [id: 0x020b4601, L:/127.0.0.1:63420 - R:localhost/127.0.0.1:4444] for POST '/wd/hub/session/7ba8ff3bf30367aad55a4e3910d5e455/execute/sync'
17:49:31.582 [AsyncHttpClient-1-2] DEBUG org.asynchttpclient.netty.handler.HttpHandler -- 

Request DefaultHttpRequest(decodeResult: success, version: HTTP/1.1)
POST /wd/hub/session/7ba8ff3bf30367aad55a4e3910d5e455/execute/sync HTTP/1.1
traceparent: 00-00a934db33ba6cb9b1da3e88b282c6ab-95d6587cd87802e4-01
User-Agent: selenium/4.13.0 (java windows)
Content-Length: 47374
Content-Type: application/json; charset=utf-8
host: localhost:4444
accept: */*

Response DefaultHttpResponse(decodeResult: success, version: HTTP/1.1)
HTTP/1.1 200 OK
content-length: 24
content-type: application/json; charset=utf-8
cache-control: no-cache

17:49:31.582 [AsyncHttpClient-1-2] DEBUG org.asynchttpclient.netty.channel.ChannelManager -- Adding key: http://localhost:4444 for channel [id: 0x020b4601, L:/127.0.0.1:63420 - R:localhost/127.0.0.1:4444]
17:49:31.584 [Forwarding getElementAttribute on session 7ba8ff3bf30367aad55a4e3910d5e455 to remote] DEBUG org.asynchttpclient.netty.request.NettyRequestSender -- Using pooled Channel '[id: 0x020b4601, L:/127.0.0.1:63420 - R:localhost/127.0.0.1:4444]' for 'POST' to 'http://localhost:4444/wd/hub/session/7ba8ff3bf30367aad55a4e3910d5e455/execute/sync'
17:49:31.585 [Forwarding getElementAttribute on session 7ba8ff3bf30367aad55a4e3910d5e455 to remote] DEBUG org.asynchttpclient.netty.request.NettyRequestSender -- Using open Channel [id: 0x020b4601, L:/127.0.0.1:63420 - R:localhost/127.0.0.1:4444] for POST '/wd/hub/session/7ba8ff3bf30367aad55a4e3910d5e455/execute/sync'
17:49:31.607 [AsyncHttpClient-1-2] DEBUG org.asynchttpclient.netty.handler.HttpHandler -- 

Request DefaultHttpRequest(decodeResult: success, version: HTTP/1.1)
POST /wd/hub/session/7ba8ff3bf30367aad55a4e3910d5e455/execute/sync HTTP/1.1
traceparent: 00-6c125abd4b6a4b142065a737c4093220-ee16376cac62a270-01
User-Agent: selenium/4.13.0 (java windows)
Content-Length: 47375
Content-Type: application/json; charset=utf-8
host: localhost:4444
accept: */*

Response DefaultHttpResponse(decodeResult: success, version: HTTP/1.1)
HTTP/1.1 200 OK
content-length: 17
content-type: application/json; charset=utf-8
cache-control: no-cache

17:49:31.607 [AsyncHttpClient-1-2] DEBUG org.asynchttpclient.netty.channel.ChannelManager -- Adding key: http://localhost:4444 for channel [id: 0x020b4601, L:/127.0.0.1:63420 - R:localhost/127.0.0.1:4444]
17:49:31.608 [Forwarding findElement on session 7ba8ff3bf30367aad55a4e3910d5e455 to remote] DEBUG org.asynchttpclient.netty.request.NettyRequestSender -- Using pooled Channel '[id: 0x020b4601, L:/127.0.0.1:63420 - R:localhost/127.0.0.1:4444]' for 'POST' to 'http://localhost:4444/wd/hub/session/7ba8ff3bf30367aad55a4e3910d5e455/element'
17:49:31.608 [Forwarding findElement on session 7ba8ff3bf30367aad55a4e3910d5e455 to remote] DEBUG org.asynchttpclient.netty.request.NettyRequestSender -- Using open Channel [id: 0x020b4601, L:/127.0.0.1:63420 - R:localhost/127.0.0.1:4444] for POST '/wd/hub/session/7ba8ff3bf30367aad55a4e3910d5e455/element'
17:49:31.630 [AsyncHttpClient-1-2] DEBUG org.asynchttpclient.netty.handler.HttpHandler -- 

Request DefaultHttpRequest(decodeResult: success, version: HTTP/1.1)
POST /wd/hub/session/7ba8ff3bf30367aad55a4e3910d5e455/element HTTP/1.1
traceparent: 00-ae7958fe63591ea1855e499aee77ed07-d84b50c4db146c97-01
User-Agent: selenium/4.13.0 (java windows)
Content-Length: 59
Content-Type: application/json; charset=utf-8
host: localhost:4444
accept: */*

Response DefaultHttpResponse(decodeResult: success, version: HTTP/1.1)
HTTP/1.1 200 OK
content-length: 95
content-type: application/json; charset=utf-8
cache-control: no-cache

17:49:31.630 [AsyncHttpClient-1-2] DEBUG org.asynchttpclient.netty.channel.ChannelManager -- Adding key: http://localhost:4444 for channel [id: 0x020b4601, L:/127.0.0.1:63420 - R:localhost/127.0.0.1:4444]
17:49:31.632 [Forwarding clickElement on session 7ba8ff3bf30367aad55a4e3910d5e455 to remote] DEBUG org.asynchttpclient.netty.request.NettyRequestSender -- Using pooled Channel '[id: 0x020b4601, L:/127.0.0.1:63420 - R:localhost/127.0.0.1:4444]' for 'POST' to 'http://localhost:4444/wd/hub/session/7ba8ff3bf30367aad55a4e3910d5e455/element/D27F2152B5D8E1D6A6EA14F0C325E4D1_element_84/click'
17:49:31.632 [Forwarding clickElement on session 7ba8ff3bf30367aad55a4e3910d5e455 to remote] DEBUG org.asynchttpclient.netty.request.NettyRequestSender -- Using open Channel [id: 0x020b4601, L:/127.0.0.1:63420 - R:localhost/127.0.0.1:4444] for POST '/wd/hub/session/7ba8ff3bf30367aad55a4e3910d5e455/element/D27F2152B5D8E1D6A6EA14F0C325E4D1_element_84/click'
17:49:31.722 [AsyncHttpClient-1-2] DEBUG org.asynchttpclient.netty.handler.HttpHandler -- 

Request DefaultHttpRequest(decodeResult: success, version: HTTP/1.1)
POST /wd/hub/session/7ba8ff3bf30367aad55a4e3910d5e455/element/D27F2152B5D8E1D6A6EA14F0C325E4D1_element_84/click HTTP/1.1
traceparent: 00-40504f04d1b9d76a0e3cfaa0b844c23b-17bae9f5515aee6d-01
User-Agent: selenium/4.13.0 (java windows)
Content-Length: 57
Content-Type: application/json; charset=utf-8
host: localhost:4444
accept: */*

Response DefaultHttpResponse(decodeResult: success, version: HTTP/1.1)
HTTP/1.1 200 OK
content-length: 14
content-type: application/json; charset=utf-8
cache-control: no-cache

17:49:31.723 [AsyncHttpClient-1-2] DEBUG org.asynchttpclient.netty.channel.ChannelManager -- Adding key: http://localhost:4444 for channel [id: 0x020b4601, L:/127.0.0.1:63420 - R:localhost/127.0.0.1:4444]
17:49:31.724 [main] INFO helpers.LoggerHelper -- @Test: readFromFileExcel has PASSED
17:49:31.725 [main] INFO helpers.LoggerHelper -- ######################################################################################
17:49:31.727 [Forwarding screenshot on session 7ba8ff3bf30367aad55a4e3910d5e455 to remote] DEBUG org.asynchttpclient.netty.request.NettyRequestSender -- Using pooled Channel '[id: 0x020b4601, L:/127.0.0.1:63420 - R:localhost/127.0.0.1:4444]' for 'GET' to 'http://localhost:4444/wd/hub/session/7ba8ff3bf30367aad55a4e3910d5e455/screenshot'
17:49:31.727 [Forwarding screenshot on session 7ba8ff3bf30367aad55a4e3910d5e455 to remote] DEBUG org.asynchttpclient.netty.request.NettyRequestSender -- Using open Channel [id: 0x020b4601, L:/127.0.0.1:63420 - R:localhost/127.0.0.1:4444] for GET '/wd/hub/session/7ba8ff3bf30367aad55a4e3910d5e455/screenshot'
17:49:31.895 [AsyncHttpClient-1-2] DEBUG org.asynchttpclient.netty.handler.HttpHandler -- 

Request DefaultFullHttpRequest(decodeResult: success, version: HTTP/1.1, content: EmptyByteBufBE)
GET /wd/hub/session/7ba8ff3bf30367aad55a4e3910d5e455/screenshot HTTP/1.1
Cache-Control: no-cache
traceparent: 00-10ca5d1bf5a672d20ea89f44a2bba2ec-668575675338eca9-01
User-Agent: selenium/4.13.0 (java windows)
Content-Type: application/json; charset=utf-8
host: localhost:4444
accept: */*

Response DefaultHttpResponse(decodeResult: success, version: HTTP/1.1)
HTTP/1.1 200 OK
content-length: 55592
content-type: application/json; charset=utf-8
cache-control: no-cache

17:49:31.896 [AsyncHttpClient-1-2] DEBUG org.asynchttpclient.netty.channel.ChannelManager -- Adding key: http://localhost:4444 for channel [id: 0x020b4601, L:/127.0.0.1:63420 - R:localhost/127.0.0.1:4444]
17:49:31.907 [main] INFO helpers.LoggerHelper -- Screenshot saved successfully.
]]></system-out>
  </testcase>
  <testcase name="readFromFileCSVLike[standard_user, secret_sauce](1)" classname="FrontEnd.SauceDemo.LoginWithDP" time="1.951">
    <system-out><![CDATA[17:49:31.910 [main] INFO helpers.LoggerHelper -- @Test: readFromFileCSVLike
17:49:31.910 [main] INFO helpers.LoggerHelper -- Description: Trying to read data from a CSV-like file
17:49:31.910 [main] INFO helpers.LoggerHelper -- ######################################################################################
17:49:31.912 [Forwarding get on session 7ba8ff3bf30367aad55a4e3910d5e455 to remote] DEBUG org.asynchttpclient.netty.request.NettyRequestSender -- Using pooled Channel '[id: 0x020b4601, L:/127.0.0.1:63420 - R:localhost/127.0.0.1:4444]' for 'POST' to 'http://localhost:4444/wd/hub/session/7ba8ff3bf30367aad55a4e3910d5e455/url'
17:49:31.912 [Forwarding get on session 7ba8ff3bf30367aad55a4e3910d5e455 to remote] DEBUG org.asynchttpclient.netty.request.NettyRequestSender -- Using open Channel [id: 0x020b4601, L:/127.0.0.1:63420 - R:localhost/127.0.0.1:4444] for POST '/wd/hub/session/7ba8ff3bf30367aad55a4e3910d5e455/url'
17:49:32.019 [AsyncHttpClient-1-2] DEBUG org.asynchttpclient.netty.handler.HttpHandler -- 

Request DefaultHttpRequest(decodeResult: success, version: HTTP/1.1)
POST /wd/hub/session/7ba8ff3bf30367aad55a4e3910d5e455/url HTTP/1.1
traceparent: 00-a53427bc51a7cb955252680d22c2752d-7659c78c5af72272-01
User-Agent: selenium/4.13.0 (java windows)
Content-Length: 43
Content-Type: application/json; charset=utf-8
host: localhost:4444
accept: */*

Response DefaultHttpResponse(decodeResult: success, version: HTTP/1.1)
HTTP/1.1 200 OK
content-length: 14
content-type: application/json; charset=utf-8
cache-control: no-cache

17:49:32.019 [AsyncHttpClient-1-2] DEBUG org.asynchttpclient.netty.channel.ChannelManager -- Adding key: http://localhost:4444 for channel [id: 0x020b4601, L:/127.0.0.1:63420 - R:localhost/127.0.0.1:4444]
17:49:32.020 [Forwarding findElement on session 7ba8ff3bf30367aad55a4e3910d5e455 to remote] DEBUG org.asynchttpclient.netty.request.NettyRequestSender -- Using pooled Channel '[id: 0x020b4601, L:/127.0.0.1:63420 - R:localhost/127.0.0.1:4444]' for 'POST' to 'http://localhost:4444/wd/hub/session/7ba8ff3bf30367aad55a4e3910d5e455/element'
17:49:32.020 [Forwarding findElement on session 7ba8ff3bf30367aad55a4e3910d5e455 to remote] DEBUG org.asynchttpclient.netty.request.NettyRequestSender -- Using open Channel [id: 0x020b4601, L:/127.0.0.1:63420 - R:localhost/127.0.0.1:4444] for POST '/wd/hub/session/7ba8ff3bf30367aad55a4e3910d5e455/element'
17:49:32.047 [AsyncHttpClient-1-2] DEBUG org.asynchttpclient.netty.handler.HttpHandler -- 

Request DefaultHttpRequest(decodeResult: success, version: HTTP/1.1)
POST /wd/hub/session/7ba8ff3bf30367aad55a4e3910d5e455/element HTTP/1.1
traceparent: 00-7cd29c4af3ad4958319049bc62f796fc-09b695cda85696bb-01
User-Agent: selenium/4.13.0 (java windows)
Content-Length: 56
Content-Type: application/json; charset=utf-8
host: localhost:4444
accept: */*

Response DefaultHttpResponse(decodeResult: success, version: HTTP/1.1)
HTTP/1.1 200 OK
content-length: 95
content-type: application/json; charset=utf-8
cache-control: no-cache

17:49:32.047 [AsyncHttpClient-1-2] DEBUG org.asynchttpclient.netty.channel.ChannelManager -- Adding key: http://localhost:4444 for channel [id: 0x020b4601, L:/127.0.0.1:63420 - R:localhost/127.0.0.1:4444]
17:49:32.050 [Forwarding isElementDisplayed on session 7ba8ff3bf30367aad55a4e3910d5e455 to remote] DEBUG org.asynchttpclient.netty.request.NettyRequestSender -- Using pooled Channel '[id: 0x020b4601, L:/127.0.0.1:63420 - R:localhost/127.0.0.1:4444]' for 'POST' to 'http://localhost:4444/wd/hub/session/7ba8ff3bf30367aad55a4e3910d5e455/execute/sync'
17:49:32.050 [Forwarding isElementDisplayed on session 7ba8ff3bf30367aad55a4e3910d5e455 to remote] DEBUG org.asynchttpclient.netty.request.NettyRequestSender -- Using open Channel [id: 0x020b4601, L:/127.0.0.1:63420 - R:localhost/127.0.0.1:4444] for POST '/wd/hub/session/7ba8ff3bf30367aad55a4e3910d5e455/execute/sync'
17:49:32.087 [AsyncHttpClient-1-2] DEBUG org.asynchttpclient.netty.handler.HttpHandler -- 

Request DefaultHttpRequest(decodeResult: success, version: HTTP/1.1)
POST /wd/hub/session/7ba8ff3bf30367aad55a4e3910d5e455/execute/sync HTTP/1.1
traceparent: 00-38cd5c716b13fd50a7bcb36073f14bc0-04720922056357b8-01
User-Agent: selenium/4.13.0 (java windows)
Content-Length: 48814
Content-Type: application/json; charset=utf-8
host: localhost:4444
accept: */*

Response DefaultHttpResponse(decodeResult: success, version: HTTP/1.1)
HTTP/1.1 200 OK
content-length: 14
content-type: application/json; charset=utf-8
cache-control: no-cache

17:49:32.088 [AsyncHttpClient-1-2] DEBUG org.asynchttpclient.netty.channel.ChannelManager -- Adding key: http://localhost:4444 for channel [id: 0x020b4601, L:/127.0.0.1:63420 - R:localhost/127.0.0.1:4444]
17:49:32.089 [Forwarding findElement on session 7ba8ff3bf30367aad55a4e3910d5e455 to remote] DEBUG org.asynchttpclient.netty.request.NettyRequestSender -- Using pooled Channel '[id: 0x020b4601, L:/127.0.0.1:63420 - R:localhost/127.0.0.1:4444]' for 'POST' to 'http://localhost:4444/wd/hub/session/7ba8ff3bf30367aad55a4e3910d5e455/element'
17:49:32.089 [Forwarding findElement on session 7ba8ff3bf30367aad55a4e3910d5e455 to remote] DEBUG org.asynchttpclient.netty.request.NettyRequestSender -- Using open Channel [id: 0x020b4601, L:/127.0.0.1:63420 - R:localhost/127.0.0.1:4444] for POST '/wd/hub/session/7ba8ff3bf30367aad55a4e3910d5e455/element'
17:49:32.111 [AsyncHttpClient-1-2] DEBUG org.asynchttpclient.netty.handler.HttpHandler -- 

Request DefaultHttpRequest(decodeResult: success, version: HTTP/1.1)
POST /wd/hub/session/7ba8ff3bf30367aad55a4e3910d5e455/element HTTP/1.1
traceparent: 00-931ab00d071f0b35167a852c6469daff-b86c847c98d4462a-01
User-Agent: selenium/4.13.0 (java windows)
Content-Length: 56
Content-Type: application/json; charset=utf-8
host: localhost:4444
accept: */*

Response DefaultHttpResponse(decodeResult: success, version: HTTP/1.1)
HTTP/1.1 200 OK
content-length: 95
content-type: application/json; charset=utf-8
cache-control: no-cache

17:49:32.111 [AsyncHttpClient-1-2] DEBUG org.asynchttpclient.netty.channel.ChannelManager -- Adding key: http://localhost:4444 for channel [id: 0x020b4601, L:/127.0.0.1:63420 - R:localhost/127.0.0.1:4444]
17:49:32.113 [Forwarding sendKeysToElement on session 7ba8ff3bf30367aad55a4e3910d5e455 to remote] DEBUG org.asynchttpclient.netty.request.NettyRequestSender -- Using pooled Channel '[id: 0x020b4601, L:/127.0.0.1:63420 - R:localhost/127.0.0.1:4444]' for 'POST' to 'http://localhost:4444/wd/hub/session/7ba8ff3bf30367aad55a4e3910d5e455/element/1ED44D47EAC6CCFE9121F5BBDF635490_element_89/value'
17:49:32.113 [Forwarding sendKeysToElement on session 7ba8ff3bf30367aad55a4e3910d5e455 to remote] DEBUG org.asynchttpclient.netty.request.NettyRequestSender -- Using open Channel [id: 0x020b4601, L:/127.0.0.1:63420 - R:localhost/127.0.0.1:4444] for POST '/wd/hub/session/7ba8ff3bf30367aad55a4e3910d5e455/element/1ED44D47EAC6CCFE9121F5BBDF635490_element_89/value'
17:49:32.210 [AsyncHttpClient-1-2] DEBUG org.asynchttpclient.netty.handler.HttpHandler -- 

Request DefaultHttpRequest(decodeResult: success, version: HTTP/1.1)
POST /wd/hub/session/7ba8ff3bf30367aad55a4e3910d5e455/element/1ED44D47EAC6CCFE9121F5BBDF635490_element_89/value HTTP/1.1
traceparent: 00-584fbabf96f59986d08313464afc5855-8eb88677e2e28671-01
User-Agent: selenium/4.13.0 (java windows)
Content-Length: 218
Content-Type: application/json; charset=utf-8
host: localhost:4444
accept: */*

Response DefaultHttpResponse(decodeResult: success, version: HTTP/1.1)
HTTP/1.1 200 OK
content-length: 14
content-type: application/json; charset=utf-8
cache-control: no-cache

17:49:32.211 [AsyncHttpClient-1-2] DEBUG org.asynchttpclient.netty.channel.ChannelManager -- Adding key: http://localhost:4444 for channel [id: 0x020b4601, L:/127.0.0.1:63420 - R:localhost/127.0.0.1:4444]
17:49:32.211 [Forwarding findElement on session 7ba8ff3bf30367aad55a4e3910d5e455 to remote] DEBUG org.asynchttpclient.netty.request.NettyRequestSender -- Using pooled Channel '[id: 0x020b4601, L:/127.0.0.1:63420 - R:localhost/127.0.0.1:4444]' for 'POST' to 'http://localhost:4444/wd/hub/session/7ba8ff3bf30367aad55a4e3910d5e455/element'
17:49:32.212 [Forwarding findElement on session 7ba8ff3bf30367aad55a4e3910d5e455 to remote] DEBUG org.asynchttpclient.netty.request.NettyRequestSender -- Using open Channel [id: 0x020b4601, L:/127.0.0.1:63420 - R:localhost/127.0.0.1:4444] for POST '/wd/hub/session/7ba8ff3bf30367aad55a4e3910d5e455/element'
17:49:32.231 [AsyncHttpClient-1-2] DEBUG org.asynchttpclient.netty.handler.HttpHandler -- 

Request DefaultHttpRequest(decodeResult: success, version: HTTP/1.1)
POST /wd/hub/session/7ba8ff3bf30367aad55a4e3910d5e455/element HTTP/1.1
traceparent: 00-ede187852c420afcfa99bd07392c6978-1eb96d9d14de50ff-01
User-Agent: selenium/4.13.0 (java windows)
Content-Length: 56
Content-Type: application/json; charset=utf-8
host: localhost:4444
accept: */*

Response DefaultHttpResponse(decodeResult: success, version: HTTP/1.1)
HTTP/1.1 200 OK
content-length: 95
content-type: application/json; charset=utf-8
cache-control: no-cache

17:49:32.232 [AsyncHttpClient-1-2] DEBUG org.asynchttpclient.netty.channel.ChannelManager -- Adding key: http://localhost:4444 for channel [id: 0x020b4601, L:/127.0.0.1:63420 - R:localhost/127.0.0.1:4444]
17:49:32.234 [Forwarding getElementAttribute on session 7ba8ff3bf30367aad55a4e3910d5e455 to remote] DEBUG org.asynchttpclient.netty.request.NettyRequestSender -- Using pooled Channel '[id: 0x020b4601, L:/127.0.0.1:63420 - R:localhost/127.0.0.1:4444]' for 'POST' to 'http://localhost:4444/wd/hub/session/7ba8ff3bf30367aad55a4e3910d5e455/execute/sync'
17:49:32.234 [Forwarding getElementAttribute on session 7ba8ff3bf30367aad55a4e3910d5e455 to remote] DEBUG org.asynchttpclient.netty.request.NettyRequestSender -- Using open Channel [id: 0x020b4601, L:/127.0.0.1:63420 - R:localhost/127.0.0.1:4444] for POST '/wd/hub/session/7ba8ff3bf30367aad55a4e3910d5e455/execute/sync'
17:49:32.259 [AsyncHttpClient-1-2] DEBUG org.asynchttpclient.netty.handler.HttpHandler -- 

Request DefaultHttpRequest(decodeResult: success, version: HTTP/1.1)
POST /wd/hub/session/7ba8ff3bf30367aad55a4e3910d5e455/execute/sync HTTP/1.1
traceparent: 00-2302f136a46238824e7dd8952cab6d9e-093d5258df997067-01
User-Agent: selenium/4.13.0 (java windows)
Content-Length: 47379
Content-Type: application/json; charset=utf-8
host: localhost:4444
accept: */*

Response DefaultHttpResponse(decodeResult: success, version: HTTP/1.1)
HTTP/1.1 200 OK
content-length: 223
content-type: application/json; charset=utf-8
cache-control: no-cache

17:49:32.259 [AsyncHttpClient-1-2] DEBUG org.asynchttpclient.netty.channel.ChannelManager -- Adding key: http://localhost:4444 for channel [id: 0x020b4601, L:/127.0.0.1:63420 - R:localhost/127.0.0.1:4444]
17:49:32.262 [Forwarding getElementAttribute on session 7ba8ff3bf30367aad55a4e3910d5e455 to remote] DEBUG org.asynchttpclient.netty.request.NettyRequestSender -- Using pooled Channel '[id: 0x020b4601, L:/127.0.0.1:63420 - R:localhost/127.0.0.1:4444]' for 'POST' to 'http://localhost:4444/wd/hub/session/7ba8ff3bf30367aad55a4e3910d5e455/execute/sync'
17:49:32.262 [Forwarding getElementAttribute on session 7ba8ff3bf30367aad55a4e3910d5e455 to remote] DEBUG org.asynchttpclient.netty.request.NettyRequestSender -- Using open Channel [id: 0x020b4601, L:/127.0.0.1:63420 - R:localhost/127.0.0.1:4444] for POST '/wd/hub/session/7ba8ff3bf30367aad55a4e3910d5e455/execute/sync'
17:49:32.292 [AsyncHttpClient-1-2] DEBUG org.asynchttpclient.netty.handler.HttpHandler -- 

Request DefaultHttpRequest(decodeResult: success, version: HTTP/1.1)
POST /wd/hub/session/7ba8ff3bf30367aad55a4e3910d5e455/execute/sync HTTP/1.1
traceparent: 00-d126369ee65068475ae6cc254390c305-03669fb97e98e480-01
User-Agent: selenium/4.13.0 (java windows)
Content-Length: 47375
Content-Type: application/json; charset=utf-8
host: localhost:4444
accept: */*

Response DefaultHttpResponse(decodeResult: success, version: HTTP/1.1)
HTTP/1.1 200 OK
content-length: 34
content-type: application/json; charset=utf-8
cache-control: no-cache

17:49:32.292 [AsyncHttpClient-1-2] DEBUG org.asynchttpclient.netty.channel.ChannelManager -- Adding key: http://localhost:4444 for channel [id: 0x020b4601, L:/127.0.0.1:63420 - R:localhost/127.0.0.1:4444]
17:49:32.296 [Forwarding getElementAttribute on session 7ba8ff3bf30367aad55a4e3910d5e455 to remote] DEBUG org.asynchttpclient.netty.request.NettyRequestSender -- Using pooled Channel '[id: 0x020b4601, L:/127.0.0.1:63420 - R:localhost/127.0.0.1:4444]' for 'POST' to 'http://localhost:4444/wd/hub/session/7ba8ff3bf30367aad55a4e3910d5e455/execute/sync'
17:49:32.296 [Forwarding getElementAttribute on session 7ba8ff3bf30367aad55a4e3910d5e455 to remote] DEBUG org.asynchttpclient.netty.request.NettyRequestSender -- Using open Channel [id: 0x020b4601, L:/127.0.0.1:63420 - R:localhost/127.0.0.1:4444] for POST '/wd/hub/session/7ba8ff3bf30367aad55a4e3910d5e455/execute/sync'
17:49:32.322 [AsyncHttpClient-1-2] DEBUG org.asynchttpclient.netty.handler.HttpHandler -- 

Request DefaultHttpRequest(decodeResult: success, version: HTTP/1.1)
POST /wd/hub/session/7ba8ff3bf30367aad55a4e3910d5e455/execute/sync HTTP/1.1
traceparent: 00-f12a244a94f37f823d3c15ca63f2fe5b-03a6fbd79e881584-01
User-Agent: selenium/4.13.0 (java windows)
Content-Length: 47381
Content-Type: application/json; charset=utf-8
host: localhost:4444
accept: */*

Response DefaultHttpResponse(decodeResult: success, version: HTTP/1.1)
HTTP/1.1 200 OK
content-length: 20
content-type: application/json; charset=utf-8
cache-control: no-cache

17:49:32.322 [AsyncHttpClient-1-2] DEBUG org.asynchttpclient.netty.channel.ChannelManager -- Adding key: http://localhost:4444 for channel [id: 0x020b4601, L:/127.0.0.1:63420 - R:localhost/127.0.0.1:4444]
17:49:32.325 [Forwarding getElementAttribute on session 7ba8ff3bf30367aad55a4e3910d5e455 to remote] DEBUG org.asynchttpclient.netty.request.NettyRequestSender -- Using pooled Channel '[id: 0x020b4601, L:/127.0.0.1:63420 - R:localhost/127.0.0.1:4444]' for 'POST' to 'http://localhost:4444/wd/hub/session/7ba8ff3bf30367aad55a4e3910d5e455/execute/sync'
17:49:32.325 [Forwarding getElementAttribute on session 7ba8ff3bf30367aad55a4e3910d5e455 to remote] DEBUG org.asynchttpclient.netty.request.NettyRequestSender -- Using open Channel [id: 0x020b4601, L:/127.0.0.1:63420 - R:localhost/127.0.0.1:4444] for POST '/wd/hub/session/7ba8ff3bf30367aad55a4e3910d5e455/execute/sync'
17:49:32.349 [AsyncHttpClient-1-2] DEBUG org.asynchttpclient.netty.handler.HttpHandler -- 

Request DefaultHttpRequest(decodeResult: success, version: HTTP/1.1)
POST /wd/hub/session/7ba8ff3bf30367aad55a4e3910d5e455/execute/sync HTTP/1.1
traceparent: 00-39ef5d14055f71fb85a093dd880df3f5-8d985222d0894b8a-01
User-Agent: selenium/4.13.0 (java windows)
Content-Length: 47374
Content-Type: application/json; charset=utf-8
host: localhost:4444
accept: */*

Response DefaultHttpResponse(decodeResult: success, version: HTTP/1.1)
HTTP/1.1 200 OK
content-length: 16
content-type: application/json; charset=utf-8
cache-control: no-cache

17:49:32.350 [AsyncHttpClient-1-2] DEBUG org.asynchttpclient.netty.channel.ChannelManager -- Adding key: http://localhost:4444 for channel [id: 0x020b4601, L:/127.0.0.1:63420 - R:localhost/127.0.0.1:4444]
17:49:32.351 [Forwarding getElementAttribute on session 7ba8ff3bf30367aad55a4e3910d5e455 to remote] DEBUG org.asynchttpclient.netty.request.NettyRequestSender -- Using pooled Channel '[id: 0x020b4601, L:/127.0.0.1:63420 - R:localhost/127.0.0.1:4444]' for 'POST' to 'http://localhost:4444/wd/hub/session/7ba8ff3bf30367aad55a4e3910d5e455/execute/sync'
17:49:32.351 [Forwarding getElementAttribute on session 7ba8ff3bf30367aad55a4e3910d5e455 to remote] DEBUG org.asynchttpclient.netty.request.NettyRequestSender -- Using open Channel [id: 0x020b4601, L:/127.0.0.1:63420 - R:localhost/127.0.0.1:4444] for POST '/wd/hub/session/7ba8ff3bf30367aad55a4e3910d5e455/execute/sync'
17:49:32.375 [AsyncHttpClient-1-2] DEBUG org.asynchttpclient.netty.handler.HttpHandler -- 

Request DefaultHttpRequest(decodeResult: success, version: HTTP/1.1)
POST /wd/hub/session/7ba8ff3bf30367aad55a4e3910d5e455/execute/sync HTTP/1.1
traceparent: 00-8ba9cc12cdf60c12f9e823cceecedcd0-62ec40e2ae97d6e4-01
User-Agent: selenium/4.13.0 (java windows)
Content-Length: 47379
Content-Type: application/json; charset=utf-8
host: localhost:4444
accept: */*

Response DefaultHttpResponse(decodeResult: success, version: HTTP/1.1)
HTTP/1.1 200 OK
content-length: 20
content-type: application/json; charset=utf-8
cache-control: no-cache

17:49:32.376 [AsyncHttpClient-1-2] DEBUG org.asynchttpclient.netty.channel.ChannelManager -- Adding key: http://localhost:4444 for channel [id: 0x020b4601, L:/127.0.0.1:63420 - R:localhost/127.0.0.1:4444]
17:49:32.378 [Forwarding getElementAttribute on session 7ba8ff3bf30367aad55a4e3910d5e455 to remote] DEBUG org.asynchttpclient.netty.request.NettyRequestSender -- Using pooled Channel '[id: 0x020b4601, L:/127.0.0.1:63420 - R:localhost/127.0.0.1:4444]' for 'POST' to 'http://localhost:4444/wd/hub/session/7ba8ff3bf30367aad55a4e3910d5e455/execute/sync'
17:49:32.378 [Forwarding getElementAttribute on session 7ba8ff3bf30367aad55a4e3910d5e455 to remote] DEBUG org.asynchttpclient.netty.request.NettyRequestSender -- Using open Channel [id: 0x020b4601, L:/127.0.0.1:63420 - R:localhost/127.0.0.1:4444] for POST '/wd/hub/session/7ba8ff3bf30367aad55a4e3910d5e455/execute/sync'
17:49:32.406 [AsyncHttpClient-1-2] DEBUG org.asynchttpclient.netty.handler.HttpHandler -- 

Request DefaultHttpRequest(decodeResult: success, version: HTTP/1.1)
POST /wd/hub/session/7ba8ff3bf30367aad55a4e3910d5e455/execute/sync HTTP/1.1
traceparent: 00-759ed4a5b03a44470f4ef90d10a63fe4-bce08e8fbe9f24cd-01
User-Agent: selenium/4.13.0 (java windows)
Content-Length: 47372
Content-Type: application/json; charset=utf-8
host: localhost:4444
accept: */*

Response DefaultHttpResponse(decodeResult: success, version: HTTP/1.1)
HTTP/1.1 200 OK
content-length: 21
content-type: application/json; charset=utf-8
cache-control: no-cache

17:49:32.407 [AsyncHttpClient-1-2] DEBUG org.asynchttpclient.netty.channel.ChannelManager -- Adding key: http://localhost:4444 for channel [id: 0x020b4601, L:/127.0.0.1:63420 - R:localhost/127.0.0.1:4444]
17:49:32.409 [Forwarding getElementAttribute on session 7ba8ff3bf30367aad55a4e3910d5e455 to remote] DEBUG org.asynchttpclient.netty.request.NettyRequestSender -- Using pooled Channel '[id: 0x020b4601, L:/127.0.0.1:63420 - R:localhost/127.0.0.1:4444]' for 'POST' to 'http://localhost:4444/wd/hub/session/7ba8ff3bf30367aad55a4e3910d5e455/execute/sync'
17:49:32.410 [Forwarding getElementAttribute on session 7ba8ff3bf30367aad55a4e3910d5e455 to remote] DEBUG org.asynchttpclient.netty.request.NettyRequestSender -- Using open Channel [id: 0x020b4601, L:/127.0.0.1:63420 - R:localhost/127.0.0.1:4444] for POST '/wd/hub/session/7ba8ff3bf30367aad55a4e3910d5e455/execute/sync'
17:49:32.448 [AsyncHttpClient-1-2] DEBUG org.asynchttpclient.netty.handler.HttpHandler -- 

Request DefaultHttpRequest(decodeResult: success, version: HTTP/1.1)
POST /wd/hub/session/7ba8ff3bf30367aad55a4e3910d5e455/execute/sync HTTP/1.1
traceparent: 00-e7a4c43e2e76a75a56e116ecfc3b4b02-d80ecee3bb6cc45f-01
User-Agent: selenium/4.13.0 (java windows)
Content-Length: 47374
Content-Type: application/json; charset=utf-8
host: localhost:4444
accept: */*

Response DefaultHttpResponse(decodeResult: success, version: HTTP/1.1)
HTTP/1.1 200 OK
content-length: 21
content-type: application/json; charset=utf-8
cache-control: no-cache

17:49:32.449 [AsyncHttpClient-1-2] DEBUG org.asynchttpclient.netty.channel.ChannelManager -- Adding key: http://localhost:4444 for channel [id: 0x020b4601, L:/127.0.0.1:63420 - R:localhost/127.0.0.1:4444]
17:49:32.450 [Forwarding getElementAttribute on session 7ba8ff3bf30367aad55a4e3910d5e455 to remote] DEBUG org.asynchttpclient.netty.request.NettyRequestSender -- Using pooled Channel '[id: 0x020b4601, L:/127.0.0.1:63420 - R:localhost/127.0.0.1:4444]' for 'POST' to 'http://localhost:4444/wd/hub/session/7ba8ff3bf30367aad55a4e3910d5e455/execute/sync'
17:49:32.450 [Forwarding getElementAttribute on session 7ba8ff3bf30367aad55a4e3910d5e455 to remote] DEBUG org.asynchttpclient.netty.request.NettyRequestSender -- Using open Channel [id: 0x020b4601, L:/127.0.0.1:63420 - R:localhost/127.0.0.1:4444] for POST '/wd/hub/session/7ba8ff3bf30367aad55a4e3910d5e455/execute/sync'
17:49:32.473 [AsyncHttpClient-1-2] DEBUG org.asynchttpclient.netty.handler.HttpHandler -- 

Request DefaultHttpRequest(decodeResult: success, version: HTTP/1.1)
POST /wd/hub/session/7ba8ff3bf30367aad55a4e3910d5e455/execute/sync HTTP/1.1
traceparent: 00-3f1ce5cf2dfc9b9be502a29b08634165-6a30fc073a3cfb5c-01
User-Agent: selenium/4.13.0 (java windows)
Content-Length: 47381
Content-Type: application/json; charset=utf-8
host: localhost:4444
accept: */*

Response DefaultHttpResponse(decodeResult: success, version: HTTP/1.1)
HTTP/1.1 200 OK
content-length: 15
content-type: application/json; charset=utf-8
cache-control: no-cache

17:49:32.474 [AsyncHttpClient-1-2] DEBUG org.asynchttpclient.netty.channel.ChannelManager -- Adding key: http://localhost:4444 for channel [id: 0x020b4601, L:/127.0.0.1:63420 - R:localhost/127.0.0.1:4444]
17:49:32.476 [Forwarding getElementAttribute on session 7ba8ff3bf30367aad55a4e3910d5e455 to remote] DEBUG org.asynchttpclient.netty.request.NettyRequestSender -- Using pooled Channel '[id: 0x020b4601, L:/127.0.0.1:63420 - R:localhost/127.0.0.1:4444]' for 'POST' to 'http://localhost:4444/wd/hub/session/7ba8ff3bf30367aad55a4e3910d5e455/execute/sync'
17:49:32.476 [Forwarding getElementAttribute on session 7ba8ff3bf30367aad55a4e3910d5e455 to remote] DEBUG org.asynchttpclient.netty.request.NettyRequestSender -- Using open Channel [id: 0x020b4601, L:/127.0.0.1:63420 - R:localhost/127.0.0.1:4444] for POST '/wd/hub/session/7ba8ff3bf30367aad55a4e3910d5e455/execute/sync'
17:49:32.501 [AsyncHttpClient-1-2] DEBUG org.asynchttpclient.netty.handler.HttpHandler -- 

Request DefaultHttpRequest(decodeResult: success, version: HTTP/1.1)
POST /wd/hub/session/7ba8ff3bf30367aad55a4e3910d5e455/execute/sync HTTP/1.1
traceparent: 00-49fa6a3e5d7d6a99993bd09ce43803f2-6a9c17086b351002-01
User-Agent: selenium/4.13.0 (java windows)
Content-Length: 47384
Content-Type: application/json; charset=utf-8
host: localhost:4444
accept: */*

Response DefaultHttpResponse(decodeResult: success, version: HTTP/1.1)
HTTP/1.1 200 OK
content-length: 16
content-type: application/json; charset=utf-8
cache-control: no-cache

17:49:32.501 [AsyncHttpClient-1-2] DEBUG org.asynchttpclient.netty.channel.ChannelManager -- Adding key: http://localhost:4444 for channel [id: 0x020b4601, L:/127.0.0.1:63420 - R:localhost/127.0.0.1:4444]
17:49:32.503 [Forwarding getElementAttribute on session 7ba8ff3bf30367aad55a4e3910d5e455 to remote] DEBUG org.asynchttpclient.netty.request.NettyRequestSender -- Using pooled Channel '[id: 0x020b4601, L:/127.0.0.1:63420 - R:localhost/127.0.0.1:4444]' for 'POST' to 'http://localhost:4444/wd/hub/session/7ba8ff3bf30367aad55a4e3910d5e455/execute/sync'
17:49:32.503 [Forwarding getElementAttribute on session 7ba8ff3bf30367aad55a4e3910d5e455 to remote] DEBUG org.asynchttpclient.netty.request.NettyRequestSender -- Using open Channel [id: 0x020b4601, L:/127.0.0.1:63420 - R:localhost/127.0.0.1:4444] for POST '/wd/hub/session/7ba8ff3bf30367aad55a4e3910d5e455/execute/sync'
17:49:32.527 [AsyncHttpClient-1-2] DEBUG org.asynchttpclient.netty.handler.HttpHandler -- 

Request DefaultHttpRequest(decodeResult: success, version: HTTP/1.1)
POST /wd/hub/session/7ba8ff3bf30367aad55a4e3910d5e455/execute/sync HTTP/1.1
traceparent: 00-bd984b03e1607c6b3e0bd9522942df62-97f85142f5eecde3-01
User-Agent: selenium/4.13.0 (java windows)
Content-Length: 47375
Content-Type: application/json; charset=utf-8
host: localhost:4444
accept: */*

Response DefaultHttpResponse(decodeResult: success, version: HTTP/1.1)
HTTP/1.1 200 OK
content-length: 25
content-type: application/json; charset=utf-8
cache-control: no-cache

17:49:32.527 [AsyncHttpClient-1-2] DEBUG org.asynchttpclient.netty.channel.ChannelManager -- Adding key: http://localhost:4444 for channel [id: 0x020b4601, L:/127.0.0.1:63420 - R:localhost/127.0.0.1:4444]
17:49:32.528 [main] INFO helpers.LoggerHelper -- Testing user: standard_user
17:49:32.528 [Forwarding findElement on session 7ba8ff3bf30367aad55a4e3910d5e455 to remote] DEBUG org.asynchttpclient.netty.request.NettyRequestSender -- Using pooled Channel '[id: 0x020b4601, L:/127.0.0.1:63420 - R:localhost/127.0.0.1:4444]' for 'POST' to 'http://localhost:4444/wd/hub/session/7ba8ff3bf30367aad55a4e3910d5e455/element'
17:49:32.528 [Forwarding findElement on session 7ba8ff3bf30367aad55a4e3910d5e455 to remote] DEBUG org.asynchttpclient.netty.request.NettyRequestSender -- Using open Channel [id: 0x020b4601, L:/127.0.0.1:63420 - R:localhost/127.0.0.1:4444] for POST '/wd/hub/session/7ba8ff3bf30367aad55a4e3910d5e455/element'
17:49:32.547 [AsyncHttpClient-1-2] DEBUG org.asynchttpclient.netty.handler.HttpHandler -- 

Request DefaultHttpRequest(decodeResult: success, version: HTTP/1.1)
POST /wd/hub/session/7ba8ff3bf30367aad55a4e3910d5e455/element HTTP/1.1
traceparent: 00-33e8eeece2efc883066e4261efe979f8-b608994efcc85aaa-01
User-Agent: selenium/4.13.0 (java windows)
Content-Length: 53
Content-Type: application/json; charset=utf-8
host: localhost:4444
accept: */*

Response DefaultHttpResponse(decodeResult: success, version: HTTP/1.1)
HTTP/1.1 200 OK
content-length: 95
content-type: application/json; charset=utf-8
cache-control: no-cache

17:49:32.548 [AsyncHttpClient-1-2] DEBUG org.asynchttpclient.netty.channel.ChannelManager -- Adding key: http://localhost:4444 for channel [id: 0x020b4601, L:/127.0.0.1:63420 - R:localhost/127.0.0.1:4444]
17:49:32.549 [Forwarding isElementDisplayed on session 7ba8ff3bf30367aad55a4e3910d5e455 to remote] DEBUG org.asynchttpclient.netty.request.NettyRequestSender -- Using pooled Channel '[id: 0x020b4601, L:/127.0.0.1:63420 - R:localhost/127.0.0.1:4444]' for 'POST' to 'http://localhost:4444/wd/hub/session/7ba8ff3bf30367aad55a4e3910d5e455/execute/sync'
17:49:32.549 [Forwarding isElementDisplayed on session 7ba8ff3bf30367aad55a4e3910d5e455 to remote] DEBUG org.asynchttpclient.netty.request.NettyRequestSender -- Using open Channel [id: 0x020b4601, L:/127.0.0.1:63420 - R:localhost/127.0.0.1:4444] for POST '/wd/hub/session/7ba8ff3bf30367aad55a4e3910d5e455/execute/sync'
17:49:32.573 [AsyncHttpClient-1-2] DEBUG org.asynchttpclient.netty.handler.HttpHandler -- 

Request DefaultHttpRequest(decodeResult: success, version: HTTP/1.1)
POST /wd/hub/session/7ba8ff3bf30367aad55a4e3910d5e455/execute/sync HTTP/1.1
traceparent: 00-0284664b61d6cb60d222f6300c6b5d18-d321aae684b7b791-01
User-Agent: selenium/4.13.0 (java windows)
Content-Length: 48814
Content-Type: application/json; charset=utf-8
host: localhost:4444
accept: */*

Response DefaultHttpResponse(decodeResult: success, version: HTTP/1.1)
HTTP/1.1 200 OK
content-length: 14
content-type: application/json; charset=utf-8
cache-control: no-cache

17:49:32.573 [AsyncHttpClient-1-2] DEBUG org.asynchttpclient.netty.channel.ChannelManager -- Adding key: http://localhost:4444 for channel [id: 0x020b4601, L:/127.0.0.1:63420 - R:localhost/127.0.0.1:4444]
17:49:32.574 [Forwarding findElement on session 7ba8ff3bf30367aad55a4e3910d5e455 to remote] DEBUG org.asynchttpclient.netty.request.NettyRequestSender -- Using pooled Channel '[id: 0x020b4601, L:/127.0.0.1:63420 - R:localhost/127.0.0.1:4444]' for 'POST' to 'http://localhost:4444/wd/hub/session/7ba8ff3bf30367aad55a4e3910d5e455/element'
17:49:32.574 [Forwarding findElement on session 7ba8ff3bf30367aad55a4e3910d5e455 to remote] DEBUG org.asynchttpclient.netty.request.NettyRequestSender -- Using open Channel [id: 0x020b4601, L:/127.0.0.1:63420 - R:localhost/127.0.0.1:4444] for POST '/wd/hub/session/7ba8ff3bf30367aad55a4e3910d5e455/element'
17:49:32.592 [AsyncHttpClient-1-2] DEBUG org.asynchttpclient.netty.handler.HttpHandler -- 

Request DefaultHttpRequest(decodeResult: success, version: HTTP/1.1)
POST /wd/hub/session/7ba8ff3bf30367aad55a4e3910d5e455/element HTTP/1.1
traceparent: 00-ba3b1a919dd7fea6d9aaed02dbfe38ae-aca76f171b85b4a9-01
User-Agent: selenium/4.13.0 (java windows)
Content-Length: 53
Content-Type: application/json; charset=utf-8
host: localhost:4444
accept: */*

Response DefaultHttpResponse(decodeResult: success, version: HTTP/1.1)
HTTP/1.1 200 OK
content-length: 95
content-type: application/json; charset=utf-8
cache-control: no-cache

17:49:32.592 [AsyncHttpClient-1-2] DEBUG org.asynchttpclient.netty.channel.ChannelManager -- Adding key: http://localhost:4444 for channel [id: 0x020b4601, L:/127.0.0.1:63420 - R:localhost/127.0.0.1:4444]
17:49:32.594 [Forwarding sendKeysToElement on session 7ba8ff3bf30367aad55a4e3910d5e455 to remote] DEBUG org.asynchttpclient.netty.request.NettyRequestSender -- Using pooled Channel '[id: 0x020b4601, L:/127.0.0.1:63420 - R:localhost/127.0.0.1:4444]' for 'POST' to 'http://localhost:4444/wd/hub/session/7ba8ff3bf30367aad55a4e3910d5e455/element/1ED44D47EAC6CCFE9121F5BBDF635490_element_86/value'
17:49:32.594 [Forwarding sendKeysToElement on session 7ba8ff3bf30367aad55a4e3910d5e455 to remote] DEBUG org.asynchttpclient.netty.request.NettyRequestSender -- Using open Channel [id: 0x020b4601, L:/127.0.0.1:63420 - R:localhost/127.0.0.1:4444] for POST '/wd/hub/session/7ba8ff3bf30367aad55a4e3910d5e455/element/1ED44D47EAC6CCFE9121F5BBDF635490_element_86/value'
17:49:32.695 [AsyncHttpClient-1-2] DEBUG org.asynchttpclient.netty.handler.HttpHandler -- 

Request DefaultHttpRequest(decodeResult: success, version: HTTP/1.1)
POST /wd/hub/session/7ba8ff3bf30367aad55a4e3910d5e455/element/1ED44D47EAC6CCFE9121F5BBDF635490_element_86/value HTTP/1.1
traceparent: 00-e2a6b657f5ee252ef2bac91b83a7df25-9a285b5ee637af69-01
User-Agent: selenium/4.13.0 (java windows)
Content-Length: 208
Content-Type: application/json; charset=utf-8
host: localhost:4444
accept: */*

Response DefaultHttpResponse(decodeResult: success, version: HTTP/1.1)
HTTP/1.1 200 OK
content-length: 14
content-type: application/json; charset=utf-8
cache-control: no-cache

17:49:32.695 [AsyncHttpClient-1-2] DEBUG org.asynchttpclient.netty.channel.ChannelManager -- Adding key: http://localhost:4444 for channel [id: 0x020b4601, L:/127.0.0.1:63420 - R:localhost/127.0.0.1:4444]
17:49:32.696 [Forwarding findElement on session 7ba8ff3bf30367aad55a4e3910d5e455 to remote] DEBUG org.asynchttpclient.netty.request.NettyRequestSender -- Using pooled Channel '[id: 0x020b4601, L:/127.0.0.1:63420 - R:localhost/127.0.0.1:4444]' for 'POST' to 'http://localhost:4444/wd/hub/session/7ba8ff3bf30367aad55a4e3910d5e455/element'
17:49:32.696 [Forwarding findElement on session 7ba8ff3bf30367aad55a4e3910d5e455 to remote] DEBUG org.asynchttpclient.netty.request.NettyRequestSender -- Using open Channel [id: 0x020b4601, L:/127.0.0.1:63420 - R:localhost/127.0.0.1:4444] for POST '/wd/hub/session/7ba8ff3bf30367aad55a4e3910d5e455/element'
17:49:32.722 [AsyncHttpClient-1-2] DEBUG org.asynchttpclient.netty.handler.HttpHandler -- 

Request DefaultHttpRequest(decodeResult: success, version: HTTP/1.1)
POST /wd/hub/session/7ba8ff3bf30367aad55a4e3910d5e455/element HTTP/1.1
traceparent: 00-9b5dee1c392af0a27e48e427a1cc153b-ce458511241ec944-01
User-Agent: selenium/4.13.0 (java windows)
Content-Length: 53
Content-Type: application/json; charset=utf-8
host: localhost:4444
accept: */*

Response DefaultHttpResponse(decodeResult: success, version: HTTP/1.1)
HTTP/1.1 200 OK
content-length: 95
content-type: application/json; charset=utf-8
cache-control: no-cache

17:49:32.722 [AsyncHttpClient-1-2] DEBUG org.asynchttpclient.netty.channel.ChannelManager -- Adding key: http://localhost:4444 for channel [id: 0x020b4601, L:/127.0.0.1:63420 - R:localhost/127.0.0.1:4444]
17:49:32.723 [Forwarding getElementAttribute on session 7ba8ff3bf30367aad55a4e3910d5e455 to remote] DEBUG org.asynchttpclient.netty.request.NettyRequestSender -- Using pooled Channel '[id: 0x020b4601, L:/127.0.0.1:63420 - R:localhost/127.0.0.1:4444]' for 'POST' to 'http://localhost:4444/wd/hub/session/7ba8ff3bf30367aad55a4e3910d5e455/execute/sync'
17:49:32.723 [Forwarding getElementAttribute on session 7ba8ff3bf30367aad55a4e3910d5e455 to remote] DEBUG org.asynchttpclient.netty.request.NettyRequestSender -- Using open Channel [id: 0x020b4601, L:/127.0.0.1:63420 - R:localhost/127.0.0.1:4444] for POST '/wd/hub/session/7ba8ff3bf30367aad55a4e3910d5e455/execute/sync'
17:49:32.745 [AsyncHttpClient-1-2] DEBUG org.asynchttpclient.netty.handler.HttpHandler -- 

Request DefaultHttpRequest(decodeResult: success, version: HTTP/1.1)
POST /wd/hub/session/7ba8ff3bf30367aad55a4e3910d5e455/execute/sync HTTP/1.1
traceparent: 00-f6bae743a94b55363ef9498db951e2e0-7e6b0d9727ebede1-01
User-Agent: selenium/4.13.0 (java windows)
Content-Length: 47379
Content-Type: application/json; charset=utf-8
host: localhost:4444
accept: */*

Response DefaultHttpResponse(decodeResult: success, version: HTTP/1.1)
HTTP/1.1 200 OK
content-length: 224
content-type: application/json; charset=utf-8
cache-control: no-cache

17:49:32.745 [AsyncHttpClient-1-2] DEBUG org.asynchttpclient.netty.channel.ChannelManager -- Adding key: http://localhost:4444 for channel [id: 0x020b4601, L:/127.0.0.1:63420 - R:localhost/127.0.0.1:4444]
17:49:32.747 [Forwarding getElementAttribute on session 7ba8ff3bf30367aad55a4e3910d5e455 to remote] DEBUG org.asynchttpclient.netty.request.NettyRequestSender -- Using pooled Channel '[id: 0x020b4601, L:/127.0.0.1:63420 - R:localhost/127.0.0.1:4444]' for 'POST' to 'http://localhost:4444/wd/hub/session/7ba8ff3bf30367aad55a4e3910d5e455/execute/sync'
17:49:32.747 [Forwarding getElementAttribute on session 7ba8ff3bf30367aad55a4e3910d5e455 to remote] DEBUG org.asynchttpclient.netty.request.NettyRequestSender -- Using open Channel [id: 0x020b4601, L:/127.0.0.1:63420 - R:localhost/127.0.0.1:4444] for POST '/wd/hub/session/7ba8ff3bf30367aad55a4e3910d5e455/execute/sync'
17:49:32.767 [AsyncHttpClient-1-2] DEBUG org.asynchttpclient.netty.handler.HttpHandler -- 

Request DefaultHttpRequest(decodeResult: success, version: HTTP/1.1)
POST /wd/hub/session/7ba8ff3bf30367aad55a4e3910d5e455/execute/sync HTTP/1.1
traceparent: 00-38d313db4d1fda2eaf2158b56b8a384a-5ef071ba878c1cb6-01
User-Agent: selenium/4.13.0 (java windows)
Content-Length: 47375
Content-Type: application/json; charset=utf-8
host: localhost:4444
accept: */*

Response DefaultHttpResponse(decodeResult: success, version: HTTP/1.1)
HTTP/1.1 200 OK
content-length: 34
content-type: application/json; charset=utf-8
cache-control: no-cache

17:49:32.768 [AsyncHttpClient-1-2] DEBUG org.asynchttpclient.netty.channel.ChannelManager -- Adding key: http://localhost:4444 for channel [id: 0x020b4601, L:/127.0.0.1:63420 - R:localhost/127.0.0.1:4444]
17:49:32.770 [Forwarding getElementAttribute on session 7ba8ff3bf30367aad55a4e3910d5e455 to remote] DEBUG org.asynchttpclient.netty.request.NettyRequestSender -- Using pooled Channel '[id: 0x020b4601, L:/127.0.0.1:63420 - R:localhost/127.0.0.1:4444]' for 'POST' to 'http://localhost:4444/wd/hub/session/7ba8ff3bf30367aad55a4e3910d5e455/execute/sync'
17:49:32.770 [Forwarding getElementAttribute on session 7ba8ff3bf30367aad55a4e3910d5e455 to remote] DEBUG org.asynchttpclient.netty.request.NettyRequestSender -- Using open Channel [id: 0x020b4601, L:/127.0.0.1:63420 - R:localhost/127.0.0.1:4444] for POST '/wd/hub/session/7ba8ff3bf30367aad55a4e3910d5e455/execute/sync'
17:49:32.789 [AsyncHttpClient-1-2] DEBUG org.asynchttpclient.netty.handler.HttpHandler -- 

Request DefaultHttpRequest(decodeResult: success, version: HTTP/1.1)
POST /wd/hub/session/7ba8ff3bf30367aad55a4e3910d5e455/execute/sync HTTP/1.1
traceparent: 00-3e186000bdb17bf3a5a476ffc94c81f0-4acb746238214689-01
User-Agent: selenium/4.13.0 (java windows)
Content-Length: 47381
Content-Type: application/json; charset=utf-8
host: localhost:4444
accept: */*

Response DefaultHttpResponse(decodeResult: success, version: HTTP/1.1)
HTTP/1.1 200 OK
content-length: 20
content-type: application/json; charset=utf-8
cache-control: no-cache

17:49:32.789 [AsyncHttpClient-1-2] DEBUG org.asynchttpclient.netty.channel.ChannelManager -- Adding key: http://localhost:4444 for channel [id: 0x020b4601, L:/127.0.0.1:63420 - R:localhost/127.0.0.1:4444]
17:49:32.790 [Forwarding getElementAttribute on session 7ba8ff3bf30367aad55a4e3910d5e455 to remote] DEBUG org.asynchttpclient.netty.request.NettyRequestSender -- Using pooled Channel '[id: 0x020b4601, L:/127.0.0.1:63420 - R:localhost/127.0.0.1:4444]' for 'POST' to 'http://localhost:4444/wd/hub/session/7ba8ff3bf30367aad55a4e3910d5e455/execute/sync'
17:49:32.790 [Forwarding getElementAttribute on session 7ba8ff3bf30367aad55a4e3910d5e455 to remote] DEBUG org.asynchttpclient.netty.request.NettyRequestSender -- Using open Channel [id: 0x020b4601, L:/127.0.0.1:63420 - R:localhost/127.0.0.1:4444] for POST '/wd/hub/session/7ba8ff3bf30367aad55a4e3910d5e455/execute/sync'
17:49:32.813 [AsyncHttpClient-1-2] DEBUG org.asynchttpclient.netty.handler.HttpHandler -- 

Request DefaultHttpRequest(decodeResult: success, version: HTTP/1.1)
POST /wd/hub/session/7ba8ff3bf30367aad55a4e3910d5e455/execute/sync HTTP/1.1
traceparent: 00-2c3290e4726322e1fb08fd3c98adf3f8-b9a8ccded19eaffe-01
User-Agent: selenium/4.13.0 (java windows)
Content-Length: 47374
Content-Type: application/json; charset=utf-8
host: localhost:4444
accept: */*

Response DefaultHttpResponse(decodeResult: success, version: HTTP/1.1)
HTTP/1.1 200 OK
content-length: 20
content-type: application/json; charset=utf-8
cache-control: no-cache

17:49:32.814 [AsyncHttpClient-1-2] DEBUG org.asynchttpclient.netty.channel.ChannelManager -- Adding key: http://localhost:4444 for channel [id: 0x020b4601, L:/127.0.0.1:63420 - R:localhost/127.0.0.1:4444]
17:49:32.815 [Forwarding getElementAttribute on session 7ba8ff3bf30367aad55a4e3910d5e455 to remote] DEBUG org.asynchttpclient.netty.request.NettyRequestSender -- Using pooled Channel '[id: 0x020b4601, L:/127.0.0.1:63420 - R:localhost/127.0.0.1:4444]' for 'POST' to 'http://localhost:4444/wd/hub/session/7ba8ff3bf30367aad55a4e3910d5e455/execute/sync'
17:49:32.815 [Forwarding getElementAttribute on session 7ba8ff3bf30367aad55a4e3910d5e455 to remote] DEBUG org.asynchttpclient.netty.request.NettyRequestSender -- Using open Channel [id: 0x020b4601, L:/127.0.0.1:63420 - R:localhost/127.0.0.1:4444] for POST '/wd/hub/session/7ba8ff3bf30367aad55a4e3910d5e455/execute/sync'
17:49:32.839 [AsyncHttpClient-1-2] DEBUG org.asynchttpclient.netty.handler.HttpHandler -- 

Request DefaultHttpRequest(decodeResult: success, version: HTTP/1.1)
POST /wd/hub/session/7ba8ff3bf30367aad55a4e3910d5e455/execute/sync HTTP/1.1
traceparent: 00-90783d8a1dedac4a6c9a3f7c78172a27-0a23c67c1ffea62d-01
User-Agent: selenium/4.13.0 (java windows)
Content-Length: 47379
Content-Type: application/json; charset=utf-8
host: localhost:4444
accept: */*

Response DefaultHttpResponse(decodeResult: success, version: HTTP/1.1)
HTTP/1.1 200 OK
content-length: 20
content-type: application/json; charset=utf-8
cache-control: no-cache

17:49:32.839 [AsyncHttpClient-1-2] DEBUG org.asynchttpclient.netty.channel.ChannelManager -- Adding key: http://localhost:4444 for channel [id: 0x020b4601, L:/127.0.0.1:63420 - R:localhost/127.0.0.1:4444]
17:49:32.841 [Forwarding getElementAttribute on session 7ba8ff3bf30367aad55a4e3910d5e455 to remote] DEBUG org.asynchttpclient.netty.request.NettyRequestSender -- Using pooled Channel '[id: 0x020b4601, L:/127.0.0.1:63420 - R:localhost/127.0.0.1:4444]' for 'POST' to 'http://localhost:4444/wd/hub/session/7ba8ff3bf30367aad55a4e3910d5e455/execute/sync'
17:49:32.842 [Forwarding getElementAttribute on session 7ba8ff3bf30367aad55a4e3910d5e455 to remote] DEBUG org.asynchttpclient.netty.request.NettyRequestSender -- Using open Channel [id: 0x020b4601, L:/127.0.0.1:63420 - R:localhost/127.0.0.1:4444] for POST '/wd/hub/session/7ba8ff3bf30367aad55a4e3910d5e455/execute/sync'
17:49:32.864 [AsyncHttpClient-1-2] DEBUG org.asynchttpclient.netty.handler.HttpHandler -- 

Request DefaultHttpRequest(decodeResult: success, version: HTTP/1.1)
POST /wd/hub/session/7ba8ff3bf30367aad55a4e3910d5e455/execute/sync HTTP/1.1
traceparent: 00-3b0380f01808e54e7b8698d4a15ad7fd-908627c17fe988e6-01
User-Agent: selenium/4.13.0 (java windows)
Content-Length: 47372
Content-Type: application/json; charset=utf-8
host: localhost:4444
accept: */*

Response DefaultHttpResponse(decodeResult: success, version: HTTP/1.1)
HTTP/1.1 200 OK
content-length: 20
content-type: application/json; charset=utf-8
cache-control: no-cache

17:49:32.864 [AsyncHttpClient-1-2] DEBUG org.asynchttpclient.netty.channel.ChannelManager -- Adding key: http://localhost:4444 for channel [id: 0x020b4601, L:/127.0.0.1:63420 - R:localhost/127.0.0.1:4444]
17:49:32.867 [Forwarding getElementAttribute on session 7ba8ff3bf30367aad55a4e3910d5e455 to remote] DEBUG org.asynchttpclient.netty.request.NettyRequestSender -- Using pooled Channel '[id: 0x020b4601, L:/127.0.0.1:63420 - R:localhost/127.0.0.1:4444]' for 'POST' to 'http://localhost:4444/wd/hub/session/7ba8ff3bf30367aad55a4e3910d5e455/execute/sync'
17:49:32.867 [Forwarding getElementAttribute on session 7ba8ff3bf30367aad55a4e3910d5e455 to remote] DEBUG org.asynchttpclient.netty.request.NettyRequestSender -- Using open Channel [id: 0x020b4601, L:/127.0.0.1:63420 - R:localhost/127.0.0.1:4444] for POST '/wd/hub/session/7ba8ff3bf30367aad55a4e3910d5e455/execute/sync'
17:49:32.890 [AsyncHttpClient-1-2] DEBUG org.asynchttpclient.netty.handler.HttpHandler -- 

Request DefaultHttpRequest(decodeResult: success, version: HTTP/1.1)
POST /wd/hub/session/7ba8ff3bf30367aad55a4e3910d5e455/execute/sync HTTP/1.1
traceparent: 00-9564314660d685e2500a13ac311180a0-b3ae2a57d52b0df4-01
User-Agent: selenium/4.13.0 (java windows)
Content-Length: 47374
Content-Type: application/json; charset=utf-8
host: localhost:4444
accept: */*

Response DefaultHttpResponse(decodeResult: success, version: HTTP/1.1)
HTTP/1.1 200 OK
content-length: 20
content-type: application/json; charset=utf-8
cache-control: no-cache

17:49:32.891 [AsyncHttpClient-1-2] DEBUG org.asynchttpclient.netty.channel.ChannelManager -- Adding key: http://localhost:4444 for channel [id: 0x020b4601, L:/127.0.0.1:63420 - R:localhost/127.0.0.1:4444]
17:49:32.892 [Forwarding getElementAttribute on session 7ba8ff3bf30367aad55a4e3910d5e455 to remote] DEBUG org.asynchttpclient.netty.request.NettyRequestSender -- Using pooled Channel '[id: 0x020b4601, L:/127.0.0.1:63420 - R:localhost/127.0.0.1:4444]' for 'POST' to 'http://localhost:4444/wd/hub/session/7ba8ff3bf30367aad55a4e3910d5e455/execute/sync'
17:49:32.892 [Forwarding getElementAttribute on session 7ba8ff3bf30367aad55a4e3910d5e455 to remote] DEBUG org.asynchttpclient.netty.request.NettyRequestSender -- Using open Channel [id: 0x020b4601, L:/127.0.0.1:63420 - R:localhost/127.0.0.1:4444] for POST '/wd/hub/session/7ba8ff3bf30367aad55a4e3910d5e455/execute/sync'
17:49:32.919 [AsyncHttpClient-1-2] DEBUG org.asynchttpclient.netty.handler.HttpHandler -- 

Request DefaultHttpRequest(decodeResult: success, version: HTTP/1.1)
POST /wd/hub/session/7ba8ff3bf30367aad55a4e3910d5e455/execute/sync HTTP/1.1
traceparent: 00-1a65596586ec0d4cde0a6052723bbdc1-601698c4dffa84a7-01
User-Agent: selenium/4.13.0 (java windows)
Content-Length: 47381
Content-Type: application/json; charset=utf-8
host: localhost:4444
accept: */*

Response DefaultHttpResponse(decodeResult: success, version: HTTP/1.1)
HTTP/1.1 200 OK
content-length: 15
content-type: application/json; charset=utf-8
cache-control: no-cache

17:49:32.919 [AsyncHttpClient-1-2] DEBUG org.asynchttpclient.netty.channel.ChannelManager -- Adding key: http://localhost:4444 for channel [id: 0x020b4601, L:/127.0.0.1:63420 - R:localhost/127.0.0.1:4444]
17:49:32.922 [Forwarding getElementAttribute on session 7ba8ff3bf30367aad55a4e3910d5e455 to remote] DEBUG org.asynchttpclient.netty.request.NettyRequestSender -- Using pooled Channel '[id: 0x020b4601, L:/127.0.0.1:63420 - R:localhost/127.0.0.1:4444]' for 'POST' to 'http://localhost:4444/wd/hub/session/7ba8ff3bf30367aad55a4e3910d5e455/execute/sync'
17:49:32.922 [Forwarding getElementAttribute on session 7ba8ff3bf30367aad55a4e3910d5e455 to remote] DEBUG org.asynchttpclient.netty.request.NettyRequestSender -- Using open Channel [id: 0x020b4601, L:/127.0.0.1:63420 - R:localhost/127.0.0.1:4444] for POST '/wd/hub/session/7ba8ff3bf30367aad55a4e3910d5e455/execute/sync'
17:49:32.947 [AsyncHttpClient-1-2] DEBUG org.asynchttpclient.netty.handler.HttpHandler -- 

Request DefaultHttpRequest(decodeResult: success, version: HTTP/1.1)
POST /wd/hub/session/7ba8ff3bf30367aad55a4e3910d5e455/execute/sync HTTP/1.1
traceparent: 00-711d804e7ce91502368e6d9b0942993d-ef58cde19c9660eb-01
User-Agent: selenium/4.13.0 (java windows)
Content-Length: 47384
Content-Type: application/json; charset=utf-8
host: localhost:4444
accept: */*

Response DefaultHttpResponse(decodeResult: success, version: HTTP/1.1)
HTTP/1.1 200 OK
content-length: 16
content-type: application/json; charset=utf-8
cache-control: no-cache

17:49:32.947 [AsyncHttpClient-1-2] DEBUG org.asynchttpclient.netty.channel.ChannelManager -- Adding key: http://localhost:4444 for channel [id: 0x020b4601, L:/127.0.0.1:63420 - R:localhost/127.0.0.1:4444]
17:49:32.950 [Forwarding getElementAttribute on session 7ba8ff3bf30367aad55a4e3910d5e455 to remote] DEBUG org.asynchttpclient.netty.request.NettyRequestSender -- Using pooled Channel '[id: 0x020b4601, L:/127.0.0.1:63420 - R:localhost/127.0.0.1:4444]' for 'POST' to 'http://localhost:4444/wd/hub/session/7ba8ff3bf30367aad55a4e3910d5e455/execute/sync'
17:49:32.950 [Forwarding getElementAttribute on session 7ba8ff3bf30367aad55a4e3910d5e455 to remote] DEBUG org.asynchttpclient.netty.request.NettyRequestSender -- Using open Channel [id: 0x020b4601, L:/127.0.0.1:63420 - R:localhost/127.0.0.1:4444] for POST '/wd/hub/session/7ba8ff3bf30367aad55a4e3910d5e455/execute/sync'
17:49:32.977 [AsyncHttpClient-1-2] DEBUG org.asynchttpclient.netty.handler.HttpHandler -- 

Request DefaultHttpRequest(decodeResult: success, version: HTTP/1.1)
POST /wd/hub/session/7ba8ff3bf30367aad55a4e3910d5e455/execute/sync HTTP/1.1
traceparent: 00-cdc49a84b3adc0aa4d8bcdd06580ec3e-5c58b55f19aabdbb-01
User-Agent: selenium/4.13.0 (java windows)
Content-Length: 47375
Content-Type: application/json; charset=utf-8
host: localhost:4444
accept: */*

Response DefaultHttpResponse(decodeResult: success, version: HTTP/1.1)
HTTP/1.1 200 OK
content-length: 24
content-type: application/json; charset=utf-8
cache-control: no-cache

17:49:32.977 [AsyncHttpClient-1-2] DEBUG org.asynchttpclient.netty.channel.ChannelManager -- Adding key: http://localhost:4444 for channel [id: 0x020b4601, L:/127.0.0.1:63420 - R:localhost/127.0.0.1:4444]
17:49:32.978 [main] INFO helpers.LoggerHelper -- Testing password: secret_sauce
17:49:32.978 [Forwarding findElement on session 7ba8ff3bf30367aad55a4e3910d5e455 to remote] DEBUG org.asynchttpclient.netty.request.NettyRequestSender -- Using pooled Channel '[id: 0x020b4601, L:/127.0.0.1:63420 - R:localhost/127.0.0.1:4444]' for 'POST' to 'http://localhost:4444/wd/hub/session/7ba8ff3bf30367aad55a4e3910d5e455/element'
17:49:32.979 [Forwarding findElement on session 7ba8ff3bf30367aad55a4e3910d5e455 to remote] DEBUG org.asynchttpclient.netty.request.NettyRequestSender -- Using open Channel [id: 0x020b4601, L:/127.0.0.1:63420 - R:localhost/127.0.0.1:4444] for POST '/wd/hub/session/7ba8ff3bf30367aad55a4e3910d5e455/element'
17:49:33.001 [AsyncHttpClient-1-2] DEBUG org.asynchttpclient.netty.handler.HttpHandler -- 

Request DefaultHttpRequest(decodeResult: success, version: HTTP/1.1)
POST /wd/hub/session/7ba8ff3bf30367aad55a4e3910d5e455/element HTTP/1.1
traceparent: 00-bcccb0e8b0cd7abb4e89dec8bad2652f-83628101801a046d-01
User-Agent: selenium/4.13.0 (java windows)
Content-Length: 59
Content-Type: application/json; charset=utf-8
host: localhost:4444
accept: */*

Response DefaultHttpResponse(decodeResult: success, version: HTTP/1.1)
HTTP/1.1 200 OK
content-length: 95
content-type: application/json; charset=utf-8
cache-control: no-cache

17:49:33.001 [AsyncHttpClient-1-2] DEBUG org.asynchttpclient.netty.channel.ChannelManager -- Adding key: http://localhost:4444 for channel [id: 0x020b4601, L:/127.0.0.1:63420 - R:localhost/127.0.0.1:4444]
17:49:33.003 [Forwarding isElementDisplayed on session 7ba8ff3bf30367aad55a4e3910d5e455 to remote] DEBUG org.asynchttpclient.netty.request.NettyRequestSender -- Using pooled Channel '[id: 0x020b4601, L:/127.0.0.1:63420 - R:localhost/127.0.0.1:4444]' for 'POST' to 'http://localhost:4444/wd/hub/session/7ba8ff3bf30367aad55a4e3910d5e455/execute/sync'
17:49:33.003 [Forwarding isElementDisplayed on session 7ba8ff3bf30367aad55a4e3910d5e455 to remote] DEBUG org.asynchttpclient.netty.request.NettyRequestSender -- Using open Channel [id: 0x020b4601, L:/127.0.0.1:63420 - R:localhost/127.0.0.1:4444] for POST '/wd/hub/session/7ba8ff3bf30367aad55a4e3910d5e455/execute/sync'
17:49:33.028 [AsyncHttpClient-1-2] DEBUG org.asynchttpclient.netty.handler.HttpHandler -- 

Request DefaultHttpRequest(decodeResult: success, version: HTTP/1.1)
POST /wd/hub/session/7ba8ff3bf30367aad55a4e3910d5e455/execute/sync HTTP/1.1
traceparent: 00-7da6e61a0ecfc118e8eb788d342be4f3-4c98b43974070b1e-01
User-Agent: selenium/4.13.0 (java windows)
Content-Length: 48814
Content-Type: application/json; charset=utf-8
host: localhost:4444
accept: */*

Response DefaultHttpResponse(decodeResult: success, version: HTTP/1.1)
HTTP/1.1 200 OK
content-length: 14
content-type: application/json; charset=utf-8
cache-control: no-cache

17:49:33.029 [AsyncHttpClient-1-2] DEBUG org.asynchttpclient.netty.channel.ChannelManager -- Adding key: http://localhost:4444 for channel [id: 0x020b4601, L:/127.0.0.1:63420 - R:localhost/127.0.0.1:4444]
17:49:33.030 [Forwarding findElement on session 7ba8ff3bf30367aad55a4e3910d5e455 to remote] DEBUG org.asynchttpclient.netty.request.NettyRequestSender -- Using pooled Channel '[id: 0x020b4601, L:/127.0.0.1:63420 - R:localhost/127.0.0.1:4444]' for 'POST' to 'http://localhost:4444/wd/hub/session/7ba8ff3bf30367aad55a4e3910d5e455/element'
17:49:33.030 [Forwarding findElement on session 7ba8ff3bf30367aad55a4e3910d5e455 to remote] DEBUG org.asynchttpclient.netty.request.NettyRequestSender -- Using open Channel [id: 0x020b4601, L:/127.0.0.1:63420 - R:localhost/127.0.0.1:4444] for POST '/wd/hub/session/7ba8ff3bf30367aad55a4e3910d5e455/element'
17:49:33.053 [AsyncHttpClient-1-2] DEBUG org.asynchttpclient.netty.handler.HttpHandler -- 

Request DefaultHttpRequest(decodeResult: success, version: HTTP/1.1)
POST /wd/hub/session/7ba8ff3bf30367aad55a4e3910d5e455/element HTTP/1.1
traceparent: 00-04cfb652d93bece0fa8ed51610d5960b-a6fc9da0a26abe17-01
User-Agent: selenium/4.13.0 (java windows)
Content-Length: 59
Content-Type: application/json; charset=utf-8
host: localhost:4444
accept: */*

Response DefaultHttpResponse(decodeResult: success, version: HTTP/1.1)
HTTP/1.1 200 OK
content-length: 95
content-type: application/json; charset=utf-8
cache-control: no-cache

17:49:33.054 [AsyncHttpClient-1-2] DEBUG org.asynchttpclient.netty.channel.ChannelManager -- Adding key: http://localhost:4444 for channel [id: 0x020b4601, L:/127.0.0.1:63420 - R:localhost/127.0.0.1:4444]
17:49:33.056 [Forwarding getElementAttribute on session 7ba8ff3bf30367aad55a4e3910d5e455 to remote] DEBUG org.asynchttpclient.netty.request.NettyRequestSender -- Using pooled Channel '[id: 0x020b4601, L:/127.0.0.1:63420 - R:localhost/127.0.0.1:4444]' for 'POST' to 'http://localhost:4444/wd/hub/session/7ba8ff3bf30367aad55a4e3910d5e455/execute/sync'
17:49:33.056 [Forwarding getElementAttribute on session 7ba8ff3bf30367aad55a4e3910d5e455 to remote] DEBUG org.asynchttpclient.netty.request.NettyRequestSender -- Using open Channel [id: 0x020b4601, L:/127.0.0.1:63420 - R:localhost/127.0.0.1:4444] for POST '/wd/hub/session/7ba8ff3bf30367aad55a4e3910d5e455/execute/sync'
17:49:33.082 [AsyncHttpClient-1-2] DEBUG org.asynchttpclient.netty.handler.HttpHandler -- 

Request DefaultHttpRequest(decodeResult: success, version: HTTP/1.1)
POST /wd/hub/session/7ba8ff3bf30367aad55a4e3910d5e455/execute/sync HTTP/1.1
traceparent: 00-a999450ef7c68d80039d38294ea7f916-07755e94c31a9439-01
User-Agent: selenium/4.13.0 (java windows)
Content-Length: 47379
Content-Type: application/json; charset=utf-8
host: localhost:4444
accept: */*

Response DefaultHttpResponse(decodeResult: success, version: HTTP/1.1)
HTTP/1.1 200 OK
content-length: 160
content-type: application/json; charset=utf-8
cache-control: no-cache

17:49:33.082 [AsyncHttpClient-1-2] DEBUG org.asynchttpclient.netty.channel.ChannelManager -- Adding key: http://localhost:4444 for channel [id: 0x020b4601, L:/127.0.0.1:63420 - R:localhost/127.0.0.1:4444]
17:49:33.084 [Forwarding getElementAttribute on session 7ba8ff3bf30367aad55a4e3910d5e455 to remote] DEBUG org.asynchttpclient.netty.request.NettyRequestSender -- Using pooled Channel '[id: 0x020b4601, L:/127.0.0.1:63420 - R:localhost/127.0.0.1:4444]' for 'POST' to 'http://localhost:4444/wd/hub/session/7ba8ff3bf30367aad55a4e3910d5e455/execute/sync'
17:49:33.084 [Forwarding getElementAttribute on session 7ba8ff3bf30367aad55a4e3910d5e455 to remote] DEBUG org.asynchttpclient.netty.request.NettyRequestSender -- Using open Channel [id: 0x020b4601, L:/127.0.0.1:63420 - R:localhost/127.0.0.1:4444] for POST '/wd/hub/session/7ba8ff3bf30367aad55a4e3910d5e455/execute/sync'
17:49:33.108 [AsyncHttpClient-1-2] DEBUG org.asynchttpclient.netty.handler.HttpHandler -- 

Request DefaultHttpRequest(decodeResult: success, version: HTTP/1.1)
POST /wd/hub/session/7ba8ff3bf30367aad55a4e3910d5e455/execute/sync HTTP/1.1
traceparent: 00-09a165c8b67bc99b43a0b6f64aa8b43a-b492ff815088ccdd-01
User-Agent: selenium/4.13.0 (java windows)
Content-Length: 47374
Content-Type: application/json; charset=utf-8
host: localhost:4444
accept: */*

Response DefaultHttpResponse(decodeResult: success, version: HTTP/1.1)
HTTP/1.1 200 OK
content-length: 18
content-type: application/json; charset=utf-8
cache-control: no-cache

17:49:33.108 [AsyncHttpClient-1-2] DEBUG org.asynchttpclient.netty.channel.ChannelManager -- Adding key: http://localhost:4444 for channel [id: 0x020b4601, L:/127.0.0.1:63420 - R:localhost/127.0.0.1:4444]
17:49:33.110 [Forwarding getElementAttribute on session 7ba8ff3bf30367aad55a4e3910d5e455 to remote] DEBUG org.asynchttpclient.netty.request.NettyRequestSender -- Using pooled Channel '[id: 0x020b4601, L:/127.0.0.1:63420 - R:localhost/127.0.0.1:4444]' for 'POST' to 'http://localhost:4444/wd/hub/session/7ba8ff3bf30367aad55a4e3910d5e455/execute/sync'
17:49:33.110 [Forwarding getElementAttribute on session 7ba8ff3bf30367aad55a4e3910d5e455 to remote] DEBUG org.asynchttpclient.netty.request.NettyRequestSender -- Using open Channel [id: 0x020b4601, L:/127.0.0.1:63420 - R:localhost/127.0.0.1:4444] for POST '/wd/hub/session/7ba8ff3bf30367aad55a4e3910d5e455/execute/sync'
17:49:33.134 [AsyncHttpClient-1-2] DEBUG org.asynchttpclient.netty.handler.HttpHandler -- 

Request DefaultHttpRequest(decodeResult: success, version: HTTP/1.1)
POST /wd/hub/session/7ba8ff3bf30367aad55a4e3910d5e455/execute/sync HTTP/1.1
traceparent: 00-17923ce6285ff6922be2ee9e2d8f918b-9107a0c4a8465cd7-01
User-Agent: selenium/4.13.0 (java windows)
Content-Length: 47375
Content-Type: application/json; charset=utf-8
host: localhost:4444
accept: */*

Response DefaultHttpResponse(decodeResult: success, version: HTTP/1.1)
HTTP/1.1 200 OK
content-length: 36
content-type: application/json; charset=utf-8
cache-control: no-cache

17:49:33.134 [AsyncHttpClient-1-2] DEBUG org.asynchttpclient.netty.channel.ChannelManager -- Adding key: http://localhost:4444 for channel [id: 0x020b4601, L:/127.0.0.1:63420 - R:localhost/127.0.0.1:4444]
17:49:33.136 [Forwarding getElementAttribute on session 7ba8ff3bf30367aad55a4e3910d5e455 to remote] DEBUG org.asynchttpclient.netty.request.NettyRequestSender -- Using pooled Channel '[id: 0x020b4601, L:/127.0.0.1:63420 - R:localhost/127.0.0.1:4444]' for 'POST' to 'http://localhost:4444/wd/hub/session/7ba8ff3bf30367aad55a4e3910d5e455/execute/sync'
17:49:33.137 [Forwarding getElementAttribute on session 7ba8ff3bf30367aad55a4e3910d5e455 to remote] DEBUG org.asynchttpclient.netty.request.NettyRequestSender -- Using open Channel [id: 0x020b4601, L:/127.0.0.1:63420 - R:localhost/127.0.0.1:4444] for POST '/wd/hub/session/7ba8ff3bf30367aad55a4e3910d5e455/execute/sync'
17:49:33.161 [AsyncHttpClient-1-2] DEBUG org.asynchttpclient.netty.handler.HttpHandler -- 

Request DefaultHttpRequest(decodeResult: success, version: HTTP/1.1)
POST /wd/hub/session/7ba8ff3bf30367aad55a4e3910d5e455/execute/sync HTTP/1.1
traceparent: 00-a06c54514ea501e4bfe0b29570a9cb0e-edf2db977d9d5e1b-01
User-Agent: selenium/4.13.0 (java windows)
Content-Length: 47379
Content-Type: application/json; charset=utf-8
host: localhost:4444
accept: */*

Response DefaultHttpResponse(decodeResult: success, version: HTTP/1.1)
HTTP/1.1 200 OK
content-length: 24
content-type: application/json; charset=utf-8
cache-control: no-cache

17:49:33.162 [AsyncHttpClient-1-2] DEBUG org.asynchttpclient.netty.channel.ChannelManager -- Adding key: http://localhost:4444 for channel [id: 0x020b4601, L:/127.0.0.1:63420 - R:localhost/127.0.0.1:4444]
17:49:33.165 [Forwarding getElementAttribute on session 7ba8ff3bf30367aad55a4e3910d5e455 to remote] DEBUG org.asynchttpclient.netty.request.NettyRequestSender -- Using pooled Channel '[id: 0x020b4601, L:/127.0.0.1:63420 - R:localhost/127.0.0.1:4444]' for 'POST' to 'http://localhost:4444/wd/hub/session/7ba8ff3bf30367aad55a4e3910d5e455/execute/sync'
17:49:33.165 [Forwarding getElementAttribute on session 7ba8ff3bf30367aad55a4e3910d5e455 to remote] DEBUG org.asynchttpclient.netty.request.NettyRequestSender -- Using open Channel [id: 0x020b4601, L:/127.0.0.1:63420 - R:localhost/127.0.0.1:4444] for POST '/wd/hub/session/7ba8ff3bf30367aad55a4e3910d5e455/execute/sync'
17:49:33.189 [AsyncHttpClient-1-2] DEBUG org.asynchttpclient.netty.handler.HttpHandler -- 

Request DefaultHttpRequest(decodeResult: success, version: HTTP/1.1)
POST /wd/hub/session/7ba8ff3bf30367aad55a4e3910d5e455/execute/sync HTTP/1.1
traceparent: 00-2f2a00dc43bbb711b0e13737e027b55a-f416588a837b1d6e-01
User-Agent: selenium/4.13.0 (java windows)
Content-Length: 47372
Content-Type: application/json; charset=utf-8
host: localhost:4444
accept: */*

Response DefaultHttpResponse(decodeResult: success, version: HTTP/1.1)
HTTP/1.1 200 OK
content-length: 24
content-type: application/json; charset=utf-8
cache-control: no-cache

17:49:33.190 [AsyncHttpClient-1-2] DEBUG org.asynchttpclient.netty.channel.ChannelManager -- Adding key: http://localhost:4444 for channel [id: 0x020b4601, L:/127.0.0.1:63420 - R:localhost/127.0.0.1:4444]
17:49:33.192 [Forwarding getElementAttribute on session 7ba8ff3bf30367aad55a4e3910d5e455 to remote] DEBUG org.asynchttpclient.netty.request.NettyRequestSender -- Using pooled Channel '[id: 0x020b4601, L:/127.0.0.1:63420 - R:localhost/127.0.0.1:4444]' for 'POST' to 'http://localhost:4444/wd/hub/session/7ba8ff3bf30367aad55a4e3910d5e455/execute/sync'
17:49:33.193 [Forwarding getElementAttribute on session 7ba8ff3bf30367aad55a4e3910d5e455 to remote] DEBUG org.asynchttpclient.netty.request.NettyRequestSender -- Using open Channel [id: 0x020b4601, L:/127.0.0.1:63420 - R:localhost/127.0.0.1:4444] for POST '/wd/hub/session/7ba8ff3bf30367aad55a4e3910d5e455/execute/sync'
17:49:33.214 [AsyncHttpClient-1-2] DEBUG org.asynchttpclient.netty.handler.HttpHandler -- 

Request DefaultHttpRequest(decodeResult: success, version: HTTP/1.1)
POST /wd/hub/session/7ba8ff3bf30367aad55a4e3910d5e455/execute/sync HTTP/1.1
traceparent: 00-3878bc9ca453cf34c97d6cb3e24c26ca-6687e0ae410f4369-01
User-Agent: selenium/4.13.0 (java windows)
Content-Length: 47374
Content-Type: application/json; charset=utf-8
host: localhost:4444
accept: */*

Response DefaultHttpResponse(decodeResult: success, version: HTTP/1.1)
HTTP/1.1 200 OK
content-length: 24
content-type: application/json; charset=utf-8
cache-control: no-cache

17:49:33.214 [AsyncHttpClient-1-2] DEBUG org.asynchttpclient.netty.channel.ChannelManager -- Adding key: http://localhost:4444 for channel [id: 0x020b4601, L:/127.0.0.1:63420 - R:localhost/127.0.0.1:4444]
17:49:33.216 [Forwarding getElementAttribute on session 7ba8ff3bf30367aad55a4e3910d5e455 to remote] DEBUG org.asynchttpclient.netty.request.NettyRequestSender -- Using pooled Channel '[id: 0x020b4601, L:/127.0.0.1:63420 - R:localhost/127.0.0.1:4444]' for 'POST' to 'http://localhost:4444/wd/hub/session/7ba8ff3bf30367aad55a4e3910d5e455/execute/sync'
17:49:33.217 [Forwarding getElementAttribute on session 7ba8ff3bf30367aad55a4e3910d5e455 to remote] DEBUG org.asynchttpclient.netty.request.NettyRequestSender -- Using open Channel [id: 0x020b4601, L:/127.0.0.1:63420 - R:localhost/127.0.0.1:4444] for POST '/wd/hub/session/7ba8ff3bf30367aad55a4e3910d5e455/execute/sync'
17:49:33.237 [AsyncHttpClient-1-2] DEBUG org.asynchttpclient.netty.handler.HttpHandler -- 

Request DefaultHttpRequest(decodeResult: success, version: HTTP/1.1)
POST /wd/hub/session/7ba8ff3bf30367aad55a4e3910d5e455/execute/sync HTTP/1.1
traceparent: 00-4455833dbc38a27dfa4d12a804270acf-d92b10e892b37886-01
User-Agent: selenium/4.13.0 (java windows)
Content-Length: 47375
Content-Type: application/json; charset=utf-8
host: localhost:4444
accept: */*

Response DefaultHttpResponse(decodeResult: success, version: HTTP/1.1)
HTTP/1.1 200 OK
content-length: 17
content-type: application/json; charset=utf-8
cache-control: no-cache

17:49:33.237 [AsyncHttpClient-1-2] DEBUG org.asynchttpclient.netty.channel.ChannelManager -- Adding key: http://localhost:4444 for channel [id: 0x020b4601, L:/127.0.0.1:63420 - R:localhost/127.0.0.1:4444]
17:49:33.239 [Forwarding findElement on session 7ba8ff3bf30367aad55a4e3910d5e455 to remote] DEBUG org.asynchttpclient.netty.request.NettyRequestSender -- Using pooled Channel '[id: 0x020b4601, L:/127.0.0.1:63420 - R:localhost/127.0.0.1:4444]' for 'POST' to 'http://localhost:4444/wd/hub/session/7ba8ff3bf30367aad55a4e3910d5e455/element'
17:49:33.239 [Forwarding findElement on session 7ba8ff3bf30367aad55a4e3910d5e455 to remote] DEBUG org.asynchttpclient.netty.request.NettyRequestSender -- Using open Channel [id: 0x020b4601, L:/127.0.0.1:63420 - R:localhost/127.0.0.1:4444] for POST '/wd/hub/session/7ba8ff3bf30367aad55a4e3910d5e455/element'
17:49:33.261 [AsyncHttpClient-1-2] DEBUG org.asynchttpclient.netty.handler.HttpHandler -- 

Request DefaultHttpRequest(decodeResult: success, version: HTTP/1.1)
POST /wd/hub/session/7ba8ff3bf30367aad55a4e3910d5e455/element HTTP/1.1
traceparent: 00-7027950a951cf6c5e502ecc947917ab1-9134c7dc6a87d3ef-01
User-Agent: selenium/4.13.0 (java windows)
Content-Length: 59
Content-Type: application/json; charset=utf-8
host: localhost:4444
accept: */*

Response DefaultHttpResponse(decodeResult: success, version: HTTP/1.1)
HTTP/1.1 200 OK
content-length: 95
content-type: application/json; charset=utf-8
cache-control: no-cache

17:49:33.261 [AsyncHttpClient-1-2] DEBUG org.asynchttpclient.netty.channel.ChannelManager -- Adding key: http://localhost:4444 for channel [id: 0x020b4601, L:/127.0.0.1:63420 - R:localhost/127.0.0.1:4444]
17:49:33.262 [Forwarding clickElement on session 7ba8ff3bf30367aad55a4e3910d5e455 to remote] DEBUG org.asynchttpclient.netty.request.NettyRequestSender -- Using pooled Channel '[id: 0x020b4601, L:/127.0.0.1:63420 - R:localhost/127.0.0.1:4444]' for 'POST' to 'http://localhost:4444/wd/hub/session/7ba8ff3bf30367aad55a4e3910d5e455/element/1ED44D47EAC6CCFE9121F5BBDF635490_element_91/click'
17:49:33.262 [Forwarding clickElement on session 7ba8ff3bf30367aad55a4e3910d5e455 to remote] DEBUG org.asynchttpclient.netty.request.NettyRequestSender -- Using open Channel [id: 0x020b4601, L:/127.0.0.1:63420 - R:localhost/127.0.0.1:4444] for POST '/wd/hub/session/7ba8ff3bf30367aad55a4e3910d5e455/element/1ED44D47EAC6CCFE9121F5BBDF635490_element_91/click'
17:49:33.377 [AsyncHttpClient-1-2] DEBUG org.asynchttpclient.netty.handler.HttpHandler -- 

Request DefaultHttpRequest(decodeResult: success, version: HTTP/1.1)
POST /wd/hub/session/7ba8ff3bf30367aad55a4e3910d5e455/element/1ED44D47EAC6CCFE9121F5BBDF635490_element_91/click HTTP/1.1
traceparent: 00-20ad3181741d08d6f28d6e903ada708b-0ac334627937ee32-01
User-Agent: selenium/4.13.0 (java windows)
Content-Length: 57
Content-Type: application/json; charset=utf-8
host: localhost:4444
accept: */*

Response DefaultHttpResponse(decodeResult: success, version: HTTP/1.1)
HTTP/1.1 200 OK
content-length: 14
content-type: application/json; charset=utf-8
cache-control: no-cache

17:49:33.377 [AsyncHttpClient-1-2] DEBUG org.asynchttpclient.netty.channel.ChannelManager -- Adding key: http://localhost:4444 for channel [id: 0x020b4601, L:/127.0.0.1:63420 - R:localhost/127.0.0.1:4444]
17:49:33.379 [main] INFO helpers.LoggerHelper -- @Test: readFromFileCSVLike has PASSED
17:49:33.379 [main] INFO helpers.LoggerHelper -- ######################################################################################
17:49:33.381 [Forwarding screenshot on session 7ba8ff3bf30367aad55a4e3910d5e455 to remote] DEBUG org.asynchttpclient.netty.request.NettyRequestSender -- Using pooled Channel '[id: 0x020b4601, L:/127.0.0.1:63420 - R:localhost/127.0.0.1:4444]' for 'GET' to 'http://localhost:4444/wd/hub/session/7ba8ff3bf30367aad55a4e3910d5e455/screenshot'
17:49:33.382 [Forwarding screenshot on session 7ba8ff3bf30367aad55a4e3910d5e455 to remote] DEBUG org.asynchttpclient.netty.request.NettyRequestSender -- Using open Channel [id: 0x020b4601, L:/127.0.0.1:63420 - R:localhost/127.0.0.1:4444] for GET '/wd/hub/session/7ba8ff3bf30367aad55a4e3910d5e455/screenshot'
17:49:33.826 [AsyncHttpClient-1-2] DEBUG org.asynchttpclient.netty.handler.HttpHandler -- 

Request DefaultFullHttpRequest(decodeResult: success, version: HTTP/1.1, content: EmptyByteBufBE)
GET /wd/hub/session/7ba8ff3bf30367aad55a4e3910d5e455/screenshot HTTP/1.1
Cache-Control: no-cache
traceparent: 00-90928ba372e3500dde1bcd7928a65908-2b49863a6037d4ab-01
User-Agent: selenium/4.13.0 (java windows)
Content-Type: application/json; charset=utf-8
host: localhost:4444
accept: */*

Response DefaultHttpResponse(decodeResult: success, version: HTTP/1.1)
HTTP/1.1 200 OK
content-length: 431932
content-type: application/json; charset=utf-8
cache-control: no-cache

17:49:33.840 [AsyncHttpClient-1-2] DEBUG org.asynchttpclient.netty.channel.ChannelManager -- Adding key: http://localhost:4444 for channel [id: 0x020b4601, L:/127.0.0.1:63420 - R:localhost/127.0.0.1:4444]
17:49:33.864 [main] INFO helpers.LoggerHelper -- Screenshot saved successfully.
]]></system-out>
  </testcase>
  <testcase name="readFromFileCSVLike[locked_out_user, secret_sauce](2)" classname="FrontEnd.SauceDemo.LoginWithDP" time="1.629">
    <system-out><![CDATA[17:49:33.865 [main] INFO helpers.LoggerHelper -- @Test: readFromFileCSVLike
17:49:33.865 [main] INFO helpers.LoggerHelper -- Description: Trying to read data from a CSV-like file
17:49:33.865 [main] INFO helpers.LoggerHelper -- ######################################################################################
17:49:33.868 [Forwarding get on session 7ba8ff3bf30367aad55a4e3910d5e455 to remote] DEBUG org.asynchttpclient.netty.request.NettyRequestSender -- Using pooled Channel '[id: 0x020b4601, L:/127.0.0.1:63420 - R:localhost/127.0.0.1:4444]' for 'POST' to 'http://localhost:4444/wd/hub/session/7ba8ff3bf30367aad55a4e3910d5e455/url'
17:49:33.868 [Forwarding get on session 7ba8ff3bf30367aad55a4e3910d5e455 to remote] DEBUG org.asynchttpclient.netty.request.NettyRequestSender -- Using open Channel [id: 0x020b4601, L:/127.0.0.1:63420 - R:localhost/127.0.0.1:4444] for POST '/wd/hub/session/7ba8ff3bf30367aad55a4e3910d5e455/url'
17:49:33.971 [AsyncHttpClient-1-2] DEBUG org.asynchttpclient.netty.handler.HttpHandler -- 

Request DefaultHttpRequest(decodeResult: success, version: HTTP/1.1)
POST /wd/hub/session/7ba8ff3bf30367aad55a4e3910d5e455/url HTTP/1.1
traceparent: 00-81c2cd94af3abb33c0f9ed1691316da1-3d20788d59bff057-01
User-Agent: selenium/4.13.0 (java windows)
Content-Length: 43
Content-Type: application/json; charset=utf-8
host: localhost:4444
accept: */*

Response DefaultHttpResponse(decodeResult: success, version: HTTP/1.1)
HTTP/1.1 200 OK
content-length: 14
content-type: application/json; charset=utf-8
cache-control: no-cache

17:49:33.972 [AsyncHttpClient-1-2] DEBUG org.asynchttpclient.netty.channel.ChannelManager -- Adding key: http://localhost:4444 for channel [id: 0x020b4601, L:/127.0.0.1:63420 - R:localhost/127.0.0.1:4444]
17:49:33.974 [Forwarding findElement on session 7ba8ff3bf30367aad55a4e3910d5e455 to remote] DEBUG org.asynchttpclient.netty.request.NettyRequestSender -- Using pooled Channel '[id: 0x020b4601, L:/127.0.0.1:63420 - R:localhost/127.0.0.1:4444]' for 'POST' to 'http://localhost:4444/wd/hub/session/7ba8ff3bf30367aad55a4e3910d5e455/element'
17:49:33.974 [Forwarding findElement on session 7ba8ff3bf30367aad55a4e3910d5e455 to remote] DEBUG org.asynchttpclient.netty.request.NettyRequestSender -- Using open Channel [id: 0x020b4601, L:/127.0.0.1:63420 - R:localhost/127.0.0.1:4444] for POST '/wd/hub/session/7ba8ff3bf30367aad55a4e3910d5e455/element'
17:49:33.996 [AsyncHttpClient-1-2] DEBUG org.asynchttpclient.netty.handler.HttpHandler -- 

Request DefaultHttpRequest(decodeResult: success, version: HTTP/1.1)
POST /wd/hub/session/7ba8ff3bf30367aad55a4e3910d5e455/element HTTP/1.1
traceparent: 00-83dbca24447be1e7bb7504b37c4b0d3d-31d9171e0473591c-01
User-Agent: selenium/4.13.0 (java windows)
Content-Length: 56
Content-Type: application/json; charset=utf-8
host: localhost:4444
accept: */*

Response DefaultHttpResponse(decodeResult: success, version: HTTP/1.1)
HTTP/1.1 200 OK
content-length: 95
content-type: application/json; charset=utf-8
cache-control: no-cache

17:49:33.997 [AsyncHttpClient-1-2] DEBUG org.asynchttpclient.netty.channel.ChannelManager -- Adding key: http://localhost:4444 for channel [id: 0x020b4601, L:/127.0.0.1:63420 - R:localhost/127.0.0.1:4444]
17:49:33.999 [Forwarding isElementDisplayed on session 7ba8ff3bf30367aad55a4e3910d5e455 to remote] DEBUG org.asynchttpclient.netty.request.NettyRequestSender -- Using pooled Channel '[id: 0x020b4601, L:/127.0.0.1:63420 - R:localhost/127.0.0.1:4444]' for 'POST' to 'http://localhost:4444/wd/hub/session/7ba8ff3bf30367aad55a4e3910d5e455/execute/sync'
17:49:33.999 [Forwarding isElementDisplayed on session 7ba8ff3bf30367aad55a4e3910d5e455 to remote] DEBUG org.asynchttpclient.netty.request.NettyRequestSender -- Using open Channel [id: 0x020b4601, L:/127.0.0.1:63420 - R:localhost/127.0.0.1:4444] for POST '/wd/hub/session/7ba8ff3bf30367aad55a4e3910d5e455/execute/sync'
17:49:34.026 [AsyncHttpClient-1-2] DEBUG org.asynchttpclient.netty.handler.HttpHandler -- 

Request DefaultHttpRequest(decodeResult: success, version: HTTP/1.1)
POST /wd/hub/session/7ba8ff3bf30367aad55a4e3910d5e455/execute/sync HTTP/1.1
traceparent: 00-43e35b50ed5529395341067888d5c062-ceee2408d42250e4-01
User-Agent: selenium/4.13.0 (java windows)
Content-Length: 48814
Content-Type: application/json; charset=utf-8
host: localhost:4444
accept: */*

Response DefaultHttpResponse(decodeResult: success, version: HTTP/1.1)
HTTP/1.1 200 OK
content-length: 14
content-type: application/json; charset=utf-8
cache-control: no-cache

17:49:34.026 [AsyncHttpClient-1-2] DEBUG org.asynchttpclient.netty.channel.ChannelManager -- Adding key: http://localhost:4444 for channel [id: 0x020b4601, L:/127.0.0.1:63420 - R:localhost/127.0.0.1:4444]
17:49:34.027 [Forwarding findElement on session 7ba8ff3bf30367aad55a4e3910d5e455 to remote] DEBUG org.asynchttpclient.netty.request.NettyRequestSender -- Using pooled Channel '[id: 0x020b4601, L:/127.0.0.1:63420 - R:localhost/127.0.0.1:4444]' for 'POST' to 'http://localhost:4444/wd/hub/session/7ba8ff3bf30367aad55a4e3910d5e455/element'
17:49:34.027 [Forwarding findElement on session 7ba8ff3bf30367aad55a4e3910d5e455 to remote] DEBUG org.asynchttpclient.netty.request.NettyRequestSender -- Using open Channel [id: 0x020b4601, L:/127.0.0.1:63420 - R:localhost/127.0.0.1:4444] for POST '/wd/hub/session/7ba8ff3bf30367aad55a4e3910d5e455/element'
17:49:34.053 [AsyncHttpClient-1-2] DEBUG org.asynchttpclient.netty.handler.HttpHandler -- 

Request DefaultHttpRequest(decodeResult: success, version: HTTP/1.1)
POST /wd/hub/session/7ba8ff3bf30367aad55a4e3910d5e455/element HTTP/1.1
traceparent: 00-96fc070f37a76d261776fb6032f84b43-caaf43df4cfd0f50-01
User-Agent: selenium/4.13.0 (java windows)
Content-Length: 56
Content-Type: application/json; charset=utf-8
host: localhost:4444
accept: */*

Response DefaultHttpResponse(decodeResult: success, version: HTTP/1.1)
HTTP/1.1 200 OK
content-length: 95
content-type: application/json; charset=utf-8
cache-control: no-cache

17:49:34.054 [AsyncHttpClient-1-2] DEBUG org.asynchttpclient.netty.channel.ChannelManager -- Adding key: http://localhost:4444 for channel [id: 0x020b4601, L:/127.0.0.1:63420 - R:localhost/127.0.0.1:4444]
17:49:34.056 [Forwarding sendKeysToElement on session 7ba8ff3bf30367aad55a4e3910d5e455 to remote] DEBUG org.asynchttpclient.netty.request.NettyRequestSender -- Using pooled Channel '[id: 0x020b4601, L:/127.0.0.1:63420 - R:localhost/127.0.0.1:4444]' for 'POST' to 'http://localhost:4444/wd/hub/session/7ba8ff3bf30367aad55a4e3910d5e455/element/D2A7C9CC4C052F7F1C82CEC56B7F14AF_element_99/value'
17:49:34.056 [Forwarding sendKeysToElement on session 7ba8ff3bf30367aad55a4e3910d5e455 to remote] DEBUG org.asynchttpclient.netty.request.NettyRequestSender -- Using open Channel [id: 0x020b4601, L:/127.0.0.1:63420 - R:localhost/127.0.0.1:4444] for POST '/wd/hub/session/7ba8ff3bf30367aad55a4e3910d5e455/element/D2A7C9CC4C052F7F1C82CEC56B7F14AF_element_99/value'
17:49:34.167 [AsyncHttpClient-1-2] DEBUG org.asynchttpclient.netty.handler.HttpHandler -- 

Request DefaultHttpRequest(decodeResult: success, version: HTTP/1.1)
POST /wd/hub/session/7ba8ff3bf30367aad55a4e3910d5e455/element/D2A7C9CC4C052F7F1C82CEC56B7F14AF_element_99/value HTTP/1.1
traceparent: 00-a0bd8496672f6d18afc6c3deebbf5e99-ffa8c164f4904ae6-01
User-Agent: selenium/4.13.0 (java windows)
Content-Length: 238
Content-Type: application/json; charset=utf-8
host: localhost:4444
accept: */*

Response DefaultHttpResponse(decodeResult: success, version: HTTP/1.1)
HTTP/1.1 200 OK
content-length: 14
content-type: application/json; charset=utf-8
cache-control: no-cache

17:49:34.167 [AsyncHttpClient-1-2] DEBUG org.asynchttpclient.netty.channel.ChannelManager -- Adding key: http://localhost:4444 for channel [id: 0x020b4601, L:/127.0.0.1:63420 - R:localhost/127.0.0.1:4444]
17:49:34.168 [Forwarding findElement on session 7ba8ff3bf30367aad55a4e3910d5e455 to remote] DEBUG org.asynchttpclient.netty.request.NettyRequestSender -- Using pooled Channel '[id: 0x020b4601, L:/127.0.0.1:63420 - R:localhost/127.0.0.1:4444]' for 'POST' to 'http://localhost:4444/wd/hub/session/7ba8ff3bf30367aad55a4e3910d5e455/element'
17:49:34.168 [Forwarding findElement on session 7ba8ff3bf30367aad55a4e3910d5e455 to remote] DEBUG org.asynchttpclient.netty.request.NettyRequestSender -- Using open Channel [id: 0x020b4601, L:/127.0.0.1:63420 - R:localhost/127.0.0.1:4444] for POST '/wd/hub/session/7ba8ff3bf30367aad55a4e3910d5e455/element'
17:49:34.191 [AsyncHttpClient-1-2] DEBUG org.asynchttpclient.netty.handler.HttpHandler -- 

Request DefaultHttpRequest(decodeResult: success, version: HTTP/1.1)
POST /wd/hub/session/7ba8ff3bf30367aad55a4e3910d5e455/element HTTP/1.1
traceparent: 00-1885e9a5844a38a44e9228fd5dda88f9-bb1cd847d6f551cd-01
User-Agent: selenium/4.13.0 (java windows)
Content-Length: 56
Content-Type: application/json; charset=utf-8
host: localhost:4444
accept: */*

Response DefaultHttpResponse(decodeResult: success, version: HTTP/1.1)
HTTP/1.1 200 OK
content-length: 95
content-type: application/json; charset=utf-8
cache-control: no-cache

17:49:34.191 [AsyncHttpClient-1-2] DEBUG org.asynchttpclient.netty.channel.ChannelManager -- Adding key: http://localhost:4444 for channel [id: 0x020b4601, L:/127.0.0.1:63420 - R:localhost/127.0.0.1:4444]
17:49:34.193 [Forwarding getElementAttribute on session 7ba8ff3bf30367aad55a4e3910d5e455 to remote] DEBUG org.asynchttpclient.netty.request.NettyRequestSender -- Using pooled Channel '[id: 0x020b4601, L:/127.0.0.1:63420 - R:localhost/127.0.0.1:4444]' for 'POST' to 'http://localhost:4444/wd/hub/session/7ba8ff3bf30367aad55a4e3910d5e455/execute/sync'
17:49:34.194 [Forwarding getElementAttribute on session 7ba8ff3bf30367aad55a4e3910d5e455 to remote] DEBUG org.asynchttpclient.netty.request.NettyRequestSender -- Using open Channel [id: 0x020b4601, L:/127.0.0.1:63420 - R:localhost/127.0.0.1:4444] for POST '/wd/hub/session/7ba8ff3bf30367aad55a4e3910d5e455/execute/sync'
17:49:34.219 [AsyncHttpClient-1-2] DEBUG org.asynchttpclient.netty.handler.HttpHandler -- 

Request DefaultHttpRequest(decodeResult: success, version: HTTP/1.1)
POST /wd/hub/session/7ba8ff3bf30367aad55a4e3910d5e455/execute/sync HTTP/1.1
traceparent: 00-2ef576260d05d7d4f94abfb3c4811dc0-04361e1f82a21ce6-01
User-Agent: selenium/4.13.0 (java windows)
Content-Length: 47379
Content-Type: application/json; charset=utf-8
host: localhost:4444
accept: */*

Response DefaultHttpResponse(decodeResult: success, version: HTTP/1.1)
HTTP/1.1 200 OK
content-length: 225
content-type: application/json; charset=utf-8
cache-control: no-cache

17:49:34.219 [AsyncHttpClient-1-2] DEBUG org.asynchttpclient.netty.channel.ChannelManager -- Adding key: http://localhost:4444 for channel [id: 0x020b4601, L:/127.0.0.1:63420 - R:localhost/127.0.0.1:4444]
17:49:34.221 [Forwarding getElementAttribute on session 7ba8ff3bf30367aad55a4e3910d5e455 to remote] DEBUG org.asynchttpclient.netty.request.NettyRequestSender -- Using pooled Channel '[id: 0x020b4601, L:/127.0.0.1:63420 - R:localhost/127.0.0.1:4444]' for 'POST' to 'http://localhost:4444/wd/hub/session/7ba8ff3bf30367aad55a4e3910d5e455/execute/sync'
17:49:34.221 [Forwarding getElementAttribute on session 7ba8ff3bf30367aad55a4e3910d5e455 to remote] DEBUG org.asynchttpclient.netty.request.NettyRequestSender -- Using open Channel [id: 0x020b4601, L:/127.0.0.1:63420 - R:localhost/127.0.0.1:4444] for POST '/wd/hub/session/7ba8ff3bf30367aad55a4e3910d5e455/execute/sync'
17:49:34.243 [AsyncHttpClient-1-2] DEBUG org.asynchttpclient.netty.handler.HttpHandler -- 

Request DefaultHttpRequest(decodeResult: success, version: HTTP/1.1)
POST /wd/hub/session/7ba8ff3bf30367aad55a4e3910d5e455/execute/sync HTTP/1.1
traceparent: 00-89fe94bb416599bfd71c739759fafe38-4cf3c4f85b3a5cf7-01
User-Agent: selenium/4.13.0 (java windows)
Content-Length: 47375
Content-Type: application/json; charset=utf-8
host: localhost:4444
accept: */*

Response DefaultHttpResponse(decodeResult: success, version: HTTP/1.1)
HTTP/1.1 200 OK
content-length: 34
content-type: application/json; charset=utf-8
cache-control: no-cache

17:49:34.243 [AsyncHttpClient-1-2] DEBUG org.asynchttpclient.netty.channel.ChannelManager -- Adding key: http://localhost:4444 for channel [id: 0x020b4601, L:/127.0.0.1:63420 - R:localhost/127.0.0.1:4444]
17:49:34.245 [Forwarding getElementAttribute on session 7ba8ff3bf30367aad55a4e3910d5e455 to remote] DEBUG org.asynchttpclient.netty.request.NettyRequestSender -- Using pooled Channel '[id: 0x020b4601, L:/127.0.0.1:63420 - R:localhost/127.0.0.1:4444]' for 'POST' to 'http://localhost:4444/wd/hub/session/7ba8ff3bf30367aad55a4e3910d5e455/execute/sync'
17:49:34.245 [Forwarding getElementAttribute on session 7ba8ff3bf30367aad55a4e3910d5e455 to remote] DEBUG org.asynchttpclient.netty.request.NettyRequestSender -- Using open Channel [id: 0x020b4601, L:/127.0.0.1:63420 - R:localhost/127.0.0.1:4444] for POST '/wd/hub/session/7ba8ff3bf30367aad55a4e3910d5e455/execute/sync'
17:49:34.281 [AsyncHttpClient-1-2] DEBUG org.asynchttpclient.netty.handler.HttpHandler -- 

Request DefaultHttpRequest(decodeResult: success, version: HTTP/1.1)
POST /wd/hub/session/7ba8ff3bf30367aad55a4e3910d5e455/execute/sync HTTP/1.1
traceparent: 00-3af422eeb989a6d2dc05e3913c355008-cbc498753b80cc9f-01
User-Agent: selenium/4.13.0 (java windows)
Content-Length: 47381
Content-Type: application/json; charset=utf-8
host: localhost:4444
accept: */*

Response DefaultHttpResponse(decodeResult: success, version: HTTP/1.1)
HTTP/1.1 200 OK
content-length: 20
content-type: application/json; charset=utf-8
cache-control: no-cache

17:49:34.281 [AsyncHttpClient-1-2] DEBUG org.asynchttpclient.netty.channel.ChannelManager -- Adding key: http://localhost:4444 for channel [id: 0x020b4601, L:/127.0.0.1:63420 - R:localhost/127.0.0.1:4444]
17:49:34.283 [Forwarding getElementAttribute on session 7ba8ff3bf30367aad55a4e3910d5e455 to remote] DEBUG org.asynchttpclient.netty.request.NettyRequestSender -- Using pooled Channel '[id: 0x020b4601, L:/127.0.0.1:63420 - R:localhost/127.0.0.1:4444]' for 'POST' to 'http://localhost:4444/wd/hub/session/7ba8ff3bf30367aad55a4e3910d5e455/execute/sync'
17:49:34.283 [Forwarding getElementAttribute on session 7ba8ff3bf30367aad55a4e3910d5e455 to remote] DEBUG org.asynchttpclient.netty.request.NettyRequestSender -- Using open Channel [id: 0x020b4601, L:/127.0.0.1:63420 - R:localhost/127.0.0.1:4444] for POST '/wd/hub/session/7ba8ff3bf30367aad55a4e3910d5e455/execute/sync'
17:49:34.313 [AsyncHttpClient-1-2] DEBUG org.asynchttpclient.netty.handler.HttpHandler -- 

Request DefaultHttpRequest(decodeResult: success, version: HTTP/1.1)
POST /wd/hub/session/7ba8ff3bf30367aad55a4e3910d5e455/execute/sync HTTP/1.1
traceparent: 00-94e97b0ed0e9a5686637f895538831e4-a521cbe2d657060d-01
User-Agent: selenium/4.13.0 (java windows)
Content-Length: 47374
Content-Type: application/json; charset=utf-8
host: localhost:4444
accept: */*

Response DefaultHttpResponse(decodeResult: success, version: HTTP/1.1)
HTTP/1.1 200 OK
content-length: 16
content-type: application/json; charset=utf-8
cache-control: no-cache

17:49:34.313 [AsyncHttpClient-1-2] DEBUG org.asynchttpclient.netty.channel.ChannelManager -- Adding key: http://localhost:4444 for channel [id: 0x020b4601, L:/127.0.0.1:63420 - R:localhost/127.0.0.1:4444]
17:49:34.316 [Forwarding getElementAttribute on session 7ba8ff3bf30367aad55a4e3910d5e455 to remote] DEBUG org.asynchttpclient.netty.request.NettyRequestSender -- Using pooled Channel '[id: 0x020b4601, L:/127.0.0.1:63420 - R:localhost/127.0.0.1:4444]' for 'POST' to 'http://localhost:4444/wd/hub/session/7ba8ff3bf30367aad55a4e3910d5e455/execute/sync'
17:49:34.316 [Forwarding getElementAttribute on session 7ba8ff3bf30367aad55a4e3910d5e455 to remote] DEBUG org.asynchttpclient.netty.request.NettyRequestSender -- Using open Channel [id: 0x020b4601, L:/127.0.0.1:63420 - R:localhost/127.0.0.1:4444] for POST '/wd/hub/session/7ba8ff3bf30367aad55a4e3910d5e455/execute/sync'
17:49:34.350 [AsyncHttpClient-1-2] DEBUG org.asynchttpclient.netty.handler.HttpHandler -- 

Request DefaultHttpRequest(decodeResult: success, version: HTTP/1.1)
POST /wd/hub/session/7ba8ff3bf30367aad55a4e3910d5e455/execute/sync HTTP/1.1
traceparent: 00-9660ec0c7ee936b6d88ca1b368ed6e49-d799e2e8407ae19e-01
User-Agent: selenium/4.13.0 (java windows)
Content-Length: 47379
Content-Type: application/json; charset=utf-8
host: localhost:4444
accept: */*

Response DefaultHttpResponse(decodeResult: success, version: HTTP/1.1)
HTTP/1.1 200 OK
content-length: 20
content-type: application/json; charset=utf-8
cache-control: no-cache

17:49:34.350 [AsyncHttpClient-1-2] DEBUG org.asynchttpclient.netty.channel.ChannelManager -- Adding key: http://localhost:4444 for channel [id: 0x020b4601, L:/127.0.0.1:63420 - R:localhost/127.0.0.1:4444]
17:49:34.353 [Forwarding getElementAttribute on session 7ba8ff3bf30367aad55a4e3910d5e455 to remote] DEBUG org.asynchttpclient.netty.request.NettyRequestSender -- Using pooled Channel '[id: 0x020b4601, L:/127.0.0.1:63420 - R:localhost/127.0.0.1:4444]' for 'POST' to 'http://localhost:4444/wd/hub/session/7ba8ff3bf30367aad55a4e3910d5e455/execute/sync'
17:49:34.353 [Forwarding getElementAttribute on session 7ba8ff3bf30367aad55a4e3910d5e455 to remote] DEBUG org.asynchttpclient.netty.request.NettyRequestSender -- Using open Channel [id: 0x020b4601, L:/127.0.0.1:63420 - R:localhost/127.0.0.1:4444] for POST '/wd/hub/session/7ba8ff3bf30367aad55a4e3910d5e455/execute/sync'
17:49:34.381 [AsyncHttpClient-1-2] DEBUG org.asynchttpclient.netty.handler.HttpHandler -- 

Request DefaultHttpRequest(decodeResult: success, version: HTTP/1.1)
POST /wd/hub/session/7ba8ff3bf30367aad55a4e3910d5e455/execute/sync HTTP/1.1
traceparent: 00-90bbdc67b03c9155af2df7f3806d9e58-4cf3fcf7a8d2199f-01
User-Agent: selenium/4.13.0 (java windows)
Content-Length: 47372
Content-Type: application/json; charset=utf-8
host: localhost:4444
accept: */*

Response DefaultHttpResponse(decodeResult: success, version: HTTP/1.1)
HTTP/1.1 200 OK
content-length: 21
content-type: application/json; charset=utf-8
cache-control: no-cache

17:49:34.382 [AsyncHttpClient-1-2] DEBUG org.asynchttpclient.netty.channel.ChannelManager -- Adding key: http://localhost:4444 for channel [id: 0x020b4601, L:/127.0.0.1:63420 - R:localhost/127.0.0.1:4444]
17:49:34.383 [Forwarding getElementAttribute on session 7ba8ff3bf30367aad55a4e3910d5e455 to remote] DEBUG org.asynchttpclient.netty.request.NettyRequestSender -- Using pooled Channel '[id: 0x020b4601, L:/127.0.0.1:63420 - R:localhost/127.0.0.1:4444]' for 'POST' to 'http://localhost:4444/wd/hub/session/7ba8ff3bf30367aad55a4e3910d5e455/execute/sync'
17:49:34.383 [Forwarding getElementAttribute on session 7ba8ff3bf30367aad55a4e3910d5e455 to remote] DEBUG org.asynchttpclient.netty.request.NettyRequestSender -- Using open Channel [id: 0x020b4601, L:/127.0.0.1:63420 - R:localhost/127.0.0.1:4444] for POST '/wd/hub/session/7ba8ff3bf30367aad55a4e3910d5e455/execute/sync'
17:49:34.410 [AsyncHttpClient-1-2] DEBUG org.asynchttpclient.netty.handler.HttpHandler -- 

Request DefaultHttpRequest(decodeResult: success, version: HTTP/1.1)
POST /wd/hub/session/7ba8ff3bf30367aad55a4e3910d5e455/execute/sync HTTP/1.1
traceparent: 00-d7c52acfcaaea5d6aaac87eb36829efa-a11d1527e0c5e13b-01
User-Agent: selenium/4.13.0 (java windows)
Content-Length: 47374
Content-Type: application/json; charset=utf-8
host: localhost:4444
accept: */*

Response DefaultHttpResponse(decodeResult: success, version: HTTP/1.1)
HTTP/1.1 200 OK
content-length: 21
content-type: application/json; charset=utf-8
cache-control: no-cache

17:49:34.411 [AsyncHttpClient-1-2] DEBUG org.asynchttpclient.netty.channel.ChannelManager -- Adding key: http://localhost:4444 for channel [id: 0x020b4601, L:/127.0.0.1:63420 - R:localhost/127.0.0.1:4444]
17:49:34.413 [Forwarding getElementAttribute on session 7ba8ff3bf30367aad55a4e3910d5e455 to remote] DEBUG org.asynchttpclient.netty.request.NettyRequestSender -- Using pooled Channel '[id: 0x020b4601, L:/127.0.0.1:63420 - R:localhost/127.0.0.1:4444]' for 'POST' to 'http://localhost:4444/wd/hub/session/7ba8ff3bf30367aad55a4e3910d5e455/execute/sync'
17:49:34.413 [Forwarding getElementAttribute on session 7ba8ff3bf30367aad55a4e3910d5e455 to remote] DEBUG org.asynchttpclient.netty.request.NettyRequestSender -- Using open Channel [id: 0x020b4601, L:/127.0.0.1:63420 - R:localhost/127.0.0.1:4444] for POST '/wd/hub/session/7ba8ff3bf30367aad55a4e3910d5e455/execute/sync'
17:49:34.436 [AsyncHttpClient-1-2] DEBUG org.asynchttpclient.netty.handler.HttpHandler -- 

Request DefaultHttpRequest(decodeResult: success, version: HTTP/1.1)
POST /wd/hub/session/7ba8ff3bf30367aad55a4e3910d5e455/execute/sync HTTP/1.1
traceparent: 00-7b8f374ee4bd2f309ef2abf39bb83b08-d2806c9e6dac499b-01
User-Agent: selenium/4.13.0 (java windows)
Content-Length: 47381
Content-Type: application/json; charset=utf-8
host: localhost:4444
accept: */*

Response DefaultHttpResponse(decodeResult: success, version: HTTP/1.1)
HTTP/1.1 200 OK
content-length: 15
content-type: application/json; charset=utf-8
cache-control: no-cache

17:49:34.437 [AsyncHttpClient-1-2] DEBUG org.asynchttpclient.netty.channel.ChannelManager -- Adding key: http://localhost:4444 for channel [id: 0x020b4601, L:/127.0.0.1:63420 - R:localhost/127.0.0.1:4444]
17:49:34.438 [Forwarding getElementAttribute on session 7ba8ff3bf30367aad55a4e3910d5e455 to remote] DEBUG org.asynchttpclient.netty.request.NettyRequestSender -- Using pooled Channel '[id: 0x020b4601, L:/127.0.0.1:63420 - R:localhost/127.0.0.1:4444]' for 'POST' to 'http://localhost:4444/wd/hub/session/7ba8ff3bf30367aad55a4e3910d5e455/execute/sync'
17:49:34.438 [Forwarding getElementAttribute on session 7ba8ff3bf30367aad55a4e3910d5e455 to remote] DEBUG org.asynchttpclient.netty.request.NettyRequestSender -- Using open Channel [id: 0x020b4601, L:/127.0.0.1:63420 - R:localhost/127.0.0.1:4444] for POST '/wd/hub/session/7ba8ff3bf30367aad55a4e3910d5e455/execute/sync'
17:49:34.462 [AsyncHttpClient-1-2] DEBUG org.asynchttpclient.netty.handler.HttpHandler -- 

Request DefaultHttpRequest(decodeResult: success, version: HTTP/1.1)
POST /wd/hub/session/7ba8ff3bf30367aad55a4e3910d5e455/execute/sync HTTP/1.1
traceparent: 00-9070a3c7109806116380f107e0f15839-82a4cfba168911e0-01
User-Agent: selenium/4.13.0 (java windows)
Content-Length: 47384
Content-Type: application/json; charset=utf-8
host: localhost:4444
accept: */*

Response DefaultHttpResponse(decodeResult: success, version: HTTP/1.1)
HTTP/1.1 200 OK
content-length: 16
content-type: application/json; charset=utf-8
cache-control: no-cache

17:49:34.462 [AsyncHttpClient-1-2] DEBUG org.asynchttpclient.netty.channel.ChannelManager -- Adding key: http://localhost:4444 for channel [id: 0x020b4601, L:/127.0.0.1:63420 - R:localhost/127.0.0.1:4444]
17:49:34.464 [Forwarding getElementAttribute on session 7ba8ff3bf30367aad55a4e3910d5e455 to remote] DEBUG org.asynchttpclient.netty.request.NettyRequestSender -- Using pooled Channel '[id: 0x020b4601, L:/127.0.0.1:63420 - R:localhost/127.0.0.1:4444]' for 'POST' to 'http://localhost:4444/wd/hub/session/7ba8ff3bf30367aad55a4e3910d5e455/execute/sync'
17:49:34.465 [Forwarding getElementAttribute on session 7ba8ff3bf30367aad55a4e3910d5e455 to remote] DEBUG org.asynchttpclient.netty.request.NettyRequestSender -- Using open Channel [id: 0x020b4601, L:/127.0.0.1:63420 - R:localhost/127.0.0.1:4444] for POST '/wd/hub/session/7ba8ff3bf30367aad55a4e3910d5e455/execute/sync'
17:49:34.486 [AsyncHttpClient-1-2] DEBUG org.asynchttpclient.netty.handler.HttpHandler -- 

Request DefaultHttpRequest(decodeResult: success, version: HTTP/1.1)
POST /wd/hub/session/7ba8ff3bf30367aad55a4e3910d5e455/execute/sync HTTP/1.1
traceparent: 00-d58dee585ada8e09ffa14f92911fa68e-16da3358291456ff-01
User-Agent: selenium/4.13.0 (java windows)
Content-Length: 47375
Content-Type: application/json; charset=utf-8
host: localhost:4444
accept: */*

Response DefaultHttpResponse(decodeResult: success, version: HTTP/1.1)
HTTP/1.1 200 OK
content-length: 27
content-type: application/json; charset=utf-8
cache-control: no-cache

17:49:34.487 [AsyncHttpClient-1-2] DEBUG org.asynchttpclient.netty.channel.ChannelManager -- Adding key: http://localhost:4444 for channel [id: 0x020b4601, L:/127.0.0.1:63420 - R:localhost/127.0.0.1:4444]
17:49:34.487 [main] INFO helpers.LoggerHelper -- Testing user: locked_out_user
17:49:34.488 [Forwarding findElement on session 7ba8ff3bf30367aad55a4e3910d5e455 to remote] DEBUG org.asynchttpclient.netty.request.NettyRequestSender -- Using pooled Channel '[id: 0x020b4601, L:/127.0.0.1:63420 - R:localhost/127.0.0.1:4444]' for 'POST' to 'http://localhost:4444/wd/hub/session/7ba8ff3bf30367aad55a4e3910d5e455/element'
17:49:34.488 [Forwarding findElement on session 7ba8ff3bf30367aad55a4e3910d5e455 to remote] DEBUG org.asynchttpclient.netty.request.NettyRequestSender -- Using open Channel [id: 0x020b4601, L:/127.0.0.1:63420 - R:localhost/127.0.0.1:4444] for POST '/wd/hub/session/7ba8ff3bf30367aad55a4e3910d5e455/element'
17:49:34.506 [AsyncHttpClient-1-2] DEBUG org.asynchttpclient.netty.handler.HttpHandler -- 

Request DefaultHttpRequest(decodeResult: success, version: HTTP/1.1)
POST /wd/hub/session/7ba8ff3bf30367aad55a4e3910d5e455/element HTTP/1.1
traceparent: 00-2f1133f066084a4bbcb13e57935b0ac9-fcf0d5944ee86f3b-01
User-Agent: selenium/4.13.0 (java windows)
Content-Length: 53
Content-Type: application/json; charset=utf-8
host: localhost:4444
accept: */*

Response DefaultHttpResponse(decodeResult: success, version: HTTP/1.1)
HTTP/1.1 200 OK
content-length: 95
content-type: application/json; charset=utf-8
cache-control: no-cache

17:49:34.507 [AsyncHttpClient-1-2] DEBUG org.asynchttpclient.netty.channel.ChannelManager -- Adding key: http://localhost:4444 for channel [id: 0x020b4601, L:/127.0.0.1:63420 - R:localhost/127.0.0.1:4444]
17:49:34.508 [Forwarding isElementDisplayed on session 7ba8ff3bf30367aad55a4e3910d5e455 to remote] DEBUG org.asynchttpclient.netty.request.NettyRequestSender -- Using pooled Channel '[id: 0x020b4601, L:/127.0.0.1:63420 - R:localhost/127.0.0.1:4444]' for 'POST' to 'http://localhost:4444/wd/hub/session/7ba8ff3bf30367aad55a4e3910d5e455/execute/sync'
17:49:34.508 [Forwarding isElementDisplayed on session 7ba8ff3bf30367aad55a4e3910d5e455 to remote] DEBUG org.asynchttpclient.netty.request.NettyRequestSender -- Using open Channel [id: 0x020b4601, L:/127.0.0.1:63420 - R:localhost/127.0.0.1:4444] for POST '/wd/hub/session/7ba8ff3bf30367aad55a4e3910d5e455/execute/sync'
17:49:34.530 [AsyncHttpClient-1-2] DEBUG org.asynchttpclient.netty.handler.HttpHandler -- 

Request DefaultHttpRequest(decodeResult: success, version: HTTP/1.1)
POST /wd/hub/session/7ba8ff3bf30367aad55a4e3910d5e455/execute/sync HTTP/1.1
traceparent: 00-70d9a7b37ef3f1f07711b0dacd4d7a8c-b9fde40073eb4fd2-01
User-Agent: selenium/4.13.0 (java windows)
Content-Length: 48814
Content-Type: application/json; charset=utf-8
host: localhost:4444
accept: */*

Response DefaultHttpResponse(decodeResult: success, version: HTTP/1.1)
HTTP/1.1 200 OK
content-length: 14
content-type: application/json; charset=utf-8
cache-control: no-cache

17:49:34.530 [AsyncHttpClient-1-2] DEBUG org.asynchttpclient.netty.channel.ChannelManager -- Adding key: http://localhost:4444 for channel [id: 0x020b4601, L:/127.0.0.1:63420 - R:localhost/127.0.0.1:4444]
17:49:34.531 [Forwarding findElement on session 7ba8ff3bf30367aad55a4e3910d5e455 to remote] DEBUG org.asynchttpclient.netty.request.NettyRequestSender -- Using pooled Channel '[id: 0x020b4601, L:/127.0.0.1:63420 - R:localhost/127.0.0.1:4444]' for 'POST' to 'http://localhost:4444/wd/hub/session/7ba8ff3bf30367aad55a4e3910d5e455/element'
17:49:34.531 [Forwarding findElement on session 7ba8ff3bf30367aad55a4e3910d5e455 to remote] DEBUG org.asynchttpclient.netty.request.NettyRequestSender -- Using open Channel [id: 0x020b4601, L:/127.0.0.1:63420 - R:localhost/127.0.0.1:4444] for POST '/wd/hub/session/7ba8ff3bf30367aad55a4e3910d5e455/element'
17:49:34.549 [AsyncHttpClient-1-2] DEBUG org.asynchttpclient.netty.handler.HttpHandler -- 

Request DefaultHttpRequest(decodeResult: success, version: HTTP/1.1)
POST /wd/hub/session/7ba8ff3bf30367aad55a4e3910d5e455/element HTTP/1.1
traceparent: 00-4c2667e1c8dd1fb674419fd4a28ffdd8-11530059a3ac7772-01
User-Agent: selenium/4.13.0 (java windows)
Content-Length: 53
Content-Type: application/json; charset=utf-8
host: localhost:4444
accept: */*

Response DefaultHttpResponse(decodeResult: success, version: HTTP/1.1)
HTTP/1.1 200 OK
content-length: 95
content-type: application/json; charset=utf-8
cache-control: no-cache

17:49:34.549 [AsyncHttpClient-1-2] DEBUG org.asynchttpclient.netty.channel.ChannelManager -- Adding key: http://localhost:4444 for channel [id: 0x020b4601, L:/127.0.0.1:63420 - R:localhost/127.0.0.1:4444]
17:49:34.551 [Forwarding sendKeysToElement on session 7ba8ff3bf30367aad55a4e3910d5e455 to remote] DEBUG org.asynchttpclient.netty.request.NettyRequestSender -- Using pooled Channel '[id: 0x020b4601, L:/127.0.0.1:63420 - R:localhost/127.0.0.1:4444]' for 'POST' to 'http://localhost:4444/wd/hub/session/7ba8ff3bf30367aad55a4e3910d5e455/element/D2A7C9CC4C052F7F1C82CEC56B7F14AF_element_96/value'
17:49:34.551 [Forwarding sendKeysToElement on session 7ba8ff3bf30367aad55a4e3910d5e455 to remote] DEBUG org.asynchttpclient.netty.request.NettyRequestSender -- Using open Channel [id: 0x020b4601, L:/127.0.0.1:63420 - R:localhost/127.0.0.1:4444] for POST '/wd/hub/session/7ba8ff3bf30367aad55a4e3910d5e455/element/D2A7C9CC4C052F7F1C82CEC56B7F14AF_element_96/value'
17:49:34.649 [AsyncHttpClient-1-2] DEBUG org.asynchttpclient.netty.handler.HttpHandler -- 

Request DefaultHttpRequest(decodeResult: success, version: HTTP/1.1)
POST /wd/hub/session/7ba8ff3bf30367aad55a4e3910d5e455/element/D2A7C9CC4C052F7F1C82CEC56B7F14AF_element_96/value HTTP/1.1
traceparent: 00-c55c69fb2d63fa91ff561ba4b62afed7-3a58d65632751cca-01
User-Agent: selenium/4.13.0 (java windows)
Content-Length: 208
Content-Type: application/json; charset=utf-8
host: localhost:4444
accept: */*

Response DefaultHttpResponse(decodeResult: success, version: HTTP/1.1)
HTTP/1.1 200 OK
content-length: 14
content-type: application/json; charset=utf-8
cache-control: no-cache

17:49:34.649 [AsyncHttpClient-1-2] DEBUG org.asynchttpclient.netty.channel.ChannelManager -- Adding key: http://localhost:4444 for channel [id: 0x020b4601, L:/127.0.0.1:63420 - R:localhost/127.0.0.1:4444]
17:49:34.650 [Forwarding findElement on session 7ba8ff3bf30367aad55a4e3910d5e455 to remote] DEBUG org.asynchttpclient.netty.request.NettyRequestSender -- Using pooled Channel '[id: 0x020b4601, L:/127.0.0.1:63420 - R:localhost/127.0.0.1:4444]' for 'POST' to 'http://localhost:4444/wd/hub/session/7ba8ff3bf30367aad55a4e3910d5e455/element'
17:49:34.650 [Forwarding findElement on session 7ba8ff3bf30367aad55a4e3910d5e455 to remote] DEBUG org.asynchttpclient.netty.request.NettyRequestSender -- Using open Channel [id: 0x020b4601, L:/127.0.0.1:63420 - R:localhost/127.0.0.1:4444] for POST '/wd/hub/session/7ba8ff3bf30367aad55a4e3910d5e455/element'
17:49:34.669 [AsyncHttpClient-1-2] DEBUG org.asynchttpclient.netty.handler.HttpHandler -- 

Request DefaultHttpRequest(decodeResult: success, version: HTTP/1.1)
POST /wd/hub/session/7ba8ff3bf30367aad55a4e3910d5e455/element HTTP/1.1
traceparent: 00-2b4463ae2f682e53b1629a666b237cd4-58ddf730cbf4bc32-01
User-Agent: selenium/4.13.0 (java windows)
Content-Length: 53
Content-Type: application/json; charset=utf-8
host: localhost:4444
accept: */*

Response DefaultHttpResponse(decodeResult: success, version: HTTP/1.1)
HTTP/1.1 200 OK
content-length: 95
content-type: application/json; charset=utf-8
cache-control: no-cache

17:49:34.670 [AsyncHttpClient-1-2] DEBUG org.asynchttpclient.netty.channel.ChannelManager -- Adding key: http://localhost:4444 for channel [id: 0x020b4601, L:/127.0.0.1:63420 - R:localhost/127.0.0.1:4444]
17:49:34.672 [Forwarding getElementAttribute on session 7ba8ff3bf30367aad55a4e3910d5e455 to remote] DEBUG org.asynchttpclient.netty.request.NettyRequestSender -- Using pooled Channel '[id: 0x020b4601, L:/127.0.0.1:63420 - R:localhost/127.0.0.1:4444]' for 'POST' to 'http://localhost:4444/wd/hub/session/7ba8ff3bf30367aad55a4e3910d5e455/execute/sync'
17:49:34.672 [Forwarding getElementAttribute on session 7ba8ff3bf30367aad55a4e3910d5e455 to remote] DEBUG org.asynchttpclient.netty.request.NettyRequestSender -- Using open Channel [id: 0x020b4601, L:/127.0.0.1:63420 - R:localhost/127.0.0.1:4444] for POST '/wd/hub/session/7ba8ff3bf30367aad55a4e3910d5e455/execute/sync'
17:49:34.693 [AsyncHttpClient-1-2] DEBUG org.asynchttpclient.netty.handler.HttpHandler -- 

Request DefaultHttpRequest(decodeResult: success, version: HTTP/1.1)
POST /wd/hub/session/7ba8ff3bf30367aad55a4e3910d5e455/execute/sync HTTP/1.1
traceparent: 00-4cf9aa4b5422fbc9b5d0734a846ea30b-cbf1c296a1822f36-01
User-Agent: selenium/4.13.0 (java windows)
Content-Length: 47379
Content-Type: application/json; charset=utf-8
host: localhost:4444
accept: */*

Response DefaultHttpResponse(decodeResult: success, version: HTTP/1.1)
HTTP/1.1 200 OK
content-length: 224
content-type: application/json; charset=utf-8
cache-control: no-cache

17:49:34.693 [AsyncHttpClient-1-2] DEBUG org.asynchttpclient.netty.channel.ChannelManager -- Adding key: http://localhost:4444 for channel [id: 0x020b4601, L:/127.0.0.1:63420 - R:localhost/127.0.0.1:4444]
17:49:34.696 [Forwarding getElementAttribute on session 7ba8ff3bf30367aad55a4e3910d5e455 to remote] DEBUG org.asynchttpclient.netty.request.NettyRequestSender -- Using pooled Channel '[id: 0x020b4601, L:/127.0.0.1:63420 - R:localhost/127.0.0.1:4444]' for 'POST' to 'http://localhost:4444/wd/hub/session/7ba8ff3bf30367aad55a4e3910d5e455/execute/sync'
17:49:34.696 [Forwarding getElementAttribute on session 7ba8ff3bf30367aad55a4e3910d5e455 to remote] DEBUG org.asynchttpclient.netty.request.NettyRequestSender -- Using open Channel [id: 0x020b4601, L:/127.0.0.1:63420 - R:localhost/127.0.0.1:4444] for POST '/wd/hub/session/7ba8ff3bf30367aad55a4e3910d5e455/execute/sync'
17:49:34.717 [AsyncHttpClient-1-2] DEBUG org.asynchttpclient.netty.handler.HttpHandler -- 

Request DefaultHttpRequest(decodeResult: success, version: HTTP/1.1)
POST /wd/hub/session/7ba8ff3bf30367aad55a4e3910d5e455/execute/sync HTTP/1.1
traceparent: 00-2964fd808e3ebc6e102d2b5d641d1b31-37d48ca56765394d-01
User-Agent: selenium/4.13.0 (java windows)
Content-Length: 47375
Content-Type: application/json; charset=utf-8
host: localhost:4444
accept: */*

Response DefaultHttpResponse(decodeResult: success, version: HTTP/1.1)
HTTP/1.1 200 OK
content-length: 34
content-type: application/json; charset=utf-8
cache-control: no-cache

17:49:34.717 [AsyncHttpClient-1-2] DEBUG org.asynchttpclient.netty.channel.ChannelManager -- Adding key: http://localhost:4444 for channel [id: 0x020b4601, L:/127.0.0.1:63420 - R:localhost/127.0.0.1:4444]
17:49:34.719 [Forwarding getElementAttribute on session 7ba8ff3bf30367aad55a4e3910d5e455 to remote] DEBUG org.asynchttpclient.netty.request.NettyRequestSender -- Using pooled Channel '[id: 0x020b4601, L:/127.0.0.1:63420 - R:localhost/127.0.0.1:4444]' for 'POST' to 'http://localhost:4444/wd/hub/session/7ba8ff3bf30367aad55a4e3910d5e455/execute/sync'
17:49:34.719 [Forwarding getElementAttribute on session 7ba8ff3bf30367aad55a4e3910d5e455 to remote] DEBUG org.asynchttpclient.netty.request.NettyRequestSender -- Using open Channel [id: 0x020b4601, L:/127.0.0.1:63420 - R:localhost/127.0.0.1:4444] for POST '/wd/hub/session/7ba8ff3bf30367aad55a4e3910d5e455/execute/sync'
17:49:34.739 [AsyncHttpClient-1-2] DEBUG org.asynchttpclient.netty.handler.HttpHandler -- 

Request DefaultHttpRequest(decodeResult: success, version: HTTP/1.1)
POST /wd/hub/session/7ba8ff3bf30367aad55a4e3910d5e455/execute/sync HTTP/1.1
traceparent: 00-b2f5893ede8041834eeb7ed346f30faa-1e8808b36b852a23-01
User-Agent: selenium/4.13.0 (java windows)
Content-Length: 47381
Content-Type: application/json; charset=utf-8
host: localhost:4444
accept: */*

Response DefaultHttpResponse(decodeResult: success, version: HTTP/1.1)
HTTP/1.1 200 OK
content-length: 20
content-type: application/json; charset=utf-8
cache-control: no-cache

17:49:34.739 [AsyncHttpClient-1-2] DEBUG org.asynchttpclient.netty.channel.ChannelManager -- Adding key: http://localhost:4444 for channel [id: 0x020b4601, L:/127.0.0.1:63420 - R:localhost/127.0.0.1:4444]
17:49:34.741 [Forwarding getElementAttribute on session 7ba8ff3bf30367aad55a4e3910d5e455 to remote] DEBUG org.asynchttpclient.netty.request.NettyRequestSender -- Using pooled Channel '[id: 0x020b4601, L:/127.0.0.1:63420 - R:localhost/127.0.0.1:4444]' for 'POST' to 'http://localhost:4444/wd/hub/session/7ba8ff3bf30367aad55a4e3910d5e455/execute/sync'
17:49:34.741 [Forwarding getElementAttribute on session 7ba8ff3bf30367aad55a4e3910d5e455 to remote] DEBUG org.asynchttpclient.netty.request.NettyRequestSender -- Using open Channel [id: 0x020b4601, L:/127.0.0.1:63420 - R:localhost/127.0.0.1:4444] for POST '/wd/hub/session/7ba8ff3bf30367aad55a4e3910d5e455/execute/sync'
17:49:34.766 [AsyncHttpClient-1-2] DEBUG org.asynchttpclient.netty.handler.HttpHandler -- 

Request DefaultHttpRequest(decodeResult: success, version: HTTP/1.1)
POST /wd/hub/session/7ba8ff3bf30367aad55a4e3910d5e455/execute/sync HTTP/1.1
traceparent: 00-9764682edd74cf82953dc90109846ddc-e82c66bc4aa8c6b5-01
User-Agent: selenium/4.13.0 (java windows)
Content-Length: 47374
Content-Type: application/json; charset=utf-8
host: localhost:4444
accept: */*

Response DefaultHttpResponse(decodeResult: success, version: HTTP/1.1)
HTTP/1.1 200 OK
content-length: 20
content-type: application/json; charset=utf-8
cache-control: no-cache

17:49:34.767 [AsyncHttpClient-1-2] DEBUG org.asynchttpclient.netty.channel.ChannelManager -- Adding key: http://localhost:4444 for channel [id: 0x020b4601, L:/127.0.0.1:63420 - R:localhost/127.0.0.1:4444]
17:49:34.769 [Forwarding getElementAttribute on session 7ba8ff3bf30367aad55a4e3910d5e455 to remote] DEBUG org.asynchttpclient.netty.request.NettyRequestSender -- Using pooled Channel '[id: 0x020b4601, L:/127.0.0.1:63420 - R:localhost/127.0.0.1:4444]' for 'POST' to 'http://localhost:4444/wd/hub/session/7ba8ff3bf30367aad55a4e3910d5e455/execute/sync'
17:49:34.769 [Forwarding getElementAttribute on session 7ba8ff3bf30367aad55a4e3910d5e455 to remote] DEBUG org.asynchttpclient.netty.request.NettyRequestSender -- Using open Channel [id: 0x020b4601, L:/127.0.0.1:63420 - R:localhost/127.0.0.1:4444] for POST '/wd/hub/session/7ba8ff3bf30367aad55a4e3910d5e455/execute/sync'
17:49:34.809 [AsyncHttpClient-1-2] DEBUG org.asynchttpclient.netty.handler.HttpHandler -- 

Request DefaultHttpRequest(decodeResult: success, version: HTTP/1.1)
POST /wd/hub/session/7ba8ff3bf30367aad55a4e3910d5e455/execute/sync HTTP/1.1
traceparent: 00-53e317f48de202428467644703b60a1a-e532b7df6e772675-01
User-Agent: selenium/4.13.0 (java windows)
Content-Length: 47379
Content-Type: application/json; charset=utf-8
host: localhost:4444
accept: */*

Response DefaultHttpResponse(decodeResult: success, version: HTTP/1.1)
HTTP/1.1 200 OK
content-length: 20
content-type: application/json; charset=utf-8
cache-control: no-cache

17:49:34.809 [AsyncHttpClient-1-2] DEBUG org.asynchttpclient.netty.channel.ChannelManager -- Adding key: http://localhost:4444 for channel [id: 0x020b4601, L:/127.0.0.1:63420 - R:localhost/127.0.0.1:4444]
17:49:34.810 [Forwarding getElementAttribute on session 7ba8ff3bf30367aad55a4e3910d5e455 to remote] DEBUG org.asynchttpclient.netty.request.NettyRequestSender -- Using pooled Channel '[id: 0x020b4601, L:/127.0.0.1:63420 - R:localhost/127.0.0.1:4444]' for 'POST' to 'http://localhost:4444/wd/hub/session/7ba8ff3bf30367aad55a4e3910d5e455/execute/sync'
17:49:34.810 [Forwarding getElementAttribute on session 7ba8ff3bf30367aad55a4e3910d5e455 to remote] DEBUG org.asynchttpclient.netty.request.NettyRequestSender -- Using open Channel [id: 0x020b4601, L:/127.0.0.1:63420 - R:localhost/127.0.0.1:4444] for POST '/wd/hub/session/7ba8ff3bf30367aad55a4e3910d5e455/execute/sync'
17:49:34.832 [AsyncHttpClient-1-2] DEBUG org.asynchttpclient.netty.handler.HttpHandler -- 

Request DefaultHttpRequest(decodeResult: success, version: HTTP/1.1)
POST /wd/hub/session/7ba8ff3bf30367aad55a4e3910d5e455/execute/sync HTTP/1.1
traceparent: 00-8930bd17374ef146ac59ea973908dde1-f5a7d628acdf322b-01
User-Agent: selenium/4.13.0 (java windows)
Content-Length: 47372
Content-Type: application/json; charset=utf-8
host: localhost:4444
accept: */*

Response DefaultHttpResponse(decodeResult: success, version: HTTP/1.1)
HTTP/1.1 200 OK
content-length: 20
content-type: application/json; charset=utf-8
cache-control: no-cache

17:49:34.832 [AsyncHttpClient-1-2] DEBUG org.asynchttpclient.netty.channel.ChannelManager -- Adding key: http://localhost:4444 for channel [id: 0x020b4601, L:/127.0.0.1:63420 - R:localhost/127.0.0.1:4444]
17:49:34.834 [Forwarding getElementAttribute on session 7ba8ff3bf30367aad55a4e3910d5e455 to remote] DEBUG org.asynchttpclient.netty.request.NettyRequestSender -- Using pooled Channel '[id: 0x020b4601, L:/127.0.0.1:63420 - R:localhost/127.0.0.1:4444]' for 'POST' to 'http://localhost:4444/wd/hub/session/7ba8ff3bf30367aad55a4e3910d5e455/execute/sync'
17:49:34.834 [Forwarding getElementAttribute on session 7ba8ff3bf30367aad55a4e3910d5e455 to remote] DEBUG org.asynchttpclient.netty.request.NettyRequestSender -- Using open Channel [id: 0x020b4601, L:/127.0.0.1:63420 - R:localhost/127.0.0.1:4444] for POST '/wd/hub/session/7ba8ff3bf30367aad55a4e3910d5e455/execute/sync'
17:49:34.857 [AsyncHttpClient-1-2] DEBUG org.asynchttpclient.netty.handler.HttpHandler -- 

Request DefaultHttpRequest(decodeResult: success, version: HTTP/1.1)
POST /wd/hub/session/7ba8ff3bf30367aad55a4e3910d5e455/execute/sync HTTP/1.1
traceparent: 00-2368870a54d624287c200fc119995d6d-cf65b166e1efe4ce-01
User-Agent: selenium/4.13.0 (java windows)
Content-Length: 47374
Content-Type: application/json; charset=utf-8
host: localhost:4444
accept: */*

Response DefaultHttpResponse(decodeResult: success, version: HTTP/1.1)
HTTP/1.1 200 OK
content-length: 20
content-type: application/json; charset=utf-8
cache-control: no-cache

17:49:34.857 [AsyncHttpClient-1-2] DEBUG org.asynchttpclient.netty.channel.ChannelManager -- Adding key: http://localhost:4444 for channel [id: 0x020b4601, L:/127.0.0.1:63420 - R:localhost/127.0.0.1:4444]
17:49:34.859 [Forwarding getElementAttribute on session 7ba8ff3bf30367aad55a4e3910d5e455 to remote] DEBUG org.asynchttpclient.netty.request.NettyRequestSender -- Using pooled Channel '[id: 0x020b4601, L:/127.0.0.1:63420 - R:localhost/127.0.0.1:4444]' for 'POST' to 'http://localhost:4444/wd/hub/session/7ba8ff3bf30367aad55a4e3910d5e455/execute/sync'
17:49:34.859 [Forwarding getElementAttribute on session 7ba8ff3bf30367aad55a4e3910d5e455 to remote] DEBUG org.asynchttpclient.netty.request.NettyRequestSender -- Using open Channel [id: 0x020b4601, L:/127.0.0.1:63420 - R:localhost/127.0.0.1:4444] for POST '/wd/hub/session/7ba8ff3bf30367aad55a4e3910d5e455/execute/sync'
17:49:34.883 [AsyncHttpClient-1-2] DEBUG org.asynchttpclient.netty.handler.HttpHandler -- 

Request DefaultHttpRequest(decodeResult: success, version: HTTP/1.1)
POST /wd/hub/session/7ba8ff3bf30367aad55a4e3910d5e455/execute/sync HTTP/1.1
traceparent: 00-4ec71a70b6680c82604f2eb4b92a621d-4f4dfeaf46794420-01
User-Agent: selenium/4.13.0 (java windows)
Content-Length: 47381
Content-Type: application/json; charset=utf-8
host: localhost:4444
accept: */*

Response DefaultHttpResponse(decodeResult: success, version: HTTP/1.1)
HTTP/1.1 200 OK
content-length: 15
content-type: application/json; charset=utf-8
cache-control: no-cache

17:49:34.884 [AsyncHttpClient-1-2] DEBUG org.asynchttpclient.netty.channel.ChannelManager -- Adding key: http://localhost:4444 for channel [id: 0x020b4601, L:/127.0.0.1:63420 - R:localhost/127.0.0.1:4444]
17:49:34.886 [Forwarding getElementAttribute on session 7ba8ff3bf30367aad55a4e3910d5e455 to remote] DEBUG org.asynchttpclient.netty.request.NettyRequestSender -- Using pooled Channel '[id: 0x020b4601, L:/127.0.0.1:63420 - R:localhost/127.0.0.1:4444]' for 'POST' to 'http://localhost:4444/wd/hub/session/7ba8ff3bf30367aad55a4e3910d5e455/execute/sync'
17:49:34.886 [Forwarding getElementAttribute on session 7ba8ff3bf30367aad55a4e3910d5e455 to remote] DEBUG org.asynchttpclient.netty.request.NettyRequestSender -- Using open Channel [id: 0x020b4601, L:/127.0.0.1:63420 - R:localhost/127.0.0.1:4444] for POST '/wd/hub/session/7ba8ff3bf30367aad55a4e3910d5e455/execute/sync'
17:49:34.912 [AsyncHttpClient-1-2] DEBUG org.asynchttpclient.netty.handler.HttpHandler -- 

Request DefaultHttpRequest(decodeResult: success, version: HTTP/1.1)
POST /wd/hub/session/7ba8ff3bf30367aad55a4e3910d5e455/execute/sync HTTP/1.1
traceparent: 00-ee53b0d5a78b1a097e28f52f48872e2b-b8a4ecc47c4c11b3-01
User-Agent: selenium/4.13.0 (java windows)
Content-Length: 47384
Content-Type: application/json; charset=utf-8
host: localhost:4444
accept: */*

Response DefaultHttpResponse(decodeResult: success, version: HTTP/1.1)
HTTP/1.1 200 OK
content-length: 16
content-type: application/json; charset=utf-8
cache-control: no-cache

17:49:34.912 [AsyncHttpClient-1-2] DEBUG org.asynchttpclient.netty.channel.ChannelManager -- Adding key: http://localhost:4444 for channel [id: 0x020b4601, L:/127.0.0.1:63420 - R:localhost/127.0.0.1:4444]
17:49:34.913 [Forwarding getElementAttribute on session 7ba8ff3bf30367aad55a4e3910d5e455 to remote] DEBUG org.asynchttpclient.netty.request.NettyRequestSender -- Using pooled Channel '[id: 0x020b4601, L:/127.0.0.1:63420 - R:localhost/127.0.0.1:4444]' for 'POST' to 'http://localhost:4444/wd/hub/session/7ba8ff3bf30367aad55a4e3910d5e455/execute/sync'
17:49:34.914 [Forwarding getElementAttribute on session 7ba8ff3bf30367aad55a4e3910d5e455 to remote] DEBUG org.asynchttpclient.netty.request.NettyRequestSender -- Using open Channel [id: 0x020b4601, L:/127.0.0.1:63420 - R:localhost/127.0.0.1:4444] for POST '/wd/hub/session/7ba8ff3bf30367aad55a4e3910d5e455/execute/sync'
17:49:34.935 [AsyncHttpClient-1-2] DEBUG org.asynchttpclient.netty.handler.HttpHandler -- 

Request DefaultHttpRequest(decodeResult: success, version: HTTP/1.1)
POST /wd/hub/session/7ba8ff3bf30367aad55a4e3910d5e455/execute/sync HTTP/1.1
traceparent: 00-25bf69ea6917979db22ea9b73bd76db8-705db5820207944b-01
User-Agent: selenium/4.13.0 (java windows)
Content-Length: 47375
Content-Type: application/json; charset=utf-8
host: localhost:4444
accept: */*

Response DefaultHttpResponse(decodeResult: success, version: HTTP/1.1)
HTTP/1.1 200 OK
content-length: 24
content-type: application/json; charset=utf-8
cache-control: no-cache

17:49:34.935 [AsyncHttpClient-1-2] DEBUG org.asynchttpclient.netty.channel.ChannelManager -- Adding key: http://localhost:4444 for channel [id: 0x020b4601, L:/127.0.0.1:63420 - R:localhost/127.0.0.1:4444]
17:49:34.936 [main] INFO helpers.LoggerHelper -- Testing password: secret_sauce
17:49:34.936 [Forwarding findElement on session 7ba8ff3bf30367aad55a4e3910d5e455 to remote] DEBUG org.asynchttpclient.netty.request.NettyRequestSender -- Using pooled Channel '[id: 0x020b4601, L:/127.0.0.1:63420 - R:localhost/127.0.0.1:4444]' for 'POST' to 'http://localhost:4444/wd/hub/session/7ba8ff3bf30367aad55a4e3910d5e455/element'
17:49:34.936 [Forwarding findElement on session 7ba8ff3bf30367aad55a4e3910d5e455 to remote] DEBUG org.asynchttpclient.netty.request.NettyRequestSender -- Using open Channel [id: 0x020b4601, L:/127.0.0.1:63420 - R:localhost/127.0.0.1:4444] for POST '/wd/hub/session/7ba8ff3bf30367aad55a4e3910d5e455/element'
17:49:34.958 [AsyncHttpClient-1-2] DEBUG org.asynchttpclient.netty.handler.HttpHandler -- 

Request DefaultHttpRequest(decodeResult: success, version: HTTP/1.1)
POST /wd/hub/session/7ba8ff3bf30367aad55a4e3910d5e455/element HTTP/1.1
traceparent: 00-e064eeeac6c21ed5dde222ce4dd2563d-fb2a9354c805082e-01
User-Agent: selenium/4.13.0 (java windows)
Content-Length: 59
Content-Type: application/json; charset=utf-8
host: localhost:4444
accept: */*

Response DefaultHttpResponse(decodeResult: success, version: HTTP/1.1)
HTTP/1.1 200 OK
content-length: 96
content-type: application/json; charset=utf-8
cache-control: no-cache

17:49:34.959 [AsyncHttpClient-1-2] DEBUG org.asynchttpclient.netty.channel.ChannelManager -- Adding key: http://localhost:4444 for channel [id: 0x020b4601, L:/127.0.0.1:63420 - R:localhost/127.0.0.1:4444]
17:49:34.962 [Forwarding isElementDisplayed on session 7ba8ff3bf30367aad55a4e3910d5e455 to remote] DEBUG org.asynchttpclient.netty.request.NettyRequestSender -- Using pooled Channel '[id: 0x020b4601, L:/127.0.0.1:63420 - R:localhost/127.0.0.1:4444]' for 'POST' to 'http://localhost:4444/wd/hub/session/7ba8ff3bf30367aad55a4e3910d5e455/execute/sync'
17:49:34.962 [Forwarding isElementDisplayed on session 7ba8ff3bf30367aad55a4e3910d5e455 to remote] DEBUG org.asynchttpclient.netty.request.NettyRequestSender -- Using open Channel [id: 0x020b4601, L:/127.0.0.1:63420 - R:localhost/127.0.0.1:4444] for POST '/wd/hub/session/7ba8ff3bf30367aad55a4e3910d5e455/execute/sync'
17:49:34.996 [AsyncHttpClient-1-2] DEBUG org.asynchttpclient.netty.handler.HttpHandler -- 

Request DefaultHttpRequest(decodeResult: success, version: HTTP/1.1)
POST /wd/hub/session/7ba8ff3bf30367aad55a4e3910d5e455/execute/sync HTTP/1.1
traceparent: 00-699342a3e46572eb79dd87874fc7ae73-e6b8afa1c1ff8286-01
User-Agent: selenium/4.13.0 (java windows)
Content-Length: 48815
Content-Type: application/json; charset=utf-8
host: localhost:4444
accept: */*

Response DefaultHttpResponse(decodeResult: success, version: HTTP/1.1)
HTTP/1.1 200 OK
content-length: 14
content-type: application/json; charset=utf-8
cache-control: no-cache

17:49:34.996 [AsyncHttpClient-1-2] DEBUG org.asynchttpclient.netty.channel.ChannelManager -- Adding key: http://localhost:4444 for channel [id: 0x020b4601, L:/127.0.0.1:63420 - R:localhost/127.0.0.1:4444]
17:49:34.997 [Forwarding findElement on session 7ba8ff3bf30367aad55a4e3910d5e455 to remote] DEBUG org.asynchttpclient.netty.request.NettyRequestSender -- Using pooled Channel '[id: 0x020b4601, L:/127.0.0.1:63420 - R:localhost/127.0.0.1:4444]' for 'POST' to 'http://localhost:4444/wd/hub/session/7ba8ff3bf30367aad55a4e3910d5e455/element'
17:49:34.997 [Forwarding findElement on session 7ba8ff3bf30367aad55a4e3910d5e455 to remote] DEBUG org.asynchttpclient.netty.request.NettyRequestSender -- Using open Channel [id: 0x020b4601, L:/127.0.0.1:63420 - R:localhost/127.0.0.1:4444] for POST '/wd/hub/session/7ba8ff3bf30367aad55a4e3910d5e455/element'
17:49:35.016 [AsyncHttpClient-1-2] DEBUG org.asynchttpclient.netty.handler.HttpHandler -- 

Request DefaultHttpRequest(decodeResult: success, version: HTTP/1.1)
POST /wd/hub/session/7ba8ff3bf30367aad55a4e3910d5e455/element HTTP/1.1
traceparent: 00-2506c629660f4c998c3258afbedc8c21-85d15f27a2900a82-01
User-Agent: selenium/4.13.0 (java windows)
Content-Length: 59
Content-Type: application/json; charset=utf-8
host: localhost:4444
accept: */*

Response DefaultHttpResponse(decodeResult: success, version: HTTP/1.1)
HTTP/1.1 200 OK
content-length: 96
content-type: application/json; charset=utf-8
cache-control: no-cache

17:49:35.016 [AsyncHttpClient-1-2] DEBUG org.asynchttpclient.netty.channel.ChannelManager -- Adding key: http://localhost:4444 for channel [id: 0x020b4601, L:/127.0.0.1:63420 - R:localhost/127.0.0.1:4444]
17:49:35.018 [Forwarding getElementAttribute on session 7ba8ff3bf30367aad55a4e3910d5e455 to remote] DEBUG org.asynchttpclient.netty.request.NettyRequestSender -- Using pooled Channel '[id: 0x020b4601, L:/127.0.0.1:63420 - R:localhost/127.0.0.1:4444]' for 'POST' to 'http://localhost:4444/wd/hub/session/7ba8ff3bf30367aad55a4e3910d5e455/execute/sync'
17:49:35.018 [Forwarding getElementAttribute on session 7ba8ff3bf30367aad55a4e3910d5e455 to remote] DEBUG org.asynchttpclient.netty.request.NettyRequestSender -- Using open Channel [id: 0x020b4601, L:/127.0.0.1:63420 - R:localhost/127.0.0.1:4444] for POST '/wd/hub/session/7ba8ff3bf30367aad55a4e3910d5e455/execute/sync'
17:49:35.040 [AsyncHttpClient-1-2] DEBUG org.asynchttpclient.netty.handler.HttpHandler -- 

Request DefaultHttpRequest(decodeResult: success, version: HTTP/1.1)
POST /wd/hub/session/7ba8ff3bf30367aad55a4e3910d5e455/execute/sync HTTP/1.1
traceparent: 00-51a6237cd2e350b967a18848fe42e63c-1e2ea23945185081-01
User-Agent: selenium/4.13.0 (java windows)
Content-Length: 47380
Content-Type: application/json; charset=utf-8
host: localhost:4444
accept: */*

Response DefaultHttpResponse(decodeResult: success, version: HTTP/1.1)
HTTP/1.1 200 OK
content-length: 160
content-type: application/json; charset=utf-8
cache-control: no-cache

17:49:35.040 [AsyncHttpClient-1-2] DEBUG org.asynchttpclient.netty.channel.ChannelManager -- Adding key: http://localhost:4444 for channel [id: 0x020b4601, L:/127.0.0.1:63420 - R:localhost/127.0.0.1:4444]
17:49:35.043 [Forwarding getElementAttribute on session 7ba8ff3bf30367aad55a4e3910d5e455 to remote] DEBUG org.asynchttpclient.netty.request.NettyRequestSender -- Using pooled Channel '[id: 0x020b4601, L:/127.0.0.1:63420 - R:localhost/127.0.0.1:4444]' for 'POST' to 'http://localhost:4444/wd/hub/session/7ba8ff3bf30367aad55a4e3910d5e455/execute/sync'
17:49:35.043 [Forwarding getElementAttribute on session 7ba8ff3bf30367aad55a4e3910d5e455 to remote] DEBUG org.asynchttpclient.netty.request.NettyRequestSender -- Using open Channel [id: 0x020b4601, L:/127.0.0.1:63420 - R:localhost/127.0.0.1:4444] for POST '/wd/hub/session/7ba8ff3bf30367aad55a4e3910d5e455/execute/sync'
17:49:35.064 [AsyncHttpClient-1-2] DEBUG org.asynchttpclient.netty.handler.HttpHandler -- 

Request DefaultHttpRequest(decodeResult: success, version: HTTP/1.1)
POST /wd/hub/session/7ba8ff3bf30367aad55a4e3910d5e455/execute/sync HTTP/1.1
traceparent: 00-2538750a7d3e5d24d56f78648f898016-d978db06af6e1a38-01
User-Agent: selenium/4.13.0 (java windows)
Content-Length: 47375
Content-Type: application/json; charset=utf-8
host: localhost:4444
accept: */*

Response DefaultHttpResponse(decodeResult: success, version: HTTP/1.1)
HTTP/1.1 200 OK
content-length: 18
content-type: application/json; charset=utf-8
cache-control: no-cache

17:49:35.064 [AsyncHttpClient-1-2] DEBUG org.asynchttpclient.netty.channel.ChannelManager -- Adding key: http://localhost:4444 for channel [id: 0x020b4601, L:/127.0.0.1:63420 - R:localhost/127.0.0.1:4444]
17:49:35.066 [Forwarding getElementAttribute on session 7ba8ff3bf30367aad55a4e3910d5e455 to remote] DEBUG org.asynchttpclient.netty.request.NettyRequestSender -- Using pooled Channel '[id: 0x020b4601, L:/127.0.0.1:63420 - R:localhost/127.0.0.1:4444]' for 'POST' to 'http://localhost:4444/wd/hub/session/7ba8ff3bf30367aad55a4e3910d5e455/execute/sync'
17:49:35.066 [Forwarding getElementAttribute on session 7ba8ff3bf30367aad55a4e3910d5e455 to remote] DEBUG org.asynchttpclient.netty.request.NettyRequestSender -- Using open Channel [id: 0x020b4601, L:/127.0.0.1:63420 - R:localhost/127.0.0.1:4444] for POST '/wd/hub/session/7ba8ff3bf30367aad55a4e3910d5e455/execute/sync'
17:49:35.089 [AsyncHttpClient-1-2] DEBUG org.asynchttpclient.netty.handler.HttpHandler -- 

Request DefaultHttpRequest(decodeResult: success, version: HTTP/1.1)
POST /wd/hub/session/7ba8ff3bf30367aad55a4e3910d5e455/execute/sync HTTP/1.1
traceparent: 00-2b8f46c2462a7439f7ba82f56e485a5f-0e76148bbe50294f-01
User-Agent: selenium/4.13.0 (java windows)
Content-Length: 47376
Content-Type: application/json; charset=utf-8
host: localhost:4444
accept: */*

Response DefaultHttpResponse(decodeResult: success, version: HTTP/1.1)
HTTP/1.1 200 OK
content-length: 36
content-type: application/json; charset=utf-8
cache-control: no-cache

17:49:35.089 [AsyncHttpClient-1-2] DEBUG org.asynchttpclient.netty.channel.ChannelManager -- Adding key: http://localhost:4444 for channel [id: 0x020b4601, L:/127.0.0.1:63420 - R:localhost/127.0.0.1:4444]
17:49:35.091 [Forwarding getElementAttribute on session 7ba8ff3bf30367aad55a4e3910d5e455 to remote] DEBUG org.asynchttpclient.netty.request.NettyRequestSender -- Using pooled Channel '[id: 0x020b4601, L:/127.0.0.1:63420 - R:localhost/127.0.0.1:4444]' for 'POST' to 'http://localhost:4444/wd/hub/session/7ba8ff3bf30367aad55a4e3910d5e455/execute/sync'
17:49:35.091 [Forwarding getElementAttribute on session 7ba8ff3bf30367aad55a4e3910d5e455 to remote] DEBUG org.asynchttpclient.netty.request.NettyRequestSender -- Using open Channel [id: 0x020b4601, L:/127.0.0.1:63420 - R:localhost/127.0.0.1:4444] for POST '/wd/hub/session/7ba8ff3bf30367aad55a4e3910d5e455/execute/sync'
17:49:35.118 [AsyncHttpClient-1-2] DEBUG org.asynchttpclient.netty.handler.HttpHandler -- 

Request DefaultHttpRequest(decodeResult: success, version: HTTP/1.1)
POST /wd/hub/session/7ba8ff3bf30367aad55a4e3910d5e455/execute/sync HTTP/1.1
traceparent: 00-5c69a94c61aade110e706d9db1d4ef8c-a65b9c4540ad8647-01
User-Agent: selenium/4.13.0 (java windows)
Content-Length: 47380
Content-Type: application/json; charset=utf-8
host: localhost:4444
accept: */*

Response DefaultHttpResponse(decodeResult: success, version: HTTP/1.1)
HTTP/1.1 200 OK
content-length: 24
content-type: application/json; charset=utf-8
cache-control: no-cache

17:49:35.118 [AsyncHttpClient-1-2] DEBUG org.asynchttpclient.netty.channel.ChannelManager -- Adding key: http://localhost:4444 for channel [id: 0x020b4601, L:/127.0.0.1:63420 - R:localhost/127.0.0.1:4444]
17:49:35.120 [Forwarding getElementAttribute on session 7ba8ff3bf30367aad55a4e3910d5e455 to remote] DEBUG org.asynchttpclient.netty.request.NettyRequestSender -- Using pooled Channel '[id: 0x020b4601, L:/127.0.0.1:63420 - R:localhost/127.0.0.1:4444]' for 'POST' to 'http://localhost:4444/wd/hub/session/7ba8ff3bf30367aad55a4e3910d5e455/execute/sync'
17:49:35.120 [Forwarding getElementAttribute on session 7ba8ff3bf30367aad55a4e3910d5e455 to remote] DEBUG org.asynchttpclient.netty.request.NettyRequestSender -- Using open Channel [id: 0x020b4601, L:/127.0.0.1:63420 - R:localhost/127.0.0.1:4444] for POST '/wd/hub/session/7ba8ff3bf30367aad55a4e3910d5e455/execute/sync'
17:49:35.145 [AsyncHttpClient-1-2] DEBUG org.asynchttpclient.netty.handler.HttpHandler -- 

Request DefaultHttpRequest(decodeResult: success, version: HTTP/1.1)
POST /wd/hub/session/7ba8ff3bf30367aad55a4e3910d5e455/execute/sync HTTP/1.1
traceparent: 00-7378821e7b80982c6b64c18397a6b5fa-0ba5cb7fc16ae103-01
User-Agent: selenium/4.13.0 (java windows)
Content-Length: 47373
Content-Type: application/json; charset=utf-8
host: localhost:4444
accept: */*

Response DefaultHttpResponse(decodeResult: success, version: HTTP/1.1)
HTTP/1.1 200 OK
content-length: 24
content-type: application/json; charset=utf-8
cache-control: no-cache

17:49:35.145 [AsyncHttpClient-1-2] DEBUG org.asynchttpclient.netty.channel.ChannelManager -- Adding key: http://localhost:4444 for channel [id: 0x020b4601, L:/127.0.0.1:63420 - R:localhost/127.0.0.1:4444]
17:49:35.148 [Forwarding getElementAttribute on session 7ba8ff3bf30367aad55a4e3910d5e455 to remote] DEBUG org.asynchttpclient.netty.request.NettyRequestSender -- Using pooled Channel '[id: 0x020b4601, L:/127.0.0.1:63420 - R:localhost/127.0.0.1:4444]' for 'POST' to 'http://localhost:4444/wd/hub/session/7ba8ff3bf30367aad55a4e3910d5e455/execute/sync'
17:49:35.148 [Forwarding getElementAttribute on session 7ba8ff3bf30367aad55a4e3910d5e455 to remote] DEBUG org.asynchttpclient.netty.request.NettyRequestSender -- Using open Channel [id: 0x020b4601, L:/127.0.0.1:63420 - R:localhost/127.0.0.1:4444] for POST '/wd/hub/session/7ba8ff3bf30367aad55a4e3910d5e455/execute/sync'
17:49:35.169 [AsyncHttpClient-1-2] DEBUG org.asynchttpclient.netty.handler.HttpHandler -- 

Request DefaultHttpRequest(decodeResult: success, version: HTTP/1.1)
POST /wd/hub/session/7ba8ff3bf30367aad55a4e3910d5e455/execute/sync HTTP/1.1
traceparent: 00-7677a395771691be7e5f640bef763af4-942383e43300072c-01
User-Agent: selenium/4.13.0 (java windows)
Content-Length: 47375
Content-Type: application/json; charset=utf-8
host: localhost:4444
accept: */*

Response DefaultHttpResponse(decodeResult: success, version: HTTP/1.1)
HTTP/1.1 200 OK
content-length: 24
content-type: application/json; charset=utf-8
cache-control: no-cache

17:49:35.169 [AsyncHttpClient-1-2] DEBUG org.asynchttpclient.netty.channel.ChannelManager -- Adding key: http://localhost:4444 for channel [id: 0x020b4601, L:/127.0.0.1:63420 - R:localhost/127.0.0.1:4444]
17:49:35.170 [Forwarding getElementAttribute on session 7ba8ff3bf30367aad55a4e3910d5e455 to remote] DEBUG org.asynchttpclient.netty.request.NettyRequestSender -- Using pooled Channel '[id: 0x020b4601, L:/127.0.0.1:63420 - R:localhost/127.0.0.1:4444]' for 'POST' to 'http://localhost:4444/wd/hub/session/7ba8ff3bf30367aad55a4e3910d5e455/execute/sync'
17:49:35.170 [Forwarding getElementAttribute on session 7ba8ff3bf30367aad55a4e3910d5e455 to remote] DEBUG org.asynchttpclient.netty.request.NettyRequestSender -- Using open Channel [id: 0x020b4601, L:/127.0.0.1:63420 - R:localhost/127.0.0.1:4444] for POST '/wd/hub/session/7ba8ff3bf30367aad55a4e3910d5e455/execute/sync'
17:49:35.190 [AsyncHttpClient-1-2] DEBUG org.asynchttpclient.netty.handler.HttpHandler -- 

Request DefaultHttpRequest(decodeResult: success, version: HTTP/1.1)
POST /wd/hub/session/7ba8ff3bf30367aad55a4e3910d5e455/execute/sync HTTP/1.1
traceparent: 00-3e0d65c36d213d81445c28e979b9ef5c-279b6d0c50ae969a-01
User-Agent: selenium/4.13.0 (java windows)
Content-Length: 47376
Content-Type: application/json; charset=utf-8
host: localhost:4444
accept: */*

Response DefaultHttpResponse(decodeResult: success, version: HTTP/1.1)
HTTP/1.1 200 OK
content-length: 17
content-type: application/json; charset=utf-8
cache-control: no-cache

17:49:35.191 [AsyncHttpClient-1-2] DEBUG org.asynchttpclient.netty.channel.ChannelManager -- Adding key: http://localhost:4444 for channel [id: 0x020b4601, L:/127.0.0.1:63420 - R:localhost/127.0.0.1:4444]
17:49:35.192 [Forwarding findElement on session 7ba8ff3bf30367aad55a4e3910d5e455 to remote] DEBUG org.asynchttpclient.netty.request.NettyRequestSender -- Using pooled Channel '[id: 0x020b4601, L:/127.0.0.1:63420 - R:localhost/127.0.0.1:4444]' for 'POST' to 'http://localhost:4444/wd/hub/session/7ba8ff3bf30367aad55a4e3910d5e455/element'
17:49:35.192 [Forwarding findElement on session 7ba8ff3bf30367aad55a4e3910d5e455 to remote] DEBUG org.asynchttpclient.netty.request.NettyRequestSender -- Using open Channel [id: 0x020b4601, L:/127.0.0.1:63420 - R:localhost/127.0.0.1:4444] for POST '/wd/hub/session/7ba8ff3bf30367aad55a4e3910d5e455/element'
17:49:35.210 [AsyncHttpClient-1-2] DEBUG org.asynchttpclient.netty.handler.HttpHandler -- 

Request DefaultHttpRequest(decodeResult: success, version: HTTP/1.1)
POST /wd/hub/session/7ba8ff3bf30367aad55a4e3910d5e455/element HTTP/1.1
traceparent: 00-985a830030d40b36a83ed2f8dcac6bf0-5fe0619995748eff-01
User-Agent: selenium/4.13.0 (java windows)
Content-Length: 59
Content-Type: application/json; charset=utf-8
host: localhost:4444
accept: */*

Response DefaultHttpResponse(decodeResult: success, version: HTTP/1.1)
HTTP/1.1 200 OK
content-length: 96
content-type: application/json; charset=utf-8
cache-control: no-cache

17:49:35.210 [AsyncHttpClient-1-2] DEBUG org.asynchttpclient.netty.channel.ChannelManager -- Adding key: http://localhost:4444 for channel [id: 0x020b4601, L:/127.0.0.1:63420 - R:localhost/127.0.0.1:4444]
17:49:35.211 [Forwarding clickElement on session 7ba8ff3bf30367aad55a4e3910d5e455 to remote] DEBUG org.asynchttpclient.netty.request.NettyRequestSender -- Using pooled Channel '[id: 0x020b4601, L:/127.0.0.1:63420 - R:localhost/127.0.0.1:4444]' for 'POST' to 'http://localhost:4444/wd/hub/session/7ba8ff3bf30367aad55a4e3910d5e455/element/D2A7C9CC4C052F7F1C82CEC56B7F14AF_element_101/click'
17:49:35.211 [Forwarding clickElement on session 7ba8ff3bf30367aad55a4e3910d5e455 to remote] DEBUG org.asynchttpclient.netty.request.NettyRequestSender -- Using open Channel [id: 0x020b4601, L:/127.0.0.1:63420 - R:localhost/127.0.0.1:4444] for POST '/wd/hub/session/7ba8ff3bf30367aad55a4e3910d5e455/element/D2A7C9CC4C052F7F1C82CEC56B7F14AF_element_101/click'
17:49:35.285 [AsyncHttpClient-1-2] DEBUG org.asynchttpclient.netty.handler.HttpHandler -- 

Request DefaultHttpRequest(decodeResult: success, version: HTTP/1.1)
POST /wd/hub/session/7ba8ff3bf30367aad55a4e3910d5e455/element/D2A7C9CC4C052F7F1C82CEC56B7F14AF_element_101/click HTTP/1.1
traceparent: 00-2130f6b822122574e36d727ee5e5cde4-1c8b2d6f8b4f3464-01
User-Agent: selenium/4.13.0 (java windows)
Content-Length: 58
Content-Type: application/json; charset=utf-8
host: localhost:4444
accept: */*

Response DefaultHttpResponse(decodeResult: success, version: HTTP/1.1)
HTTP/1.1 200 OK
content-length: 14
content-type: application/json; charset=utf-8
cache-control: no-cache

17:49:35.285 [AsyncHttpClient-1-2] DEBUG org.asynchttpclient.netty.channel.ChannelManager -- Adding key: http://localhost:4444 for channel [id: 0x020b4601, L:/127.0.0.1:63420 - R:localhost/127.0.0.1:4444]
17:49:35.287 [main] INFO helpers.LoggerHelper -- @Test: readFromFileCSVLike has PASSED
17:49:35.287 [main] INFO helpers.LoggerHelper -- ######################################################################################
17:49:35.288 [Forwarding screenshot on session 7ba8ff3bf30367aad55a4e3910d5e455 to remote] DEBUG org.asynchttpclient.netty.request.NettyRequestSender -- Using pooled Channel '[id: 0x020b4601, L:/127.0.0.1:63420 - R:localhost/127.0.0.1:4444]' for 'GET' to 'http://localhost:4444/wd/hub/session/7ba8ff3bf30367aad55a4e3910d5e455/screenshot'
17:49:35.288 [Forwarding screenshot on session 7ba8ff3bf30367aad55a4e3910d5e455 to remote] DEBUG org.asynchttpclient.netty.request.NettyRequestSender -- Using open Channel [id: 0x020b4601, L:/127.0.0.1:63420 - R:localhost/127.0.0.1:4444] for GET '/wd/hub/session/7ba8ff3bf30367aad55a4e3910d5e455/screenshot'
17:49:35.463 [AsyncHttpClient-1-2] DEBUG org.asynchttpclient.netty.handler.HttpHandler -- 

Request DefaultFullHttpRequest(decodeResult: success, version: HTTP/1.1, content: EmptyByteBufBE)
GET /wd/hub/session/7ba8ff3bf30367aad55a4e3910d5e455/screenshot HTTP/1.1
Cache-Control: no-cache
traceparent: 00-082a088b5e4069e9603c02e44aa8c7ed-eb98429b8ac5d5fd-01
User-Agent: selenium/4.13.0 (java windows)
Content-Type: application/json; charset=utf-8
host: localhost:4444
accept: */*

Response DefaultHttpResponse(decodeResult: success, version: HTTP/1.1)
HTTP/1.1 200 OK
content-length: 53176
content-type: application/json; charset=utf-8
cache-control: no-cache

17:49:35.464 [AsyncHttpClient-1-2] DEBUG org.asynchttpclient.netty.channel.ChannelManager -- Adding key: http://localhost:4444 for channel [id: 0x020b4601, L:/127.0.0.1:63420 - R:localhost/127.0.0.1:4444]
17:49:35.498 [main] INFO helpers.LoggerHelper -- Screenshot saved successfully.
]]></system-out>
  </testcase>
  <testcase name="readFromFileCSVLike[problem_user, secret_sauce](3)" classname="FrontEnd.SauceDemo.LoginWithDP" time="1.763">
    <system-out><![CDATA[17:49:35.500 [main] INFO helpers.LoggerHelper -- @Test: readFromFileCSVLike
17:49:35.500 [main] INFO helpers.LoggerHelper -- Description: Trying to read data from a CSV-like file
17:49:35.500 [main] INFO helpers.LoggerHelper -- ######################################################################################
17:49:35.502 [Forwarding get on session 7ba8ff3bf30367aad55a4e3910d5e455 to remote] DEBUG org.asynchttpclient.netty.request.NettyRequestSender -- Using pooled Channel '[id: 0x020b4601, L:/127.0.0.1:63420 - R:localhost/127.0.0.1:4444]' for 'POST' to 'http://localhost:4444/wd/hub/session/7ba8ff3bf30367aad55a4e3910d5e455/url'
17:49:35.502 [Forwarding get on session 7ba8ff3bf30367aad55a4e3910d5e455 to remote] DEBUG org.asynchttpclient.netty.request.NettyRequestSender -- Using open Channel [id: 0x020b4601, L:/127.0.0.1:63420 - R:localhost/127.0.0.1:4444] for POST '/wd/hub/session/7ba8ff3bf30367aad55a4e3910d5e455/url'
17:49:35.624 [AsyncHttpClient-1-2] DEBUG org.asynchttpclient.netty.handler.HttpHandler -- 

Request DefaultHttpRequest(decodeResult: success, version: HTTP/1.1)
POST /wd/hub/session/7ba8ff3bf30367aad55a4e3910d5e455/url HTTP/1.1
traceparent: 00-44368c2d1efa6208be8737f2ebb9a01b-c63581c746aaaa19-01
User-Agent: selenium/4.13.0 (java windows)
Content-Length: 43
Content-Type: application/json; charset=utf-8
host: localhost:4444
accept: */*

Response DefaultHttpResponse(decodeResult: success, version: HTTP/1.1)
HTTP/1.1 200 OK
content-length: 14
content-type: application/json; charset=utf-8
cache-control: no-cache

17:49:35.624 [AsyncHttpClient-1-2] DEBUG org.asynchttpclient.netty.channel.ChannelManager -- Adding key: http://localhost:4444 for channel [id: 0x020b4601, L:/127.0.0.1:63420 - R:localhost/127.0.0.1:4444]
17:49:35.626 [Forwarding findElement on session 7ba8ff3bf30367aad55a4e3910d5e455 to remote] DEBUG org.asynchttpclient.netty.request.NettyRequestSender -- Using pooled Channel '[id: 0x020b4601, L:/127.0.0.1:63420 - R:localhost/127.0.0.1:4444]' for 'POST' to 'http://localhost:4444/wd/hub/session/7ba8ff3bf30367aad55a4e3910d5e455/element'
17:49:35.626 [Forwarding findElement on session 7ba8ff3bf30367aad55a4e3910d5e455 to remote] DEBUG org.asynchttpclient.netty.request.NettyRequestSender -- Using open Channel [id: 0x020b4601, L:/127.0.0.1:63420 - R:localhost/127.0.0.1:4444] for POST '/wd/hub/session/7ba8ff3bf30367aad55a4e3910d5e455/element'
17:49:35.656 [AsyncHttpClient-1-2] DEBUG org.asynchttpclient.netty.handler.HttpHandler -- 

Request DefaultHttpRequest(decodeResult: success, version: HTTP/1.1)
POST /wd/hub/session/7ba8ff3bf30367aad55a4e3910d5e455/element HTTP/1.1
traceparent: 00-4910470cb5ca00ed1d6aebff6630cba8-cedf3e8e272df20d-01
User-Agent: selenium/4.13.0 (java windows)
Content-Length: 56
Content-Type: application/json; charset=utf-8
host: localhost:4444
accept: */*

Response DefaultHttpResponse(decodeResult: success, version: HTTP/1.1)
HTTP/1.1 200 OK
content-length: 96
content-type: application/json; charset=utf-8
cache-control: no-cache

17:49:35.656 [AsyncHttpClient-1-2] DEBUG org.asynchttpclient.netty.channel.ChannelManager -- Adding key: http://localhost:4444 for channel [id: 0x020b4601, L:/127.0.0.1:63420 - R:localhost/127.0.0.1:4444]
17:49:35.659 [Forwarding isElementDisplayed on session 7ba8ff3bf30367aad55a4e3910d5e455 to remote] DEBUG org.asynchttpclient.netty.request.NettyRequestSender -- Using pooled Channel '[id: 0x020b4601, L:/127.0.0.1:63420 - R:localhost/127.0.0.1:4444]' for 'POST' to 'http://localhost:4444/wd/hub/session/7ba8ff3bf30367aad55a4e3910d5e455/execute/sync'
17:49:35.659 [Forwarding isElementDisplayed on session 7ba8ff3bf30367aad55a4e3910d5e455 to remote] DEBUG org.asynchttpclient.netty.request.NettyRequestSender -- Using open Channel [id: 0x020b4601, L:/127.0.0.1:63420 - R:localhost/127.0.0.1:4444] for POST '/wd/hub/session/7ba8ff3bf30367aad55a4e3910d5e455/execute/sync'
17:49:35.689 [AsyncHttpClient-1-2] DEBUG org.asynchttpclient.netty.handler.HttpHandler -- 

Request DefaultHttpRequest(decodeResult: success, version: HTTP/1.1)
POST /wd/hub/session/7ba8ff3bf30367aad55a4e3910d5e455/execute/sync HTTP/1.1
traceparent: 00-c3cf7fbf8bcda6000ce5a56096eb797d-8b137b8c6d4b8cdb-01
User-Agent: selenium/4.13.0 (java windows)
Content-Length: 48815
Content-Type: application/json; charset=utf-8
host: localhost:4444
accept: */*

Response DefaultHttpResponse(decodeResult: success, version: HTTP/1.1)
HTTP/1.1 200 OK
content-length: 14
content-type: application/json; charset=utf-8
cache-control: no-cache

17:49:35.689 [AsyncHttpClient-1-2] DEBUG org.asynchttpclient.netty.channel.ChannelManager -- Adding key: http://localhost:4444 for channel [id: 0x020b4601, L:/127.0.0.1:63420 - R:localhost/127.0.0.1:4444]
17:49:35.690 [Forwarding findElement on session 7ba8ff3bf30367aad55a4e3910d5e455 to remote] DEBUG org.asynchttpclient.netty.request.NettyRequestSender -- Using pooled Channel '[id: 0x020b4601, L:/127.0.0.1:63420 - R:localhost/127.0.0.1:4444]' for 'POST' to 'http://localhost:4444/wd/hub/session/7ba8ff3bf30367aad55a4e3910d5e455/element'
17:49:35.690 [Forwarding findElement on session 7ba8ff3bf30367aad55a4e3910d5e455 to remote] DEBUG org.asynchttpclient.netty.request.NettyRequestSender -- Using open Channel [id: 0x020b4601, L:/127.0.0.1:63420 - R:localhost/127.0.0.1:4444] for POST '/wd/hub/session/7ba8ff3bf30367aad55a4e3910d5e455/element'
17:49:35.711 [AsyncHttpClient-1-2] DEBUG org.asynchttpclient.netty.handler.HttpHandler -- 

Request DefaultHttpRequest(decodeResult: success, version: HTTP/1.1)
POST /wd/hub/session/7ba8ff3bf30367aad55a4e3910d5e455/element HTTP/1.1
traceparent: 00-1c07cc9f8c194090f3b843945499494f-b374b1cbc6f37c8e-01
User-Agent: selenium/4.13.0 (java windows)
Content-Length: 56
Content-Type: application/json; charset=utf-8
host: localhost:4444
accept: */*

Response DefaultHttpResponse(decodeResult: success, version: HTTP/1.1)
HTTP/1.1 200 OK
content-length: 96
content-type: application/json; charset=utf-8
cache-control: no-cache

17:49:35.711 [AsyncHttpClient-1-2] DEBUG org.asynchttpclient.netty.channel.ChannelManager -- Adding key: http://localhost:4444 for channel [id: 0x020b4601, L:/127.0.0.1:63420 - R:localhost/127.0.0.1:4444]
17:49:35.713 [Forwarding sendKeysToElement on session 7ba8ff3bf30367aad55a4e3910d5e455 to remote] DEBUG org.asynchttpclient.netty.request.NettyRequestSender -- Using pooled Channel '[id: 0x020b4601, L:/127.0.0.1:63420 - R:localhost/127.0.0.1:4444]' for 'POST' to 'http://localhost:4444/wd/hub/session/7ba8ff3bf30367aad55a4e3910d5e455/element/5D9EDA6B600D0B46BE13A5A03D7F7641_element_106/value'
17:49:35.713 [Forwarding sendKeysToElement on session 7ba8ff3bf30367aad55a4e3910d5e455 to remote] DEBUG org.asynchttpclient.netty.request.NettyRequestSender -- Using open Channel [id: 0x020b4601, L:/127.0.0.1:63420 - R:localhost/127.0.0.1:4444] for POST '/wd/hub/session/7ba8ff3bf30367aad55a4e3910d5e455/element/5D9EDA6B600D0B46BE13A5A03D7F7641_element_106/value'
17:49:35.848 [AsyncHttpClient-1-2] DEBUG org.asynchttpclient.netty.handler.HttpHandler -- 

Request DefaultHttpRequest(decodeResult: success, version: HTTP/1.1)
POST /wd/hub/session/7ba8ff3bf30367aad55a4e3910d5e455/element/5D9EDA6B600D0B46BE13A5A03D7F7641_element_106/value HTTP/1.1
traceparent: 00-7e6165203dceab8dd567ad8fd298707f-1c6c918e71dca07e-01
User-Agent: selenium/4.13.0 (java windows)
Content-Length: 209
Content-Type: application/json; charset=utf-8
host: localhost:4444
accept: */*

Response DefaultHttpResponse(decodeResult: success, version: HTTP/1.1)
HTTP/1.1 200 OK
content-length: 14
content-type: application/json; charset=utf-8
cache-control: no-cache

17:49:35.848 [AsyncHttpClient-1-2] DEBUG org.asynchttpclient.netty.channel.ChannelManager -- Adding key: http://localhost:4444 for channel [id: 0x020b4601, L:/127.0.0.1:63420 - R:localhost/127.0.0.1:4444]
17:49:35.849 [Forwarding findElement on session 7ba8ff3bf30367aad55a4e3910d5e455 to remote] DEBUG org.asynchttpclient.netty.request.NettyRequestSender -- Using pooled Channel '[id: 0x020b4601, L:/127.0.0.1:63420 - R:localhost/127.0.0.1:4444]' for 'POST' to 'http://localhost:4444/wd/hub/session/7ba8ff3bf30367aad55a4e3910d5e455/element'
17:49:35.849 [Forwarding findElement on session 7ba8ff3bf30367aad55a4e3910d5e455 to remote] DEBUG org.asynchttpclient.netty.request.NettyRequestSender -- Using open Channel [id: 0x020b4601, L:/127.0.0.1:63420 - R:localhost/127.0.0.1:4444] for POST '/wd/hub/session/7ba8ff3bf30367aad55a4e3910d5e455/element'
17:49:35.871 [AsyncHttpClient-1-2] DEBUG org.asynchttpclient.netty.handler.HttpHandler -- 

Request DefaultHttpRequest(decodeResult: success, version: HTTP/1.1)
POST /wd/hub/session/7ba8ff3bf30367aad55a4e3910d5e455/element HTTP/1.1
traceparent: 00-d956503fb207b53c9b6f770a6c1375a4-1239ff8f48f0b52d-01
User-Agent: selenium/4.13.0 (java windows)
Content-Length: 56
Content-Type: application/json; charset=utf-8
host: localhost:4444
accept: */*

Response DefaultHttpResponse(decodeResult: success, version: HTTP/1.1)
HTTP/1.1 200 OK
content-length: 96
content-type: application/json; charset=utf-8
cache-control: no-cache

17:49:35.871 [AsyncHttpClient-1-2] DEBUG org.asynchttpclient.netty.channel.ChannelManager -- Adding key: http://localhost:4444 for channel [id: 0x020b4601, L:/127.0.0.1:63420 - R:localhost/127.0.0.1:4444]
17:49:35.872 [Forwarding getElementAttribute on session 7ba8ff3bf30367aad55a4e3910d5e455 to remote] DEBUG org.asynchttpclient.netty.request.NettyRequestSender -- Using pooled Channel '[id: 0x020b4601, L:/127.0.0.1:63420 - R:localhost/127.0.0.1:4444]' for 'POST' to 'http://localhost:4444/wd/hub/session/7ba8ff3bf30367aad55a4e3910d5e455/execute/sync'
17:49:35.872 [Forwarding getElementAttribute on session 7ba8ff3bf30367aad55a4e3910d5e455 to remote] DEBUG org.asynchttpclient.netty.request.NettyRequestSender -- Using open Channel [id: 0x020b4601, L:/127.0.0.1:63420 - R:localhost/127.0.0.1:4444] for POST '/wd/hub/session/7ba8ff3bf30367aad55a4e3910d5e455/execute/sync'
17:49:35.896 [AsyncHttpClient-1-2] DEBUG org.asynchttpclient.netty.handler.HttpHandler -- 

Request DefaultHttpRequest(decodeResult: success, version: HTTP/1.1)
POST /wd/hub/session/7ba8ff3bf30367aad55a4e3910d5e455/execute/sync HTTP/1.1
traceparent: 00-96995f5533be74bc14abf51ec9f591e8-46904b90361ccd0d-01
User-Agent: selenium/4.13.0 (java windows)
Content-Length: 47380
Content-Type: application/json; charset=utf-8
host: localhost:4444
accept: */*

Response DefaultHttpResponse(decodeResult: success, version: HTTP/1.1)
HTTP/1.1 200 OK
content-length: 222
content-type: application/json; charset=utf-8
cache-control: no-cache

17:49:35.896 [AsyncHttpClient-1-2] DEBUG org.asynchttpclient.netty.channel.ChannelManager -- Adding key: http://localhost:4444 for channel [id: 0x020b4601, L:/127.0.0.1:63420 - R:localhost/127.0.0.1:4444]
17:49:35.898 [Forwarding getElementAttribute on session 7ba8ff3bf30367aad55a4e3910d5e455 to remote] DEBUG org.asynchttpclient.netty.request.NettyRequestSender -- Using pooled Channel '[id: 0x020b4601, L:/127.0.0.1:63420 - R:localhost/127.0.0.1:4444]' for 'POST' to 'http://localhost:4444/wd/hub/session/7ba8ff3bf30367aad55a4e3910d5e455/execute/sync'
17:49:35.898 [Forwarding getElementAttribute on session 7ba8ff3bf30367aad55a4e3910d5e455 to remote] DEBUG org.asynchttpclient.netty.request.NettyRequestSender -- Using open Channel [id: 0x020b4601, L:/127.0.0.1:63420 - R:localhost/127.0.0.1:4444] for POST '/wd/hub/session/7ba8ff3bf30367aad55a4e3910d5e455/execute/sync'
17:49:35.921 [AsyncHttpClient-1-2] DEBUG org.asynchttpclient.netty.handler.HttpHandler -- 

Request DefaultHttpRequest(decodeResult: success, version: HTTP/1.1)
POST /wd/hub/session/7ba8ff3bf30367aad55a4e3910d5e455/execute/sync HTTP/1.1
traceparent: 00-31fb4e63b43d5d47bd7abd8e65fba805-1d0fca878230bf32-01
User-Agent: selenium/4.13.0 (java windows)
Content-Length: 47376
Content-Type: application/json; charset=utf-8
host: localhost:4444
accept: */*

Response DefaultHttpResponse(decodeResult: success, version: HTTP/1.1)
HTTP/1.1 200 OK
content-length: 34
content-type: application/json; charset=utf-8
cache-control: no-cache

17:49:35.921 [AsyncHttpClient-1-2] DEBUG org.asynchttpclient.netty.channel.ChannelManager -- Adding key: http://localhost:4444 for channel [id: 0x020b4601, L:/127.0.0.1:63420 - R:localhost/127.0.0.1:4444]
17:49:35.923 [Forwarding getElementAttribute on session 7ba8ff3bf30367aad55a4e3910d5e455 to remote] DEBUG org.asynchttpclient.netty.request.NettyRequestSender -- Using pooled Channel '[id: 0x020b4601, L:/127.0.0.1:63420 - R:localhost/127.0.0.1:4444]' for 'POST' to 'http://localhost:4444/wd/hub/session/7ba8ff3bf30367aad55a4e3910d5e455/execute/sync'
17:49:35.923 [Forwarding getElementAttribute on session 7ba8ff3bf30367aad55a4e3910d5e455 to remote] DEBUG org.asynchttpclient.netty.request.NettyRequestSender -- Using open Channel [id: 0x020b4601, L:/127.0.0.1:63420 - R:localhost/127.0.0.1:4444] for POST '/wd/hub/session/7ba8ff3bf30367aad55a4e3910d5e455/execute/sync'
17:49:35.949 [AsyncHttpClient-1-2] DEBUG org.asynchttpclient.netty.handler.HttpHandler -- 

Request DefaultHttpRequest(decodeResult: success, version: HTTP/1.1)
POST /wd/hub/session/7ba8ff3bf30367aad55a4e3910d5e455/execute/sync HTTP/1.1
traceparent: 00-006e3c765da9443133e86798e5475cb5-ac7e78284e59598d-01
User-Agent: selenium/4.13.0 (java windows)
Content-Length: 47382
Content-Type: application/json; charset=utf-8
host: localhost:4444
accept: */*

Response DefaultHttpResponse(decodeResult: success, version: HTTP/1.1)
HTTP/1.1 200 OK
content-length: 20
content-type: application/json; charset=utf-8
cache-control: no-cache

17:49:35.949 [AsyncHttpClient-1-2] DEBUG org.asynchttpclient.netty.channel.ChannelManager -- Adding key: http://localhost:4444 for channel [id: 0x020b4601, L:/127.0.0.1:63420 - R:localhost/127.0.0.1:4444]
17:49:35.950 [Forwarding getElementAttribute on session 7ba8ff3bf30367aad55a4e3910d5e455 to remote] DEBUG org.asynchttpclient.netty.request.NettyRequestSender -- Using pooled Channel '[id: 0x020b4601, L:/127.0.0.1:63420 - R:localhost/127.0.0.1:4444]' for 'POST' to 'http://localhost:4444/wd/hub/session/7ba8ff3bf30367aad55a4e3910d5e455/execute/sync'
17:49:35.951 [Forwarding getElementAttribute on session 7ba8ff3bf30367aad55a4e3910d5e455 to remote] DEBUG org.asynchttpclient.netty.request.NettyRequestSender -- Using open Channel [id: 0x020b4601, L:/127.0.0.1:63420 - R:localhost/127.0.0.1:4444] for POST '/wd/hub/session/7ba8ff3bf30367aad55a4e3910d5e455/execute/sync'
17:49:35.978 [AsyncHttpClient-1-2] DEBUG org.asynchttpclient.netty.handler.HttpHandler -- 

Request DefaultHttpRequest(decodeResult: success, version: HTTP/1.1)
POST /wd/hub/session/7ba8ff3bf30367aad55a4e3910d5e455/execute/sync HTTP/1.1
traceparent: 00-4d4546dc4f1519326dfa77a515ce8edd-0ed1e309a07dd1e4-01
User-Agent: selenium/4.13.0 (java windows)
Content-Length: 47375
Content-Type: application/json; charset=utf-8
host: localhost:4444
accept: */*

Response DefaultHttpResponse(decodeResult: success, version: HTTP/1.1)
HTTP/1.1 200 OK
content-length: 16
content-type: application/json; charset=utf-8
cache-control: no-cache

17:49:35.978 [AsyncHttpClient-1-2] DEBUG org.asynchttpclient.netty.channel.ChannelManager -- Adding key: http://localhost:4444 for channel [id: 0x020b4601, L:/127.0.0.1:63420 - R:localhost/127.0.0.1:4444]
17:49:35.980 [Forwarding getElementAttribute on session 7ba8ff3bf30367aad55a4e3910d5e455 to remote] DEBUG org.asynchttpclient.netty.request.NettyRequestSender -- Using pooled Channel '[id: 0x020b4601, L:/127.0.0.1:63420 - R:localhost/127.0.0.1:4444]' for 'POST' to 'http://localhost:4444/wd/hub/session/7ba8ff3bf30367aad55a4e3910d5e455/execute/sync'
17:49:35.981 [Forwarding getElementAttribute on session 7ba8ff3bf30367aad55a4e3910d5e455 to remote] DEBUG org.asynchttpclient.netty.request.NettyRequestSender -- Using open Channel [id: 0x020b4601, L:/127.0.0.1:63420 - R:localhost/127.0.0.1:4444] for POST '/wd/hub/session/7ba8ff3bf30367aad55a4e3910d5e455/execute/sync'
17:49:36.007 [AsyncHttpClient-1-2] DEBUG org.asynchttpclient.netty.handler.HttpHandler -- 

Request DefaultHttpRequest(decodeResult: success, version: HTTP/1.1)
POST /wd/hub/session/7ba8ff3bf30367aad55a4e3910d5e455/execute/sync HTTP/1.1
traceparent: 00-649ed188a6ddf489582ac833ffb73a00-f9e584c88b4032a8-01
User-Agent: selenium/4.13.0 (java windows)
Content-Length: 47380
Content-Type: application/json; charset=utf-8
host: localhost:4444
accept: */*

Response DefaultHttpResponse(decodeResult: success, version: HTTP/1.1)
HTTP/1.1 200 OK
content-length: 20
content-type: application/json; charset=utf-8
cache-control: no-cache

17:49:36.007 [AsyncHttpClient-1-2] DEBUG org.asynchttpclient.netty.channel.ChannelManager -- Adding key: http://localhost:4444 for channel [id: 0x020b4601, L:/127.0.0.1:63420 - R:localhost/127.0.0.1:4444]
17:49:36.009 [Forwarding getElementAttribute on session 7ba8ff3bf30367aad55a4e3910d5e455 to remote] DEBUG org.asynchttpclient.netty.request.NettyRequestSender -- Using pooled Channel '[id: 0x020b4601, L:/127.0.0.1:63420 - R:localhost/127.0.0.1:4444]' for 'POST' to 'http://localhost:4444/wd/hub/session/7ba8ff3bf30367aad55a4e3910d5e455/execute/sync'
17:49:36.009 [Forwarding getElementAttribute on session 7ba8ff3bf30367aad55a4e3910d5e455 to remote] DEBUG org.asynchttpclient.netty.request.NettyRequestSender -- Using open Channel [id: 0x020b4601, L:/127.0.0.1:63420 - R:localhost/127.0.0.1:4444] for POST '/wd/hub/session/7ba8ff3bf30367aad55a4e3910d5e455/execute/sync'
17:49:36.033 [AsyncHttpClient-1-2] DEBUG org.asynchttpclient.netty.handler.HttpHandler -- 

Request DefaultHttpRequest(decodeResult: success, version: HTTP/1.1)
POST /wd/hub/session/7ba8ff3bf30367aad55a4e3910d5e455/execute/sync HTTP/1.1
traceparent: 00-8573ad0a026c1b3ffa77b7ed09ff296a-72c182e90b9f1ec0-01
User-Agent: selenium/4.13.0 (java windows)
Content-Length: 47373
Content-Type: application/json; charset=utf-8
host: localhost:4444
accept: */*

Response DefaultHttpResponse(decodeResult: success, version: HTTP/1.1)
HTTP/1.1 200 OK
content-length: 21
content-type: application/json; charset=utf-8
cache-control: no-cache

17:49:36.034 [AsyncHttpClient-1-2] DEBUG org.asynchttpclient.netty.channel.ChannelManager -- Adding key: http://localhost:4444 for channel [id: 0x020b4601, L:/127.0.0.1:63420 - R:localhost/127.0.0.1:4444]
17:49:36.035 [Forwarding getElementAttribute on session 7ba8ff3bf30367aad55a4e3910d5e455 to remote] DEBUG org.asynchttpclient.netty.request.NettyRequestSender -- Using pooled Channel '[id: 0x020b4601, L:/127.0.0.1:63420 - R:localhost/127.0.0.1:4444]' for 'POST' to 'http://localhost:4444/wd/hub/session/7ba8ff3bf30367aad55a4e3910d5e455/execute/sync'
17:49:36.036 [Forwarding getElementAttribute on session 7ba8ff3bf30367aad55a4e3910d5e455 to remote] DEBUG org.asynchttpclient.netty.request.NettyRequestSender -- Using open Channel [id: 0x020b4601, L:/127.0.0.1:63420 - R:localhost/127.0.0.1:4444] for POST '/wd/hub/session/7ba8ff3bf30367aad55a4e3910d5e455/execute/sync'
17:49:36.059 [AsyncHttpClient-1-2] DEBUG org.asynchttpclient.netty.handler.HttpHandler -- 

Request DefaultHttpRequest(decodeResult: success, version: HTTP/1.1)
POST /wd/hub/session/7ba8ff3bf30367aad55a4e3910d5e455/execute/sync HTTP/1.1
traceparent: 00-5e66cfdb8cb09b485023ab6313439a3e-8a3f506522cd0cdf-01
User-Agent: selenium/4.13.0 (java windows)
Content-Length: 47375
Content-Type: application/json; charset=utf-8
host: localhost:4444
accept: */*

Response DefaultHttpResponse(decodeResult: success, version: HTTP/1.1)
HTTP/1.1 200 OK
content-length: 21
content-type: application/json; charset=utf-8
cache-control: no-cache

17:49:36.059 [AsyncHttpClient-1-2] DEBUG org.asynchttpclient.netty.channel.ChannelManager -- Adding key: http://localhost:4444 for channel [id: 0x020b4601, L:/127.0.0.1:63420 - R:localhost/127.0.0.1:4444]
17:49:36.061 [Forwarding getElementAttribute on session 7ba8ff3bf30367aad55a4e3910d5e455 to remote] DEBUG org.asynchttpclient.netty.request.NettyRequestSender -- Using pooled Channel '[id: 0x020b4601, L:/127.0.0.1:63420 - R:localhost/127.0.0.1:4444]' for 'POST' to 'http://localhost:4444/wd/hub/session/7ba8ff3bf30367aad55a4e3910d5e455/execute/sync'
17:49:36.061 [Forwarding getElementAttribute on session 7ba8ff3bf30367aad55a4e3910d5e455 to remote] DEBUG org.asynchttpclient.netty.request.NettyRequestSender -- Using open Channel [id: 0x020b4601, L:/127.0.0.1:63420 - R:localhost/127.0.0.1:4444] for POST '/wd/hub/session/7ba8ff3bf30367aad55a4e3910d5e455/execute/sync'
17:49:36.092 [AsyncHttpClient-1-2] DEBUG org.asynchttpclient.netty.handler.HttpHandler -- 

Request DefaultHttpRequest(decodeResult: success, version: HTTP/1.1)
POST /wd/hub/session/7ba8ff3bf30367aad55a4e3910d5e455/execute/sync HTTP/1.1
traceparent: 00-8cbd520032c0061023499f842cb78119-b6c46f07164ec8b8-01
User-Agent: selenium/4.13.0 (java windows)
Content-Length: 47382
Content-Type: application/json; charset=utf-8
host: localhost:4444
accept: */*

Response DefaultHttpResponse(decodeResult: success, version: HTTP/1.1)
HTTP/1.1 200 OK
content-length: 15
content-type: application/json; charset=utf-8
cache-control: no-cache

17:49:36.093 [AsyncHttpClient-1-2] DEBUG org.asynchttpclient.netty.channel.ChannelManager -- Adding key: http://localhost:4444 for channel [id: 0x020b4601, L:/127.0.0.1:63420 - R:localhost/127.0.0.1:4444]
17:49:36.096 [Forwarding getElementAttribute on session 7ba8ff3bf30367aad55a4e3910d5e455 to remote] DEBUG org.asynchttpclient.netty.request.NettyRequestSender -- Using pooled Channel '[id: 0x020b4601, L:/127.0.0.1:63420 - R:localhost/127.0.0.1:4444]' for 'POST' to 'http://localhost:4444/wd/hub/session/7ba8ff3bf30367aad55a4e3910d5e455/execute/sync'
17:49:36.096 [Forwarding getElementAttribute on session 7ba8ff3bf30367aad55a4e3910d5e455 to remote] DEBUG org.asynchttpclient.netty.request.NettyRequestSender -- Using open Channel [id: 0x020b4601, L:/127.0.0.1:63420 - R:localhost/127.0.0.1:4444] for POST '/wd/hub/session/7ba8ff3bf30367aad55a4e3910d5e455/execute/sync'
17:49:36.122 [AsyncHttpClient-1-2] DEBUG org.asynchttpclient.netty.handler.HttpHandler -- 

Request DefaultHttpRequest(decodeResult: success, version: HTTP/1.1)
POST /wd/hub/session/7ba8ff3bf30367aad55a4e3910d5e455/execute/sync HTTP/1.1
traceparent: 00-ec4109b15ff5a156a2e0b8c88b28cfb6-1ecda5f1dff5282c-01
User-Agent: selenium/4.13.0 (java windows)
Content-Length: 47385
Content-Type: application/json; charset=utf-8
host: localhost:4444
accept: */*

Response DefaultHttpResponse(decodeResult: success, version: HTTP/1.1)
HTTP/1.1 200 OK
content-length: 16
content-type: application/json; charset=utf-8
cache-control: no-cache

17:49:36.122 [AsyncHttpClient-1-2] DEBUG org.asynchttpclient.netty.channel.ChannelManager -- Adding key: http://localhost:4444 for channel [id: 0x020b4601, L:/127.0.0.1:63420 - R:localhost/127.0.0.1:4444]
17:49:36.125 [Forwarding getElementAttribute on session 7ba8ff3bf30367aad55a4e3910d5e455 to remote] DEBUG org.asynchttpclient.netty.request.NettyRequestSender -- Using pooled Channel '[id: 0x020b4601, L:/127.0.0.1:63420 - R:localhost/127.0.0.1:4444]' for 'POST' to 'http://localhost:4444/wd/hub/session/7ba8ff3bf30367aad55a4e3910d5e455/execute/sync'
17:49:36.125 [Forwarding getElementAttribute on session 7ba8ff3bf30367aad55a4e3910d5e455 to remote] DEBUG org.asynchttpclient.netty.request.NettyRequestSender -- Using open Channel [id: 0x020b4601, L:/127.0.0.1:63420 - R:localhost/127.0.0.1:4444] for POST '/wd/hub/session/7ba8ff3bf30367aad55a4e3910d5e455/execute/sync'
17:49:36.153 [AsyncHttpClient-1-2] DEBUG org.asynchttpclient.netty.handler.HttpHandler -- 

Request DefaultHttpRequest(decodeResult: success, version: HTTP/1.1)
POST /wd/hub/session/7ba8ff3bf30367aad55a4e3910d5e455/execute/sync HTTP/1.1
traceparent: 00-34060fd67015955d9d52687c56068eef-66628c94119f98bb-01
User-Agent: selenium/4.13.0 (java windows)
Content-Length: 47376
Content-Type: application/json; charset=utf-8
host: localhost:4444
accept: */*

Response DefaultHttpResponse(decodeResult: success, version: HTTP/1.1)
HTTP/1.1 200 OK
content-length: 24
content-type: application/json; charset=utf-8
cache-control: no-cache

17:49:36.153 [AsyncHttpClient-1-2] DEBUG org.asynchttpclient.netty.channel.ChannelManager -- Adding key: http://localhost:4444 for channel [id: 0x020b4601, L:/127.0.0.1:63420 - R:localhost/127.0.0.1:4444]
17:49:36.153 [main] INFO helpers.LoggerHelper -- Testing user: problem_user
17:49:36.154 [Forwarding findElement on session 7ba8ff3bf30367aad55a4e3910d5e455 to remote] DEBUG org.asynchttpclient.netty.request.NettyRequestSender -- Using pooled Channel '[id: 0x020b4601, L:/127.0.0.1:63420 - R:localhost/127.0.0.1:4444]' for 'POST' to 'http://localhost:4444/wd/hub/session/7ba8ff3bf30367aad55a4e3910d5e455/element'
17:49:36.154 [Forwarding findElement on session 7ba8ff3bf30367aad55a4e3910d5e455 to remote] DEBUG org.asynchttpclient.netty.request.NettyRequestSender -- Using open Channel [id: 0x020b4601, L:/127.0.0.1:63420 - R:localhost/127.0.0.1:4444] for POST '/wd/hub/session/7ba8ff3bf30367aad55a4e3910d5e455/element'
17:49:36.181 [AsyncHttpClient-1-2] DEBUG org.asynchttpclient.netty.handler.HttpHandler -- 

Request DefaultHttpRequest(decodeResult: success, version: HTTP/1.1)
POST /wd/hub/session/7ba8ff3bf30367aad55a4e3910d5e455/element HTTP/1.1
traceparent: 00-969ff369630c353c49549302f098b365-d8a129ece050808a-01
User-Agent: selenium/4.13.0 (java windows)
Content-Length: 53
Content-Type: application/json; charset=utf-8
host: localhost:4444
accept: */*

Response DefaultHttpResponse(decodeResult: success, version: HTTP/1.1)
HTTP/1.1 200 OK
content-length: 96
content-type: application/json; charset=utf-8
cache-control: no-cache

17:49:36.181 [AsyncHttpClient-1-2] DEBUG org.asynchttpclient.netty.channel.ChannelManager -- Adding key: http://localhost:4444 for channel [id: 0x020b4601, L:/127.0.0.1:63420 - R:localhost/127.0.0.1:4444]
17:49:36.183 [Forwarding isElementDisplayed on session 7ba8ff3bf30367aad55a4e3910d5e455 to remote] DEBUG org.asynchttpclient.netty.request.NettyRequestSender -- Using pooled Channel '[id: 0x020b4601, L:/127.0.0.1:63420 - R:localhost/127.0.0.1:4444]' for 'POST' to 'http://localhost:4444/wd/hub/session/7ba8ff3bf30367aad55a4e3910d5e455/execute/sync'
17:49:36.184 [Forwarding isElementDisplayed on session 7ba8ff3bf30367aad55a4e3910d5e455 to remote] DEBUG org.asynchttpclient.netty.request.NettyRequestSender -- Using open Channel [id: 0x020b4601, L:/127.0.0.1:63420 - R:localhost/127.0.0.1:4444] for POST '/wd/hub/session/7ba8ff3bf30367aad55a4e3910d5e455/execute/sync'
17:49:36.209 [AsyncHttpClient-1-2] DEBUG org.asynchttpclient.netty.handler.HttpHandler -- 

Request DefaultHttpRequest(decodeResult: success, version: HTTP/1.1)
POST /wd/hub/session/7ba8ff3bf30367aad55a4e3910d5e455/execute/sync HTTP/1.1
traceparent: 00-af8025fd8f71ab397178e970a13244b6-4bd45921f5b7426b-01
User-Agent: selenium/4.13.0 (java windows)
Content-Length: 48815
Content-Type: application/json; charset=utf-8
host: localhost:4444
accept: */*

Response DefaultHttpResponse(decodeResult: success, version: HTTP/1.1)
HTTP/1.1 200 OK
content-length: 14
content-type: application/json; charset=utf-8
cache-control: no-cache

17:49:36.209 [AsyncHttpClient-1-2] DEBUG org.asynchttpclient.netty.channel.ChannelManager -- Adding key: http://localhost:4444 for channel [id: 0x020b4601, L:/127.0.0.1:63420 - R:localhost/127.0.0.1:4444]
17:49:36.210 [Forwarding findElement on session 7ba8ff3bf30367aad55a4e3910d5e455 to remote] DEBUG org.asynchttpclient.netty.request.NettyRequestSender -- Using pooled Channel '[id: 0x020b4601, L:/127.0.0.1:63420 - R:localhost/127.0.0.1:4444]' for 'POST' to 'http://localhost:4444/wd/hub/session/7ba8ff3bf30367aad55a4e3910d5e455/element'
17:49:36.210 [Forwarding findElement on session 7ba8ff3bf30367aad55a4e3910d5e455 to remote] DEBUG org.asynchttpclient.netty.request.NettyRequestSender -- Using open Channel [id: 0x020b4601, L:/127.0.0.1:63420 - R:localhost/127.0.0.1:4444] for POST '/wd/hub/session/7ba8ff3bf30367aad55a4e3910d5e455/element'
17:49:36.239 [AsyncHttpClient-1-2] DEBUG org.asynchttpclient.netty.handler.HttpHandler -- 

Request DefaultHttpRequest(decodeResult: success, version: HTTP/1.1)
POST /wd/hub/session/7ba8ff3bf30367aad55a4e3910d5e455/element HTTP/1.1
traceparent: 00-a8d71d2a48632b4b60238c26a7eb14d0-3d369a118054e758-01
User-Agent: selenium/4.13.0 (java windows)
Content-Length: 53
Content-Type: application/json; charset=utf-8
host: localhost:4444
accept: */*

Response DefaultHttpResponse(decodeResult: success, version: HTTP/1.1)
HTTP/1.1 200 OK
content-length: 96
content-type: application/json; charset=utf-8
cache-control: no-cache

17:49:36.240 [AsyncHttpClient-1-2] DEBUG org.asynchttpclient.netty.channel.ChannelManager -- Adding key: http://localhost:4444 for channel [id: 0x020b4601, L:/127.0.0.1:63420 - R:localhost/127.0.0.1:4444]
17:49:36.241 [Forwarding sendKeysToElement on session 7ba8ff3bf30367aad55a4e3910d5e455 to remote] DEBUG org.asynchttpclient.netty.request.NettyRequestSender -- Using pooled Channel '[id: 0x020b4601, L:/127.0.0.1:63420 - R:localhost/127.0.0.1:4444]' for 'POST' to 'http://localhost:4444/wd/hub/session/7ba8ff3bf30367aad55a4e3910d5e455/element/5D9EDA6B600D0B46BE13A5A03D7F7641_element_103/value'
17:49:36.241 [Forwarding sendKeysToElement on session 7ba8ff3bf30367aad55a4e3910d5e455 to remote] DEBUG org.asynchttpclient.netty.request.NettyRequestSender -- Using open Channel [id: 0x020b4601, L:/127.0.0.1:63420 - R:localhost/127.0.0.1:4444] for POST '/wd/hub/session/7ba8ff3bf30367aad55a4e3910d5e455/element/5D9EDA6B600D0B46BE13A5A03D7F7641_element_103/value'
17:49:36.333 [AsyncHttpClient-1-2] DEBUG org.asynchttpclient.netty.handler.HttpHandler -- 

Request DefaultHttpRequest(decodeResult: success, version: HTTP/1.1)
POST /wd/hub/session/7ba8ff3bf30367aad55a4e3910d5e455/element/5D9EDA6B600D0B46BE13A5A03D7F7641_element_103/value HTTP/1.1
traceparent: 00-8a3383ffdc51a7a3d8f77d23d2e25f89-0fec3940b7d7c3ed-01
User-Agent: selenium/4.13.0 (java windows)
Content-Length: 209
Content-Type: application/json; charset=utf-8
host: localhost:4444
accept: */*

Response DefaultHttpResponse(decodeResult: success, version: HTTP/1.1)
HTTP/1.1 200 OK
content-length: 14
content-type: application/json; charset=utf-8
cache-control: no-cache

17:49:36.333 [AsyncHttpClient-1-2] DEBUG org.asynchttpclient.netty.channel.ChannelManager -- Adding key: http://localhost:4444 for channel [id: 0x020b4601, L:/127.0.0.1:63420 - R:localhost/127.0.0.1:4444]
17:49:36.334 [Forwarding findElement on session 7ba8ff3bf30367aad55a4e3910d5e455 to remote] DEBUG org.asynchttpclient.netty.request.NettyRequestSender -- Using pooled Channel '[id: 0x020b4601, L:/127.0.0.1:63420 - R:localhost/127.0.0.1:4444]' for 'POST' to 'http://localhost:4444/wd/hub/session/7ba8ff3bf30367aad55a4e3910d5e455/element'
17:49:36.334 [Forwarding findElement on session 7ba8ff3bf30367aad55a4e3910d5e455 to remote] DEBUG org.asynchttpclient.netty.request.NettyRequestSender -- Using open Channel [id: 0x020b4601, L:/127.0.0.1:63420 - R:localhost/127.0.0.1:4444] for POST '/wd/hub/session/7ba8ff3bf30367aad55a4e3910d5e455/element'
17:49:36.354 [AsyncHttpClient-1-2] DEBUG org.asynchttpclient.netty.handler.HttpHandler -- 

Request DefaultHttpRequest(decodeResult: success, version: HTTP/1.1)
POST /wd/hub/session/7ba8ff3bf30367aad55a4e3910d5e455/element HTTP/1.1
traceparent: 00-67e63df3c38e0318124e67c86fb8e264-8faf1307bd1246a6-01
User-Agent: selenium/4.13.0 (java windows)
Content-Length: 53
Content-Type: application/json; charset=utf-8
host: localhost:4444
accept: */*

Response DefaultHttpResponse(decodeResult: success, version: HTTP/1.1)
HTTP/1.1 200 OK
content-length: 96
content-type: application/json; charset=utf-8
cache-control: no-cache

17:49:36.354 [AsyncHttpClient-1-2] DEBUG org.asynchttpclient.netty.channel.ChannelManager -- Adding key: http://localhost:4444 for channel [id: 0x020b4601, L:/127.0.0.1:63420 - R:localhost/127.0.0.1:4444]
17:49:36.356 [Forwarding getElementAttribute on session 7ba8ff3bf30367aad55a4e3910d5e455 to remote] DEBUG org.asynchttpclient.netty.request.NettyRequestSender -- Using pooled Channel '[id: 0x020b4601, L:/127.0.0.1:63420 - R:localhost/127.0.0.1:4444]' for 'POST' to 'http://localhost:4444/wd/hub/session/7ba8ff3bf30367aad55a4e3910d5e455/execute/sync'
17:49:36.356 [Forwarding getElementAttribute on session 7ba8ff3bf30367aad55a4e3910d5e455 to remote] DEBUG org.asynchttpclient.netty.request.NettyRequestSender -- Using open Channel [id: 0x020b4601, L:/127.0.0.1:63420 - R:localhost/127.0.0.1:4444] for POST '/wd/hub/session/7ba8ff3bf30367aad55a4e3910d5e455/execute/sync'
17:49:36.377 [AsyncHttpClient-1-2] DEBUG org.asynchttpclient.netty.handler.HttpHandler -- 

Request DefaultHttpRequest(decodeResult: success, version: HTTP/1.1)
POST /wd/hub/session/7ba8ff3bf30367aad55a4e3910d5e455/execute/sync HTTP/1.1
traceparent: 00-c68550554da59278059c1adcd8ce81fc-628d7ab63129c2d2-01
User-Agent: selenium/4.13.0 (java windows)
Content-Length: 47380
Content-Type: application/json; charset=utf-8
host: localhost:4444
accept: */*

Response DefaultHttpResponse(decodeResult: success, version: HTTP/1.1)
HTTP/1.1 200 OK
content-length: 224
content-type: application/json; charset=utf-8
cache-control: no-cache

17:49:36.377 [AsyncHttpClient-1-2] DEBUG org.asynchttpclient.netty.channel.ChannelManager -- Adding key: http://localhost:4444 for channel [id: 0x020b4601, L:/127.0.0.1:63420 - R:localhost/127.0.0.1:4444]
17:49:36.379 [Forwarding getElementAttribute on session 7ba8ff3bf30367aad55a4e3910d5e455 to remote] DEBUG org.asynchttpclient.netty.request.NettyRequestSender -- Using pooled Channel '[id: 0x020b4601, L:/127.0.0.1:63420 - R:localhost/127.0.0.1:4444]' for 'POST' to 'http://localhost:4444/wd/hub/session/7ba8ff3bf30367aad55a4e3910d5e455/execute/sync'
17:49:36.379 [Forwarding getElementAttribute on session 7ba8ff3bf30367aad55a4e3910d5e455 to remote] DEBUG org.asynchttpclient.netty.request.NettyRequestSender -- Using open Channel [id: 0x020b4601, L:/127.0.0.1:63420 - R:localhost/127.0.0.1:4444] for POST '/wd/hub/session/7ba8ff3bf30367aad55a4e3910d5e455/execute/sync'
17:49:36.401 [AsyncHttpClient-1-2] DEBUG org.asynchttpclient.netty.handler.HttpHandler -- 

Request DefaultHttpRequest(decodeResult: success, version: HTTP/1.1)
POST /wd/hub/session/7ba8ff3bf30367aad55a4e3910d5e455/execute/sync HTTP/1.1
traceparent: 00-78de115bf3cb6c6225bd526522e76c2c-58117e7a2d237436-01
User-Agent: selenium/4.13.0 (java windows)
Content-Length: 47376
Content-Type: application/json; charset=utf-8
host: localhost:4444
accept: */*

Response DefaultHttpResponse(decodeResult: success, version: HTTP/1.1)
HTTP/1.1 200 OK
content-length: 34
content-type: application/json; charset=utf-8
cache-control: no-cache

17:49:36.401 [AsyncHttpClient-1-2] DEBUG org.asynchttpclient.netty.channel.ChannelManager -- Adding key: http://localhost:4444 for channel [id: 0x020b4601, L:/127.0.0.1:63420 - R:localhost/127.0.0.1:4444]
17:49:36.403 [Forwarding getElementAttribute on session 7ba8ff3bf30367aad55a4e3910d5e455 to remote] DEBUG org.asynchttpclient.netty.request.NettyRequestSender -- Using pooled Channel '[id: 0x020b4601, L:/127.0.0.1:63420 - R:localhost/127.0.0.1:4444]' for 'POST' to 'http://localhost:4444/wd/hub/session/7ba8ff3bf30367aad55a4e3910d5e455/execute/sync'
17:49:36.403 [Forwarding getElementAttribute on session 7ba8ff3bf30367aad55a4e3910d5e455 to remote] DEBUG org.asynchttpclient.netty.request.NettyRequestSender -- Using open Channel [id: 0x020b4601, L:/127.0.0.1:63420 - R:localhost/127.0.0.1:4444] for POST '/wd/hub/session/7ba8ff3bf30367aad55a4e3910d5e455/execute/sync'
17:49:36.425 [AsyncHttpClient-1-2] DEBUG org.asynchttpclient.netty.handler.HttpHandler -- 

Request DefaultHttpRequest(decodeResult: success, version: HTTP/1.1)
POST /wd/hub/session/7ba8ff3bf30367aad55a4e3910d5e455/execute/sync HTTP/1.1
traceparent: 00-2cb1a26f4aac816a07e8e4ba5436efe3-1a3395edec2e3082-01
User-Agent: selenium/4.13.0 (java windows)
Content-Length: 47382
Content-Type: application/json; charset=utf-8
host: localhost:4444
accept: */*

Response DefaultHttpResponse(decodeResult: success, version: HTTP/1.1)
HTTP/1.1 200 OK
content-length: 20
content-type: application/json; charset=utf-8
cache-control: no-cache

17:49:36.425 [AsyncHttpClient-1-2] DEBUG org.asynchttpclient.netty.channel.ChannelManager -- Adding key: http://localhost:4444 for channel [id: 0x020b4601, L:/127.0.0.1:63420 - R:localhost/127.0.0.1:4444]
17:49:36.426 [Forwarding getElementAttribute on session 7ba8ff3bf30367aad55a4e3910d5e455 to remote] DEBUG org.asynchttpclient.netty.request.NettyRequestSender -- Using pooled Channel '[id: 0x020b4601, L:/127.0.0.1:63420 - R:localhost/127.0.0.1:4444]' for 'POST' to 'http://localhost:4444/wd/hub/session/7ba8ff3bf30367aad55a4e3910d5e455/execute/sync'
17:49:36.426 [Forwarding getElementAttribute on session 7ba8ff3bf30367aad55a4e3910d5e455 to remote] DEBUG org.asynchttpclient.netty.request.NettyRequestSender -- Using open Channel [id: 0x020b4601, L:/127.0.0.1:63420 - R:localhost/127.0.0.1:4444] for POST '/wd/hub/session/7ba8ff3bf30367aad55a4e3910d5e455/execute/sync'
17:49:36.449 [AsyncHttpClient-1-2] DEBUG org.asynchttpclient.netty.handler.HttpHandler -- 

Request DefaultHttpRequest(decodeResult: success, version: HTTP/1.1)
POST /wd/hub/session/7ba8ff3bf30367aad55a4e3910d5e455/execute/sync HTTP/1.1
traceparent: 00-d5e327d23b57b712a2d45bbd4382ecb5-f9a45b10dc79946c-01
User-Agent: selenium/4.13.0 (java windows)
Content-Length: 47375
Content-Type: application/json; charset=utf-8
host: localhost:4444
accept: */*

Response DefaultHttpResponse(decodeResult: success, version: HTTP/1.1)
HTTP/1.1 200 OK
content-length: 20
content-type: application/json; charset=utf-8
cache-control: no-cache

17:49:36.449 [AsyncHttpClient-1-2] DEBUG org.asynchttpclient.netty.channel.ChannelManager -- Adding key: http://localhost:4444 for channel [id: 0x020b4601, L:/127.0.0.1:63420 - R:localhost/127.0.0.1:4444]
17:49:36.451 [Forwarding getElementAttribute on session 7ba8ff3bf30367aad55a4e3910d5e455 to remote] DEBUG org.asynchttpclient.netty.request.NettyRequestSender -- Using pooled Channel '[id: 0x020b4601, L:/127.0.0.1:63420 - R:localhost/127.0.0.1:4444]' for 'POST' to 'http://localhost:4444/wd/hub/session/7ba8ff3bf30367aad55a4e3910d5e455/execute/sync'
17:49:36.451 [Forwarding getElementAttribute on session 7ba8ff3bf30367aad55a4e3910d5e455 to remote] DEBUG org.asynchttpclient.netty.request.NettyRequestSender -- Using open Channel [id: 0x020b4601, L:/127.0.0.1:63420 - R:localhost/127.0.0.1:4444] for POST '/wd/hub/session/7ba8ff3bf30367aad55a4e3910d5e455/execute/sync'
17:49:36.471 [AsyncHttpClient-1-2] DEBUG org.asynchttpclient.netty.handler.HttpHandler -- 

Request DefaultHttpRequest(decodeResult: success, version: HTTP/1.1)
POST /wd/hub/session/7ba8ff3bf30367aad55a4e3910d5e455/execute/sync HTTP/1.1
traceparent: 00-7c516f4f8de3e9726020ee5ba1954be2-ac3d8d4b0aa0c4fb-01
User-Agent: selenium/4.13.0 (java windows)
Content-Length: 47380
Content-Type: application/json; charset=utf-8
host: localhost:4444
accept: */*

Response DefaultHttpResponse(decodeResult: success, version: HTTP/1.1)
HTTP/1.1 200 OK
content-length: 20
content-type: application/json; charset=utf-8
cache-control: no-cache

17:49:36.471 [AsyncHttpClient-1-2] DEBUG org.asynchttpclient.netty.channel.ChannelManager -- Adding key: http://localhost:4444 for channel [id: 0x020b4601, L:/127.0.0.1:63420 - R:localhost/127.0.0.1:4444]
17:49:36.473 [Forwarding getElementAttribute on session 7ba8ff3bf30367aad55a4e3910d5e455 to remote] DEBUG org.asynchttpclient.netty.request.NettyRequestSender -- Using pooled Channel '[id: 0x020b4601, L:/127.0.0.1:63420 - R:localhost/127.0.0.1:4444]' for 'POST' to 'http://localhost:4444/wd/hub/session/7ba8ff3bf30367aad55a4e3910d5e455/execute/sync'
17:49:36.473 [Forwarding getElementAttribute on session 7ba8ff3bf30367aad55a4e3910d5e455 to remote] DEBUG org.asynchttpclient.netty.request.NettyRequestSender -- Using open Channel [id: 0x020b4601, L:/127.0.0.1:63420 - R:localhost/127.0.0.1:4444] for POST '/wd/hub/session/7ba8ff3bf30367aad55a4e3910d5e455/execute/sync'
17:49:36.492 [AsyncHttpClient-1-2] DEBUG org.asynchttpclient.netty.handler.HttpHandler -- 

Request DefaultHttpRequest(decodeResult: success, version: HTTP/1.1)
POST /wd/hub/session/7ba8ff3bf30367aad55a4e3910d5e455/execute/sync HTTP/1.1
traceparent: 00-5f4fd4ecd6cff72ff5fc386e3a177f13-3f4198d45c74e2c3-01
User-Agent: selenium/4.13.0 (java windows)
Content-Length: 47373
Content-Type: application/json; charset=utf-8
host: localhost:4444
accept: */*

Response DefaultHttpResponse(decodeResult: success, version: HTTP/1.1)
HTTP/1.1 200 OK
content-length: 20
content-type: application/json; charset=utf-8
cache-control: no-cache

17:49:36.492 [AsyncHttpClient-1-2] DEBUG org.asynchttpclient.netty.channel.ChannelManager -- Adding key: http://localhost:4444 for channel [id: 0x020b4601, L:/127.0.0.1:63420 - R:localhost/127.0.0.1:4444]
17:49:36.494 [Forwarding getElementAttribute on session 7ba8ff3bf30367aad55a4e3910d5e455 to remote] DEBUG org.asynchttpclient.netty.request.NettyRequestSender -- Using pooled Channel '[id: 0x020b4601, L:/127.0.0.1:63420 - R:localhost/127.0.0.1:4444]' for 'POST' to 'http://localhost:4444/wd/hub/session/7ba8ff3bf30367aad55a4e3910d5e455/execute/sync'
17:49:36.494 [Forwarding getElementAttribute on session 7ba8ff3bf30367aad55a4e3910d5e455 to remote] DEBUG org.asynchttpclient.netty.request.NettyRequestSender -- Using open Channel [id: 0x020b4601, L:/127.0.0.1:63420 - R:localhost/127.0.0.1:4444] for POST '/wd/hub/session/7ba8ff3bf30367aad55a4e3910d5e455/execute/sync'
17:49:36.517 [AsyncHttpClient-1-2] DEBUG org.asynchttpclient.netty.handler.HttpHandler -- 

Request DefaultHttpRequest(decodeResult: success, version: HTTP/1.1)
POST /wd/hub/session/7ba8ff3bf30367aad55a4e3910d5e455/execute/sync HTTP/1.1
traceparent: 00-33efbc6d324cb216bc459eac8af74fef-e9d60c97c9598775-01
User-Agent: selenium/4.13.0 (java windows)
Content-Length: 47375
Content-Type: application/json; charset=utf-8
host: localhost:4444
accept: */*

Response DefaultHttpResponse(decodeResult: success, version: HTTP/1.1)
HTTP/1.1 200 OK
content-length: 20
content-type: application/json; charset=utf-8
cache-control: no-cache

17:49:36.517 [AsyncHttpClient-1-2] DEBUG org.asynchttpclient.netty.channel.ChannelManager -- Adding key: http://localhost:4444 for channel [id: 0x020b4601, L:/127.0.0.1:63420 - R:localhost/127.0.0.1:4444]
17:49:36.520 [Forwarding getElementAttribute on session 7ba8ff3bf30367aad55a4e3910d5e455 to remote] DEBUG org.asynchttpclient.netty.request.NettyRequestSender -- Using pooled Channel '[id: 0x020b4601, L:/127.0.0.1:63420 - R:localhost/127.0.0.1:4444]' for 'POST' to 'http://localhost:4444/wd/hub/session/7ba8ff3bf30367aad55a4e3910d5e455/execute/sync'
17:49:36.520 [Forwarding getElementAttribute on session 7ba8ff3bf30367aad55a4e3910d5e455 to remote] DEBUG org.asynchttpclient.netty.request.NettyRequestSender -- Using open Channel [id: 0x020b4601, L:/127.0.0.1:63420 - R:localhost/127.0.0.1:4444] for POST '/wd/hub/session/7ba8ff3bf30367aad55a4e3910d5e455/execute/sync'
17:49:36.543 [AsyncHttpClient-1-2] DEBUG org.asynchttpclient.netty.handler.HttpHandler -- 

Request DefaultHttpRequest(decodeResult: success, version: HTTP/1.1)
POST /wd/hub/session/7ba8ff3bf30367aad55a4e3910d5e455/execute/sync HTTP/1.1
traceparent: 00-fb2f47536b899e5582228aac741a1b19-6bdcc151914dc949-01
User-Agent: selenium/4.13.0 (java windows)
Content-Length: 47382
Content-Type: application/json; charset=utf-8
host: localhost:4444
accept: */*

Response DefaultHttpResponse(decodeResult: success, version: HTTP/1.1)
HTTP/1.1 200 OK
content-length: 15
content-type: application/json; charset=utf-8
cache-control: no-cache

17:49:36.543 [AsyncHttpClient-1-2] DEBUG org.asynchttpclient.netty.channel.ChannelManager -- Adding key: http://localhost:4444 for channel [id: 0x020b4601, L:/127.0.0.1:63420 - R:localhost/127.0.0.1:4444]
17:49:36.546 [Forwarding getElementAttribute on session 7ba8ff3bf30367aad55a4e3910d5e455 to remote] DEBUG org.asynchttpclient.netty.request.NettyRequestSender -- Using pooled Channel '[id: 0x020b4601, L:/127.0.0.1:63420 - R:localhost/127.0.0.1:4444]' for 'POST' to 'http://localhost:4444/wd/hub/session/7ba8ff3bf30367aad55a4e3910d5e455/execute/sync'
17:49:36.546 [Forwarding getElementAttribute on session 7ba8ff3bf30367aad55a4e3910d5e455 to remote] DEBUG org.asynchttpclient.netty.request.NettyRequestSender -- Using open Channel [id: 0x020b4601, L:/127.0.0.1:63420 - R:localhost/127.0.0.1:4444] for POST '/wd/hub/session/7ba8ff3bf30367aad55a4e3910d5e455/execute/sync'
17:49:36.566 [AsyncHttpClient-1-2] DEBUG org.asynchttpclient.netty.handler.HttpHandler -- 

Request DefaultHttpRequest(decodeResult: success, version: HTTP/1.1)
POST /wd/hub/session/7ba8ff3bf30367aad55a4e3910d5e455/execute/sync HTTP/1.1
traceparent: 00-4617af866af426a6085f11c24948e413-d68f97288d5acbfe-01
User-Agent: selenium/4.13.0 (java windows)
Content-Length: 47385
Content-Type: application/json; charset=utf-8
host: localhost:4444
accept: */*

Response DefaultHttpResponse(decodeResult: success, version: HTTP/1.1)
HTTP/1.1 200 OK
content-length: 16
content-type: application/json; charset=utf-8
cache-control: no-cache

17:49:36.566 [AsyncHttpClient-1-2] DEBUG org.asynchttpclient.netty.channel.ChannelManager -- Adding key: http://localhost:4444 for channel [id: 0x020b4601, L:/127.0.0.1:63420 - R:localhost/127.0.0.1:4444]
17:49:36.567 [Forwarding getElementAttribute on session 7ba8ff3bf30367aad55a4e3910d5e455 to remote] DEBUG org.asynchttpclient.netty.request.NettyRequestSender -- Using pooled Channel '[id: 0x020b4601, L:/127.0.0.1:63420 - R:localhost/127.0.0.1:4444]' for 'POST' to 'http://localhost:4444/wd/hub/session/7ba8ff3bf30367aad55a4e3910d5e455/execute/sync'
17:49:36.567 [Forwarding getElementAttribute on session 7ba8ff3bf30367aad55a4e3910d5e455 to remote] DEBUG org.asynchttpclient.netty.request.NettyRequestSender -- Using open Channel [id: 0x020b4601, L:/127.0.0.1:63420 - R:localhost/127.0.0.1:4444] for POST '/wd/hub/session/7ba8ff3bf30367aad55a4e3910d5e455/execute/sync'
17:49:36.589 [AsyncHttpClient-1-2] DEBUG org.asynchttpclient.netty.handler.HttpHandler -- 

Request DefaultHttpRequest(decodeResult: success, version: HTTP/1.1)
POST /wd/hub/session/7ba8ff3bf30367aad55a4e3910d5e455/execute/sync HTTP/1.1
traceparent: 00-46532d457529aa966c976d6530d0e7d2-0eadc4152843dc5a-01
User-Agent: selenium/4.13.0 (java windows)
Content-Length: 47376
Content-Type: application/json; charset=utf-8
host: localhost:4444
accept: */*

Response DefaultHttpResponse(decodeResult: success, version: HTTP/1.1)
HTTP/1.1 200 OK
content-length: 24
content-type: application/json; charset=utf-8
cache-control: no-cache

17:49:36.589 [AsyncHttpClient-1-2] DEBUG org.asynchttpclient.netty.channel.ChannelManager -- Adding key: http://localhost:4444 for channel [id: 0x020b4601, L:/127.0.0.1:63420 - R:localhost/127.0.0.1:4444]
17:49:36.590 [main] INFO helpers.LoggerHelper -- Testing password: secret_sauce
17:49:36.590 [Forwarding findElement on session 7ba8ff3bf30367aad55a4e3910d5e455 to remote] DEBUG org.asynchttpclient.netty.request.NettyRequestSender -- Using pooled Channel '[id: 0x020b4601, L:/127.0.0.1:63420 - R:localhost/127.0.0.1:4444]' for 'POST' to 'http://localhost:4444/wd/hub/session/7ba8ff3bf30367aad55a4e3910d5e455/element'
17:49:36.590 [Forwarding findElement on session 7ba8ff3bf30367aad55a4e3910d5e455 to remote] DEBUG org.asynchttpclient.netty.request.NettyRequestSender -- Using open Channel [id: 0x020b4601, L:/127.0.0.1:63420 - R:localhost/127.0.0.1:4444] for POST '/wd/hub/session/7ba8ff3bf30367aad55a4e3910d5e455/element'
17:49:36.610 [AsyncHttpClient-1-2] DEBUG org.asynchttpclient.netty.handler.HttpHandler -- 

Request DefaultHttpRequest(decodeResult: success, version: HTTP/1.1)
POST /wd/hub/session/7ba8ff3bf30367aad55a4e3910d5e455/element HTTP/1.1
traceparent: 00-9ac32b1398e52966d2123ab2254543fe-d30a0bb5b8e73a6a-01
User-Agent: selenium/4.13.0 (java windows)
Content-Length: 59
Content-Type: application/json; charset=utf-8
host: localhost:4444
accept: */*

Response DefaultHttpResponse(decodeResult: success, version: HTTP/1.1)
HTTP/1.1 200 OK
content-length: 96
content-type: application/json; charset=utf-8
cache-control: no-cache

17:49:36.610 [AsyncHttpClient-1-2] DEBUG org.asynchttpclient.netty.channel.ChannelManager -- Adding key: http://localhost:4444 for channel [id: 0x020b4601, L:/127.0.0.1:63420 - R:localhost/127.0.0.1:4444]
17:49:36.612 [Forwarding isElementDisplayed on session 7ba8ff3bf30367aad55a4e3910d5e455 to remote] DEBUG org.asynchttpclient.netty.request.NettyRequestSender -- Using pooled Channel '[id: 0x020b4601, L:/127.0.0.1:63420 - R:localhost/127.0.0.1:4444]' for 'POST' to 'http://localhost:4444/wd/hub/session/7ba8ff3bf30367aad55a4e3910d5e455/execute/sync'
17:49:36.612 [Forwarding isElementDisplayed on session 7ba8ff3bf30367aad55a4e3910d5e455 to remote] DEBUG org.asynchttpclient.netty.request.NettyRequestSender -- Using open Channel [id: 0x020b4601, L:/127.0.0.1:63420 - R:localhost/127.0.0.1:4444] for POST '/wd/hub/session/7ba8ff3bf30367aad55a4e3910d5e455/execute/sync'
17:49:36.638 [AsyncHttpClient-1-2] DEBUG org.asynchttpclient.netty.handler.HttpHandler -- 

Request DefaultHttpRequest(decodeResult: success, version: HTTP/1.1)
POST /wd/hub/session/7ba8ff3bf30367aad55a4e3910d5e455/execute/sync HTTP/1.1
traceparent: 00-8ec01347ac6f0cd5347d07132367d9b8-36b52cf4ec4f1bbe-01
User-Agent: selenium/4.13.0 (java windows)
Content-Length: 48815
Content-Type: application/json; charset=utf-8
host: localhost:4444
accept: */*

Response DefaultHttpResponse(decodeResult: success, version: HTTP/1.1)
HTTP/1.1 200 OK
content-length: 14
content-type: application/json; charset=utf-8
cache-control: no-cache

17:49:36.638 [AsyncHttpClient-1-2] DEBUG org.asynchttpclient.netty.channel.ChannelManager -- Adding key: http://localhost:4444 for channel [id: 0x020b4601, L:/127.0.0.1:63420 - R:localhost/127.0.0.1:4444]
17:49:36.639 [Forwarding findElement on session 7ba8ff3bf30367aad55a4e3910d5e455 to remote] DEBUG org.asynchttpclient.netty.request.NettyRequestSender -- Using pooled Channel '[id: 0x020b4601, L:/127.0.0.1:63420 - R:localhost/127.0.0.1:4444]' for 'POST' to 'http://localhost:4444/wd/hub/session/7ba8ff3bf30367aad55a4e3910d5e455/element'
17:49:36.639 [Forwarding findElement on session 7ba8ff3bf30367aad55a4e3910d5e455 to remote] DEBUG org.asynchttpclient.netty.request.NettyRequestSender -- Using open Channel [id: 0x020b4601, L:/127.0.0.1:63420 - R:localhost/127.0.0.1:4444] for POST '/wd/hub/session/7ba8ff3bf30367aad55a4e3910d5e455/element'
17:49:36.658 [AsyncHttpClient-1-2] DEBUG org.asynchttpclient.netty.handler.HttpHandler -- 

Request DefaultHttpRequest(decodeResult: success, version: HTTP/1.1)
POST /wd/hub/session/7ba8ff3bf30367aad55a4e3910d5e455/element HTTP/1.1
traceparent: 00-ff5966a124add8366c7081589387604b-90a0047134bb5363-01
User-Agent: selenium/4.13.0 (java windows)
Content-Length: 59
Content-Type: application/json; charset=utf-8
host: localhost:4444
accept: */*

Response DefaultHttpResponse(decodeResult: success, version: HTTP/1.1)
HTTP/1.1 200 OK
content-length: 96
content-type: application/json; charset=utf-8
cache-control: no-cache

17:49:36.658 [AsyncHttpClient-1-2] DEBUG org.asynchttpclient.netty.channel.ChannelManager -- Adding key: http://localhost:4444 for channel [id: 0x020b4601, L:/127.0.0.1:63420 - R:localhost/127.0.0.1:4444]
17:49:36.660 [Forwarding getElementAttribute on session 7ba8ff3bf30367aad55a4e3910d5e455 to remote] DEBUG org.asynchttpclient.netty.request.NettyRequestSender -- Using pooled Channel '[id: 0x020b4601, L:/127.0.0.1:63420 - R:localhost/127.0.0.1:4444]' for 'POST' to 'http://localhost:4444/wd/hub/session/7ba8ff3bf30367aad55a4e3910d5e455/execute/sync'
17:49:36.660 [Forwarding getElementAttribute on session 7ba8ff3bf30367aad55a4e3910d5e455 to remote] DEBUG org.asynchttpclient.netty.request.NettyRequestSender -- Using open Channel [id: 0x020b4601, L:/127.0.0.1:63420 - R:localhost/127.0.0.1:4444] for POST '/wd/hub/session/7ba8ff3bf30367aad55a4e3910d5e455/execute/sync'
17:49:36.680 [AsyncHttpClient-1-2] DEBUG org.asynchttpclient.netty.handler.HttpHandler -- 

Request DefaultHttpRequest(decodeResult: success, version: HTTP/1.1)
POST /wd/hub/session/7ba8ff3bf30367aad55a4e3910d5e455/execute/sync HTTP/1.1
traceparent: 00-7c4a9246173bdefb1943a400e7028038-2540e0b607b9e40c-01
User-Agent: selenium/4.13.0 (java windows)
Content-Length: 47380
Content-Type: application/json; charset=utf-8
host: localhost:4444
accept: */*

Response DefaultHttpResponse(decodeResult: success, version: HTTP/1.1)
HTTP/1.1 200 OK
content-length: 160
content-type: application/json; charset=utf-8
cache-control: no-cache

17:49:36.680 [AsyncHttpClient-1-2] DEBUG org.asynchttpclient.netty.channel.ChannelManager -- Adding key: http://localhost:4444 for channel [id: 0x020b4601, L:/127.0.0.1:63420 - R:localhost/127.0.0.1:4444]
17:49:36.682 [Forwarding getElementAttribute on session 7ba8ff3bf30367aad55a4e3910d5e455 to remote] DEBUG org.asynchttpclient.netty.request.NettyRequestSender -- Using pooled Channel '[id: 0x020b4601, L:/127.0.0.1:63420 - R:localhost/127.0.0.1:4444]' for 'POST' to 'http://localhost:4444/wd/hub/session/7ba8ff3bf30367aad55a4e3910d5e455/execute/sync'
17:49:36.682 [Forwarding getElementAttribute on session 7ba8ff3bf30367aad55a4e3910d5e455 to remote] DEBUG org.asynchttpclient.netty.request.NettyRequestSender -- Using open Channel [id: 0x020b4601, L:/127.0.0.1:63420 - R:localhost/127.0.0.1:4444] for POST '/wd/hub/session/7ba8ff3bf30367aad55a4e3910d5e455/execute/sync'
17:49:36.703 [AsyncHttpClient-1-2] DEBUG org.asynchttpclient.netty.handler.HttpHandler -- 

Request DefaultHttpRequest(decodeResult: success, version: HTTP/1.1)
POST /wd/hub/session/7ba8ff3bf30367aad55a4e3910d5e455/execute/sync HTTP/1.1
traceparent: 00-581c7b82b0fa4459b74d977fb8db2a13-62085cfa5038e687-01
User-Agent: selenium/4.13.0 (java windows)
Content-Length: 47375
Content-Type: application/json; charset=utf-8
host: localhost:4444
accept: */*

Response DefaultHttpResponse(decodeResult: success, version: HTTP/1.1)
HTTP/1.1 200 OK
content-length: 18
content-type: application/json; charset=utf-8
cache-control: no-cache

17:49:36.703 [AsyncHttpClient-1-2] DEBUG org.asynchttpclient.netty.channel.ChannelManager -- Adding key: http://localhost:4444 for channel [id: 0x020b4601, L:/127.0.0.1:63420 - R:localhost/127.0.0.1:4444]
17:49:36.705 [Forwarding getElementAttribute on session 7ba8ff3bf30367aad55a4e3910d5e455 to remote] DEBUG org.asynchttpclient.netty.request.NettyRequestSender -- Using pooled Channel '[id: 0x020b4601, L:/127.0.0.1:63420 - R:localhost/127.0.0.1:4444]' for 'POST' to 'http://localhost:4444/wd/hub/session/7ba8ff3bf30367aad55a4e3910d5e455/execute/sync'
17:49:36.705 [Forwarding getElementAttribute on session 7ba8ff3bf30367aad55a4e3910d5e455 to remote] DEBUG org.asynchttpclient.netty.request.NettyRequestSender -- Using open Channel [id: 0x020b4601, L:/127.0.0.1:63420 - R:localhost/127.0.0.1:4444] for POST '/wd/hub/session/7ba8ff3bf30367aad55a4e3910d5e455/execute/sync'
17:49:36.728 [AsyncHttpClient-1-2] DEBUG org.asynchttpclient.netty.handler.HttpHandler -- 

Request DefaultHttpRequest(decodeResult: success, version: HTTP/1.1)
POST /wd/hub/session/7ba8ff3bf30367aad55a4e3910d5e455/execute/sync HTTP/1.1
traceparent: 00-2d82f71c3535e77f49ea6b88648aef1a-0087a826a24dd210-01
User-Agent: selenium/4.13.0 (java windows)
Content-Length: 47376
Content-Type: application/json; charset=utf-8
host: localhost:4444
accept: */*

Response DefaultHttpResponse(decodeResult: success, version: HTTP/1.1)
HTTP/1.1 200 OK
content-length: 36
content-type: application/json; charset=utf-8
cache-control: no-cache

17:49:36.728 [AsyncHttpClient-1-2] DEBUG org.asynchttpclient.netty.channel.ChannelManager -- Adding key: http://localhost:4444 for channel [id: 0x020b4601, L:/127.0.0.1:63420 - R:localhost/127.0.0.1:4444]
17:49:36.730 [Forwarding getElementAttribute on session 7ba8ff3bf30367aad55a4e3910d5e455 to remote] DEBUG org.asynchttpclient.netty.request.NettyRequestSender -- Using pooled Channel '[id: 0x020b4601, L:/127.0.0.1:63420 - R:localhost/127.0.0.1:4444]' for 'POST' to 'http://localhost:4444/wd/hub/session/7ba8ff3bf30367aad55a4e3910d5e455/execute/sync'
17:49:36.730 [Forwarding getElementAttribute on session 7ba8ff3bf30367aad55a4e3910d5e455 to remote] DEBUG org.asynchttpclient.netty.request.NettyRequestSender -- Using open Channel [id: 0x020b4601, L:/127.0.0.1:63420 - R:localhost/127.0.0.1:4444] for POST '/wd/hub/session/7ba8ff3bf30367aad55a4e3910d5e455/execute/sync'
17:49:36.763 [AsyncHttpClient-1-2] DEBUG org.asynchttpclient.netty.handler.HttpHandler -- 

Request DefaultHttpRequest(decodeResult: success, version: HTTP/1.1)
POST /wd/hub/session/7ba8ff3bf30367aad55a4e3910d5e455/execute/sync HTTP/1.1
traceparent: 00-e1c3386e245d8e8bcddfcd5475d7d2f6-fa01ecb5eeaf4d4e-01
User-Agent: selenium/4.13.0 (java windows)
Content-Length: 47380
Content-Type: application/json; charset=utf-8
host: localhost:4444
accept: */*

Response DefaultHttpResponse(decodeResult: success, version: HTTP/1.1)
HTTP/1.1 200 OK
content-length: 24
content-type: application/json; charset=utf-8
cache-control: no-cache

17:49:36.763 [AsyncHttpClient-1-2] DEBUG org.asynchttpclient.netty.channel.ChannelManager -- Adding key: http://localhost:4444 for channel [id: 0x020b4601, L:/127.0.0.1:63420 - R:localhost/127.0.0.1:4444]
17:49:36.764 [Forwarding getElementAttribute on session 7ba8ff3bf30367aad55a4e3910d5e455 to remote] DEBUG org.asynchttpclient.netty.request.NettyRequestSender -- Using pooled Channel '[id: 0x020b4601, L:/127.0.0.1:63420 - R:localhost/127.0.0.1:4444]' for 'POST' to 'http://localhost:4444/wd/hub/session/7ba8ff3bf30367aad55a4e3910d5e455/execute/sync'
17:49:36.764 [Forwarding getElementAttribute on session 7ba8ff3bf30367aad55a4e3910d5e455 to remote] DEBUG org.asynchttpclient.netty.request.NettyRequestSender -- Using open Channel [id: 0x020b4601, L:/127.0.0.1:63420 - R:localhost/127.0.0.1:4444] for POST '/wd/hub/session/7ba8ff3bf30367aad55a4e3910d5e455/execute/sync'
17:49:36.790 [AsyncHttpClient-1-2] DEBUG org.asynchttpclient.netty.handler.HttpHandler -- 

Request DefaultHttpRequest(decodeResult: success, version: HTTP/1.1)
POST /wd/hub/session/7ba8ff3bf30367aad55a4e3910d5e455/execute/sync HTTP/1.1
traceparent: 00-df00151391786da43674d6056df9b221-a15a1a53c34ed6df-01
User-Agent: selenium/4.13.0 (java windows)
Content-Length: 47373
Content-Type: application/json; charset=utf-8
host: localhost:4444
accept: */*

Response DefaultHttpResponse(decodeResult: success, version: HTTP/1.1)
HTTP/1.1 200 OK
content-length: 24
content-type: application/json; charset=utf-8
cache-control: no-cache

17:49:36.791 [AsyncHttpClient-1-2] DEBUG org.asynchttpclient.netty.channel.ChannelManager -- Adding key: http://localhost:4444 for channel [id: 0x020b4601, L:/127.0.0.1:63420 - R:localhost/127.0.0.1:4444]
17:49:36.792 [Forwarding getElementAttribute on session 7ba8ff3bf30367aad55a4e3910d5e455 to remote] DEBUG org.asynchttpclient.netty.request.NettyRequestSender -- Using pooled Channel '[id: 0x020b4601, L:/127.0.0.1:63420 - R:localhost/127.0.0.1:4444]' for 'POST' to 'http://localhost:4444/wd/hub/session/7ba8ff3bf30367aad55a4e3910d5e455/execute/sync'
17:49:36.792 [Forwarding getElementAttribute on session 7ba8ff3bf30367aad55a4e3910d5e455 to remote] DEBUG org.asynchttpclient.netty.request.NettyRequestSender -- Using open Channel [id: 0x020b4601, L:/127.0.0.1:63420 - R:localhost/127.0.0.1:4444] for POST '/wd/hub/session/7ba8ff3bf30367aad55a4e3910d5e455/execute/sync'
17:49:36.814 [AsyncHttpClient-1-2] DEBUG org.asynchttpclient.netty.handler.HttpHandler -- 

Request DefaultHttpRequest(decodeResult: success, version: HTTP/1.1)
POST /wd/hub/session/7ba8ff3bf30367aad55a4e3910d5e455/execute/sync HTTP/1.1
traceparent: 00-7336290b3a7bace151329c24aca9c37e-75023fbc620cdb07-01
User-Agent: selenium/4.13.0 (java windows)
Content-Length: 47375
Content-Type: application/json; charset=utf-8
host: localhost:4444
accept: */*

Response DefaultHttpResponse(decodeResult: success, version: HTTP/1.1)
HTTP/1.1 200 OK
content-length: 24
content-type: application/json; charset=utf-8
cache-control: no-cache

17:49:36.814 [AsyncHttpClient-1-2] DEBUG org.asynchttpclient.netty.channel.ChannelManager -- Adding key: http://localhost:4444 for channel [id: 0x020b4601, L:/127.0.0.1:63420 - R:localhost/127.0.0.1:4444]
17:49:36.816 [Forwarding getElementAttribute on session 7ba8ff3bf30367aad55a4e3910d5e455 to remote] DEBUG org.asynchttpclient.netty.request.NettyRequestSender -- Using pooled Channel '[id: 0x020b4601, L:/127.0.0.1:63420 - R:localhost/127.0.0.1:4444]' for 'POST' to 'http://localhost:4444/wd/hub/session/7ba8ff3bf30367aad55a4e3910d5e455/execute/sync'
17:49:36.816 [Forwarding getElementAttribute on session 7ba8ff3bf30367aad55a4e3910d5e455 to remote] DEBUG org.asynchttpclient.netty.request.NettyRequestSender -- Using open Channel [id: 0x020b4601, L:/127.0.0.1:63420 - R:localhost/127.0.0.1:4444] for POST '/wd/hub/session/7ba8ff3bf30367aad55a4e3910d5e455/execute/sync'
17:49:36.839 [AsyncHttpClient-1-2] DEBUG org.asynchttpclient.netty.handler.HttpHandler -- 

Request DefaultHttpRequest(decodeResult: success, version: HTTP/1.1)
POST /wd/hub/session/7ba8ff3bf30367aad55a4e3910d5e455/execute/sync HTTP/1.1
traceparent: 00-637791848e44a7e28619538225078140-ac1c5261b70285e5-01
User-Agent: selenium/4.13.0 (java windows)
Content-Length: 47376
Content-Type: application/json; charset=utf-8
host: localhost:4444
accept: */*

Response DefaultHttpResponse(decodeResult: success, version: HTTP/1.1)
HTTP/1.1 200 OK
content-length: 17
content-type: application/json; charset=utf-8
cache-control: no-cache

17:49:36.839 [AsyncHttpClient-1-2] DEBUG org.asynchttpclient.netty.channel.ChannelManager -- Adding key: http://localhost:4444 for channel [id: 0x020b4601, L:/127.0.0.1:63420 - R:localhost/127.0.0.1:4444]
17:49:36.841 [Forwarding findElement on session 7ba8ff3bf30367aad55a4e3910d5e455 to remote] DEBUG org.asynchttpclient.netty.request.NettyRequestSender -- Using pooled Channel '[id: 0x020b4601, L:/127.0.0.1:63420 - R:localhost/127.0.0.1:4444]' for 'POST' to 'http://localhost:4444/wd/hub/session/7ba8ff3bf30367aad55a4e3910d5e455/element'
17:49:36.841 [Forwarding findElement on session 7ba8ff3bf30367aad55a4e3910d5e455 to remote] DEBUG org.asynchttpclient.netty.request.NettyRequestSender -- Using open Channel [id: 0x020b4601, L:/127.0.0.1:63420 - R:localhost/127.0.0.1:4444] for POST '/wd/hub/session/7ba8ff3bf30367aad55a4e3910d5e455/element'
17:49:36.865 [AsyncHttpClient-1-2] DEBUG org.asynchttpclient.netty.handler.HttpHandler -- 

Request DefaultHttpRequest(decodeResult: success, version: HTTP/1.1)
POST /wd/hub/session/7ba8ff3bf30367aad55a4e3910d5e455/element HTTP/1.1
traceparent: 00-a1c678a8ca61042746f7faaef24f132c-04da2dd1721bb7f4-01
User-Agent: selenium/4.13.0 (java windows)
Content-Length: 59
Content-Type: application/json; charset=utf-8
host: localhost:4444
accept: */*

Response DefaultHttpResponse(decodeResult: success, version: HTTP/1.1)
HTTP/1.1 200 OK
content-length: 96
content-type: application/json; charset=utf-8
cache-control: no-cache

17:49:36.865 [AsyncHttpClient-1-2] DEBUG org.asynchttpclient.netty.channel.ChannelManager -- Adding key: http://localhost:4444 for channel [id: 0x020b4601, L:/127.0.0.1:63420 - R:localhost/127.0.0.1:4444]
17:49:36.866 [Forwarding clickElement on session 7ba8ff3bf30367aad55a4e3910d5e455 to remote] DEBUG org.asynchttpclient.netty.request.NettyRequestSender -- Using pooled Channel '[id: 0x020b4601, L:/127.0.0.1:63420 - R:localhost/127.0.0.1:4444]' for 'POST' to 'http://localhost:4444/wd/hub/session/7ba8ff3bf30367aad55a4e3910d5e455/element/5D9EDA6B600D0B46BE13A5A03D7F7641_element_108/click'
17:49:36.866 [Forwarding clickElement on session 7ba8ff3bf30367aad55a4e3910d5e455 to remote] DEBUG org.asynchttpclient.netty.request.NettyRequestSender -- Using open Channel [id: 0x020b4601, L:/127.0.0.1:63420 - R:localhost/127.0.0.1:4444] for POST '/wd/hub/session/7ba8ff3bf30367aad55a4e3910d5e455/element/5D9EDA6B600D0B46BE13A5A03D7F7641_element_108/click'
17:49:36.968 [AsyncHttpClient-1-2] DEBUG org.asynchttpclient.netty.handler.HttpHandler -- 

Request DefaultHttpRequest(decodeResult: success, version: HTTP/1.1)
POST /wd/hub/session/7ba8ff3bf30367aad55a4e3910d5e455/element/5D9EDA6B600D0B46BE13A5A03D7F7641_element_108/click HTTP/1.1
traceparent: 00-f662d3aaef7c4fbd84ca012286edba31-e22bd92c28549d7c-01
User-Agent: selenium/4.13.0 (java windows)
Content-Length: 58
Content-Type: application/json; charset=utf-8
host: localhost:4444
accept: */*

Response DefaultHttpResponse(decodeResult: success, version: HTTP/1.1)
HTTP/1.1 200 OK
content-length: 14
content-type: application/json; charset=utf-8
cache-control: no-cache

17:49:36.969 [AsyncHttpClient-1-2] DEBUG org.asynchttpclient.netty.channel.ChannelManager -- Adding key: http://localhost:4444 for channel [id: 0x020b4601, L:/127.0.0.1:63420 - R:localhost/127.0.0.1:4444]
17:49:36.970 [main] INFO helpers.LoggerHelper -- @Test: readFromFileCSVLike has PASSED
17:49:36.970 [main] INFO helpers.LoggerHelper -- ######################################################################################
17:49:36.972 [Forwarding screenshot on session 7ba8ff3bf30367aad55a4e3910d5e455 to remote] DEBUG org.asynchttpclient.netty.request.NettyRequestSender -- Using pooled Channel '[id: 0x020b4601, L:/127.0.0.1:63420 - R:localhost/127.0.0.1:4444]' for 'GET' to 'http://localhost:4444/wd/hub/session/7ba8ff3bf30367aad55a4e3910d5e455/screenshot'
17:49:36.972 [Forwarding screenshot on session 7ba8ff3bf30367aad55a4e3910d5e455 to remote] DEBUG org.asynchttpclient.netty.request.NettyRequestSender -- Using open Channel [id: 0x020b4601, L:/127.0.0.1:63420 - R:localhost/127.0.0.1:4444] for GET '/wd/hub/session/7ba8ff3bf30367aad55a4e3910d5e455/screenshot'
17:49:37.235 [AsyncHttpClient-1-2] DEBUG org.asynchttpclient.netty.handler.HttpHandler -- 

Request DefaultFullHttpRequest(decodeResult: success, version: HTTP/1.1, content: EmptyByteBufBE)
GET /wd/hub/session/7ba8ff3bf30367aad55a4e3910d5e455/screenshot HTTP/1.1
Cache-Control: no-cache
traceparent: 00-4c2ed750080c751c093e76c4910f30bb-d3c20be9e6c0f4f5-01
User-Agent: selenium/4.13.0 (java windows)
Content-Type: application/json; charset=utf-8
host: localhost:4444
accept: */*

Response DefaultHttpResponse(decodeResult: success, version: HTTP/1.1)
HTTP/1.1 200 OK
content-length: 473800
content-type: application/json; charset=utf-8
cache-control: no-cache

17:49:37.247 [AsyncHttpClient-1-2] DEBUG org.asynchttpclient.netty.channel.ChannelManager -- Adding key: http://localhost:4444 for channel [id: 0x020b4601, L:/127.0.0.1:63420 - R:localhost/127.0.0.1:4444]
17:49:37.266 [main] INFO helpers.LoggerHelper -- Screenshot saved successfully.
]]></system-out>
  </testcase>
  <testcase name="readFromFileCSVLike[performance_glitch_user, secret_sauce](4)" classname="FrontEnd.SauceDemo.LoginWithDP" time="6.749">
    <system-out><![CDATA[17:49:37.267 [main] INFO helpers.LoggerHelper -- @Test: readFromFileCSVLike
17:49:37.267 [main] INFO helpers.LoggerHelper -- Description: Trying to read data from a CSV-like file
17:49:37.267 [main] INFO helpers.LoggerHelper -- ######################################################################################
17:49:37.269 [Forwarding get on session 7ba8ff3bf30367aad55a4e3910d5e455 to remote] DEBUG org.asynchttpclient.netty.request.NettyRequestSender -- Using pooled Channel '[id: 0x020b4601, L:/127.0.0.1:63420 - R:localhost/127.0.0.1:4444]' for 'POST' to 'http://localhost:4444/wd/hub/session/7ba8ff3bf30367aad55a4e3910d5e455/url'
17:49:37.269 [Forwarding get on session 7ba8ff3bf30367aad55a4e3910d5e455 to remote] DEBUG org.asynchttpclient.netty.request.NettyRequestSender -- Using open Channel [id: 0x020b4601, L:/127.0.0.1:63420 - R:localhost/127.0.0.1:4444] for POST '/wd/hub/session/7ba8ff3bf30367aad55a4e3910d5e455/url'
17:49:37.359 [AsyncHttpClient-1-2] DEBUG org.asynchttpclient.netty.handler.HttpHandler -- 

Request DefaultHttpRequest(decodeResult: success, version: HTTP/1.1)
POST /wd/hub/session/7ba8ff3bf30367aad55a4e3910d5e455/url HTTP/1.1
traceparent: 00-27395ef1ee09ec4353d1b53e0e1bdc2c-f1e17134394b7beb-01
User-Agent: selenium/4.13.0 (java windows)
Content-Length: 43
Content-Type: application/json; charset=utf-8
host: localhost:4444
accept: */*

Response DefaultHttpResponse(decodeResult: success, version: HTTP/1.1)
HTTP/1.1 200 OK
content-length: 14
content-type: application/json; charset=utf-8
cache-control: no-cache

17:49:37.359 [AsyncHttpClient-1-2] DEBUG org.asynchttpclient.netty.channel.ChannelManager -- Adding key: http://localhost:4444 for channel [id: 0x020b4601, L:/127.0.0.1:63420 - R:localhost/127.0.0.1:4444]
17:49:37.360 [Forwarding findElement on session 7ba8ff3bf30367aad55a4e3910d5e455 to remote] DEBUG org.asynchttpclient.netty.request.NettyRequestSender -- Using pooled Channel '[id: 0x020b4601, L:/127.0.0.1:63420 - R:localhost/127.0.0.1:4444]' for 'POST' to 'http://localhost:4444/wd/hub/session/7ba8ff3bf30367aad55a4e3910d5e455/element'
17:49:37.361 [Forwarding findElement on session 7ba8ff3bf30367aad55a4e3910d5e455 to remote] DEBUG org.asynchttpclient.netty.request.NettyRequestSender -- Using open Channel [id: 0x020b4601, L:/127.0.0.1:63420 - R:localhost/127.0.0.1:4444] for POST '/wd/hub/session/7ba8ff3bf30367aad55a4e3910d5e455/element'
17:49:37.383 [AsyncHttpClient-1-2] DEBUG org.asynchttpclient.netty.handler.HttpHandler -- 

Request DefaultHttpRequest(decodeResult: success, version: HTTP/1.1)
POST /wd/hub/session/7ba8ff3bf30367aad55a4e3910d5e455/element HTTP/1.1
traceparent: 00-23efee1ba6d9e2f73a9a15e200b722f0-3e60c5b98bd98d5f-01
User-Agent: selenium/4.13.0 (java windows)
Content-Length: 56
Content-Type: application/json; charset=utf-8
host: localhost:4444
accept: */*

Response DefaultHttpResponse(decodeResult: success, version: HTTP/1.1)
HTTP/1.1 200 OK
content-length: 96
content-type: application/json; charset=utf-8
cache-control: no-cache

17:49:37.383 [AsyncHttpClient-1-2] DEBUG org.asynchttpclient.netty.channel.ChannelManager -- Adding key: http://localhost:4444 for channel [id: 0x020b4601, L:/127.0.0.1:63420 - R:localhost/127.0.0.1:4444]
17:49:37.385 [Forwarding isElementDisplayed on session 7ba8ff3bf30367aad55a4e3910d5e455 to remote] DEBUG org.asynchttpclient.netty.request.NettyRequestSender -- Using pooled Channel '[id: 0x020b4601, L:/127.0.0.1:63420 - R:localhost/127.0.0.1:4444]' for 'POST' to 'http://localhost:4444/wd/hub/session/7ba8ff3bf30367aad55a4e3910d5e455/execute/sync'
17:49:37.385 [Forwarding isElementDisplayed on session 7ba8ff3bf30367aad55a4e3910d5e455 to remote] DEBUG org.asynchttpclient.netty.request.NettyRequestSender -- Using open Channel [id: 0x020b4601, L:/127.0.0.1:63420 - R:localhost/127.0.0.1:4444] for POST '/wd/hub/session/7ba8ff3bf30367aad55a4e3910d5e455/execute/sync'
17:49:37.409 [AsyncHttpClient-1-2] DEBUG org.asynchttpclient.netty.handler.HttpHandler -- 

Request DefaultHttpRequest(decodeResult: success, version: HTTP/1.1)
POST /wd/hub/session/7ba8ff3bf30367aad55a4e3910d5e455/execute/sync HTTP/1.1
traceparent: 00-a799a890db4c6aa8f4ce5f403527ad4b-f093409f4d631141-01
User-Agent: selenium/4.13.0 (java windows)
Content-Length: 48815
Content-Type: application/json; charset=utf-8
host: localhost:4444
accept: */*

Response DefaultHttpResponse(decodeResult: success, version: HTTP/1.1)
HTTP/1.1 200 OK
content-length: 14
content-type: application/json; charset=utf-8
cache-control: no-cache

17:49:37.409 [AsyncHttpClient-1-2] DEBUG org.asynchttpclient.netty.channel.ChannelManager -- Adding key: http://localhost:4444 for channel [id: 0x020b4601, L:/127.0.0.1:63420 - R:localhost/127.0.0.1:4444]
17:49:37.411 [Forwarding findElement on session 7ba8ff3bf30367aad55a4e3910d5e455 to remote] DEBUG org.asynchttpclient.netty.request.NettyRequestSender -- Using pooled Channel '[id: 0x020b4601, L:/127.0.0.1:63420 - R:localhost/127.0.0.1:4444]' for 'POST' to 'http://localhost:4444/wd/hub/session/7ba8ff3bf30367aad55a4e3910d5e455/element'
17:49:37.411 [Forwarding findElement on session 7ba8ff3bf30367aad55a4e3910d5e455 to remote] DEBUG org.asynchttpclient.netty.request.NettyRequestSender -- Using open Channel [id: 0x020b4601, L:/127.0.0.1:63420 - R:localhost/127.0.0.1:4444] for POST '/wd/hub/session/7ba8ff3bf30367aad55a4e3910d5e455/element'
17:49:37.436 [AsyncHttpClient-1-2] DEBUG org.asynchttpclient.netty.handler.HttpHandler -- 

Request DefaultHttpRequest(decodeResult: success, version: HTTP/1.1)
POST /wd/hub/session/7ba8ff3bf30367aad55a4e3910d5e455/element HTTP/1.1
traceparent: 00-486e57c3447dc4bfa791bb71912bd1ad-329faa344df255d8-01
User-Agent: selenium/4.13.0 (java windows)
Content-Length: 56
Content-Type: application/json; charset=utf-8
host: localhost:4444
accept: */*

Response DefaultHttpResponse(decodeResult: success, version: HTTP/1.1)
HTTP/1.1 200 OK
content-length: 96
content-type: application/json; charset=utf-8
cache-control: no-cache

17:49:37.437 [AsyncHttpClient-1-2] DEBUG org.asynchttpclient.netty.channel.ChannelManager -- Adding key: http://localhost:4444 for channel [id: 0x020b4601, L:/127.0.0.1:63420 - R:localhost/127.0.0.1:4444]
17:49:37.440 [Forwarding sendKeysToElement on session 7ba8ff3bf30367aad55a4e3910d5e455 to remote] DEBUG org.asynchttpclient.netty.request.NettyRequestSender -- Using pooled Channel '[id: 0x020b4601, L:/127.0.0.1:63420 - R:localhost/127.0.0.1:4444]' for 'POST' to 'http://localhost:4444/wd/hub/session/7ba8ff3bf30367aad55a4e3910d5e455/element/35D35551A2883D5C59177ED730B5151A_element_116/value'
17:49:37.440 [Forwarding sendKeysToElement on session 7ba8ff3bf30367aad55a4e3910d5e455 to remote] DEBUG org.asynchttpclient.netty.request.NettyRequestSender -- Using open Channel [id: 0x020b4601, L:/127.0.0.1:63420 - R:localhost/127.0.0.1:4444] for POST '/wd/hub/session/7ba8ff3bf30367aad55a4e3910d5e455/element/35D35551A2883D5C59177ED730B5151A_element_116/value'
17:49:37.569 [AsyncHttpClient-1-2] DEBUG org.asynchttpclient.netty.handler.HttpHandler -- 

Request DefaultHttpRequest(decodeResult: success, version: HTTP/1.1)
POST /wd/hub/session/7ba8ff3bf30367aad55a4e3910d5e455/element/35D35551A2883D5C59177ED730B5151A_element_116/value HTTP/1.1
traceparent: 00-3f7c2d2cfd2caed08cc3f3bbf1a39974-91c4051a74aa627d-01
User-Agent: selenium/4.13.0 (java windows)
Content-Length: 319
Content-Type: application/json; charset=utf-8
host: localhost:4444
accept: */*

Response DefaultHttpResponse(decodeResult: success, version: HTTP/1.1)
HTTP/1.1 200 OK
content-length: 14
content-type: application/json; charset=utf-8
cache-control: no-cache

17:49:37.569 [AsyncHttpClient-1-2] DEBUG org.asynchttpclient.netty.channel.ChannelManager -- Adding key: http://localhost:4444 for channel [id: 0x020b4601, L:/127.0.0.1:63420 - R:localhost/127.0.0.1:4444]
17:49:37.570 [Forwarding findElement on session 7ba8ff3bf30367aad55a4e3910d5e455 to remote] DEBUG org.asynchttpclient.netty.request.NettyRequestSender -- Using pooled Channel '[id: 0x020b4601, L:/127.0.0.1:63420 - R:localhost/127.0.0.1:4444]' for 'POST' to 'http://localhost:4444/wd/hub/session/7ba8ff3bf30367aad55a4e3910d5e455/element'
17:49:37.570 [Forwarding findElement on session 7ba8ff3bf30367aad55a4e3910d5e455 to remote] DEBUG org.asynchttpclient.netty.request.NettyRequestSender -- Using open Channel [id: 0x020b4601, L:/127.0.0.1:63420 - R:localhost/127.0.0.1:4444] for POST '/wd/hub/session/7ba8ff3bf30367aad55a4e3910d5e455/element'
17:49:37.592 [AsyncHttpClient-1-2] DEBUG org.asynchttpclient.netty.handler.HttpHandler -- 

Request DefaultHttpRequest(decodeResult: success, version: HTTP/1.1)
POST /wd/hub/session/7ba8ff3bf30367aad55a4e3910d5e455/element HTTP/1.1
traceparent: 00-71f41a111b89605c133dc5e52b3176cc-43cddbe41e5581d1-01
User-Agent: selenium/4.13.0 (java windows)
Content-Length: 56
Content-Type: application/json; charset=utf-8
host: localhost:4444
accept: */*

Response DefaultHttpResponse(decodeResult: success, version: HTTP/1.1)
HTTP/1.1 200 OK
content-length: 96
content-type: application/json; charset=utf-8
cache-control: no-cache

17:49:37.592 [AsyncHttpClient-1-2] DEBUG org.asynchttpclient.netty.channel.ChannelManager -- Adding key: http://localhost:4444 for channel [id: 0x020b4601, L:/127.0.0.1:63420 - R:localhost/127.0.0.1:4444]
17:49:37.594 [Forwarding getElementAttribute on session 7ba8ff3bf30367aad55a4e3910d5e455 to remote] DEBUG org.asynchttpclient.netty.request.NettyRequestSender -- Using pooled Channel '[id: 0x020b4601, L:/127.0.0.1:63420 - R:localhost/127.0.0.1:4444]' for 'POST' to 'http://localhost:4444/wd/hub/session/7ba8ff3bf30367aad55a4e3910d5e455/execute/sync'
17:49:37.594 [Forwarding getElementAttribute on session 7ba8ff3bf30367aad55a4e3910d5e455 to remote] DEBUG org.asynchttpclient.netty.request.NettyRequestSender -- Using open Channel [id: 0x020b4601, L:/127.0.0.1:63420 - R:localhost/127.0.0.1:4444] for POST '/wd/hub/session/7ba8ff3bf30367aad55a4e3910d5e455/execute/sync'
17:49:37.619 [AsyncHttpClient-1-2] DEBUG org.asynchttpclient.netty.handler.HttpHandler -- 

Request DefaultHttpRequest(decodeResult: success, version: HTTP/1.1)
POST /wd/hub/session/7ba8ff3bf30367aad55a4e3910d5e455/execute/sync HTTP/1.1
traceparent: 00-cc2a50dd24b720c3255f4c4de2c4b8c5-f808a8f705347446-01
User-Agent: selenium/4.13.0 (java windows)
Content-Length: 47380
Content-Type: application/json; charset=utf-8
host: localhost:4444
accept: */*

Response DefaultHttpResponse(decodeResult: success, version: HTTP/1.1)
HTTP/1.1 200 OK
content-length: 233
content-type: application/json; charset=utf-8
cache-control: no-cache

17:49:37.619 [AsyncHttpClient-1-2] DEBUG org.asynchttpclient.netty.channel.ChannelManager -- Adding key: http://localhost:4444 for channel [id: 0x020b4601, L:/127.0.0.1:63420 - R:localhost/127.0.0.1:4444]
17:49:37.621 [Forwarding getElementAttribute on session 7ba8ff3bf30367aad55a4e3910d5e455 to remote] DEBUG org.asynchttpclient.netty.request.NettyRequestSender -- Using pooled Channel '[id: 0x020b4601, L:/127.0.0.1:63420 - R:localhost/127.0.0.1:4444]' for 'POST' to 'http://localhost:4444/wd/hub/session/7ba8ff3bf30367aad55a4e3910d5e455/execute/sync'
17:49:37.621 [Forwarding getElementAttribute on session 7ba8ff3bf30367aad55a4e3910d5e455 to remote] DEBUG org.asynchttpclient.netty.request.NettyRequestSender -- Using open Channel [id: 0x020b4601, L:/127.0.0.1:63420 - R:localhost/127.0.0.1:4444] for POST '/wd/hub/session/7ba8ff3bf30367aad55a4e3910d5e455/execute/sync'
17:49:37.646 [AsyncHttpClient-1-2] DEBUG org.asynchttpclient.netty.handler.HttpHandler -- 

Request DefaultHttpRequest(decodeResult: success, version: HTTP/1.1)
POST /wd/hub/session/7ba8ff3bf30367aad55a4e3910d5e455/execute/sync HTTP/1.1
traceparent: 00-e6b0bf92881f64046c1f400d39c09b17-bcaade0424141ec2-01
User-Agent: selenium/4.13.0 (java windows)
Content-Length: 47376
Content-Type: application/json; charset=utf-8
host: localhost:4444
accept: */*

Response DefaultHttpResponse(decodeResult: success, version: HTTP/1.1)
HTTP/1.1 200 OK
content-length: 34
content-type: application/json; charset=utf-8
cache-control: no-cache

17:49:37.646 [AsyncHttpClient-1-2] DEBUG org.asynchttpclient.netty.channel.ChannelManager -- Adding key: http://localhost:4444 for channel [id: 0x020b4601, L:/127.0.0.1:63420 - R:localhost/127.0.0.1:4444]
17:49:37.647 [Forwarding getElementAttribute on session 7ba8ff3bf30367aad55a4e3910d5e455 to remote] DEBUG org.asynchttpclient.netty.request.NettyRequestSender -- Using pooled Channel '[id: 0x020b4601, L:/127.0.0.1:63420 - R:localhost/127.0.0.1:4444]' for 'POST' to 'http://localhost:4444/wd/hub/session/7ba8ff3bf30367aad55a4e3910d5e455/execute/sync'
17:49:37.648 [Forwarding getElementAttribute on session 7ba8ff3bf30367aad55a4e3910d5e455 to remote] DEBUG org.asynchttpclient.netty.request.NettyRequestSender -- Using open Channel [id: 0x020b4601, L:/127.0.0.1:63420 - R:localhost/127.0.0.1:4444] for POST '/wd/hub/session/7ba8ff3bf30367aad55a4e3910d5e455/execute/sync'
17:49:37.673 [AsyncHttpClient-1-2] DEBUG org.asynchttpclient.netty.handler.HttpHandler -- 

Request DefaultHttpRequest(decodeResult: success, version: HTTP/1.1)
POST /wd/hub/session/7ba8ff3bf30367aad55a4e3910d5e455/execute/sync HTTP/1.1
traceparent: 00-d4f53367818876e26f4f0292e4810c7f-7f73764229392803-01
User-Agent: selenium/4.13.0 (java windows)
Content-Length: 47382
Content-Type: application/json; charset=utf-8
host: localhost:4444
accept: */*

Response DefaultHttpResponse(decodeResult: success, version: HTTP/1.1)
HTTP/1.1 200 OK
content-length: 20
content-type: application/json; charset=utf-8
cache-control: no-cache

17:49:37.673 [AsyncHttpClient-1-2] DEBUG org.asynchttpclient.netty.channel.ChannelManager -- Adding key: http://localhost:4444 for channel [id: 0x020b4601, L:/127.0.0.1:63420 - R:localhost/127.0.0.1:4444]
17:49:37.675 [Forwarding getElementAttribute on session 7ba8ff3bf30367aad55a4e3910d5e455 to remote] DEBUG org.asynchttpclient.netty.request.NettyRequestSender -- Using pooled Channel '[id: 0x020b4601, L:/127.0.0.1:63420 - R:localhost/127.0.0.1:4444]' for 'POST' to 'http://localhost:4444/wd/hub/session/7ba8ff3bf30367aad55a4e3910d5e455/execute/sync'
17:49:37.675 [Forwarding getElementAttribute on session 7ba8ff3bf30367aad55a4e3910d5e455 to remote] DEBUG org.asynchttpclient.netty.request.NettyRequestSender -- Using open Channel [id: 0x020b4601, L:/127.0.0.1:63420 - R:localhost/127.0.0.1:4444] for POST '/wd/hub/session/7ba8ff3bf30367aad55a4e3910d5e455/execute/sync'
17:49:37.698 [AsyncHttpClient-1-2] DEBUG org.asynchttpclient.netty.handler.HttpHandler -- 

Request DefaultHttpRequest(decodeResult: success, version: HTTP/1.1)
POST /wd/hub/session/7ba8ff3bf30367aad55a4e3910d5e455/execute/sync HTTP/1.1
traceparent: 00-70423b82c0a5436c3a586b19c671c3a0-c3c2317c9057242a-01
User-Agent: selenium/4.13.0 (java windows)
Content-Length: 47375
Content-Type: application/json; charset=utf-8
host: localhost:4444
accept: */*

Response DefaultHttpResponse(decodeResult: success, version: HTTP/1.1)
HTTP/1.1 200 OK
content-length: 16
content-type: application/json; charset=utf-8
cache-control: no-cache

17:49:37.698 [AsyncHttpClient-1-2] DEBUG org.asynchttpclient.netty.channel.ChannelManager -- Adding key: http://localhost:4444 for channel [id: 0x020b4601, L:/127.0.0.1:63420 - R:localhost/127.0.0.1:4444]
17:49:37.700 [Forwarding getElementAttribute on session 7ba8ff3bf30367aad55a4e3910d5e455 to remote] DEBUG org.asynchttpclient.netty.request.NettyRequestSender -- Using pooled Channel '[id: 0x020b4601, L:/127.0.0.1:63420 - R:localhost/127.0.0.1:4444]' for 'POST' to 'http://localhost:4444/wd/hub/session/7ba8ff3bf30367aad55a4e3910d5e455/execute/sync'
17:49:37.700 [Forwarding getElementAttribute on session 7ba8ff3bf30367aad55a4e3910d5e455 to remote] DEBUG org.asynchttpclient.netty.request.NettyRequestSender -- Using open Channel [id: 0x020b4601, L:/127.0.0.1:63420 - R:localhost/127.0.0.1:4444] for POST '/wd/hub/session/7ba8ff3bf30367aad55a4e3910d5e455/execute/sync'
17:49:37.722 [AsyncHttpClient-1-2] DEBUG org.asynchttpclient.netty.handler.HttpHandler -- 

Request DefaultHttpRequest(decodeResult: success, version: HTTP/1.1)
POST /wd/hub/session/7ba8ff3bf30367aad55a4e3910d5e455/execute/sync HTTP/1.1
traceparent: 00-977d0c43c60709ece496b550dc6ab93e-23c89c0a29e701b7-01
User-Agent: selenium/4.13.0 (java windows)
Content-Length: 47380
Content-Type: application/json; charset=utf-8
host: localhost:4444
accept: */*

Response DefaultHttpResponse(decodeResult: success, version: HTTP/1.1)
HTTP/1.1 200 OK
content-length: 20
content-type: application/json; charset=utf-8
cache-control: no-cache

17:49:37.722 [AsyncHttpClient-1-2] DEBUG org.asynchttpclient.netty.channel.ChannelManager -- Adding key: http://localhost:4444 for channel [id: 0x020b4601, L:/127.0.0.1:63420 - R:localhost/127.0.0.1:4444]
17:49:37.724 [Forwarding getElementAttribute on session 7ba8ff3bf30367aad55a4e3910d5e455 to remote] DEBUG org.asynchttpclient.netty.request.NettyRequestSender -- Using pooled Channel '[id: 0x020b4601, L:/127.0.0.1:63420 - R:localhost/127.0.0.1:4444]' for 'POST' to 'http://localhost:4444/wd/hub/session/7ba8ff3bf30367aad55a4e3910d5e455/execute/sync'
17:49:37.724 [Forwarding getElementAttribute on session 7ba8ff3bf30367aad55a4e3910d5e455 to remote] DEBUG org.asynchttpclient.netty.request.NettyRequestSender -- Using open Channel [id: 0x020b4601, L:/127.0.0.1:63420 - R:localhost/127.0.0.1:4444] for POST '/wd/hub/session/7ba8ff3bf30367aad55a4e3910d5e455/execute/sync'
17:49:37.743 [AsyncHttpClient-1-2] DEBUG org.asynchttpclient.netty.handler.HttpHandler -- 

Request DefaultHttpRequest(decodeResult: success, version: HTTP/1.1)
POST /wd/hub/session/7ba8ff3bf30367aad55a4e3910d5e455/execute/sync HTTP/1.1
traceparent: 00-89e12afad9f74d4cdc38252cf0ffe439-169fdbfe2a1c00db-01
User-Agent: selenium/4.13.0 (java windows)
Content-Length: 47373
Content-Type: application/json; charset=utf-8
host: localhost:4444
accept: */*

Response DefaultHttpResponse(decodeResult: success, version: HTTP/1.1)
HTTP/1.1 200 OK
content-length: 21
content-type: application/json; charset=utf-8
cache-control: no-cache

17:49:37.743 [AsyncHttpClient-1-2] DEBUG org.asynchttpclient.netty.channel.ChannelManager -- Adding key: http://localhost:4444 for channel [id: 0x020b4601, L:/127.0.0.1:63420 - R:localhost/127.0.0.1:4444]
17:49:37.745 [Forwarding getElementAttribute on session 7ba8ff3bf30367aad55a4e3910d5e455 to remote] DEBUG org.asynchttpclient.netty.request.NettyRequestSender -- Using pooled Channel '[id: 0x020b4601, L:/127.0.0.1:63420 - R:localhost/127.0.0.1:4444]' for 'POST' to 'http://localhost:4444/wd/hub/session/7ba8ff3bf30367aad55a4e3910d5e455/execute/sync'
17:49:37.745 [Forwarding getElementAttribute on session 7ba8ff3bf30367aad55a4e3910d5e455 to remote] DEBUG org.asynchttpclient.netty.request.NettyRequestSender -- Using open Channel [id: 0x020b4601, L:/127.0.0.1:63420 - R:localhost/127.0.0.1:4444] for POST '/wd/hub/session/7ba8ff3bf30367aad55a4e3910d5e455/execute/sync'
17:49:37.768 [AsyncHttpClient-1-2] DEBUG org.asynchttpclient.netty.handler.HttpHandler -- 

Request DefaultHttpRequest(decodeResult: success, version: HTTP/1.1)
POST /wd/hub/session/7ba8ff3bf30367aad55a4e3910d5e455/execute/sync HTTP/1.1
traceparent: 00-016b34a8d44455aa04c1d6d390d9d672-816a624b0613c3d6-01
User-Agent: selenium/4.13.0 (java windows)
Content-Length: 47375
Content-Type: application/json; charset=utf-8
host: localhost:4444
accept: */*

Response DefaultHttpResponse(decodeResult: success, version: HTTP/1.1)
HTTP/1.1 200 OK
content-length: 21
content-type: application/json; charset=utf-8
cache-control: no-cache

17:49:37.769 [AsyncHttpClient-1-2] DEBUG org.asynchttpclient.netty.channel.ChannelManager -- Adding key: http://localhost:4444 for channel [id: 0x020b4601, L:/127.0.0.1:63420 - R:localhost/127.0.0.1:4444]
17:49:37.770 [Forwarding getElementAttribute on session 7ba8ff3bf30367aad55a4e3910d5e455 to remote] DEBUG org.asynchttpclient.netty.request.NettyRequestSender -- Using pooled Channel '[id: 0x020b4601, L:/127.0.0.1:63420 - R:localhost/127.0.0.1:4444]' for 'POST' to 'http://localhost:4444/wd/hub/session/7ba8ff3bf30367aad55a4e3910d5e455/execute/sync'
17:49:37.770 [Forwarding getElementAttribute on session 7ba8ff3bf30367aad55a4e3910d5e455 to remote] DEBUG org.asynchttpclient.netty.request.NettyRequestSender -- Using open Channel [id: 0x020b4601, L:/127.0.0.1:63420 - R:localhost/127.0.0.1:4444] for POST '/wd/hub/session/7ba8ff3bf30367aad55a4e3910d5e455/execute/sync'
17:49:37.801 [AsyncHttpClient-1-2] DEBUG org.asynchttpclient.netty.handler.HttpHandler -- 

Request DefaultHttpRequest(decodeResult: success, version: HTTP/1.1)
POST /wd/hub/session/7ba8ff3bf30367aad55a4e3910d5e455/execute/sync HTTP/1.1
traceparent: 00-fcfb104c5c16dcea268b6038d5341ec2-874a6d19b222042d-01
User-Agent: selenium/4.13.0 (java windows)
Content-Length: 47382
Content-Type: application/json; charset=utf-8
host: localhost:4444
accept: */*

Response DefaultHttpResponse(decodeResult: success, version: HTTP/1.1)
HTTP/1.1 200 OK
content-length: 15
content-type: application/json; charset=utf-8
cache-control: no-cache

17:49:37.801 [AsyncHttpClient-1-2] DEBUG org.asynchttpclient.netty.channel.ChannelManager -- Adding key: http://localhost:4444 for channel [id: 0x020b4601, L:/127.0.0.1:63420 - R:localhost/127.0.0.1:4444]
17:49:37.802 [Forwarding getElementAttribute on session 7ba8ff3bf30367aad55a4e3910d5e455 to remote] DEBUG org.asynchttpclient.netty.request.NettyRequestSender -- Using pooled Channel '[id: 0x020b4601, L:/127.0.0.1:63420 - R:localhost/127.0.0.1:4444]' for 'POST' to 'http://localhost:4444/wd/hub/session/7ba8ff3bf30367aad55a4e3910d5e455/execute/sync'
17:49:37.802 [Forwarding getElementAttribute on session 7ba8ff3bf30367aad55a4e3910d5e455 to remote] DEBUG org.asynchttpclient.netty.request.NettyRequestSender -- Using open Channel [id: 0x020b4601, L:/127.0.0.1:63420 - R:localhost/127.0.0.1:4444] for POST '/wd/hub/session/7ba8ff3bf30367aad55a4e3910d5e455/execute/sync'
17:49:37.828 [AsyncHttpClient-1-2] DEBUG org.asynchttpclient.netty.handler.HttpHandler -- 

Request DefaultHttpRequest(decodeResult: success, version: HTTP/1.1)
POST /wd/hub/session/7ba8ff3bf30367aad55a4e3910d5e455/execute/sync HTTP/1.1
traceparent: 00-2d26579df74e574778f91b9e586c7479-bcb14debfb46a27c-01
User-Agent: selenium/4.13.0 (java windows)
Content-Length: 47385
Content-Type: application/json; charset=utf-8
host: localhost:4444
accept: */*

Response DefaultHttpResponse(decodeResult: success, version: HTTP/1.1)
HTTP/1.1 200 OK
content-length: 16
content-type: application/json; charset=utf-8
cache-control: no-cache

17:49:37.828 [AsyncHttpClient-1-2] DEBUG org.asynchttpclient.netty.channel.ChannelManager -- Adding key: http://localhost:4444 for channel [id: 0x020b4601, L:/127.0.0.1:63420 - R:localhost/127.0.0.1:4444]
17:49:37.830 [Forwarding getElementAttribute on session 7ba8ff3bf30367aad55a4e3910d5e455 to remote] DEBUG org.asynchttpclient.netty.request.NettyRequestSender -- Using pooled Channel '[id: 0x020b4601, L:/127.0.0.1:63420 - R:localhost/127.0.0.1:4444]' for 'POST' to 'http://localhost:4444/wd/hub/session/7ba8ff3bf30367aad55a4e3910d5e455/execute/sync'
17:49:37.830 [Forwarding getElementAttribute on session 7ba8ff3bf30367aad55a4e3910d5e455 to remote] DEBUG org.asynchttpclient.netty.request.NettyRequestSender -- Using open Channel [id: 0x020b4601, L:/127.0.0.1:63420 - R:localhost/127.0.0.1:4444] for POST '/wd/hub/session/7ba8ff3bf30367aad55a4e3910d5e455/execute/sync'
17:49:37.852 [AsyncHttpClient-1-2] DEBUG org.asynchttpclient.netty.handler.HttpHandler -- 

Request DefaultHttpRequest(decodeResult: success, version: HTTP/1.1)
POST /wd/hub/session/7ba8ff3bf30367aad55a4e3910d5e455/execute/sync HTTP/1.1
traceparent: 00-e50e1665b15847716f9fa22b0e8746ed-5d185e6c9ddcf3f8-01
User-Agent: selenium/4.13.0 (java windows)
Content-Length: 47376
Content-Type: application/json; charset=utf-8
host: localhost:4444
accept: */*

Response DefaultHttpResponse(decodeResult: success, version: HTTP/1.1)
HTTP/1.1 200 OK
content-length: 35
content-type: application/json; charset=utf-8
cache-control: no-cache

17:49:37.852 [AsyncHttpClient-1-2] DEBUG org.asynchttpclient.netty.channel.ChannelManager -- Adding key: http://localhost:4444 for channel [id: 0x020b4601, L:/127.0.0.1:63420 - R:localhost/127.0.0.1:4444]
17:49:37.853 [main] INFO helpers.LoggerHelper -- Testing user: performance_glitch_user
17:49:37.854 [Forwarding findElement on session 7ba8ff3bf30367aad55a4e3910d5e455 to remote] DEBUG org.asynchttpclient.netty.request.NettyRequestSender -- Using pooled Channel '[id: 0x020b4601, L:/127.0.0.1:63420 - R:localhost/127.0.0.1:4444]' for 'POST' to 'http://localhost:4444/wd/hub/session/7ba8ff3bf30367aad55a4e3910d5e455/element'
17:49:37.854 [Forwarding findElement on session 7ba8ff3bf30367aad55a4e3910d5e455 to remote] DEBUG org.asynchttpclient.netty.request.NettyRequestSender -- Using open Channel [id: 0x020b4601, L:/127.0.0.1:63420 - R:localhost/127.0.0.1:4444] for POST '/wd/hub/session/7ba8ff3bf30367aad55a4e3910d5e455/element'
17:49:37.871 [AsyncHttpClient-1-2] DEBUG org.asynchttpclient.netty.handler.HttpHandler -- 

Request DefaultHttpRequest(decodeResult: success, version: HTTP/1.1)
POST /wd/hub/session/7ba8ff3bf30367aad55a4e3910d5e455/element HTTP/1.1
traceparent: 00-e728f38ca881784214ff8a2932a59466-46ae25005618514d-01
User-Agent: selenium/4.13.0 (java windows)
Content-Length: 53
Content-Type: application/json; charset=utf-8
host: localhost:4444
accept: */*

Response DefaultHttpResponse(decodeResult: success, version: HTTP/1.1)
HTTP/1.1 200 OK
content-length: 96
content-type: application/json; charset=utf-8
cache-control: no-cache

17:49:37.871 [AsyncHttpClient-1-2] DEBUG org.asynchttpclient.netty.channel.ChannelManager -- Adding key: http://localhost:4444 for channel [id: 0x020b4601, L:/127.0.0.1:63420 - R:localhost/127.0.0.1:4444]
17:49:37.872 [Forwarding isElementDisplayed on session 7ba8ff3bf30367aad55a4e3910d5e455 to remote] DEBUG org.asynchttpclient.netty.request.NettyRequestSender -- Using pooled Channel '[id: 0x020b4601, L:/127.0.0.1:63420 - R:localhost/127.0.0.1:4444]' for 'POST' to 'http://localhost:4444/wd/hub/session/7ba8ff3bf30367aad55a4e3910d5e455/execute/sync'
17:49:37.872 [Forwarding isElementDisplayed on session 7ba8ff3bf30367aad55a4e3910d5e455 to remote] DEBUG org.asynchttpclient.netty.request.NettyRequestSender -- Using open Channel [id: 0x020b4601, L:/127.0.0.1:63420 - R:localhost/127.0.0.1:4444] for POST '/wd/hub/session/7ba8ff3bf30367aad55a4e3910d5e455/execute/sync'
17:49:37.893 [AsyncHttpClient-1-2] DEBUG org.asynchttpclient.netty.handler.HttpHandler -- 

Request DefaultHttpRequest(decodeResult: success, version: HTTP/1.1)
POST /wd/hub/session/7ba8ff3bf30367aad55a4e3910d5e455/execute/sync HTTP/1.1
traceparent: 00-98937530d07e3e7805ced57630b66c48-37f92a5c9ce71567-01
User-Agent: selenium/4.13.0 (java windows)
Content-Length: 48815
Content-Type: application/json; charset=utf-8
host: localhost:4444
accept: */*

Response DefaultHttpResponse(decodeResult: success, version: HTTP/1.1)
HTTP/1.1 200 OK
content-length: 14
content-type: application/json; charset=utf-8
cache-control: no-cache

17:49:37.893 [AsyncHttpClient-1-2] DEBUG org.asynchttpclient.netty.channel.ChannelManager -- Adding key: http://localhost:4444 for channel [id: 0x020b4601, L:/127.0.0.1:63420 - R:localhost/127.0.0.1:4444]
17:49:37.894 [Forwarding findElement on session 7ba8ff3bf30367aad55a4e3910d5e455 to remote] DEBUG org.asynchttpclient.netty.request.NettyRequestSender -- Using pooled Channel '[id: 0x020b4601, L:/127.0.0.1:63420 - R:localhost/127.0.0.1:4444]' for 'POST' to 'http://localhost:4444/wd/hub/session/7ba8ff3bf30367aad55a4e3910d5e455/element'
17:49:37.894 [Forwarding findElement on session 7ba8ff3bf30367aad55a4e3910d5e455 to remote] DEBUG org.asynchttpclient.netty.request.NettyRequestSender -- Using open Channel [id: 0x020b4601, L:/127.0.0.1:63420 - R:localhost/127.0.0.1:4444] for POST '/wd/hub/session/7ba8ff3bf30367aad55a4e3910d5e455/element'
17:49:37.911 [AsyncHttpClient-1-2] DEBUG org.asynchttpclient.netty.handler.HttpHandler -- 

Request DefaultHttpRequest(decodeResult: success, version: HTTP/1.1)
POST /wd/hub/session/7ba8ff3bf30367aad55a4e3910d5e455/element HTTP/1.1
traceparent: 00-283a91994bbefe34d23d33589cd5f4a3-2e6793933c9aa6f8-01
User-Agent: selenium/4.13.0 (java windows)
Content-Length: 53
Content-Type: application/json; charset=utf-8
host: localhost:4444
accept: */*

Response DefaultHttpResponse(decodeResult: success, version: HTTP/1.1)
HTTP/1.1 200 OK
content-length: 96
content-type: application/json; charset=utf-8
cache-control: no-cache

17:49:37.911 [AsyncHttpClient-1-2] DEBUG org.asynchttpclient.netty.channel.ChannelManager -- Adding key: http://localhost:4444 for channel [id: 0x020b4601, L:/127.0.0.1:63420 - R:localhost/127.0.0.1:4444]
17:49:37.913 [Forwarding sendKeysToElement on session 7ba8ff3bf30367aad55a4e3910d5e455 to remote] DEBUG org.asynchttpclient.netty.request.NettyRequestSender -- Using pooled Channel '[id: 0x020b4601, L:/127.0.0.1:63420 - R:localhost/127.0.0.1:4444]' for 'POST' to 'http://localhost:4444/wd/hub/session/7ba8ff3bf30367aad55a4e3910d5e455/element/35D35551A2883D5C59177ED730B5151A_element_113/value'
17:49:37.913 [Forwarding sendKeysToElement on session 7ba8ff3bf30367aad55a4e3910d5e455 to remote] DEBUG org.asynchttpclient.netty.request.NettyRequestSender -- Using open Channel [id: 0x020b4601, L:/127.0.0.1:63420 - R:localhost/127.0.0.1:4444] for POST '/wd/hub/session/7ba8ff3bf30367aad55a4e3910d5e455/element/35D35551A2883D5C59177ED730B5151A_element_113/value'
17:49:38.024 [AsyncHttpClient-1-2] DEBUG org.asynchttpclient.netty.handler.HttpHandler -- 

Request DefaultHttpRequest(decodeResult: success, version: HTTP/1.1)
POST /wd/hub/session/7ba8ff3bf30367aad55a4e3910d5e455/element/35D35551A2883D5C59177ED730B5151A_element_113/value HTTP/1.1
traceparent: 00-51f70a0d8ea88ca7aae2952dfdbaf4d4-2d18f96e1fc1052e-01
User-Agent: selenium/4.13.0 (java windows)
Content-Length: 209
Content-Type: application/json; charset=utf-8
host: localhost:4444
accept: */*

Response DefaultHttpResponse(decodeResult: success, version: HTTP/1.1)
HTTP/1.1 200 OK
content-length: 14
content-type: application/json; charset=utf-8
cache-control: no-cache

17:49:38.024 [AsyncHttpClient-1-2] DEBUG org.asynchttpclient.netty.channel.ChannelManager -- Adding key: http://localhost:4444 for channel [id: 0x020b4601, L:/127.0.0.1:63420 - R:localhost/127.0.0.1:4444]
17:49:38.025 [Forwarding findElement on session 7ba8ff3bf30367aad55a4e3910d5e455 to remote] DEBUG org.asynchttpclient.netty.request.NettyRequestSender -- Using pooled Channel '[id: 0x020b4601, L:/127.0.0.1:63420 - R:localhost/127.0.0.1:4444]' for 'POST' to 'http://localhost:4444/wd/hub/session/7ba8ff3bf30367aad55a4e3910d5e455/element'
17:49:38.025 [Forwarding findElement on session 7ba8ff3bf30367aad55a4e3910d5e455 to remote] DEBUG org.asynchttpclient.netty.request.NettyRequestSender -- Using open Channel [id: 0x020b4601, L:/127.0.0.1:63420 - R:localhost/127.0.0.1:4444] for POST '/wd/hub/session/7ba8ff3bf30367aad55a4e3910d5e455/element'
17:49:38.045 [AsyncHttpClient-1-2] DEBUG org.asynchttpclient.netty.handler.HttpHandler -- 

Request DefaultHttpRequest(decodeResult: success, version: HTTP/1.1)
POST /wd/hub/session/7ba8ff3bf30367aad55a4e3910d5e455/element HTTP/1.1
traceparent: 00-091f84c66f15bbe6946cdf2bb98f020d-d6b987490f332ca5-01
User-Agent: selenium/4.13.0 (java windows)
Content-Length: 53
Content-Type: application/json; charset=utf-8
host: localhost:4444
accept: */*

Response DefaultHttpResponse(decodeResult: success, version: HTTP/1.1)
HTTP/1.1 200 OK
content-length: 96
content-type: application/json; charset=utf-8
cache-control: no-cache

17:49:38.046 [AsyncHttpClient-1-2] DEBUG org.asynchttpclient.netty.channel.ChannelManager -- Adding key: http://localhost:4444 for channel [id: 0x020b4601, L:/127.0.0.1:63420 - R:localhost/127.0.0.1:4444]
17:49:38.047 [Forwarding getElementAttribute on session 7ba8ff3bf30367aad55a4e3910d5e455 to remote] DEBUG org.asynchttpclient.netty.request.NettyRequestSender -- Using pooled Channel '[id: 0x020b4601, L:/127.0.0.1:63420 - R:localhost/127.0.0.1:4444]' for 'POST' to 'http://localhost:4444/wd/hub/session/7ba8ff3bf30367aad55a4e3910d5e455/execute/sync'
17:49:38.047 [Forwarding getElementAttribute on session 7ba8ff3bf30367aad55a4e3910d5e455 to remote] DEBUG org.asynchttpclient.netty.request.NettyRequestSender -- Using open Channel [id: 0x020b4601, L:/127.0.0.1:63420 - R:localhost/127.0.0.1:4444] for POST '/wd/hub/session/7ba8ff3bf30367aad55a4e3910d5e455/execute/sync'
17:49:38.068 [AsyncHttpClient-1-2] DEBUG org.asynchttpclient.netty.handler.HttpHandler -- 

Request DefaultHttpRequest(decodeResult: success, version: HTTP/1.1)
POST /wd/hub/session/7ba8ff3bf30367aad55a4e3910d5e455/execute/sync HTTP/1.1
traceparent: 00-8e94fa5a7d162a842253acb7fd70c50c-3c2176c4e54ab101-01
User-Agent: selenium/4.13.0 (java windows)
Content-Length: 47380
Content-Type: application/json; charset=utf-8
host: localhost:4444
accept: */*

Response DefaultHttpResponse(decodeResult: success, version: HTTP/1.1)
HTTP/1.1 200 OK
content-length: 224
content-type: application/json; charset=utf-8
cache-control: no-cache

17:49:38.068 [AsyncHttpClient-1-2] DEBUG org.asynchttpclient.netty.channel.ChannelManager -- Adding key: http://localhost:4444 for channel [id: 0x020b4601, L:/127.0.0.1:63420 - R:localhost/127.0.0.1:4444]
17:49:38.069 [Forwarding getElementAttribute on session 7ba8ff3bf30367aad55a4e3910d5e455 to remote] DEBUG org.asynchttpclient.netty.request.NettyRequestSender -- Using pooled Channel '[id: 0x020b4601, L:/127.0.0.1:63420 - R:localhost/127.0.0.1:4444]' for 'POST' to 'http://localhost:4444/wd/hub/session/7ba8ff3bf30367aad55a4e3910d5e455/execute/sync'
17:49:38.069 [Forwarding getElementAttribute on session 7ba8ff3bf30367aad55a4e3910d5e455 to remote] DEBUG org.asynchttpclient.netty.request.NettyRequestSender -- Using open Channel [id: 0x020b4601, L:/127.0.0.1:63420 - R:localhost/127.0.0.1:4444] for POST '/wd/hub/session/7ba8ff3bf30367aad55a4e3910d5e455/execute/sync'
17:49:38.089 [AsyncHttpClient-1-2] DEBUG org.asynchttpclient.netty.handler.HttpHandler -- 

Request DefaultHttpRequest(decodeResult: success, version: HTTP/1.1)
POST /wd/hub/session/7ba8ff3bf30367aad55a4e3910d5e455/execute/sync HTTP/1.1
traceparent: 00-fc082be350e84467934cec378d5f37fc-dab987771a72543d-01
User-Agent: selenium/4.13.0 (java windows)
Content-Length: 47376
Content-Type: application/json; charset=utf-8
host: localhost:4444
accept: */*

Response DefaultHttpResponse(decodeResult: success, version: HTTP/1.1)
HTTP/1.1 200 OK
content-length: 34
content-type: application/json; charset=utf-8
cache-control: no-cache

17:49:38.089 [AsyncHttpClient-1-2] DEBUG org.asynchttpclient.netty.channel.ChannelManager -- Adding key: http://localhost:4444 for channel [id: 0x020b4601, L:/127.0.0.1:63420 - R:localhost/127.0.0.1:4444]
17:49:38.091 [Forwarding getElementAttribute on session 7ba8ff3bf30367aad55a4e3910d5e455 to remote] DEBUG org.asynchttpclient.netty.request.NettyRequestSender -- Using pooled Channel '[id: 0x020b4601, L:/127.0.0.1:63420 - R:localhost/127.0.0.1:4444]' for 'POST' to 'http://localhost:4444/wd/hub/session/7ba8ff3bf30367aad55a4e3910d5e455/execute/sync'
17:49:38.091 [Forwarding getElementAttribute on session 7ba8ff3bf30367aad55a4e3910d5e455 to remote] DEBUG org.asynchttpclient.netty.request.NettyRequestSender -- Using open Channel [id: 0x020b4601, L:/127.0.0.1:63420 - R:localhost/127.0.0.1:4444] for POST '/wd/hub/session/7ba8ff3bf30367aad55a4e3910d5e455/execute/sync'
17:49:38.112 [AsyncHttpClient-1-2] DEBUG org.asynchttpclient.netty.handler.HttpHandler -- 

Request DefaultHttpRequest(decodeResult: success, version: HTTP/1.1)
POST /wd/hub/session/7ba8ff3bf30367aad55a4e3910d5e455/execute/sync HTTP/1.1
traceparent: 00-662485c5cd06905b8341ec4688fd9ca5-58b6a86f655fa0d3-01
User-Agent: selenium/4.13.0 (java windows)
Content-Length: 47382
Content-Type: application/json; charset=utf-8
host: localhost:4444
accept: */*

Response DefaultHttpResponse(decodeResult: success, version: HTTP/1.1)
HTTP/1.1 200 OK
content-length: 20
content-type: application/json; charset=utf-8
cache-control: no-cache

17:49:38.113 [AsyncHttpClient-1-2] DEBUG org.asynchttpclient.netty.channel.ChannelManager -- Adding key: http://localhost:4444 for channel [id: 0x020b4601, L:/127.0.0.1:63420 - R:localhost/127.0.0.1:4444]
17:49:38.115 [Forwarding getElementAttribute on session 7ba8ff3bf30367aad55a4e3910d5e455 to remote] DEBUG org.asynchttpclient.netty.request.NettyRequestSender -- Using pooled Channel '[id: 0x020b4601, L:/127.0.0.1:63420 - R:localhost/127.0.0.1:4444]' for 'POST' to 'http://localhost:4444/wd/hub/session/7ba8ff3bf30367aad55a4e3910d5e455/execute/sync'
17:49:38.115 [Forwarding getElementAttribute on session 7ba8ff3bf30367aad55a4e3910d5e455 to remote] DEBUG org.asynchttpclient.netty.request.NettyRequestSender -- Using open Channel [id: 0x020b4601, L:/127.0.0.1:63420 - R:localhost/127.0.0.1:4444] for POST '/wd/hub/session/7ba8ff3bf30367aad55a4e3910d5e455/execute/sync'
17:49:38.146 [AsyncHttpClient-1-2] DEBUG org.asynchttpclient.netty.handler.HttpHandler -- 

Request DefaultHttpRequest(decodeResult: success, version: HTTP/1.1)
POST /wd/hub/session/7ba8ff3bf30367aad55a4e3910d5e455/execute/sync HTTP/1.1
traceparent: 00-42b2ec6bfe2972c5d2946e3965d6a39c-ea05c581c2fbbc1a-01
User-Agent: selenium/4.13.0 (java windows)
Content-Length: 47375
Content-Type: application/json; charset=utf-8
host: localhost:4444
accept: */*

Response DefaultHttpResponse(decodeResult: success, version: HTTP/1.1)
HTTP/1.1 200 OK
content-length: 20
content-type: application/json; charset=utf-8
cache-control: no-cache

17:49:38.146 [AsyncHttpClient-1-2] DEBUG org.asynchttpclient.netty.channel.ChannelManager -- Adding key: http://localhost:4444 for channel [id: 0x020b4601, L:/127.0.0.1:63420 - R:localhost/127.0.0.1:4444]
17:49:38.149 [Forwarding getElementAttribute on session 7ba8ff3bf30367aad55a4e3910d5e455 to remote] DEBUG org.asynchttpclient.netty.request.NettyRequestSender -- Using pooled Channel '[id: 0x020b4601, L:/127.0.0.1:63420 - R:localhost/127.0.0.1:4444]' for 'POST' to 'http://localhost:4444/wd/hub/session/7ba8ff3bf30367aad55a4e3910d5e455/execute/sync'
17:49:38.149 [Forwarding getElementAttribute on session 7ba8ff3bf30367aad55a4e3910d5e455 to remote] DEBUG org.asynchttpclient.netty.request.NettyRequestSender -- Using open Channel [id: 0x020b4601, L:/127.0.0.1:63420 - R:localhost/127.0.0.1:4444] for POST '/wd/hub/session/7ba8ff3bf30367aad55a4e3910d5e455/execute/sync'
17:49:38.174 [AsyncHttpClient-1-2] DEBUG org.asynchttpclient.netty.handler.HttpHandler -- 

Request DefaultHttpRequest(decodeResult: success, version: HTTP/1.1)
POST /wd/hub/session/7ba8ff3bf30367aad55a4e3910d5e455/execute/sync HTTP/1.1
traceparent: 00-498a112e213b559dab4723b5b8c5e1c8-5ef9926e55e203ce-01
User-Agent: selenium/4.13.0 (java windows)
Content-Length: 47380
Content-Type: application/json; charset=utf-8
host: localhost:4444
accept: */*

Response DefaultHttpResponse(decodeResult: success, version: HTTP/1.1)
HTTP/1.1 200 OK
content-length: 20
content-type: application/json; charset=utf-8
cache-control: no-cache

17:49:38.175 [AsyncHttpClient-1-2] DEBUG org.asynchttpclient.netty.channel.ChannelManager -- Adding key: http://localhost:4444 for channel [id: 0x020b4601, L:/127.0.0.1:63420 - R:localhost/127.0.0.1:4444]
17:49:38.177 [Forwarding getElementAttribute on session 7ba8ff3bf30367aad55a4e3910d5e455 to remote] DEBUG org.asynchttpclient.netty.request.NettyRequestSender -- Using pooled Channel '[id: 0x020b4601, L:/127.0.0.1:63420 - R:localhost/127.0.0.1:4444]' for 'POST' to 'http://localhost:4444/wd/hub/session/7ba8ff3bf30367aad55a4e3910d5e455/execute/sync'
17:49:38.177 [Forwarding getElementAttribute on session 7ba8ff3bf30367aad55a4e3910d5e455 to remote] DEBUG org.asynchttpclient.netty.request.NettyRequestSender -- Using open Channel [id: 0x020b4601, L:/127.0.0.1:63420 - R:localhost/127.0.0.1:4444] for POST '/wd/hub/session/7ba8ff3bf30367aad55a4e3910d5e455/execute/sync'
17:49:38.200 [AsyncHttpClient-1-2] DEBUG org.asynchttpclient.netty.handler.HttpHandler -- 

Request DefaultHttpRequest(decodeResult: success, version: HTTP/1.1)
POST /wd/hub/session/7ba8ff3bf30367aad55a4e3910d5e455/execute/sync HTTP/1.1
traceparent: 00-6384f1996e7e52c17d85f0c8f5ee3cb8-bf0c4b6f1693aae2-01
User-Agent: selenium/4.13.0 (java windows)
Content-Length: 47373
Content-Type: application/json; charset=utf-8
host: localhost:4444
accept: */*

Response DefaultHttpResponse(decodeResult: success, version: HTTP/1.1)
HTTP/1.1 200 OK
content-length: 20
content-type: application/json; charset=utf-8
cache-control: no-cache

17:49:38.200 [AsyncHttpClient-1-2] DEBUG org.asynchttpclient.netty.channel.ChannelManager -- Adding key: http://localhost:4444 for channel [id: 0x020b4601, L:/127.0.0.1:63420 - R:localhost/127.0.0.1:4444]
17:49:38.201 [Forwarding getElementAttribute on session 7ba8ff3bf30367aad55a4e3910d5e455 to remote] DEBUG org.asynchttpclient.netty.request.NettyRequestSender -- Using pooled Channel '[id: 0x020b4601, L:/127.0.0.1:63420 - R:localhost/127.0.0.1:4444]' for 'POST' to 'http://localhost:4444/wd/hub/session/7ba8ff3bf30367aad55a4e3910d5e455/execute/sync'
17:49:38.202 [Forwarding getElementAttribute on session 7ba8ff3bf30367aad55a4e3910d5e455 to remote] DEBUG org.asynchttpclient.netty.request.NettyRequestSender -- Using open Channel [id: 0x020b4601, L:/127.0.0.1:63420 - R:localhost/127.0.0.1:4444] for POST '/wd/hub/session/7ba8ff3bf30367aad55a4e3910d5e455/execute/sync'
17:49:38.229 [AsyncHttpClient-1-2] DEBUG org.asynchttpclient.netty.handler.HttpHandler -- 

Request DefaultHttpRequest(decodeResult: success, version: HTTP/1.1)
POST /wd/hub/session/7ba8ff3bf30367aad55a4e3910d5e455/execute/sync HTTP/1.1
traceparent: 00-ab9d989653583326f094a08eb17a3ba5-6d378aa2999739e7-01
User-Agent: selenium/4.13.0 (java windows)
Content-Length: 47375
Content-Type: application/json; charset=utf-8
host: localhost:4444
accept: */*

Response DefaultHttpResponse(decodeResult: success, version: HTTP/1.1)
HTTP/1.1 200 OK
content-length: 20
content-type: application/json; charset=utf-8
cache-control: no-cache

17:49:38.229 [AsyncHttpClient-1-2] DEBUG org.asynchttpclient.netty.channel.ChannelManager -- Adding key: http://localhost:4444 for channel [id: 0x020b4601, L:/127.0.0.1:63420 - R:localhost/127.0.0.1:4444]
17:49:38.231 [Forwarding getElementAttribute on session 7ba8ff3bf30367aad55a4e3910d5e455 to remote] DEBUG org.asynchttpclient.netty.request.NettyRequestSender -- Using pooled Channel '[id: 0x020b4601, L:/127.0.0.1:63420 - R:localhost/127.0.0.1:4444]' for 'POST' to 'http://localhost:4444/wd/hub/session/7ba8ff3bf30367aad55a4e3910d5e455/execute/sync'
17:49:38.231 [Forwarding getElementAttribute on session 7ba8ff3bf30367aad55a4e3910d5e455 to remote] DEBUG org.asynchttpclient.netty.request.NettyRequestSender -- Using open Channel [id: 0x020b4601, L:/127.0.0.1:63420 - R:localhost/127.0.0.1:4444] for POST '/wd/hub/session/7ba8ff3bf30367aad55a4e3910d5e455/execute/sync'
17:49:38.265 [AsyncHttpClient-1-2] DEBUG org.asynchttpclient.netty.handler.HttpHandler -- 

Request DefaultHttpRequest(decodeResult: success, version: HTTP/1.1)
POST /wd/hub/session/7ba8ff3bf30367aad55a4e3910d5e455/execute/sync HTTP/1.1
traceparent: 00-31344e7bc7bee1761c02ec0885c4bede-0a4b7f758628c279-01
User-Agent: selenium/4.13.0 (java windows)
Content-Length: 47382
Content-Type: application/json; charset=utf-8
host: localhost:4444
accept: */*

Response DefaultHttpResponse(decodeResult: success, version: HTTP/1.1)
HTTP/1.1 200 OK
content-length: 15
content-type: application/json; charset=utf-8
cache-control: no-cache

17:49:38.265 [AsyncHttpClient-1-2] DEBUG org.asynchttpclient.netty.channel.ChannelManager -- Adding key: http://localhost:4444 for channel [id: 0x020b4601, L:/127.0.0.1:63420 - R:localhost/127.0.0.1:4444]
17:49:38.267 [Forwarding getElementAttribute on session 7ba8ff3bf30367aad55a4e3910d5e455 to remote] DEBUG org.asynchttpclient.netty.request.NettyRequestSender -- Using pooled Channel '[id: 0x020b4601, L:/127.0.0.1:63420 - R:localhost/127.0.0.1:4444]' for 'POST' to 'http://localhost:4444/wd/hub/session/7ba8ff3bf30367aad55a4e3910d5e455/execute/sync'
17:49:38.267 [Forwarding getElementAttribute on session 7ba8ff3bf30367aad55a4e3910d5e455 to remote] DEBUG org.asynchttpclient.netty.request.NettyRequestSender -- Using open Channel [id: 0x020b4601, L:/127.0.0.1:63420 - R:localhost/127.0.0.1:4444] for POST '/wd/hub/session/7ba8ff3bf30367aad55a4e3910d5e455/execute/sync'
17:49:38.297 [AsyncHttpClient-1-2] DEBUG org.asynchttpclient.netty.handler.HttpHandler -- 

Request DefaultHttpRequest(decodeResult: success, version: HTTP/1.1)
POST /wd/hub/session/7ba8ff3bf30367aad55a4e3910d5e455/execute/sync HTTP/1.1
traceparent: 00-9f5cc3b6810bcadf0409f5b19cdbeb98-a0ea3010ad323f8a-01
User-Agent: selenium/4.13.0 (java windows)
Content-Length: 47385
Content-Type: application/json; charset=utf-8
host: localhost:4444
accept: */*

Response DefaultHttpResponse(decodeResult: success, version: HTTP/1.1)
HTTP/1.1 200 OK
content-length: 16
content-type: application/json; charset=utf-8
cache-control: no-cache

17:49:38.297 [AsyncHttpClient-1-2] DEBUG org.asynchttpclient.netty.channel.ChannelManager -- Adding key: http://localhost:4444 for channel [id: 0x020b4601, L:/127.0.0.1:63420 - R:localhost/127.0.0.1:4444]
17:49:38.299 [Forwarding getElementAttribute on session 7ba8ff3bf30367aad55a4e3910d5e455 to remote] DEBUG org.asynchttpclient.netty.request.NettyRequestSender -- Using pooled Channel '[id: 0x020b4601, L:/127.0.0.1:63420 - R:localhost/127.0.0.1:4444]' for 'POST' to 'http://localhost:4444/wd/hub/session/7ba8ff3bf30367aad55a4e3910d5e455/execute/sync'
17:49:38.299 [Forwarding getElementAttribute on session 7ba8ff3bf30367aad55a4e3910d5e455 to remote] DEBUG org.asynchttpclient.netty.request.NettyRequestSender -- Using open Channel [id: 0x020b4601, L:/127.0.0.1:63420 - R:localhost/127.0.0.1:4444] for POST '/wd/hub/session/7ba8ff3bf30367aad55a4e3910d5e455/execute/sync'
17:49:38.322 [AsyncHttpClient-1-2] DEBUG org.asynchttpclient.netty.handler.HttpHandler -- 

Request DefaultHttpRequest(decodeResult: success, version: HTTP/1.1)
POST /wd/hub/session/7ba8ff3bf30367aad55a4e3910d5e455/execute/sync HTTP/1.1
traceparent: 00-edba7d45d87ff99ce361bfeebdc774d6-1f526dd245e80467-01
User-Agent: selenium/4.13.0 (java windows)
Content-Length: 47376
Content-Type: application/json; charset=utf-8
host: localhost:4444
accept: */*

Response DefaultHttpResponse(decodeResult: success, version: HTTP/1.1)
HTTP/1.1 200 OK
content-length: 24
content-type: application/json; charset=utf-8
cache-control: no-cache

17:49:38.322 [AsyncHttpClient-1-2] DEBUG org.asynchttpclient.netty.channel.ChannelManager -- Adding key: http://localhost:4444 for channel [id: 0x020b4601, L:/127.0.0.1:63420 - R:localhost/127.0.0.1:4444]
17:49:38.323 [main] INFO helpers.LoggerHelper -- Testing password: secret_sauce
17:49:38.324 [Forwarding findElement on session 7ba8ff3bf30367aad55a4e3910d5e455 to remote] DEBUG org.asynchttpclient.netty.request.NettyRequestSender -- Using pooled Channel '[id: 0x020b4601, L:/127.0.0.1:63420 - R:localhost/127.0.0.1:4444]' for 'POST' to 'http://localhost:4444/wd/hub/session/7ba8ff3bf30367aad55a4e3910d5e455/element'
17:49:38.324 [Forwarding findElement on session 7ba8ff3bf30367aad55a4e3910d5e455 to remote] DEBUG org.asynchttpclient.netty.request.NettyRequestSender -- Using open Channel [id: 0x020b4601, L:/127.0.0.1:63420 - R:localhost/127.0.0.1:4444] for POST '/wd/hub/session/7ba8ff3bf30367aad55a4e3910d5e455/element'
17:49:38.346 [AsyncHttpClient-1-2] DEBUG org.asynchttpclient.netty.handler.HttpHandler -- 

Request DefaultHttpRequest(decodeResult: success, version: HTTP/1.1)
POST /wd/hub/session/7ba8ff3bf30367aad55a4e3910d5e455/element HTTP/1.1
traceparent: 00-7d6f1120f082496f8f9c40beb07ccd53-cdc5402112755620-01
User-Agent: selenium/4.13.0 (java windows)
Content-Length: 59
Content-Type: application/json; charset=utf-8
host: localhost:4444
accept: */*

Response DefaultHttpResponse(decodeResult: success, version: HTTP/1.1)
HTTP/1.1 200 OK
content-length: 96
content-type: application/json; charset=utf-8
cache-control: no-cache

17:49:38.347 [AsyncHttpClient-1-2] DEBUG org.asynchttpclient.netty.channel.ChannelManager -- Adding key: http://localhost:4444 for channel [id: 0x020b4601, L:/127.0.0.1:63420 - R:localhost/127.0.0.1:4444]
17:49:38.350 [Forwarding isElementDisplayed on session 7ba8ff3bf30367aad55a4e3910d5e455 to remote] DEBUG org.asynchttpclient.netty.request.NettyRequestSender -- Using pooled Channel '[id: 0x020b4601, L:/127.0.0.1:63420 - R:localhost/127.0.0.1:4444]' for 'POST' to 'http://localhost:4444/wd/hub/session/7ba8ff3bf30367aad55a4e3910d5e455/execute/sync'
17:49:38.350 [Forwarding isElementDisplayed on session 7ba8ff3bf30367aad55a4e3910d5e455 to remote] DEBUG org.asynchttpclient.netty.request.NettyRequestSender -- Using open Channel [id: 0x020b4601, L:/127.0.0.1:63420 - R:localhost/127.0.0.1:4444] for POST '/wd/hub/session/7ba8ff3bf30367aad55a4e3910d5e455/execute/sync'
17:49:38.381 [AsyncHttpClient-1-2] DEBUG org.asynchttpclient.netty.handler.HttpHandler -- 

Request DefaultHttpRequest(decodeResult: success, version: HTTP/1.1)
POST /wd/hub/session/7ba8ff3bf30367aad55a4e3910d5e455/execute/sync HTTP/1.1
traceparent: 00-9189c9553cdc626b938873ec668333a0-04dbd26e745f41b0-01
User-Agent: selenium/4.13.0 (java windows)
Content-Length: 48815
Content-Type: application/json; charset=utf-8
host: localhost:4444
accept: */*

Response DefaultHttpResponse(decodeResult: success, version: HTTP/1.1)
HTTP/1.1 200 OK
content-length: 14
content-type: application/json; charset=utf-8
cache-control: no-cache

17:49:38.381 [AsyncHttpClient-1-2] DEBUG org.asynchttpclient.netty.channel.ChannelManager -- Adding key: http://localhost:4444 for channel [id: 0x020b4601, L:/127.0.0.1:63420 - R:localhost/127.0.0.1:4444]
17:49:38.382 [Forwarding findElement on session 7ba8ff3bf30367aad55a4e3910d5e455 to remote] DEBUG org.asynchttpclient.netty.request.NettyRequestSender -- Using pooled Channel '[id: 0x020b4601, L:/127.0.0.1:63420 - R:localhost/127.0.0.1:4444]' for 'POST' to 'http://localhost:4444/wd/hub/session/7ba8ff3bf30367aad55a4e3910d5e455/element'
17:49:38.382 [Forwarding findElement on session 7ba8ff3bf30367aad55a4e3910d5e455 to remote] DEBUG org.asynchttpclient.netty.request.NettyRequestSender -- Using open Channel [id: 0x020b4601, L:/127.0.0.1:63420 - R:localhost/127.0.0.1:4444] for POST '/wd/hub/session/7ba8ff3bf30367aad55a4e3910d5e455/element'
17:49:38.402 [AsyncHttpClient-1-2] DEBUG org.asynchttpclient.netty.handler.HttpHandler -- 

Request DefaultHttpRequest(decodeResult: success, version: HTTP/1.1)
POST /wd/hub/session/7ba8ff3bf30367aad55a4e3910d5e455/element HTTP/1.1
traceparent: 00-0536e6b4baf5769243b080653ce3e3c4-26e5296edece1295-01
User-Agent: selenium/4.13.0 (java windows)
Content-Length: 59
Content-Type: application/json; charset=utf-8
host: localhost:4444
accept: */*

Response DefaultHttpResponse(decodeResult: success, version: HTTP/1.1)
HTTP/1.1 200 OK
content-length: 96
content-type: application/json; charset=utf-8
cache-control: no-cache

17:49:38.402 [AsyncHttpClient-1-2] DEBUG org.asynchttpclient.netty.channel.ChannelManager -- Adding key: http://localhost:4444 for channel [id: 0x020b4601, L:/127.0.0.1:63420 - R:localhost/127.0.0.1:4444]
17:49:38.404 [Forwarding getElementAttribute on session 7ba8ff3bf30367aad55a4e3910d5e455 to remote] DEBUG org.asynchttpclient.netty.request.NettyRequestSender -- Using pooled Channel '[id: 0x020b4601, L:/127.0.0.1:63420 - R:localhost/127.0.0.1:4444]' for 'POST' to 'http://localhost:4444/wd/hub/session/7ba8ff3bf30367aad55a4e3910d5e455/execute/sync'
17:49:38.404 [Forwarding getElementAttribute on session 7ba8ff3bf30367aad55a4e3910d5e455 to remote] DEBUG org.asynchttpclient.netty.request.NettyRequestSender -- Using open Channel [id: 0x020b4601, L:/127.0.0.1:63420 - R:localhost/127.0.0.1:4444] for POST '/wd/hub/session/7ba8ff3bf30367aad55a4e3910d5e455/execute/sync'
17:49:38.427 [AsyncHttpClient-1-2] DEBUG org.asynchttpclient.netty.handler.HttpHandler -- 

Request DefaultHttpRequest(decodeResult: success, version: HTTP/1.1)
POST /wd/hub/session/7ba8ff3bf30367aad55a4e3910d5e455/execute/sync HTTP/1.1
traceparent: 00-01ca37024b7188060c7a199e30e22604-39c726e7583a989b-01
User-Agent: selenium/4.13.0 (java windows)
Content-Length: 47380
Content-Type: application/json; charset=utf-8
host: localhost:4444
accept: */*

Response DefaultHttpResponse(decodeResult: success, version: HTTP/1.1)
HTTP/1.1 200 OK
content-length: 160
content-type: application/json; charset=utf-8
cache-control: no-cache

17:49:38.427 [AsyncHttpClient-1-2] DEBUG org.asynchttpclient.netty.channel.ChannelManager -- Adding key: http://localhost:4444 for channel [id: 0x020b4601, L:/127.0.0.1:63420 - R:localhost/127.0.0.1:4444]
17:49:38.430 [Forwarding getElementAttribute on session 7ba8ff3bf30367aad55a4e3910d5e455 to remote] DEBUG org.asynchttpclient.netty.request.NettyRequestSender -- Using pooled Channel '[id: 0x020b4601, L:/127.0.0.1:63420 - R:localhost/127.0.0.1:4444]' for 'POST' to 'http://localhost:4444/wd/hub/session/7ba8ff3bf30367aad55a4e3910d5e455/execute/sync'
17:49:38.430 [Forwarding getElementAttribute on session 7ba8ff3bf30367aad55a4e3910d5e455 to remote] DEBUG org.asynchttpclient.netty.request.NettyRequestSender -- Using open Channel [id: 0x020b4601, L:/127.0.0.1:63420 - R:localhost/127.0.0.1:4444] for POST '/wd/hub/session/7ba8ff3bf30367aad55a4e3910d5e455/execute/sync'
17:49:38.453 [AsyncHttpClient-1-2] DEBUG org.asynchttpclient.netty.handler.HttpHandler -- 

Request DefaultHttpRequest(decodeResult: success, version: HTTP/1.1)
POST /wd/hub/session/7ba8ff3bf30367aad55a4e3910d5e455/execute/sync HTTP/1.1
traceparent: 00-360cc8acae5dd256618dd614626a73e0-0414c44b07c8d43a-01
User-Agent: selenium/4.13.0 (java windows)
Content-Length: 47375
Content-Type: application/json; charset=utf-8
host: localhost:4444
accept: */*

Response DefaultHttpResponse(decodeResult: success, version: HTTP/1.1)
HTTP/1.1 200 OK
content-length: 18
content-type: application/json; charset=utf-8
cache-control: no-cache

17:49:38.453 [AsyncHttpClient-1-2] DEBUG org.asynchttpclient.netty.channel.ChannelManager -- Adding key: http://localhost:4444 for channel [id: 0x020b4601, L:/127.0.0.1:63420 - R:localhost/127.0.0.1:4444]
17:49:38.455 [Forwarding getElementAttribute on session 7ba8ff3bf30367aad55a4e3910d5e455 to remote] DEBUG org.asynchttpclient.netty.request.NettyRequestSender -- Using pooled Channel '[id: 0x020b4601, L:/127.0.0.1:63420 - R:localhost/127.0.0.1:4444]' for 'POST' to 'http://localhost:4444/wd/hub/session/7ba8ff3bf30367aad55a4e3910d5e455/execute/sync'
17:49:38.456 [Forwarding getElementAttribute on session 7ba8ff3bf30367aad55a4e3910d5e455 to remote] DEBUG org.asynchttpclient.netty.request.NettyRequestSender -- Using open Channel [id: 0x020b4601, L:/127.0.0.1:63420 - R:localhost/127.0.0.1:4444] for POST '/wd/hub/session/7ba8ff3bf30367aad55a4e3910d5e455/execute/sync'
17:49:38.482 [AsyncHttpClient-1-2] DEBUG org.asynchttpclient.netty.handler.HttpHandler -- 

Request DefaultHttpRequest(decodeResult: success, version: HTTP/1.1)
POST /wd/hub/session/7ba8ff3bf30367aad55a4e3910d5e455/execute/sync HTTP/1.1
traceparent: 00-2db6ebed5ed4bab146d41a1c22e16dd8-8f321b9daa8f24da-01
User-Agent: selenium/4.13.0 (java windows)
Content-Length: 47376
Content-Type: application/json; charset=utf-8
host: localhost:4444
accept: */*

Response DefaultHttpResponse(decodeResult: success, version: HTTP/1.1)
HTTP/1.1 200 OK
content-length: 36
content-type: application/json; charset=utf-8
cache-control: no-cache

17:49:38.483 [AsyncHttpClient-1-2] DEBUG org.asynchttpclient.netty.channel.ChannelManager -- Adding key: http://localhost:4444 for channel [id: 0x020b4601, L:/127.0.0.1:63420 - R:localhost/127.0.0.1:4444]
17:49:38.485 [Forwarding getElementAttribute on session 7ba8ff3bf30367aad55a4e3910d5e455 to remote] DEBUG org.asynchttpclient.netty.request.NettyRequestSender -- Using pooled Channel '[id: 0x020b4601, L:/127.0.0.1:63420 - R:localhost/127.0.0.1:4444]' for 'POST' to 'http://localhost:4444/wd/hub/session/7ba8ff3bf30367aad55a4e3910d5e455/execute/sync'
17:49:38.485 [Forwarding getElementAttribute on session 7ba8ff3bf30367aad55a4e3910d5e455 to remote] DEBUG org.asynchttpclient.netty.request.NettyRequestSender -- Using open Channel [id: 0x020b4601, L:/127.0.0.1:63420 - R:localhost/127.0.0.1:4444] for POST '/wd/hub/session/7ba8ff3bf30367aad55a4e3910d5e455/execute/sync'
17:49:38.524 [AsyncHttpClient-1-2] DEBUG org.asynchttpclient.netty.handler.HttpHandler -- 

Request DefaultHttpRequest(decodeResult: success, version: HTTP/1.1)
POST /wd/hub/session/7ba8ff3bf30367aad55a4e3910d5e455/execute/sync HTTP/1.1
traceparent: 00-83da6ace249c1e59db8f46cffac2900f-32fb5ca843f01b33-01
User-Agent: selenium/4.13.0 (java windows)
Content-Length: 47380
Content-Type: application/json; charset=utf-8
host: localhost:4444
accept: */*

Response DefaultHttpResponse(decodeResult: success, version: HTTP/1.1)
HTTP/1.1 200 OK
content-length: 24
content-type: application/json; charset=utf-8
cache-control: no-cache

17:49:38.524 [AsyncHttpClient-1-2] DEBUG org.asynchttpclient.netty.channel.ChannelManager -- Adding key: http://localhost:4444 for channel [id: 0x020b4601, L:/127.0.0.1:63420 - R:localhost/127.0.0.1:4444]
17:49:38.526 [Forwarding getElementAttribute on session 7ba8ff3bf30367aad55a4e3910d5e455 to remote] DEBUG org.asynchttpclient.netty.request.NettyRequestSender -- Using pooled Channel '[id: 0x020b4601, L:/127.0.0.1:63420 - R:localhost/127.0.0.1:4444]' for 'POST' to 'http://localhost:4444/wd/hub/session/7ba8ff3bf30367aad55a4e3910d5e455/execute/sync'
17:49:38.526 [Forwarding getElementAttribute on session 7ba8ff3bf30367aad55a4e3910d5e455 to remote] DEBUG org.asynchttpclient.netty.request.NettyRequestSender -- Using open Channel [id: 0x020b4601, L:/127.0.0.1:63420 - R:localhost/127.0.0.1:4444] for POST '/wd/hub/session/7ba8ff3bf30367aad55a4e3910d5e455/execute/sync'
17:49:38.560 [AsyncHttpClient-1-2] DEBUG org.asynchttpclient.netty.handler.HttpHandler -- 

Request DefaultHttpRequest(decodeResult: success, version: HTTP/1.1)
POST /wd/hub/session/7ba8ff3bf30367aad55a4e3910d5e455/execute/sync HTTP/1.1
traceparent: 00-846445edfc19200ccdcda1c608eed743-67bcb393c1ef3cce-01
User-Agent: selenium/4.13.0 (java windows)
Content-Length: 47373
Content-Type: application/json; charset=utf-8
host: localhost:4444
accept: */*

Response DefaultHttpResponse(decodeResult: success, version: HTTP/1.1)
HTTP/1.1 200 OK
content-length: 24
content-type: application/json; charset=utf-8
cache-control: no-cache

17:49:38.560 [AsyncHttpClient-1-2] DEBUG org.asynchttpclient.netty.channel.ChannelManager -- Adding key: http://localhost:4444 for channel [id: 0x020b4601, L:/127.0.0.1:63420 - R:localhost/127.0.0.1:4444]
17:49:38.562 [Forwarding getElementAttribute on session 7ba8ff3bf30367aad55a4e3910d5e455 to remote] DEBUG org.asynchttpclient.netty.request.NettyRequestSender -- Using pooled Channel '[id: 0x020b4601, L:/127.0.0.1:63420 - R:localhost/127.0.0.1:4444]' for 'POST' to 'http://localhost:4444/wd/hub/session/7ba8ff3bf30367aad55a4e3910d5e455/execute/sync'
17:49:38.562 [Forwarding getElementAttribute on session 7ba8ff3bf30367aad55a4e3910d5e455 to remote] DEBUG org.asynchttpclient.netty.request.NettyRequestSender -- Using open Channel [id: 0x020b4601, L:/127.0.0.1:63420 - R:localhost/127.0.0.1:4444] for POST '/wd/hub/session/7ba8ff3bf30367aad55a4e3910d5e455/execute/sync'
17:49:38.587 [AsyncHttpClient-1-2] DEBUG org.asynchttpclient.netty.handler.HttpHandler -- 

Request DefaultHttpRequest(decodeResult: success, version: HTTP/1.1)
POST /wd/hub/session/7ba8ff3bf30367aad55a4e3910d5e455/execute/sync HTTP/1.1
traceparent: 00-a8d1db33098942bc88ee5b289cb50611-4a0dad87bfb3be8c-01
User-Agent: selenium/4.13.0 (java windows)
Content-Length: 47375
Content-Type: application/json; charset=utf-8
host: localhost:4444
accept: */*

Response DefaultHttpResponse(decodeResult: success, version: HTTP/1.1)
HTTP/1.1 200 OK
content-length: 24
content-type: application/json; charset=utf-8
cache-control: no-cache

17:49:38.587 [AsyncHttpClient-1-2] DEBUG org.asynchttpclient.netty.channel.ChannelManager -- Adding key: http://localhost:4444 for channel [id: 0x020b4601, L:/127.0.0.1:63420 - R:localhost/127.0.0.1:4444]
17:49:38.588 [Forwarding getElementAttribute on session 7ba8ff3bf30367aad55a4e3910d5e455 to remote] DEBUG org.asynchttpclient.netty.request.NettyRequestSender -- Using pooled Channel '[id: 0x020b4601, L:/127.0.0.1:63420 - R:localhost/127.0.0.1:4444]' for 'POST' to 'http://localhost:4444/wd/hub/session/7ba8ff3bf30367aad55a4e3910d5e455/execute/sync'
17:49:38.588 [Forwarding getElementAttribute on session 7ba8ff3bf30367aad55a4e3910d5e455 to remote] DEBUG org.asynchttpclient.netty.request.NettyRequestSender -- Using open Channel [id: 0x020b4601, L:/127.0.0.1:63420 - R:localhost/127.0.0.1:4444] for POST '/wd/hub/session/7ba8ff3bf30367aad55a4e3910d5e455/execute/sync'
17:49:38.610 [AsyncHttpClient-1-2] DEBUG org.asynchttpclient.netty.handler.HttpHandler -- 

Request DefaultHttpRequest(decodeResult: success, version: HTTP/1.1)
POST /wd/hub/session/7ba8ff3bf30367aad55a4e3910d5e455/execute/sync HTTP/1.1
traceparent: 00-c38c3b6d4814896070909722591448c5-2180253f338ad3b5-01
User-Agent: selenium/4.13.0 (java windows)
Content-Length: 47376
Content-Type: application/json; charset=utf-8
host: localhost:4444
accept: */*

Response DefaultHttpResponse(decodeResult: success, version: HTTP/1.1)
HTTP/1.1 200 OK
content-length: 17
content-type: application/json; charset=utf-8
cache-control: no-cache

17:49:38.610 [AsyncHttpClient-1-2] DEBUG org.asynchttpclient.netty.channel.ChannelManager -- Adding key: http://localhost:4444 for channel [id: 0x020b4601, L:/127.0.0.1:63420 - R:localhost/127.0.0.1:4444]
17:49:38.612 [Forwarding findElement on session 7ba8ff3bf30367aad55a4e3910d5e455 to remote] DEBUG org.asynchttpclient.netty.request.NettyRequestSender -- Using pooled Channel '[id: 0x020b4601, L:/127.0.0.1:63420 - R:localhost/127.0.0.1:4444]' for 'POST' to 'http://localhost:4444/wd/hub/session/7ba8ff3bf30367aad55a4e3910d5e455/element'
17:49:38.612 [Forwarding findElement on session 7ba8ff3bf30367aad55a4e3910d5e455 to remote] DEBUG org.asynchttpclient.netty.request.NettyRequestSender -- Using open Channel [id: 0x020b4601, L:/127.0.0.1:63420 - R:localhost/127.0.0.1:4444] for POST '/wd/hub/session/7ba8ff3bf30367aad55a4e3910d5e455/element'
17:49:38.631 [AsyncHttpClient-1-2] DEBUG org.asynchttpclient.netty.handler.HttpHandler -- 

Request DefaultHttpRequest(decodeResult: success, version: HTTP/1.1)
POST /wd/hub/session/7ba8ff3bf30367aad55a4e3910d5e455/element HTTP/1.1
traceparent: 00-6f403135a2c6ef1eb9b0285b0e0b4f5f-ebc434d9c7b252a3-01
User-Agent: selenium/4.13.0 (java windows)
Content-Length: 59
Content-Type: application/json; charset=utf-8
host: localhost:4444
accept: */*

Response DefaultHttpResponse(decodeResult: success, version: HTTP/1.1)
HTTP/1.1 200 OK
content-length: 96
content-type: application/json; charset=utf-8
cache-control: no-cache

17:49:38.631 [AsyncHttpClient-1-2] DEBUG org.asynchttpclient.netty.channel.ChannelManager -- Adding key: http://localhost:4444 for channel [id: 0x020b4601, L:/127.0.0.1:63420 - R:localhost/127.0.0.1:4444]
17:49:38.632 [Forwarding clickElement on session 7ba8ff3bf30367aad55a4e3910d5e455 to remote] DEBUG org.asynchttpclient.netty.request.NettyRequestSender -- Using pooled Channel '[id: 0x020b4601, L:/127.0.0.1:63420 - R:localhost/127.0.0.1:4444]' for 'POST' to 'http://localhost:4444/wd/hub/session/7ba8ff3bf30367aad55a4e3910d5e455/element/35D35551A2883D5C59177ED730B5151A_element_118/click'
17:49:38.632 [Forwarding clickElement on session 7ba8ff3bf30367aad55a4e3910d5e455 to remote] DEBUG org.asynchttpclient.netty.request.NettyRequestSender -- Using open Channel [id: 0x020b4601, L:/127.0.0.1:63420 - R:localhost/127.0.0.1:4444] for POST '/wd/hub/session/7ba8ff3bf30367aad55a4e3910d5e455/element/35D35551A2883D5C59177ED730B5151A_element_118/click'
17:49:43.743 [AsyncHttpClient-1-2] DEBUG org.asynchttpclient.netty.handler.HttpHandler -- 

Request DefaultHttpRequest(decodeResult: success, version: HTTP/1.1)
POST /wd/hub/session/7ba8ff3bf30367aad55a4e3910d5e455/element/35D35551A2883D5C59177ED730B5151A_element_118/click HTTP/1.1
traceparent: 00-3f5136d3a36b6e4e8d07473dfc4983fb-164931eb0dfc1a87-01
User-Agent: selenium/4.13.0 (java windows)
Content-Length: 58
Content-Type: application/json; charset=utf-8
host: localhost:4444
accept: */*

Response DefaultHttpResponse(decodeResult: success, version: HTTP/1.1)
HTTP/1.1 200 OK
content-length: 14
content-type: application/json; charset=utf-8
cache-control: no-cache

17:49:43.743 [AsyncHttpClient-1-2] DEBUG org.asynchttpclient.netty.channel.ChannelManager -- Adding key: http://localhost:4444 for channel [id: 0x020b4601, L:/127.0.0.1:63420 - R:localhost/127.0.0.1:4444]
17:49:43.744 [main] INFO helpers.LoggerHelper -- @Test: readFromFileCSVLike has PASSED
17:49:43.744 [main] INFO helpers.LoggerHelper -- ######################################################################################
17:49:43.746 [Forwarding screenshot on session 7ba8ff3bf30367aad55a4e3910d5e455 to remote] DEBUG org.asynchttpclient.netty.request.NettyRequestSender -- Using pooled Channel '[id: 0x020b4601, L:/127.0.0.1:63420 - R:localhost/127.0.0.1:4444]' for 'GET' to 'http://localhost:4444/wd/hub/session/7ba8ff3bf30367aad55a4e3910d5e455/screenshot'
17:49:43.746 [Forwarding screenshot on session 7ba8ff3bf30367aad55a4e3910d5e455 to remote] DEBUG org.asynchttpclient.netty.request.NettyRequestSender -- Using open Channel [id: 0x020b4601, L:/127.0.0.1:63420 - R:localhost/127.0.0.1:4444] for GET '/wd/hub/session/7ba8ff3bf30367aad55a4e3910d5e455/screenshot'
17:49:43.991 [AsyncHttpClient-1-2] DEBUG org.asynchttpclient.netty.handler.HttpHandler -- 

Request DefaultFullHttpRequest(decodeResult: success, version: HTTP/1.1, content: EmptyByteBufBE)
GET /wd/hub/session/7ba8ff3bf30367aad55a4e3910d5e455/screenshot HTTP/1.1
Cache-Control: no-cache
traceparent: 00-6cec13354067f458af5a83ab98a56c62-f6e92ebd596e6c46-01
User-Agent: selenium/4.13.0 (java windows)
Content-Type: application/json; charset=utf-8
host: localhost:4444
accept: */*

Response DefaultHttpResponse(decodeResult: success, version: HTTP/1.1)
HTTP/1.1 200 OK
content-length: 431932
content-type: application/json; charset=utf-8
cache-control: no-cache

17:49:44.000 [AsyncHttpClient-1-2] DEBUG org.asynchttpclient.netty.channel.ChannelManager -- Adding key: http://localhost:4444 for channel [id: 0x020b4601, L:/127.0.0.1:63420 - R:localhost/127.0.0.1:4444]
17:49:44.018 [main] INFO helpers.LoggerHelper -- Screenshot saved successfully.
]]></system-out>
  </testcase>
</testsuite>