<?xml version="1.0" encoding="UTF-8"?>
<testsuite xmlns:xsi="http://www.w3.org/2001/XMLSchema-instance" xsi:noNamespaceSchemaLocation="https://maven.apache.org/surefire/maven-surefire-plugin/xsd/surefire-test-report-3.0.xsd" version="3.0" name="FrontEnd.SauceDemo.LoginWithDP" time="51.947" tests="4" errors="0" skipped="0" failures="0">
  <properties>
    <property name="sun.desktop" value="windows"/>
    <property name="awt.toolkit" value="sun.awt.windows.WToolkit"/>
    <property name="java.specification.version" value="11"/>
    <property name="webdriver.chrome.driver" value="C:\Users\740722\.cache\selenium\chromedriver\win32\113.0.5672.63\chromedriver.exe"/>
    <property name="sun.cpu.isalist" value="amd64"/>
    <property name="sun.jnu.encoding" value="Cp1252"/>
    <property name="java.class.path" value="C:\Users\740722\IdeaProjects\Warriors\target\test-classes;C:\Users\740722\IdeaProjects\Warriors\target\classes;C:\Users\740722\.m2\repository\org\seleniumhq\selenium\selenium-java\4.9.1\selenium-java-4.9.1.jar;C:\Users\740722\.m2\repository\org\seleniumhq\selenium\selenium-api\4.9.1\selenium-api-4.9.1.jar;C:\Users\740722\.m2\repository\org\seleniumhq\selenium\selenium-chrome-driver\4.9.1\selenium-chrome-driver-4.9.1.jar;C:\Users\740722\.m2\repository\com\google\auto\service\auto-service-annotations\1.0.1\auto-service-annotations-1.0.1.jar;C:\Users\740722\.m2\repository\com\google\auto\service\auto-service\1.0.1\auto-service-1.0.1.jar;C:\Users\740722\.m2\repository\com\google\auto\auto-common\1.2\auto-common-1.2.jar;C:\Users\740722\.m2\repository\com\google\guava\guava\31.1-jre\guava-31.1-jre.jar;C:\Users\740722\.m2\repository\com\google\guava\failureaccess\1.0.1\failureaccess-1.0.1.jar;C:\Users\740722\.m2\repository\com\google\guava\listenablefuture\9999.0-empty-to-avoid-conflict-with-guava\listenablefuture-9999.0-empty-to-avoid-conflict-with-guava.jar;C:\Users\740722\.m2\repository\com\google\code\findbugs\jsr305\3.0.2\jsr305-3.0.2.jar;C:\Users\740722\.m2\repository\org\checkerframework\checker-qual\3.12.0\checker-qual-3.12.0.jar;C:\Users\740722\.m2\repository\com\google\errorprone\error_prone_annotations\2.11.0\error_prone_annotations-2.11.0.jar;C:\Users\740722\.m2\repository\com\google\j2objc\j2objc-annotations\1.3\j2objc-annotations-1.3.jar;C:\Users\740722\.m2\repository\org\seleniumhq\selenium\selenium-chromium-driver\4.9.1\selenium-chromium-driver-4.9.1.jar;C:\Users\740722\.m2\repository\org\seleniumhq\selenium\selenium-json\4.9.1\selenium-json-4.9.1.jar;C:\Users\740722\.m2\repository\org\seleniumhq\selenium\selenium-manager\4.9.1\selenium-manager-4.9.1.jar;C:\Users\740722\.m2\repository\org\seleniumhq\selenium\selenium-devtools-v111\4.9.1\selenium-devtools-v111-4.9.1.jar;C:\Users\740722\.m2\repository\org\seleniumhq\selenium\selenium-devtools-v112\4.9.1\selenium-devtools-v112-4.9.1.jar;C:\Users\740722\.m2\repository\org\seleniumhq\selenium\selenium-devtools-v113\4.9.1\selenium-devtools-v113-4.9.1.jar;C:\Users\740722\.m2\repository\org\seleniumhq\selenium\selenium-devtools-v85\4.9.1\selenium-devtools-v85-4.9.1.jar;C:\Users\740722\.m2\repository\org\seleniumhq\selenium\selenium-edge-driver\4.9.1\selenium-edge-driver-4.9.1.jar;C:\Users\740722\.m2\repository\org\seleniumhq\selenium\selenium-firefox-driver\4.9.1\selenium-firefox-driver-4.9.1.jar;C:\Users\740722\.m2\repository\org\seleniumhq\selenium\selenium-http\4.9.1\selenium-http-4.9.1.jar;C:\Users\740722\.m2\repository\dev\failsafe\failsafe\3.3.1\failsafe-3.3.1.jar;C:\Users\740722\.m2\repository\org\seleniumhq\selenium\selenium-ie-driver\4.9.1\selenium-ie-driver-4.9.1.jar;C:\Users\740722\.m2\repository\org\seleniumhq\selenium\selenium-remote-driver\4.9.1\selenium-remote-driver-4.9.1.jar;C:\Users\740722\.m2\repository\io\netty\netty-buffer\4.1.91.Final\netty-buffer-4.1.91.Final.jar;C:\Users\740722\.m2\repository\io\netty\netty-codec-http\4.1.91.Final\netty-codec-http-4.1.91.Final.jar;C:\Users\740722\.m2\repository\io\netty\netty-codec\4.1.91.Final\netty-codec-4.1.91.Final.jar;C:\Users\740722\.m2\repository\io\netty\netty-handler\4.1.91.Final\netty-handler-4.1.91.Final.jar;C:\Users\740722\.m2\repository\io\netty\netty-common\4.1.91.Final\netty-common-4.1.91.Final.jar;C:\Users\740722\.m2\repository\io\netty\netty-transport-classes-epoll\4.1.91.Final\netty-transport-classes-epoll-4.1.91.Final.jar;C:\Users\740722\.m2\repository\io\netty\netty-transport-classes-kqueue\4.1.91.Final\netty-transport-classes-kqueue-4.1.91.Final.jar;C:\Users\740722\.m2\repository\io\netty\netty-transport-native-epoll\4.1.91.Final\netty-transport-native-epoll-4.1.91.Final.jar;C:\Users\740722\.m2\repository\io\netty\netty-transport-native-kqueue\4.1.91.Final\netty-transport-native-kqueue-4.1.91.Final.jar;C:\Users\740722\.m2\repository\io\netty\netty-transport-native-unix-common\4.1.91.Final\netty-transport-native-unix-common-4.1.91.Final.jar;C:\Users\740722\.m2\repository\io\netty\netty-transport\4.1.91.Final\netty-transport-4.1.91.Final.jar;C:\Users\740722\.m2\repository\io\netty\netty-resolver\4.1.91.Final\netty-resolver-4.1.91.Final.jar;C:\Users\740722\.m2\repository\io\opentelemetry\opentelemetry-api\1.25.0\opentelemetry-api-1.25.0.jar;C:\Users\740722\.m2\repository\io\opentelemetry\opentelemetry-context\1.25.0\opentelemetry-context-1.25.0.jar;C:\Users\740722\.m2\repository\io\opentelemetry\opentelemetry-exporter-logging\1.25.0\opentelemetry-exporter-logging-1.25.0.jar;C:\Users\740722\.m2\repository\io\opentelemetry\opentelemetry-sdk-metrics\1.25.0\opentelemetry-sdk-metrics-1.25.0.jar;C:\Users\740722\.m2\repository\io\opentelemetry\opentelemetry-sdk-logs\1.25.0-alpha\opentelemetry-sdk-logs-1.25.0-alpha.jar;C:\Users\740722\.m2\repository\io\opentelemetry\opentelemetry-api-logs\1.25.0-alpha\opentelemetry-api-logs-1.25.0-alpha.jar;C:\Users\740722\.m2\repository\io\opentelemetry\opentelemetry-api-events\1.25.0-alpha\opentelemetry-api-events-1.25.0-alpha.jar;C:\Users\740722\.m2\repository\io\opentelemetry\opentelemetry-sdk-common\1.25.0\opentelemetry-sdk-common-1.25.0.jar;C:\Users\740722\.m2\repository\io\opentelemetry\opentelemetry-sdk-extension-autoconfigure-spi\1.25.0\opentelemetry-sdk-extension-autoconfigure-spi-1.25.0.jar;C:\Users\740722\.m2\repository\io\opentelemetry\opentelemetry-sdk-extension-autoconfigure\1.25.0-alpha\opentelemetry-sdk-extension-autoconfigure-1.25.0-alpha.jar;C:\Users\740722\.m2\repository\io\opentelemetry\opentelemetry-sdk-trace\1.25.0\opentelemetry-sdk-trace-1.25.0.jar;C:\Users\740722\.m2\repository\io\opentelemetry\opentelemetry-sdk\1.25.0\opentelemetry-sdk-1.25.0.jar;C:\Users\740722\.m2\repository\io\opentelemetry\opentelemetry-semconv\1.25.0-alpha\opentelemetry-semconv-1.25.0-alpha.jar;C:\Users\740722\.m2\repository\io\ous\jtoml\2.0.0\jtoml-2.0.0.jar;C:\Users\740722\.m2\repository\net\bytebuddy\byte-buddy\1.14.4\byte-buddy-1.14.4.jar;C:\Users\740722\.m2\repository\org\asynchttpclient\async-http-client\2.12.3\async-http-client-2.12.3.jar;C:\Users\740722\.m2\repository\org\asynchttpclient\async-http-client-netty-utils\2.12.3\async-http-client-netty-utils-2.12.3.jar;C:\Users\740722\.m2\repository\io\netty\netty-codec-socks\4.1.60.Final\netty-codec-socks-4.1.60.Final.jar;C:\Users\740722\.m2\repository\io\netty\netty-handler-proxy\4.1.60.Final\netty-handler-proxy-4.1.60.Final.jar;C:\Users\740722\.m2\repository\io\netty\netty-transport-native-epoll\4.1.60.Final\netty-transport-native-epoll-4.1.60.Final-linux-x86_64.jar;C:\Users\740722\.m2\repository\io\netty\netty-transport-native-kqueue\4.1.60.Final\netty-transport-native-kqueue-4.1.60.Final-osx-x86_64.jar;C:\Users\740722\.m2\repository\com\typesafe\netty\netty-reactive-streams\2.0.4\netty-reactive-streams-2.0.4.jar;C:\Users\740722\.m2\repository\com\sun\activation\jakarta.activation\1.2.2\jakarta.activation-1.2.2.jar;C:\Users\740722\.m2\repository\org\seleniumhq\selenium\selenium-safari-driver\4.9.1\selenium-safari-driver-4.9.1.jar;C:\Users\740722\.m2\repository\org\seleniumhq\selenium\selenium-support\4.9.1\selenium-support-4.9.1.jar;C:\Users\740722\.m2\repository\io\github\bonigarcia\webdrivermanager\5.3.3\webdrivermanager-5.3.3.jar;C:\Users\740722\.m2\repository\com\google\code\gson\gson\2.10.1\gson-2.10.1.jar;C:\Users\740722\.m2\repository\com\github\docker-java\docker-java\3.3.0\docker-java-3.3.0.jar;C:\Users\740722\.m2\repository\com\github\docker-java\docker-java-core\3.3.0\docker-java-core-3.3.0.jar;C:\Users\740722\.m2\repository\com\github\docker-java\docker-java-api\3.3.0\docker-java-api-3.3.0.jar;C:\Users\740722\.m2\repository\com\fasterxml\jackson\core\jackson-annotations\2.10.3\jackson-annotations-2.10.3.jar;C:\Users\740722\.m2\repository\com\fasterxml\jackson\core\jackson-databind\2.10.3\jackson-databind-2.10.3.jar;C:\Users\740722\.m2\repository\com\fasterxml\jackson\core\jackson-core\2.10.3\jackson-core-2.10.3.jar;C:\Users\740722\.m2\repository\org\bouncycastle\bcpkix-jdk15on\1.64\bcpkix-jdk15on-1.64.jar;C:\Users\740722\.m2\repository\org\bouncycastle\bcprov-jdk15on\1.64\bcprov-jdk15on-1.64.jar;C:\Users\740722\.m2\repository\org\slf4j\jcl-over-slf4j\1.7.30\jcl-over-slf4j-1.7.30.jar;C:\Users\740722\.m2\repository\com\github\docker-java\docker-java-transport-httpclient5\3.3.0\docker-java-transport-httpclient5-3.3.0.jar;C:\Users\740722\.m2\repository\com\github\docker-java\docker-java-transport\3.3.0\docker-java-transport-3.3.0.jar;C:\Users\740722\.m2\repository\net\java\dev\jna\jna\5.12.1\jna-5.12.1.jar;C:\Users\740722\.m2\repository\org\brotli\dec\0.1.2\dec-0.1.2.jar;C:\Users\740722\.m2\repository\org\apache\commons\commons-lang3\3.12.0\commons-lang3-3.12.0.jar;C:\Users\740722\.m2\repository\org\apache\httpcomponents\client5\httpclient5\5.2.1\httpclient5-5.2.1.jar;C:\Users\740722\.m2\repository\org\apache\httpcomponents\core5\httpcore5\5.2\httpcore5-5.2.jar;C:\Users\740722\.m2\repository\org\apache\httpcomponents\core5\httpcore5-h2\5.2\httpcore5-h2-5.2.jar;C:\Users\740722\.m2\repository\org\testng\testng\7.4.0\testng-7.4.0.jar;C:\Users\740722\.m2\repository\com\beust\jcommander\1.78\jcommander-1.78.jar;C:\Users\740722\.m2\repository\org\webjars\jquery\3.5.1\jquery-3.5.1.jar;C:\Users\740722\.m2\repository\io\rest-assured\rest-assured\4.3.3\rest-assured-4.3.3.jar;C:\Users\740722\.m2\repository\org\codehaus\groovy\groovy\3.0.7\groovy-3.0.7.jar;C:\Users\740722\.m2\repository\org\codehaus\groovy\groovy-xml\3.0.7\groovy-xml-3.0.7.jar;C:\Users\740722\.m2\repository\org\apache\httpcomponents\httpclient\4.5.3\httpclient-4.5.3.jar;C:\Users\740722\.m2\repository\org\apache\httpcomponents\httpcore\4.4.6\httpcore-4.4.6.jar;C:\Users\740722\.m2\repository\commons-codec\commons-codec\1.9\commons-codec-1.9.jar;C:\Users\740722\.m2\repository\org\apache\httpcomponents\httpmime\4.5.3\httpmime-4.5.3.jar;C:\Users\740722\.m2\repository\org\hamcrest\hamcrest\2.1\hamcrest-2.1.jar;C:\Users\740722\.m2\repository\org\ccil\cowan\tagsoup\tagsoup\1.2.1\tagsoup-1.2.1.jar;C:\Users\740722\.m2\repository\io\rest-assured\json-path\4.3.3\json-path-4.3.3.jar;C:\Users\740722\.m2\repository\org\codehaus\groovy\groovy-json\3.0.7\groovy-json-3.0.7.jar;C:\Users\740722\.m2\repository\io\rest-assured\rest-assured-common\4.3.3\rest-assured-common-4.3.3.jar;C:\Users\740722\.m2\repository\io\rest-assured\xml-path\4.3.3\xml-path-4.3.3.jar;C:\Users\740722\.m2\repository\jakarta\xml\bind\jakarta.xml.bind-api\2.3.3\jakarta.xml.bind-api-2.3.3.jar;C:\Users\740722\.m2\repository\jakarta\activation\jakarta.activation-api\1.2.2\jakarta.activation-api-1.2.2.jar;C:\Users\740722\.m2\repository\com\sun\xml\bind\jaxb-impl\2.3.3\jaxb-impl-2.3.3.jar;C:\Users\740722\.m2\repository\org\apache\pdfbox\pdfbox\2.0.28\pdfbox-2.0.28.jar;C:\Users\740722\.m2\repository\org\apache\pdfbox\fontbox\2.0.28\fontbox-2.0.28.jar;C:\Users\740722\.m2\repository\commons-logging\commons-logging\1.2\commons-logging-1.2.jar;C:\Users\740722\.m2\repository\org\projectlombok\lombok\1.18.26\lombok-1.18.26.jar;C:\Users\740722\.m2\repository\com\github\javafaker\javafaker\1.0.2\javafaker-1.0.2.jar;C:\Users\740722\.m2\repository\org\yaml\snakeyaml\1.23\snakeyaml-1.23-android.jar;C:\Users\740722\.m2\repository\com\github\mifmif\generex\1.0.2\generex-1.0.2.jar;C:\Users\740722\.m2\repository\dk\brics\automaton\automaton\1.11-8\automaton-1.11-8.jar;C:\Users\740722\.m2\repository\com\googlecode\json-simple\json-simple\1.1\json-simple-1.1.jar;C:\Users\740722\.m2\repository\ch\qos\logback\logback-classic\1.4.8\logback-classic-1.4.8.jar;C:\Users\740722\.m2\repository\ch\qos\logback\logback-core\1.4.8\logback-core-1.4.8.jar;C:\Users\740722\.m2\repository\org\slf4j\slf4j-api\2.0.7\slf4j-api-2.0.7.jar;C:\Users\740722\.m2\repository\org\apache\logging\log4j\log4j-core\2.17.2\log4j-core-2.17.2.jar;C:\Users\740722\.m2\repository\org\apache\logging\log4j\log4j-api\2.17.2\log4j-api-2.17.2.jar;C:\Users\740722\.m2\repository\org\apache\poi\poi-ooxml\5.2.3\poi-ooxml-5.2.3.jar;C:\Users\740722\.m2\repository\org\apache\poi\poi\5.2.3\poi-5.2.3.jar;C:\Users\740722\.m2\repository\org\apache\commons\commons-math3\3.6.1\commons-math3-3.6.1.jar;C:\Users\740722\.m2\repository\com\zaxxer\SparseBitSet\1.2\SparseBitSet-1.2.jar;C:\Users\740722\.m2\repository\org\apache\poi\poi-ooxml-lite\5.2.3\poi-ooxml-lite-5.2.3.jar;C:\Users\740722\.m2\repository\org\apache\xmlbeans\xmlbeans\5.1.1\xmlbeans-5.1.1.jar;C:\Users\740722\.m2\repository\org\apache\commons\commons-compress\1.21\commons-compress-1.21.jar;C:\Users\740722\.m2\repository\commons-io\commons-io\2.11.0\commons-io-2.11.0.jar;C:\Users\740722\.m2\repository\com\github\virtuald\curvesapi\1.07\curvesapi-1.07.jar;C:\Users\740722\.m2\repository\org\apache\commons\commons-collections4\4.4\commons-collections4-4.4.jar;C:\Users\740722\.m2\repository\com\opencsv\opencsv\5.7.1\opencsv-5.7.1.jar;C:\Users\740722\.m2\repository\org\apache\commons\commons-text\1.10.0\commons-text-1.10.0.jar;C:\Users\740722\.m2\repository\commons-beanutils\commons-beanutils\1.9.4\commons-beanutils-1.9.4.jar;C:\Users\740722\.m2\repository\commons-collections\commons-collections\3.2.2\commons-collections-3.2.2.jar;C:\Users\740722\.m2\repository\io\ebean\ebean\13.9.1\ebean-13.9.1.jar;C:\Users\740722\.m2\repository\io\ebean\ebean-api\13.9.1\ebean-api-13.9.1.jar;C:\Users\740722\.m2\repository\io\avaje\avaje-applog\1.0\avaje-applog-1.0.jar;C:\Users\740722\.m2\repository\io\avaje\avaje-applog-slf4j\1.0\avaje-applog-slf4j-1.0.jar;C:\Users\740722\.m2\repository\io\avaje\avaje-config\2.2\avaje-config-2.2.jar;C:\Users\740722\.m2\repository\io\avaje\avaje-lang\1.1\avaje-lang-1.1.jar;C:\Users\740722\.m2\repository\io\ebean\persistence-api\3.0\persistence-api-3.0.jar;C:\Users\740722\.m2\repository\io\ebean\ebean-annotation\8.2\ebean-annotation-8.2.jar;C:\Users\740722\.m2\repository\io\ebean\ebean-types\3.0\ebean-types-3.0.jar;C:\Users\740722\.m2\repository\io\ebean\ebean-datasource-api\8.2\ebean-datasource-api-8.2.jar;C:\Users\740722\.m2\repository\io\ebean\ebean-core\13.9.1\ebean-core-13.9.1.jar;C:\Users\740722\.m2\repository\io\ebean\ebean-ddl-runner\2.2\ebean-ddl-runner-2.2.jar;C:\Users\740722\.m2\repository\io\avaje\classpath-scanner\7.1\classpath-scanner-7.1.jar;C:\Users\740722\.m2\repository\io\avaje\classpath-scanner-api\7.1\classpath-scanner-api-7.1.jar;C:\Users\740722\.m2\repository\io\ebean\ebean-migration-auto\1.2\ebean-migration-auto-1.2.jar;C:\Users\740722\.m2\repository\io\ebean\ebean-core-type\13.9.1\ebean-core-type-13.9.1.jar;C:\Users\740722\.m2\repository\io\ebean\ebean-externalmapping-api\13.9.1\ebean-externalmapping-api-13.9.1.jar;C:\Users\740722\.m2\repository\org\antlr\antlr4-runtime\4.8-1\antlr4-runtime-4.8-1.jar;C:\Users\740722\.m2\repository\io\ebean\ebean-joda-time\13.9.1\ebean-joda-time-13.9.1.jar;C:\Users\740722\.m2\repository\joda-time\joda-time\2.11.0\joda-time-2.11.0.jar;C:\Users\740722\.m2\repository\io\ebean\ebean-datasource\8.2\ebean-datasource-8.2.jar;C:\Users\740722\.m2\repository\io\ebean\ebean-querybean\13.9.1\ebean-querybean-13.9.1.jar;C:\Users\740722\.m2\repository\io\ebean\ebean-platform-all\13.9.1\ebean-platform-all-13.9.1.jar;C:\Users\740722\.m2\repository\io\ebean\ebean-platform-h2\13.9.1\ebean-platform-h2-13.9.1.jar;C:\Users\740722\.m2\repository\io\ebean\ebean-platform-clickhouse\13.9.1\ebean-platform-clickhouse-13.9.1.jar;C:\Users\740722\.m2\repository\io\ebean\ebean-platform-db2\13.9.1\ebean-platform-db2-13.9.1.jar;C:\Users\740722\.m2\repository\io\ebean\ebean-platform-hana\13.9.1\ebean-platform-hana-13.9.1.jar;C:\Users\740722\.m2\repository\io\ebean\ebean-platform-hsqldb\13.9.1\ebean-platform-hsqldb-13.9.1.jar;C:\Users\740722\.m2\repository\io\ebean\ebean-platform-mysql\13.9.1\ebean-platform-mysql-13.9.1.jar;C:\Users\740722\.m2\repository\io\ebean\ebean-platform-mariadb\13.9.1\ebean-platform-mariadb-13.9.1.jar;C:\Users\740722\.m2\repository\io\ebean\ebean-platform-nuodb\13.9.1\ebean-platform-nuodb-13.9.1.jar;C:\Users\740722\.m2\repository\io\ebean\ebean-platform-oracle\13.9.1\ebean-platform-oracle-13.9.1.jar;C:\Users\740722\.m2\repository\io\ebean\ebean-platform-postgres\13.9.1\ebean-platform-postgres-13.9.1.jar;C:\Users\740722\.m2\repository\io\ebean\ebean-platform-sqlanywhere\13.9.1\ebean-platform-sqlanywhere-13.9.1.jar;C:\Users\740722\.m2\repository\io\ebean\ebean-platform-sqlite\13.9.1\ebean-platform-sqlite-13.9.1.jar;C:\Users\740722\.m2\repository\io\ebean\ebean-platform-sqlserver\13.9.1\ebean-platform-sqlserver-13.9.1.jar;C:\Users\740722\.m2\repository\com\aventstack\extentreports\5.0.9\extentreports-5.0.9.jar;C:\Users\740722\.m2\repository\io\reactivex\rxjava3\rxjava\3.0.4\rxjava-3.0.4.jar;C:\Users\740722\.m2\repository\org\reactivestreams\reactive-streams\1.0.3\reactive-streams-1.0.3.jar;C:\Users\740722\.m2\repository\org\freemarker\freemarker\2.3.30\freemarker-2.3.30.jar;C:\Users\740722\.m2\repository\io\qameta\allure\allure-maven\2.8\allure-maven-2.8.jar;C:\Users\740722\.m2\repository\org\apache\maven\maven-core\3.3.9\maven-core-3.3.9.jar;C:\Users\740722\.m2\repository\org\apache\maven\maven-model\3.3.9\maven-model-3.3.9.jar;C:\Users\740722\.m2\repository\org\apache\maven\maven-settings\3.3.9\maven-settings-3.3.9.jar;C:\Users\740722\.m2\repository\org\apache\maven\maven-settings-builder\3.3.9\maven-settings-builder-3.3.9.jar;C:\Users\740722\.m2\repository\org\apache\maven\maven-builder-support\3.3.9\maven-builder-support-3.3.9.jar;C:\Users\740722\.m2\repository\org\apache\maven\maven-repository-metadata\3.3.9\maven-repository-metadata-3.3.9.jar;C:\Users\740722\.m2\repository\org\apache\maven\maven-artifact\3.3.9\maven-artifact-3.3.9.jar;C:\Users\740722\.m2\repository\org\apache\maven\maven-plugin-api\3.3.9\maven-plugin-api-3.3.9.jar;C:\Users\740722\.m2\repository\org\apache\maven\maven-model-builder\3.3.9\maven-model-builder-3.3.9.jar;C:\Users\740722\.m2\repository\org\apache\maven\maven-aether-provider\3.3.9\maven-aether-provider-3.3.9.jar;C:\Users\740722\.m2\repository\org\eclipse\aether\aether-spi\1.0.2.v20150114\aether-spi-1.0.2.v20150114.jar;C:\Users\740722\.m2\repository\org\eclipse\aether\aether-impl\1.0.2.v20150114\aether-impl-1.0.2.v20150114.jar;C:\Users\740722\.m2\repository\org\eclipse\aether\aether-api\1.0.2.v20150114\aether-api-1.0.2.v20150114.jar;C:\Users\740722\.m2\repository\org\eclipse\aether\aether-util\1.0.2.v20150114\aether-util-1.0.2.v20150114.jar;C:\Users\740722\.m2\repository\org\eclipse\sisu\org.eclipse.sisu.plexus\0.3.2\org.eclipse.sisu.plexus-0.3.2.jar;C:\Users\740722\.m2\repository\javax\enterprise\cdi-api\1.0\cdi-api-1.0.jar;C:\Users\740722\.m2\repository\javax\annotation\jsr250-api\1.0\jsr250-api-1.0.jar;C:\Users\740722\.m2\repository\org\eclipse\sisu\org.eclipse.sisu.inject\0.3.2\org.eclipse.sisu.inject-0.3.2.jar;C:\Users\740722\.m2\repository\com\google\inject\guice\4.0\guice-4.0-no_aop.jar;C:\Users\740722\.m2\repository\javax\inject\javax.inject\1\javax.inject-1.jar;C:\Users\740722\.m2\repository\aopalliance\aopalliance\1.0\aopalliance-1.0.jar;C:\Users\740722\.m2\repository\org\codehaus\plexus\plexus-interpolation\1.21\plexus-interpolation-1.21.jar;C:\Users\740722\.m2\repository\org\codehaus\plexus\plexus-utils\3.0.22\plexus-utils-3.0.22.jar;C:\Users\740722\.m2\repository\org\codehaus\plexus\plexus-classworlds\2.5.2\plexus-classworlds-2.5.2.jar;C:\Users\740722\.m2\repository\org\codehaus\plexus\plexus-component-annotations\1.6\plexus-component-annotations-1.6.jar;C:\Users\740722\.m2\repository\org\sonatype\plexus\plexus-sec-dispatcher\1.3\plexus-sec-dispatcher-1.3.jar;C:\Users\740722\.m2\repository\org\sonatype\plexus\plexus-cipher\1.4\plexus-cipher-1.4.jar;C:\Users\740722\.m2\repository\org\apache\maven\reporting\maven-reporting-impl\2.4\maven-reporting-impl-2.4.jar;C:\Users\740722\.m2\repository\org\apache\maven\reporting\maven-reporting-api\3.0\maven-reporting-api-3.0.jar;C:\Users\740722\.m2\repository\org\apache\maven\maven-project\2.2.1\maven-project-2.2.1.jar;C:\Users\740722\.m2\repository\org\apache\maven\maven-profile\2.2.1\maven-profile-2.2.1.jar;C:\Users\740722\.m2\repository\org\apache\maven\maven-artifact-manager\2.2.1\maven-artifact-manager-2.2.1.jar;C:\Users\740722\.m2\repository\backport-util-concurrent\backport-util-concurrent\3.1\backport-util-concurrent-3.1.jar;C:\Users\740722\.m2\repository\org\apache\maven\maven-plugin-registry\2.2.1\maven-plugin-registry-2.2.1.jar;C:\Users\740722\.m2\repository\org\codehaus\plexus\plexus-container-default\1.0-alpha-9-stable-1\plexus-container-default-1.0-alpha-9-stable-1.jar;C:\Users\740722\.m2\repository\junit\junit\3.8.1\junit-3.8.1.jar;C:\Users\740722\.m2\repository\classworlds\classworlds\1.1-alpha-2\classworlds-1.1-alpha-2.jar;C:\Users\740722\.m2\repository\org\apache\maven\shared\maven-shared-utils\0.6\maven-shared-utils-0.6.jar;C:\Users\740722\.m2\repository\org\apache\maven\doxia\doxia-sink-api\1.6\doxia-sink-api-1.6.jar;C:\Users\740722\.m2\repository\org\apache\maven\doxia\doxia-logging-api\1.6\doxia-logging-api-1.6.jar;C:\Users\740722\.m2\repository\org\apache\maven\doxia\doxia-core\1.6\doxia-core-1.6.jar;C:\Users\740722\.m2\repository\xerces\xercesImpl\2.9.1\xercesImpl-2.9.1.jar;C:\Users\740722\.m2\repository\commons-lang\commons-lang\2.4\commons-lang-2.4.jar;C:\Users\740722\.m2\repository\xmlunit\xmlunit\1.5\xmlunit-1.5.jar;C:\Users\740722\.m2\repository\org\apache\maven\doxia\doxia-site-renderer\1.6\doxia-site-renderer-1.6.jar;C:\Users\740722\.m2\repository\org\apache\maven\doxia\doxia-decoration-model\1.6\doxia-decoration-model-1.6.jar;C:\Users\740722\.m2\repository\org\apache\maven\doxia\doxia-module-xhtml\1.6\doxia-module-xhtml-1.6.jar;C:\Users\740722\.m2\repository\org\apache\maven\doxia\doxia-module-fml\1.6\doxia-module-fml-1.6.jar;C:\Users\740722\.m2\repository\org\codehaus\plexus\plexus-i18n\1.0-beta-7\plexus-i18n-1.0-beta-7.jar;C:\Users\740722\.m2\repository\org\codehaus\plexus\plexus-velocity\1.1.7\plexus-velocity-1.1.7.jar;C:\Users\740722\.m2\repository\org\apache\velocity\velocity-tools\2.0\velocity-tools-2.0.jar;C:\Users\740722\.m2\repository\commons-chain\commons-chain\1.1\commons-chain-1.1.jar;C:\Users\740722\.m2\repository\dom4j\dom4j\1.1\dom4j-1.1.jar;C:\Users\740722\.m2\repository\sslext\sslext\1.2-0\sslext-1.2-0.jar;C:\Users\740722\.m2\repository\org\apache\struts\struts-core\1.3.8\struts-core-1.3.8.jar;C:\Users\740722\.m2\repository\antlr\antlr\2.7.2\antlr-2.7.2.jar;C:\Users\740722\.m2\repository\org\apache\struts\struts-taglib\1.3.8\struts-taglib-1.3.8.jar;C:\Users\740722\.m2\repository\org\apache\struts\struts-tiles\1.3.8\struts-tiles-1.3.8.jar;C:\Users\740722\.m2\repository\commons-validator\commons-validator\1.4.1\commons-validator-1.4.1.jar;C:\Users\740722\.m2\repository\commons-digester\commons-digester\1.8.1\commons-digester-1.8.1.jar;C:\Users\740722\.m2\repository\net\lingala\zip4j\zip4j\1.3.2\zip4j-1.3.2.jar;C:\Users\740722\.m2\repository\org\apache\commons\commons-exec\1.3\commons-exec-1.3.jar;C:\Users\740722\.m2\repository\org\apache\maven\plugin-tools\maven-plugin-annotations\3.2\maven-plugin-annotations-3.2.jar;C:\Users\740722\.m2\repository\org\apache\maven\plugins\maven-jxr-plugin\2.5\maven-jxr-plugin-2.5.jar;C:\Users\740722\.m2\repository\org\apache\velocity\velocity\1.5\velocity-1.5.jar;C:\Users\740722\.m2\repository\oro\oro\2.0.8\oro-2.0.8.jar;C:\Users\740722\.m2\repository\org\apache\maven\maven-jxr\2.5\maven-jxr-2.5.jar;C:\Users\740722\.m2\repository\org\apache\maven\wagon\wagon-provider-api\1.0\wagon-provider-api-1.0.jar;C:\Users\740722\.m2\repository\xml-apis\xml-apis\1.0.b2\xml-apis-1.0.b2.jar;C:\Users\740722\.m2\repository\xalan\xalan\2.7.0\xalan-2.7.0.jar;C:\Users\740722\.m2\repository\org\apache\commons\commons-email\1.5\commons-email-1.5.jar;C:\Users\740722\.m2\repository\com\sun\mail\javax.mail\1.5.6\javax.mail-1.5.6.jar;C:\Users\740722\.m2\repository\javax\activation\activation\1.1\activation-1.1.jar;C:\Users\740722\.m2\repository\javax\mail\javax.mail-api\1.6.2\javax.mail-api-1.6.2.jar;"/>
    <property name="java.vm.vendor" value="Oracle Corporation"/>
    <property name="sun.arch.data.model" value="64"/>
    <property name="user.variant" value=""/>
    <property name="java.vendor.url" value="http://java.oracle.com/"/>
    <property name="user.timezone" value="America/Buenos_Aires"/>
    <property name="java.vm.specification.version" value="11"/>
    <property name="os.name" value="Windows 10"/>
    <property name="sun.java.launcher" value="SUN_STANDARD"/>
    <property name="user.country" value="US"/>
    <property name="sun.boot.library.path" value="C:\Program Files\Java\jdk-11.0.3\bin"/>
    <property name="sun.java.command" value="C:\Users\740722\AppData\Local\Temp\1\surefire14843102223721927500\surefirebooter-20230727192333190_3.jar C:\Users\740722\AppData\Local\Temp\1\surefire14843102223721927500 2023-07-27T19-23-29_898-jvmRun1 surefire-20230727192333190_1tmp surefire_0-20230727192333190_2tmp"/>
    <property name="jdk.debug" value="release"/>
    <property name="test" value="FrontEnd.SauceDemo.LoginWithDP#readFromArray"/>
    <property name="surefire.test.class.path" value="C:\Users\740722\IdeaProjects\Warriors\target\test-classes;C:\Users\740722\IdeaProjects\Warriors\target\classes;C:\Users\740722\.m2\repository\org\seleniumhq\selenium\selenium-java\4.9.1\selenium-java-4.9.1.jar;C:\Users\740722\.m2\repository\org\seleniumhq\selenium\selenium-api\4.9.1\selenium-api-4.9.1.jar;C:\Users\740722\.m2\repository\org\seleniumhq\selenium\selenium-chrome-driver\4.9.1\selenium-chrome-driver-4.9.1.jar;C:\Users\740722\.m2\repository\com\google\auto\service\auto-service-annotations\1.0.1\auto-service-annotations-1.0.1.jar;C:\Users\740722\.m2\repository\com\google\auto\service\auto-service\1.0.1\auto-service-1.0.1.jar;C:\Users\740722\.m2\repository\com\google\auto\auto-common\1.2\auto-common-1.2.jar;C:\Users\740722\.m2\repository\com\google\guava\guava\31.1-jre\guava-31.1-jre.jar;C:\Users\740722\.m2\repository\com\google\guava\failureaccess\1.0.1\failureaccess-1.0.1.jar;C:\Users\740722\.m2\repository\com\google\guava\listenablefuture\9999.0-empty-to-avoid-conflict-with-guava\listenablefuture-9999.0-empty-to-avoid-conflict-with-guava.jar;C:\Users\740722\.m2\repository\com\google\code\findbugs\jsr305\3.0.2\jsr305-3.0.2.jar;C:\Users\740722\.m2\repository\org\checkerframework\checker-qual\3.12.0\checker-qual-3.12.0.jar;C:\Users\740722\.m2\repository\com\google\errorprone\error_prone_annotations\2.11.0\error_prone_annotations-2.11.0.jar;C:\Users\740722\.m2\repository\com\google\j2objc\j2objc-annotations\1.3\j2objc-annotations-1.3.jar;C:\Users\740722\.m2\repository\org\seleniumhq\selenium\selenium-chromium-driver\4.9.1\selenium-chromium-driver-4.9.1.jar;C:\Users\740722\.m2\repository\org\seleniumhq\selenium\selenium-json\4.9.1\selenium-json-4.9.1.jar;C:\Users\740722\.m2\repository\org\seleniumhq\selenium\selenium-manager\4.9.1\selenium-manager-4.9.1.jar;C:\Users\740722\.m2\repository\org\seleniumhq\selenium\selenium-devtools-v111\4.9.1\selenium-devtools-v111-4.9.1.jar;C:\Users\740722\.m2\repository\org\seleniumhq\selenium\selenium-devtools-v112\4.9.1\selenium-devtools-v112-4.9.1.jar;C:\Users\740722\.m2\repository\org\seleniumhq\selenium\selenium-devtools-v113\4.9.1\selenium-devtools-v113-4.9.1.jar;C:\Users\740722\.m2\repository\org\seleniumhq\selenium\selenium-devtools-v85\4.9.1\selenium-devtools-v85-4.9.1.jar;C:\Users\740722\.m2\repository\org\seleniumhq\selenium\selenium-edge-driver\4.9.1\selenium-edge-driver-4.9.1.jar;C:\Users\740722\.m2\repository\org\seleniumhq\selenium\selenium-firefox-driver\4.9.1\selenium-firefox-driver-4.9.1.jar;C:\Users\740722\.m2\repository\org\seleniumhq\selenium\selenium-http\4.9.1\selenium-http-4.9.1.jar;C:\Users\740722\.m2\repository\dev\failsafe\failsafe\3.3.1\failsafe-3.3.1.jar;C:\Users\740722\.m2\repository\org\seleniumhq\selenium\selenium-ie-driver\4.9.1\selenium-ie-driver-4.9.1.jar;C:\Users\740722\.m2\repository\org\seleniumhq\selenium\selenium-remote-driver\4.9.1\selenium-remote-driver-4.9.1.jar;C:\Users\740722\.m2\repository\io\netty\netty-buffer\4.1.91.Final\netty-buffer-4.1.91.Final.jar;C:\Users\740722\.m2\repository\io\netty\netty-codec-http\4.1.91.Final\netty-codec-http-4.1.91.Final.jar;C:\Users\740722\.m2\repository\io\netty\netty-codec\4.1.91.Final\netty-codec-4.1.91.Final.jar;C:\Users\740722\.m2\repository\io\netty\netty-handler\4.1.91.Final\netty-handler-4.1.91.Final.jar;C:\Users\740722\.m2\repository\io\netty\netty-common\4.1.91.Final\netty-common-4.1.91.Final.jar;C:\Users\740722\.m2\repository\io\netty\netty-transport-classes-epoll\4.1.91.Final\netty-transport-classes-epoll-4.1.91.Final.jar;C:\Users\740722\.m2\repository\io\netty\netty-transport-classes-kqueue\4.1.91.Final\netty-transport-classes-kqueue-4.1.91.Final.jar;C:\Users\740722\.m2\repository\io\netty\netty-transport-native-epoll\4.1.91.Final\netty-transport-native-epoll-4.1.91.Final.jar;C:\Users\740722\.m2\repository\io\netty\netty-transport-native-kqueue\4.1.91.Final\netty-transport-native-kqueue-4.1.91.Final.jar;C:\Users\740722\.m2\repository\io\netty\netty-transport-native-unix-common\4.1.91.Final\netty-transport-native-unix-common-4.1.91.Final.jar;C:\Users\740722\.m2\repository\io\netty\netty-transport\4.1.91.Final\netty-transport-4.1.91.Final.jar;C:\Users\740722\.m2\repository\io\netty\netty-resolver\4.1.91.Final\netty-resolver-4.1.91.Final.jar;C:\Users\740722\.m2\repository\io\opentelemetry\opentelemetry-api\1.25.0\opentelemetry-api-1.25.0.jar;C:\Users\740722\.m2\repository\io\opentelemetry\opentelemetry-context\1.25.0\opentelemetry-context-1.25.0.jar;C:\Users\740722\.m2\repository\io\opentelemetry\opentelemetry-exporter-logging\1.25.0\opentelemetry-exporter-logging-1.25.0.jar;C:\Users\740722\.m2\repository\io\opentelemetry\opentelemetry-sdk-metrics\1.25.0\opentelemetry-sdk-metrics-1.25.0.jar;C:\Users\740722\.m2\repository\io\opentelemetry\opentelemetry-sdk-logs\1.25.0-alpha\opentelemetry-sdk-logs-1.25.0-alpha.jar;C:\Users\740722\.m2\repository\io\opentelemetry\opentelemetry-api-logs\1.25.0-alpha\opentelemetry-api-logs-1.25.0-alpha.jar;C:\Users\740722\.m2\repository\io\opentelemetry\opentelemetry-api-events\1.25.0-alpha\opentelemetry-api-events-1.25.0-alpha.jar;C:\Users\740722\.m2\repository\io\opentelemetry\opentelemetry-sdk-common\1.25.0\opentelemetry-sdk-common-1.25.0.jar;C:\Users\740722\.m2\repository\io\opentelemetry\opentelemetry-sdk-extension-autoconfigure-spi\1.25.0\opentelemetry-sdk-extension-autoconfigure-spi-1.25.0.jar;C:\Users\740722\.m2\repository\io\opentelemetry\opentelemetry-sdk-extension-autoconfigure\1.25.0-alpha\opentelemetry-sdk-extension-autoconfigure-1.25.0-alpha.jar;C:\Users\740722\.m2\repository\io\opentelemetry\opentelemetry-sdk-trace\1.25.0\opentelemetry-sdk-trace-1.25.0.jar;C:\Users\740722\.m2\repository\io\opentelemetry\opentelemetry-sdk\1.25.0\opentelemetry-sdk-1.25.0.jar;C:\Users\740722\.m2\repository\io\opentelemetry\opentelemetry-semconv\1.25.0-alpha\opentelemetry-semconv-1.25.0-alpha.jar;C:\Users\740722\.m2\repository\io\ous\jtoml\2.0.0\jtoml-2.0.0.jar;C:\Users\740722\.m2\repository\net\bytebuddy\byte-buddy\1.14.4\byte-buddy-1.14.4.jar;C:\Users\740722\.m2\repository\org\asynchttpclient\async-http-client\2.12.3\async-http-client-2.12.3.jar;C:\Users\740722\.m2\repository\org\asynchttpclient\async-http-client-netty-utils\2.12.3\async-http-client-netty-utils-2.12.3.jar;C:\Users\740722\.m2\repository\io\netty\netty-codec-socks\4.1.60.Final\netty-codec-socks-4.1.60.Final.jar;C:\Users\740722\.m2\repository\io\netty\netty-handler-proxy\4.1.60.Final\netty-handler-proxy-4.1.60.Final.jar;C:\Users\740722\.m2\repository\io\netty\netty-transport-native-epoll\4.1.60.Final\netty-transport-native-epoll-4.1.60.Final-linux-x86_64.jar;C:\Users\740722\.m2\repository\io\netty\netty-transport-native-kqueue\4.1.60.Final\netty-transport-native-kqueue-4.1.60.Final-osx-x86_64.jar;C:\Users\740722\.m2\repository\com\typesafe\netty\netty-reactive-streams\2.0.4\netty-reactive-streams-2.0.4.jar;C:\Users\740722\.m2\repository\com\sun\activation\jakarta.activation\1.2.2\jakarta.activation-1.2.2.jar;C:\Users\740722\.m2\repository\org\seleniumhq\selenium\selenium-safari-driver\4.9.1\selenium-safari-driver-4.9.1.jar;C:\Users\740722\.m2\repository\org\seleniumhq\selenium\selenium-support\4.9.1\selenium-support-4.9.1.jar;C:\Users\740722\.m2\repository\io\github\bonigarcia\webdrivermanager\5.3.3\webdrivermanager-5.3.3.jar;C:\Users\740722\.m2\repository\com\google\code\gson\gson\2.10.1\gson-2.10.1.jar;C:\Users\740722\.m2\repository\com\github\docker-java\docker-java\3.3.0\docker-java-3.3.0.jar;C:\Users\740722\.m2\repository\com\github\docker-java\docker-java-core\3.3.0\docker-java-core-3.3.0.jar;C:\Users\740722\.m2\repository\com\github\docker-java\docker-java-api\3.3.0\docker-java-api-3.3.0.jar;C:\Users\740722\.m2\repository\com\fasterxml\jackson\core\jackson-annotations\2.10.3\jackson-annotations-2.10.3.jar;C:\Users\740722\.m2\repository\com\fasterxml\jackson\core\jackson-databind\2.10.3\jackson-databind-2.10.3.jar;C:\Users\740722\.m2\repository\com\fasterxml\jackson\core\jackson-core\2.10.3\jackson-core-2.10.3.jar;C:\Users\740722\.m2\repository\org\bouncycastle\bcpkix-jdk15on\1.64\bcpkix-jdk15on-1.64.jar;C:\Users\740722\.m2\repository\org\bouncycastle\bcprov-jdk15on\1.64\bcprov-jdk15on-1.64.jar;C:\Users\740722\.m2\repository\org\slf4j\jcl-over-slf4j\1.7.30\jcl-over-slf4j-1.7.30.jar;C:\Users\740722\.m2\repository\com\github\docker-java\docker-java-transport-httpclient5\3.3.0\docker-java-transport-httpclient5-3.3.0.jar;C:\Users\740722\.m2\repository\com\github\docker-java\docker-java-transport\3.3.0\docker-java-transport-3.3.0.jar;C:\Users\740722\.m2\repository\net\java\dev\jna\jna\5.12.1\jna-5.12.1.jar;C:\Users\740722\.m2\repository\org\brotli\dec\0.1.2\dec-0.1.2.jar;C:\Users\740722\.m2\repository\org\apache\commons\commons-lang3\3.12.0\commons-lang3-3.12.0.jar;C:\Users\740722\.m2\repository\org\apache\httpcomponents\client5\httpclient5\5.2.1\httpclient5-5.2.1.jar;C:\Users\740722\.m2\repository\org\apache\httpcomponents\core5\httpcore5\5.2\httpcore5-5.2.jar;C:\Users\740722\.m2\repository\org\apache\httpcomponents\core5\httpcore5-h2\5.2\httpcore5-h2-5.2.jar;C:\Users\740722\.m2\repository\org\testng\testng\7.4.0\testng-7.4.0.jar;C:\Users\740722\.m2\repository\com\beust\jcommander\1.78\jcommander-1.78.jar;C:\Users\740722\.m2\repository\org\webjars\jquery\3.5.1\jquery-3.5.1.jar;C:\Users\740722\.m2\repository\io\rest-assured\rest-assured\4.3.3\rest-assured-4.3.3.jar;C:\Users\740722\.m2\repository\org\codehaus\groovy\groovy\3.0.7\groovy-3.0.7.jar;C:\Users\740722\.m2\repository\org\codehaus\groovy\groovy-xml\3.0.7\groovy-xml-3.0.7.jar;C:\Users\740722\.m2\repository\org\apache\httpcomponents\httpclient\4.5.3\httpclient-4.5.3.jar;C:\Users\740722\.m2\repository\org\apache\httpcomponents\httpcore\4.4.6\httpcore-4.4.6.jar;C:\Users\740722\.m2\repository\commons-codec\commons-codec\1.9\commons-codec-1.9.jar;C:\Users\740722\.m2\repository\org\apache\httpcomponents\httpmime\4.5.3\httpmime-4.5.3.jar;C:\Users\740722\.m2\repository\org\hamcrest\hamcrest\2.1\hamcrest-2.1.jar;C:\Users\740722\.m2\repository\org\ccil\cowan\tagsoup\tagsoup\1.2.1\tagsoup-1.2.1.jar;C:\Users\740722\.m2\repository\io\rest-assured\json-path\4.3.3\json-path-4.3.3.jar;C:\Users\740722\.m2\repository\org\codehaus\groovy\groovy-json\3.0.7\groovy-json-3.0.7.jar;C:\Users\740722\.m2\repository\io\rest-assured\rest-assured-common\4.3.3\rest-assured-common-4.3.3.jar;C:\Users\740722\.m2\repository\io\rest-assured\xml-path\4.3.3\xml-path-4.3.3.jar;C:\Users\740722\.m2\repository\jakarta\xml\bind\jakarta.xml.bind-api\2.3.3\jakarta.xml.bind-api-2.3.3.jar;C:\Users\740722\.m2\repository\jakarta\activation\jakarta.activation-api\1.2.2\jakarta.activation-api-1.2.2.jar;C:\Users\740722\.m2\repository\com\sun\xml\bind\jaxb-impl\2.3.3\jaxb-impl-2.3.3.jar;C:\Users\740722\.m2\repository\org\apache\pdfbox\pdfbox\2.0.28\pdfbox-2.0.28.jar;C:\Users\740722\.m2\repository\org\apache\pdfbox\fontbox\2.0.28\fontbox-2.0.28.jar;C:\Users\740722\.m2\repository\commons-logging\commons-logging\1.2\commons-logging-1.2.jar;C:\Users\740722\.m2\repository\org\projectlombok\lombok\1.18.26\lombok-1.18.26.jar;C:\Users\740722\.m2\repository\com\github\javafaker\javafaker\1.0.2\javafaker-1.0.2.jar;C:\Users\740722\.m2\repository\org\yaml\snakeyaml\1.23\snakeyaml-1.23-android.jar;C:\Users\740722\.m2\repository\com\github\mifmif\generex\1.0.2\generex-1.0.2.jar;C:\Users\740722\.m2\repository\dk\brics\automaton\automaton\1.11-8\automaton-1.11-8.jar;C:\Users\740722\.m2\repository\com\googlecode\json-simple\json-simple\1.1\json-simple-1.1.jar;C:\Users\740722\.m2\repository\ch\qos\logback\logback-classic\1.4.8\logback-classic-1.4.8.jar;C:\Users\740722\.m2\repository\ch\qos\logback\logback-core\1.4.8\logback-core-1.4.8.jar;C:\Users\740722\.m2\repository\org\slf4j\slf4j-api\2.0.7\slf4j-api-2.0.7.jar;C:\Users\740722\.m2\repository\org\apache\logging\log4j\log4j-core\2.17.2\log4j-core-2.17.2.jar;C:\Users\740722\.m2\repository\org\apache\logging\log4j\log4j-api\2.17.2\log4j-api-2.17.2.jar;C:\Users\740722\.m2\repository\org\apache\poi\poi-ooxml\5.2.3\poi-ooxml-5.2.3.jar;C:\Users\740722\.m2\repository\org\apache\poi\poi\5.2.3\poi-5.2.3.jar;C:\Users\740722\.m2\repository\org\apache\commons\commons-math3\3.6.1\commons-math3-3.6.1.jar;C:\Users\740722\.m2\repository\com\zaxxer\SparseBitSet\1.2\SparseBitSet-1.2.jar;C:\Users\740722\.m2\repository\org\apache\poi\poi-ooxml-lite\5.2.3\poi-ooxml-lite-5.2.3.jar;C:\Users\740722\.m2\repository\org\apache\xmlbeans\xmlbeans\5.1.1\xmlbeans-5.1.1.jar;C:\Users\740722\.m2\repository\org\apache\commons\commons-compress\1.21\commons-compress-1.21.jar;C:\Users\740722\.m2\repository\commons-io\commons-io\2.11.0\commons-io-2.11.0.jar;C:\Users\740722\.m2\repository\com\github\virtuald\curvesapi\1.07\curvesapi-1.07.jar;C:\Users\740722\.m2\repository\org\apache\commons\commons-collections4\4.4\commons-collections4-4.4.jar;C:\Users\740722\.m2\repository\com\opencsv\opencsv\5.7.1\opencsv-5.7.1.jar;C:\Users\740722\.m2\repository\org\apache\commons\commons-text\1.10.0\commons-text-1.10.0.jar;C:\Users\740722\.m2\repository\commons-beanutils\commons-beanutils\1.9.4\commons-beanutils-1.9.4.jar;C:\Users\740722\.m2\repository\commons-collections\commons-collections\3.2.2\commons-collections-3.2.2.jar;C:\Users\740722\.m2\repository\io\ebean\ebean\13.9.1\ebean-13.9.1.jar;C:\Users\740722\.m2\repository\io\ebean\ebean-api\13.9.1\ebean-api-13.9.1.jar;C:\Users\740722\.m2\repository\io\avaje\avaje-applog\1.0\avaje-applog-1.0.jar;C:\Users\740722\.m2\repository\io\avaje\avaje-applog-slf4j\1.0\avaje-applog-slf4j-1.0.jar;C:\Users\740722\.m2\repository\io\avaje\avaje-config\2.2\avaje-config-2.2.jar;C:\Users\740722\.m2\repository\io\avaje\avaje-lang\1.1\avaje-lang-1.1.jar;C:\Users\740722\.m2\repository\io\ebean\persistence-api\3.0\persistence-api-3.0.jar;C:\Users\740722\.m2\repository\io\ebean\ebean-annotation\8.2\ebean-annotation-8.2.jar;C:\Users\740722\.m2\repository\io\ebean\ebean-types\3.0\ebean-types-3.0.jar;C:\Users\740722\.m2\repository\io\ebean\ebean-datasource-api\8.2\ebean-datasource-api-8.2.jar;C:\Users\740722\.m2\repository\io\ebean\ebean-core\13.9.1\ebean-core-13.9.1.jar;C:\Users\740722\.m2\repository\io\ebean\ebean-ddl-runner\2.2\ebean-ddl-runner-2.2.jar;C:\Users\740722\.m2\repository\io\avaje\classpath-scanner\7.1\classpath-scanner-7.1.jar;C:\Users\740722\.m2\repository\io\avaje\classpath-scanner-api\7.1\classpath-scanner-api-7.1.jar;C:\Users\740722\.m2\repository\io\ebean\ebean-migration-auto\1.2\ebean-migration-auto-1.2.jar;C:\Users\740722\.m2\repository\io\ebean\ebean-core-type\13.9.1\ebean-core-type-13.9.1.jar;C:\Users\740722\.m2\repository\io\ebean\ebean-externalmapping-api\13.9.1\ebean-externalmapping-api-13.9.1.jar;C:\Users\740722\.m2\repository\org\antlr\antlr4-runtime\4.8-1\antlr4-runtime-4.8-1.jar;C:\Users\740722\.m2\repository\io\ebean\ebean-joda-time\13.9.1\ebean-joda-time-13.9.1.jar;C:\Users\740722\.m2\repository\joda-time\joda-time\2.11.0\joda-time-2.11.0.jar;C:\Users\740722\.m2\repository\io\ebean\ebean-datasource\8.2\ebean-datasource-8.2.jar;C:\Users\740722\.m2\repository\io\ebean\ebean-querybean\13.9.1\ebean-querybean-13.9.1.jar;C:\Users\740722\.m2\repository\io\ebean\ebean-platform-all\13.9.1\ebean-platform-all-13.9.1.jar;C:\Users\740722\.m2\repository\io\ebean\ebean-platform-h2\13.9.1\ebean-platform-h2-13.9.1.jar;C:\Users\740722\.m2\repository\io\ebean\ebean-platform-clickhouse\13.9.1\ebean-platform-clickhouse-13.9.1.jar;C:\Users\740722\.m2\repository\io\ebean\ebean-platform-db2\13.9.1\ebean-platform-db2-13.9.1.jar;C:\Users\740722\.m2\repository\io\ebean\ebean-platform-hana\13.9.1\ebean-platform-hana-13.9.1.jar;C:\Users\740722\.m2\repository\io\ebean\ebean-platform-hsqldb\13.9.1\ebean-platform-hsqldb-13.9.1.jar;C:\Users\740722\.m2\repository\io\ebean\ebean-platform-mysql\13.9.1\ebean-platform-mysql-13.9.1.jar;C:\Users\740722\.m2\repository\io\ebean\ebean-platform-mariadb\13.9.1\ebean-platform-mariadb-13.9.1.jar;C:\Users\740722\.m2\repository\io\ebean\ebean-platform-nuodb\13.9.1\ebean-platform-nuodb-13.9.1.jar;C:\Users\740722\.m2\repository\io\ebean\ebean-platform-oracle\13.9.1\ebean-platform-oracle-13.9.1.jar;C:\Users\740722\.m2\repository\io\ebean\ebean-platform-postgres\13.9.1\ebean-platform-postgres-13.9.1.jar;C:\Users\740722\.m2\repository\io\ebean\ebean-platform-sqlanywhere\13.9.1\ebean-platform-sqlanywhere-13.9.1.jar;C:\Users\740722\.m2\repository\io\ebean\ebean-platform-sqlite\13.9.1\ebean-platform-sqlite-13.9.1.jar;C:\Users\740722\.m2\repository\io\ebean\ebean-platform-sqlserver\13.9.1\ebean-platform-sqlserver-13.9.1.jar;C:\Users\740722\.m2\repository\com\aventstack\extentreports\5.0.9\extentreports-5.0.9.jar;C:\Users\740722\.m2\repository\io\reactivex\rxjava3\rxjava\3.0.4\rxjava-3.0.4.jar;C:\Users\740722\.m2\repository\org\reactivestreams\reactive-streams\1.0.3\reactive-streams-1.0.3.jar;C:\Users\740722\.m2\repository\org\freemarker\freemarker\2.3.30\freemarker-2.3.30.jar;C:\Users\740722\.m2\repository\io\qameta\allure\allure-maven\2.8\allure-maven-2.8.jar;C:\Users\740722\.m2\repository\org\apache\maven\maven-core\3.3.9\maven-core-3.3.9.jar;C:\Users\740722\.m2\repository\org\apache\maven\maven-model\3.3.9\maven-model-3.3.9.jar;C:\Users\740722\.m2\repository\org\apache\maven\maven-settings\3.3.9\maven-settings-3.3.9.jar;C:\Users\740722\.m2\repository\org\apache\maven\maven-settings-builder\3.3.9\maven-settings-builder-3.3.9.jar;C:\Users\740722\.m2\repository\org\apache\maven\maven-builder-support\3.3.9\maven-builder-support-3.3.9.jar;C:\Users\740722\.m2\repository\org\apache\maven\maven-repository-metadata\3.3.9\maven-repository-metadata-3.3.9.jar;C:\Users\740722\.m2\repository\org\apache\maven\maven-artifact\3.3.9\maven-artifact-3.3.9.jar;C:\Users\740722\.m2\repository\org\apache\maven\maven-plugin-api\3.3.9\maven-plugin-api-3.3.9.jar;C:\Users\740722\.m2\repository\org\apache\maven\maven-model-builder\3.3.9\maven-model-builder-3.3.9.jar;C:\Users\740722\.m2\repository\org\apache\maven\maven-aether-provider\3.3.9\maven-aether-provider-3.3.9.jar;C:\Users\740722\.m2\repository\org\eclipse\aether\aether-spi\1.0.2.v20150114\aether-spi-1.0.2.v20150114.jar;C:\Users\740722\.m2\repository\org\eclipse\aether\aether-impl\1.0.2.v20150114\aether-impl-1.0.2.v20150114.jar;C:\Users\740722\.m2\repository\org\eclipse\aether\aether-api\1.0.2.v20150114\aether-api-1.0.2.v20150114.jar;C:\Users\740722\.m2\repository\org\eclipse\aether\aether-util\1.0.2.v20150114\aether-util-1.0.2.v20150114.jar;C:\Users\740722\.m2\repository\org\eclipse\sisu\org.eclipse.sisu.plexus\0.3.2\org.eclipse.sisu.plexus-0.3.2.jar;C:\Users\740722\.m2\repository\javax\enterprise\cdi-api\1.0\cdi-api-1.0.jar;C:\Users\740722\.m2\repository\javax\annotation\jsr250-api\1.0\jsr250-api-1.0.jar;C:\Users\740722\.m2\repository\org\eclipse\sisu\org.eclipse.sisu.inject\0.3.2\org.eclipse.sisu.inject-0.3.2.jar;C:\Users\740722\.m2\repository\com\google\inject\guice\4.0\guice-4.0-no_aop.jar;C:\Users\740722\.m2\repository\javax\inject\javax.inject\1\javax.inject-1.jar;C:\Users\740722\.m2\repository\aopalliance\aopalliance\1.0\aopalliance-1.0.jar;C:\Users\740722\.m2\repository\org\codehaus\plexus\plexus-interpolation\1.21\plexus-interpolation-1.21.jar;C:\Users\740722\.m2\repository\org\codehaus\plexus\plexus-utils\3.0.22\plexus-utils-3.0.22.jar;C:\Users\740722\.m2\repository\org\codehaus\plexus\plexus-classworlds\2.5.2\plexus-classworlds-2.5.2.jar;C:\Users\740722\.m2\repository\org\codehaus\plexus\plexus-component-annotations\1.6\plexus-component-annotations-1.6.jar;C:\Users\740722\.m2\repository\org\sonatype\plexus\plexus-sec-dispatcher\1.3\plexus-sec-dispatcher-1.3.jar;C:\Users\740722\.m2\repository\org\sonatype\plexus\plexus-cipher\1.4\plexus-cipher-1.4.jar;C:\Users\740722\.m2\repository\org\apache\maven\reporting\maven-reporting-impl\2.4\maven-reporting-impl-2.4.jar;C:\Users\740722\.m2\repository\org\apache\maven\reporting\maven-reporting-api\3.0\maven-reporting-api-3.0.jar;C:\Users\740722\.m2\repository\org\apache\maven\maven-project\2.2.1\maven-project-2.2.1.jar;C:\Users\740722\.m2\repository\org\apache\maven\maven-profile\2.2.1\maven-profile-2.2.1.jar;C:\Users\740722\.m2\repository\org\apache\maven\maven-artifact-manager\2.2.1\maven-artifact-manager-2.2.1.jar;C:\Users\740722\.m2\repository\backport-util-concurrent\backport-util-concurrent\3.1\backport-util-concurrent-3.1.jar;C:\Users\740722\.m2\repository\org\apache\maven\maven-plugin-registry\2.2.1\maven-plugin-registry-2.2.1.jar;C:\Users\740722\.m2\repository\org\codehaus\plexus\plexus-container-default\1.0-alpha-9-stable-1\plexus-container-default-1.0-alpha-9-stable-1.jar;C:\Users\740722\.m2\repository\junit\junit\3.8.1\junit-3.8.1.jar;C:\Users\740722\.m2\repository\classworlds\classworlds\1.1-alpha-2\classworlds-1.1-alpha-2.jar;C:\Users\740722\.m2\repository\org\apache\maven\shared\maven-shared-utils\0.6\maven-shared-utils-0.6.jar;C:\Users\740722\.m2\repository\org\apache\maven\doxia\doxia-sink-api\1.6\doxia-sink-api-1.6.jar;C:\Users\740722\.m2\repository\org\apache\maven\doxia\doxia-logging-api\1.6\doxia-logging-api-1.6.jar;C:\Users\740722\.m2\repository\org\apache\maven\doxia\doxia-core\1.6\doxia-core-1.6.jar;C:\Users\740722\.m2\repository\xerces\xercesImpl\2.9.1\xercesImpl-2.9.1.jar;C:\Users\740722\.m2\repository\commons-lang\commons-lang\2.4\commons-lang-2.4.jar;C:\Users\740722\.m2\repository\xmlunit\xmlunit\1.5\xmlunit-1.5.jar;C:\Users\740722\.m2\repository\org\apache\maven\doxia\doxia-site-renderer\1.6\doxia-site-renderer-1.6.jar;C:\Users\740722\.m2\repository\org\apache\maven\doxia\doxia-decoration-model\1.6\doxia-decoration-model-1.6.jar;C:\Users\740722\.m2\repository\org\apache\maven\doxia\doxia-module-xhtml\1.6\doxia-module-xhtml-1.6.jar;C:\Users\740722\.m2\repository\org\apache\maven\doxia\doxia-module-fml\1.6\doxia-module-fml-1.6.jar;C:\Users\740722\.m2\repository\org\codehaus\plexus\plexus-i18n\1.0-beta-7\plexus-i18n-1.0-beta-7.jar;C:\Users\740722\.m2\repository\org\codehaus\plexus\plexus-velocity\1.1.7\plexus-velocity-1.1.7.jar;C:\Users\740722\.m2\repository\org\apache\velocity\velocity-tools\2.0\velocity-tools-2.0.jar;C:\Users\740722\.m2\repository\commons-chain\commons-chain\1.1\commons-chain-1.1.jar;C:\Users\740722\.m2\repository\dom4j\dom4j\1.1\dom4j-1.1.jar;C:\Users\740722\.m2\repository\sslext\sslext\1.2-0\sslext-1.2-0.jar;C:\Users\740722\.m2\repository\org\apache\struts\struts-core\1.3.8\struts-core-1.3.8.jar;C:\Users\740722\.m2\repository\antlr\antlr\2.7.2\antlr-2.7.2.jar;C:\Users\740722\.m2\repository\org\apache\struts\struts-taglib\1.3.8\struts-taglib-1.3.8.jar;C:\Users\740722\.m2\repository\org\apache\struts\struts-tiles\1.3.8\struts-tiles-1.3.8.jar;C:\Users\740722\.m2\repository\commons-validator\commons-validator\1.4.1\commons-validator-1.4.1.jar;C:\Users\740722\.m2\repository\commons-digester\commons-digester\1.8.1\commons-digester-1.8.1.jar;C:\Users\740722\.m2\repository\net\lingala\zip4j\zip4j\1.3.2\zip4j-1.3.2.jar;C:\Users\740722\.m2\repository\org\apache\commons\commons-exec\1.3\commons-exec-1.3.jar;C:\Users\740722\.m2\repository\org\apache\maven\plugin-tools\maven-plugin-annotations\3.2\maven-plugin-annotations-3.2.jar;C:\Users\740722\.m2\repository\org\apache\maven\plugins\maven-jxr-plugin\2.5\maven-jxr-plugin-2.5.jar;C:\Users\740722\.m2\repository\org\apache\velocity\velocity\1.5\velocity-1.5.jar;C:\Users\740722\.m2\repository\oro\oro\2.0.8\oro-2.0.8.jar;C:\Users\740722\.m2\repository\org\apache\maven\maven-jxr\2.5\maven-jxr-2.5.jar;C:\Users\740722\.m2\repository\org\apache\maven\wagon\wagon-provider-api\1.0\wagon-provider-api-1.0.jar;C:\Users\740722\.m2\repository\xml-apis\xml-apis\1.0.b2\xml-apis-1.0.b2.jar;C:\Users\740722\.m2\repository\xalan\xalan\2.7.0\xalan-2.7.0.jar;C:\Users\740722\.m2\repository\org\apache\commons\commons-email\1.5\commons-email-1.5.jar;C:\Users\740722\.m2\repository\com\sun\mail\javax.mail\1.5.6\javax.mail-1.5.6.jar;C:\Users\740722\.m2\repository\javax\activation\activation\1.1\activation-1.1.jar;C:\Users\740722\.m2\repository\javax\mail\javax.mail-api\1.6.2\javax.mail-api-1.6.2.jar;"/>
    <property name="sun.cpu.endian" value="little"/>
    <property name="user.home" value="C:\Users\740722"/>
    <property name="user.language" value="en"/>
    <property name="java.specification.vendor" value="Oracle Corporation"/>
    <property name="java.version.date" value="2019-04-16"/>
    <property name="java.home" value="C:\Program Files\Java\jdk-11.0.3"/>
    <property name="file.separator" value="\"/>
    <property name="basedir" value="C:\Users\740722\IdeaProjects\Warriors"/>
    <property name="java.vm.compressedOopsMode" value="Zero based"/>
    <property name="line.separator" value="&#10;"/>
    <property name="java.specification.name" value="Java Platform API Specification"/>
    <property name="java.vm.specification.vendor" value="Oracle Corporation"/>
    <property name="java.awt.graphicsenv" value="sun.awt.Win32GraphicsEnvironment"/>
    <property name="surefire.real.class.path" value="C:\Users\740722\AppData\Local\Temp\1\surefire14843102223721927500\surefirebooter-20230727192333190_3.jar"/>
    <property name="user.script" value=""/>
    <property name="sun.management.compiler" value="HotSpot 64-Bit Tiered Compilers"/>
    <property name="java.runtime.version" value="11.0.3+12-LTS"/>
    <property name="user.name" value="740722"/>
    <property name="path.separator" value=";"/>
    <property name="otel.metrics.exporter" value="none"/>
    <property name="os.version" value="10.0"/>
    <property name="java.runtime.name" value="Java(TM) SE Runtime Environment"/>
    <property name="otel.traces.exporter" value="none"/>
    <property name="file.encoding" value="Cp1252"/>
    <property name="java.vm.name" value="Java HotSpot(TM) 64-Bit Server VM"/>
    <property name="java.vendor.version" value="18.9"/>
    <property name="localRepository" value="C:\Users\740722\.m2\repository"/>
    <property name="java.vendor.url.bug" value="http://bugreport.java.com/bugreport/"/>
    <property name="java.io.tmpdir" value="C:\Users\740722\AppData\Local\Temp\1\"/>
    <property name="java.version" value="11.0.3"/>
    <property name="user.dir" value="C:\Users\740722\IdeaProjects\Warriors"/>
    <property name="os.arch" value="amd64"/>
    <property name="java.vm.specification.name" value="Java Virtual Machine Specification"/>
    <property name="java.awt.printerjob" value="sun.awt.windows.WPrinterJob"/>
    <property name="sun.os.patch.level" value=""/>
    <property name="java.library.path" value="C:\Program Files\Java\jdk-11.0.3\bin;C:\WINDOWS\Sun\Java\bin;C:\WINDOWS\system32;C:\WINDOWS;C:\Users\740722\bin;C:\Users\740722\AppData\Local\Programs\Git\mingw64\bin;C:\Users\740722\AppData\Local\Programs\Git\usr\local\bin;C:\Users\740722\AppData\Local\Programs\Git\usr\bin;C:\Users\740722\AppData\Local\Programs\Git\usr\bin;C:\Users\740722\AppData\Local\Programs\Git\mingw64\bin;C:\Users\740722\AppData\Local\Programs\Git\usr\bin;C:\Users\740722\bin;C:\Program Files\Common Files\Oracle\Java\javapath;C:\Python311\Scripts;C:\Python311;C:\WINDOWS\system32;C:\WINDOWS;C:\WINDOWS\System32\Wbem;C:\WINDOWS\System32\WindowsPowerShell\v1.0;C:\WINDOWS\System32\OpenSSH;C:\Program Files (x86)\Symantec\VIP Access Client;C:\Program Files\Java\jdk-11.0.3\bin;C:\Program Files\Java\jdk-11.0.3;C:\Program Files\Docker\Docker\resources\bin;C:\Program Files\nodejs;C:\ProgramData\chocolatey\bin;C:\Development_Avecto\apache-maven-3.9.2-bin\apache-maven-3.9.2\bin;C:\Program Files\Java\jdk-11.0.3\bi;C:\Development_Avecto\apache-maven-3.9.2-bin\apache-maven-3.9.2\bin\bin;.;C:\Development_Avecto\apache-maven-3.9.2-bin\apache-maven-3.9.2\bin;.;C:\Development_Avecto\apache-maven-3.9.2-bin\apache-maven-3.9.2\bin\bin;.;.;C:\Development_Avecto\apache-maven-3.9.2-bin\apache-maven-3.9.2\bin\bin&quot;;C:\Program Files\Microsoft VS Code\bin;C:\Users\740722\AppData\Local\Android\sdk\tools\bin;C:\Users\740722\AppData\Local\Android\sdk\tools;C:\Users\740722\AppData\Local\Android\sdk\platform-tools;C:\Program Files\nodejs\node_modules\npm\bin;C:\Users\740722\AppData\Roaming\npm\node_modules\appium;C:\Users\740722\AppData\Roaming\npm\node_modules\appium-doctor;C:\Users\740722\AppData\Local\Android\sdk\cmdline-tools;C:\Users\UserName\AppData\Roaming\npm;C:\Program Files\nodejs;C:\Development_Avecto\apache-maven-3.9.2-bin\apache-maven-3.9.2\bin\bin;C:\Users\740722\AppData\Local\Programs\Git\cmd;C:\Users\740722\AppData\Local\GitHubDesktop\bin;C:\Users\740722\AppData\Local\Programs\Git\usr\bin\vendor_perl;C:\Users\740722\AppData\Local\Programs\Git\usr\bin\core_perl;."/>
    <property name="java.vendor" value="Oracle Corporation"/>
    <property name="java.vm.info" value="mixed mode"/>
    <property name="java.vm.version" value="11.0.3+12-LTS"/>
    <property name="sun.io.unicode.encoding" value="UnicodeLittle"/>
    <property name="java.class.version" value="55.0"/>
  </properties>
  <testcase name="readFromArray[standard_user, secret_sauce](1)" classname="FrontEnd.SauceDemo.LoginWithDP" time="9.022">
    <system-out><![CDATA[Jul 27 2023;19:23:36 INFO  - Starting suite
Jul 27 2023;19:23:36 INFO  - I am in onStart method from suite entitled Surefire test
Jul 27 2023;19:23:36 INFO  - # # # # # # # # # # # # # # # # # # # # # # # # # # # #
Jul 27 2023;19:23:40 INFO  - Using chromedriver 113.0.5672.63 (resolved driver for Chrome 113)
Jul 27 2023;19:23:40 INFO  - Exporting webdriver.chrome.driver as C:\Users\740722\.cache\selenium\chromedriver\win32\113.0.5672.63\chromedriver.exe
Jul 27 2023;19:23:40 INFO  - [BrowserDriver/loadChromeDriver] Connecting to: http://localhost:4444/wd/hub
Jul 27 2023;19:23:56 INFO  - @Test: readFromArray
Jul 27 2023;19:23:56 INFO  - Description: Trying to read data from an array object
Jul 27 2023;19:23:56 INFO  - ######################################################################################
Jul 27 2023;19:24:01 INFO  - Testing user: standard_user
Jul 27 2023;19:24:03 INFO  - Testing password: secret_sauce
Jul 27 2023;19:24:04 INFO  - @Test: readFromArray has PASSED
Jul 27 2023;19:24:04 INFO  - ######################################################################################
Jul 27 2023;19:24:05 INFO  - Screenshot saved successfully.
]]></system-out>
    <system-err><![CDATA[Jul 27, 2023 7:23:40 PM org.openqa.selenium.remote.tracing.opentelemetry.OpenTelemetryTracer createTracer
INFO: Using OpenTelemetry for tracing
]]></system-err>
  </testcase>
  <testcase name="readFromArray[locked_out_user, secret_sauce](2)" classname="FrontEnd.SauceDemo.LoginWithDP" time="3.265">
    <system-out><![CDATA[Jul 27 2023;19:24:05 INFO  - @Test: readFromArray
Jul 27 2023;19:24:05 INFO  - Description: Trying to read data from an array object
Jul 27 2023;19:24:05 INFO  - ######################################################################################
Jul 27 2023;19:24:06 INFO  - Testing user: locked_out_user
Jul 27 2023;19:24:07 INFO  - Testing password: secret_sauce
Jul 27 2023;19:24:07 INFO  - @Test: readFromArray has PASSED
Jul 27 2023;19:24:07 INFO  - ######################################################################################
Jul 27 2023;19:24:08 INFO  - Screenshot saved successfully.
]]></system-out>
  </testcase>
  <testcase name="readFromArray[problem_user, secret_sauce](3)" classname="FrontEnd.SauceDemo.LoginWithDP" time="5.516">
    <system-out><![CDATA[Jul 27 2023;19:24:08 INFO  - @Test: readFromArray
Jul 27 2023;19:24:08 INFO  - Description: Trying to read data from an array object
Jul 27 2023;19:24:08 INFO  - ######################################################################################
Jul 27 2023;19:24:09 INFO  - Testing user: problem_user
Jul 27 2023;19:24:10 INFO  - Testing password: secret_sauce
Jul 27 2023;19:24:11 INFO  - @Test: readFromArray has PASSED
Jul 27 2023;19:24:11 INFO  - ######################################################################################
Jul 27 2023;19:24:14 INFO  - Screenshot saved successfully.
]]></system-out>
  </testcase>
  <testcase name="readFromArray[performance_glitch_user, secret_sauce](4)" classname="FrontEnd.SauceDemo.LoginWithDP" time="11.052">
    <system-out><![CDATA[Jul 27 2023;19:24:14 INFO  - @Test: readFromArray
Jul 27 2023;19:24:14 INFO  - Description: Trying to read data from an array object
Jul 27 2023;19:24:14 INFO  - ######################################################################################
Jul 27 2023;19:24:16 INFO  - Testing user: performance_glitch_user
Jul 27 2023;19:24:18 INFO  - Testing password: secret_sauce
Jul 27 2023;19:24:24 INFO  - @Test: readFromArray has PASSED
Jul 27 2023;19:24:24 INFO  - ######################################################################################
Jul 27 2023;19:24:25 INFO  - Screenshot saved successfully.
]]></system-out>
  </testcase>
</testsuite>