<?xml version="1.0" encoding="UTF-8"?>
<testsuite xmlns:xsi="http://www.w3.org/2001/XMLSchema-instance" xsi:noNamespaceSchemaLocation="https://maven.apache.org/surefire/maven-surefire-plugin/xsd/surefire-test-report-3.0.xsd" version="3.0" name="TestSuite" time="36.978" tests="4" errors="0" skipped="0" failures="0">
  <properties>
    <property name="sun.desktop" value="windows"/>
    <property name="awt.toolkit" value="sun.awt.windows.WToolkit"/>
    <property name="java.specification.version" value="11"/>
    <property name="webdriver.chrome.driver" value="C:\Users\740722\.cache\selenium\chromedriver\win64\117.0.5938.149\chromedriver.exe"/>
    <property name="sun.cpu.isalist" value="amd64"/>
    <property name="sun.jnu.encoding" value="Cp1252"/>
    <property name="java.class.path" value="C:\Users\740722\IdeaProjects\Warriors\target\test-classes;C:\Users\740722\IdeaProjects\Warriors\target\classes;C:\Users\740722\.m2\repository\org\seleniumhq\selenium\selenium-java\4.13.0\selenium-java-4.13.0.jar;C:\Users\740722\.m2\repository\org\seleniumhq\selenium\selenium-api\4.13.0\selenium-api-4.13.0.jar;C:\Users\740722\.m2\repository\org\seleniumhq\selenium\selenium-chrome-driver\4.13.0\selenium-chrome-driver-4.13.0.jar;C:\Users\740722\.m2\repository\com\google\auto\service\auto-service-annotations\1.1.1\auto-service-annotations-1.1.1.jar;C:\Users\740722\.m2\repository\com\google\guava\guava\32.1.2-jre\guava-32.1.2-jre.jar;C:\Users\740722\.m2\repository\com\google\guava\failureaccess\1.0.1\failureaccess-1.0.1.jar;C:\Users\740722\.m2\repository\com\google\guava\listenablefuture\9999.0-empty-to-avoid-conflict-with-guava\listenablefuture-9999.0-empty-to-avoid-conflict-with-guava.jar;C:\Users\740722\.m2\repository\com\google\code\findbugs\jsr305\3.0.2\jsr305-3.0.2.jar;C:\Users\740722\.m2\repository\org\checkerframework\checker-qual\3.33.0\checker-qual-3.33.0.jar;C:\Users\740722\.m2\repository\com\google\errorprone\error_prone_annotations\2.18.0\error_prone_annotations-2.18.0.jar;C:\Users\740722\.m2\repository\com\google\j2objc\j2objc-annotations\2.8\j2objc-annotations-2.8.jar;C:\Users\740722\.m2\repository\org\seleniumhq\selenium\selenium-chromium-driver\4.13.0\selenium-chromium-driver-4.13.0.jar;C:\Users\740722\.m2\repository\org\seleniumhq\selenium\selenium-json\4.13.0\selenium-json-4.13.0.jar;C:\Users\740722\.m2\repository\org\seleniumhq\selenium\selenium-manager\4.13.0\selenium-manager-4.13.0.jar;C:\Users\740722\.m2\repository\org\seleniumhq\selenium\selenium-devtools-v115\4.13.0\selenium-devtools-v115-4.13.0.jar;C:\Users\740722\.m2\repository\org\seleniumhq\selenium\selenium-devtools-v116\4.13.0\selenium-devtools-v116-4.13.0.jar;C:\Users\740722\.m2\repository\org\seleniumhq\selenium\selenium-devtools-v117\4.13.0\selenium-devtools-v117-4.13.0.jar;C:\Users\740722\.m2\repository\org\seleniumhq\selenium\selenium-devtools-v85\4.13.0\selenium-devtools-v85-4.13.0.jar;C:\Users\740722\.m2\repository\org\seleniumhq\selenium\selenium-edge-driver\4.13.0\selenium-edge-driver-4.13.0.jar;C:\Users\740722\.m2\repository\org\seleniumhq\selenium\selenium-firefox-driver\4.13.0\selenium-firefox-driver-4.13.0.jar;C:\Users\740722\.m2\repository\org\seleniumhq\selenium\selenium-http\4.13.0\selenium-http-4.13.0.jar;C:\Users\740722\.m2\repository\dev\failsafe\failsafe\3.3.2\failsafe-3.3.2.jar;C:\Users\740722\.m2\repository\org\seleniumhq\selenium\selenium-ie-driver\4.13.0\selenium-ie-driver-4.13.0.jar;C:\Users\740722\.m2\repository\org\seleniumhq\selenium\selenium-remote-driver\4.13.0\selenium-remote-driver-4.13.0.jar;C:\Users\740722\.m2\repository\io\netty\netty-buffer\4.1.96.Final\netty-buffer-4.1.96.Final.jar;C:\Users\740722\.m2\repository\io\netty\netty-codec-http\4.1.96.Final\netty-codec-http-4.1.96.Final.jar;C:\Users\740722\.m2\repository\io\netty\netty-codec\4.1.96.Final\netty-codec-4.1.96.Final.jar;C:\Users\740722\.m2\repository\io\netty\netty-handler\4.1.96.Final\netty-handler-4.1.96.Final.jar;C:\Users\740722\.m2\repository\io\netty\netty-common\4.1.96.Final\netty-common-4.1.96.Final.jar;C:\Users\740722\.m2\repository\io\netty\netty-transport-classes-epoll\4.1.96.Final\netty-transport-classes-epoll-4.1.96.Final.jar;C:\Users\740722\.m2\repository\io\netty\netty-transport-classes-kqueue\4.1.96.Final\netty-transport-classes-kqueue-4.1.96.Final.jar;C:\Users\740722\.m2\repository\io\netty\netty-transport-native-epoll\4.1.96.Final\netty-transport-native-epoll-4.1.96.Final.jar;C:\Users\740722\.m2\repository\io\netty\netty-transport-native-kqueue\4.1.96.Final\netty-transport-native-kqueue-4.1.96.Final.jar;C:\Users\740722\.m2\repository\io\netty\netty-transport-native-unix-common\4.1.96.Final\netty-transport-native-unix-common-4.1.96.Final.jar;C:\Users\740722\.m2\repository\io\netty\netty-transport\4.1.96.Final\netty-transport-4.1.96.Final.jar;C:\Users\740722\.m2\repository\io\netty\netty-resolver\4.1.96.Final\netty-resolver-4.1.96.Final.jar;C:\Users\740722\.m2\repository\io\opentelemetry\opentelemetry-api\1.28.0\opentelemetry-api-1.28.0.jar;C:\Users\740722\.m2\repository\io\opentelemetry\opentelemetry-context\1.28.0\opentelemetry-context-1.28.0.jar;C:\Users\740722\.m2\repository\io\opentelemetry\opentelemetry-exporter-logging\1.28.0\opentelemetry-exporter-logging-1.28.0.jar;C:\Users\740722\.m2\repository\io\opentelemetry\opentelemetry-sdk-metrics\1.28.0\opentelemetry-sdk-metrics-1.28.0.jar;C:\Users\740722\.m2\repository\io\opentelemetry\opentelemetry-extension-incubator\1.28.0-alpha\opentelemetry-extension-incubator-1.28.0-alpha.jar;C:\Users\740722\.m2\repository\io\opentelemetry\opentelemetry-sdk-logs\1.28.0\opentelemetry-sdk-logs-1.28.0.jar;C:\Users\740722\.m2\repository\io\opentelemetry\opentelemetry-sdk-common\1.28.0\opentelemetry-sdk-common-1.28.0.jar;C:\Users\740722\.m2\repository\io\opentelemetry\opentelemetry-sdk-extension-autoconfigure-spi\1.28.0\opentelemetry-sdk-extension-autoconfigure-spi-1.28.0.jar;C:\Users\740722\.m2\repository\io\opentelemetry\opentelemetry-sdk-extension-autoconfigure\1.28.0\opentelemetry-sdk-extension-autoconfigure-1.28.0.jar;C:\Users\740722\.m2\repository\io\opentelemetry\opentelemetry-api-events\1.28.0-alpha\opentelemetry-api-events-1.28.0-alpha.jar;C:\Users\740722\.m2\repository\io\opentelemetry\opentelemetry-sdk-trace\1.28.0\opentelemetry-sdk-trace-1.28.0.jar;C:\Users\740722\.m2\repository\io\opentelemetry\opentelemetry-sdk\1.28.0\opentelemetry-sdk-1.28.0.jar;C:\Users\740722\.m2\repository\io\opentelemetry\opentelemetry-semconv\1.28.0-alpha\opentelemetry-semconv-1.28.0-alpha.jar;C:\Users\740722\.m2\repository\net\bytebuddy\byte-buddy\1.14.5\byte-buddy-1.14.5.jar;C:\Users\740722\.m2\repository\org\asynchttpclient\async-http-client\2.12.3\async-http-client-2.12.3.jar;C:\Users\740722\.m2\repository\org\asynchttpclient\async-http-client-netty-utils\2.12.3\async-http-client-netty-utils-2.12.3.jar;C:\Users\740722\.m2\repository\io\netty\netty-codec-socks\4.1.60.Final\netty-codec-socks-4.1.60.Final.jar;C:\Users\740722\.m2\repository\io\netty\netty-handler-proxy\4.1.60.Final\netty-handler-proxy-4.1.60.Final.jar;C:\Users\740722\.m2\repository\io\netty\netty-transport-native-epoll\4.1.60.Final\netty-transport-native-epoll-4.1.60.Final-linux-x86_64.jar;C:\Users\740722\.m2\repository\io\netty\netty-transport-native-kqueue\4.1.60.Final\netty-transport-native-kqueue-4.1.60.Final-osx-x86_64.jar;C:\Users\740722\.m2\repository\com\typesafe\netty\netty-reactive-streams\2.0.4\netty-reactive-streams-2.0.4.jar;C:\Users\740722\.m2\repository\org\seleniumhq\selenium\selenium-os\4.13.0\selenium-os-4.13.0.jar;C:\Users\740722\.m2\repository\org\seleniumhq\selenium\selenium-safari-driver\4.13.0\selenium-safari-driver-4.13.0.jar;C:\Users\740722\.m2\repository\org\seleniumhq\selenium\selenium-support\4.13.0\selenium-support-4.13.0.jar;C:\Users\740722\.m2\repository\io\github\bonigarcia\webdrivermanager\5.5.3\webdrivermanager-5.5.3.jar;C:\Users\740722\.m2\repository\com\github\docker-java\docker-java\3.3.3\docker-java-3.3.3.jar;C:\Users\740722\.m2\repository\com\github\docker-java\docker-java-core\3.3.3\docker-java-core-3.3.3.jar;C:\Users\740722\.m2\repository\com\github\docker-java\docker-java-api\3.3.3\docker-java-api-3.3.3.jar;C:\Users\740722\.m2\repository\org\bouncycastle\bcpkix-jdk18on\1.75\bcpkix-jdk18on-1.75.jar;C:\Users\740722\.m2\repository\org\bouncycastle\bcprov-jdk18on\1.75\bcprov-jdk18on-1.75.jar;C:\Users\740722\.m2\repository\org\bouncycastle\bcutil-jdk18on\1.75\bcutil-jdk18on-1.75.jar;C:\Users\740722\.m2\repository\org\slf4j\jcl-over-slf4j\1.7.30\jcl-over-slf4j-1.7.30.jar;C:\Users\740722\.m2\repository\com\github\docker-java\docker-java-transport-httpclient5\3.3.3\docker-java-transport-httpclient5-3.3.3.jar;C:\Users\740722\.m2\repository\com\github\docker-java\docker-java-transport\3.3.3\docker-java-transport-3.3.3.jar;C:\Users\740722\.m2\repository\net\java\dev\jna\jna\5.12.1\jna-5.12.1.jar;C:\Users\740722\.m2\repository\org\brotli\dec\0.1.2\dec-0.1.2.jar;C:\Users\740722\.m2\repository\org\apache\commons\commons-lang3\3.13.0\commons-lang3-3.13.0.jar;C:\Users\740722\.m2\repository\org\apache\httpcomponents\client5\httpclient5\5.2.1\httpclient5-5.2.1.jar;C:\Users\740722\.m2\repository\org\apache\httpcomponents\core5\httpcore5\5.2\httpcore5-5.2.jar;C:\Users\740722\.m2\repository\org\apache\httpcomponents\core5\httpcore5-h2\5.2\httpcore5-h2-5.2.jar;C:\Users\740722\.m2\repository\org\testng\testng\7.4.0\testng-7.4.0.jar;C:\Users\740722\.m2\repository\com\beust\jcommander\1.78\jcommander-1.78.jar;C:\Users\740722\.m2\repository\org\webjars\jquery\3.5.1\jquery-3.5.1.jar;C:\Users\740722\.m2\repository\io\rest-assured\rest-assured\4.3.3\rest-assured-4.3.3.jar;C:\Users\740722\.m2\repository\org\codehaus\groovy\groovy\3.0.7\groovy-3.0.7.jar;C:\Users\740722\.m2\repository\org\codehaus\groovy\groovy-xml\3.0.7\groovy-xml-3.0.7.jar;C:\Users\740722\.m2\repository\org\apache\httpcomponents\httpclient\4.5.3\httpclient-4.5.3.jar;C:\Users\740722\.m2\repository\org\apache\httpcomponents\httpcore\4.4.6\httpcore-4.4.6.jar;C:\Users\740722\.m2\repository\org\apache\httpcomponents\httpmime\4.5.3\httpmime-4.5.3.jar;C:\Users\740722\.m2\repository\org\hamcrest\hamcrest\2.1\hamcrest-2.1.jar;C:\Users\740722\.m2\repository\org\ccil\cowan\tagsoup\tagsoup\1.2.1\tagsoup-1.2.1.jar;C:\Users\740722\.m2\repository\io\rest-assured\json-path\4.3.3\json-path-4.3.3.jar;C:\Users\740722\.m2\repository\org\codehaus\groovy\groovy-json\3.0.7\groovy-json-3.0.7.jar;C:\Users\740722\.m2\repository\io\rest-assured\rest-assured-common\4.3.3\rest-assured-common-4.3.3.jar;C:\Users\740722\.m2\repository\io\rest-assured\xml-path\4.3.3\xml-path-4.3.3.jar;C:\Users\740722\.m2\repository\jakarta\xml\bind\jakarta.xml.bind-api\2.3.3\jakarta.xml.bind-api-2.3.3.jar;C:\Users\740722\.m2\repository\jakarta\activation\jakarta.activation-api\1.2.2\jakarta.activation-api-1.2.2.jar;C:\Users\740722\.m2\repository\com\sun\xml\bind\jaxb-impl\2.3.3\jaxb-impl-2.3.3.jar;C:\Users\740722\.m2\repository\org\apache\pdfbox\pdfbox\2.0.28\pdfbox-2.0.28.jar;C:\Users\740722\.m2\repository\org\apache\pdfbox\fontbox\2.0.28\fontbox-2.0.28.jar;C:\Users\740722\.m2\repository\commons-logging\commons-logging\1.2\commons-logging-1.2.jar;C:\Users\740722\.m2\repository\org\projectlombok\lombok\1.18.26\lombok-1.18.26.jar;C:\Users\740722\.m2\repository\com\github\javafaker\javafaker\1.0.2\javafaker-1.0.2.jar;C:\Users\740722\.m2\repository\org\yaml\snakeyaml\1.23\snakeyaml-1.23-android.jar;C:\Users\740722\.m2\repository\com\github\mifmif\generex\1.0.2\generex-1.0.2.jar;C:\Users\740722\.m2\repository\dk\brics\automaton\automaton\1.11-8\automaton-1.11-8.jar;C:\Users\740722\.m2\repository\com\googlecode\json-simple\json-simple\1.1\json-simple-1.1.jar;C:\Users\740722\.m2\repository\ch\qos\logback\logback-classic\1.4.8\logback-classic-1.4.8.jar;C:\Users\740722\.m2\repository\ch\qos\logback\logback-core\1.4.8\logback-core-1.4.8.jar;C:\Users\740722\.m2\repository\org\slf4j\slf4j-api\2.0.7\slf4j-api-2.0.7.jar;C:\Users\740722\.m2\repository\org\apache\logging\log4j\log4j-core\2.17.2\log4j-core-2.17.2.jar;C:\Users\740722\.m2\repository\org\apache\logging\log4j\log4j-api\2.17.2\log4j-api-2.17.2.jar;C:\Users\740722\.m2\repository\org\apache\poi\poi-ooxml\5.2.3\poi-ooxml-5.2.3.jar;C:\Users\740722\.m2\repository\org\apache\poi\poi\5.2.3\poi-5.2.3.jar;C:\Users\740722\.m2\repository\org\apache\commons\commons-math3\3.6.1\commons-math3-3.6.1.jar;C:\Users\740722\.m2\repository\com\zaxxer\SparseBitSet\1.2\SparseBitSet-1.2.jar;C:\Users\740722\.m2\repository\org\apache\poi\poi-ooxml-lite\5.2.3\poi-ooxml-lite-5.2.3.jar;C:\Users\740722\.m2\repository\org\apache\xmlbeans\xmlbeans\5.1.1\xmlbeans-5.1.1.jar;C:\Users\740722\.m2\repository\org\apache\commons\commons-compress\1.21\commons-compress-1.21.jar;C:\Users\740722\.m2\repository\commons-io\commons-io\2.11.0\commons-io-2.11.0.jar;C:\Users\740722\.m2\repository\com\github\virtuald\curvesapi\1.07\curvesapi-1.07.jar;C:\Users\740722\.m2\repository\org\apache\commons\commons-collections4\4.4\commons-collections4-4.4.jar;C:\Users\740722\.m2\repository\com\opencsv\opencsv\5.7.1\opencsv-5.7.1.jar;C:\Users\740722\.m2\repository\org\apache\commons\commons-text\1.10.0\commons-text-1.10.0.jar;C:\Users\740722\.m2\repository\commons-beanutils\commons-beanutils\1.9.4\commons-beanutils-1.9.4.jar;C:\Users\740722\.m2\repository\commons-collections\commons-collections\3.2.2\commons-collections-3.2.2.jar;C:\Users\740722\.m2\repository\io\ebean\ebean\13.9.1\ebean-13.9.1.jar;C:\Users\740722\.m2\repository\io\ebean\ebean-api\13.9.1\ebean-api-13.9.1.jar;C:\Users\740722\.m2\repository\io\avaje\avaje-applog\1.0\avaje-applog-1.0.jar;C:\Users\740722\.m2\repository\io\avaje\avaje-applog-slf4j\1.0\avaje-applog-slf4j-1.0.jar;C:\Users\740722\.m2\repository\io\avaje\avaje-config\2.2\avaje-config-2.2.jar;C:\Users\740722\.m2\repository\io\avaje\avaje-lang\1.1\avaje-lang-1.1.jar;C:\Users\740722\.m2\repository\io\ebean\persistence-api\3.0\persistence-api-3.0.jar;C:\Users\740722\.m2\repository\io\ebean\ebean-annotation\8.2\ebean-annotation-8.2.jar;C:\Users\740722\.m2\repository\io\ebean\ebean-types\3.0\ebean-types-3.0.jar;C:\Users\740722\.m2\repository\io\ebean\ebean-datasource-api\8.2\ebean-datasource-api-8.2.jar;C:\Users\740722\.m2\repository\io\ebean\ebean-core\13.9.1\ebean-core-13.9.1.jar;C:\Users\740722\.m2\repository\io\ebean\ebean-ddl-runner\2.2\ebean-ddl-runner-2.2.jar;C:\Users\740722\.m2\repository\io\avaje\classpath-scanner\7.1\classpath-scanner-7.1.jar;C:\Users\740722\.m2\repository\io\avaje\classpath-scanner-api\7.1\classpath-scanner-api-7.1.jar;C:\Users\740722\.m2\repository\io\ebean\ebean-migration-auto\1.2\ebean-migration-auto-1.2.jar;C:\Users\740722\.m2\repository\io\ebean\ebean-core-type\13.9.1\ebean-core-type-13.9.1.jar;C:\Users\740722\.m2\repository\io\ebean\ebean-externalmapping-api\13.9.1\ebean-externalmapping-api-13.9.1.jar;C:\Users\740722\.m2\repository\org\antlr\antlr4-runtime\4.8-1\antlr4-runtime-4.8-1.jar;C:\Users\740722\.m2\repository\io\ebean\ebean-joda-time\13.9.1\ebean-joda-time-13.9.1.jar;C:\Users\740722\.m2\repository\io\ebean\ebean-datasource\8.2\ebean-datasource-8.2.jar;C:\Users\740722\.m2\repository\io\ebean\ebean-querybean\13.9.1\ebean-querybean-13.9.1.jar;C:\Users\740722\.m2\repository\io\ebean\ebean-platform-all\13.9.1\ebean-platform-all-13.9.1.jar;C:\Users\740722\.m2\repository\io\ebean\ebean-platform-clickhouse\13.9.1\ebean-platform-clickhouse-13.9.1.jar;C:\Users\740722\.m2\repository\io\ebean\ebean-platform-db2\13.9.1\ebean-platform-db2-13.9.1.jar;C:\Users\740722\.m2\repository\io\ebean\ebean-platform-hana\13.9.1\ebean-platform-hana-13.9.1.jar;C:\Users\740722\.m2\repository\io\ebean\ebean-platform-hsqldb\13.9.1\ebean-platform-hsqldb-13.9.1.jar;C:\Users\740722\.m2\repository\io\ebean\ebean-platform-mysql\13.9.1\ebean-platform-mysql-13.9.1.jar;C:\Users\740722\.m2\repository\io\ebean\ebean-platform-mariadb\13.9.1\ebean-platform-mariadb-13.9.1.jar;C:\Users\740722\.m2\repository\io\ebean\ebean-platform-nuodb\13.9.1\ebean-platform-nuodb-13.9.1.jar;C:\Users\740722\.m2\repository\io\ebean\ebean-platform-oracle\13.9.1\ebean-platform-oracle-13.9.1.jar;C:\Users\740722\.m2\repository\io\ebean\ebean-platform-postgres\13.9.1\ebean-platform-postgres-13.9.1.jar;C:\Users\740722\.m2\repository\io\ebean\ebean-platform-sqlanywhere\13.9.1\ebean-platform-sqlanywhere-13.9.1.jar;C:\Users\740722\.m2\repository\io\ebean\ebean-platform-sqlite\13.9.1\ebean-platform-sqlite-13.9.1.jar;C:\Users\740722\.m2\repository\io\ebean\ebean-platform-sqlserver\13.9.1\ebean-platform-sqlserver-13.9.1.jar;C:\Users\740722\.m2\repository\io\ebean\ebean-test\13.6.5\ebean-test-13.6.5.jar;C:\Users\740722\.m2\repository\io\ebean\ebean-platform-h2\13.6.5\ebean-platform-h2-13.6.5.jar;C:\Users\740722\.m2\repository\io\ebean\ebean-ddl-generator\13.6.5\ebean-ddl-generator-13.6.5.jar;C:\Users\740722\.m2\repository\io\ebean\ebean-migration\13.6.0\ebean-migration-13.6.0.jar;C:\Users\740722\.m2\repository\io\ebean\ebean-test-containers\6.2\ebean-test-containers-6.2.jar;C:\Users\740722\.m2\repository\org\assertj\assertj-core\3.22.0\assertj-core-3.22.0.jar;C:\Users\740722\.m2\repository\org\glassfish\jaxb\jaxb-runtime\2.3.6\jaxb-runtime-2.3.6.jar;C:\Users\740722\.m2\repository\org\glassfish\jaxb\txw2\2.3.6\txw2-2.3.6.jar;C:\Users\740722\.m2\repository\com\sun\istack\istack-commons-runtime\3.0.12\istack-commons-runtime-3.0.12.jar;C:\Users\740722\.m2\repository\com\sun\activation\jakarta.activation\1.2.2\jakarta.activation-1.2.2.jar;C:\Users\740722\.m2\repository\com\h2database\h2\2.1.212\h2-2.1.212.jar;C:\Users\740722\.m2\repository\io\ebean\querybean-generator\13.20.1\querybean-generator-13.20.1.jar;C:\Users\740722\.m2\repository\com\oracle\database\jdbc\ojdbc10\19.19.0.0\ojdbc10-19.19.0.0.jar;C:\Users\740722\.m2\repository\com\aventstack\extentreports\5.0.9\extentreports-5.0.9.jar;C:\Users\740722\.m2\repository\io\reactivex\rxjava3\rxjava\3.0.4\rxjava-3.0.4.jar;C:\Users\740722\.m2\repository\org\reactivestreams\reactive-streams\1.0.3\reactive-streams-1.0.3.jar;C:\Users\740722\.m2\repository\org\freemarker\freemarker\2.3.30\freemarker-2.3.30.jar;C:\Users\740722\.m2\repository\io\qameta\allure\allure-maven\2.8\allure-maven-2.8.jar;C:\Users\740722\.m2\repository\org\apache\maven\maven-core\3.3.9\maven-core-3.3.9.jar;C:\Users\740722\.m2\repository\org\apache\maven\maven-model\3.3.9\maven-model-3.3.9.jar;C:\Users\740722\.m2\repository\org\apache\maven\maven-settings\3.3.9\maven-settings-3.3.9.jar;C:\Users\740722\.m2\repository\org\apache\maven\maven-settings-builder\3.3.9\maven-settings-builder-3.3.9.jar;C:\Users\740722\.m2\repository\org\apache\maven\maven-builder-support\3.3.9\maven-builder-support-3.3.9.jar;C:\Users\740722\.m2\repository\org\apache\maven\maven-repository-metadata\3.3.9\maven-repository-metadata-3.3.9.jar;C:\Users\740722\.m2\repository\org\apache\maven\maven-artifact\3.3.9\maven-artifact-3.3.9.jar;C:\Users\740722\.m2\repository\org\apache\maven\maven-model-builder\3.3.9\maven-model-builder-3.3.9.jar;C:\Users\740722\.m2\repository\org\apache\maven\maven-aether-provider\3.3.9\maven-aether-provider-3.3.9.jar;C:\Users\740722\.m2\repository\org\eclipse\aether\aether-spi\1.0.2.v20150114\aether-spi-1.0.2.v20150114.jar;C:\Users\740722\.m2\repository\org\eclipse\aether\aether-impl\1.0.2.v20150114\aether-impl-1.0.2.v20150114.jar;C:\Users\740722\.m2\repository\org\eclipse\aether\aether-api\1.0.2.v20150114\aether-api-1.0.2.v20150114.jar;C:\Users\740722\.m2\repository\org\eclipse\aether\aether-util\1.0.2.v20150114\aether-util-1.0.2.v20150114.jar;C:\Users\740722\.m2\repository\org\eclipse\sisu\org.eclipse.sisu.plexus\0.3.2\org.eclipse.sisu.plexus-0.3.2.jar;C:\Users\740722\.m2\repository\javax\enterprise\cdi-api\1.0\cdi-api-1.0.jar;C:\Users\740722\.m2\repository\javax\annotation\jsr250-api\1.0\jsr250-api-1.0.jar;C:\Users\740722\.m2\repository\org\eclipse\sisu\org.eclipse.sisu.inject\0.3.2\org.eclipse.sisu.inject-0.3.2.jar;C:\Users\740722\.m2\repository\com\google\inject\guice\4.0\guice-4.0-no_aop.jar;C:\Users\740722\.m2\repository\javax\inject\javax.inject\1\javax.inject-1.jar;C:\Users\740722\.m2\repository\aopalliance\aopalliance\1.0\aopalliance-1.0.jar;C:\Users\740722\.m2\repository\org\codehaus\plexus\plexus-interpolation\1.21\plexus-interpolation-1.21.jar;C:\Users\740722\.m2\repository\org\codehaus\plexus\plexus-classworlds\2.5.2\plexus-classworlds-2.5.2.jar;C:\Users\740722\.m2\repository\org\codehaus\plexus\plexus-component-annotations\1.6\plexus-component-annotations-1.6.jar;C:\Users\740722\.m2\repository\org\sonatype\plexus\plexus-sec-dispatcher\1.3\plexus-sec-dispatcher-1.3.jar;C:\Users\740722\.m2\repository\org\sonatype\plexus\plexus-cipher\1.4\plexus-cipher-1.4.jar;C:\Users\740722\.m2\repository\org\apache\maven\reporting\maven-reporting-impl\2.4\maven-reporting-impl-2.4.jar;C:\Users\740722\.m2\repository\org\apache\maven\maven-project\2.2.1\maven-project-2.2.1.jar;C:\Users\740722\.m2\repository\org\apache\maven\maven-profile\2.2.1\maven-profile-2.2.1.jar;C:\Users\740722\.m2\repository\org\apache\maven\maven-artifact-manager\2.2.1\maven-artifact-manager-2.2.1.jar;C:\Users\740722\.m2\repository\backport-util-concurrent\backport-util-concurrent\3.1\backport-util-concurrent-3.1.jar;C:\Users\740722\.m2\repository\org\apache\maven\maven-plugin-registry\2.2.1\maven-plugin-registry-2.2.1.jar;C:\Users\740722\.m2\repository\org\codehaus\plexus\plexus-container-default\1.0-alpha-9-stable-1\plexus-container-default-1.0-alpha-9-stable-1.jar;C:\Users\740722\.m2\repository\classworlds\classworlds\1.1-alpha-2\classworlds-1.1-alpha-2.jar;C:\Users\740722\.m2\repository\org\apache\maven\shared\maven-shared-utils\0.6\maven-shared-utils-0.6.jar;C:\Users\740722\.m2\repository\org\apache\maven\doxia\doxia-sink-api\1.6\doxia-sink-api-1.6.jar;C:\Users\740722\.m2\repository\org\apache\maven\doxia\doxia-logging-api\1.6\doxia-logging-api-1.6.jar;C:\Users\740722\.m2\repository\org\apache\maven\doxia\doxia-core\1.6\doxia-core-1.6.jar;C:\Users\740722\.m2\repository\xerces\xercesImpl\2.9.1\xercesImpl-2.9.1.jar;C:\Users\740722\.m2\repository\commons-lang\commons-lang\2.4\commons-lang-2.4.jar;C:\Users\740722\.m2\repository\xmlunit\xmlunit\1.5\xmlunit-1.5.jar;C:\Users\740722\.m2\repository\org\apache\maven\doxia\doxia-site-renderer\1.6\doxia-site-renderer-1.6.jar;C:\Users\740722\.m2\repository\org\apache\maven\doxia\doxia-decoration-model\1.6\doxia-decoration-model-1.6.jar;C:\Users\740722\.m2\repository\org\apache\maven\doxia\doxia-module-xhtml\1.6\doxia-module-xhtml-1.6.jar;C:\Users\740722\.m2\repository\org\apache\maven\doxia\doxia-module-fml\1.6\doxia-module-fml-1.6.jar;C:\Users\740722\.m2\repository\org\codehaus\plexus\plexus-i18n\1.0-beta-7\plexus-i18n-1.0-beta-7.jar;C:\Users\740722\.m2\repository\org\codehaus\plexus\plexus-velocity\1.1.7\plexus-velocity-1.1.7.jar;C:\Users\740722\.m2\repository\org\apache\velocity\velocity-tools\2.0\velocity-tools-2.0.jar;C:\Users\740722\.m2\repository\commons-chain\commons-chain\1.1\commons-chain-1.1.jar;C:\Users\740722\.m2\repository\dom4j\dom4j\1.1\dom4j-1.1.jar;C:\Users\740722\.m2\repository\sslext\sslext\1.2-0\sslext-1.2-0.jar;C:\Users\740722\.m2\repository\org\apache\struts\struts-core\1.3.8\struts-core-1.3.8.jar;C:\Users\740722\.m2\repository\antlr\antlr\2.7.2\antlr-2.7.2.jar;C:\Users\740722\.m2\repository\org\apache\struts\struts-taglib\1.3.8\struts-taglib-1.3.8.jar;C:\Users\740722\.m2\repository\org\apache\struts\struts-tiles\1.3.8\struts-tiles-1.3.8.jar;C:\Users\740722\.m2\repository\commons-validator\commons-validator\1.4.1\commons-validator-1.4.1.jar;C:\Users\740722\.m2\repository\commons-digester\commons-digester\1.8.1\commons-digester-1.8.1.jar;C:\Users\740722\.m2\repository\net\lingala\zip4j\zip4j\1.3.2\zip4j-1.3.2.jar;C:\Users\740722\.m2\repository\org\apache\commons\commons-exec\1.3\commons-exec-1.3.jar;C:\Users\740722\.m2\repository\org\apache\maven\plugin-tools\maven-plugin-annotations\3.2\maven-plugin-annotations-3.2.jar;C:\Users\740722\.m2\repository\org\apache\maven\plugins\maven-jxr-plugin\2.5\maven-jxr-plugin-2.5.jar;C:\Users\740722\.m2\repository\org\apache\velocity\velocity\1.5\velocity-1.5.jar;C:\Users\740722\.m2\repository\oro\oro\2.0.8\oro-2.0.8.jar;C:\Users\740722\.m2\repository\org\apache\maven\maven-jxr\2.5\maven-jxr-2.5.jar;C:\Users\740722\.m2\repository\org\apache\maven\wagon\wagon-provider-api\1.0\wagon-provider-api-1.0.jar;C:\Users\740722\.m2\repository\xalan\xalan\2.7.0\xalan-2.7.0.jar;C:\Users\740722\.m2\repository\org\apache\commons\commons-email\1.5\commons-email-1.5.jar;C:\Users\740722\.m2\repository\com\sun\mail\javax.mail\1.5.6\javax.mail-1.5.6.jar;C:\Users\740722\.m2\repository\javax\activation\activation\1.1\activation-1.1.jar;C:\Users\740722\.m2\repository\javax\mail\javax.mail-api\1.6.2\javax.mail-api-1.6.2.jar;C:\Users\740722\.m2\repository\com\github\wnameless\json\json-flattener\0.16.4\json-flattener-0.16.4.jar;C:\Users\740722\.m2\repository\com\fasterxml\jackson\core\jackson-databind\2.14.1\jackson-databind-2.14.1.jar;C:\Users\740722\.m2\repository\com\fasterxml\jackson\core\jackson-annotations\2.14.1\jackson-annotations-2.14.1.jar;C:\Users\740722\.m2\repository\com\fasterxml\jackson\core\jackson-core\2.14.1\jackson-core-2.14.1.jar;C:\Users\740722\.m2\repository\com\github\wnameless\json\json-base\2.4.0\json-base-2.4.0.jar;C:\Users\740722\.m2\repository\org\yaml\snakeyaml\2.0\snakeyaml-2.0.jar;C:\Users\740722\.m2\repository\com\google\code\gson\gson\2.10.1\gson-2.10.1.jar;C:\Users\740722\.m2\repository\org\apache\maven\plugins\maven-failsafe-plugin\3.1.2\maven-failsafe-plugin-3.1.2.jar;C:\Users\740722\.m2\repository\org\apache\maven\surefire\maven-surefire-common\3.1.2\maven-surefire-common-3.1.2.jar;C:\Users\740722\.m2\repository\org\apache\maven\surefire\surefire-api\3.1.2\surefire-api-3.1.2.jar;C:\Users\740722\.m2\repository\org\apache\maven\surefire\surefire-logger-api\3.1.2\surefire-logger-api-3.1.2.jar;C:\Users\740722\.m2\repository\org\apache\maven\surefire\surefire-extensions-api\3.1.2\surefire-extensions-api-3.1.2.jar;C:\Users\740722\.m2\repository\org\apache\maven\surefire\surefire-booter\3.1.2\surefire-booter-3.1.2.jar;C:\Users\740722\.m2\repository\org\apache\maven\surefire\surefire-extensions-spi\3.1.2\surefire-extensions-spi-3.1.2.jar;C:\Users\740722\.m2\repository\org\apache\maven\shared\maven-common-artifact-filters\3.1.1\maven-common-artifact-filters-3.1.1.jar;C:\Users\740722\.m2\repository\org\codehaus\plexus\plexus-java\1.1.2\plexus-java-1.1.2.jar;C:\Users\740722\.m2\repository\org\ow2\asm\asm\9.4\asm-9.4.jar;C:\Users\740722\.m2\repository\com\thoughtworks\qdox\qdox\2.0.3\qdox-2.0.3.jar;C:\Users\740722\.m2\repository\org\apache\maven\surefire\surefire-shared-utils\3.1.2\surefire-shared-utils-3.1.2.jar;C:\Users\740722\.m2\repository\io\cucumber\cucumber-testng\7.13.0\cucumber-testng-7.13.0.jar;C:\Users\740722\.m2\repository\org\apiguardian\apiguardian-api\1.1.2\apiguardian-api-1.1.2.jar;C:\Users\740722\.m2\repository\io\cucumber\cucumber-core\7.13.0\cucumber-core-7.13.0.jar;C:\Users\740722\.m2\repository\io\cucumber\cucumber-gherkin\7.13.0\cucumber-gherkin-7.13.0.jar;C:\Users\740722\.m2\repository\io\cucumber\cucumber-gherkin-messages\7.13.0\cucumber-gherkin-messages-7.13.0.jar;C:\Users\740722\.m2\repository\io\cucumber\gherkin\26.2.0\gherkin-26.2.0.jar;C:\Users\740722\.m2\repository\io\cucumber\messages\22.0.0\messages-22.0.0.jar;C:\Users\740722\.m2\repository\io\cucumber\tag-expressions\5.0.1\tag-expressions-5.0.1.jar;C:\Users\740722\.m2\repository\io\cucumber\cucumber-expressions\16.1.2\cucumber-expressions-16.1.2.jar;C:\Users\740722\.m2\repository\io\cucumber\datatable\7.13.0\datatable-7.13.0.jar;C:\Users\740722\.m2\repository\io\cucumber\cucumber-plugin\7.13.0\cucumber-plugin-7.13.0.jar;C:\Users\740722\.m2\repository\io\cucumber\docstring\7.13.0\docstring-7.13.0.jar;C:\Users\740722\.m2\repository\io\cucumber\html-formatter\20.3.1\html-formatter-20.3.1.jar;C:\Users\740722\.m2\repository\io\cucumber\junit-xml-formatter\0.2.0\junit-xml-formatter-0.2.0.jar;C:\Users\740722\.m2\repository\io\cucumber\ci-environment\9.2.0\ci-environment-9.2.0.jar;C:\Users\740722\.m2\repository\com\github\mkolisnyk\cucumber-runner\1.3.5\cucumber-runner-1.3.5.jar;C:\Users\740722\.m2\repository\com\github\mkolisnyk\cucumber-report-generator\1.3.5\cucumber-report-generator-1.3.5.jar;C:\Users\740722\.m2\repository\xml-apis\xml-apis\1.4.01\xml-apis-1.4.01.jar;C:\Users\740722\.m2\repository\batik\batik-transcoder\1.6-1\batik-transcoder-1.6-1.jar;C:\Users\740722\.m2\repository\batik\batik-bridge\1.6-1\batik-bridge-1.6-1.jar;C:\Users\740722\.m2\repository\batik\batik-gvt\1.6-1\batik-gvt-1.6-1.jar;C:\Users\740722\.m2\repository\batik\batik-awt-util\1.6-1\batik-awt-util-1.6-1.jar;C:\Users\740722\.m2\repository\batik\batik-util\1.6-1\batik-util-1.6-1.jar;C:\Users\740722\.m2\repository\batik\batik-gui-util\1.6-1\batik-gui-util-1.6-1.jar;C:\Users\740722\.m2\repository\batik\batik-ext\1.6-1\batik-ext-1.6-1.jar;C:\Users\740722\.m2\repository\xml-apis\xmlParserAPIs\2.0.2\xmlParserAPIs-2.0.2.jar;C:\Users\740722\.m2\repository\batik\batik-script\1.6-1\batik-script-1.6-1.jar;C:\Users\740722\.m2\repository\rhino\js\1.5R4.1\js-1.5R4.1.jar;C:\Users\740722\.m2\repository\batik\batik-svg-dom\1.6-1\batik-svg-dom-1.6-1.jar;C:\Users\740722\.m2\repository\batik\batik-dom\1.6-1\batik-dom-1.6-1.jar;C:\Users\740722\.m2\repository\batik\batik-css\1.6-1\batik-css-1.6-1.jar;C:\Users\740722\.m2\repository\batik\batik-xml\1.6-1\batik-xml-1.6-1.jar;C:\Users\740722\.m2\repository\batik\batik-parser\1.6-1\batik-parser-1.6-1.jar;C:\Users\740722\.m2\repository\com\itextpdf\itextpdf\5.5.11\itextpdf-5.5.11.jar;C:\Users\740722\.m2\repository\com\cedarsoftware\json-io\4.9.12\json-io-4.9.12.jar;C:\Users\740722\.m2\repository\info\cukes\cucumber-junit\1.2.5\cucumber-junit-1.2.5.jar;C:\Users\740722\.m2\repository\info\cukes\cucumber-core\1.2.5\cucumber-core-1.2.5.jar;C:\Users\740722\.m2\repository\info\cukes\cucumber-html\0.2.3\cucumber-html-0.2.3.jar;C:\Users\740722\.m2\repository\info\cukes\cucumber-jvm-deps\1.0.5\cucumber-jvm-deps-1.0.5.jar;C:\Users\740722\.m2\repository\info\cukes\gherkin\2.12.2\gherkin-2.12.2.jar;C:\Users\740722\.m2\repository\info\cukes\cucumber-testng\1.2.5\cucumber-testng-1.2.5.jar;C:\Users\740722\.m2\repository\junit\junit\4.12\junit-4.12.jar;C:\Users\740722\.m2\repository\org\hamcrest\hamcrest-core\1.3\hamcrest-core-1.3.jar;C:\Users\740722\.m2\repository\org\xhtmlrenderer\flying-saucer-pdf\9.1.7\flying-saucer-pdf-9.1.7.jar;C:\Users\740722\.m2\repository\com\lowagie\itext\2.1.7\itext-2.1.7.jar;C:\Users\740722\.m2\repository\org\bouncycastle\bctsp-jdk14\1.38\bctsp-jdk14-1.38.jar;C:\Users\740722\.m2\repository\org\xhtmlrenderer\flying-saucer-core\9.1.7\flying-saucer-core-9.1.7.jar;C:\Users\740722\.m2\repository\commons-codec\commons-codec\1.10\commons-codec-1.10.jar;C:\Users\740722\.m2\repository\org\javassist\javassist\3.22.0-CR2\javassist-3.22.0-CR2.jar;C:\Users\740722\.m2\repository\joda-time\joda-time\2.9.9\joda-time-2.9.9.jar;C:\Users\740722\.m2\repository\org\codehaus\plexus\plexus-utils\3.0.1\plexus-utils-3.0.1.jar;C:\Users\740722\.m2\repository\org\apache\maven\maven-plugin-api\2.0\maven-plugin-api-2.0.jar;C:\Users\740722\.m2\repository\org\apache\maven\reporting\maven-reporting-api\2.0.8\maven-reporting-api-2.0.8.jar;C:\Users\740722\.m2\repository\io\cucumber\cucumber-java\7.13.0\cucumber-java-7.13.0.jar;C:\Users\740722\.m2\repository\com\deque\html\axe-core\selenium\4.7.0\selenium-4.7.0.jar;C:\Users\740722\.m2\repository\com\deque\html\axe-core\dequeutilites\4.7.0\dequeutilites-4.7.0.jar;C:\Users\740722\.m2\repository\org\jsoup\jsoup\1.16.1\jsoup-1.16.1.jar;C:\Users\740722\.m2\repository\us\codecraft\xsoup\0.3.7\xsoup-0.3.7.jar;"/>
    <property name="java.vm.vendor" value="Oracle Corporation"/>
    <property name="sun.arch.data.model" value="64"/>
    <property name="user.variant" value=""/>
    <property name="java.vendor.url" value="http://java.oracle.com/"/>
    <property name="user.timezone" value="Europe/Paris"/>
    <property name="java.vm.specification.version" value="11"/>
    <property name="os.name" value="Windows 10"/>
    <property name="sun.java.launcher" value="SUN_STANDARD"/>
    <property name="user.country" value="US"/>
    <property name="sun.boot.library.path" value="C:\Program Files\Java\jdk-11.0.3\bin"/>
    <property name="sun.java.command" value="C:\Users\740722\AppData\Local\Temp\1\surefire10907547224390102521\surefirebooter-20231027184340622_3.jar C:\Users\740722\AppData\Local\Temp\1\surefire10907547224390102521 2023-10-27T18-43-38_617-jvmRun1 surefire-20231027184340622_1tmp surefire_0-20231027184340622_2tmp"/>
    <property name="jdk.debug" value="release"/>
    <property name="surefire.test.class.path" value="C:\Users\740722\IdeaProjects\Warriors\target\test-classes;C:\Users\740722\IdeaProjects\Warriors\target\classes;C:\Users\740722\.m2\repository\org\seleniumhq\selenium\selenium-java\4.13.0\selenium-java-4.13.0.jar;C:\Users\740722\.m2\repository\org\seleniumhq\selenium\selenium-api\4.13.0\selenium-api-4.13.0.jar;C:\Users\740722\.m2\repository\org\seleniumhq\selenium\selenium-chrome-driver\4.13.0\selenium-chrome-driver-4.13.0.jar;C:\Users\740722\.m2\repository\com\google\auto\service\auto-service-annotations\1.1.1\auto-service-annotations-1.1.1.jar;C:\Users\740722\.m2\repository\com\google\guava\guava\32.1.2-jre\guava-32.1.2-jre.jar;C:\Users\740722\.m2\repository\com\google\guava\failureaccess\1.0.1\failureaccess-1.0.1.jar;C:\Users\740722\.m2\repository\com\google\guava\listenablefuture\9999.0-empty-to-avoid-conflict-with-guava\listenablefuture-9999.0-empty-to-avoid-conflict-with-guava.jar;C:\Users\740722\.m2\repository\com\google\code\findbugs\jsr305\3.0.2\jsr305-3.0.2.jar;C:\Users\740722\.m2\repository\org\checkerframework\checker-qual\3.33.0\checker-qual-3.33.0.jar;C:\Users\740722\.m2\repository\com\google\errorprone\error_prone_annotations\2.18.0\error_prone_annotations-2.18.0.jar;C:\Users\740722\.m2\repository\com\google\j2objc\j2objc-annotations\2.8\j2objc-annotations-2.8.jar;C:\Users\740722\.m2\repository\org\seleniumhq\selenium\selenium-chromium-driver\4.13.0\selenium-chromium-driver-4.13.0.jar;C:\Users\740722\.m2\repository\org\seleniumhq\selenium\selenium-json\4.13.0\selenium-json-4.13.0.jar;C:\Users\740722\.m2\repository\org\seleniumhq\selenium\selenium-manager\4.13.0\selenium-manager-4.13.0.jar;C:\Users\740722\.m2\repository\org\seleniumhq\selenium\selenium-devtools-v115\4.13.0\selenium-devtools-v115-4.13.0.jar;C:\Users\740722\.m2\repository\org\seleniumhq\selenium\selenium-devtools-v116\4.13.0\selenium-devtools-v116-4.13.0.jar;C:\Users\740722\.m2\repository\org\seleniumhq\selenium\selenium-devtools-v117\4.13.0\selenium-devtools-v117-4.13.0.jar;C:\Users\740722\.m2\repository\org\seleniumhq\selenium\selenium-devtools-v85\4.13.0\selenium-devtools-v85-4.13.0.jar;C:\Users\740722\.m2\repository\org\seleniumhq\selenium\selenium-edge-driver\4.13.0\selenium-edge-driver-4.13.0.jar;C:\Users\740722\.m2\repository\org\seleniumhq\selenium\selenium-firefox-driver\4.13.0\selenium-firefox-driver-4.13.0.jar;C:\Users\740722\.m2\repository\org\seleniumhq\selenium\selenium-http\4.13.0\selenium-http-4.13.0.jar;C:\Users\740722\.m2\repository\dev\failsafe\failsafe\3.3.2\failsafe-3.3.2.jar;C:\Users\740722\.m2\repository\org\seleniumhq\selenium\selenium-ie-driver\4.13.0\selenium-ie-driver-4.13.0.jar;C:\Users\740722\.m2\repository\org\seleniumhq\selenium\selenium-remote-driver\4.13.0\selenium-remote-driver-4.13.0.jar;C:\Users\740722\.m2\repository\io\netty\netty-buffer\4.1.96.Final\netty-buffer-4.1.96.Final.jar;C:\Users\740722\.m2\repository\io\netty\netty-codec-http\4.1.96.Final\netty-codec-http-4.1.96.Final.jar;C:\Users\740722\.m2\repository\io\netty\netty-codec\4.1.96.Final\netty-codec-4.1.96.Final.jar;C:\Users\740722\.m2\repository\io\netty\netty-handler\4.1.96.Final\netty-handler-4.1.96.Final.jar;C:\Users\740722\.m2\repository\io\netty\netty-common\4.1.96.Final\netty-common-4.1.96.Final.jar;C:\Users\740722\.m2\repository\io\netty\netty-transport-classes-epoll\4.1.96.Final\netty-transport-classes-epoll-4.1.96.Final.jar;C:\Users\740722\.m2\repository\io\netty\netty-transport-classes-kqueue\4.1.96.Final\netty-transport-classes-kqueue-4.1.96.Final.jar;C:\Users\740722\.m2\repository\io\netty\netty-transport-native-epoll\4.1.96.Final\netty-transport-native-epoll-4.1.96.Final.jar;C:\Users\740722\.m2\repository\io\netty\netty-transport-native-kqueue\4.1.96.Final\netty-transport-native-kqueue-4.1.96.Final.jar;C:\Users\740722\.m2\repository\io\netty\netty-transport-native-unix-common\4.1.96.Final\netty-transport-native-unix-common-4.1.96.Final.jar;C:\Users\740722\.m2\repository\io\netty\netty-transport\4.1.96.Final\netty-transport-4.1.96.Final.jar;C:\Users\740722\.m2\repository\io\netty\netty-resolver\4.1.96.Final\netty-resolver-4.1.96.Final.jar;C:\Users\740722\.m2\repository\io\opentelemetry\opentelemetry-api\1.28.0\opentelemetry-api-1.28.0.jar;C:\Users\740722\.m2\repository\io\opentelemetry\opentelemetry-context\1.28.0\opentelemetry-context-1.28.0.jar;C:\Users\740722\.m2\repository\io\opentelemetry\opentelemetry-exporter-logging\1.28.0\opentelemetry-exporter-logging-1.28.0.jar;C:\Users\740722\.m2\repository\io\opentelemetry\opentelemetry-sdk-metrics\1.28.0\opentelemetry-sdk-metrics-1.28.0.jar;C:\Users\740722\.m2\repository\io\opentelemetry\opentelemetry-extension-incubator\1.28.0-alpha\opentelemetry-extension-incubator-1.28.0-alpha.jar;C:\Users\740722\.m2\repository\io\opentelemetry\opentelemetry-sdk-logs\1.28.0\opentelemetry-sdk-logs-1.28.0.jar;C:\Users\740722\.m2\repository\io\opentelemetry\opentelemetry-sdk-common\1.28.0\opentelemetry-sdk-common-1.28.0.jar;C:\Users\740722\.m2\repository\io\opentelemetry\opentelemetry-sdk-extension-autoconfigure-spi\1.28.0\opentelemetry-sdk-extension-autoconfigure-spi-1.28.0.jar;C:\Users\740722\.m2\repository\io\opentelemetry\opentelemetry-sdk-extension-autoconfigure\1.28.0\opentelemetry-sdk-extension-autoconfigure-1.28.0.jar;C:\Users\740722\.m2\repository\io\opentelemetry\opentelemetry-api-events\1.28.0-alpha\opentelemetry-api-events-1.28.0-alpha.jar;C:\Users\740722\.m2\repository\io\opentelemetry\opentelemetry-sdk-trace\1.28.0\opentelemetry-sdk-trace-1.28.0.jar;C:\Users\740722\.m2\repository\io\opentelemetry\opentelemetry-sdk\1.28.0\opentelemetry-sdk-1.28.0.jar;C:\Users\740722\.m2\repository\io\opentelemetry\opentelemetry-semconv\1.28.0-alpha\opentelemetry-semconv-1.28.0-alpha.jar;C:\Users\740722\.m2\repository\net\bytebuddy\byte-buddy\1.14.5\byte-buddy-1.14.5.jar;C:\Users\740722\.m2\repository\org\asynchttpclient\async-http-client\2.12.3\async-http-client-2.12.3.jar;C:\Users\740722\.m2\repository\org\asynchttpclient\async-http-client-netty-utils\2.12.3\async-http-client-netty-utils-2.12.3.jar;C:\Users\740722\.m2\repository\io\netty\netty-codec-socks\4.1.60.Final\netty-codec-socks-4.1.60.Final.jar;C:\Users\740722\.m2\repository\io\netty\netty-handler-proxy\4.1.60.Final\netty-handler-proxy-4.1.60.Final.jar;C:\Users\740722\.m2\repository\io\netty\netty-transport-native-epoll\4.1.60.Final\netty-transport-native-epoll-4.1.60.Final-linux-x86_64.jar;C:\Users\740722\.m2\repository\io\netty\netty-transport-native-kqueue\4.1.60.Final\netty-transport-native-kqueue-4.1.60.Final-osx-x86_64.jar;C:\Users\740722\.m2\repository\com\typesafe\netty\netty-reactive-streams\2.0.4\netty-reactive-streams-2.0.4.jar;C:\Users\740722\.m2\repository\org\seleniumhq\selenium\selenium-os\4.13.0\selenium-os-4.13.0.jar;C:\Users\740722\.m2\repository\org\seleniumhq\selenium\selenium-safari-driver\4.13.0\selenium-safari-driver-4.13.0.jar;C:\Users\740722\.m2\repository\org\seleniumhq\selenium\selenium-support\4.13.0\selenium-support-4.13.0.jar;C:\Users\740722\.m2\repository\io\github\bonigarcia\webdrivermanager\5.5.3\webdrivermanager-5.5.3.jar;C:\Users\740722\.m2\repository\com\github\docker-java\docker-java\3.3.3\docker-java-3.3.3.jar;C:\Users\740722\.m2\repository\com\github\docker-java\docker-java-core\3.3.3\docker-java-core-3.3.3.jar;C:\Users\740722\.m2\repository\com\github\docker-java\docker-java-api\3.3.3\docker-java-api-3.3.3.jar;C:\Users\740722\.m2\repository\org\bouncycastle\bcpkix-jdk18on\1.75\bcpkix-jdk18on-1.75.jar;C:\Users\740722\.m2\repository\org\bouncycastle\bcprov-jdk18on\1.75\bcprov-jdk18on-1.75.jar;C:\Users\740722\.m2\repository\org\bouncycastle\bcutil-jdk18on\1.75\bcutil-jdk18on-1.75.jar;C:\Users\740722\.m2\repository\org\slf4j\jcl-over-slf4j\1.7.30\jcl-over-slf4j-1.7.30.jar;C:\Users\740722\.m2\repository\com\github\docker-java\docker-java-transport-httpclient5\3.3.3\docker-java-transport-httpclient5-3.3.3.jar;C:\Users\740722\.m2\repository\com\github\docker-java\docker-java-transport\3.3.3\docker-java-transport-3.3.3.jar;C:\Users\740722\.m2\repository\net\java\dev\jna\jna\5.12.1\jna-5.12.1.jar;C:\Users\740722\.m2\repository\org\brotli\dec\0.1.2\dec-0.1.2.jar;C:\Users\740722\.m2\repository\org\apache\commons\commons-lang3\3.13.0\commons-lang3-3.13.0.jar;C:\Users\740722\.m2\repository\org\apache\httpcomponents\client5\httpclient5\5.2.1\httpclient5-5.2.1.jar;C:\Users\740722\.m2\repository\org\apache\httpcomponents\core5\httpcore5\5.2\httpcore5-5.2.jar;C:\Users\740722\.m2\repository\org\apache\httpcomponents\core5\httpcore5-h2\5.2\httpcore5-h2-5.2.jar;C:\Users\740722\.m2\repository\org\testng\testng\7.4.0\testng-7.4.0.jar;C:\Users\740722\.m2\repository\com\beust\jcommander\1.78\jcommander-1.78.jar;C:\Users\740722\.m2\repository\org\webjars\jquery\3.5.1\jquery-3.5.1.jar;C:\Users\740722\.m2\repository\io\rest-assured\rest-assured\4.3.3\rest-assured-4.3.3.jar;C:\Users\740722\.m2\repository\org\codehaus\groovy\groovy\3.0.7\groovy-3.0.7.jar;C:\Users\740722\.m2\repository\org\codehaus\groovy\groovy-xml\3.0.7\groovy-xml-3.0.7.jar;C:\Users\740722\.m2\repository\org\apache\httpcomponents\httpclient\4.5.3\httpclient-4.5.3.jar;C:\Users\740722\.m2\repository\org\apache\httpcomponents\httpcore\4.4.6\httpcore-4.4.6.jar;C:\Users\740722\.m2\repository\org\apache\httpcomponents\httpmime\4.5.3\httpmime-4.5.3.jar;C:\Users\740722\.m2\repository\org\hamcrest\hamcrest\2.1\hamcrest-2.1.jar;C:\Users\740722\.m2\repository\org\ccil\cowan\tagsoup\tagsoup\1.2.1\tagsoup-1.2.1.jar;C:\Users\740722\.m2\repository\io\rest-assured\json-path\4.3.3\json-path-4.3.3.jar;C:\Users\740722\.m2\repository\org\codehaus\groovy\groovy-json\3.0.7\groovy-json-3.0.7.jar;C:\Users\740722\.m2\repository\io\rest-assured\rest-assured-common\4.3.3\rest-assured-common-4.3.3.jar;C:\Users\740722\.m2\repository\io\rest-assured\xml-path\4.3.3\xml-path-4.3.3.jar;C:\Users\740722\.m2\repository\jakarta\xml\bind\jakarta.xml.bind-api\2.3.3\jakarta.xml.bind-api-2.3.3.jar;C:\Users\740722\.m2\repository\jakarta\activation\jakarta.activation-api\1.2.2\jakarta.activation-api-1.2.2.jar;C:\Users\740722\.m2\repository\com\sun\xml\bind\jaxb-impl\2.3.3\jaxb-impl-2.3.3.jar;C:\Users\740722\.m2\repository\org\apache\pdfbox\pdfbox\2.0.28\pdfbox-2.0.28.jar;C:\Users\740722\.m2\repository\org\apache\pdfbox\fontbox\2.0.28\fontbox-2.0.28.jar;C:\Users\740722\.m2\repository\commons-logging\commons-logging\1.2\commons-logging-1.2.jar;C:\Users\740722\.m2\repository\org\projectlombok\lombok\1.18.26\lombok-1.18.26.jar;C:\Users\740722\.m2\repository\com\github\javafaker\javafaker\1.0.2\javafaker-1.0.2.jar;C:\Users\740722\.m2\repository\org\yaml\snakeyaml\1.23\snakeyaml-1.23-android.jar;C:\Users\740722\.m2\repository\com\github\mifmif\generex\1.0.2\generex-1.0.2.jar;C:\Users\740722\.m2\repository\dk\brics\automaton\automaton\1.11-8\automaton-1.11-8.jar;C:\Users\740722\.m2\repository\com\googlecode\json-simple\json-simple\1.1\json-simple-1.1.jar;C:\Users\740722\.m2\repository\ch\qos\logback\logback-classic\1.4.8\logback-classic-1.4.8.jar;C:\Users\740722\.m2\repository\ch\qos\logback\logback-core\1.4.8\logback-core-1.4.8.jar;C:\Users\740722\.m2\repository\org\slf4j\slf4j-api\2.0.7\slf4j-api-2.0.7.jar;C:\Users\740722\.m2\repository\org\apache\logging\log4j\log4j-core\2.17.2\log4j-core-2.17.2.jar;C:\Users\740722\.m2\repository\org\apache\logging\log4j\log4j-api\2.17.2\log4j-api-2.17.2.jar;C:\Users\740722\.m2\repository\org\apache\poi\poi-ooxml\5.2.3\poi-ooxml-5.2.3.jar;C:\Users\740722\.m2\repository\org\apache\poi\poi\5.2.3\poi-5.2.3.jar;C:\Users\740722\.m2\repository\org\apache\commons\commons-math3\3.6.1\commons-math3-3.6.1.jar;C:\Users\740722\.m2\repository\com\zaxxer\SparseBitSet\1.2\SparseBitSet-1.2.jar;C:\Users\740722\.m2\repository\org\apache\poi\poi-ooxml-lite\5.2.3\poi-ooxml-lite-5.2.3.jar;C:\Users\740722\.m2\repository\org\apache\xmlbeans\xmlbeans\5.1.1\xmlbeans-5.1.1.jar;C:\Users\740722\.m2\repository\org\apache\commons\commons-compress\1.21\commons-compress-1.21.jar;C:\Users\740722\.m2\repository\commons-io\commons-io\2.11.0\commons-io-2.11.0.jar;C:\Users\740722\.m2\repository\com\github\virtuald\curvesapi\1.07\curvesapi-1.07.jar;C:\Users\740722\.m2\repository\org\apache\commons\commons-collections4\4.4\commons-collections4-4.4.jar;C:\Users\740722\.m2\repository\com\opencsv\opencsv\5.7.1\opencsv-5.7.1.jar;C:\Users\740722\.m2\repository\org\apache\commons\commons-text\1.10.0\commons-text-1.10.0.jar;C:\Users\740722\.m2\repository\commons-beanutils\commons-beanutils\1.9.4\commons-beanutils-1.9.4.jar;C:\Users\740722\.m2\repository\commons-collections\commons-collections\3.2.2\commons-collections-3.2.2.jar;C:\Users\740722\.m2\repository\io\ebean\ebean\13.9.1\ebean-13.9.1.jar;C:\Users\740722\.m2\repository\io\ebean\ebean-api\13.9.1\ebean-api-13.9.1.jar;C:\Users\740722\.m2\repository\io\avaje\avaje-applog\1.0\avaje-applog-1.0.jar;C:\Users\740722\.m2\repository\io\avaje\avaje-applog-slf4j\1.0\avaje-applog-slf4j-1.0.jar;C:\Users\740722\.m2\repository\io\avaje\avaje-config\2.2\avaje-config-2.2.jar;C:\Users\740722\.m2\repository\io\avaje\avaje-lang\1.1\avaje-lang-1.1.jar;C:\Users\740722\.m2\repository\io\ebean\persistence-api\3.0\persistence-api-3.0.jar;C:\Users\740722\.m2\repository\io\ebean\ebean-annotation\8.2\ebean-annotation-8.2.jar;C:\Users\740722\.m2\repository\io\ebean\ebean-types\3.0\ebean-types-3.0.jar;C:\Users\740722\.m2\repository\io\ebean\ebean-datasource-api\8.2\ebean-datasource-api-8.2.jar;C:\Users\740722\.m2\repository\io\ebean\ebean-core\13.9.1\ebean-core-13.9.1.jar;C:\Users\740722\.m2\repository\io\ebean\ebean-ddl-runner\2.2\ebean-ddl-runner-2.2.jar;C:\Users\740722\.m2\repository\io\avaje\classpath-scanner\7.1\classpath-scanner-7.1.jar;C:\Users\740722\.m2\repository\io\avaje\classpath-scanner-api\7.1\classpath-scanner-api-7.1.jar;C:\Users\740722\.m2\repository\io\ebean\ebean-migration-auto\1.2\ebean-migration-auto-1.2.jar;C:\Users\740722\.m2\repository\io\ebean\ebean-core-type\13.9.1\ebean-core-type-13.9.1.jar;C:\Users\740722\.m2\repository\io\ebean\ebean-externalmapping-api\13.9.1\ebean-externalmapping-api-13.9.1.jar;C:\Users\740722\.m2\repository\org\antlr\antlr4-runtime\4.8-1\antlr4-runtime-4.8-1.jar;C:\Users\740722\.m2\repository\io\ebean\ebean-joda-time\13.9.1\ebean-joda-time-13.9.1.jar;C:\Users\740722\.m2\repository\io\ebean\ebean-datasource\8.2\ebean-datasource-8.2.jar;C:\Users\740722\.m2\repository\io\ebean\ebean-querybean\13.9.1\ebean-querybean-13.9.1.jar;C:\Users\740722\.m2\repository\io\ebean\ebean-platform-all\13.9.1\ebean-platform-all-13.9.1.jar;C:\Users\740722\.m2\repository\io\ebean\ebean-platform-clickhouse\13.9.1\ebean-platform-clickhouse-13.9.1.jar;C:\Users\740722\.m2\repository\io\ebean\ebean-platform-db2\13.9.1\ebean-platform-db2-13.9.1.jar;C:\Users\740722\.m2\repository\io\ebean\ebean-platform-hana\13.9.1\ebean-platform-hana-13.9.1.jar;C:\Users\740722\.m2\repository\io\ebean\ebean-platform-hsqldb\13.9.1\ebean-platform-hsqldb-13.9.1.jar;C:\Users\740722\.m2\repository\io\ebean\ebean-platform-mysql\13.9.1\ebean-platform-mysql-13.9.1.jar;C:\Users\740722\.m2\repository\io\ebean\ebean-platform-mariadb\13.9.1\ebean-platform-mariadb-13.9.1.jar;C:\Users\740722\.m2\repository\io\ebean\ebean-platform-nuodb\13.9.1\ebean-platform-nuodb-13.9.1.jar;C:\Users\740722\.m2\repository\io\ebean\ebean-platform-oracle\13.9.1\ebean-platform-oracle-13.9.1.jar;C:\Users\740722\.m2\repository\io\ebean\ebean-platform-postgres\13.9.1\ebean-platform-postgres-13.9.1.jar;C:\Users\740722\.m2\repository\io\ebean\ebean-platform-sqlanywhere\13.9.1\ebean-platform-sqlanywhere-13.9.1.jar;C:\Users\740722\.m2\repository\io\ebean\ebean-platform-sqlite\13.9.1\ebean-platform-sqlite-13.9.1.jar;C:\Users\740722\.m2\repository\io\ebean\ebean-platform-sqlserver\13.9.1\ebean-platform-sqlserver-13.9.1.jar;C:\Users\740722\.m2\repository\io\ebean\ebean-test\13.6.5\ebean-test-13.6.5.jar;C:\Users\740722\.m2\repository\io\ebean\ebean-platform-h2\13.6.5\ebean-platform-h2-13.6.5.jar;C:\Users\740722\.m2\repository\io\ebean\ebean-ddl-generator\13.6.5\ebean-ddl-generator-13.6.5.jar;C:\Users\740722\.m2\repository\io\ebean\ebean-migration\13.6.0\ebean-migration-13.6.0.jar;C:\Users\740722\.m2\repository\io\ebean\ebean-test-containers\6.2\ebean-test-containers-6.2.jar;C:\Users\740722\.m2\repository\org\assertj\assertj-core\3.22.0\assertj-core-3.22.0.jar;C:\Users\740722\.m2\repository\org\glassfish\jaxb\jaxb-runtime\2.3.6\jaxb-runtime-2.3.6.jar;C:\Users\740722\.m2\repository\org\glassfish\jaxb\txw2\2.3.6\txw2-2.3.6.jar;C:\Users\740722\.m2\repository\com\sun\istack\istack-commons-runtime\3.0.12\istack-commons-runtime-3.0.12.jar;C:\Users\740722\.m2\repository\com\sun\activation\jakarta.activation\1.2.2\jakarta.activation-1.2.2.jar;C:\Users\740722\.m2\repository\com\h2database\h2\2.1.212\h2-2.1.212.jar;C:\Users\740722\.m2\repository\io\ebean\querybean-generator\13.20.1\querybean-generator-13.20.1.jar;C:\Users\740722\.m2\repository\com\oracle\database\jdbc\ojdbc10\19.19.0.0\ojdbc10-19.19.0.0.jar;C:\Users\740722\.m2\repository\com\aventstack\extentreports\5.0.9\extentreports-5.0.9.jar;C:\Users\740722\.m2\repository\io\reactivex\rxjava3\rxjava\3.0.4\rxjava-3.0.4.jar;C:\Users\740722\.m2\repository\org\reactivestreams\reactive-streams\1.0.3\reactive-streams-1.0.3.jar;C:\Users\740722\.m2\repository\org\freemarker\freemarker\2.3.30\freemarker-2.3.30.jar;C:\Users\740722\.m2\repository\io\qameta\allure\allure-maven\2.8\allure-maven-2.8.jar;C:\Users\740722\.m2\repository\org\apache\maven\maven-core\3.3.9\maven-core-3.3.9.jar;C:\Users\740722\.m2\repository\org\apache\maven\maven-model\3.3.9\maven-model-3.3.9.jar;C:\Users\740722\.m2\repository\org\apache\maven\maven-settings\3.3.9\maven-settings-3.3.9.jar;C:\Users\740722\.m2\repository\org\apache\maven\maven-settings-builder\3.3.9\maven-settings-builder-3.3.9.jar;C:\Users\740722\.m2\repository\org\apache\maven\maven-builder-support\3.3.9\maven-builder-support-3.3.9.jar;C:\Users\740722\.m2\repository\org\apache\maven\maven-repository-metadata\3.3.9\maven-repository-metadata-3.3.9.jar;C:\Users\740722\.m2\repository\org\apache\maven\maven-artifact\3.3.9\maven-artifact-3.3.9.jar;C:\Users\740722\.m2\repository\org\apache\maven\maven-model-builder\3.3.9\maven-model-builder-3.3.9.jar;C:\Users\740722\.m2\repository\org\apache\maven\maven-aether-provider\3.3.9\maven-aether-provider-3.3.9.jar;C:\Users\740722\.m2\repository\org\eclipse\aether\aether-spi\1.0.2.v20150114\aether-spi-1.0.2.v20150114.jar;C:\Users\740722\.m2\repository\org\eclipse\aether\aether-impl\1.0.2.v20150114\aether-impl-1.0.2.v20150114.jar;C:\Users\740722\.m2\repository\org\eclipse\aether\aether-api\1.0.2.v20150114\aether-api-1.0.2.v20150114.jar;C:\Users\740722\.m2\repository\org\eclipse\aether\aether-util\1.0.2.v20150114\aether-util-1.0.2.v20150114.jar;C:\Users\740722\.m2\repository\org\eclipse\sisu\org.eclipse.sisu.plexus\0.3.2\org.eclipse.sisu.plexus-0.3.2.jar;C:\Users\740722\.m2\repository\javax\enterprise\cdi-api\1.0\cdi-api-1.0.jar;C:\Users\740722\.m2\repository\javax\annotation\jsr250-api\1.0\jsr250-api-1.0.jar;C:\Users\740722\.m2\repository\org\eclipse\sisu\org.eclipse.sisu.inject\0.3.2\org.eclipse.sisu.inject-0.3.2.jar;C:\Users\740722\.m2\repository\com\google\inject\guice\4.0\guice-4.0-no_aop.jar;C:\Users\740722\.m2\repository\javax\inject\javax.inject\1\javax.inject-1.jar;C:\Users\740722\.m2\repository\aopalliance\aopalliance\1.0\aopalliance-1.0.jar;C:\Users\740722\.m2\repository\org\codehaus\plexus\plexus-interpolation\1.21\plexus-interpolation-1.21.jar;C:\Users\740722\.m2\repository\org\codehaus\plexus\plexus-classworlds\2.5.2\plexus-classworlds-2.5.2.jar;C:\Users\740722\.m2\repository\org\codehaus\plexus\plexus-component-annotations\1.6\plexus-component-annotations-1.6.jar;C:\Users\740722\.m2\repository\org\sonatype\plexus\plexus-sec-dispatcher\1.3\plexus-sec-dispatcher-1.3.jar;C:\Users\740722\.m2\repository\org\sonatype\plexus\plexus-cipher\1.4\plexus-cipher-1.4.jar;C:\Users\740722\.m2\repository\org\apache\maven\reporting\maven-reporting-impl\2.4\maven-reporting-impl-2.4.jar;C:\Users\740722\.m2\repository\org\apache\maven\maven-project\2.2.1\maven-project-2.2.1.jar;C:\Users\740722\.m2\repository\org\apache\maven\maven-profile\2.2.1\maven-profile-2.2.1.jar;C:\Users\740722\.m2\repository\org\apache\maven\maven-artifact-manager\2.2.1\maven-artifact-manager-2.2.1.jar;C:\Users\740722\.m2\repository\backport-util-concurrent\backport-util-concurrent\3.1\backport-util-concurrent-3.1.jar;C:\Users\740722\.m2\repository\org\apache\maven\maven-plugin-registry\2.2.1\maven-plugin-registry-2.2.1.jar;C:\Users\740722\.m2\repository\org\codehaus\plexus\plexus-container-default\1.0-alpha-9-stable-1\plexus-container-default-1.0-alpha-9-stable-1.jar;C:\Users\740722\.m2\repository\classworlds\classworlds\1.1-alpha-2\classworlds-1.1-alpha-2.jar;C:\Users\740722\.m2\repository\org\apache\maven\shared\maven-shared-utils\0.6\maven-shared-utils-0.6.jar;C:\Users\740722\.m2\repository\org\apache\maven\doxia\doxia-sink-api\1.6\doxia-sink-api-1.6.jar;C:\Users\740722\.m2\repository\org\apache\maven\doxia\doxia-logging-api\1.6\doxia-logging-api-1.6.jar;C:\Users\740722\.m2\repository\org\apache\maven\doxia\doxia-core\1.6\doxia-core-1.6.jar;C:\Users\740722\.m2\repository\xerces\xercesImpl\2.9.1\xercesImpl-2.9.1.jar;C:\Users\740722\.m2\repository\commons-lang\commons-lang\2.4\commons-lang-2.4.jar;C:\Users\740722\.m2\repository\xmlunit\xmlunit\1.5\xmlunit-1.5.jar;C:\Users\740722\.m2\repository\org\apache\maven\doxia\doxia-site-renderer\1.6\doxia-site-renderer-1.6.jar;C:\Users\740722\.m2\repository\org\apache\maven\doxia\doxia-decoration-model\1.6\doxia-decoration-model-1.6.jar;C:\Users\740722\.m2\repository\org\apache\maven\doxia\doxia-module-xhtml\1.6\doxia-module-xhtml-1.6.jar;C:\Users\740722\.m2\repository\org\apache\maven\doxia\doxia-module-fml\1.6\doxia-module-fml-1.6.jar;C:\Users\740722\.m2\repository\org\codehaus\plexus\plexus-i18n\1.0-beta-7\plexus-i18n-1.0-beta-7.jar;C:\Users\740722\.m2\repository\org\codehaus\plexus\plexus-velocity\1.1.7\plexus-velocity-1.1.7.jar;C:\Users\740722\.m2\repository\org\apache\velocity\velocity-tools\2.0\velocity-tools-2.0.jar;C:\Users\740722\.m2\repository\commons-chain\commons-chain\1.1\commons-chain-1.1.jar;C:\Users\740722\.m2\repository\dom4j\dom4j\1.1\dom4j-1.1.jar;C:\Users\740722\.m2\repository\sslext\sslext\1.2-0\sslext-1.2-0.jar;C:\Users\740722\.m2\repository\org\apache\struts\struts-core\1.3.8\struts-core-1.3.8.jar;C:\Users\740722\.m2\repository\antlr\antlr\2.7.2\antlr-2.7.2.jar;C:\Users\740722\.m2\repository\org\apache\struts\struts-taglib\1.3.8\struts-taglib-1.3.8.jar;C:\Users\740722\.m2\repository\org\apache\struts\struts-tiles\1.3.8\struts-tiles-1.3.8.jar;C:\Users\740722\.m2\repository\commons-validator\commons-validator\1.4.1\commons-validator-1.4.1.jar;C:\Users\740722\.m2\repository\commons-digester\commons-digester\1.8.1\commons-digester-1.8.1.jar;C:\Users\740722\.m2\repository\net\lingala\zip4j\zip4j\1.3.2\zip4j-1.3.2.jar;C:\Users\740722\.m2\repository\org\apache\commons\commons-exec\1.3\commons-exec-1.3.jar;C:\Users\740722\.m2\repository\org\apache\maven\plugin-tools\maven-plugin-annotations\3.2\maven-plugin-annotations-3.2.jar;C:\Users\740722\.m2\repository\org\apache\maven\plugins\maven-jxr-plugin\2.5\maven-jxr-plugin-2.5.jar;C:\Users\740722\.m2\repository\org\apache\velocity\velocity\1.5\velocity-1.5.jar;C:\Users\740722\.m2\repository\oro\oro\2.0.8\oro-2.0.8.jar;C:\Users\740722\.m2\repository\org\apache\maven\maven-jxr\2.5\maven-jxr-2.5.jar;C:\Users\740722\.m2\repository\org\apache\maven\wagon\wagon-provider-api\1.0\wagon-provider-api-1.0.jar;C:\Users\740722\.m2\repository\xalan\xalan\2.7.0\xalan-2.7.0.jar;C:\Users\740722\.m2\repository\org\apache\commons\commons-email\1.5\commons-email-1.5.jar;C:\Users\740722\.m2\repository\com\sun\mail\javax.mail\1.5.6\javax.mail-1.5.6.jar;C:\Users\740722\.m2\repository\javax\activation\activation\1.1\activation-1.1.jar;C:\Users\740722\.m2\repository\javax\mail\javax.mail-api\1.6.2\javax.mail-api-1.6.2.jar;C:\Users\740722\.m2\repository\com\github\wnameless\json\json-flattener\0.16.4\json-flattener-0.16.4.jar;C:\Users\740722\.m2\repository\com\fasterxml\jackson\core\jackson-databind\2.14.1\jackson-databind-2.14.1.jar;C:\Users\740722\.m2\repository\com\fasterxml\jackson\core\jackson-annotations\2.14.1\jackson-annotations-2.14.1.jar;C:\Users\740722\.m2\repository\com\fasterxml\jackson\core\jackson-core\2.14.1\jackson-core-2.14.1.jar;C:\Users\740722\.m2\repository\com\github\wnameless\json\json-base\2.4.0\json-base-2.4.0.jar;C:\Users\740722\.m2\repository\org\yaml\snakeyaml\2.0\snakeyaml-2.0.jar;C:\Users\740722\.m2\repository\com\google\code\gson\gson\2.10.1\gson-2.10.1.jar;C:\Users\740722\.m2\repository\org\apache\maven\plugins\maven-failsafe-plugin\3.1.2\maven-failsafe-plugin-3.1.2.jar;C:\Users\740722\.m2\repository\org\apache\maven\surefire\maven-surefire-common\3.1.2\maven-surefire-common-3.1.2.jar;C:\Users\740722\.m2\repository\org\apache\maven\surefire\surefire-api\3.1.2\surefire-api-3.1.2.jar;C:\Users\740722\.m2\repository\org\apache\maven\surefire\surefire-logger-api\3.1.2\surefire-logger-api-3.1.2.jar;C:\Users\740722\.m2\repository\org\apache\maven\surefire\surefire-extensions-api\3.1.2\surefire-extensions-api-3.1.2.jar;C:\Users\740722\.m2\repository\org\apache\maven\surefire\surefire-booter\3.1.2\surefire-booter-3.1.2.jar;C:\Users\740722\.m2\repository\org\apache\maven\surefire\surefire-extensions-spi\3.1.2\surefire-extensions-spi-3.1.2.jar;C:\Users\740722\.m2\repository\org\apache\maven\shared\maven-common-artifact-filters\3.1.1\maven-common-artifact-filters-3.1.1.jar;C:\Users\740722\.m2\repository\org\codehaus\plexus\plexus-java\1.1.2\plexus-java-1.1.2.jar;C:\Users\740722\.m2\repository\org\ow2\asm\asm\9.4\asm-9.4.jar;C:\Users\740722\.m2\repository\com\thoughtworks\qdox\qdox\2.0.3\qdox-2.0.3.jar;C:\Users\740722\.m2\repository\org\apache\maven\surefire\surefire-shared-utils\3.1.2\surefire-shared-utils-3.1.2.jar;C:\Users\740722\.m2\repository\io\cucumber\cucumber-testng\7.13.0\cucumber-testng-7.13.0.jar;C:\Users\740722\.m2\repository\org\apiguardian\apiguardian-api\1.1.2\apiguardian-api-1.1.2.jar;C:\Users\740722\.m2\repository\io\cucumber\cucumber-core\7.13.0\cucumber-core-7.13.0.jar;C:\Users\740722\.m2\repository\io\cucumber\cucumber-gherkin\7.13.0\cucumber-gherkin-7.13.0.jar;C:\Users\740722\.m2\repository\io\cucumber\cucumber-gherkin-messages\7.13.0\cucumber-gherkin-messages-7.13.0.jar;C:\Users\740722\.m2\repository\io\cucumber\gherkin\26.2.0\gherkin-26.2.0.jar;C:\Users\740722\.m2\repository\io\cucumber\messages\22.0.0\messages-22.0.0.jar;C:\Users\740722\.m2\repository\io\cucumber\tag-expressions\5.0.1\tag-expressions-5.0.1.jar;C:\Users\740722\.m2\repository\io\cucumber\cucumber-expressions\16.1.2\cucumber-expressions-16.1.2.jar;C:\Users\740722\.m2\repository\io\cucumber\datatable\7.13.0\datatable-7.13.0.jar;C:\Users\740722\.m2\repository\io\cucumber\cucumber-plugin\7.13.0\cucumber-plugin-7.13.0.jar;C:\Users\740722\.m2\repository\io\cucumber\docstring\7.13.0\docstring-7.13.0.jar;C:\Users\740722\.m2\repository\io\cucumber\html-formatter\20.3.1\html-formatter-20.3.1.jar;C:\Users\740722\.m2\repository\io\cucumber\junit-xml-formatter\0.2.0\junit-xml-formatter-0.2.0.jar;C:\Users\740722\.m2\repository\io\cucumber\ci-environment\9.2.0\ci-environment-9.2.0.jar;C:\Users\740722\.m2\repository\com\github\mkolisnyk\cucumber-runner\1.3.5\cucumber-runner-1.3.5.jar;C:\Users\740722\.m2\repository\com\github\mkolisnyk\cucumber-report-generator\1.3.5\cucumber-report-generator-1.3.5.jar;C:\Users\740722\.m2\repository\xml-apis\xml-apis\1.4.01\xml-apis-1.4.01.jar;C:\Users\740722\.m2\repository\batik\batik-transcoder\1.6-1\batik-transcoder-1.6-1.jar;C:\Users\740722\.m2\repository\batik\batik-bridge\1.6-1\batik-bridge-1.6-1.jar;C:\Users\740722\.m2\repository\batik\batik-gvt\1.6-1\batik-gvt-1.6-1.jar;C:\Users\740722\.m2\repository\batik\batik-awt-util\1.6-1\batik-awt-util-1.6-1.jar;C:\Users\740722\.m2\repository\batik\batik-util\1.6-1\batik-util-1.6-1.jar;C:\Users\740722\.m2\repository\batik\batik-gui-util\1.6-1\batik-gui-util-1.6-1.jar;C:\Users\740722\.m2\repository\batik\batik-ext\1.6-1\batik-ext-1.6-1.jar;C:\Users\740722\.m2\repository\xml-apis\xmlParserAPIs\2.0.2\xmlParserAPIs-2.0.2.jar;C:\Users\740722\.m2\repository\batik\batik-script\1.6-1\batik-script-1.6-1.jar;C:\Users\740722\.m2\repository\rhino\js\1.5R4.1\js-1.5R4.1.jar;C:\Users\740722\.m2\repository\batik\batik-svg-dom\1.6-1\batik-svg-dom-1.6-1.jar;C:\Users\740722\.m2\repository\batik\batik-dom\1.6-1\batik-dom-1.6-1.jar;C:\Users\740722\.m2\repository\batik\batik-css\1.6-1\batik-css-1.6-1.jar;C:\Users\740722\.m2\repository\batik\batik-xml\1.6-1\batik-xml-1.6-1.jar;C:\Users\740722\.m2\repository\batik\batik-parser\1.6-1\batik-parser-1.6-1.jar;C:\Users\740722\.m2\repository\com\itextpdf\itextpdf\5.5.11\itextpdf-5.5.11.jar;C:\Users\740722\.m2\repository\com\cedarsoftware\json-io\4.9.12\json-io-4.9.12.jar;C:\Users\740722\.m2\repository\info\cukes\cucumber-junit\1.2.5\cucumber-junit-1.2.5.jar;C:\Users\740722\.m2\repository\info\cukes\cucumber-core\1.2.5\cucumber-core-1.2.5.jar;C:\Users\740722\.m2\repository\info\cukes\cucumber-html\0.2.3\cucumber-html-0.2.3.jar;C:\Users\740722\.m2\repository\info\cukes\cucumber-jvm-deps\1.0.5\cucumber-jvm-deps-1.0.5.jar;C:\Users\740722\.m2\repository\info\cukes\gherkin\2.12.2\gherkin-2.12.2.jar;C:\Users\740722\.m2\repository\info\cukes\cucumber-testng\1.2.5\cucumber-testng-1.2.5.jar;C:\Users\740722\.m2\repository\junit\junit\4.12\junit-4.12.jar;C:\Users\740722\.m2\repository\org\hamcrest\hamcrest-core\1.3\hamcrest-core-1.3.jar;C:\Users\740722\.m2\repository\org\xhtmlrenderer\flying-saucer-pdf\9.1.7\flying-saucer-pdf-9.1.7.jar;C:\Users\740722\.m2\repository\com\lowagie\itext\2.1.7\itext-2.1.7.jar;C:\Users\740722\.m2\repository\org\bouncycastle\bctsp-jdk14\1.38\bctsp-jdk14-1.38.jar;C:\Users\740722\.m2\repository\org\xhtmlrenderer\flying-saucer-core\9.1.7\flying-saucer-core-9.1.7.jar;C:\Users\740722\.m2\repository\commons-codec\commons-codec\1.10\commons-codec-1.10.jar;C:\Users\740722\.m2\repository\org\javassist\javassist\3.22.0-CR2\javassist-3.22.0-CR2.jar;C:\Users\740722\.m2\repository\joda-time\joda-time\2.9.9\joda-time-2.9.9.jar;C:\Users\740722\.m2\repository\org\codehaus\plexus\plexus-utils\3.0.1\plexus-utils-3.0.1.jar;C:\Users\740722\.m2\repository\org\apache\maven\maven-plugin-api\2.0\maven-plugin-api-2.0.jar;C:\Users\740722\.m2\repository\org\apache\maven\reporting\maven-reporting-api\2.0.8\maven-reporting-api-2.0.8.jar;C:\Users\740722\.m2\repository\io\cucumber\cucumber-java\7.13.0\cucumber-java-7.13.0.jar;C:\Users\740722\.m2\repository\com\deque\html\axe-core\selenium\4.7.0\selenium-4.7.0.jar;C:\Users\740722\.m2\repository\com\deque\html\axe-core\dequeutilites\4.7.0\dequeutilites-4.7.0.jar;C:\Users\740722\.m2\repository\org\jsoup\jsoup\1.16.1\jsoup-1.16.1.jar;C:\Users\740722\.m2\repository\us\codecraft\xsoup\0.3.7\xsoup-0.3.7.jar;"/>
    <property name="sun.cpu.endian" value="little"/>
    <property name="user.home" value="C:\Users\740722"/>
    <property name="user.language" value="en"/>
    <property name="java.specification.vendor" value="Oracle Corporation"/>
    <property name="java.version.date" value="2019-04-16"/>
    <property name="java.home" value="C:\Program Files\Java\jdk-11.0.3"/>
    <property name="file.separator" value="\"/>
    <property name="basedir" value="C:\Users\740722\IdeaProjects\Warriors"/>
    <property name="java.vm.compressedOopsMode" value="Zero based"/>
    <property name="line.separator" value="&#10;"/>
    <property name="java.specification.name" value="Java Platform API Specification"/>
    <property name="java.vm.specification.vendor" value="Oracle Corporation"/>
    <property name="java.awt.graphicsenv" value="sun.awt.Win32GraphicsEnvironment"/>
    <property name="surefire.real.class.path" value="C:\Users\740722\AppData\Local\Temp\1\surefire10907547224390102521\surefirebooter-20231027184340622_3.jar"/>
    <property name="user.script" value=""/>
    <property name="sun.management.compiler" value="HotSpot 64-Bit Tiered Compilers"/>
    <property name="java.runtime.version" value="11.0.3+12-LTS"/>
    <property name="user.name" value="740722"/>
    <property name="path.separator" value=";"/>
    <property name="otel.metrics.exporter" value="none"/>
    <property name="os.version" value="10.0"/>
    <property name="java.runtime.name" value="Java(TM) SE Runtime Environment"/>
    <property name="otel.traces.exporter" value="none"/>
    <property name="file.encoding" value="Cp1252"/>
    <property name="java.vm.name" value="Java HotSpot(TM) 64-Bit Server VM"/>
    <property name="java.vendor.version" value="18.9"/>
    <property name="localRepository" value="C:\Users\740722\.m2\repository"/>
    <property name="java.vendor.url.bug" value="http://bugreport.java.com/bugreport/"/>
    <property name="otel.logs.exporter" value="none"/>
    <property name="java.io.tmpdir" value="C:\Users\740722\AppData\Local\Temp\1\"/>
    <property name="java.version" value="11.0.3"/>
    <property name="user.dir" value="C:\Users\740722\IdeaProjects\Warriors"/>
    <property name="os.arch" value="amd64"/>
    <property name="java.vm.specification.name" value="Java Virtual Machine Specification"/>
    <property name="java.awt.printerjob" value="sun.awt.windows.WPrinterJob"/>
    <property name="sun.os.patch.level" value=""/>
    <property name="java.library.path" value="C:\Program Files\Java\jdk-11.0.3\bin;C:\WINDOWS\Sun\Java\bin;C:\WINDOWS\system32;C:\WINDOWS;C:\Program Files\Common Files\Oracle\Java\javapath;C:\Python311\Scripts\;C:\Python311\;C:\WINDOWS\system32;C:\WINDOWS;C:\WINDOWS\System32\Wbem;C:\WINDOWS\System32\WindowsPowerShell\v1.0\;C:\WINDOWS\System32\OpenSSH\;C:\Program Files (x86)\Symantec\VIP Access Client\;C:\Program Files\Java\jdk-11.0.3\bin;C:\Program Files\Java\jdk-11.0.3;C:\Program Files\Docker\Docker\resources\bin;C:\Program Files\nodejs\;C:\ProgramData\chocolatey\bin;C:\Development_Avecto\apache-maven-3.9.2-bin\apache-maven-3.9.2\\bin;&quot;C:\Program Files\Java\jdk-11.0.3\bin;C:\Development_Avecto\apache-maven-3.9.2-bin\apache-maven-3.9.2\bin\bin;&quot;;C:\Development_Avecto\apache-maven-3.9.2-bin\apache-maven-3.9.2\bin;&quot;;C:\Development_Avecto\apache-maven-3.9.2-bin\apache-maven-3.9.2\bin\bin;&quot;;&quot;;C:\Development_Avecto\apache-maven-3.9.2-bin\apache-maven-3.9.2\bin\bin&quot;;C:\Program Files\Microsoft VS Code\bin;C:\Users\740722\AppData\Local\Android\sdk\tools\bin;C:\Users\740722\AppData\Local\Android\sdk\tools;C:\Users\740722\AppData\Local\Android\sdk\platform-tools;C:\Program Files\nodejs\node_modules\npm\bin;C:\Users\740722\AppData\Roaming\npm\node_modules\appium;C:\Users\740722\AppData\Roaming\npm\node_modules\appium-doctor;C:\Users\740722\AppData\Local\Android\sdk\cmdline-tools;C:\Users\UserName\AppData\Roaming\npm;C:\Program Files\nodejs;C:\Users\740722\flutter\flutter\bin;C:\Program Files\Google\Chrome\Application\chrome.exe;C:\Development_Avecto\apache-maven-3.9.2-bin\apache-maven-3.9.2\bin\bin;C:\Users\740722\AppData\Local\Programs\Git\cmd;C:\Users\740722\AppData\Local\GitHubDesktop\bin;C:\Program Files\Google\Chrome\Application\chrome.exe;;C:\Program Files\JetBrains\PyCharm Community Edition 2023.2\bin;;C:\Users\740722\AppData\Local\JetBrains\IntelliJ IDEA Community Edition 2023.2.1\bin;;."/>
    <property name="java.vendor" value="Oracle Corporation"/>
    <property name="java.vm.info" value="mixed mode"/>
    <property name="java.vm.version" value="11.0.3+12-LTS"/>
    <property name="sun.io.unicode.encoding" value="UnicodeLittle"/>
    <property name="java.class.version" value="55.0"/>
  </properties>
  <testcase name="readFromArray[standard_user, secret_sauce](1)" classname="FrontEnd.SauceDemo.LoginWithDP" time="6.424">
    <system-out><![CDATA[18:43:49.134 [main] INFO helpers.LoggerHelper -- Starting suite
18:43:49.145 [main] INFO helpers.LoggerHelper -- I am in onStart method from TestNG
18:43:49.146 [main] INFO helpers.LoggerHelper -- # # # # # # # # # # # # # # # # # # # # # # # # # # # #
18:43:49.529 [main] DEBUG io.github.bonigarcia.wdm.WebDriverManager -- Using WebDriverManager 5.5.3
18:43:50.325 [main] DEBUG io.github.bonigarcia.wdm.cache.ResolutionCache -- Resolution chrome=117 in cache (valid until 18:46:45 27/10/2023 CEST)
18:43:50.327 [main] DEBUG io.github.bonigarcia.wdm.cache.ResolutionCache -- Resolution chrome117=117.0.5938.149 in cache (valid until 19:12:20 27/10/2023 CEST)
18:43:50.329 [main] INFO io.github.bonigarcia.wdm.WebDriverManager -- Using chromedriver 117.0.5938.149 (resolved driver for Chrome 117)
18:43:50.425 [main] DEBUG io.github.bonigarcia.wdm.WebDriverManager -- Driver chromedriver 117.0.5938.149 found in cache
18:43:50.427 [main] INFO io.github.bonigarcia.wdm.WebDriverManager -- Exporting webdriver.chrome.driver as C:\Users\740722\.cache\selenium\chromedriver\win64\117.0.5938.149\chromedriver.exe
18:43:50.439 [main] INFO helpers.LoggerHelper -- [BrowserDriver/loadChromeDriver] Connecting to: http://localhost:4444/wd/hub
18:43:50.895 [main] DEBUG io.netty.util.internal.logging.InternalLoggerFactory -- Using SLF4J as the default logging framework
18:43:50.904 [main] DEBUG io.netty.util.ResourceLeakDetector -- -Dio.netty.leakDetection.level: simple
18:43:50.905 [main] DEBUG io.netty.util.ResourceLeakDetector -- -Dio.netty.leakDetection.targetRecords: 4
18:43:50.916 [main] DEBUG io.netty.util.ResourceLeakDetectorFactory -- Loaded default ResourceLeakDetector: io.netty.util.ResourceLeakDetector@745c2004
18:43:50.967 [main] DEBUG io.netty.util.internal.PlatformDependent0 -- -Dio.netty.noUnsafe: false
18:43:50.967 [main] DEBUG io.netty.util.internal.PlatformDependent0 -- Java version: 11
18:43:50.971 [main] DEBUG io.netty.util.internal.PlatformDependent0 -- sun.misc.Unsafe.theUnsafe: available
18:43:50.973 [main] DEBUG io.netty.util.internal.PlatformDependent0 -- sun.misc.Unsafe.copyMemory: available
18:43:50.975 [main] DEBUG io.netty.util.internal.PlatformDependent0 -- sun.misc.Unsafe.storeFence: available
18:43:50.978 [main] DEBUG io.netty.util.internal.PlatformDependent0 -- java.nio.Buffer.address: available
18:43:50.980 [main] DEBUG io.netty.util.internal.PlatformDependent0 -- direct buffer constructor: unavailable: Reflective setAccessible(true) disabled
18:43:50.982 [main] DEBUG io.netty.util.internal.PlatformDependent0 -- java.nio.Bits.unaligned: available, true
18:43:50.986 [main] DEBUG io.netty.util.internal.PlatformDependent0 -- jdk.internal.misc.Unsafe.allocateUninitializedArray(int): unavailable: class io.netty.util.internal.PlatformDependent0$7 cannot access class jdk.internal.misc.Unsafe (in module java.base) because module java.base does not export jdk.internal.misc to unnamed module @4de4b452
18:43:50.991 [main] DEBUG io.netty.util.internal.PlatformDependent0 -- java.nio.DirectByteBuffer.<init>(long, {int,long}): unavailable
18:43:50.991 [main] DEBUG io.netty.util.internal.PlatformDependent -- sun.misc.Unsafe: available
18:43:50.995 [main] DEBUG io.netty.util.internal.PlatformDependent -- maxDirectMemory: 4255121408 bytes (maybe)
18:43:50.996 [main] DEBUG io.netty.util.internal.PlatformDependent -- -Dio.netty.tmpdir: C:\Users\740722\AppData\Local\Temp\1 (java.io.tmpdir)
18:43:50.996 [main] DEBUG io.netty.util.internal.PlatformDependent -- -Dio.netty.bitMode: 64 (sun.arch.data.model)
18:43:50.997 [main] DEBUG io.netty.util.internal.PlatformDependent -- Platform: Windows
18:43:50.999 [main] DEBUG io.netty.util.internal.PlatformDependent -- -Dio.netty.maxDirectMemory: -1 bytes
18:43:50.999 [main] DEBUG io.netty.util.internal.PlatformDependent -- -Dio.netty.uninitializedArrayAllocationThreshold: -1
18:43:51.001 [main] DEBUG io.netty.util.internal.CleanerJava9 -- java.nio.ByteBuffer.cleaner(): available
18:43:51.002 [main] DEBUG io.netty.util.internal.PlatformDependent -- -Dio.netty.noPreferDirect: false
18:43:51.024 [main] DEBUG io.netty.util.internal.PlatformDependent -- org.jctools-core.MpscChunkedArrayQueue: available
18:43:51.081 [main] DEBUG io.netty.util.internal.InternalThreadLocalMap -- -Dio.netty.threadLocalMap.stringBuilder.initialSize: 1024
18:43:51.081 [main] DEBUG io.netty.util.internal.InternalThreadLocalMap -- -Dio.netty.threadLocalMap.stringBuilder.maxSize: 4096
18:43:51.186 [main] DEBUG io.netty.handler.ssl.JdkSslContext -- Default protocols (JDK): [TLSv1.3, TLSv1.2, TLSv1.1, TLSv1] 
18:43:51.187 [main] DEBUG io.netty.handler.ssl.JdkSslContext -- Default cipher suites (JDK): [TLS_ECDHE_ECDSA_WITH_AES_256_GCM_SHA384, TLS_ECDHE_ECDSA_WITH_AES_128_GCM_SHA256, TLS_ECDHE_RSA_WITH_AES_128_GCM_SHA256, TLS_ECDHE_RSA_WITH_AES_256_GCM_SHA384, TLS_ECDHE_RSA_WITH_AES_128_CBC_SHA, TLS_ECDHE_RSA_WITH_AES_256_CBC_SHA, TLS_RSA_WITH_AES_128_GCM_SHA256, TLS_RSA_WITH_AES_128_CBC_SHA, TLS_RSA_WITH_AES_256_CBC_SHA, TLS_AES_128_GCM_SHA256, TLS_AES_256_GCM_SHA384]
18:43:51.225 [main] DEBUG io.netty.util.concurrent.GlobalEventExecutor -- -Dio.netty.globalEventExecutor.quietPeriodSeconds: 1
18:43:51.269 [main] DEBUG io.netty.channel.MultithreadEventLoopGroup -- -Dio.netty.eventLoopThreads: 16
18:43:51.298 [main] DEBUG io.netty.channel.nio.NioEventLoop -- -Dio.netty.noKeySetOptimization: false
18:43:51.298 [main] DEBUG io.netty.channel.nio.NioEventLoop -- -Dio.netty.selectorAutoRebuildThreshold: 512
18:43:51.413 [main] DEBUG io.netty.buffer.PooledByteBufAllocator -- -Dio.netty.allocator.numHeapArenas: 16
18:43:51.413 [main] DEBUG io.netty.buffer.PooledByteBufAllocator -- -Dio.netty.allocator.numDirectArenas: 16
18:43:51.413 [main] DEBUG io.netty.buffer.PooledByteBufAllocator -- -Dio.netty.allocator.pageSize: 8192
18:43:51.413 [main] DEBUG io.netty.buffer.PooledByteBufAllocator -- -Dio.netty.allocator.maxOrder: 9
18:43:51.413 [main] DEBUG io.netty.buffer.PooledByteBufAllocator -- -Dio.netty.allocator.chunkSize: 4194304
18:43:51.413 [main] DEBUG io.netty.buffer.PooledByteBufAllocator -- -Dio.netty.allocator.smallCacheSize: 256
18:43:51.414 [main] DEBUG io.netty.buffer.PooledByteBufAllocator -- -Dio.netty.allocator.normalCacheSize: 64
18:43:51.414 [main] DEBUG io.netty.buffer.PooledByteBufAllocator -- -Dio.netty.allocator.maxCachedBufferCapacity: 32768
18:43:51.414 [main] DEBUG io.netty.buffer.PooledByteBufAllocator -- -Dio.netty.allocator.cacheTrimInterval: 8192
18:43:51.414 [main] DEBUG io.netty.buffer.PooledByteBufAllocator -- -Dio.netty.allocator.cacheTrimIntervalMillis: 0
18:43:51.414 [main] DEBUG io.netty.buffer.PooledByteBufAllocator -- -Dio.netty.allocator.useCacheForAllThreads: false
18:43:51.414 [main] DEBUG io.netty.buffer.PooledByteBufAllocator -- -Dio.netty.allocator.maxCachedByteBuffersPerChunk: 1023
18:43:51.444 [main] DEBUG io.netty.buffer.ByteBufUtil -- -Dio.netty.allocator.type: pooled
18:43:51.445 [main] DEBUG io.netty.buffer.ByteBufUtil -- -Dio.netty.threadLocalDirectBufferSize: 0
18:43:51.445 [main] DEBUG io.netty.buffer.ByteBufUtil -- -Dio.netty.maxThreadLocalCharBufferSize: 16384
18:43:52.152 [Forwarding newSession on session null to remote] DEBUG io.netty.channel.DefaultChannelId -- -Dio.netty.processId: 19168 (auto-detected)
18:43:52.156 [Forwarding newSession on session null to remote] DEBUG io.netty.util.NetUtil -- -Djava.net.preferIPv4Stack: false
18:43:52.156 [Forwarding newSession on session null to remote] DEBUG io.netty.util.NetUtil -- -Djava.net.preferIPv6Addresses: false
18:43:52.815 [Forwarding newSession on session null to remote] DEBUG io.netty.util.NetUtilInitializations -- Loopback interface: lo (Software Loopback Interface 1, 127.0.0.1)
18:43:52.817 [Forwarding newSession on session null to remote] DEBUG io.netty.util.NetUtil -- Failed to get SOMAXCONN from sysctl and file \proc\sys\net\core\somaxconn. Default: 200
18:43:52.855 [Forwarding newSession on session null to remote] DEBUG io.netty.channel.DefaultChannelId -- -Dio.netty.machineId: 00:05:9a:ff:fe:3c:7a:00 (auto-detected)
18:43:52.956 [AsyncHttpClient-1-2] DEBUG io.netty.buffer.AbstractByteBuf -- -Dio.netty.buffer.checkAccessible: true
18:43:52.956 [AsyncHttpClient-1-2] DEBUG io.netty.buffer.AbstractByteBuf -- -Dio.netty.buffer.checkBounds: true
18:43:52.956 [AsyncHttpClient-1-2] DEBUG io.netty.util.ResourceLeakDetectorFactory -- Loaded default ResourceLeakDetector: io.netty.util.ResourceLeakDetector@10130c73
18:43:53.005 [AsyncHttpClient-1-2] DEBUG org.asynchttpclient.netty.channel.NettyConnectListener -- Using new Channel '[id: 0x98e99774, L:/127.0.0.1:56740 - R:localhost/127.0.0.1:4444]' for 'POST' to '/wd/hub/session'
18:43:53.078 [AsyncHttpClient-1-2] DEBUG io.netty.util.Recycler -- -Dio.netty.recycler.maxCapacityPerThread: 4096
18:43:53.079 [AsyncHttpClient-1-2] DEBUG io.netty.util.Recycler -- -Dio.netty.recycler.ratio: 8
18:43:53.079 [AsyncHttpClient-1-2] DEBUG io.netty.util.Recycler -- -Dio.netty.recycler.chunkSize: 32
18:43:53.079 [AsyncHttpClient-1-2] DEBUG io.netty.util.Recycler -- -Dio.netty.recycler.blocking: false
18:43:53.080 [AsyncHttpClient-1-2] DEBUG io.netty.util.Recycler -- -Dio.netty.recycler.batchFastThreadLocalOnly: true
18:43:54.081 [AsyncHttpClient-1-2] DEBUG io.netty.handler.codec.compression.Brotli -- brotli4j not in the classpath; Brotli support will be unavailable.
18:43:54.083 [AsyncHttpClient-1-2] DEBUG org.asynchttpclient.netty.handler.HttpHandler -- 

Request DefaultHttpRequest(decodeResult: success, version: HTTP/1.1)
POST /wd/hub/session HTTP/1.1
traceparent: 00-ca3fd901898fd21af3a2d7e9460d8b0b-c16d6406e7f00052-01
User-Agent: selenium/4.13.0 (java windows)
Content-Length: 254
Content-Type: application/json; charset=utf-8
host: localhost:4444
accept: */*

Response DefaultHttpResponse(decodeResult: success, version: HTTP/1.1)
HTTP/1.1 200 OK
content-length: 1496
Cache-Control: no-cache
Content-Type: application/json; charset=utf-8

18:43:54.108 [AsyncHttpClient-1-2] DEBUG org.asynchttpclient.netty.channel.ChannelManager -- Adding key: http://localhost:4444 for channel [id: 0x98e99774, L:/127.0.0.1:56740 - R:localhost/127.0.0.1:4444]
18:43:54.330 [Forwarding setCurrentWindowSize on session 0a975932d5d13a633e287ebb2eea088e to remote] DEBUG org.asynchttpclient.netty.request.NettyRequestSender -- Using pooled Channel '[id: 0x98e99774, L:/127.0.0.1:56740 - R:localhost/127.0.0.1:4444]' for 'POST' to 'http://localhost:4444/wd/hub/session/0a975932d5d13a633e287ebb2eea088e/window/rect'
18:43:54.330 [Forwarding setCurrentWindowSize on session 0a975932d5d13a633e287ebb2eea088e to remote] DEBUG org.asynchttpclient.netty.request.NettyRequestSender -- Using open Channel [id: 0x98e99774, L:/127.0.0.1:56740 - R:localhost/127.0.0.1:4444] for POST '/wd/hub/session/0a975932d5d13a633e287ebb2eea088e/window/rect'
18:43:54.483 [AsyncHttpClient-1-2] DEBUG org.asynchttpclient.netty.handler.HttpHandler -- 

Request DefaultHttpRequest(decodeResult: success, version: HTTP/1.1)
POST /wd/hub/session/0a975932d5d13a633e287ebb2eea088e/window/rect HTTP/1.1
traceparent: 00-9b187f59557c271f52e54f155ed0aa3e-add96fa438a7fc12-01
User-Agent: selenium/4.13.0 (java windows)
Content-Length: 37
Content-Type: application/json; charset=utf-8
host: localhost:4444
accept: */*

Response DefaultHttpResponse(decodeResult: success, version: HTTP/1.1)
HTTP/1.1 200 OK
content-length: 52
content-type: application/json; charset=utf-8
cache-control: no-cache

18:43:54.484 [AsyncHttpClient-1-2] DEBUG org.asynchttpclient.netty.channel.ChannelManager -- Adding key: http://localhost:4444 for channel [id: 0x98e99774, L:/127.0.0.1:56740 - R:localhost/127.0.0.1:4444]
18:43:54.592 [main] INFO helpers.LoggerHelper -- @Test: readFromArray
18:43:54.592 [main] INFO helpers.LoggerHelper -- Description: Trying to read data from an array object
18:43:54.592 [main] INFO helpers.LoggerHelper -- ######################################################################################
18:43:54.622 [Forwarding get on session 0a975932d5d13a633e287ebb2eea088e to remote] DEBUG org.asynchttpclient.netty.request.NettyRequestSender -- Using pooled Channel '[id: 0x98e99774, L:/127.0.0.1:56740 - R:localhost/127.0.0.1:4444]' for 'POST' to 'http://localhost:4444/wd/hub/session/0a975932d5d13a633e287ebb2eea088e/url'
18:43:54.622 [Forwarding get on session 0a975932d5d13a633e287ebb2eea088e to remote] DEBUG org.asynchttpclient.netty.request.NettyRequestSender -- Using open Channel [id: 0x98e99774, L:/127.0.0.1:56740 - R:localhost/127.0.0.1:4444] for POST '/wd/hub/session/0a975932d5d13a633e287ebb2eea088e/url'
18:43:55.584 [AsyncHttpClient-1-2] DEBUG org.asynchttpclient.netty.handler.HttpHandler -- 

Request DefaultHttpRequest(decodeResult: success, version: HTTP/1.1)
POST /wd/hub/session/0a975932d5d13a633e287ebb2eea088e/url HTTP/1.1
traceparent: 00-78c827803a79b79526336bf269e1ded2-49717658ebd6d82a-01
User-Agent: selenium/4.13.0 (java windows)
Content-Length: 43
Content-Type: application/json; charset=utf-8
host: localhost:4444
accept: */*

Response DefaultHttpResponse(decodeResult: success, version: HTTP/1.1)
HTTP/1.1 200 OK
content-length: 14
content-type: application/json; charset=utf-8
cache-control: no-cache

18:43:55.585 [AsyncHttpClient-1-2] DEBUG org.asynchttpclient.netty.channel.ChannelManager -- Adding key: http://localhost:4444 for channel [id: 0x98e99774, L:/127.0.0.1:56740 - R:localhost/127.0.0.1:4444]
18:43:55.610 [Forwarding findElement on session 0a975932d5d13a633e287ebb2eea088e to remote] DEBUG org.asynchttpclient.netty.request.NettyRequestSender -- Using pooled Channel '[id: 0x98e99774, L:/127.0.0.1:56740 - R:localhost/127.0.0.1:4444]' for 'POST' to 'http://localhost:4444/wd/hub/session/0a975932d5d13a633e287ebb2eea088e/element'
18:43:55.610 [Forwarding findElement on session 0a975932d5d13a633e287ebb2eea088e to remote] DEBUG org.asynchttpclient.netty.request.NettyRequestSender -- Using open Channel [id: 0x98e99774, L:/127.0.0.1:56740 - R:localhost/127.0.0.1:4444] for POST '/wd/hub/session/0a975932d5d13a633e287ebb2eea088e/element'
18:43:55.695 [AsyncHttpClient-1-2] DEBUG org.asynchttpclient.netty.handler.HttpHandler -- 

Request DefaultHttpRequest(decodeResult: success, version: HTTP/1.1)
POST /wd/hub/session/0a975932d5d13a633e287ebb2eea088e/element HTTP/1.1
traceparent: 00-1e6914e99d5830c6ebef45b0a25d4801-11456d5dffd27d8e-01
User-Agent: selenium/4.13.0 (java windows)
Content-Length: 56
Content-Type: application/json; charset=utf-8
host: localhost:4444
accept: */*

Response DefaultHttpResponse(decodeResult: success, version: HTTP/1.1)
HTTP/1.1 200 OK
content-length: 94
content-type: application/json; charset=utf-8
cache-control: no-cache

18:43:55.696 [AsyncHttpClient-1-2] DEBUG org.asynchttpclient.netty.channel.ChannelManager -- Adding key: http://localhost:4444 for channel [id: 0x98e99774, L:/127.0.0.1:56740 - R:localhost/127.0.0.1:4444]
18:43:55.735 [Forwarding isElementDisplayed on session 0a975932d5d13a633e287ebb2eea088e to remote] DEBUG org.asynchttpclient.netty.request.NettyRequestSender -- Using pooled Channel '[id: 0x98e99774, L:/127.0.0.1:56740 - R:localhost/127.0.0.1:4444]' for 'POST' to 'http://localhost:4444/wd/hub/session/0a975932d5d13a633e287ebb2eea088e/execute/sync'
18:43:55.736 [Forwarding isElementDisplayed on session 0a975932d5d13a633e287ebb2eea088e to remote] DEBUG org.asynchttpclient.netty.request.NettyRequestSender -- Using open Channel [id: 0x98e99774, L:/127.0.0.1:56740 - R:localhost/127.0.0.1:4444] for POST '/wd/hub/session/0a975932d5d13a633e287ebb2eea088e/execute/sync'
18:43:56.013 [AsyncHttpClient-1-2] DEBUG org.asynchttpclient.netty.handler.HttpHandler -- 

Request DefaultHttpRequest(decodeResult: success, version: HTTP/1.1)
POST /wd/hub/session/0a975932d5d13a633e287ebb2eea088e/execute/sync HTTP/1.1
traceparent: 00-602c46f86c770c85504af51dbb711a63-c7f8a90902b20281-01
User-Agent: selenium/4.13.0 (java windows)
Content-Length: 48813
Content-Type: application/json; charset=utf-8
host: localhost:4444
accept: */*

Response DefaultHttpResponse(decodeResult: success, version: HTTP/1.1)
HTTP/1.1 200 OK
content-length: 14
content-type: application/json; charset=utf-8
cache-control: no-cache

18:43:56.014 [AsyncHttpClient-1-2] DEBUG org.asynchttpclient.netty.channel.ChannelManager -- Adding key: http://localhost:4444 for channel [id: 0x98e99774, L:/127.0.0.1:56740 - R:localhost/127.0.0.1:4444]
18:43:56.022 [Forwarding findElement on session 0a975932d5d13a633e287ebb2eea088e to remote] DEBUG org.asynchttpclient.netty.request.NettyRequestSender -- Using pooled Channel '[id: 0x98e99774, L:/127.0.0.1:56740 - R:localhost/127.0.0.1:4444]' for 'POST' to 'http://localhost:4444/wd/hub/session/0a975932d5d13a633e287ebb2eea088e/element'
18:43:56.023 [Forwarding findElement on session 0a975932d5d13a633e287ebb2eea088e to remote] DEBUG org.asynchttpclient.netty.request.NettyRequestSender -- Using open Channel [id: 0x98e99774, L:/127.0.0.1:56740 - R:localhost/127.0.0.1:4444] for POST '/wd/hub/session/0a975932d5d13a633e287ebb2eea088e/element'
18:43:56.081 [AsyncHttpClient-1-2] DEBUG org.asynchttpclient.netty.handler.HttpHandler -- 

Request DefaultHttpRequest(decodeResult: success, version: HTTP/1.1)
POST /wd/hub/session/0a975932d5d13a633e287ebb2eea088e/element HTTP/1.1
traceparent: 00-01601a1b8721c0daa854884afc340728-d5a8ec945459b949-01
User-Agent: selenium/4.13.0 (java windows)
Content-Length: 56
Content-Type: application/json; charset=utf-8
host: localhost:4444
accept: */*

Response DefaultHttpResponse(decodeResult: success, version: HTTP/1.1)
HTTP/1.1 200 OK
content-length: 94
content-type: application/json; charset=utf-8
cache-control: no-cache

18:43:56.081 [AsyncHttpClient-1-2] DEBUG org.asynchttpclient.netty.channel.ChannelManager -- Adding key: http://localhost:4444 for channel [id: 0x98e99774, L:/127.0.0.1:56740 - R:localhost/127.0.0.1:4444]
18:43:56.100 [Forwarding sendKeysToElement on session 0a975932d5d13a633e287ebb2eea088e to remote] DEBUG org.asynchttpclient.netty.request.NettyRequestSender -- Using pooled Channel '[id: 0x98e99774, L:/127.0.0.1:56740 - R:localhost/127.0.0.1:4444]' for 'POST' to 'http://localhost:4444/wd/hub/session/0a975932d5d13a633e287ebb2eea088e/element/453C5B9E34A56EED4AD827D096E75754_element_8/value'
18:43:56.100 [Forwarding sendKeysToElement on session 0a975932d5d13a633e287ebb2eea088e to remote] DEBUG org.asynchttpclient.netty.request.NettyRequestSender -- Using open Channel [id: 0x98e99774, L:/127.0.0.1:56740 - R:localhost/127.0.0.1:4444] for POST '/wd/hub/session/0a975932d5d13a633e287ebb2eea088e/element/453C5B9E34A56EED4AD827D096E75754_element_8/value'
18:43:56.438 [AsyncHttpClient-1-2] DEBUG org.asynchttpclient.netty.handler.HttpHandler -- 

Request DefaultHttpRequest(decodeResult: success, version: HTTP/1.1)
POST /wd/hub/session/0a975932d5d13a633e287ebb2eea088e/element/453C5B9E34A56EED4AD827D096E75754_element_8/value HTTP/1.1
traceparent: 00-d34de831514cc43ed54b7d434d2227d6-1062249d62809733-01
User-Agent: selenium/4.13.0 (java windows)
Content-Length: 217
Content-Type: application/json; charset=utf-8
host: localhost:4444
accept: */*

Response DefaultHttpResponse(decodeResult: success, version: HTTP/1.1)
HTTP/1.1 200 OK
content-length: 14
content-type: application/json; charset=utf-8
cache-control: no-cache

18:43:56.439 [AsyncHttpClient-1-2] DEBUG org.asynchttpclient.netty.channel.ChannelManager -- Adding key: http://localhost:4444 for channel [id: 0x98e99774, L:/127.0.0.1:56740 - R:localhost/127.0.0.1:4444]
18:43:56.442 [Forwarding findElement on session 0a975932d5d13a633e287ebb2eea088e to remote] DEBUG org.asynchttpclient.netty.request.NettyRequestSender -- Using pooled Channel '[id: 0x98e99774, L:/127.0.0.1:56740 - R:localhost/127.0.0.1:4444]' for 'POST' to 'http://localhost:4444/wd/hub/session/0a975932d5d13a633e287ebb2eea088e/element'
18:43:56.442 [Forwarding findElement on session 0a975932d5d13a633e287ebb2eea088e to remote] DEBUG org.asynchttpclient.netty.request.NettyRequestSender -- Using open Channel [id: 0x98e99774, L:/127.0.0.1:56740 - R:localhost/127.0.0.1:4444] for POST '/wd/hub/session/0a975932d5d13a633e287ebb2eea088e/element'
18:43:56.470 [AsyncHttpClient-1-2] DEBUG org.asynchttpclient.netty.handler.HttpHandler -- 

Request DefaultHttpRequest(decodeResult: success, version: HTTP/1.1)
POST /wd/hub/session/0a975932d5d13a633e287ebb2eea088e/element HTTP/1.1
traceparent: 00-93cd2a9cdc5a20626ea5a6c2db8c1d69-5d4b423d63ee169c-01
User-Agent: selenium/4.13.0 (java windows)
Content-Length: 56
Content-Type: application/json; charset=utf-8
host: localhost:4444
accept: */*

Response DefaultHttpResponse(decodeResult: success, version: HTTP/1.1)
HTTP/1.1 200 OK
content-length: 94
content-type: application/json; charset=utf-8
cache-control: no-cache

18:43:56.471 [AsyncHttpClient-1-2] DEBUG org.asynchttpclient.netty.channel.ChannelManager -- Adding key: http://localhost:4444 for channel [id: 0x98e99774, L:/127.0.0.1:56740 - R:localhost/127.0.0.1:4444]
18:43:56.493 [Forwarding getElementAttribute on session 0a975932d5d13a633e287ebb2eea088e to remote] DEBUG org.asynchttpclient.netty.request.NettyRequestSender -- Using pooled Channel '[id: 0x98e99774, L:/127.0.0.1:56740 - R:localhost/127.0.0.1:4444]' for 'POST' to 'http://localhost:4444/wd/hub/session/0a975932d5d13a633e287ebb2eea088e/execute/sync'
18:43:56.493 [Forwarding getElementAttribute on session 0a975932d5d13a633e287ebb2eea088e to remote] DEBUG org.asynchttpclient.netty.request.NettyRequestSender -- Using open Channel [id: 0x98e99774, L:/127.0.0.1:56740 - R:localhost/127.0.0.1:4444] for POST '/wd/hub/session/0a975932d5d13a633e287ebb2eea088e/execute/sync'
18:43:56.552 [AsyncHttpClient-1-2] DEBUG org.asynchttpclient.netty.handler.HttpHandler -- 

Request DefaultHttpRequest(decodeResult: success, version: HTTP/1.1)
POST /wd/hub/session/0a975932d5d13a633e287ebb2eea088e/execute/sync HTTP/1.1
traceparent: 00-94090362c32f6c78cfd45edac3986946-055071d938bffa0b-01
User-Agent: selenium/4.13.0 (java windows)
Content-Length: 47378
Content-Type: application/json; charset=utf-8
host: localhost:4444
accept: */*

Response DefaultHttpResponse(decodeResult: success, version: HTTP/1.1)
HTTP/1.1 200 OK
content-length: 223
content-type: application/json; charset=utf-8
cache-control: no-cache

18:43:56.553 [AsyncHttpClient-1-2] DEBUG org.asynchttpclient.netty.channel.ChannelManager -- Adding key: http://localhost:4444 for channel [id: 0x98e99774, L:/127.0.0.1:56740 - R:localhost/127.0.0.1:4444]
18:43:56.558 [Forwarding getElementAttribute on session 0a975932d5d13a633e287ebb2eea088e to remote] DEBUG org.asynchttpclient.netty.request.NettyRequestSender -- Using pooled Channel '[id: 0x98e99774, L:/127.0.0.1:56740 - R:localhost/127.0.0.1:4444]' for 'POST' to 'http://localhost:4444/wd/hub/session/0a975932d5d13a633e287ebb2eea088e/execute/sync'
18:43:56.559 [Forwarding getElementAttribute on session 0a975932d5d13a633e287ebb2eea088e to remote] DEBUG org.asynchttpclient.netty.request.NettyRequestSender -- Using open Channel [id: 0x98e99774, L:/127.0.0.1:56740 - R:localhost/127.0.0.1:4444] for POST '/wd/hub/session/0a975932d5d13a633e287ebb2eea088e/execute/sync'
18:43:56.595 [AsyncHttpClient-1-2] DEBUG org.asynchttpclient.netty.handler.HttpHandler -- 

Request DefaultHttpRequest(decodeResult: success, version: HTTP/1.1)
POST /wd/hub/session/0a975932d5d13a633e287ebb2eea088e/execute/sync HTTP/1.1
traceparent: 00-d86dee39c434bc2cce1dcb14dc4279bb-cb58188af31e2679-01
User-Agent: selenium/4.13.0 (java windows)
Content-Length: 47374
Content-Type: application/json; charset=utf-8
host: localhost:4444
accept: */*

Response DefaultHttpResponse(decodeResult: success, version: HTTP/1.1)
HTTP/1.1 200 OK
content-length: 34
content-type: application/json; charset=utf-8
cache-control: no-cache

18:43:56.596 [AsyncHttpClient-1-2] DEBUG org.asynchttpclient.netty.channel.ChannelManager -- Adding key: http://localhost:4444 for channel [id: 0x98e99774, L:/127.0.0.1:56740 - R:localhost/127.0.0.1:4444]
18:43:56.601 [Forwarding getElementAttribute on session 0a975932d5d13a633e287ebb2eea088e to remote] DEBUG org.asynchttpclient.netty.request.NettyRequestSender -- Using pooled Channel '[id: 0x98e99774, L:/127.0.0.1:56740 - R:localhost/127.0.0.1:4444]' for 'POST' to 'http://localhost:4444/wd/hub/session/0a975932d5d13a633e287ebb2eea088e/execute/sync'
18:43:56.601 [Forwarding getElementAttribute on session 0a975932d5d13a633e287ebb2eea088e to remote] DEBUG org.asynchttpclient.netty.request.NettyRequestSender -- Using open Channel [id: 0x98e99774, L:/127.0.0.1:56740 - R:localhost/127.0.0.1:4444] for POST '/wd/hub/session/0a975932d5d13a633e287ebb2eea088e/execute/sync'
18:43:56.638 [AsyncHttpClient-1-2] DEBUG org.asynchttpclient.netty.handler.HttpHandler -- 

Request DefaultHttpRequest(decodeResult: success, version: HTTP/1.1)
POST /wd/hub/session/0a975932d5d13a633e287ebb2eea088e/execute/sync HTTP/1.1
traceparent: 00-6a99ba9903f2755550e114054858974e-4477024ebe00b7cc-01
User-Agent: selenium/4.13.0 (java windows)
Content-Length: 47380
Content-Type: application/json; charset=utf-8
host: localhost:4444
accept: */*

Response DefaultHttpResponse(decodeResult: success, version: HTTP/1.1)
HTTP/1.1 200 OK
content-length: 20
content-type: application/json; charset=utf-8
cache-control: no-cache

18:43:56.638 [AsyncHttpClient-1-2] DEBUG org.asynchttpclient.netty.channel.ChannelManager -- Adding key: http://localhost:4444 for channel [id: 0x98e99774, L:/127.0.0.1:56740 - R:localhost/127.0.0.1:4444]
18:43:56.639 [AsyncHttpClient-1-1] DEBUG org.asynchttpclient.netty.channel.DefaultChannelPool -- Entry count for : http://localhost:4444 : 1
18:43:56.643 [Forwarding getElementAttribute on session 0a975932d5d13a633e287ebb2eea088e to remote] DEBUG org.asynchttpclient.netty.request.NettyRequestSender -- Using pooled Channel '[id: 0x98e99774, L:/127.0.0.1:56740 - R:localhost/127.0.0.1:4444]' for 'POST' to 'http://localhost:4444/wd/hub/session/0a975932d5d13a633e287ebb2eea088e/execute/sync'
18:43:56.643 [Forwarding getElementAttribute on session 0a975932d5d13a633e287ebb2eea088e to remote] DEBUG org.asynchttpclient.netty.request.NettyRequestSender -- Using open Channel [id: 0x98e99774, L:/127.0.0.1:56740 - R:localhost/127.0.0.1:4444] for POST '/wd/hub/session/0a975932d5d13a633e287ebb2eea088e/execute/sync'
18:43:56.823 [AsyncHttpClient-1-2] DEBUG org.asynchttpclient.netty.handler.HttpHandler -- 

Request DefaultHttpRequest(decodeResult: success, version: HTTP/1.1)
POST /wd/hub/session/0a975932d5d13a633e287ebb2eea088e/execute/sync HTTP/1.1
traceparent: 00-d3f3db84e06d8c1bc2ab8918a4e2874b-62cf42b6c8e9b77b-01
User-Agent: selenium/4.13.0 (java windows)
Content-Length: 47373
Content-Type: application/json; charset=utf-8
host: localhost:4444
accept: */*

Response DefaultHttpResponse(decodeResult: success, version: HTTP/1.1)
HTTP/1.1 200 OK
content-length: 16
content-type: application/json; charset=utf-8
cache-control: no-cache

18:43:56.824 [AsyncHttpClient-1-2] DEBUG org.asynchttpclient.netty.channel.ChannelManager -- Adding key: http://localhost:4444 for channel [id: 0x98e99774, L:/127.0.0.1:56740 - R:localhost/127.0.0.1:4444]
18:43:56.852 [Forwarding getElementAttribute on session 0a975932d5d13a633e287ebb2eea088e to remote] DEBUG org.asynchttpclient.netty.request.NettyRequestSender -- Using pooled Channel '[id: 0x98e99774, L:/127.0.0.1:56740 - R:localhost/127.0.0.1:4444]' for 'POST' to 'http://localhost:4444/wd/hub/session/0a975932d5d13a633e287ebb2eea088e/execute/sync'
18:43:56.854 [Forwarding getElementAttribute on session 0a975932d5d13a633e287ebb2eea088e to remote] DEBUG org.asynchttpclient.netty.request.NettyRequestSender -- Using open Channel [id: 0x98e99774, L:/127.0.0.1:56740 - R:localhost/127.0.0.1:4444] for POST '/wd/hub/session/0a975932d5d13a633e287ebb2eea088e/execute/sync'
18:43:56.991 [AsyncHttpClient-1-2] DEBUG org.asynchttpclient.netty.handler.HttpHandler -- 

Request DefaultHttpRequest(decodeResult: success, version: HTTP/1.1)
POST /wd/hub/session/0a975932d5d13a633e287ebb2eea088e/execute/sync HTTP/1.1
traceparent: 00-b94c1da1a38d435394528e6e7a4434bc-4d19637ecf269001-01
User-Agent: selenium/4.13.0 (java windows)
Content-Length: 47378
Content-Type: application/json; charset=utf-8
host: localhost:4444
accept: */*

Response DefaultHttpResponse(decodeResult: success, version: HTTP/1.1)
HTTP/1.1 200 OK
content-length: 20
content-type: application/json; charset=utf-8
cache-control: no-cache

18:43:56.992 [AsyncHttpClient-1-2] DEBUG org.asynchttpclient.netty.channel.ChannelManager -- Adding key: http://localhost:4444 for channel [id: 0x98e99774, L:/127.0.0.1:56740 - R:localhost/127.0.0.1:4444]
18:43:56.999 [Forwarding getElementAttribute on session 0a975932d5d13a633e287ebb2eea088e to remote] DEBUG org.asynchttpclient.netty.request.NettyRequestSender -- Using pooled Channel '[id: 0x98e99774, L:/127.0.0.1:56740 - R:localhost/127.0.0.1:4444]' for 'POST' to 'http://localhost:4444/wd/hub/session/0a975932d5d13a633e287ebb2eea088e/execute/sync'
18:43:57.000 [Forwarding getElementAttribute on session 0a975932d5d13a633e287ebb2eea088e to remote] DEBUG org.asynchttpclient.netty.request.NettyRequestSender -- Using open Channel [id: 0x98e99774, L:/127.0.0.1:56740 - R:localhost/127.0.0.1:4444] for POST '/wd/hub/session/0a975932d5d13a633e287ebb2eea088e/execute/sync'
18:43:57.054 [AsyncHttpClient-1-2] DEBUG org.asynchttpclient.netty.handler.HttpHandler -- 

Request DefaultHttpRequest(decodeResult: success, version: HTTP/1.1)
POST /wd/hub/session/0a975932d5d13a633e287ebb2eea088e/execute/sync HTTP/1.1
traceparent: 00-ad3d965530bf015b086e271ea030e429-813e8757c95c43e2-01
User-Agent: selenium/4.13.0 (java windows)
Content-Length: 47371
Content-Type: application/json; charset=utf-8
host: localhost:4444
accept: */*

Response DefaultHttpResponse(decodeResult: success, version: HTTP/1.1)
HTTP/1.1 200 OK
content-length: 21
content-type: application/json; charset=utf-8
cache-control: no-cache

18:43:57.055 [AsyncHttpClient-1-2] DEBUG org.asynchttpclient.netty.channel.ChannelManager -- Adding key: http://localhost:4444 for channel [id: 0x98e99774, L:/127.0.0.1:56740 - R:localhost/127.0.0.1:4444]
18:43:57.061 [Forwarding getElementAttribute on session 0a975932d5d13a633e287ebb2eea088e to remote] DEBUG org.asynchttpclient.netty.request.NettyRequestSender -- Using pooled Channel '[id: 0x98e99774, L:/127.0.0.1:56740 - R:localhost/127.0.0.1:4444]' for 'POST' to 'http://localhost:4444/wd/hub/session/0a975932d5d13a633e287ebb2eea088e/execute/sync'
18:43:57.061 [Forwarding getElementAttribute on session 0a975932d5d13a633e287ebb2eea088e to remote] DEBUG org.asynchttpclient.netty.request.NettyRequestSender -- Using open Channel [id: 0x98e99774, L:/127.0.0.1:56740 - R:localhost/127.0.0.1:4444] for POST '/wd/hub/session/0a975932d5d13a633e287ebb2eea088e/execute/sync'
18:43:57.143 [AsyncHttpClient-1-2] DEBUG org.asynchttpclient.netty.handler.HttpHandler -- 

Request DefaultHttpRequest(decodeResult: success, version: HTTP/1.1)
POST /wd/hub/session/0a975932d5d13a633e287ebb2eea088e/execute/sync HTTP/1.1
traceparent: 00-6b38f2b666fa278ba3889caa2a3807b5-e74773eef2fb1875-01
User-Agent: selenium/4.13.0 (java windows)
Content-Length: 47373
Content-Type: application/json; charset=utf-8
host: localhost:4444
accept: */*

Response DefaultHttpResponse(decodeResult: success, version: HTTP/1.1)
HTTP/1.1 200 OK
content-length: 21
content-type: application/json; charset=utf-8
cache-control: no-cache

18:43:57.143 [AsyncHttpClient-1-2] DEBUG org.asynchttpclient.netty.channel.ChannelManager -- Adding key: http://localhost:4444 for channel [id: 0x98e99774, L:/127.0.0.1:56740 - R:localhost/127.0.0.1:4444]
18:43:57.150 [Forwarding getElementAttribute on session 0a975932d5d13a633e287ebb2eea088e to remote] DEBUG org.asynchttpclient.netty.request.NettyRequestSender -- Using pooled Channel '[id: 0x98e99774, L:/127.0.0.1:56740 - R:localhost/127.0.0.1:4444]' for 'POST' to 'http://localhost:4444/wd/hub/session/0a975932d5d13a633e287ebb2eea088e/execute/sync'
18:43:57.151 [Forwarding getElementAttribute on session 0a975932d5d13a633e287ebb2eea088e to remote] DEBUG org.asynchttpclient.netty.request.NettyRequestSender -- Using open Channel [id: 0x98e99774, L:/127.0.0.1:56740 - R:localhost/127.0.0.1:4444] for POST '/wd/hub/session/0a975932d5d13a633e287ebb2eea088e/execute/sync'
18:43:57.228 [AsyncHttpClient-1-2] DEBUG org.asynchttpclient.netty.handler.HttpHandler -- 

Request DefaultHttpRequest(decodeResult: success, version: HTTP/1.1)
POST /wd/hub/session/0a975932d5d13a633e287ebb2eea088e/execute/sync HTTP/1.1
traceparent: 00-4328e7ac08bf3d97ffadc1b6062156e1-b8fa95235268e3d2-01
User-Agent: selenium/4.13.0 (java windows)
Content-Length: 47380
Content-Type: application/json; charset=utf-8
host: localhost:4444
accept: */*

Response DefaultHttpResponse(decodeResult: success, version: HTTP/1.1)
HTTP/1.1 200 OK
content-length: 15
content-type: application/json; charset=utf-8
cache-control: no-cache

18:43:57.229 [AsyncHttpClient-1-2] DEBUG org.asynchttpclient.netty.channel.ChannelManager -- Adding key: http://localhost:4444 for channel [id: 0x98e99774, L:/127.0.0.1:56740 - R:localhost/127.0.0.1:4444]
18:43:57.232 [Forwarding getElementAttribute on session 0a975932d5d13a633e287ebb2eea088e to remote] DEBUG org.asynchttpclient.netty.request.NettyRequestSender -- Using pooled Channel '[id: 0x98e99774, L:/127.0.0.1:56740 - R:localhost/127.0.0.1:4444]' for 'POST' to 'http://localhost:4444/wd/hub/session/0a975932d5d13a633e287ebb2eea088e/execute/sync'
18:43:57.233 [Forwarding getElementAttribute on session 0a975932d5d13a633e287ebb2eea088e to remote] DEBUG org.asynchttpclient.netty.request.NettyRequestSender -- Using open Channel [id: 0x98e99774, L:/127.0.0.1:56740 - R:localhost/127.0.0.1:4444] for POST '/wd/hub/session/0a975932d5d13a633e287ebb2eea088e/execute/sync'
18:43:57.266 [AsyncHttpClient-1-2] DEBUG org.asynchttpclient.netty.handler.HttpHandler -- 

Request DefaultHttpRequest(decodeResult: success, version: HTTP/1.1)
POST /wd/hub/session/0a975932d5d13a633e287ebb2eea088e/execute/sync HTTP/1.1
traceparent: 00-de83ef64a396bd3239dc60b1e5775dcc-56aba42f98b5c199-01
User-Agent: selenium/4.13.0 (java windows)
Content-Length: 47383
Content-Type: application/json; charset=utf-8
host: localhost:4444
accept: */*

Response DefaultHttpResponse(decodeResult: success, version: HTTP/1.1)
HTTP/1.1 200 OK
content-length: 16
content-type: application/json; charset=utf-8
cache-control: no-cache

18:43:57.267 [AsyncHttpClient-1-2] DEBUG org.asynchttpclient.netty.channel.ChannelManager -- Adding key: http://localhost:4444 for channel [id: 0x98e99774, L:/127.0.0.1:56740 - R:localhost/127.0.0.1:4444]
18:43:57.273 [Forwarding getElementAttribute on session 0a975932d5d13a633e287ebb2eea088e to remote] DEBUG org.asynchttpclient.netty.request.NettyRequestSender -- Using pooled Channel '[id: 0x98e99774, L:/127.0.0.1:56740 - R:localhost/127.0.0.1:4444]' for 'POST' to 'http://localhost:4444/wd/hub/session/0a975932d5d13a633e287ebb2eea088e/execute/sync'
18:43:57.273 [Forwarding getElementAttribute on session 0a975932d5d13a633e287ebb2eea088e to remote] DEBUG org.asynchttpclient.netty.request.NettyRequestSender -- Using open Channel [id: 0x98e99774, L:/127.0.0.1:56740 - R:localhost/127.0.0.1:4444] for POST '/wd/hub/session/0a975932d5d13a633e287ebb2eea088e/execute/sync'
18:43:57.309 [AsyncHttpClient-1-2] DEBUG org.asynchttpclient.netty.handler.HttpHandler -- 

Request DefaultHttpRequest(decodeResult: success, version: HTTP/1.1)
POST /wd/hub/session/0a975932d5d13a633e287ebb2eea088e/execute/sync HTTP/1.1
traceparent: 00-eb6d6845fc9ffc28ee061f20caea8273-7417c27749998ce2-01
User-Agent: selenium/4.13.0 (java windows)
Content-Length: 47374
Content-Type: application/json; charset=utf-8
host: localhost:4444
accept: */*

Response DefaultHttpResponse(decodeResult: success, version: HTTP/1.1)
HTTP/1.1 200 OK
content-length: 25
content-type: application/json; charset=utf-8
cache-control: no-cache

18:43:57.310 [AsyncHttpClient-1-2] DEBUG org.asynchttpclient.netty.channel.ChannelManager -- Adding key: http://localhost:4444 for channel [id: 0x98e99774, L:/127.0.0.1:56740 - R:localhost/127.0.0.1:4444]
18:43:57.313 [main] INFO helpers.LoggerHelper -- Testing user: standard_user
18:43:57.315 [Forwarding findElement on session 0a975932d5d13a633e287ebb2eea088e to remote] DEBUG org.asynchttpclient.netty.request.NettyRequestSender -- Using pooled Channel '[id: 0x98e99774, L:/127.0.0.1:56740 - R:localhost/127.0.0.1:4444]' for 'POST' to 'http://localhost:4444/wd/hub/session/0a975932d5d13a633e287ebb2eea088e/element'
18:43:57.315 [Forwarding findElement on session 0a975932d5d13a633e287ebb2eea088e to remote] DEBUG org.asynchttpclient.netty.request.NettyRequestSender -- Using open Channel [id: 0x98e99774, L:/127.0.0.1:56740 - R:localhost/127.0.0.1:4444] for POST '/wd/hub/session/0a975932d5d13a633e287ebb2eea088e/element'
18:43:57.351 [AsyncHttpClient-1-2] DEBUG org.asynchttpclient.netty.handler.HttpHandler -- 

Request DefaultHttpRequest(decodeResult: success, version: HTTP/1.1)
POST /wd/hub/session/0a975932d5d13a633e287ebb2eea088e/element HTTP/1.1
traceparent: 00-eb42ed1b6a994c79d5c09efa7ae32203-1a97f6c5559aaf5a-01
User-Agent: selenium/4.13.0 (java windows)
Content-Length: 53
Content-Type: application/json; charset=utf-8
host: localhost:4444
accept: */*

Response DefaultHttpResponse(decodeResult: success, version: HTTP/1.1)
HTTP/1.1 200 OK
content-length: 94
content-type: application/json; charset=utf-8
cache-control: no-cache

18:43:57.351 [AsyncHttpClient-1-2] DEBUG org.asynchttpclient.netty.channel.ChannelManager -- Adding key: http://localhost:4444 for channel [id: 0x98e99774, L:/127.0.0.1:56740 - R:localhost/127.0.0.1:4444]
18:43:57.356 [Forwarding isElementDisplayed on session 0a975932d5d13a633e287ebb2eea088e to remote] DEBUG org.asynchttpclient.netty.request.NettyRequestSender -- Using pooled Channel '[id: 0x98e99774, L:/127.0.0.1:56740 - R:localhost/127.0.0.1:4444]' for 'POST' to 'http://localhost:4444/wd/hub/session/0a975932d5d13a633e287ebb2eea088e/execute/sync'
18:43:57.356 [Forwarding isElementDisplayed on session 0a975932d5d13a633e287ebb2eea088e to remote] DEBUG org.asynchttpclient.netty.request.NettyRequestSender -- Using open Channel [id: 0x98e99774, L:/127.0.0.1:56740 - R:localhost/127.0.0.1:4444] for POST '/wd/hub/session/0a975932d5d13a633e287ebb2eea088e/execute/sync'
18:43:57.395 [AsyncHttpClient-1-2] DEBUG org.asynchttpclient.netty.handler.HttpHandler -- 

Request DefaultHttpRequest(decodeResult: success, version: HTTP/1.1)
POST /wd/hub/session/0a975932d5d13a633e287ebb2eea088e/execute/sync HTTP/1.1
traceparent: 00-7238c97d61df0e4eac036cbd3eb1cb56-03fc0eb33c732a6f-01
User-Agent: selenium/4.13.0 (java windows)
Content-Length: 48813
Content-Type: application/json; charset=utf-8
host: localhost:4444
accept: */*

Response DefaultHttpResponse(decodeResult: success, version: HTTP/1.1)
HTTP/1.1 200 OK
content-length: 14
content-type: application/json; charset=utf-8
cache-control: no-cache

18:43:57.396 [AsyncHttpClient-1-2] DEBUG org.asynchttpclient.netty.channel.ChannelManager -- Adding key: http://localhost:4444 for channel [id: 0x98e99774, L:/127.0.0.1:56740 - R:localhost/127.0.0.1:4444]
18:43:57.399 [Forwarding findElement on session 0a975932d5d13a633e287ebb2eea088e to remote] DEBUG org.asynchttpclient.netty.request.NettyRequestSender -- Using pooled Channel '[id: 0x98e99774, L:/127.0.0.1:56740 - R:localhost/127.0.0.1:4444]' for 'POST' to 'http://localhost:4444/wd/hub/session/0a975932d5d13a633e287ebb2eea088e/element'
18:43:57.399 [Forwarding findElement on session 0a975932d5d13a633e287ebb2eea088e to remote] DEBUG org.asynchttpclient.netty.request.NettyRequestSender -- Using open Channel [id: 0x98e99774, L:/127.0.0.1:56740 - R:localhost/127.0.0.1:4444] for POST '/wd/hub/session/0a975932d5d13a633e287ebb2eea088e/element'
18:43:57.423 [AsyncHttpClient-1-2] DEBUG org.asynchttpclient.netty.handler.HttpHandler -- 

Request DefaultHttpRequest(decodeResult: success, version: HTTP/1.1)
POST /wd/hub/session/0a975932d5d13a633e287ebb2eea088e/element HTTP/1.1
traceparent: 00-f3df160da5d742eab2fab48c9b44524d-82953392bf93d669-01
User-Agent: selenium/4.13.0 (java windows)
Content-Length: 53
Content-Type: application/json; charset=utf-8
host: localhost:4444
accept: */*

Response DefaultHttpResponse(decodeResult: success, version: HTTP/1.1)
HTTP/1.1 200 OK
content-length: 94
content-type: application/json; charset=utf-8
cache-control: no-cache

18:43:57.424 [AsyncHttpClient-1-2] DEBUG org.asynchttpclient.netty.channel.ChannelManager -- Adding key: http://localhost:4444 for channel [id: 0x98e99774, L:/127.0.0.1:56740 - R:localhost/127.0.0.1:4444]
18:43:57.428 [Forwarding sendKeysToElement on session 0a975932d5d13a633e287ebb2eea088e to remote] DEBUG org.asynchttpclient.netty.request.NettyRequestSender -- Using pooled Channel '[id: 0x98e99774, L:/127.0.0.1:56740 - R:localhost/127.0.0.1:4444]' for 'POST' to 'http://localhost:4444/wd/hub/session/0a975932d5d13a633e287ebb2eea088e/element/453C5B9E34A56EED4AD827D096E75754_element_2/value'
18:43:57.428 [Forwarding sendKeysToElement on session 0a975932d5d13a633e287ebb2eea088e to remote] DEBUG org.asynchttpclient.netty.request.NettyRequestSender -- Using open Channel [id: 0x98e99774, L:/127.0.0.1:56740 - R:localhost/127.0.0.1:4444] for POST '/wd/hub/session/0a975932d5d13a633e287ebb2eea088e/element/453C5B9E34A56EED4AD827D096E75754_element_2/value'
18:43:57.628 [AsyncHttpClient-1-2] DEBUG org.asynchttpclient.netty.handler.HttpHandler -- 

Request DefaultHttpRequest(decodeResult: success, version: HTTP/1.1)
POST /wd/hub/session/0a975932d5d13a633e287ebb2eea088e/element/453C5B9E34A56EED4AD827D096E75754_element_2/value HTTP/1.1
traceparent: 00-af35cb3f95c54b7247463ef8d39abdd5-5e02dea39472fd60-01
User-Agent: selenium/4.13.0 (java windows)
Content-Length: 207
Content-Type: application/json; charset=utf-8
host: localhost:4444
accept: */*

Response DefaultHttpResponse(decodeResult: success, version: HTTP/1.1)
HTTP/1.1 200 OK
content-length: 14
content-type: application/json; charset=utf-8
cache-control: no-cache

18:43:57.629 [AsyncHttpClient-1-2] DEBUG org.asynchttpclient.netty.channel.ChannelManager -- Adding key: http://localhost:4444 for channel [id: 0x98e99774, L:/127.0.0.1:56740 - R:localhost/127.0.0.1:4444]
18:43:57.631 [Forwarding findElement on session 0a975932d5d13a633e287ebb2eea088e to remote] DEBUG org.asynchttpclient.netty.request.NettyRequestSender -- Using pooled Channel '[id: 0x98e99774, L:/127.0.0.1:56740 - R:localhost/127.0.0.1:4444]' for 'POST' to 'http://localhost:4444/wd/hub/session/0a975932d5d13a633e287ebb2eea088e/element'
18:43:57.632 [Forwarding findElement on session 0a975932d5d13a633e287ebb2eea088e to remote] DEBUG org.asynchttpclient.netty.request.NettyRequestSender -- Using open Channel [id: 0x98e99774, L:/127.0.0.1:56740 - R:localhost/127.0.0.1:4444] for POST '/wd/hub/session/0a975932d5d13a633e287ebb2eea088e/element'
18:43:57.670 [AsyncHttpClient-1-2] DEBUG org.asynchttpclient.netty.handler.HttpHandler -- 

Request DefaultHttpRequest(decodeResult: success, version: HTTP/1.1)
POST /wd/hub/session/0a975932d5d13a633e287ebb2eea088e/element HTTP/1.1
traceparent: 00-e44fa9dcffe1d5f717e69c70783dd4ff-e492002951564f29-01
User-Agent: selenium/4.13.0 (java windows)
Content-Length: 53
Content-Type: application/json; charset=utf-8
host: localhost:4444
accept: */*

Response DefaultHttpResponse(decodeResult: success, version: HTTP/1.1)
HTTP/1.1 200 OK
content-length: 94
content-type: application/json; charset=utf-8
cache-control: no-cache

18:43:57.671 [AsyncHttpClient-1-2] DEBUG org.asynchttpclient.netty.channel.ChannelManager -- Adding key: http://localhost:4444 for channel [id: 0x98e99774, L:/127.0.0.1:56740 - R:localhost/127.0.0.1:4444]
18:43:57.675 [Forwarding getElementAttribute on session 0a975932d5d13a633e287ebb2eea088e to remote] DEBUG org.asynchttpclient.netty.request.NettyRequestSender -- Using pooled Channel '[id: 0x98e99774, L:/127.0.0.1:56740 - R:localhost/127.0.0.1:4444]' for 'POST' to 'http://localhost:4444/wd/hub/session/0a975932d5d13a633e287ebb2eea088e/execute/sync'
18:43:57.676 [Forwarding getElementAttribute on session 0a975932d5d13a633e287ebb2eea088e to remote] DEBUG org.asynchttpclient.netty.request.NettyRequestSender -- Using open Channel [id: 0x98e99774, L:/127.0.0.1:56740 - R:localhost/127.0.0.1:4444] for POST '/wd/hub/session/0a975932d5d13a633e287ebb2eea088e/execute/sync'
18:43:57.714 [AsyncHttpClient-1-2] DEBUG org.asynchttpclient.netty.handler.HttpHandler -- 

Request DefaultHttpRequest(decodeResult: success, version: HTTP/1.1)
POST /wd/hub/session/0a975932d5d13a633e287ebb2eea088e/execute/sync HTTP/1.1
traceparent: 00-3e1d9ed1dd868301ccb9efb4fe18cbc8-8ce595b444529797-01
User-Agent: selenium/4.13.0 (java windows)
Content-Length: 47378
Content-Type: application/json; charset=utf-8
host: localhost:4444
accept: */*

Response DefaultHttpResponse(decodeResult: success, version: HTTP/1.1)
HTTP/1.1 200 OK
content-length: 224
content-type: application/json; charset=utf-8
cache-control: no-cache

18:43:57.715 [AsyncHttpClient-1-2] DEBUG org.asynchttpclient.netty.channel.ChannelManager -- Adding key: http://localhost:4444 for channel [id: 0x98e99774, L:/127.0.0.1:56740 - R:localhost/127.0.0.1:4444]
18:43:57.719 [Forwarding getElementAttribute on session 0a975932d5d13a633e287ebb2eea088e to remote] DEBUG org.asynchttpclient.netty.request.NettyRequestSender -- Using pooled Channel '[id: 0x98e99774, L:/127.0.0.1:56740 - R:localhost/127.0.0.1:4444]' for 'POST' to 'http://localhost:4444/wd/hub/session/0a975932d5d13a633e287ebb2eea088e/execute/sync'
18:43:57.719 [Forwarding getElementAttribute on session 0a975932d5d13a633e287ebb2eea088e to remote] DEBUG org.asynchttpclient.netty.request.NettyRequestSender -- Using open Channel [id: 0x98e99774, L:/127.0.0.1:56740 - R:localhost/127.0.0.1:4444] for POST '/wd/hub/session/0a975932d5d13a633e287ebb2eea088e/execute/sync'
18:43:57.750 [AsyncHttpClient-1-2] DEBUG org.asynchttpclient.netty.handler.HttpHandler -- 

Request DefaultHttpRequest(decodeResult: success, version: HTTP/1.1)
POST /wd/hub/session/0a975932d5d13a633e287ebb2eea088e/execute/sync HTTP/1.1
traceparent: 00-702dcbb13ccb65a1edcc197498d073c2-d652097b4043a2b5-01
User-Agent: selenium/4.13.0 (java windows)
Content-Length: 47374
Content-Type: application/json; charset=utf-8
host: localhost:4444
accept: */*

Response DefaultHttpResponse(decodeResult: success, version: HTTP/1.1)
HTTP/1.1 200 OK
content-length: 34
content-type: application/json; charset=utf-8
cache-control: no-cache

18:43:57.751 [AsyncHttpClient-1-2] DEBUG org.asynchttpclient.netty.channel.ChannelManager -- Adding key: http://localhost:4444 for channel [id: 0x98e99774, L:/127.0.0.1:56740 - R:localhost/127.0.0.1:4444]
18:43:57.758 [Forwarding getElementAttribute on session 0a975932d5d13a633e287ebb2eea088e to remote] DEBUG org.asynchttpclient.netty.request.NettyRequestSender -- Using pooled Channel '[id: 0x98e99774, L:/127.0.0.1:56740 - R:localhost/127.0.0.1:4444]' for 'POST' to 'http://localhost:4444/wd/hub/session/0a975932d5d13a633e287ebb2eea088e/execute/sync'
18:43:57.758 [Forwarding getElementAttribute on session 0a975932d5d13a633e287ebb2eea088e to remote] DEBUG org.asynchttpclient.netty.request.NettyRequestSender -- Using open Channel [id: 0x98e99774, L:/127.0.0.1:56740 - R:localhost/127.0.0.1:4444] for POST '/wd/hub/session/0a975932d5d13a633e287ebb2eea088e/execute/sync'
18:43:57.801 [AsyncHttpClient-1-2] DEBUG org.asynchttpclient.netty.handler.HttpHandler -- 

Request DefaultHttpRequest(decodeResult: success, version: HTTP/1.1)
POST /wd/hub/session/0a975932d5d13a633e287ebb2eea088e/execute/sync HTTP/1.1
traceparent: 00-94103a784abd3a0b86f697c6804976c4-e6b1293e2a3f501e-01
User-Agent: selenium/4.13.0 (java windows)
Content-Length: 47380
Content-Type: application/json; charset=utf-8
host: localhost:4444
accept: */*

Response DefaultHttpResponse(decodeResult: success, version: HTTP/1.1)
HTTP/1.1 200 OK
content-length: 20
content-type: application/json; charset=utf-8
cache-control: no-cache

18:43:57.803 [AsyncHttpClient-1-2] DEBUG org.asynchttpclient.netty.channel.ChannelManager -- Adding key: http://localhost:4444 for channel [id: 0x98e99774, L:/127.0.0.1:56740 - R:localhost/127.0.0.1:4444]
18:43:57.811 [Forwarding getElementAttribute on session 0a975932d5d13a633e287ebb2eea088e to remote] DEBUG org.asynchttpclient.netty.request.NettyRequestSender -- Using pooled Channel '[id: 0x98e99774, L:/127.0.0.1:56740 - R:localhost/127.0.0.1:4444]' for 'POST' to 'http://localhost:4444/wd/hub/session/0a975932d5d13a633e287ebb2eea088e/execute/sync'
18:43:57.811 [Forwarding getElementAttribute on session 0a975932d5d13a633e287ebb2eea088e to remote] DEBUG org.asynchttpclient.netty.request.NettyRequestSender -- Using open Channel [id: 0x98e99774, L:/127.0.0.1:56740 - R:localhost/127.0.0.1:4444] for POST '/wd/hub/session/0a975932d5d13a633e287ebb2eea088e/execute/sync'
18:43:57.877 [AsyncHttpClient-1-2] DEBUG org.asynchttpclient.netty.handler.HttpHandler -- 

Request DefaultHttpRequest(decodeResult: success, version: HTTP/1.1)
POST /wd/hub/session/0a975932d5d13a633e287ebb2eea088e/execute/sync HTTP/1.1
traceparent: 00-a751698973c3181d83a27df3f4547ebc-457b1e0e2323024b-01
User-Agent: selenium/4.13.0 (java windows)
Content-Length: 47373
Content-Type: application/json; charset=utf-8
host: localhost:4444
accept: */*

Response DefaultHttpResponse(decodeResult: success, version: HTTP/1.1)
HTTP/1.1 200 OK
content-length: 20
content-type: application/json; charset=utf-8
cache-control: no-cache

18:43:57.877 [AsyncHttpClient-1-2] DEBUG org.asynchttpclient.netty.channel.ChannelManager -- Adding key: http://localhost:4444 for channel [id: 0x98e99774, L:/127.0.0.1:56740 - R:localhost/127.0.0.1:4444]
18:43:57.886 [Forwarding getElementAttribute on session 0a975932d5d13a633e287ebb2eea088e to remote] DEBUG org.asynchttpclient.netty.request.NettyRequestSender -- Using pooled Channel '[id: 0x98e99774, L:/127.0.0.1:56740 - R:localhost/127.0.0.1:4444]' for 'POST' to 'http://localhost:4444/wd/hub/session/0a975932d5d13a633e287ebb2eea088e/execute/sync'
18:43:57.886 [Forwarding getElementAttribute on session 0a975932d5d13a633e287ebb2eea088e to remote] DEBUG org.asynchttpclient.netty.request.NettyRequestSender -- Using open Channel [id: 0x98e99774, L:/127.0.0.1:56740 - R:localhost/127.0.0.1:4444] for POST '/wd/hub/session/0a975932d5d13a633e287ebb2eea088e/execute/sync'
18:43:57.929 [AsyncHttpClient-1-2] DEBUG org.asynchttpclient.netty.handler.HttpHandler -- 

Request DefaultHttpRequest(decodeResult: success, version: HTTP/1.1)
POST /wd/hub/session/0a975932d5d13a633e287ebb2eea088e/execute/sync HTTP/1.1
traceparent: 00-3bd2235748f45ae5fd45fe12a945b9ee-ae288cf62b5e56e8-01
User-Agent: selenium/4.13.0 (java windows)
Content-Length: 47378
Content-Type: application/json; charset=utf-8
host: localhost:4444
accept: */*

Response DefaultHttpResponse(decodeResult: success, version: HTTP/1.1)
HTTP/1.1 200 OK
content-length: 20
content-type: application/json; charset=utf-8
cache-control: no-cache

18:43:57.930 [AsyncHttpClient-1-2] DEBUG org.asynchttpclient.netty.channel.ChannelManager -- Adding key: http://localhost:4444 for channel [id: 0x98e99774, L:/127.0.0.1:56740 - R:localhost/127.0.0.1:4444]
18:43:57.936 [Forwarding getElementAttribute on session 0a975932d5d13a633e287ebb2eea088e to remote] DEBUG org.asynchttpclient.netty.request.NettyRequestSender -- Using pooled Channel '[id: 0x98e99774, L:/127.0.0.1:56740 - R:localhost/127.0.0.1:4444]' for 'POST' to 'http://localhost:4444/wd/hub/session/0a975932d5d13a633e287ebb2eea088e/execute/sync'
18:43:57.936 [Forwarding getElementAttribute on session 0a975932d5d13a633e287ebb2eea088e to remote] DEBUG org.asynchttpclient.netty.request.NettyRequestSender -- Using open Channel [id: 0x98e99774, L:/127.0.0.1:56740 - R:localhost/127.0.0.1:4444] for POST '/wd/hub/session/0a975932d5d13a633e287ebb2eea088e/execute/sync'
18:43:57.996 [AsyncHttpClient-1-2] DEBUG org.asynchttpclient.netty.handler.HttpHandler -- 

Request DefaultHttpRequest(decodeResult: success, version: HTTP/1.1)
POST /wd/hub/session/0a975932d5d13a633e287ebb2eea088e/execute/sync HTTP/1.1
traceparent: 00-fea360cfc8b0736e8f88574e01dd88a4-e04a122a76012cc7-01
User-Agent: selenium/4.13.0 (java windows)
Content-Length: 47371
Content-Type: application/json; charset=utf-8
host: localhost:4444
accept: */*

Response DefaultHttpResponse(decodeResult: success, version: HTTP/1.1)
HTTP/1.1 200 OK
content-length: 20
content-type: application/json; charset=utf-8
cache-control: no-cache

18:43:57.996 [AsyncHttpClient-1-2] DEBUG org.asynchttpclient.netty.channel.ChannelManager -- Adding key: http://localhost:4444 for channel [id: 0x98e99774, L:/127.0.0.1:56740 - R:localhost/127.0.0.1:4444]
18:43:58.003 [Forwarding getElementAttribute on session 0a975932d5d13a633e287ebb2eea088e to remote] DEBUG org.asynchttpclient.netty.request.NettyRequestSender -- Using pooled Channel '[id: 0x98e99774, L:/127.0.0.1:56740 - R:localhost/127.0.0.1:4444]' for 'POST' to 'http://localhost:4444/wd/hub/session/0a975932d5d13a633e287ebb2eea088e/execute/sync'
18:43:58.003 [Forwarding getElementAttribute on session 0a975932d5d13a633e287ebb2eea088e to remote] DEBUG org.asynchttpclient.netty.request.NettyRequestSender -- Using open Channel [id: 0x98e99774, L:/127.0.0.1:56740 - R:localhost/127.0.0.1:4444] for POST '/wd/hub/session/0a975932d5d13a633e287ebb2eea088e/execute/sync'
18:43:58.130 [AsyncHttpClient-1-2] DEBUG org.asynchttpclient.netty.handler.HttpHandler -- 

Request DefaultHttpRequest(decodeResult: success, version: HTTP/1.1)
POST /wd/hub/session/0a975932d5d13a633e287ebb2eea088e/execute/sync HTTP/1.1
traceparent: 00-d1c5decb7a8ab7e783ab01caa6879c53-82b1686ab56f1e33-01
User-Agent: selenium/4.13.0 (java windows)
Content-Length: 47373
Content-Type: application/json; charset=utf-8
host: localhost:4444
accept: */*

Response DefaultHttpResponse(decodeResult: success, version: HTTP/1.1)
HTTP/1.1 200 OK
content-length: 20
content-type: application/json; charset=utf-8
cache-control: no-cache

18:43:58.130 [AsyncHttpClient-1-2] DEBUG org.asynchttpclient.netty.channel.ChannelManager -- Adding key: http://localhost:4444 for channel [id: 0x98e99774, L:/127.0.0.1:56740 - R:localhost/127.0.0.1:4444]
18:43:58.135 [Forwarding getElementAttribute on session 0a975932d5d13a633e287ebb2eea088e to remote] DEBUG org.asynchttpclient.netty.request.NettyRequestSender -- Using pooled Channel '[id: 0x98e99774, L:/127.0.0.1:56740 - R:localhost/127.0.0.1:4444]' for 'POST' to 'http://localhost:4444/wd/hub/session/0a975932d5d13a633e287ebb2eea088e/execute/sync'
18:43:58.136 [Forwarding getElementAttribute on session 0a975932d5d13a633e287ebb2eea088e to remote] DEBUG org.asynchttpclient.netty.request.NettyRequestSender -- Using open Channel [id: 0x98e99774, L:/127.0.0.1:56740 - R:localhost/127.0.0.1:4444] for POST '/wd/hub/session/0a975932d5d13a633e287ebb2eea088e/execute/sync'
18:43:58.181 [AsyncHttpClient-1-2] DEBUG org.asynchttpclient.netty.handler.HttpHandler -- 

Request DefaultHttpRequest(decodeResult: success, version: HTTP/1.1)
POST /wd/hub/session/0a975932d5d13a633e287ebb2eea088e/execute/sync HTTP/1.1
traceparent: 00-3fbe9f331a458edac35a35c0effdedbe-8385b299c3089c05-01
User-Agent: selenium/4.13.0 (java windows)
Content-Length: 47380
Content-Type: application/json; charset=utf-8
host: localhost:4444
accept: */*

Response DefaultHttpResponse(decodeResult: success, version: HTTP/1.1)
HTTP/1.1 200 OK
content-length: 15
content-type: application/json; charset=utf-8
cache-control: no-cache

18:43:58.182 [AsyncHttpClient-1-2] DEBUG org.asynchttpclient.netty.channel.ChannelManager -- Adding key: http://localhost:4444 for channel [id: 0x98e99774, L:/127.0.0.1:56740 - R:localhost/127.0.0.1:4444]
18:43:58.191 [Forwarding getElementAttribute on session 0a975932d5d13a633e287ebb2eea088e to remote] DEBUG org.asynchttpclient.netty.request.NettyRequestSender -- Using pooled Channel '[id: 0x98e99774, L:/127.0.0.1:56740 - R:localhost/127.0.0.1:4444]' for 'POST' to 'http://localhost:4444/wd/hub/session/0a975932d5d13a633e287ebb2eea088e/execute/sync'
18:43:58.191 [Forwarding getElementAttribute on session 0a975932d5d13a633e287ebb2eea088e to remote] DEBUG org.asynchttpclient.netty.request.NettyRequestSender -- Using open Channel [id: 0x98e99774, L:/127.0.0.1:56740 - R:localhost/127.0.0.1:4444] for POST '/wd/hub/session/0a975932d5d13a633e287ebb2eea088e/execute/sync'
18:43:58.243 [AsyncHttpClient-1-2] DEBUG org.asynchttpclient.netty.handler.HttpHandler -- 

Request DefaultHttpRequest(decodeResult: success, version: HTTP/1.1)
POST /wd/hub/session/0a975932d5d13a633e287ebb2eea088e/execute/sync HTTP/1.1
traceparent: 00-b210d1ede14084041563fb6684c1197a-fdfc80a682c71c92-01
User-Agent: selenium/4.13.0 (java windows)
Content-Length: 47383
Content-Type: application/json; charset=utf-8
host: localhost:4444
accept: */*

Response DefaultHttpResponse(decodeResult: success, version: HTTP/1.1)
HTTP/1.1 200 OK
content-length: 16
content-type: application/json; charset=utf-8
cache-control: no-cache

18:43:58.244 [AsyncHttpClient-1-2] DEBUG org.asynchttpclient.netty.channel.ChannelManager -- Adding key: http://localhost:4444 for channel [id: 0x98e99774, L:/127.0.0.1:56740 - R:localhost/127.0.0.1:4444]
18:43:58.251 [Forwarding getElementAttribute on session 0a975932d5d13a633e287ebb2eea088e to remote] DEBUG org.asynchttpclient.netty.request.NettyRequestSender -- Using pooled Channel '[id: 0x98e99774, L:/127.0.0.1:56740 - R:localhost/127.0.0.1:4444]' for 'POST' to 'http://localhost:4444/wd/hub/session/0a975932d5d13a633e287ebb2eea088e/execute/sync'
18:43:58.251 [Forwarding getElementAttribute on session 0a975932d5d13a633e287ebb2eea088e to remote] DEBUG org.asynchttpclient.netty.request.NettyRequestSender -- Using open Channel [id: 0x98e99774, L:/127.0.0.1:56740 - R:localhost/127.0.0.1:4444] for POST '/wd/hub/session/0a975932d5d13a633e287ebb2eea088e/execute/sync'
18:43:58.291 [AsyncHttpClient-1-2] DEBUG org.asynchttpclient.netty.handler.HttpHandler -- 

Request DefaultHttpRequest(decodeResult: success, version: HTTP/1.1)
POST /wd/hub/session/0a975932d5d13a633e287ebb2eea088e/execute/sync HTTP/1.1
traceparent: 00-7e98171d9e942943d54b0fd75d8d5531-3380bf1214ee076d-01
User-Agent: selenium/4.13.0 (java windows)
Content-Length: 47374
Content-Type: application/json; charset=utf-8
host: localhost:4444
accept: */*

Response DefaultHttpResponse(decodeResult: success, version: HTTP/1.1)
HTTP/1.1 200 OK
content-length: 24
content-type: application/json; charset=utf-8
cache-control: no-cache

18:43:58.291 [AsyncHttpClient-1-2] DEBUG org.asynchttpclient.netty.channel.ChannelManager -- Adding key: http://localhost:4444 for channel [id: 0x98e99774, L:/127.0.0.1:56740 - R:localhost/127.0.0.1:4444]
18:43:58.295 [main] INFO helpers.LoggerHelper -- Testing password: secret_sauce
18:43:58.298 [Forwarding findElement on session 0a975932d5d13a633e287ebb2eea088e to remote] DEBUG org.asynchttpclient.netty.request.NettyRequestSender -- Using pooled Channel '[id: 0x98e99774, L:/127.0.0.1:56740 - R:localhost/127.0.0.1:4444]' for 'POST' to 'http://localhost:4444/wd/hub/session/0a975932d5d13a633e287ebb2eea088e/element'
18:43:58.298 [Forwarding findElement on session 0a975932d5d13a633e287ebb2eea088e to remote] DEBUG org.asynchttpclient.netty.request.NettyRequestSender -- Using open Channel [id: 0x98e99774, L:/127.0.0.1:56740 - R:localhost/127.0.0.1:4444] for POST '/wd/hub/session/0a975932d5d13a633e287ebb2eea088e/element'
18:43:58.350 [AsyncHttpClient-1-2] DEBUG org.asynchttpclient.netty.handler.HttpHandler -- 

Request DefaultHttpRequest(decodeResult: success, version: HTTP/1.1)
POST /wd/hub/session/0a975932d5d13a633e287ebb2eea088e/element HTTP/1.1
traceparent: 00-01ec9b432f01fa25dae51c05513bae40-5ba61e70778b4157-01
User-Agent: selenium/4.13.0 (java windows)
Content-Length: 59
Content-Type: application/json; charset=utf-8
host: localhost:4444
accept: */*

Response DefaultHttpResponse(decodeResult: success, version: HTTP/1.1)
HTTP/1.1 200 OK
content-length: 94
content-type: application/json; charset=utf-8
cache-control: no-cache

18:43:58.351 [AsyncHttpClient-1-2] DEBUG org.asynchttpclient.netty.channel.ChannelManager -- Adding key: http://localhost:4444 for channel [id: 0x98e99774, L:/127.0.0.1:56740 - R:localhost/127.0.0.1:4444]
18:43:58.362 [Forwarding isElementDisplayed on session 0a975932d5d13a633e287ebb2eea088e to remote] DEBUG org.asynchttpclient.netty.request.NettyRequestSender -- Using pooled Channel '[id: 0x98e99774, L:/127.0.0.1:56740 - R:localhost/127.0.0.1:4444]' for 'POST' to 'http://localhost:4444/wd/hub/session/0a975932d5d13a633e287ebb2eea088e/execute/sync'
18:43:58.362 [Forwarding isElementDisplayed on session 0a975932d5d13a633e287ebb2eea088e to remote] DEBUG org.asynchttpclient.netty.request.NettyRequestSender -- Using open Channel [id: 0x98e99774, L:/127.0.0.1:56740 - R:localhost/127.0.0.1:4444] for POST '/wd/hub/session/0a975932d5d13a633e287ebb2eea088e/execute/sync'
18:43:58.432 [AsyncHttpClient-1-2] DEBUG org.asynchttpclient.netty.handler.HttpHandler -- 

Request DefaultHttpRequest(decodeResult: success, version: HTTP/1.1)
POST /wd/hub/session/0a975932d5d13a633e287ebb2eea088e/execute/sync HTTP/1.1
traceparent: 00-96c0419e2188968f9d5e8d54a78332fd-e60cd7cdf4fc4128-01
User-Agent: selenium/4.13.0 (java windows)
Content-Length: 48813
Content-Type: application/json; charset=utf-8
host: localhost:4444
accept: */*

Response DefaultHttpResponse(decodeResult: success, version: HTTP/1.1)
HTTP/1.1 200 OK
content-length: 14
content-type: application/json; charset=utf-8
cache-control: no-cache

18:43:58.433 [AsyncHttpClient-1-2] DEBUG org.asynchttpclient.netty.channel.ChannelManager -- Adding key: http://localhost:4444 for channel [id: 0x98e99774, L:/127.0.0.1:56740 - R:localhost/127.0.0.1:4444]
18:43:58.436 [Forwarding findElement on session 0a975932d5d13a633e287ebb2eea088e to remote] DEBUG org.asynchttpclient.netty.request.NettyRequestSender -- Using pooled Channel '[id: 0x98e99774, L:/127.0.0.1:56740 - R:localhost/127.0.0.1:4444]' for 'POST' to 'http://localhost:4444/wd/hub/session/0a975932d5d13a633e287ebb2eea088e/element'
18:43:58.437 [Forwarding findElement on session 0a975932d5d13a633e287ebb2eea088e to remote] DEBUG org.asynchttpclient.netty.request.NettyRequestSender -- Using open Channel [id: 0x98e99774, L:/127.0.0.1:56740 - R:localhost/127.0.0.1:4444] for POST '/wd/hub/session/0a975932d5d13a633e287ebb2eea088e/element'
18:43:58.463 [AsyncHttpClient-1-2] DEBUG org.asynchttpclient.netty.handler.HttpHandler -- 

Request DefaultHttpRequest(decodeResult: success, version: HTTP/1.1)
POST /wd/hub/session/0a975932d5d13a633e287ebb2eea088e/element HTTP/1.1
traceparent: 00-d4e68d56735991aaca997f1a86993dae-cc699586d96874aa-01
User-Agent: selenium/4.13.0 (java windows)
Content-Length: 59
Content-Type: application/json; charset=utf-8
host: localhost:4444
accept: */*

Response DefaultHttpResponse(decodeResult: success, version: HTTP/1.1)
HTTP/1.1 200 OK
content-length: 94
content-type: application/json; charset=utf-8
cache-control: no-cache

18:43:58.464 [AsyncHttpClient-1-2] DEBUG org.asynchttpclient.netty.channel.ChannelManager -- Adding key: http://localhost:4444 for channel [id: 0x98e99774, L:/127.0.0.1:56740 - R:localhost/127.0.0.1:4444]
18:43:58.469 [Forwarding getElementAttribute on session 0a975932d5d13a633e287ebb2eea088e to remote] DEBUG org.asynchttpclient.netty.request.NettyRequestSender -- Using pooled Channel '[id: 0x98e99774, L:/127.0.0.1:56740 - R:localhost/127.0.0.1:4444]' for 'POST' to 'http://localhost:4444/wd/hub/session/0a975932d5d13a633e287ebb2eea088e/execute/sync'
18:43:58.470 [Forwarding getElementAttribute on session 0a975932d5d13a633e287ebb2eea088e to remote] DEBUG org.asynchttpclient.netty.request.NettyRequestSender -- Using open Channel [id: 0x98e99774, L:/127.0.0.1:56740 - R:localhost/127.0.0.1:4444] for POST '/wd/hub/session/0a975932d5d13a633e287ebb2eea088e/execute/sync'
18:43:58.511 [AsyncHttpClient-1-2] DEBUG org.asynchttpclient.netty.handler.HttpHandler -- 

Request DefaultHttpRequest(decodeResult: success, version: HTTP/1.1)
POST /wd/hub/session/0a975932d5d13a633e287ebb2eea088e/execute/sync HTTP/1.1
traceparent: 00-f0d712d7a478c08508b5f83fd87c896c-d7d50783cced4b96-01
User-Agent: selenium/4.13.0 (java windows)
Content-Length: 47378
Content-Type: application/json; charset=utf-8
host: localhost:4444
accept: */*

Response DefaultHttpResponse(decodeResult: success, version: HTTP/1.1)
HTTP/1.1 200 OK
content-length: 160
content-type: application/json; charset=utf-8
cache-control: no-cache

18:43:58.512 [AsyncHttpClient-1-2] DEBUG org.asynchttpclient.netty.channel.ChannelManager -- Adding key: http://localhost:4444 for channel [id: 0x98e99774, L:/127.0.0.1:56740 - R:localhost/127.0.0.1:4444]
18:43:58.517 [Forwarding getElementAttribute on session 0a975932d5d13a633e287ebb2eea088e to remote] DEBUG org.asynchttpclient.netty.request.NettyRequestSender -- Using pooled Channel '[id: 0x98e99774, L:/127.0.0.1:56740 - R:localhost/127.0.0.1:4444]' for 'POST' to 'http://localhost:4444/wd/hub/session/0a975932d5d13a633e287ebb2eea088e/execute/sync'
18:43:58.518 [Forwarding getElementAttribute on session 0a975932d5d13a633e287ebb2eea088e to remote] DEBUG org.asynchttpclient.netty.request.NettyRequestSender -- Using open Channel [id: 0x98e99774, L:/127.0.0.1:56740 - R:localhost/127.0.0.1:4444] for POST '/wd/hub/session/0a975932d5d13a633e287ebb2eea088e/execute/sync'
18:43:58.555 [AsyncHttpClient-1-2] DEBUG org.asynchttpclient.netty.handler.HttpHandler -- 

Request DefaultHttpRequest(decodeResult: success, version: HTTP/1.1)
POST /wd/hub/session/0a975932d5d13a633e287ebb2eea088e/execute/sync HTTP/1.1
traceparent: 00-b0f3aa6d94b04c964966fcd565fb9cac-27e45e7fb150f21a-01
User-Agent: selenium/4.13.0 (java windows)
Content-Length: 47373
Content-Type: application/json; charset=utf-8
host: localhost:4444
accept: */*

Response DefaultHttpResponse(decodeResult: success, version: HTTP/1.1)
HTTP/1.1 200 OK
content-length: 18
content-type: application/json; charset=utf-8
cache-control: no-cache

18:43:58.556 [AsyncHttpClient-1-2] DEBUG org.asynchttpclient.netty.channel.ChannelManager -- Adding key: http://localhost:4444 for channel [id: 0x98e99774, L:/127.0.0.1:56740 - R:localhost/127.0.0.1:4444]
18:43:58.560 [Forwarding getElementAttribute on session 0a975932d5d13a633e287ebb2eea088e to remote] DEBUG org.asynchttpclient.netty.request.NettyRequestSender -- Using pooled Channel '[id: 0x98e99774, L:/127.0.0.1:56740 - R:localhost/127.0.0.1:4444]' for 'POST' to 'http://localhost:4444/wd/hub/session/0a975932d5d13a633e287ebb2eea088e/execute/sync'
18:43:58.560 [Forwarding getElementAttribute on session 0a975932d5d13a633e287ebb2eea088e to remote] DEBUG org.asynchttpclient.netty.request.NettyRequestSender -- Using open Channel [id: 0x98e99774, L:/127.0.0.1:56740 - R:localhost/127.0.0.1:4444] for POST '/wd/hub/session/0a975932d5d13a633e287ebb2eea088e/execute/sync'
18:43:58.607 [AsyncHttpClient-1-2] DEBUG org.asynchttpclient.netty.handler.HttpHandler -- 

Request DefaultHttpRequest(decodeResult: success, version: HTTP/1.1)
POST /wd/hub/session/0a975932d5d13a633e287ebb2eea088e/execute/sync HTTP/1.1
traceparent: 00-e18ba4127d0a6e8e966a94fb0ac698db-1d2dddfa52fa293b-01
User-Agent: selenium/4.13.0 (java windows)
Content-Length: 47374
Content-Type: application/json; charset=utf-8
host: localhost:4444
accept: */*

Response DefaultHttpResponse(decodeResult: success, version: HTTP/1.1)
HTTP/1.1 200 OK
content-length: 36
content-type: application/json; charset=utf-8
cache-control: no-cache

18:43:58.608 [AsyncHttpClient-1-2] DEBUG org.asynchttpclient.netty.channel.ChannelManager -- Adding key: http://localhost:4444 for channel [id: 0x98e99774, L:/127.0.0.1:56740 - R:localhost/127.0.0.1:4444]
18:43:58.612 [Forwarding getElementAttribute on session 0a975932d5d13a633e287ebb2eea088e to remote] DEBUG org.asynchttpclient.netty.request.NettyRequestSender -- Using pooled Channel '[id: 0x98e99774, L:/127.0.0.1:56740 - R:localhost/127.0.0.1:4444]' for 'POST' to 'http://localhost:4444/wd/hub/session/0a975932d5d13a633e287ebb2eea088e/execute/sync'
18:43:58.613 [Forwarding getElementAttribute on session 0a975932d5d13a633e287ebb2eea088e to remote] DEBUG org.asynchttpclient.netty.request.NettyRequestSender -- Using open Channel [id: 0x98e99774, L:/127.0.0.1:56740 - R:localhost/127.0.0.1:4444] for POST '/wd/hub/session/0a975932d5d13a633e287ebb2eea088e/execute/sync'
18:43:58.667 [AsyncHttpClient-1-2] DEBUG org.asynchttpclient.netty.handler.HttpHandler -- 

Request DefaultHttpRequest(decodeResult: success, version: HTTP/1.1)
POST /wd/hub/session/0a975932d5d13a633e287ebb2eea088e/execute/sync HTTP/1.1
traceparent: 00-34b82b49358a43e10399d589971265b4-695bff50eba738d8-01
User-Agent: selenium/4.13.0 (java windows)
Content-Length: 47378
Content-Type: application/json; charset=utf-8
host: localhost:4444
accept: */*

Response DefaultHttpResponse(decodeResult: success, version: HTTP/1.1)
HTTP/1.1 200 OK
content-length: 24
content-type: application/json; charset=utf-8
cache-control: no-cache

18:43:58.667 [AsyncHttpClient-1-2] DEBUG org.asynchttpclient.netty.channel.ChannelManager -- Adding key: http://localhost:4444 for channel [id: 0x98e99774, L:/127.0.0.1:56740 - R:localhost/127.0.0.1:4444]
18:43:58.674 [Forwarding getElementAttribute on session 0a975932d5d13a633e287ebb2eea088e to remote] DEBUG org.asynchttpclient.netty.request.NettyRequestSender -- Using pooled Channel '[id: 0x98e99774, L:/127.0.0.1:56740 - R:localhost/127.0.0.1:4444]' for 'POST' to 'http://localhost:4444/wd/hub/session/0a975932d5d13a633e287ebb2eea088e/execute/sync'
18:43:58.674 [Forwarding getElementAttribute on session 0a975932d5d13a633e287ebb2eea088e to remote] DEBUG org.asynchttpclient.netty.request.NettyRequestSender -- Using open Channel [id: 0x98e99774, L:/127.0.0.1:56740 - R:localhost/127.0.0.1:4444] for POST '/wd/hub/session/0a975932d5d13a633e287ebb2eea088e/execute/sync'
18:43:58.717 [AsyncHttpClient-1-2] DEBUG org.asynchttpclient.netty.handler.HttpHandler -- 

Request DefaultHttpRequest(decodeResult: success, version: HTTP/1.1)
POST /wd/hub/session/0a975932d5d13a633e287ebb2eea088e/execute/sync HTTP/1.1
traceparent: 00-8abaa01088748e25dedefd72d169c770-6f6b0450d70d0033-01
User-Agent: selenium/4.13.0 (java windows)
Content-Length: 47371
Content-Type: application/json; charset=utf-8
host: localhost:4444
accept: */*

Response DefaultHttpResponse(decodeResult: success, version: HTTP/1.1)
HTTP/1.1 200 OK
content-length: 24
content-type: application/json; charset=utf-8
cache-control: no-cache

18:43:58.718 [AsyncHttpClient-1-2] DEBUG org.asynchttpclient.netty.channel.ChannelManager -- Adding key: http://localhost:4444 for channel [id: 0x98e99774, L:/127.0.0.1:56740 - R:localhost/127.0.0.1:4444]
18:43:58.723 [Forwarding getElementAttribute on session 0a975932d5d13a633e287ebb2eea088e to remote] DEBUG org.asynchttpclient.netty.request.NettyRequestSender -- Using pooled Channel '[id: 0x98e99774, L:/127.0.0.1:56740 - R:localhost/127.0.0.1:4444]' for 'POST' to 'http://localhost:4444/wd/hub/session/0a975932d5d13a633e287ebb2eea088e/execute/sync'
18:43:58.723 [Forwarding getElementAttribute on session 0a975932d5d13a633e287ebb2eea088e to remote] DEBUG org.asynchttpclient.netty.request.NettyRequestSender -- Using open Channel [id: 0x98e99774, L:/127.0.0.1:56740 - R:localhost/127.0.0.1:4444] for POST '/wd/hub/session/0a975932d5d13a633e287ebb2eea088e/execute/sync'
18:43:58.765 [AsyncHttpClient-1-2] DEBUG org.asynchttpclient.netty.handler.HttpHandler -- 

Request DefaultHttpRequest(decodeResult: success, version: HTTP/1.1)
POST /wd/hub/session/0a975932d5d13a633e287ebb2eea088e/execute/sync HTTP/1.1
traceparent: 00-9abd40c69b98763741859c7ad701afb3-9f1682e3df3889d4-01
User-Agent: selenium/4.13.0 (java windows)
Content-Length: 47373
Content-Type: application/json; charset=utf-8
host: localhost:4444
accept: */*

Response DefaultHttpResponse(decodeResult: success, version: HTTP/1.1)
HTTP/1.1 200 OK
content-length: 24
content-type: application/json; charset=utf-8
cache-control: no-cache

18:43:58.765 [AsyncHttpClient-1-2] DEBUG org.asynchttpclient.netty.channel.ChannelManager -- Adding key: http://localhost:4444 for channel [id: 0x98e99774, L:/127.0.0.1:56740 - R:localhost/127.0.0.1:4444]
18:43:58.772 [Forwarding getElementAttribute on session 0a975932d5d13a633e287ebb2eea088e to remote] DEBUG org.asynchttpclient.netty.request.NettyRequestSender -- Using pooled Channel '[id: 0x98e99774, L:/127.0.0.1:56740 - R:localhost/127.0.0.1:4444]' for 'POST' to 'http://localhost:4444/wd/hub/session/0a975932d5d13a633e287ebb2eea088e/execute/sync'
18:43:58.773 [Forwarding getElementAttribute on session 0a975932d5d13a633e287ebb2eea088e to remote] DEBUG org.asynchttpclient.netty.request.NettyRequestSender -- Using open Channel [id: 0x98e99774, L:/127.0.0.1:56740 - R:localhost/127.0.0.1:4444] for POST '/wd/hub/session/0a975932d5d13a633e287ebb2eea088e/execute/sync'
18:43:58.837 [AsyncHttpClient-1-2] DEBUG org.asynchttpclient.netty.handler.HttpHandler -- 

Request DefaultHttpRequest(decodeResult: success, version: HTTP/1.1)
POST /wd/hub/session/0a975932d5d13a633e287ebb2eea088e/execute/sync HTTP/1.1
traceparent: 00-05b2a88f8e68bb2a2ab4ddacb59be4d7-b4dad208c56e2fd4-01
User-Agent: selenium/4.13.0 (java windows)
Content-Length: 47374
Content-Type: application/json; charset=utf-8
host: localhost:4444
accept: */*

Response DefaultHttpResponse(decodeResult: success, version: HTTP/1.1)
HTTP/1.1 200 OK
content-length: 17
content-type: application/json; charset=utf-8
cache-control: no-cache

18:43:58.837 [AsyncHttpClient-1-2] DEBUG org.asynchttpclient.netty.channel.ChannelManager -- Adding key: http://localhost:4444 for channel [id: 0x98e99774, L:/127.0.0.1:56740 - R:localhost/127.0.0.1:4444]
18:43:58.843 [Forwarding findElement on session 0a975932d5d13a633e287ebb2eea088e to remote] DEBUG org.asynchttpclient.netty.request.NettyRequestSender -- Using pooled Channel '[id: 0x98e99774, L:/127.0.0.1:56740 - R:localhost/127.0.0.1:4444]' for 'POST' to 'http://localhost:4444/wd/hub/session/0a975932d5d13a633e287ebb2eea088e/element'
18:43:58.843 [Forwarding findElement on session 0a975932d5d13a633e287ebb2eea088e to remote] DEBUG org.asynchttpclient.netty.request.NettyRequestSender -- Using open Channel [id: 0x98e99774, L:/127.0.0.1:56740 - R:localhost/127.0.0.1:4444] for POST '/wd/hub/session/0a975932d5d13a633e287ebb2eea088e/element'
18:43:58.909 [AsyncHttpClient-1-2] DEBUG org.asynchttpclient.netty.handler.HttpHandler -- 

Request DefaultHttpRequest(decodeResult: success, version: HTTP/1.1)
POST /wd/hub/session/0a975932d5d13a633e287ebb2eea088e/element HTTP/1.1
traceparent: 00-7c2cb4214d73c06ee451a759066d925c-e81741bfaea3e24e-01
User-Agent: selenium/4.13.0 (java windows)
Content-Length: 59
Content-Type: application/json; charset=utf-8
host: localhost:4444
accept: */*

Response DefaultHttpResponse(decodeResult: success, version: HTTP/1.1)
HTTP/1.1 200 OK
content-length: 94
content-type: application/json; charset=utf-8
cache-control: no-cache

18:43:58.910 [AsyncHttpClient-1-2] DEBUG org.asynchttpclient.netty.channel.ChannelManager -- Adding key: http://localhost:4444 for channel [id: 0x98e99774, L:/127.0.0.1:56740 - R:localhost/127.0.0.1:4444]
18:43:58.916 [Forwarding clickElement on session 0a975932d5d13a633e287ebb2eea088e to remote] DEBUG org.asynchttpclient.netty.request.NettyRequestSender -- Using pooled Channel '[id: 0x98e99774, L:/127.0.0.1:56740 - R:localhost/127.0.0.1:4444]' for 'POST' to 'http://localhost:4444/wd/hub/session/0a975932d5d13a633e287ebb2eea088e/element/453C5B9E34A56EED4AD827D096E75754_element_6/click'
18:43:58.917 [Forwarding clickElement on session 0a975932d5d13a633e287ebb2eea088e to remote] DEBUG org.asynchttpclient.netty.request.NettyRequestSender -- Using open Channel [id: 0x98e99774, L:/127.0.0.1:56740 - R:localhost/127.0.0.1:4444] for POST '/wd/hub/session/0a975932d5d13a633e287ebb2eea088e/element/453C5B9E34A56EED4AD827D096E75754_element_6/click'
18:43:59.350 [AsyncHttpClient-1-2] DEBUG org.asynchttpclient.netty.handler.HttpHandler -- 

Request DefaultHttpRequest(decodeResult: success, version: HTTP/1.1)
POST /wd/hub/session/0a975932d5d13a633e287ebb2eea088e/element/453C5B9E34A56EED4AD827D096E75754_element_6/click HTTP/1.1
traceparent: 00-0a4af8180f2ef780e8be0eead779a678-c601c75413ab6310-01
User-Agent: selenium/4.13.0 (java windows)
Content-Length: 56
Content-Type: application/json; charset=utf-8
host: localhost:4444
accept: */*

Response DefaultHttpResponse(decodeResult: success, version: HTTP/1.1)
HTTP/1.1 200 OK
content-length: 14
content-type: application/json; charset=utf-8
cache-control: no-cache

18:43:59.351 [AsyncHttpClient-1-2] DEBUG org.asynchttpclient.netty.channel.ChannelManager -- Adding key: http://localhost:4444 for channel [id: 0x98e99774, L:/127.0.0.1:56740 - R:localhost/127.0.0.1:4444]
18:43:59.354 [Forwarding findElement on session 0a975932d5d13a633e287ebb2eea088e to remote] DEBUG org.asynchttpclient.netty.request.NettyRequestSender -- Using pooled Channel '[id: 0x98e99774, L:/127.0.0.1:56740 - R:localhost/127.0.0.1:4444]' for 'POST' to 'http://localhost:4444/wd/hub/session/0a975932d5d13a633e287ebb2eea088e/element'
18:43:59.354 [Forwarding findElement on session 0a975932d5d13a633e287ebb2eea088e to remote] DEBUG org.asynchttpclient.netty.request.NettyRequestSender -- Using open Channel [id: 0x98e99774, L:/127.0.0.1:56740 - R:localhost/127.0.0.1:4444] for POST '/wd/hub/session/0a975932d5d13a633e287ebb2eea088e/element'
18:43:59.444 [AsyncHttpClient-1-2] DEBUG org.asynchttpclient.netty.handler.HttpHandler -- 

Request DefaultHttpRequest(decodeResult: success, version: HTTP/1.1)
POST /wd/hub/session/0a975932d5d13a633e287ebb2eea088e/element HTTP/1.1
traceparent: 00-fe67f04f371866f2090beea1eb09419f-04b94bb8d6c427d6-01
User-Agent: selenium/4.13.0 (java windows)
Content-Length: 53
Content-Type: application/json; charset=utf-8
host: localhost:4444
accept: */*

Response DefaultHttpResponse(decodeResult: success, version: HTTP/1.1)
HTTP/1.1 200 OK
content-length: 95
content-type: application/json; charset=utf-8
cache-control: no-cache

18:43:59.444 [AsyncHttpClient-1-2] DEBUG org.asynchttpclient.netty.channel.ChannelManager -- Adding key: http://localhost:4444 for channel [id: 0x98e99774, L:/127.0.0.1:56740 - R:localhost/127.0.0.1:4444]
18:43:59.451 [Forwarding getElementText on session 0a975932d5d13a633e287ebb2eea088e to remote] DEBUG org.asynchttpclient.netty.request.NettyRequestSender -- Using pooled Channel '[id: 0x98e99774, L:/127.0.0.1:56740 - R:localhost/127.0.0.1:4444]' for 'GET' to 'http://localhost:4444/wd/hub/session/0a975932d5d13a633e287ebb2eea088e/element/453C5B9E34A56EED4AD827D096E75754_element_17/text'
18:43:59.452 [Forwarding getElementText on session 0a975932d5d13a633e287ebb2eea088e to remote] DEBUG org.asynchttpclient.netty.request.NettyRequestSender -- Using open Channel [id: 0x98e99774, L:/127.0.0.1:56740 - R:localhost/127.0.0.1:4444] for GET '/wd/hub/session/0a975932d5d13a633e287ebb2eea088e/element/453C5B9E34A56EED4AD827D096E75754_element_17/text'
18:43:59.532 [AsyncHttpClient-1-2] DEBUG org.asynchttpclient.netty.handler.HttpHandler -- 

Request DefaultFullHttpRequest(decodeResult: success, version: HTTP/1.1, content: EmptyByteBufBE)
GET /wd/hub/session/0a975932d5d13a633e287ebb2eea088e/element/453C5B9E34A56EED4AD827D096E75754_element_17/text HTTP/1.1
Cache-Control: no-cache
traceparent: 00-dc1325e48a1279633404072c54c8dd98-3d767666df5c7696-01
User-Agent: selenium/4.13.0 (java windows)
Content-Type: application/json; charset=utf-8
host: localhost:4444
accept: */*

Response DefaultHttpResponse(decodeResult: success, version: HTTP/1.1)
HTTP/1.1 200 OK
content-length: 21
content-type: application/json; charset=utf-8
cache-control: no-cache

18:43:59.532 [AsyncHttpClient-1-2] DEBUG org.asynchttpclient.netty.channel.ChannelManager -- Adding key: http://localhost:4444 for channel [id: 0x98e99774, L:/127.0.0.1:56740 - R:localhost/127.0.0.1:4444]
18:43:59.545 [Forwarding findElement on session 0a975932d5d13a633e287ebb2eea088e to remote] DEBUG org.asynchttpclient.netty.request.NettyRequestSender -- Using pooled Channel '[id: 0x98e99774, L:/127.0.0.1:56740 - R:localhost/127.0.0.1:4444]' for 'POST' to 'http://localhost:4444/wd/hub/session/0a975932d5d13a633e287ebb2eea088e/element'
18:43:59.545 [Forwarding findElement on session 0a975932d5d13a633e287ebb2eea088e to remote] DEBUG org.asynchttpclient.netty.request.NettyRequestSender -- Using open Channel [id: 0x98e99774, L:/127.0.0.1:56740 - R:localhost/127.0.0.1:4444] for POST '/wd/hub/session/0a975932d5d13a633e287ebb2eea088e/element'
18:43:59.655 [AsyncHttpClient-1-2] DEBUG org.asynchttpclient.netty.handler.HttpHandler -- 

Request DefaultHttpRequest(decodeResult: success, version: HTTP/1.1)
POST /wd/hub/session/0a975932d5d13a633e287ebb2eea088e/element HTTP/1.1
traceparent: 00-d543cc2462c95333d77edcff909648ad-759da89050856d53-01
User-Agent: selenium/4.13.0 (java windows)
Content-Length: 53
Content-Type: application/json; charset=utf-8
host: localhost:4444
accept: */*

Response DefaultHttpResponse(decodeResult: success, version: HTTP/1.1)
HTTP/1.1 200 OK
content-length: 95
content-type: application/json; charset=utf-8
cache-control: no-cache

18:43:59.656 [AsyncHttpClient-1-2] DEBUG org.asynchttpclient.netty.channel.ChannelManager -- Adding key: http://localhost:4444 for channel [id: 0x98e99774, L:/127.0.0.1:56740 - R:localhost/127.0.0.1:4444]
18:43:59.768 [Forwarding getElementText on session 0a975932d5d13a633e287ebb2eea088e to remote] DEBUG org.asynchttpclient.netty.request.NettyRequestSender -- Using pooled Channel '[id: 0x98e99774, L:/127.0.0.1:56740 - R:localhost/127.0.0.1:4444]' for 'GET' to 'http://localhost:4444/wd/hub/session/0a975932d5d13a633e287ebb2eea088e/element/453C5B9E34A56EED4AD827D096E75754_element_17/text'
18:43:59.770 [Forwarding getElementText on session 0a975932d5d13a633e287ebb2eea088e to remote] DEBUG org.asynchttpclient.netty.request.NettyRequestSender -- Using open Channel [id: 0x98e99774, L:/127.0.0.1:56740 - R:localhost/127.0.0.1:4444] for GET '/wd/hub/session/0a975932d5d13a633e287ebb2eea088e/element/453C5B9E34A56EED4AD827D096E75754_element_17/text'
18:43:59.958 [AsyncHttpClient-1-2] DEBUG org.asynchttpclient.netty.handler.HttpHandler -- 

Request DefaultFullHttpRequest(decodeResult: success, version: HTTP/1.1, content: EmptyByteBufBE)
GET /wd/hub/session/0a975932d5d13a633e287ebb2eea088e/element/453C5B9E34A56EED4AD827D096E75754_element_17/text HTTP/1.1
Cache-Control: no-cache
traceparent: 00-511772136de74cb76832a7116df8cfc5-e575e6ba80e741d8-01
User-Agent: selenium/4.13.0 (java windows)
Content-Type: application/json; charset=utf-8
host: localhost:4444
accept: */*

Response DefaultHttpResponse(decodeResult: success, version: HTTP/1.1)
HTTP/1.1 200 OK
content-length: 21
content-type: application/json; charset=utf-8
cache-control: no-cache

18:43:59.959 [AsyncHttpClient-1-2] DEBUG org.asynchttpclient.netty.channel.ChannelManager -- Adding key: http://localhost:4444 for channel [id: 0x98e99774, L:/127.0.0.1:56740 - R:localhost/127.0.0.1:4444]
18:43:59.970 [Forwarding findElement on session 0a975932d5d13a633e287ebb2eea088e to remote] DEBUG org.asynchttpclient.netty.request.NettyRequestSender -- Using pooled Channel '[id: 0x98e99774, L:/127.0.0.1:56740 - R:localhost/127.0.0.1:4444]' for 'POST' to 'http://localhost:4444/wd/hub/session/0a975932d5d13a633e287ebb2eea088e/element'
18:43:59.970 [Forwarding findElement on session 0a975932d5d13a633e287ebb2eea088e to remote] DEBUG org.asynchttpclient.netty.request.NettyRequestSender -- Using open Channel [id: 0x98e99774, L:/127.0.0.1:56740 - R:localhost/127.0.0.1:4444] for POST '/wd/hub/session/0a975932d5d13a633e287ebb2eea088e/element'
18:44:00.082 [AsyncHttpClient-1-2] DEBUG org.asynchttpclient.netty.handler.HttpHandler -- 

Request DefaultHttpRequest(decodeResult: success, version: HTTP/1.1)
POST /wd/hub/session/0a975932d5d13a633e287ebb2eea088e/element HTTP/1.1
traceparent: 00-3bcdba4f07ebbbe4aa1be3b248ec4399-59fe085d80839f74-01
User-Agent: selenium/4.13.0 (java windows)
Content-Length: 50
Content-Type: application/json; charset=utf-8
host: localhost:4444
accept: */*

Response DefaultHttpResponse(decodeResult: success, version: HTTP/1.1)
HTTP/1.1 200 OK
content-length: 95
content-type: application/json; charset=utf-8
cache-control: no-cache

18:44:00.083 [AsyncHttpClient-1-2] DEBUG org.asynchttpclient.netty.channel.ChannelManager -- Adding key: http://localhost:4444 for channel [id: 0x98e99774, L:/127.0.0.1:56740 - R:localhost/127.0.0.1:4444]
18:44:00.086 [Forwarding getElementText on session 0a975932d5d13a633e287ebb2eea088e to remote] DEBUG org.asynchttpclient.netty.request.NettyRequestSender -- Using pooled Channel '[id: 0x98e99774, L:/127.0.0.1:56740 - R:localhost/127.0.0.1:4444]' for 'GET' to 'http://localhost:4444/wd/hub/session/0a975932d5d13a633e287ebb2eea088e/element/453C5B9E34A56EED4AD827D096E75754_element_18/text'
18:44:00.086 [Forwarding getElementText on session 0a975932d5d13a633e287ebb2eea088e to remote] DEBUG org.asynchttpclient.netty.request.NettyRequestSender -- Using open Channel [id: 0x98e99774, L:/127.0.0.1:56740 - R:localhost/127.0.0.1:4444] for GET '/wd/hub/session/0a975932d5d13a633e287ebb2eea088e/element/453C5B9E34A56EED4AD827D096E75754_element_18/text'
18:44:00.129 [AsyncHttpClient-1-2] DEBUG org.asynchttpclient.netty.handler.HttpHandler -- 

Request DefaultFullHttpRequest(decodeResult: success, version: HTTP/1.1, content: EmptyByteBufBE)
GET /wd/hub/session/0a975932d5d13a633e287ebb2eea088e/element/453C5B9E34A56EED4AD827D096E75754_element_18/text HTTP/1.1
Cache-Control: no-cache
traceparent: 00-08b48b5e6914946cedeab5f0201893de-7503fc89c3af9d20-01
User-Agent: selenium/4.13.0 (java windows)
Content-Type: application/json; charset=utf-8
host: localhost:4444
accept: */*

Response DefaultHttpResponse(decodeResult: success, version: HTTP/1.1)
HTTP/1.1 200 OK
content-length: 20
content-type: application/json; charset=utf-8
cache-control: no-cache

18:44:00.129 [AsyncHttpClient-1-2] DEBUG org.asynchttpclient.netty.channel.ChannelManager -- Adding key: http://localhost:4444 for channel [id: 0x98e99774, L:/127.0.0.1:56740 - R:localhost/127.0.0.1:4444]
18:44:00.141 [main] INFO helpers.LoggerHelper -- @Test: readFromArray has PASSED
18:44:00.141 [main] INFO helpers.LoggerHelper -- ######################################################################################
18:44:00.149 [Forwarding screenshot on session 0a975932d5d13a633e287ebb2eea088e to remote] DEBUG org.asynchttpclient.netty.request.NettyRequestSender -- Using pooled Channel '[id: 0x98e99774, L:/127.0.0.1:56740 - R:localhost/127.0.0.1:4444]' for 'GET' to 'http://localhost:4444/wd/hub/session/0a975932d5d13a633e287ebb2eea088e/screenshot'
18:44:00.149 [Forwarding screenshot on session 0a975932d5d13a633e287ebb2eea088e to remote] DEBUG org.asynchttpclient.netty.request.NettyRequestSender -- Using open Channel [id: 0x98e99774, L:/127.0.0.1:56740 - R:localhost/127.0.0.1:4444] for GET '/wd/hub/session/0a975932d5d13a633e287ebb2eea088e/screenshot'
18:44:00.852 [AsyncHttpClient-1-2] DEBUG org.asynchttpclient.netty.handler.HttpHandler -- 

Request DefaultFullHttpRequest(decodeResult: success, version: HTTP/1.1, content: EmptyByteBufBE)
GET /wd/hub/session/0a975932d5d13a633e287ebb2eea088e/screenshot HTTP/1.1
Cache-Control: no-cache
traceparent: 00-76a62d0e5947d2e162da99639f84d58a-edd46c58a8ebca8b-01
User-Agent: selenium/4.13.0 (java windows)
Content-Type: application/json; charset=utf-8
host: localhost:4444
accept: */*

Response DefaultHttpResponse(decodeResult: success, version: HTTP/1.1)
HTTP/1.1 200 OK
content-length: 431932
content-type: application/json; charset=utf-8
cache-control: no-cache

18:44:00.889 [AsyncHttpClient-1-2] DEBUG org.asynchttpclient.netty.channel.ChannelManager -- Adding key: http://localhost:4444 for channel [id: 0x98e99774, L:/127.0.0.1:56740 - R:localhost/127.0.0.1:4444]
18:44:01.015 [main] INFO helpers.LoggerHelper -- Screenshot saved successfully.
]]></system-out>
    <system-err><![CDATA[Oct 27, 2023 6:43:50 PM org.openqa.selenium.remote.tracing.opentelemetry.OpenTelemetryTracer createTracer
INFO: Using OpenTelemetry for tracing
]]></system-err>
  </testcase>
  <testcase name="readFromArray[locked_out_user, secret_sauce](2)" classname="FrontEnd.SauceDemo.LoginWithDP" time="5.196">
    <system-out><![CDATA[18:44:01.039 [main] INFO helpers.LoggerHelper -- @Test: readFromArray
18:44:01.039 [main] INFO helpers.LoggerHelper -- Description: Trying to read data from an array object
18:44:01.039 [main] INFO helpers.LoggerHelper -- ######################################################################################
18:44:01.041 [AsyncHttpClient-1-1] DEBUG org.asynchttpclient.netty.channel.DefaultChannelPool -- Entry count for : http://localhost:4444 : 1
18:44:01.045 [Forwarding get on session 0a975932d5d13a633e287ebb2eea088e to remote] DEBUG org.asynchttpclient.netty.request.NettyRequestSender -- Using pooled Channel '[id: 0x98e99774, L:/127.0.0.1:56740 - R:localhost/127.0.0.1:4444]' for 'POST' to 'http://localhost:4444/wd/hub/session/0a975932d5d13a633e287ebb2eea088e/url'
18:44:01.046 [Forwarding get on session 0a975932d5d13a633e287ebb2eea088e to remote] DEBUG org.asynchttpclient.netty.request.NettyRequestSender -- Using open Channel [id: 0x98e99774, L:/127.0.0.1:56740 - R:localhost/127.0.0.1:4444] for POST '/wd/hub/session/0a975932d5d13a633e287ebb2eea088e/url'
18:44:01.533 [AsyncHttpClient-1-2] DEBUG org.asynchttpclient.netty.handler.HttpHandler -- 

Request DefaultHttpRequest(decodeResult: success, version: HTTP/1.1)
POST /wd/hub/session/0a975932d5d13a633e287ebb2eea088e/url HTTP/1.1
traceparent: 00-13ca03681e37cf2e1fb97f6782b1d1a4-2e67f193f283f126-01
User-Agent: selenium/4.13.0 (java windows)
Content-Length: 43
Content-Type: application/json; charset=utf-8
host: localhost:4444
accept: */*

Response DefaultHttpResponse(decodeResult: success, version: HTTP/1.1)
HTTP/1.1 200 OK
content-length: 14
content-type: application/json; charset=utf-8
cache-control: no-cache

18:44:01.534 [AsyncHttpClient-1-2] DEBUG org.asynchttpclient.netty.channel.ChannelManager -- Adding key: http://localhost:4444 for channel [id: 0x98e99774, L:/127.0.0.1:56740 - R:localhost/127.0.0.1:4444]
18:44:01.553 [Forwarding findElement on session 0a975932d5d13a633e287ebb2eea088e to remote] DEBUG org.asynchttpclient.netty.request.NettyRequestSender -- Using pooled Channel '[id: 0x98e99774, L:/127.0.0.1:56740 - R:localhost/127.0.0.1:4444]' for 'POST' to 'http://localhost:4444/wd/hub/session/0a975932d5d13a633e287ebb2eea088e/element'
18:44:01.553 [Forwarding findElement on session 0a975932d5d13a633e287ebb2eea088e to remote] DEBUG org.asynchttpclient.netty.request.NettyRequestSender -- Using open Channel [id: 0x98e99774, L:/127.0.0.1:56740 - R:localhost/127.0.0.1:4444] for POST '/wd/hub/session/0a975932d5d13a633e287ebb2eea088e/element'
18:44:01.608 [AsyncHttpClient-1-2] DEBUG org.asynchttpclient.netty.handler.HttpHandler -- 

Request DefaultHttpRequest(decodeResult: success, version: HTTP/1.1)
POST /wd/hub/session/0a975932d5d13a633e287ebb2eea088e/element HTTP/1.1
traceparent: 00-c81b46fc2ba428503c4319804c76b2e3-06d6bbcc0887d507-01
User-Agent: selenium/4.13.0 (java windows)
Content-Length: 56
Content-Type: application/json; charset=utf-8
host: localhost:4444
accept: */*

Response DefaultHttpResponse(decodeResult: success, version: HTTP/1.1)
HTTP/1.1 200 OK
content-length: 95
content-type: application/json; charset=utf-8
cache-control: no-cache

18:44:01.608 [AsyncHttpClient-1-2] DEBUG org.asynchttpclient.netty.channel.ChannelManager -- Adding key: http://localhost:4444 for channel [id: 0x98e99774, L:/127.0.0.1:56740 - R:localhost/127.0.0.1:4444]
18:44:01.627 [Forwarding isElementDisplayed on session 0a975932d5d13a633e287ebb2eea088e to remote] DEBUG org.asynchttpclient.netty.request.NettyRequestSender -- Using pooled Channel '[id: 0x98e99774, L:/127.0.0.1:56740 - R:localhost/127.0.0.1:4444]' for 'POST' to 'http://localhost:4444/wd/hub/session/0a975932d5d13a633e287ebb2eea088e/execute/sync'
18:44:01.637 [Forwarding isElementDisplayed on session 0a975932d5d13a633e287ebb2eea088e to remote] DEBUG org.asynchttpclient.netty.request.NettyRequestSender -- Using open Channel [id: 0x98e99774, L:/127.0.0.1:56740 - R:localhost/127.0.0.1:4444] for POST '/wd/hub/session/0a975932d5d13a633e287ebb2eea088e/execute/sync'
18:44:01.748 [AsyncHttpClient-1-2] DEBUG org.asynchttpclient.netty.handler.HttpHandler -- 

Request DefaultHttpRequest(decodeResult: success, version: HTTP/1.1)
POST /wd/hub/session/0a975932d5d13a633e287ebb2eea088e/execute/sync HTTP/1.1
traceparent: 00-5512dcc08abbd703d1fb63b661ada879-19604ac7b9711a99-01
User-Agent: selenium/4.13.0 (java windows)
Content-Length: 48814
Content-Type: application/json; charset=utf-8
host: localhost:4444
accept: */*

Response DefaultHttpResponse(decodeResult: success, version: HTTP/1.1)
HTTP/1.1 200 OK
content-length: 14
content-type: application/json; charset=utf-8
cache-control: no-cache

18:44:01.749 [AsyncHttpClient-1-2] DEBUG org.asynchttpclient.netty.channel.ChannelManager -- Adding key: http://localhost:4444 for channel [id: 0x98e99774, L:/127.0.0.1:56740 - R:localhost/127.0.0.1:4444]
18:44:01.761 [Forwarding findElement on session 0a975932d5d13a633e287ebb2eea088e to remote] DEBUG org.asynchttpclient.netty.request.NettyRequestSender -- Using pooled Channel '[id: 0x98e99774, L:/127.0.0.1:56740 - R:localhost/127.0.0.1:4444]' for 'POST' to 'http://localhost:4444/wd/hub/session/0a975932d5d13a633e287ebb2eea088e/element'
18:44:01.764 [Forwarding findElement on session 0a975932d5d13a633e287ebb2eea088e to remote] DEBUG org.asynchttpclient.netty.request.NettyRequestSender -- Using open Channel [id: 0x98e99774, L:/127.0.0.1:56740 - R:localhost/127.0.0.1:4444] for POST '/wd/hub/session/0a975932d5d13a633e287ebb2eea088e/element'
18:44:02.227 [AsyncHttpClient-1-2] DEBUG org.asynchttpclient.netty.handler.HttpHandler -- 

Request DefaultHttpRequest(decodeResult: success, version: HTTP/1.1)
POST /wd/hub/session/0a975932d5d13a633e287ebb2eea088e/element HTTP/1.1
traceparent: 00-382bdc39231b128bbe42c886a1a70164-a3096c20d372f8d0-01
User-Agent: selenium/4.13.0 (java windows)
Content-Length: 56
Content-Type: application/json; charset=utf-8
host: localhost:4444
accept: */*

Response DefaultHttpResponse(decodeResult: success, version: HTTP/1.1)
HTTP/1.1 200 OK
content-length: 95
content-type: application/json; charset=utf-8
cache-control: no-cache

18:44:02.228 [AsyncHttpClient-1-2] DEBUG org.asynchttpclient.netty.channel.ChannelManager -- Adding key: http://localhost:4444 for channel [id: 0x98e99774, L:/127.0.0.1:56740 - R:localhost/127.0.0.1:4444]
18:44:02.234 [Forwarding sendKeysToElement on session 0a975932d5d13a633e287ebb2eea088e to remote] DEBUG org.asynchttpclient.netty.request.NettyRequestSender -- Using pooled Channel '[id: 0x98e99774, L:/127.0.0.1:56740 - R:localhost/127.0.0.1:4444]' for 'POST' to 'http://localhost:4444/wd/hub/session/0a975932d5d13a633e287ebb2eea088e/element/0572FADC5771E44408FD082FBD68C102_element_26/value'
18:44:02.235 [Forwarding sendKeysToElement on session 0a975932d5d13a633e287ebb2eea088e to remote] DEBUG org.asynchttpclient.netty.request.NettyRequestSender -- Using open Channel [id: 0x98e99774, L:/127.0.0.1:56740 - R:localhost/127.0.0.1:4444] for POST '/wd/hub/session/0a975932d5d13a633e287ebb2eea088e/element/0572FADC5771E44408FD082FBD68C102_element_26/value'
18:44:02.924 [AsyncHttpClient-1-2] DEBUG org.asynchttpclient.netty.handler.HttpHandler -- 

Request DefaultHttpRequest(decodeResult: success, version: HTTP/1.1)
POST /wd/hub/session/0a975932d5d13a633e287ebb2eea088e/element/0572FADC5771E44408FD082FBD68C102_element_26/value HTTP/1.1
traceparent: 00-5e319092207206408b13cee478e8843a-0fcd09a619484b90-01
User-Agent: selenium/4.13.0 (java windows)
Content-Length: 238
Content-Type: application/json; charset=utf-8
host: localhost:4444
accept: */*

Response DefaultHttpResponse(decodeResult: success, version: HTTP/1.1)
HTTP/1.1 200 OK
content-length: 14
content-type: application/json; charset=utf-8
cache-control: no-cache

18:44:02.924 [AsyncHttpClient-1-2] DEBUG org.asynchttpclient.netty.channel.ChannelManager -- Adding key: http://localhost:4444 for channel [id: 0x98e99774, L:/127.0.0.1:56740 - R:localhost/127.0.0.1:4444]
18:44:02.927 [Forwarding findElement on session 0a975932d5d13a633e287ebb2eea088e to remote] DEBUG org.asynchttpclient.netty.request.NettyRequestSender -- Using pooled Channel '[id: 0x98e99774, L:/127.0.0.1:56740 - R:localhost/127.0.0.1:4444]' for 'POST' to 'http://localhost:4444/wd/hub/session/0a975932d5d13a633e287ebb2eea088e/element'
18:44:02.927 [Forwarding findElement on session 0a975932d5d13a633e287ebb2eea088e to remote] DEBUG org.asynchttpclient.netty.request.NettyRequestSender -- Using open Channel [id: 0x98e99774, L:/127.0.0.1:56740 - R:localhost/127.0.0.1:4444] for POST '/wd/hub/session/0a975932d5d13a633e287ebb2eea088e/element'
18:44:02.983 [AsyncHttpClient-1-2] DEBUG org.asynchttpclient.netty.handler.HttpHandler -- 

Request DefaultHttpRequest(decodeResult: success, version: HTTP/1.1)
POST /wd/hub/session/0a975932d5d13a633e287ebb2eea088e/element HTTP/1.1
traceparent: 00-cbd6937084b8372ec690d7984dd9778e-512ca10b70337570-01
User-Agent: selenium/4.13.0 (java windows)
Content-Length: 56
Content-Type: application/json; charset=utf-8
host: localhost:4444
accept: */*

Response DefaultHttpResponse(decodeResult: success, version: HTTP/1.1)
HTTP/1.1 200 OK
content-length: 95
content-type: application/json; charset=utf-8
cache-control: no-cache

18:44:02.984 [AsyncHttpClient-1-2] DEBUG org.asynchttpclient.netty.channel.ChannelManager -- Adding key: http://localhost:4444 for channel [id: 0x98e99774, L:/127.0.0.1:56740 - R:localhost/127.0.0.1:4444]
18:44:02.990 [Forwarding getElementAttribute on session 0a975932d5d13a633e287ebb2eea088e to remote] DEBUG org.asynchttpclient.netty.request.NettyRequestSender -- Using pooled Channel '[id: 0x98e99774, L:/127.0.0.1:56740 - R:localhost/127.0.0.1:4444]' for 'POST' to 'http://localhost:4444/wd/hub/session/0a975932d5d13a633e287ebb2eea088e/execute/sync'
18:44:02.990 [Forwarding getElementAttribute on session 0a975932d5d13a633e287ebb2eea088e to remote] DEBUG org.asynchttpclient.netty.request.NettyRequestSender -- Using open Channel [id: 0x98e99774, L:/127.0.0.1:56740 - R:localhost/127.0.0.1:4444] for POST '/wd/hub/session/0a975932d5d13a633e287ebb2eea088e/execute/sync'
18:44:03.040 [AsyncHttpClient-1-2] DEBUG org.asynchttpclient.netty.handler.HttpHandler -- 

Request DefaultHttpRequest(decodeResult: success, version: HTTP/1.1)
POST /wd/hub/session/0a975932d5d13a633e287ebb2eea088e/execute/sync HTTP/1.1
traceparent: 00-a457a8fd041bc7d076cf8d30d9bf2c01-721589fb7b623c23-01
User-Agent: selenium/4.13.0 (java windows)
Content-Length: 47379
Content-Type: application/json; charset=utf-8
host: localhost:4444
accept: */*

Response DefaultHttpResponse(decodeResult: success, version: HTTP/1.1)
HTTP/1.1 200 OK
content-length: 225
content-type: application/json; charset=utf-8
cache-control: no-cache

18:44:03.041 [AsyncHttpClient-1-2] DEBUG org.asynchttpclient.netty.channel.ChannelManager -- Adding key: http://localhost:4444 for channel [id: 0x98e99774, L:/127.0.0.1:56740 - R:localhost/127.0.0.1:4444]
18:44:03.046 [Forwarding getElementAttribute on session 0a975932d5d13a633e287ebb2eea088e to remote] DEBUG org.asynchttpclient.netty.request.NettyRequestSender -- Using pooled Channel '[id: 0x98e99774, L:/127.0.0.1:56740 - R:localhost/127.0.0.1:4444]' for 'POST' to 'http://localhost:4444/wd/hub/session/0a975932d5d13a633e287ebb2eea088e/execute/sync'
18:44:03.046 [Forwarding getElementAttribute on session 0a975932d5d13a633e287ebb2eea088e to remote] DEBUG org.asynchttpclient.netty.request.NettyRequestSender -- Using open Channel [id: 0x98e99774, L:/127.0.0.1:56740 - R:localhost/127.0.0.1:4444] for POST '/wd/hub/session/0a975932d5d13a633e287ebb2eea088e/execute/sync'
18:44:03.092 [AsyncHttpClient-1-2] DEBUG org.asynchttpclient.netty.handler.HttpHandler -- 

Request DefaultHttpRequest(decodeResult: success, version: HTTP/1.1)
POST /wd/hub/session/0a975932d5d13a633e287ebb2eea088e/execute/sync HTTP/1.1
traceparent: 00-c3a3e0d9e057adb573c2e0b6d70f6cde-e5a42020ee9f4b86-01
User-Agent: selenium/4.13.0 (java windows)
Content-Length: 47375
Content-Type: application/json; charset=utf-8
host: localhost:4444
accept: */*

Response DefaultHttpResponse(decodeResult: success, version: HTTP/1.1)
HTTP/1.1 200 OK
content-length: 34
content-type: application/json; charset=utf-8
cache-control: no-cache

18:44:03.093 [AsyncHttpClient-1-2] DEBUG org.asynchttpclient.netty.channel.ChannelManager -- Adding key: http://localhost:4444 for channel [id: 0x98e99774, L:/127.0.0.1:56740 - R:localhost/127.0.0.1:4444]
18:44:03.097 [Forwarding getElementAttribute on session 0a975932d5d13a633e287ebb2eea088e to remote] DEBUG org.asynchttpclient.netty.request.NettyRequestSender -- Using pooled Channel '[id: 0x98e99774, L:/127.0.0.1:56740 - R:localhost/127.0.0.1:4444]' for 'POST' to 'http://localhost:4444/wd/hub/session/0a975932d5d13a633e287ebb2eea088e/execute/sync'
18:44:03.098 [Forwarding getElementAttribute on session 0a975932d5d13a633e287ebb2eea088e to remote] DEBUG org.asynchttpclient.netty.request.NettyRequestSender -- Using open Channel [id: 0x98e99774, L:/127.0.0.1:56740 - R:localhost/127.0.0.1:4444] for POST '/wd/hub/session/0a975932d5d13a633e287ebb2eea088e/execute/sync'
18:44:03.140 [AsyncHttpClient-1-2] DEBUG org.asynchttpclient.netty.handler.HttpHandler -- 

Request DefaultHttpRequest(decodeResult: success, version: HTTP/1.1)
POST /wd/hub/session/0a975932d5d13a633e287ebb2eea088e/execute/sync HTTP/1.1
traceparent: 00-194479da0d659749c22140229e6f1ecf-99ce3a5927f8f620-01
User-Agent: selenium/4.13.0 (java windows)
Content-Length: 47381
Content-Type: application/json; charset=utf-8
host: localhost:4444
accept: */*

Response DefaultHttpResponse(decodeResult: success, version: HTTP/1.1)
HTTP/1.1 200 OK
content-length: 20
content-type: application/json; charset=utf-8
cache-control: no-cache

18:44:03.141 [AsyncHttpClient-1-2] DEBUG org.asynchttpclient.netty.channel.ChannelManager -- Adding key: http://localhost:4444 for channel [id: 0x98e99774, L:/127.0.0.1:56740 - R:localhost/127.0.0.1:4444]
18:44:03.146 [Forwarding getElementAttribute on session 0a975932d5d13a633e287ebb2eea088e to remote] DEBUG org.asynchttpclient.netty.request.NettyRequestSender -- Using pooled Channel '[id: 0x98e99774, L:/127.0.0.1:56740 - R:localhost/127.0.0.1:4444]' for 'POST' to 'http://localhost:4444/wd/hub/session/0a975932d5d13a633e287ebb2eea088e/execute/sync'
18:44:03.146 [Forwarding getElementAttribute on session 0a975932d5d13a633e287ebb2eea088e to remote] DEBUG org.asynchttpclient.netty.request.NettyRequestSender -- Using open Channel [id: 0x98e99774, L:/127.0.0.1:56740 - R:localhost/127.0.0.1:4444] for POST '/wd/hub/session/0a975932d5d13a633e287ebb2eea088e/execute/sync'
18:44:03.185 [AsyncHttpClient-1-2] DEBUG org.asynchttpclient.netty.handler.HttpHandler -- 

Request DefaultHttpRequest(decodeResult: success, version: HTTP/1.1)
POST /wd/hub/session/0a975932d5d13a633e287ebb2eea088e/execute/sync HTTP/1.1
traceparent: 00-7272a843db1cb7e1a426c93b86878c69-fbde6b1eb64f67bf-01
User-Agent: selenium/4.13.0 (java windows)
Content-Length: 47374
Content-Type: application/json; charset=utf-8
host: localhost:4444
accept: */*

Response DefaultHttpResponse(decodeResult: success, version: HTTP/1.1)
HTTP/1.1 200 OK
content-length: 16
content-type: application/json; charset=utf-8
cache-control: no-cache

18:44:03.186 [AsyncHttpClient-1-2] DEBUG org.asynchttpclient.netty.channel.ChannelManager -- Adding key: http://localhost:4444 for channel [id: 0x98e99774, L:/127.0.0.1:56740 - R:localhost/127.0.0.1:4444]
18:44:03.191 [Forwarding getElementAttribute on session 0a975932d5d13a633e287ebb2eea088e to remote] DEBUG org.asynchttpclient.netty.request.NettyRequestSender -- Using pooled Channel '[id: 0x98e99774, L:/127.0.0.1:56740 - R:localhost/127.0.0.1:4444]' for 'POST' to 'http://localhost:4444/wd/hub/session/0a975932d5d13a633e287ebb2eea088e/execute/sync'
18:44:03.191 [Forwarding getElementAttribute on session 0a975932d5d13a633e287ebb2eea088e to remote] DEBUG org.asynchttpclient.netty.request.NettyRequestSender -- Using open Channel [id: 0x98e99774, L:/127.0.0.1:56740 - R:localhost/127.0.0.1:4444] for POST '/wd/hub/session/0a975932d5d13a633e287ebb2eea088e/execute/sync'
18:44:03.239 [AsyncHttpClient-1-2] DEBUG org.asynchttpclient.netty.handler.HttpHandler -- 

Request DefaultHttpRequest(decodeResult: success, version: HTTP/1.1)
POST /wd/hub/session/0a975932d5d13a633e287ebb2eea088e/execute/sync HTTP/1.1
traceparent: 00-f036d66fa174032a70b465009c9d27d1-71281342b47eb310-01
User-Agent: selenium/4.13.0 (java windows)
Content-Length: 47379
Content-Type: application/json; charset=utf-8
host: localhost:4444
accept: */*

Response DefaultHttpResponse(decodeResult: success, version: HTTP/1.1)
HTTP/1.1 200 OK
content-length: 20
content-type: application/json; charset=utf-8
cache-control: no-cache

18:44:03.240 [AsyncHttpClient-1-2] DEBUG org.asynchttpclient.netty.channel.ChannelManager -- Adding key: http://localhost:4444 for channel [id: 0x98e99774, L:/127.0.0.1:56740 - R:localhost/127.0.0.1:4444]
18:44:03.246 [Forwarding getElementAttribute on session 0a975932d5d13a633e287ebb2eea088e to remote] DEBUG org.asynchttpclient.netty.request.NettyRequestSender -- Using pooled Channel '[id: 0x98e99774, L:/127.0.0.1:56740 - R:localhost/127.0.0.1:4444]' for 'POST' to 'http://localhost:4444/wd/hub/session/0a975932d5d13a633e287ebb2eea088e/execute/sync'
18:44:03.246 [Forwarding getElementAttribute on session 0a975932d5d13a633e287ebb2eea088e to remote] DEBUG org.asynchttpclient.netty.request.NettyRequestSender -- Using open Channel [id: 0x98e99774, L:/127.0.0.1:56740 - R:localhost/127.0.0.1:4444] for POST '/wd/hub/session/0a975932d5d13a633e287ebb2eea088e/execute/sync'
18:44:03.297 [AsyncHttpClient-1-2] DEBUG org.asynchttpclient.netty.handler.HttpHandler -- 

Request DefaultHttpRequest(decodeResult: success, version: HTTP/1.1)
POST /wd/hub/session/0a975932d5d13a633e287ebb2eea088e/execute/sync HTTP/1.1
traceparent: 00-2269ac904f357ac34682f0d758768a56-b0cf1b2cb624eef0-01
User-Agent: selenium/4.13.0 (java windows)
Content-Length: 47372
Content-Type: application/json; charset=utf-8
host: localhost:4444
accept: */*

Response DefaultHttpResponse(decodeResult: success, version: HTTP/1.1)
HTTP/1.1 200 OK
content-length: 21
content-type: application/json; charset=utf-8
cache-control: no-cache

18:44:03.298 [AsyncHttpClient-1-2] DEBUG org.asynchttpclient.netty.channel.ChannelManager -- Adding key: http://localhost:4444 for channel [id: 0x98e99774, L:/127.0.0.1:56740 - R:localhost/127.0.0.1:4444]
18:44:03.303 [Forwarding getElementAttribute on session 0a975932d5d13a633e287ebb2eea088e to remote] DEBUG org.asynchttpclient.netty.request.NettyRequestSender -- Using pooled Channel '[id: 0x98e99774, L:/127.0.0.1:56740 - R:localhost/127.0.0.1:4444]' for 'POST' to 'http://localhost:4444/wd/hub/session/0a975932d5d13a633e287ebb2eea088e/execute/sync'
18:44:03.303 [Forwarding getElementAttribute on session 0a975932d5d13a633e287ebb2eea088e to remote] DEBUG org.asynchttpclient.netty.request.NettyRequestSender -- Using open Channel [id: 0x98e99774, L:/127.0.0.1:56740 - R:localhost/127.0.0.1:4444] for POST '/wd/hub/session/0a975932d5d13a633e287ebb2eea088e/execute/sync'
18:44:03.365 [AsyncHttpClient-1-2] DEBUG org.asynchttpclient.netty.handler.HttpHandler -- 

Request DefaultHttpRequest(decodeResult: success, version: HTTP/1.1)
POST /wd/hub/session/0a975932d5d13a633e287ebb2eea088e/execute/sync HTTP/1.1
traceparent: 00-b50393a5d5da67c1784b01ca79984f6f-6d4373933550dff4-01
User-Agent: selenium/4.13.0 (java windows)
Content-Length: 47374
Content-Type: application/json; charset=utf-8
host: localhost:4444
accept: */*

Response DefaultHttpResponse(decodeResult: success, version: HTTP/1.1)
HTTP/1.1 200 OK
content-length: 21
content-type: application/json; charset=utf-8
cache-control: no-cache

18:44:03.366 [AsyncHttpClient-1-2] DEBUG org.asynchttpclient.netty.channel.ChannelManager -- Adding key: http://localhost:4444 for channel [id: 0x98e99774, L:/127.0.0.1:56740 - R:localhost/127.0.0.1:4444]
18:44:03.371 [Forwarding getElementAttribute on session 0a975932d5d13a633e287ebb2eea088e to remote] DEBUG org.asynchttpclient.netty.request.NettyRequestSender -- Using pooled Channel '[id: 0x98e99774, L:/127.0.0.1:56740 - R:localhost/127.0.0.1:4444]' for 'POST' to 'http://localhost:4444/wd/hub/session/0a975932d5d13a633e287ebb2eea088e/execute/sync'
18:44:03.372 [Forwarding getElementAttribute on session 0a975932d5d13a633e287ebb2eea088e to remote] DEBUG org.asynchttpclient.netty.request.NettyRequestSender -- Using open Channel [id: 0x98e99774, L:/127.0.0.1:56740 - R:localhost/127.0.0.1:4444] for POST '/wd/hub/session/0a975932d5d13a633e287ebb2eea088e/execute/sync'
18:44:03.427 [AsyncHttpClient-1-2] DEBUG org.asynchttpclient.netty.handler.HttpHandler -- 

Request DefaultHttpRequest(decodeResult: success, version: HTTP/1.1)
POST /wd/hub/session/0a975932d5d13a633e287ebb2eea088e/execute/sync HTTP/1.1
traceparent: 00-d4f37c6c7d8b18030286957b93dc6138-18125dc89b7db05b-01
User-Agent: selenium/4.13.0 (java windows)
Content-Length: 47381
Content-Type: application/json; charset=utf-8
host: localhost:4444
accept: */*

Response DefaultHttpResponse(decodeResult: success, version: HTTP/1.1)
HTTP/1.1 200 OK
content-length: 15
content-type: application/json; charset=utf-8
cache-control: no-cache

18:44:03.428 [AsyncHttpClient-1-2] DEBUG org.asynchttpclient.netty.channel.ChannelManager -- Adding key: http://localhost:4444 for channel [id: 0x98e99774, L:/127.0.0.1:56740 - R:localhost/127.0.0.1:4444]
18:44:03.432 [Forwarding getElementAttribute on session 0a975932d5d13a633e287ebb2eea088e to remote] DEBUG org.asynchttpclient.netty.request.NettyRequestSender -- Using pooled Channel '[id: 0x98e99774, L:/127.0.0.1:56740 - R:localhost/127.0.0.1:4444]' for 'POST' to 'http://localhost:4444/wd/hub/session/0a975932d5d13a633e287ebb2eea088e/execute/sync'
18:44:03.432 [Forwarding getElementAttribute on session 0a975932d5d13a633e287ebb2eea088e to remote] DEBUG org.asynchttpclient.netty.request.NettyRequestSender -- Using open Channel [id: 0x98e99774, L:/127.0.0.1:56740 - R:localhost/127.0.0.1:4444] for POST '/wd/hub/session/0a975932d5d13a633e287ebb2eea088e/execute/sync'
18:44:03.476 [AsyncHttpClient-1-2] DEBUG org.asynchttpclient.netty.handler.HttpHandler -- 

Request DefaultHttpRequest(decodeResult: success, version: HTTP/1.1)
POST /wd/hub/session/0a975932d5d13a633e287ebb2eea088e/execute/sync HTTP/1.1
traceparent: 00-c53461edf4d1f7bfff8993ffbad4b6f3-6f3c472e0d9930e3-01
User-Agent: selenium/4.13.0 (java windows)
Content-Length: 47384
Content-Type: application/json; charset=utf-8
host: localhost:4444
accept: */*

Response DefaultHttpResponse(decodeResult: success, version: HTTP/1.1)
HTTP/1.1 200 OK
content-length: 16
content-type: application/json; charset=utf-8
cache-control: no-cache

18:44:03.476 [AsyncHttpClient-1-2] DEBUG org.asynchttpclient.netty.channel.ChannelManager -- Adding key: http://localhost:4444 for channel [id: 0x98e99774, L:/127.0.0.1:56740 - R:localhost/127.0.0.1:4444]
18:44:03.480 [Forwarding getElementAttribute on session 0a975932d5d13a633e287ebb2eea088e to remote] DEBUG org.asynchttpclient.netty.request.NettyRequestSender -- Using pooled Channel '[id: 0x98e99774, L:/127.0.0.1:56740 - R:localhost/127.0.0.1:4444]' for 'POST' to 'http://localhost:4444/wd/hub/session/0a975932d5d13a633e287ebb2eea088e/execute/sync'
18:44:03.481 [Forwarding getElementAttribute on session 0a975932d5d13a633e287ebb2eea088e to remote] DEBUG org.asynchttpclient.netty.request.NettyRequestSender -- Using open Channel [id: 0x98e99774, L:/127.0.0.1:56740 - R:localhost/127.0.0.1:4444] for POST '/wd/hub/session/0a975932d5d13a633e287ebb2eea088e/execute/sync'
18:44:03.522 [AsyncHttpClient-1-2] DEBUG org.asynchttpclient.netty.handler.HttpHandler -- 

Request DefaultHttpRequest(decodeResult: success, version: HTTP/1.1)
POST /wd/hub/session/0a975932d5d13a633e287ebb2eea088e/execute/sync HTTP/1.1
traceparent: 00-425f7b864502dd5a2d25e11456716f83-ce1568f8e972008a-01
User-Agent: selenium/4.13.0 (java windows)
Content-Length: 47375
Content-Type: application/json; charset=utf-8
host: localhost:4444
accept: */*

Response DefaultHttpResponse(decodeResult: success, version: HTTP/1.1)
HTTP/1.1 200 OK
content-length: 27
content-type: application/json; charset=utf-8
cache-control: no-cache

18:44:03.522 [AsyncHttpClient-1-2] DEBUG org.asynchttpclient.netty.channel.ChannelManager -- Adding key: http://localhost:4444 for channel [id: 0x98e99774, L:/127.0.0.1:56740 - R:localhost/127.0.0.1:4444]
18:44:03.524 [main] INFO helpers.LoggerHelper -- Testing user: locked_out_user
18:44:03.526 [Forwarding findElement on session 0a975932d5d13a633e287ebb2eea088e to remote] DEBUG org.asynchttpclient.netty.request.NettyRequestSender -- Using pooled Channel '[id: 0x98e99774, L:/127.0.0.1:56740 - R:localhost/127.0.0.1:4444]' for 'POST' to 'http://localhost:4444/wd/hub/session/0a975932d5d13a633e287ebb2eea088e/element'
18:44:03.526 [Forwarding findElement on session 0a975932d5d13a633e287ebb2eea088e to remote] DEBUG org.asynchttpclient.netty.request.NettyRequestSender -- Using open Channel [id: 0x98e99774, L:/127.0.0.1:56740 - R:localhost/127.0.0.1:4444] for POST '/wd/hub/session/0a975932d5d13a633e287ebb2eea088e/element'
18:44:03.557 [AsyncHttpClient-1-2] DEBUG org.asynchttpclient.netty.handler.HttpHandler -- 

Request DefaultHttpRequest(decodeResult: success, version: HTTP/1.1)
POST /wd/hub/session/0a975932d5d13a633e287ebb2eea088e/element HTTP/1.1
traceparent: 00-cbaa98bbaab3dff599f568b9f58814f8-9a833c61b28f2089-01
User-Agent: selenium/4.13.0 (java windows)
Content-Length: 53
Content-Type: application/json; charset=utf-8
host: localhost:4444
accept: */*

Response DefaultHttpResponse(decodeResult: success, version: HTTP/1.1)
HTTP/1.1 200 OK
content-length: 95
content-type: application/json; charset=utf-8
cache-control: no-cache

18:44:03.558 [AsyncHttpClient-1-2] DEBUG org.asynchttpclient.netty.channel.ChannelManager -- Adding key: http://localhost:4444 for channel [id: 0x98e99774, L:/127.0.0.1:56740 - R:localhost/127.0.0.1:4444]
18:44:03.564 [Forwarding isElementDisplayed on session 0a975932d5d13a633e287ebb2eea088e to remote] DEBUG org.asynchttpclient.netty.request.NettyRequestSender -- Using pooled Channel '[id: 0x98e99774, L:/127.0.0.1:56740 - R:localhost/127.0.0.1:4444]' for 'POST' to 'http://localhost:4444/wd/hub/session/0a975932d5d13a633e287ebb2eea088e/execute/sync'
18:44:03.564 [Forwarding isElementDisplayed on session 0a975932d5d13a633e287ebb2eea088e to remote] DEBUG org.asynchttpclient.netty.request.NettyRequestSender -- Using open Channel [id: 0x98e99774, L:/127.0.0.1:56740 - R:localhost/127.0.0.1:4444] for POST '/wd/hub/session/0a975932d5d13a633e287ebb2eea088e/execute/sync'
18:44:03.604 [AsyncHttpClient-1-2] DEBUG org.asynchttpclient.netty.handler.HttpHandler -- 

Request DefaultHttpRequest(decodeResult: success, version: HTTP/1.1)
POST /wd/hub/session/0a975932d5d13a633e287ebb2eea088e/execute/sync HTTP/1.1
traceparent: 00-74594e68cfa5c9a1e8279fb54936b9d6-1492dce102c263fb-01
User-Agent: selenium/4.13.0 (java windows)
Content-Length: 48814
Content-Type: application/json; charset=utf-8
host: localhost:4444
accept: */*

Response DefaultHttpResponse(decodeResult: success, version: HTTP/1.1)
HTTP/1.1 200 OK
content-length: 14
content-type: application/json; charset=utf-8
cache-control: no-cache

18:44:03.604 [AsyncHttpClient-1-2] DEBUG org.asynchttpclient.netty.channel.ChannelManager -- Adding key: http://localhost:4444 for channel [id: 0x98e99774, L:/127.0.0.1:56740 - R:localhost/127.0.0.1:4444]
18:44:03.607 [Forwarding findElement on session 0a975932d5d13a633e287ebb2eea088e to remote] DEBUG org.asynchttpclient.netty.request.NettyRequestSender -- Using pooled Channel '[id: 0x98e99774, L:/127.0.0.1:56740 - R:localhost/127.0.0.1:4444]' for 'POST' to 'http://localhost:4444/wd/hub/session/0a975932d5d13a633e287ebb2eea088e/element'
18:44:03.607 [Forwarding findElement on session 0a975932d5d13a633e287ebb2eea088e to remote] DEBUG org.asynchttpclient.netty.request.NettyRequestSender -- Using open Channel [id: 0x98e99774, L:/127.0.0.1:56740 - R:localhost/127.0.0.1:4444] for POST '/wd/hub/session/0a975932d5d13a633e287ebb2eea088e/element'
18:44:03.673 [AsyncHttpClient-1-2] DEBUG org.asynchttpclient.netty.handler.HttpHandler -- 

Request DefaultHttpRequest(decodeResult: success, version: HTTP/1.1)
POST /wd/hub/session/0a975932d5d13a633e287ebb2eea088e/element HTTP/1.1
traceparent: 00-29c0d798d1e035bf7420b0b00b93909a-9c8f5393da177d73-01
User-Agent: selenium/4.13.0 (java windows)
Content-Length: 53
Content-Type: application/json; charset=utf-8
host: localhost:4444
accept: */*

Response DefaultHttpResponse(decodeResult: success, version: HTTP/1.1)
HTTP/1.1 200 OK
content-length: 95
content-type: application/json; charset=utf-8
cache-control: no-cache

18:44:03.674 [AsyncHttpClient-1-2] DEBUG org.asynchttpclient.netty.channel.ChannelManager -- Adding key: http://localhost:4444 for channel [id: 0x98e99774, L:/127.0.0.1:56740 - R:localhost/127.0.0.1:4444]
18:44:03.677 [Forwarding sendKeysToElement on session 0a975932d5d13a633e287ebb2eea088e to remote] DEBUG org.asynchttpclient.netty.request.NettyRequestSender -- Using pooled Channel '[id: 0x98e99774, L:/127.0.0.1:56740 - R:localhost/127.0.0.1:4444]' for 'POST' to 'http://localhost:4444/wd/hub/session/0a975932d5d13a633e287ebb2eea088e/element/0572FADC5771E44408FD082FBD68C102_element_23/value'
18:44:03.678 [Forwarding sendKeysToElement on session 0a975932d5d13a633e287ebb2eea088e to remote] DEBUG org.asynchttpclient.netty.request.NettyRequestSender -- Using open Channel [id: 0x98e99774, L:/127.0.0.1:56740 - R:localhost/127.0.0.1:4444] for POST '/wd/hub/session/0a975932d5d13a633e287ebb2eea088e/element/0572FADC5771E44408FD082FBD68C102_element_23/value'
18:44:03.980 [AsyncHttpClient-1-2] DEBUG org.asynchttpclient.netty.handler.HttpHandler -- 

Request DefaultHttpRequest(decodeResult: success, version: HTTP/1.1)
POST /wd/hub/session/0a975932d5d13a633e287ebb2eea088e/element/0572FADC5771E44408FD082FBD68C102_element_23/value HTTP/1.1
traceparent: 00-12b82aa22528d7c67a77ea16aa92b91f-dc2feee931f31d24-01
User-Agent: selenium/4.13.0 (java windows)
Content-Length: 208
Content-Type: application/json; charset=utf-8
host: localhost:4444
accept: */*

Response DefaultHttpResponse(decodeResult: success, version: HTTP/1.1)
HTTP/1.1 200 OK
content-length: 14
content-type: application/json; charset=utf-8
cache-control: no-cache

18:44:03.981 [AsyncHttpClient-1-2] DEBUG org.asynchttpclient.netty.channel.ChannelManager -- Adding key: http://localhost:4444 for channel [id: 0x98e99774, L:/127.0.0.1:56740 - R:localhost/127.0.0.1:4444]
18:44:03.985 [Forwarding findElement on session 0a975932d5d13a633e287ebb2eea088e to remote] DEBUG org.asynchttpclient.netty.request.NettyRequestSender -- Using pooled Channel '[id: 0x98e99774, L:/127.0.0.1:56740 - R:localhost/127.0.0.1:4444]' for 'POST' to 'http://localhost:4444/wd/hub/session/0a975932d5d13a633e287ebb2eea088e/element'
18:44:03.985 [Forwarding findElement on session 0a975932d5d13a633e287ebb2eea088e to remote] DEBUG org.asynchttpclient.netty.request.NettyRequestSender -- Using open Channel [id: 0x98e99774, L:/127.0.0.1:56740 - R:localhost/127.0.0.1:4444] for POST '/wd/hub/session/0a975932d5d13a633e287ebb2eea088e/element'
18:44:04.020 [AsyncHttpClient-1-2] DEBUG org.asynchttpclient.netty.handler.HttpHandler -- 

Request DefaultHttpRequest(decodeResult: success, version: HTTP/1.1)
POST /wd/hub/session/0a975932d5d13a633e287ebb2eea088e/element HTTP/1.1
traceparent: 00-3b6f050defb84a9d3229c3d696b32a9d-5c89d808d0eeec31-01
User-Agent: selenium/4.13.0 (java windows)
Content-Length: 53
Content-Type: application/json; charset=utf-8
host: localhost:4444
accept: */*

Response DefaultHttpResponse(decodeResult: success, version: HTTP/1.1)
HTTP/1.1 200 OK
content-length: 95
content-type: application/json; charset=utf-8
cache-control: no-cache

18:44:04.021 [AsyncHttpClient-1-2] DEBUG org.asynchttpclient.netty.channel.ChannelManager -- Adding key: http://localhost:4444 for channel [id: 0x98e99774, L:/127.0.0.1:56740 - R:localhost/127.0.0.1:4444]
18:44:04.025 [Forwarding getElementAttribute on session 0a975932d5d13a633e287ebb2eea088e to remote] DEBUG org.asynchttpclient.netty.request.NettyRequestSender -- Using pooled Channel '[id: 0x98e99774, L:/127.0.0.1:56740 - R:localhost/127.0.0.1:4444]' for 'POST' to 'http://localhost:4444/wd/hub/session/0a975932d5d13a633e287ebb2eea088e/execute/sync'
18:44:04.025 [Forwarding getElementAttribute on session 0a975932d5d13a633e287ebb2eea088e to remote] DEBUG org.asynchttpclient.netty.request.NettyRequestSender -- Using open Channel [id: 0x98e99774, L:/127.0.0.1:56740 - R:localhost/127.0.0.1:4444] for POST '/wd/hub/session/0a975932d5d13a633e287ebb2eea088e/execute/sync'
18:44:04.068 [AsyncHttpClient-1-2] DEBUG org.asynchttpclient.netty.handler.HttpHandler -- 

Request DefaultHttpRequest(decodeResult: success, version: HTTP/1.1)
POST /wd/hub/session/0a975932d5d13a633e287ebb2eea088e/execute/sync HTTP/1.1
traceparent: 00-5615edf8b4a24427792d76e6be5a1095-9257897ee1b582f7-01
User-Agent: selenium/4.13.0 (java windows)
Content-Length: 47379
Content-Type: application/json; charset=utf-8
host: localhost:4444
accept: */*

Response DefaultHttpResponse(decodeResult: success, version: HTTP/1.1)
HTTP/1.1 200 OK
content-length: 224
content-type: application/json; charset=utf-8
cache-control: no-cache

18:44:04.069 [AsyncHttpClient-1-2] DEBUG org.asynchttpclient.netty.channel.ChannelManager -- Adding key: http://localhost:4444 for channel [id: 0x98e99774, L:/127.0.0.1:56740 - R:localhost/127.0.0.1:4444]
18:44:04.073 [Forwarding getElementAttribute on session 0a975932d5d13a633e287ebb2eea088e to remote] DEBUG org.asynchttpclient.netty.request.NettyRequestSender -- Using pooled Channel '[id: 0x98e99774, L:/127.0.0.1:56740 - R:localhost/127.0.0.1:4444]' for 'POST' to 'http://localhost:4444/wd/hub/session/0a975932d5d13a633e287ebb2eea088e/execute/sync'
18:44:04.073 [Forwarding getElementAttribute on session 0a975932d5d13a633e287ebb2eea088e to remote] DEBUG org.asynchttpclient.netty.request.NettyRequestSender -- Using open Channel [id: 0x98e99774, L:/127.0.0.1:56740 - R:localhost/127.0.0.1:4444] for POST '/wd/hub/session/0a975932d5d13a633e287ebb2eea088e/execute/sync'
18:44:04.125 [AsyncHttpClient-1-2] DEBUG org.asynchttpclient.netty.handler.HttpHandler -- 

Request DefaultHttpRequest(decodeResult: success, version: HTTP/1.1)
POST /wd/hub/session/0a975932d5d13a633e287ebb2eea088e/execute/sync HTTP/1.1
traceparent: 00-3bd65359ecdedc37ba710a9928667983-ad11409bbc43cc26-01
User-Agent: selenium/4.13.0 (java windows)
Content-Length: 47375
Content-Type: application/json; charset=utf-8
host: localhost:4444
accept: */*

Response DefaultHttpResponse(decodeResult: success, version: HTTP/1.1)
HTTP/1.1 200 OK
content-length: 34
content-type: application/json; charset=utf-8
cache-control: no-cache

18:44:04.125 [AsyncHttpClient-1-2] DEBUG org.asynchttpclient.netty.channel.ChannelManager -- Adding key: http://localhost:4444 for channel [id: 0x98e99774, L:/127.0.0.1:56740 - R:localhost/127.0.0.1:4444]
18:44:04.129 [Forwarding getElementAttribute on session 0a975932d5d13a633e287ebb2eea088e to remote] DEBUG org.asynchttpclient.netty.request.NettyRequestSender -- Using pooled Channel '[id: 0x98e99774, L:/127.0.0.1:56740 - R:localhost/127.0.0.1:4444]' for 'POST' to 'http://localhost:4444/wd/hub/session/0a975932d5d13a633e287ebb2eea088e/execute/sync'
18:44:04.130 [Forwarding getElementAttribute on session 0a975932d5d13a633e287ebb2eea088e to remote] DEBUG org.asynchttpclient.netty.request.NettyRequestSender -- Using open Channel [id: 0x98e99774, L:/127.0.0.1:56740 - R:localhost/127.0.0.1:4444] for POST '/wd/hub/session/0a975932d5d13a633e287ebb2eea088e/execute/sync'
18:44:04.167 [AsyncHttpClient-1-2] DEBUG org.asynchttpclient.netty.handler.HttpHandler -- 

Request DefaultHttpRequest(decodeResult: success, version: HTTP/1.1)
POST /wd/hub/session/0a975932d5d13a633e287ebb2eea088e/execute/sync HTTP/1.1
traceparent: 00-661da91bfe9406400a0a05cf60163255-2a3772d296ca2b64-01
User-Agent: selenium/4.13.0 (java windows)
Content-Length: 47381
Content-Type: application/json; charset=utf-8
host: localhost:4444
accept: */*

Response DefaultHttpResponse(decodeResult: success, version: HTTP/1.1)
HTTP/1.1 200 OK
content-length: 20
content-type: application/json; charset=utf-8
cache-control: no-cache

18:44:04.167 [AsyncHttpClient-1-2] DEBUG org.asynchttpclient.netty.channel.ChannelManager -- Adding key: http://localhost:4444 for channel [id: 0x98e99774, L:/127.0.0.1:56740 - R:localhost/127.0.0.1:4444]
18:44:04.178 [Forwarding getElementAttribute on session 0a975932d5d13a633e287ebb2eea088e to remote] DEBUG org.asynchttpclient.netty.request.NettyRequestSender -- Using pooled Channel '[id: 0x98e99774, L:/127.0.0.1:56740 - R:localhost/127.0.0.1:4444]' for 'POST' to 'http://localhost:4444/wd/hub/session/0a975932d5d13a633e287ebb2eea088e/execute/sync'
18:44:04.178 [Forwarding getElementAttribute on session 0a975932d5d13a633e287ebb2eea088e to remote] DEBUG org.asynchttpclient.netty.request.NettyRequestSender -- Using open Channel [id: 0x98e99774, L:/127.0.0.1:56740 - R:localhost/127.0.0.1:4444] for POST '/wd/hub/session/0a975932d5d13a633e287ebb2eea088e/execute/sync'
18:44:04.210 [AsyncHttpClient-1-2] DEBUG org.asynchttpclient.netty.handler.HttpHandler -- 

Request DefaultHttpRequest(decodeResult: success, version: HTTP/1.1)
POST /wd/hub/session/0a975932d5d13a633e287ebb2eea088e/execute/sync HTTP/1.1
traceparent: 00-ffe285a5f3802dedbf02eb8c723bb902-c125e95bdc2f7d1c-01
User-Agent: selenium/4.13.0 (java windows)
Content-Length: 47374
Content-Type: application/json; charset=utf-8
host: localhost:4444
accept: */*

Response DefaultHttpResponse(decodeResult: success, version: HTTP/1.1)
HTTP/1.1 200 OK
content-length: 20
content-type: application/json; charset=utf-8
cache-control: no-cache

18:44:04.210 [AsyncHttpClient-1-2] DEBUG org.asynchttpclient.netty.channel.ChannelManager -- Adding key: http://localhost:4444 for channel [id: 0x98e99774, L:/127.0.0.1:56740 - R:localhost/127.0.0.1:4444]
18:44:04.214 [Forwarding getElementAttribute on session 0a975932d5d13a633e287ebb2eea088e to remote] DEBUG org.asynchttpclient.netty.request.NettyRequestSender -- Using pooled Channel '[id: 0x98e99774, L:/127.0.0.1:56740 - R:localhost/127.0.0.1:4444]' for 'POST' to 'http://localhost:4444/wd/hub/session/0a975932d5d13a633e287ebb2eea088e/execute/sync'
18:44:04.214 [Forwarding getElementAttribute on session 0a975932d5d13a633e287ebb2eea088e to remote] DEBUG org.asynchttpclient.netty.request.NettyRequestSender -- Using open Channel [id: 0x98e99774, L:/127.0.0.1:56740 - R:localhost/127.0.0.1:4444] for POST '/wd/hub/session/0a975932d5d13a633e287ebb2eea088e/execute/sync'
18:44:04.281 [AsyncHttpClient-1-2] DEBUG org.asynchttpclient.netty.handler.HttpHandler -- 

Request DefaultHttpRequest(decodeResult: success, version: HTTP/1.1)
POST /wd/hub/session/0a975932d5d13a633e287ebb2eea088e/execute/sync HTTP/1.1
traceparent: 00-8e386dbf37074e2e5a4c222994a5b743-13ebcd35abdb61a8-01
User-Agent: selenium/4.13.0 (java windows)
Content-Length: 47379
Content-Type: application/json; charset=utf-8
host: localhost:4444
accept: */*

Response DefaultHttpResponse(decodeResult: success, version: HTTP/1.1)
HTTP/1.1 200 OK
content-length: 20
content-type: application/json; charset=utf-8
cache-control: no-cache

18:44:04.282 [AsyncHttpClient-1-2] DEBUG org.asynchttpclient.netty.channel.ChannelManager -- Adding key: http://localhost:4444 for channel [id: 0x98e99774, L:/127.0.0.1:56740 - R:localhost/127.0.0.1:4444]
18:44:04.289 [Forwarding getElementAttribute on session 0a975932d5d13a633e287ebb2eea088e to remote] DEBUG org.asynchttpclient.netty.request.NettyRequestSender -- Using pooled Channel '[id: 0x98e99774, L:/127.0.0.1:56740 - R:localhost/127.0.0.1:4444]' for 'POST' to 'http://localhost:4444/wd/hub/session/0a975932d5d13a633e287ebb2eea088e/execute/sync'
18:44:04.290 [Forwarding getElementAttribute on session 0a975932d5d13a633e287ebb2eea088e to remote] DEBUG org.asynchttpclient.netty.request.NettyRequestSender -- Using open Channel [id: 0x98e99774, L:/127.0.0.1:56740 - R:localhost/127.0.0.1:4444] for POST '/wd/hub/session/0a975932d5d13a633e287ebb2eea088e/execute/sync'
18:44:04.366 [AsyncHttpClient-1-2] DEBUG org.asynchttpclient.netty.handler.HttpHandler -- 

Request DefaultHttpRequest(decodeResult: success, version: HTTP/1.1)
POST /wd/hub/session/0a975932d5d13a633e287ebb2eea088e/execute/sync HTTP/1.1
traceparent: 00-a2711183507e55ce3f8ab1b838c86f17-6a0655925ab536ee-01
User-Agent: selenium/4.13.0 (java windows)
Content-Length: 47372
Content-Type: application/json; charset=utf-8
host: localhost:4444
accept: */*

Response DefaultHttpResponse(decodeResult: success, version: HTTP/1.1)
HTTP/1.1 200 OK
content-length: 20
content-type: application/json; charset=utf-8
cache-control: no-cache

18:44:04.366 [AsyncHttpClient-1-2] DEBUG org.asynchttpclient.netty.channel.ChannelManager -- Adding key: http://localhost:4444 for channel [id: 0x98e99774, L:/127.0.0.1:56740 - R:localhost/127.0.0.1:4444]
18:44:04.371 [Forwarding getElementAttribute on session 0a975932d5d13a633e287ebb2eea088e to remote] DEBUG org.asynchttpclient.netty.request.NettyRequestSender -- Using pooled Channel '[id: 0x98e99774, L:/127.0.0.1:56740 - R:localhost/127.0.0.1:4444]' for 'POST' to 'http://localhost:4444/wd/hub/session/0a975932d5d13a633e287ebb2eea088e/execute/sync'
18:44:04.371 [Forwarding getElementAttribute on session 0a975932d5d13a633e287ebb2eea088e to remote] DEBUG org.asynchttpclient.netty.request.NettyRequestSender -- Using open Channel [id: 0x98e99774, L:/127.0.0.1:56740 - R:localhost/127.0.0.1:4444] for POST '/wd/hub/session/0a975932d5d13a633e287ebb2eea088e/execute/sync'
18:44:04.411 [AsyncHttpClient-1-2] DEBUG org.asynchttpclient.netty.handler.HttpHandler -- 

Request DefaultHttpRequest(decodeResult: success, version: HTTP/1.1)
POST /wd/hub/session/0a975932d5d13a633e287ebb2eea088e/execute/sync HTTP/1.1
traceparent: 00-53afd8b08f972d4c818a46da62d74729-3b63cb089b053c93-01
User-Agent: selenium/4.13.0 (java windows)
Content-Length: 47374
Content-Type: application/json; charset=utf-8
host: localhost:4444
accept: */*

Response DefaultHttpResponse(decodeResult: success, version: HTTP/1.1)
HTTP/1.1 200 OK
content-length: 20
content-type: application/json; charset=utf-8
cache-control: no-cache

18:44:04.411 [AsyncHttpClient-1-2] DEBUG org.asynchttpclient.netty.channel.ChannelManager -- Adding key: http://localhost:4444 for channel [id: 0x98e99774, L:/127.0.0.1:56740 - R:localhost/127.0.0.1:4444]
18:44:04.415 [Forwarding getElementAttribute on session 0a975932d5d13a633e287ebb2eea088e to remote] DEBUG org.asynchttpclient.netty.request.NettyRequestSender -- Using pooled Channel '[id: 0x98e99774, L:/127.0.0.1:56740 - R:localhost/127.0.0.1:4444]' for 'POST' to 'http://localhost:4444/wd/hub/session/0a975932d5d13a633e287ebb2eea088e/execute/sync'
18:44:04.416 [Forwarding getElementAttribute on session 0a975932d5d13a633e287ebb2eea088e to remote] DEBUG org.asynchttpclient.netty.request.NettyRequestSender -- Using open Channel [id: 0x98e99774, L:/127.0.0.1:56740 - R:localhost/127.0.0.1:4444] for POST '/wd/hub/session/0a975932d5d13a633e287ebb2eea088e/execute/sync'
18:44:04.450 [AsyncHttpClient-1-2] DEBUG org.asynchttpclient.netty.handler.HttpHandler -- 

Request DefaultHttpRequest(decodeResult: success, version: HTTP/1.1)
POST /wd/hub/session/0a975932d5d13a633e287ebb2eea088e/execute/sync HTTP/1.1
traceparent: 00-169b9fccd1631bfb421adba39a0e8359-af9348c1f5415cdc-01
User-Agent: selenium/4.13.0 (java windows)
Content-Length: 47381
Content-Type: application/json; charset=utf-8
host: localhost:4444
accept: */*

Response DefaultHttpResponse(decodeResult: success, version: HTTP/1.1)
HTTP/1.1 200 OK
content-length: 15
content-type: application/json; charset=utf-8
cache-control: no-cache

18:44:04.450 [AsyncHttpClient-1-2] DEBUG org.asynchttpclient.netty.channel.ChannelManager -- Adding key: http://localhost:4444 for channel [id: 0x98e99774, L:/127.0.0.1:56740 - R:localhost/127.0.0.1:4444]
18:44:04.456 [Forwarding getElementAttribute on session 0a975932d5d13a633e287ebb2eea088e to remote] DEBUG org.asynchttpclient.netty.request.NettyRequestSender -- Using pooled Channel '[id: 0x98e99774, L:/127.0.0.1:56740 - R:localhost/127.0.0.1:4444]' for 'POST' to 'http://localhost:4444/wd/hub/session/0a975932d5d13a633e287ebb2eea088e/execute/sync'
18:44:04.456 [Forwarding getElementAttribute on session 0a975932d5d13a633e287ebb2eea088e to remote] DEBUG org.asynchttpclient.netty.request.NettyRequestSender -- Using open Channel [id: 0x98e99774, L:/127.0.0.1:56740 - R:localhost/127.0.0.1:4444] for POST '/wd/hub/session/0a975932d5d13a633e287ebb2eea088e/execute/sync'
18:44:04.496 [AsyncHttpClient-1-2] DEBUG org.asynchttpclient.netty.handler.HttpHandler -- 

Request DefaultHttpRequest(decodeResult: success, version: HTTP/1.1)
POST /wd/hub/session/0a975932d5d13a633e287ebb2eea088e/execute/sync HTTP/1.1
traceparent: 00-6ed551874f6d98282f03cbf1fc4630f3-2c9936d55693cf00-01
User-Agent: selenium/4.13.0 (java windows)
Content-Length: 47384
Content-Type: application/json; charset=utf-8
host: localhost:4444
accept: */*

Response DefaultHttpResponse(decodeResult: success, version: HTTP/1.1)
HTTP/1.1 200 OK
content-length: 16
content-type: application/json; charset=utf-8
cache-control: no-cache

18:44:04.496 [AsyncHttpClient-1-2] DEBUG org.asynchttpclient.netty.channel.ChannelManager -- Adding key: http://localhost:4444 for channel [id: 0x98e99774, L:/127.0.0.1:56740 - R:localhost/127.0.0.1:4444]
18:44:04.502 [Forwarding getElementAttribute on session 0a975932d5d13a633e287ebb2eea088e to remote] DEBUG org.asynchttpclient.netty.request.NettyRequestSender -- Using pooled Channel '[id: 0x98e99774, L:/127.0.0.1:56740 - R:localhost/127.0.0.1:4444]' for 'POST' to 'http://localhost:4444/wd/hub/session/0a975932d5d13a633e287ebb2eea088e/execute/sync'
18:44:04.502 [Forwarding getElementAttribute on session 0a975932d5d13a633e287ebb2eea088e to remote] DEBUG org.asynchttpclient.netty.request.NettyRequestSender -- Using open Channel [id: 0x98e99774, L:/127.0.0.1:56740 - R:localhost/127.0.0.1:4444] for POST '/wd/hub/session/0a975932d5d13a633e287ebb2eea088e/execute/sync'
18:44:04.538 [AsyncHttpClient-1-2] DEBUG org.asynchttpclient.netty.handler.HttpHandler -- 

Request DefaultHttpRequest(decodeResult: success, version: HTTP/1.1)
POST /wd/hub/session/0a975932d5d13a633e287ebb2eea088e/execute/sync HTTP/1.1
traceparent: 00-ad44094255d753bc0c104c8d6b702e1b-eac4fdb618d6ed5f-01
User-Agent: selenium/4.13.0 (java windows)
Content-Length: 47375
Content-Type: application/json; charset=utf-8
host: localhost:4444
accept: */*

Response DefaultHttpResponse(decodeResult: success, version: HTTP/1.1)
HTTP/1.1 200 OK
content-length: 24
content-type: application/json; charset=utf-8
cache-control: no-cache

18:44:04.538 [AsyncHttpClient-1-2] DEBUG org.asynchttpclient.netty.channel.ChannelManager -- Adding key: http://localhost:4444 for channel [id: 0x98e99774, L:/127.0.0.1:56740 - R:localhost/127.0.0.1:4444]
18:44:04.540 [main] INFO helpers.LoggerHelper -- Testing password: secret_sauce
18:44:04.541 [Forwarding findElement on session 0a975932d5d13a633e287ebb2eea088e to remote] DEBUG org.asynchttpclient.netty.request.NettyRequestSender -- Using pooled Channel '[id: 0x98e99774, L:/127.0.0.1:56740 - R:localhost/127.0.0.1:4444]' for 'POST' to 'http://localhost:4444/wd/hub/session/0a975932d5d13a633e287ebb2eea088e/element'
18:44:04.542 [Forwarding findElement on session 0a975932d5d13a633e287ebb2eea088e to remote] DEBUG org.asynchttpclient.netty.request.NettyRequestSender -- Using open Channel [id: 0x98e99774, L:/127.0.0.1:56740 - R:localhost/127.0.0.1:4444] for POST '/wd/hub/session/0a975932d5d13a633e287ebb2eea088e/element'
18:44:04.571 [AsyncHttpClient-1-2] DEBUG org.asynchttpclient.netty.handler.HttpHandler -- 

Request DefaultHttpRequest(decodeResult: success, version: HTTP/1.1)
POST /wd/hub/session/0a975932d5d13a633e287ebb2eea088e/element HTTP/1.1
traceparent: 00-e4e074596b19c031201769d99b816720-0f49956930d18eeb-01
User-Agent: selenium/4.13.0 (java windows)
Content-Length: 59
Content-Type: application/json; charset=utf-8
host: localhost:4444
accept: */*

Response DefaultHttpResponse(decodeResult: success, version: HTTP/1.1)
HTTP/1.1 200 OK
content-length: 95
content-type: application/json; charset=utf-8
cache-control: no-cache

18:44:04.571 [AsyncHttpClient-1-2] DEBUG org.asynchttpclient.netty.channel.ChannelManager -- Adding key: http://localhost:4444 for channel [id: 0x98e99774, L:/127.0.0.1:56740 - R:localhost/127.0.0.1:4444]
18:44:04.576 [Forwarding isElementDisplayed on session 0a975932d5d13a633e287ebb2eea088e to remote] DEBUG org.asynchttpclient.netty.request.NettyRequestSender -- Using pooled Channel '[id: 0x98e99774, L:/127.0.0.1:56740 - R:localhost/127.0.0.1:4444]' for 'POST' to 'http://localhost:4444/wd/hub/session/0a975932d5d13a633e287ebb2eea088e/execute/sync'
18:44:04.577 [Forwarding isElementDisplayed on session 0a975932d5d13a633e287ebb2eea088e to remote] DEBUG org.asynchttpclient.netty.request.NettyRequestSender -- Using open Channel [id: 0x98e99774, L:/127.0.0.1:56740 - R:localhost/127.0.0.1:4444] for POST '/wd/hub/session/0a975932d5d13a633e287ebb2eea088e/execute/sync'
18:44:04.623 [AsyncHttpClient-1-2] DEBUG org.asynchttpclient.netty.handler.HttpHandler -- 

Request DefaultHttpRequest(decodeResult: success, version: HTTP/1.1)
POST /wd/hub/session/0a975932d5d13a633e287ebb2eea088e/execute/sync HTTP/1.1
traceparent: 00-97ae815b70b3d8d972457fe8c34bbac8-c2d9c90fbd992198-01
User-Agent: selenium/4.13.0 (java windows)
Content-Length: 48814
Content-Type: application/json; charset=utf-8
host: localhost:4444
accept: */*

Response DefaultHttpResponse(decodeResult: success, version: HTTP/1.1)
HTTP/1.1 200 OK
content-length: 14
content-type: application/json; charset=utf-8
cache-control: no-cache

18:44:04.623 [AsyncHttpClient-1-2] DEBUG org.asynchttpclient.netty.channel.ChannelManager -- Adding key: http://localhost:4444 for channel [id: 0x98e99774, L:/127.0.0.1:56740 - R:localhost/127.0.0.1:4444]
18:44:04.628 [Forwarding findElement on session 0a975932d5d13a633e287ebb2eea088e to remote] DEBUG org.asynchttpclient.netty.request.NettyRequestSender -- Using pooled Channel '[id: 0x98e99774, L:/127.0.0.1:56740 - R:localhost/127.0.0.1:4444]' for 'POST' to 'http://localhost:4444/wd/hub/session/0a975932d5d13a633e287ebb2eea088e/element'
18:44:04.630 [Forwarding findElement on session 0a975932d5d13a633e287ebb2eea088e to remote] DEBUG org.asynchttpclient.netty.request.NettyRequestSender -- Using open Channel [id: 0x98e99774, L:/127.0.0.1:56740 - R:localhost/127.0.0.1:4444] for POST '/wd/hub/session/0a975932d5d13a633e287ebb2eea088e/element'
18:44:04.673 [AsyncHttpClient-1-2] DEBUG org.asynchttpclient.netty.handler.HttpHandler -- 

Request DefaultHttpRequest(decodeResult: success, version: HTTP/1.1)
POST /wd/hub/session/0a975932d5d13a633e287ebb2eea088e/element HTTP/1.1
traceparent: 00-54fe48154bb2297d50a7bd890d39b222-ff30a2eced9ef34a-01
User-Agent: selenium/4.13.0 (java windows)
Content-Length: 59
Content-Type: application/json; charset=utf-8
host: localhost:4444
accept: */*

Response DefaultHttpResponse(decodeResult: success, version: HTTP/1.1)
HTTP/1.1 200 OK
content-length: 95
content-type: application/json; charset=utf-8
cache-control: no-cache

18:44:04.673 [AsyncHttpClient-1-2] DEBUG org.asynchttpclient.netty.channel.ChannelManager -- Adding key: http://localhost:4444 for channel [id: 0x98e99774, L:/127.0.0.1:56740 - R:localhost/127.0.0.1:4444]
18:44:04.678 [Forwarding getElementAttribute on session 0a975932d5d13a633e287ebb2eea088e to remote] DEBUG org.asynchttpclient.netty.request.NettyRequestSender -- Using pooled Channel '[id: 0x98e99774, L:/127.0.0.1:56740 - R:localhost/127.0.0.1:4444]' for 'POST' to 'http://localhost:4444/wd/hub/session/0a975932d5d13a633e287ebb2eea088e/execute/sync'
18:44:04.678 [Forwarding getElementAttribute on session 0a975932d5d13a633e287ebb2eea088e to remote] DEBUG org.asynchttpclient.netty.request.NettyRequestSender -- Using open Channel [id: 0x98e99774, L:/127.0.0.1:56740 - R:localhost/127.0.0.1:4444] for POST '/wd/hub/session/0a975932d5d13a633e287ebb2eea088e/execute/sync'
18:44:04.726 [AsyncHttpClient-1-2] DEBUG org.asynchttpclient.netty.handler.HttpHandler -- 

Request DefaultHttpRequest(decodeResult: success, version: HTTP/1.1)
POST /wd/hub/session/0a975932d5d13a633e287ebb2eea088e/execute/sync HTTP/1.1
traceparent: 00-f6d7363cf4475cbb40734bbe3d6312cd-808080a69a5b2d37-01
User-Agent: selenium/4.13.0 (java windows)
Content-Length: 47379
Content-Type: application/json; charset=utf-8
host: localhost:4444
accept: */*

Response DefaultHttpResponse(decodeResult: success, version: HTTP/1.1)
HTTP/1.1 200 OK
content-length: 160
content-type: application/json; charset=utf-8
cache-control: no-cache

18:44:04.726 [AsyncHttpClient-1-2] DEBUG org.asynchttpclient.netty.channel.ChannelManager -- Adding key: http://localhost:4444 for channel [id: 0x98e99774, L:/127.0.0.1:56740 - R:localhost/127.0.0.1:4444]
18:44:04.731 [Forwarding getElementAttribute on session 0a975932d5d13a633e287ebb2eea088e to remote] DEBUG org.asynchttpclient.netty.request.NettyRequestSender -- Using pooled Channel '[id: 0x98e99774, L:/127.0.0.1:56740 - R:localhost/127.0.0.1:4444]' for 'POST' to 'http://localhost:4444/wd/hub/session/0a975932d5d13a633e287ebb2eea088e/execute/sync'
18:44:04.731 [Forwarding getElementAttribute on session 0a975932d5d13a633e287ebb2eea088e to remote] DEBUG org.asynchttpclient.netty.request.NettyRequestSender -- Using open Channel [id: 0x98e99774, L:/127.0.0.1:56740 - R:localhost/127.0.0.1:4444] for POST '/wd/hub/session/0a975932d5d13a633e287ebb2eea088e/execute/sync'
18:44:04.775 [AsyncHttpClient-1-2] DEBUG org.asynchttpclient.netty.handler.HttpHandler -- 

Request DefaultHttpRequest(decodeResult: success, version: HTTP/1.1)
POST /wd/hub/session/0a975932d5d13a633e287ebb2eea088e/execute/sync HTTP/1.1
traceparent: 00-6aa924203d289f271a5fdeb5d835b244-e33573e8e2c8e1fd-01
User-Agent: selenium/4.13.0 (java windows)
Content-Length: 47374
Content-Type: application/json; charset=utf-8
host: localhost:4444
accept: */*

Response DefaultHttpResponse(decodeResult: success, version: HTTP/1.1)
HTTP/1.1 200 OK
content-length: 18
content-type: application/json; charset=utf-8
cache-control: no-cache

18:44:04.775 [AsyncHttpClient-1-2] DEBUG org.asynchttpclient.netty.channel.ChannelManager -- Adding key: http://localhost:4444 for channel [id: 0x98e99774, L:/127.0.0.1:56740 - R:localhost/127.0.0.1:4444]
18:44:04.780 [Forwarding getElementAttribute on session 0a975932d5d13a633e287ebb2eea088e to remote] DEBUG org.asynchttpclient.netty.request.NettyRequestSender -- Using pooled Channel '[id: 0x98e99774, L:/127.0.0.1:56740 - R:localhost/127.0.0.1:4444]' for 'POST' to 'http://localhost:4444/wd/hub/session/0a975932d5d13a633e287ebb2eea088e/execute/sync'
18:44:04.780 [Forwarding getElementAttribute on session 0a975932d5d13a633e287ebb2eea088e to remote] DEBUG org.asynchttpclient.netty.request.NettyRequestSender -- Using open Channel [id: 0x98e99774, L:/127.0.0.1:56740 - R:localhost/127.0.0.1:4444] for POST '/wd/hub/session/0a975932d5d13a633e287ebb2eea088e/execute/sync'
18:44:04.814 [AsyncHttpClient-1-2] DEBUG org.asynchttpclient.netty.handler.HttpHandler -- 

Request DefaultHttpRequest(decodeResult: success, version: HTTP/1.1)
POST /wd/hub/session/0a975932d5d13a633e287ebb2eea088e/execute/sync HTTP/1.1
traceparent: 00-a559dcabd190c4fa0151288268f55d91-603ba76b5d584459-01
User-Agent: selenium/4.13.0 (java windows)
Content-Length: 47375
Content-Type: application/json; charset=utf-8
host: localhost:4444
accept: */*

Response DefaultHttpResponse(decodeResult: success, version: HTTP/1.1)
HTTP/1.1 200 OK
content-length: 36
content-type: application/json; charset=utf-8
cache-control: no-cache

18:44:04.814 [AsyncHttpClient-1-2] DEBUG org.asynchttpclient.netty.channel.ChannelManager -- Adding key: http://localhost:4444 for channel [id: 0x98e99774, L:/127.0.0.1:56740 - R:localhost/127.0.0.1:4444]
18:44:04.819 [Forwarding getElementAttribute on session 0a975932d5d13a633e287ebb2eea088e to remote] DEBUG org.asynchttpclient.netty.request.NettyRequestSender -- Using pooled Channel '[id: 0x98e99774, L:/127.0.0.1:56740 - R:localhost/127.0.0.1:4444]' for 'POST' to 'http://localhost:4444/wd/hub/session/0a975932d5d13a633e287ebb2eea088e/execute/sync'
18:44:04.819 [Forwarding getElementAttribute on session 0a975932d5d13a633e287ebb2eea088e to remote] DEBUG org.asynchttpclient.netty.request.NettyRequestSender -- Using open Channel [id: 0x98e99774, L:/127.0.0.1:56740 - R:localhost/127.0.0.1:4444] for POST '/wd/hub/session/0a975932d5d13a633e287ebb2eea088e/execute/sync'
18:44:04.859 [AsyncHttpClient-1-2] DEBUG org.asynchttpclient.netty.handler.HttpHandler -- 

Request DefaultHttpRequest(decodeResult: success, version: HTTP/1.1)
POST /wd/hub/session/0a975932d5d13a633e287ebb2eea088e/execute/sync HTTP/1.1
traceparent: 00-c29fa3c963abeabf76ee65fbcfe0c802-c31872a71155a5cc-01
User-Agent: selenium/4.13.0 (java windows)
Content-Length: 47379
Content-Type: application/json; charset=utf-8
host: localhost:4444
accept: */*

Response DefaultHttpResponse(decodeResult: success, version: HTTP/1.1)
HTTP/1.1 200 OK
content-length: 24
content-type: application/json; charset=utf-8
cache-control: no-cache

18:44:04.859 [AsyncHttpClient-1-2] DEBUG org.asynchttpclient.netty.channel.ChannelManager -- Adding key: http://localhost:4444 for channel [id: 0x98e99774, L:/127.0.0.1:56740 - R:localhost/127.0.0.1:4444]
18:44:04.864 [Forwarding getElementAttribute on session 0a975932d5d13a633e287ebb2eea088e to remote] DEBUG org.asynchttpclient.netty.request.NettyRequestSender -- Using pooled Channel '[id: 0x98e99774, L:/127.0.0.1:56740 - R:localhost/127.0.0.1:4444]' for 'POST' to 'http://localhost:4444/wd/hub/session/0a975932d5d13a633e287ebb2eea088e/execute/sync'
18:44:04.864 [Forwarding getElementAttribute on session 0a975932d5d13a633e287ebb2eea088e to remote] DEBUG org.asynchttpclient.netty.request.NettyRequestSender -- Using open Channel [id: 0x98e99774, L:/127.0.0.1:56740 - R:localhost/127.0.0.1:4444] for POST '/wd/hub/session/0a975932d5d13a633e287ebb2eea088e/execute/sync'
18:44:04.927 [AsyncHttpClient-1-2] DEBUG org.asynchttpclient.netty.handler.HttpHandler -- 

Request DefaultHttpRequest(decodeResult: success, version: HTTP/1.1)
POST /wd/hub/session/0a975932d5d13a633e287ebb2eea088e/execute/sync HTTP/1.1
traceparent: 00-c9a852825d9061b7af7dbbb51f509c77-2085d05633d60c25-01
User-Agent: selenium/4.13.0 (java windows)
Content-Length: 47372
Content-Type: application/json; charset=utf-8
host: localhost:4444
accept: */*

Response DefaultHttpResponse(decodeResult: success, version: HTTP/1.1)
HTTP/1.1 200 OK
content-length: 24
content-type: application/json; charset=utf-8
cache-control: no-cache

18:44:04.927 [AsyncHttpClient-1-2] DEBUG org.asynchttpclient.netty.channel.ChannelManager -- Adding key: http://localhost:4444 for channel [id: 0x98e99774, L:/127.0.0.1:56740 - R:localhost/127.0.0.1:4444]
18:44:04.932 [Forwarding getElementAttribute on session 0a975932d5d13a633e287ebb2eea088e to remote] DEBUG org.asynchttpclient.netty.request.NettyRequestSender -- Using pooled Channel '[id: 0x98e99774, L:/127.0.0.1:56740 - R:localhost/127.0.0.1:4444]' for 'POST' to 'http://localhost:4444/wd/hub/session/0a975932d5d13a633e287ebb2eea088e/execute/sync'
18:44:04.932 [Forwarding getElementAttribute on session 0a975932d5d13a633e287ebb2eea088e to remote] DEBUG org.asynchttpclient.netty.request.NettyRequestSender -- Using open Channel [id: 0x98e99774, L:/127.0.0.1:56740 - R:localhost/127.0.0.1:4444] for POST '/wd/hub/session/0a975932d5d13a633e287ebb2eea088e/execute/sync'
18:44:04.981 [AsyncHttpClient-1-2] DEBUG org.asynchttpclient.netty.handler.HttpHandler -- 

Request DefaultHttpRequest(decodeResult: success, version: HTTP/1.1)
POST /wd/hub/session/0a975932d5d13a633e287ebb2eea088e/execute/sync HTTP/1.1
traceparent: 00-deaab429d5982c1a378d42ca16ddb786-3a24ec2acd5a174e-01
User-Agent: selenium/4.13.0 (java windows)
Content-Length: 47374
Content-Type: application/json; charset=utf-8
host: localhost:4444
accept: */*

Response DefaultHttpResponse(decodeResult: success, version: HTTP/1.1)
HTTP/1.1 200 OK
content-length: 24
content-type: application/json; charset=utf-8
cache-control: no-cache

18:44:04.982 [AsyncHttpClient-1-2] DEBUG org.asynchttpclient.netty.channel.ChannelManager -- Adding key: http://localhost:4444 for channel [id: 0x98e99774, L:/127.0.0.1:56740 - R:localhost/127.0.0.1:4444]
18:44:04.985 [Forwarding getElementAttribute on session 0a975932d5d13a633e287ebb2eea088e to remote] DEBUG org.asynchttpclient.netty.request.NettyRequestSender -- Using pooled Channel '[id: 0x98e99774, L:/127.0.0.1:56740 - R:localhost/127.0.0.1:4444]' for 'POST' to 'http://localhost:4444/wd/hub/session/0a975932d5d13a633e287ebb2eea088e/execute/sync'
18:44:04.985 [Forwarding getElementAttribute on session 0a975932d5d13a633e287ebb2eea088e to remote] DEBUG org.asynchttpclient.netty.request.NettyRequestSender -- Using open Channel [id: 0x98e99774, L:/127.0.0.1:56740 - R:localhost/127.0.0.1:4444] for POST '/wd/hub/session/0a975932d5d13a633e287ebb2eea088e/execute/sync'
18:44:05.017 [AsyncHttpClient-1-2] DEBUG org.asynchttpclient.netty.handler.HttpHandler -- 

Request DefaultHttpRequest(decodeResult: success, version: HTTP/1.1)
POST /wd/hub/session/0a975932d5d13a633e287ebb2eea088e/execute/sync HTTP/1.1
traceparent: 00-c8457ab5e567d66d58e034abce9a2833-03c1c2f6bf934cde-01
User-Agent: selenium/4.13.0 (java windows)
Content-Length: 47375
Content-Type: application/json; charset=utf-8
host: localhost:4444
accept: */*

Response DefaultHttpResponse(decodeResult: success, version: HTTP/1.1)
HTTP/1.1 200 OK
content-length: 17
content-type: application/json; charset=utf-8
cache-control: no-cache

18:44:05.017 [AsyncHttpClient-1-2] DEBUG org.asynchttpclient.netty.channel.ChannelManager -- Adding key: http://localhost:4444 for channel [id: 0x98e99774, L:/127.0.0.1:56740 - R:localhost/127.0.0.1:4444]
18:44:05.020 [Forwarding findElement on session 0a975932d5d13a633e287ebb2eea088e to remote] DEBUG org.asynchttpclient.netty.request.NettyRequestSender -- Using pooled Channel '[id: 0x98e99774, L:/127.0.0.1:56740 - R:localhost/127.0.0.1:4444]' for 'POST' to 'http://localhost:4444/wd/hub/session/0a975932d5d13a633e287ebb2eea088e/element'
18:44:05.020 [Forwarding findElement on session 0a975932d5d13a633e287ebb2eea088e to remote] DEBUG org.asynchttpclient.netty.request.NettyRequestSender -- Using open Channel [id: 0x98e99774, L:/127.0.0.1:56740 - R:localhost/127.0.0.1:4444] for POST '/wd/hub/session/0a975932d5d13a633e287ebb2eea088e/element'
18:44:05.053 [AsyncHttpClient-1-2] DEBUG org.asynchttpclient.netty.handler.HttpHandler -- 

Request DefaultHttpRequest(decodeResult: success, version: HTTP/1.1)
POST /wd/hub/session/0a975932d5d13a633e287ebb2eea088e/element HTTP/1.1
traceparent: 00-a9b02af7c21afc3769b9bf3d90e2a295-39c972550fb7e346-01
User-Agent: selenium/4.13.0 (java windows)
Content-Length: 59
Content-Type: application/json; charset=utf-8
host: localhost:4444
accept: */*

Response DefaultHttpResponse(decodeResult: success, version: HTTP/1.1)
HTTP/1.1 200 OK
content-length: 95
content-type: application/json; charset=utf-8
cache-control: no-cache

18:44:05.053 [AsyncHttpClient-1-2] DEBUG org.asynchttpclient.netty.channel.ChannelManager -- Adding key: http://localhost:4444 for channel [id: 0x98e99774, L:/127.0.0.1:56740 - R:localhost/127.0.0.1:4444]
18:44:05.055 [Forwarding clickElement on session 0a975932d5d13a633e287ebb2eea088e to remote] DEBUG org.asynchttpclient.netty.request.NettyRequestSender -- Using pooled Channel '[id: 0x98e99774, L:/127.0.0.1:56740 - R:localhost/127.0.0.1:4444]' for 'POST' to 'http://localhost:4444/wd/hub/session/0a975932d5d13a633e287ebb2eea088e/element/0572FADC5771E44408FD082FBD68C102_element_21/click'
18:44:05.055 [Forwarding clickElement on session 0a975932d5d13a633e287ebb2eea088e to remote] DEBUG org.asynchttpclient.netty.request.NettyRequestSender -- Using open Channel [id: 0x98e99774, L:/127.0.0.1:56740 - R:localhost/127.0.0.1:4444] for POST '/wd/hub/session/0a975932d5d13a633e287ebb2eea088e/element/0572FADC5771E44408FD082FBD68C102_element_21/click'
18:44:05.257 [AsyncHttpClient-1-2] DEBUG org.asynchttpclient.netty.handler.HttpHandler -- 

Request DefaultHttpRequest(decodeResult: success, version: HTTP/1.1)
POST /wd/hub/session/0a975932d5d13a633e287ebb2eea088e/element/0572FADC5771E44408FD082FBD68C102_element_21/click HTTP/1.1
traceparent: 00-e050ec478bb19b6c1e969ddd3e19466b-11738d5ce4c87399-01
User-Agent: selenium/4.13.0 (java windows)
Content-Length: 57
Content-Type: application/json; charset=utf-8
host: localhost:4444
accept: */*

Response DefaultHttpResponse(decodeResult: success, version: HTTP/1.1)
HTTP/1.1 200 OK
content-length: 14
content-type: application/json; charset=utf-8
cache-control: no-cache

18:44:05.258 [AsyncHttpClient-1-2] DEBUG org.asynchttpclient.netty.channel.ChannelManager -- Adding key: http://localhost:4444 for channel [id: 0x98e99774, L:/127.0.0.1:56740 - R:localhost/127.0.0.1:4444]
18:44:05.262 [Forwarding findElement on session 0a975932d5d13a633e287ebb2eea088e to remote] DEBUG org.asynchttpclient.netty.request.NettyRequestSender -- Using pooled Channel '[id: 0x98e99774, L:/127.0.0.1:56740 - R:localhost/127.0.0.1:4444]' for 'POST' to 'http://localhost:4444/wd/hub/session/0a975932d5d13a633e287ebb2eea088e/element'
18:44:05.262 [Forwarding findElement on session 0a975932d5d13a633e287ebb2eea088e to remote] DEBUG org.asynchttpclient.netty.request.NettyRequestSender -- Using open Channel [id: 0x98e99774, L:/127.0.0.1:56740 - R:localhost/127.0.0.1:4444] for POST '/wd/hub/session/0a975932d5d13a633e287ebb2eea088e/element'
18:44:05.338 [AsyncHttpClient-1-2] DEBUG org.asynchttpclient.netty.handler.HttpHandler -- 

Request DefaultHttpRequest(decodeResult: success, version: HTTP/1.1)
POST /wd/hub/session/0a975932d5d13a633e287ebb2eea088e/element HTTP/1.1
traceparent: 00-deb6275dad2398c1b06d9c8cf893ea84-eb3b8957e44cd546-01
User-Agent: selenium/4.13.0 (java windows)
Content-Length: 80
Content-Type: application/json; charset=utf-8
host: localhost:4444
accept: */*

Response DefaultHttpResponse(decodeResult: success, version: HTTP/1.1)
HTTP/1.1 200 OK
content-length: 95
content-type: application/json; charset=utf-8
cache-control: no-cache

18:44:05.339 [AsyncHttpClient-1-2] DEBUG org.asynchttpclient.netty.channel.ChannelManager -- Adding key: http://localhost:4444 for channel [id: 0x98e99774, L:/127.0.0.1:56740 - R:localhost/127.0.0.1:4444]
18:44:05.343 [Forwarding isElementDisplayed on session 0a975932d5d13a633e287ebb2eea088e to remote] DEBUG org.asynchttpclient.netty.request.NettyRequestSender -- Using pooled Channel '[id: 0x98e99774, L:/127.0.0.1:56740 - R:localhost/127.0.0.1:4444]' for 'POST' to 'http://localhost:4444/wd/hub/session/0a975932d5d13a633e287ebb2eea088e/execute/sync'
18:44:05.343 [Forwarding isElementDisplayed on session 0a975932d5d13a633e287ebb2eea088e to remote] DEBUG org.asynchttpclient.netty.request.NettyRequestSender -- Using open Channel [id: 0x98e99774, L:/127.0.0.1:56740 - R:localhost/127.0.0.1:4444] for POST '/wd/hub/session/0a975932d5d13a633e287ebb2eea088e/execute/sync'
18:44:05.396 [AsyncHttpClient-1-2] DEBUG org.asynchttpclient.netty.handler.HttpHandler -- 

Request DefaultHttpRequest(decodeResult: success, version: HTTP/1.1)
POST /wd/hub/session/0a975932d5d13a633e287ebb2eea088e/execute/sync HTTP/1.1
traceparent: 00-0e621a3f0ea45725b5bd8960c21df5e9-71bd57af7cf78f28-01
User-Agent: selenium/4.13.0 (java windows)
Content-Length: 48814
Content-Type: application/json; charset=utf-8
host: localhost:4444
accept: */*

Response DefaultHttpResponse(decodeResult: success, version: HTTP/1.1)
HTTP/1.1 200 OK
content-length: 14
content-type: application/json; charset=utf-8
cache-control: no-cache

18:44:05.396 [AsyncHttpClient-1-2] DEBUG org.asynchttpclient.netty.channel.ChannelManager -- Adding key: http://localhost:4444 for channel [id: 0x98e99774, L:/127.0.0.1:56740 - R:localhost/127.0.0.1:4444]
18:44:05.399 [Forwarding findElement on session 0a975932d5d13a633e287ebb2eea088e to remote] DEBUG org.asynchttpclient.netty.request.NettyRequestSender -- Using pooled Channel '[id: 0x98e99774, L:/127.0.0.1:56740 - R:localhost/127.0.0.1:4444]' for 'POST' to 'http://localhost:4444/wd/hub/session/0a975932d5d13a633e287ebb2eea088e/element'
18:44:05.400 [Forwarding findElement on session 0a975932d5d13a633e287ebb2eea088e to remote] DEBUG org.asynchttpclient.netty.request.NettyRequestSender -- Using open Channel [id: 0x98e99774, L:/127.0.0.1:56740 - R:localhost/127.0.0.1:4444] for POST '/wd/hub/session/0a975932d5d13a633e287ebb2eea088e/element'
18:44:05.442 [AsyncHttpClient-1-2] DEBUG org.asynchttpclient.netty.handler.HttpHandler -- 

Request DefaultHttpRequest(decodeResult: success, version: HTTP/1.1)
POST /wd/hub/session/0a975932d5d13a633e287ebb2eea088e/element HTTP/1.1
traceparent: 00-1e6464ad4b3267b875efefe26b391e92-4894e440642b46d8-01
User-Agent: selenium/4.13.0 (java windows)
Content-Length: 80
Content-Type: application/json; charset=utf-8
host: localhost:4444
accept: */*

Response DefaultHttpResponse(decodeResult: success, version: HTTP/1.1)
HTTP/1.1 200 OK
content-length: 95
content-type: application/json; charset=utf-8
cache-control: no-cache

18:44:05.442 [AsyncHttpClient-1-2] DEBUG org.asynchttpclient.netty.channel.ChannelManager -- Adding key: http://localhost:4444 for channel [id: 0x98e99774, L:/127.0.0.1:56740 - R:localhost/127.0.0.1:4444]
18:44:05.443 [Forwarding getElementText on session 0a975932d5d13a633e287ebb2eea088e to remote] DEBUG org.asynchttpclient.netty.request.NettyRequestSender -- Using pooled Channel '[id: 0x98e99774, L:/127.0.0.1:56740 - R:localhost/127.0.0.1:4444]' for 'GET' to 'http://localhost:4444/wd/hub/session/0a975932d5d13a633e287ebb2eea088e/element/0572FADC5771E44408FD082FBD68C102_element_28/text'
18:44:05.443 [Forwarding getElementText on session 0a975932d5d13a633e287ebb2eea088e to remote] DEBUG org.asynchttpclient.netty.request.NettyRequestSender -- Using open Channel [id: 0x98e99774, L:/127.0.0.1:56740 - R:localhost/127.0.0.1:4444] for GET '/wd/hub/session/0a975932d5d13a633e287ebb2eea088e/element/0572FADC5771E44408FD082FBD68C102_element_28/text'
18:44:05.519 [AsyncHttpClient-1-2] DEBUG org.asynchttpclient.netty.handler.HttpHandler -- 

Request DefaultFullHttpRequest(decodeResult: success, version: HTTP/1.1, content: EmptyByteBufBE)
GET /wd/hub/session/0a975932d5d13a633e287ebb2eea088e/element/0572FADC5771E44408FD082FBD68C102_element_28/text HTTP/1.1
Cache-Control: no-cache
traceparent: 00-74e780de416eb2f796f1edb293bda898-e242fe951b375714-01
User-Agent: selenium/4.13.0 (java windows)
Content-Type: application/json; charset=utf-8
host: localhost:4444
accept: */*

Response DefaultHttpResponse(decodeResult: success, version: HTTP/1.1)
HTTP/1.1 200 OK
content-length: 63
content-type: application/json; charset=utf-8
cache-control: no-cache

18:44:05.519 [AsyncHttpClient-1-2] DEBUG org.asynchttpclient.netty.channel.ChannelManager -- Adding key: http://localhost:4444 for channel [id: 0x98e99774, L:/127.0.0.1:56740 - R:localhost/127.0.0.1:4444]
18:44:05.521 [main] INFO helpers.LoggerHelper -- @Test: readFromArray has PASSED
18:44:05.521 [main] INFO helpers.LoggerHelper -- ######################################################################################
18:44:05.526 [Forwarding screenshot on session 0a975932d5d13a633e287ebb2eea088e to remote] DEBUG org.asynchttpclient.netty.request.NettyRequestSender -- Using pooled Channel '[id: 0x98e99774, L:/127.0.0.1:56740 - R:localhost/127.0.0.1:4444]' for 'GET' to 'http://localhost:4444/wd/hub/session/0a975932d5d13a633e287ebb2eea088e/screenshot'
18:44:05.526 [Forwarding screenshot on session 0a975932d5d13a633e287ebb2eea088e to remote] DEBUG org.asynchttpclient.netty.request.NettyRequestSender -- Using open Channel [id: 0x98e99774, L:/127.0.0.1:56740 - R:localhost/127.0.0.1:4444] for GET '/wd/hub/session/0a975932d5d13a633e287ebb2eea088e/screenshot'
18:44:06.070 [AsyncHttpClient-1-2] DEBUG org.asynchttpclient.netty.handler.HttpHandler -- 

Request DefaultFullHttpRequest(decodeResult: success, version: HTTP/1.1, content: EmptyByteBufBE)
GET /wd/hub/session/0a975932d5d13a633e287ebb2eea088e/screenshot HTTP/1.1
Cache-Control: no-cache
traceparent: 00-c5ea232ab2fc771b2d025ee2110052cf-b03fba995c6e3631-01
User-Agent: selenium/4.13.0 (java windows)
Content-Type: application/json; charset=utf-8
host: localhost:4444
accept: */*

Response DefaultHttpResponse(decodeResult: success, version: HTTP/1.1)
HTTP/1.1 200 OK
content-length: 53176
content-type: application/json; charset=utf-8
cache-control: no-cache

18:44:06.108 [AsyncHttpClient-1-2] DEBUG org.asynchttpclient.netty.channel.ChannelManager -- Adding key: http://localhost:4444 for channel [id: 0x98e99774, L:/127.0.0.1:56740 - R:localhost/127.0.0.1:4444]
18:44:06.162 [main] INFO helpers.LoggerHelper -- Screenshot saved successfully.
]]></system-out>
  </testcase>
  <testcase name="readFromArray[problem_user, secret_sauce](3)" classname="FrontEnd.SauceDemo.LoginWithDP" time="4.796">
    <system-out><![CDATA[18:44:06.165 [main] INFO helpers.LoggerHelper -- @Test: readFromArray
18:44:06.165 [main] INFO helpers.LoggerHelper -- Description: Trying to read data from an array object
18:44:06.165 [main] INFO helpers.LoggerHelper -- ######################################################################################
18:44:06.172 [Forwarding get on session 0a975932d5d13a633e287ebb2eea088e to remote] DEBUG org.asynchttpclient.netty.request.NettyRequestSender -- Using pooled Channel '[id: 0x98e99774, L:/127.0.0.1:56740 - R:localhost/127.0.0.1:4444]' for 'POST' to 'http://localhost:4444/wd/hub/session/0a975932d5d13a633e287ebb2eea088e/url'
18:44:06.172 [Forwarding get on session 0a975932d5d13a633e287ebb2eea088e to remote] DEBUG org.asynchttpclient.netty.request.NettyRequestSender -- Using open Channel [id: 0x98e99774, L:/127.0.0.1:56740 - R:localhost/127.0.0.1:4444] for POST '/wd/hub/session/0a975932d5d13a633e287ebb2eea088e/url'
18:44:06.614 [AsyncHttpClient-1-2] DEBUG org.asynchttpclient.netty.handler.HttpHandler -- 

Request DefaultHttpRequest(decodeResult: success, version: HTTP/1.1)
POST /wd/hub/session/0a975932d5d13a633e287ebb2eea088e/url HTTP/1.1
traceparent: 00-462782fc7943832d0315d02fafd72ef7-8ab63961b9580556-01
User-Agent: selenium/4.13.0 (java windows)
Content-Length: 43
Content-Type: application/json; charset=utf-8
host: localhost:4444
accept: */*

Response DefaultHttpResponse(decodeResult: success, version: HTTP/1.1)
HTTP/1.1 200 OK
content-length: 14
content-type: application/json; charset=utf-8
cache-control: no-cache

18:44:06.615 [AsyncHttpClient-1-2] DEBUG org.asynchttpclient.netty.channel.ChannelManager -- Adding key: http://localhost:4444 for channel [id: 0x98e99774, L:/127.0.0.1:56740 - R:localhost/127.0.0.1:4444]
18:44:06.622 [Forwarding findElement on session 0a975932d5d13a633e287ebb2eea088e to remote] DEBUG org.asynchttpclient.netty.request.NettyRequestSender -- Using pooled Channel '[id: 0x98e99774, L:/127.0.0.1:56740 - R:localhost/127.0.0.1:4444]' for 'POST' to 'http://localhost:4444/wd/hub/session/0a975932d5d13a633e287ebb2eea088e/element'
18:44:06.622 [Forwarding findElement on session 0a975932d5d13a633e287ebb2eea088e to remote] DEBUG org.asynchttpclient.netty.request.NettyRequestSender -- Using open Channel [id: 0x98e99774, L:/127.0.0.1:56740 - R:localhost/127.0.0.1:4444] for POST '/wd/hub/session/0a975932d5d13a633e287ebb2eea088e/element'
18:44:06.798 [AsyncHttpClient-1-2] DEBUG org.asynchttpclient.netty.handler.HttpHandler -- 

Request DefaultHttpRequest(decodeResult: success, version: HTTP/1.1)
POST /wd/hub/session/0a975932d5d13a633e287ebb2eea088e/element HTTP/1.1
traceparent: 00-9adbb8990905555903af88eb8a737c03-54bb5ba37d56d15c-01
User-Agent: selenium/4.13.0 (java windows)
Content-Length: 56
Content-Type: application/json; charset=utf-8
host: localhost:4444
accept: */*

Response DefaultHttpResponse(decodeResult: success, version: HTTP/1.1)
HTTP/1.1 200 OK
content-length: 95
content-type: application/json; charset=utf-8
cache-control: no-cache

18:44:06.798 [AsyncHttpClient-1-2] DEBUG org.asynchttpclient.netty.channel.ChannelManager -- Adding key: http://localhost:4444 for channel [id: 0x98e99774, L:/127.0.0.1:56740 - R:localhost/127.0.0.1:4444]
18:44:06.802 [Forwarding isElementDisplayed on session 0a975932d5d13a633e287ebb2eea088e to remote] DEBUG org.asynchttpclient.netty.request.NettyRequestSender -- Using pooled Channel '[id: 0x98e99774, L:/127.0.0.1:56740 - R:localhost/127.0.0.1:4444]' for 'POST' to 'http://localhost:4444/wd/hub/session/0a975932d5d13a633e287ebb2eea088e/execute/sync'
18:44:06.803 [Forwarding isElementDisplayed on session 0a975932d5d13a633e287ebb2eea088e to remote] DEBUG org.asynchttpclient.netty.request.NettyRequestSender -- Using open Channel [id: 0x98e99774, L:/127.0.0.1:56740 - R:localhost/127.0.0.1:4444] for POST '/wd/hub/session/0a975932d5d13a633e287ebb2eea088e/execute/sync'
18:44:06.861 [AsyncHttpClient-1-2] DEBUG org.asynchttpclient.netty.handler.HttpHandler -- 

Request DefaultHttpRequest(decodeResult: success, version: HTTP/1.1)
POST /wd/hub/session/0a975932d5d13a633e287ebb2eea088e/execute/sync HTTP/1.1
traceparent: 00-c72ebac430ae5c6c28d0b3e1e827ed1e-f233473aae230080-01
User-Agent: selenium/4.13.0 (java windows)
Content-Length: 48814
Content-Type: application/json; charset=utf-8
host: localhost:4444
accept: */*

Response DefaultHttpResponse(decodeResult: success, version: HTTP/1.1)
HTTP/1.1 200 OK
content-length: 14
content-type: application/json; charset=utf-8
cache-control: no-cache

18:44:06.862 [AsyncHttpClient-1-2] DEBUG org.asynchttpclient.netty.channel.ChannelManager -- Adding key: http://localhost:4444 for channel [id: 0x98e99774, L:/127.0.0.1:56740 - R:localhost/127.0.0.1:4444]
18:44:06.871 [Forwarding findElement on session 0a975932d5d13a633e287ebb2eea088e to remote] DEBUG org.asynchttpclient.netty.request.NettyRequestSender -- Using pooled Channel '[id: 0x98e99774, L:/127.0.0.1:56740 - R:localhost/127.0.0.1:4444]' for 'POST' to 'http://localhost:4444/wd/hub/session/0a975932d5d13a633e287ebb2eea088e/element'
18:44:06.871 [Forwarding findElement on session 0a975932d5d13a633e287ebb2eea088e to remote] DEBUG org.asynchttpclient.netty.request.NettyRequestSender -- Using open Channel [id: 0x98e99774, L:/127.0.0.1:56740 - R:localhost/127.0.0.1:4444] for POST '/wd/hub/session/0a975932d5d13a633e287ebb2eea088e/element'
18:44:06.938 [AsyncHttpClient-1-2] DEBUG org.asynchttpclient.netty.handler.HttpHandler -- 

Request DefaultHttpRequest(decodeResult: success, version: HTTP/1.1)
POST /wd/hub/session/0a975932d5d13a633e287ebb2eea088e/element HTTP/1.1
traceparent: 00-d4993e67dd41367176bc996b71a12f82-dc3e4d24715072aa-01
User-Agent: selenium/4.13.0 (java windows)
Content-Length: 56
Content-Type: application/json; charset=utf-8
host: localhost:4444
accept: */*

Response DefaultHttpResponse(decodeResult: success, version: HTTP/1.1)
HTTP/1.1 200 OK
content-length: 95
content-type: application/json; charset=utf-8
cache-control: no-cache

18:44:06.939 [AsyncHttpClient-1-2] DEBUG org.asynchttpclient.netty.channel.ChannelManager -- Adding key: http://localhost:4444 for channel [id: 0x98e99774, L:/127.0.0.1:56740 - R:localhost/127.0.0.1:4444]
18:44:06.942 [Forwarding sendKeysToElement on session 0a975932d5d13a633e287ebb2eea088e to remote] DEBUG org.asynchttpclient.netty.request.NettyRequestSender -- Using pooled Channel '[id: 0x98e99774, L:/127.0.0.1:56740 - R:localhost/127.0.0.1:4444]' for 'POST' to 'http://localhost:4444/wd/hub/session/0a975932d5d13a633e287ebb2eea088e/element/6EE20005D70A4E19385C21C5678BAA76_element_31/value'
18:44:06.942 [Forwarding sendKeysToElement on session 0a975932d5d13a633e287ebb2eea088e to remote] DEBUG org.asynchttpclient.netty.request.NettyRequestSender -- Using open Channel [id: 0x98e99774, L:/127.0.0.1:56740 - R:localhost/127.0.0.1:4444] for POST '/wd/hub/session/0a975932d5d13a633e287ebb2eea088e/element/6EE20005D70A4E19385C21C5678BAA76_element_31/value'
18:44:07.220 [AsyncHttpClient-1-2] DEBUG org.asynchttpclient.netty.handler.HttpHandler -- 

Request DefaultHttpRequest(decodeResult: success, version: HTTP/1.1)
POST /wd/hub/session/0a975932d5d13a633e287ebb2eea088e/element/6EE20005D70A4E19385C21C5678BAA76_element_31/value HTTP/1.1
traceparent: 00-34d106bd341cff5b93ad7294922d0529-17ab76c6c5367836-01
User-Agent: selenium/4.13.0 (java windows)
Content-Length: 208
Content-Type: application/json; charset=utf-8
host: localhost:4444
accept: */*

Response DefaultHttpResponse(decodeResult: success, version: HTTP/1.1)
HTTP/1.1 200 OK
content-length: 14
content-type: application/json; charset=utf-8
cache-control: no-cache

18:44:07.220 [AsyncHttpClient-1-2] DEBUG org.asynchttpclient.netty.channel.ChannelManager -- Adding key: http://localhost:4444 for channel [id: 0x98e99774, L:/127.0.0.1:56740 - R:localhost/127.0.0.1:4444]
18:44:07.224 [Forwarding findElement on session 0a975932d5d13a633e287ebb2eea088e to remote] DEBUG org.asynchttpclient.netty.request.NettyRequestSender -- Using pooled Channel '[id: 0x98e99774, L:/127.0.0.1:56740 - R:localhost/127.0.0.1:4444]' for 'POST' to 'http://localhost:4444/wd/hub/session/0a975932d5d13a633e287ebb2eea088e/element'
18:44:07.225 [Forwarding findElement on session 0a975932d5d13a633e287ebb2eea088e to remote] DEBUG org.asynchttpclient.netty.request.NettyRequestSender -- Using open Channel [id: 0x98e99774, L:/127.0.0.1:56740 - R:localhost/127.0.0.1:4444] for POST '/wd/hub/session/0a975932d5d13a633e287ebb2eea088e/element'
18:44:07.297 [AsyncHttpClient-1-2] DEBUG org.asynchttpclient.netty.handler.HttpHandler -- 

Request DefaultHttpRequest(decodeResult: success, version: HTTP/1.1)
POST /wd/hub/session/0a975932d5d13a633e287ebb2eea088e/element HTTP/1.1
traceparent: 00-79140e42e7d74feff0ac19a562aef208-d62d1a0a39abe13e-01
User-Agent: selenium/4.13.0 (java windows)
Content-Length: 56
Content-Type: application/json; charset=utf-8
host: localhost:4444
accept: */*

Response DefaultHttpResponse(decodeResult: success, version: HTTP/1.1)
HTTP/1.1 200 OK
content-length: 95
content-type: application/json; charset=utf-8
cache-control: no-cache

18:44:07.297 [AsyncHttpClient-1-2] DEBUG org.asynchttpclient.netty.channel.ChannelManager -- Adding key: http://localhost:4444 for channel [id: 0x98e99774, L:/127.0.0.1:56740 - R:localhost/127.0.0.1:4444]
18:44:07.305 [Forwarding getElementAttribute on session 0a975932d5d13a633e287ebb2eea088e to remote] DEBUG org.asynchttpclient.netty.request.NettyRequestSender -- Using pooled Channel '[id: 0x98e99774, L:/127.0.0.1:56740 - R:localhost/127.0.0.1:4444]' for 'POST' to 'http://localhost:4444/wd/hub/session/0a975932d5d13a633e287ebb2eea088e/execute/sync'
18:44:07.306 [Forwarding getElementAttribute on session 0a975932d5d13a633e287ebb2eea088e to remote] DEBUG org.asynchttpclient.netty.request.NettyRequestSender -- Using open Channel [id: 0x98e99774, L:/127.0.0.1:56740 - R:localhost/127.0.0.1:4444] for POST '/wd/hub/session/0a975932d5d13a633e287ebb2eea088e/execute/sync'
18:44:07.386 [AsyncHttpClient-1-2] DEBUG org.asynchttpclient.netty.handler.HttpHandler -- 

Request DefaultHttpRequest(decodeResult: success, version: HTTP/1.1)
POST /wd/hub/session/0a975932d5d13a633e287ebb2eea088e/execute/sync HTTP/1.1
traceparent: 00-6a4bf1ca8349f213216e56bdf0e56dd4-d09dae6a96389bdd-01
User-Agent: selenium/4.13.0 (java windows)
Content-Length: 47379
Content-Type: application/json; charset=utf-8
host: localhost:4444
accept: */*

Response DefaultHttpResponse(decodeResult: success, version: HTTP/1.1)
HTTP/1.1 200 OK
content-length: 222
content-type: application/json; charset=utf-8
cache-control: no-cache

18:44:07.386 [AsyncHttpClient-1-2] DEBUG org.asynchttpclient.netty.channel.ChannelManager -- Adding key: http://localhost:4444 for channel [id: 0x98e99774, L:/127.0.0.1:56740 - R:localhost/127.0.0.1:4444]
18:44:07.391 [Forwarding getElementAttribute on session 0a975932d5d13a633e287ebb2eea088e to remote] DEBUG org.asynchttpclient.netty.request.NettyRequestSender -- Using pooled Channel '[id: 0x98e99774, L:/127.0.0.1:56740 - R:localhost/127.0.0.1:4444]' for 'POST' to 'http://localhost:4444/wd/hub/session/0a975932d5d13a633e287ebb2eea088e/execute/sync'
18:44:07.391 [Forwarding getElementAttribute on session 0a975932d5d13a633e287ebb2eea088e to remote] DEBUG org.asynchttpclient.netty.request.NettyRequestSender -- Using open Channel [id: 0x98e99774, L:/127.0.0.1:56740 - R:localhost/127.0.0.1:4444] for POST '/wd/hub/session/0a975932d5d13a633e287ebb2eea088e/execute/sync'
18:44:07.434 [AsyncHttpClient-1-2] DEBUG org.asynchttpclient.netty.handler.HttpHandler -- 

Request DefaultHttpRequest(decodeResult: success, version: HTTP/1.1)
POST /wd/hub/session/0a975932d5d13a633e287ebb2eea088e/execute/sync HTTP/1.1
traceparent: 00-08a2cad983c1c3a822c8a14a09ae0c9e-dcf3ec61d6b7901f-01
User-Agent: selenium/4.13.0 (java windows)
Content-Length: 47375
Content-Type: application/json; charset=utf-8
host: localhost:4444
accept: */*

Response DefaultHttpResponse(decodeResult: success, version: HTTP/1.1)
HTTP/1.1 200 OK
content-length: 34
content-type: application/json; charset=utf-8
cache-control: no-cache

18:44:07.434 [AsyncHttpClient-1-2] DEBUG org.asynchttpclient.netty.channel.ChannelManager -- Adding key: http://localhost:4444 for channel [id: 0x98e99774, L:/127.0.0.1:56740 - R:localhost/127.0.0.1:4444]
18:44:07.438 [Forwarding getElementAttribute on session 0a975932d5d13a633e287ebb2eea088e to remote] DEBUG org.asynchttpclient.netty.request.NettyRequestSender -- Using pooled Channel '[id: 0x98e99774, L:/127.0.0.1:56740 - R:localhost/127.0.0.1:4444]' for 'POST' to 'http://localhost:4444/wd/hub/session/0a975932d5d13a633e287ebb2eea088e/execute/sync'
18:44:07.439 [Forwarding getElementAttribute on session 0a975932d5d13a633e287ebb2eea088e to remote] DEBUG org.asynchttpclient.netty.request.NettyRequestSender -- Using open Channel [id: 0x98e99774, L:/127.0.0.1:56740 - R:localhost/127.0.0.1:4444] for POST '/wd/hub/session/0a975932d5d13a633e287ebb2eea088e/execute/sync'
18:44:07.496 [AsyncHttpClient-1-2] DEBUG org.asynchttpclient.netty.handler.HttpHandler -- 

Request DefaultHttpRequest(decodeResult: success, version: HTTP/1.1)
POST /wd/hub/session/0a975932d5d13a633e287ebb2eea088e/execute/sync HTTP/1.1
traceparent: 00-624d9ea38fa531b2c23828da124c4ccd-cf02d5ca549eb867-01
User-Agent: selenium/4.13.0 (java windows)
Content-Length: 47381
Content-Type: application/json; charset=utf-8
host: localhost:4444
accept: */*

Response DefaultHttpResponse(decodeResult: success, version: HTTP/1.1)
HTTP/1.1 200 OK
content-length: 20
content-type: application/json; charset=utf-8
cache-control: no-cache

18:44:07.497 [AsyncHttpClient-1-2] DEBUG org.asynchttpclient.netty.channel.ChannelManager -- Adding key: http://localhost:4444 for channel [id: 0x98e99774, L:/127.0.0.1:56740 - R:localhost/127.0.0.1:4444]
18:44:07.511 [Forwarding getElementAttribute on session 0a975932d5d13a633e287ebb2eea088e to remote] DEBUG org.asynchttpclient.netty.request.NettyRequestSender -- Using pooled Channel '[id: 0x98e99774, L:/127.0.0.1:56740 - R:localhost/127.0.0.1:4444]' for 'POST' to 'http://localhost:4444/wd/hub/session/0a975932d5d13a633e287ebb2eea088e/execute/sync'
18:44:07.512 [Forwarding getElementAttribute on session 0a975932d5d13a633e287ebb2eea088e to remote] DEBUG org.asynchttpclient.netty.request.NettyRequestSender -- Using open Channel [id: 0x98e99774, L:/127.0.0.1:56740 - R:localhost/127.0.0.1:4444] for POST '/wd/hub/session/0a975932d5d13a633e287ebb2eea088e/execute/sync'
18:44:07.549 [AsyncHttpClient-1-2] DEBUG org.asynchttpclient.netty.handler.HttpHandler -- 

Request DefaultHttpRequest(decodeResult: success, version: HTTP/1.1)
POST /wd/hub/session/0a975932d5d13a633e287ebb2eea088e/execute/sync HTTP/1.1
traceparent: 00-0d5cbe1fa44113a02ece2f9a04b4327f-292b2506ed877a80-01
User-Agent: selenium/4.13.0 (java windows)
Content-Length: 47374
Content-Type: application/json; charset=utf-8
host: localhost:4444
accept: */*

Response DefaultHttpResponse(decodeResult: success, version: HTTP/1.1)
HTTP/1.1 200 OK
content-length: 16
content-type: application/json; charset=utf-8
cache-control: no-cache

18:44:07.549 [AsyncHttpClient-1-2] DEBUG org.asynchttpclient.netty.channel.ChannelManager -- Adding key: http://localhost:4444 for channel [id: 0x98e99774, L:/127.0.0.1:56740 - R:localhost/127.0.0.1:4444]
18:44:07.554 [Forwarding getElementAttribute on session 0a975932d5d13a633e287ebb2eea088e to remote] DEBUG org.asynchttpclient.netty.request.NettyRequestSender -- Using pooled Channel '[id: 0x98e99774, L:/127.0.0.1:56740 - R:localhost/127.0.0.1:4444]' for 'POST' to 'http://localhost:4444/wd/hub/session/0a975932d5d13a633e287ebb2eea088e/execute/sync'
18:44:07.555 [Forwarding getElementAttribute on session 0a975932d5d13a633e287ebb2eea088e to remote] DEBUG org.asynchttpclient.netty.request.NettyRequestSender -- Using open Channel [id: 0x98e99774, L:/127.0.0.1:56740 - R:localhost/127.0.0.1:4444] for POST '/wd/hub/session/0a975932d5d13a633e287ebb2eea088e/execute/sync'
18:44:07.599 [AsyncHttpClient-1-2] DEBUG org.asynchttpclient.netty.handler.HttpHandler -- 

Request DefaultHttpRequest(decodeResult: success, version: HTTP/1.1)
POST /wd/hub/session/0a975932d5d13a633e287ebb2eea088e/execute/sync HTTP/1.1
traceparent: 00-55e6d6ac51cb981934cd925ddcfaf2aa-d708e1826a9e9171-01
User-Agent: selenium/4.13.0 (java windows)
Content-Length: 47379
Content-Type: application/json; charset=utf-8
host: localhost:4444
accept: */*

Response DefaultHttpResponse(decodeResult: success, version: HTTP/1.1)
HTTP/1.1 200 OK
content-length: 20
content-type: application/json; charset=utf-8
cache-control: no-cache

18:44:07.599 [AsyncHttpClient-1-2] DEBUG org.asynchttpclient.netty.channel.ChannelManager -- Adding key: http://localhost:4444 for channel [id: 0x98e99774, L:/127.0.0.1:56740 - R:localhost/127.0.0.1:4444]
18:44:07.604 [Forwarding getElementAttribute on session 0a975932d5d13a633e287ebb2eea088e to remote] DEBUG org.asynchttpclient.netty.request.NettyRequestSender -- Using pooled Channel '[id: 0x98e99774, L:/127.0.0.1:56740 - R:localhost/127.0.0.1:4444]' for 'POST' to 'http://localhost:4444/wd/hub/session/0a975932d5d13a633e287ebb2eea088e/execute/sync'
18:44:07.604 [Forwarding getElementAttribute on session 0a975932d5d13a633e287ebb2eea088e to remote] DEBUG org.asynchttpclient.netty.request.NettyRequestSender -- Using open Channel [id: 0x98e99774, L:/127.0.0.1:56740 - R:localhost/127.0.0.1:4444] for POST '/wd/hub/session/0a975932d5d13a633e287ebb2eea088e/execute/sync'
18:44:07.643 [AsyncHttpClient-1-2] DEBUG org.asynchttpclient.netty.handler.HttpHandler -- 

Request DefaultHttpRequest(decodeResult: success, version: HTTP/1.1)
POST /wd/hub/session/0a975932d5d13a633e287ebb2eea088e/execute/sync HTTP/1.1
traceparent: 00-9db330044f5fa43a1808361b478c764c-669419ec96c6bf07-01
User-Agent: selenium/4.13.0 (java windows)
Content-Length: 47372
Content-Type: application/json; charset=utf-8
host: localhost:4444
accept: */*

Response DefaultHttpResponse(decodeResult: success, version: HTTP/1.1)
HTTP/1.1 200 OK
content-length: 21
content-type: application/json; charset=utf-8
cache-control: no-cache

18:44:07.643 [AsyncHttpClient-1-2] DEBUG org.asynchttpclient.netty.channel.ChannelManager -- Adding key: http://localhost:4444 for channel [id: 0x98e99774, L:/127.0.0.1:56740 - R:localhost/127.0.0.1:4444]
18:44:07.649 [Forwarding getElementAttribute on session 0a975932d5d13a633e287ebb2eea088e to remote] DEBUG org.asynchttpclient.netty.request.NettyRequestSender -- Using pooled Channel '[id: 0x98e99774, L:/127.0.0.1:56740 - R:localhost/127.0.0.1:4444]' for 'POST' to 'http://localhost:4444/wd/hub/session/0a975932d5d13a633e287ebb2eea088e/execute/sync'
18:44:07.649 [Forwarding getElementAttribute on session 0a975932d5d13a633e287ebb2eea088e to remote] DEBUG org.asynchttpclient.netty.request.NettyRequestSender -- Using open Channel [id: 0x98e99774, L:/127.0.0.1:56740 - R:localhost/127.0.0.1:4444] for POST '/wd/hub/session/0a975932d5d13a633e287ebb2eea088e/execute/sync'
18:44:07.719 [AsyncHttpClient-1-2] DEBUG org.asynchttpclient.netty.handler.HttpHandler -- 

Request DefaultHttpRequest(decodeResult: success, version: HTTP/1.1)
POST /wd/hub/session/0a975932d5d13a633e287ebb2eea088e/execute/sync HTTP/1.1
traceparent: 00-c95d67d7ccb076b90e2391a00e36a4f0-fd7f01ecb009e502-01
User-Agent: selenium/4.13.0 (java windows)
Content-Length: 47374
Content-Type: application/json; charset=utf-8
host: localhost:4444
accept: */*

Response DefaultHttpResponse(decodeResult: success, version: HTTP/1.1)
HTTP/1.1 200 OK
content-length: 21
content-type: application/json; charset=utf-8
cache-control: no-cache

18:44:07.719 [AsyncHttpClient-1-2] DEBUG org.asynchttpclient.netty.channel.ChannelManager -- Adding key: http://localhost:4444 for channel [id: 0x98e99774, L:/127.0.0.1:56740 - R:localhost/127.0.0.1:4444]
18:44:07.723 [Forwarding getElementAttribute on session 0a975932d5d13a633e287ebb2eea088e to remote] DEBUG org.asynchttpclient.netty.request.NettyRequestSender -- Using pooled Channel '[id: 0x98e99774, L:/127.0.0.1:56740 - R:localhost/127.0.0.1:4444]' for 'POST' to 'http://localhost:4444/wd/hub/session/0a975932d5d13a633e287ebb2eea088e/execute/sync'
18:44:07.723 [Forwarding getElementAttribute on session 0a975932d5d13a633e287ebb2eea088e to remote] DEBUG org.asynchttpclient.netty.request.NettyRequestSender -- Using open Channel [id: 0x98e99774, L:/127.0.0.1:56740 - R:localhost/127.0.0.1:4444] for POST '/wd/hub/session/0a975932d5d13a633e287ebb2eea088e/execute/sync'
18:44:07.793 [AsyncHttpClient-1-2] DEBUG org.asynchttpclient.netty.handler.HttpHandler -- 

Request DefaultHttpRequest(decodeResult: success, version: HTTP/1.1)
POST /wd/hub/session/0a975932d5d13a633e287ebb2eea088e/execute/sync HTTP/1.1
traceparent: 00-6bc7eed39b04ccd116ec053ca29b05f8-f6bd89343a5705fe-01
User-Agent: selenium/4.13.0 (java windows)
Content-Length: 47381
Content-Type: application/json; charset=utf-8
host: localhost:4444
accept: */*

Response DefaultHttpResponse(decodeResult: success, version: HTTP/1.1)
HTTP/1.1 200 OK
content-length: 15
content-type: application/json; charset=utf-8
cache-control: no-cache

18:44:07.794 [AsyncHttpClient-1-2] DEBUG org.asynchttpclient.netty.channel.ChannelManager -- Adding key: http://localhost:4444 for channel [id: 0x98e99774, L:/127.0.0.1:56740 - R:localhost/127.0.0.1:4444]
18:44:07.802 [Forwarding getElementAttribute on session 0a975932d5d13a633e287ebb2eea088e to remote] DEBUG org.asynchttpclient.netty.request.NettyRequestSender -- Using pooled Channel '[id: 0x98e99774, L:/127.0.0.1:56740 - R:localhost/127.0.0.1:4444]' for 'POST' to 'http://localhost:4444/wd/hub/session/0a975932d5d13a633e287ebb2eea088e/execute/sync'
18:44:07.803 [Forwarding getElementAttribute on session 0a975932d5d13a633e287ebb2eea088e to remote] DEBUG org.asynchttpclient.netty.request.NettyRequestSender -- Using open Channel [id: 0x98e99774, L:/127.0.0.1:56740 - R:localhost/127.0.0.1:4444] for POST '/wd/hub/session/0a975932d5d13a633e287ebb2eea088e/execute/sync'
18:44:07.859 [AsyncHttpClient-1-2] DEBUG org.asynchttpclient.netty.handler.HttpHandler -- 

Request DefaultHttpRequest(decodeResult: success, version: HTTP/1.1)
POST /wd/hub/session/0a975932d5d13a633e287ebb2eea088e/execute/sync HTTP/1.1
traceparent: 00-c71b6389e37aff92609d607a7627bb80-cde25d6d4ab10494-01
User-Agent: selenium/4.13.0 (java windows)
Content-Length: 47384
Content-Type: application/json; charset=utf-8
host: localhost:4444
accept: */*

Response DefaultHttpResponse(decodeResult: success, version: HTTP/1.1)
HTTP/1.1 200 OK
content-length: 16
content-type: application/json; charset=utf-8
cache-control: no-cache

18:44:07.860 [AsyncHttpClient-1-2] DEBUG org.asynchttpclient.netty.channel.ChannelManager -- Adding key: http://localhost:4444 for channel [id: 0x98e99774, L:/127.0.0.1:56740 - R:localhost/127.0.0.1:4444]
18:44:07.865 [Forwarding getElementAttribute on session 0a975932d5d13a633e287ebb2eea088e to remote] DEBUG org.asynchttpclient.netty.request.NettyRequestSender -- Using pooled Channel '[id: 0x98e99774, L:/127.0.0.1:56740 - R:localhost/127.0.0.1:4444]' for 'POST' to 'http://localhost:4444/wd/hub/session/0a975932d5d13a633e287ebb2eea088e/execute/sync'
18:44:07.865 [Forwarding getElementAttribute on session 0a975932d5d13a633e287ebb2eea088e to remote] DEBUG org.asynchttpclient.netty.request.NettyRequestSender -- Using open Channel [id: 0x98e99774, L:/127.0.0.1:56740 - R:localhost/127.0.0.1:4444] for POST '/wd/hub/session/0a975932d5d13a633e287ebb2eea088e/execute/sync'
18:44:07.930 [AsyncHttpClient-1-2] DEBUG org.asynchttpclient.netty.handler.HttpHandler -- 

Request DefaultHttpRequest(decodeResult: success, version: HTTP/1.1)
POST /wd/hub/session/0a975932d5d13a633e287ebb2eea088e/execute/sync HTTP/1.1
traceparent: 00-210c1bdc6900951d6421d6b0f6c0ad5b-f77b25ebcb1d28c8-01
User-Agent: selenium/4.13.0 (java windows)
Content-Length: 47375
Content-Type: application/json; charset=utf-8
host: localhost:4444
accept: */*

Response DefaultHttpResponse(decodeResult: success, version: HTTP/1.1)
HTTP/1.1 200 OK
content-length: 24
content-type: application/json; charset=utf-8
cache-control: no-cache

18:44:07.931 [AsyncHttpClient-1-2] DEBUG org.asynchttpclient.netty.channel.ChannelManager -- Adding key: http://localhost:4444 for channel [id: 0x98e99774, L:/127.0.0.1:56740 - R:localhost/127.0.0.1:4444]
18:44:07.932 [main] INFO helpers.LoggerHelper -- Testing user: problem_user
18:44:07.933 [Forwarding findElement on session 0a975932d5d13a633e287ebb2eea088e to remote] DEBUG org.asynchttpclient.netty.request.NettyRequestSender -- Using pooled Channel '[id: 0x98e99774, L:/127.0.0.1:56740 - R:localhost/127.0.0.1:4444]' for 'POST' to 'http://localhost:4444/wd/hub/session/0a975932d5d13a633e287ebb2eea088e/element'
18:44:07.933 [Forwarding findElement on session 0a975932d5d13a633e287ebb2eea088e to remote] DEBUG org.asynchttpclient.netty.request.NettyRequestSender -- Using open Channel [id: 0x98e99774, L:/127.0.0.1:56740 - R:localhost/127.0.0.1:4444] for POST '/wd/hub/session/0a975932d5d13a633e287ebb2eea088e/element'
18:44:07.974 [AsyncHttpClient-1-2] DEBUG org.asynchttpclient.netty.handler.HttpHandler -- 

Request DefaultHttpRequest(decodeResult: success, version: HTTP/1.1)
POST /wd/hub/session/0a975932d5d13a633e287ebb2eea088e/element HTTP/1.1
traceparent: 00-c7a439398d929458987e824bd3f5da9b-b5b900a161f63fbb-01
User-Agent: selenium/4.13.0 (java windows)
Content-Length: 53
Content-Type: application/json; charset=utf-8
host: localhost:4444
accept: */*

Response DefaultHttpResponse(decodeResult: success, version: HTTP/1.1)
HTTP/1.1 200 OK
content-length: 95
content-type: application/json; charset=utf-8
cache-control: no-cache

18:44:07.974 [AsyncHttpClient-1-2] DEBUG org.asynchttpclient.netty.channel.ChannelManager -- Adding key: http://localhost:4444 for channel [id: 0x98e99774, L:/127.0.0.1:56740 - R:localhost/127.0.0.1:4444]
18:44:07.978 [Forwarding isElementDisplayed on session 0a975932d5d13a633e287ebb2eea088e to remote] DEBUG org.asynchttpclient.netty.request.NettyRequestSender -- Using pooled Channel '[id: 0x98e99774, L:/127.0.0.1:56740 - R:localhost/127.0.0.1:4444]' for 'POST' to 'http://localhost:4444/wd/hub/session/0a975932d5d13a633e287ebb2eea088e/execute/sync'
18:44:07.978 [Forwarding isElementDisplayed on session 0a975932d5d13a633e287ebb2eea088e to remote] DEBUG org.asynchttpclient.netty.request.NettyRequestSender -- Using open Channel [id: 0x98e99774, L:/127.0.0.1:56740 - R:localhost/127.0.0.1:4444] for POST '/wd/hub/session/0a975932d5d13a633e287ebb2eea088e/execute/sync'
18:44:08.013 [AsyncHttpClient-1-2] DEBUG org.asynchttpclient.netty.handler.HttpHandler -- 

Request DefaultHttpRequest(decodeResult: success, version: HTTP/1.1)
POST /wd/hub/session/0a975932d5d13a633e287ebb2eea088e/execute/sync HTTP/1.1
traceparent: 00-e142418e7ef95bfb410cd8aeb581cbb4-d0f55c6246a3ad0a-01
User-Agent: selenium/4.13.0 (java windows)
Content-Length: 48814
Content-Type: application/json; charset=utf-8
host: localhost:4444
accept: */*

Response DefaultHttpResponse(decodeResult: success, version: HTTP/1.1)
HTTP/1.1 200 OK
content-length: 14
content-type: application/json; charset=utf-8
cache-control: no-cache

18:44:08.013 [AsyncHttpClient-1-2] DEBUG org.asynchttpclient.netty.channel.ChannelManager -- Adding key: http://localhost:4444 for channel [id: 0x98e99774, L:/127.0.0.1:56740 - R:localhost/127.0.0.1:4444]
18:44:08.017 [Forwarding findElement on session 0a975932d5d13a633e287ebb2eea088e to remote] DEBUG org.asynchttpclient.netty.request.NettyRequestSender -- Using pooled Channel '[id: 0x98e99774, L:/127.0.0.1:56740 - R:localhost/127.0.0.1:4444]' for 'POST' to 'http://localhost:4444/wd/hub/session/0a975932d5d13a633e287ebb2eea088e/element'
18:44:08.017 [Forwarding findElement on session 0a975932d5d13a633e287ebb2eea088e to remote] DEBUG org.asynchttpclient.netty.request.NettyRequestSender -- Using open Channel [id: 0x98e99774, L:/127.0.0.1:56740 - R:localhost/127.0.0.1:4444] for POST '/wd/hub/session/0a975932d5d13a633e287ebb2eea088e/element'
18:44:08.046 [AsyncHttpClient-1-2] DEBUG org.asynchttpclient.netty.handler.HttpHandler -- 

Request DefaultHttpRequest(decodeResult: success, version: HTTP/1.1)
POST /wd/hub/session/0a975932d5d13a633e287ebb2eea088e/element HTTP/1.1
traceparent: 00-f594d4bf73526344e328f9745ea171f3-a03c7ef4c6cacb67-01
User-Agent: selenium/4.13.0 (java windows)
Content-Length: 53
Content-Type: application/json; charset=utf-8
host: localhost:4444
accept: */*

Response DefaultHttpResponse(decodeResult: success, version: HTTP/1.1)
HTTP/1.1 200 OK
content-length: 95
content-type: application/json; charset=utf-8
cache-control: no-cache

18:44:08.047 [AsyncHttpClient-1-2] DEBUG org.asynchttpclient.netty.channel.ChannelManager -- Adding key: http://localhost:4444 for channel [id: 0x98e99774, L:/127.0.0.1:56740 - R:localhost/127.0.0.1:4444]
18:44:08.050 [Forwarding sendKeysToElement on session 0a975932d5d13a633e287ebb2eea088e to remote] DEBUG org.asynchttpclient.netty.request.NettyRequestSender -- Using pooled Channel '[id: 0x98e99774, L:/127.0.0.1:56740 - R:localhost/127.0.0.1:4444]' for 'POST' to 'http://localhost:4444/wd/hub/session/0a975932d5d13a633e287ebb2eea088e/element/6EE20005D70A4E19385C21C5678BAA76_element_30/value'
18:44:08.050 [Forwarding sendKeysToElement on session 0a975932d5d13a633e287ebb2eea088e to remote] DEBUG org.asynchttpclient.netty.request.NettyRequestSender -- Using open Channel [id: 0x98e99774, L:/127.0.0.1:56740 - R:localhost/127.0.0.1:4444] for POST '/wd/hub/session/0a975932d5d13a633e287ebb2eea088e/element/6EE20005D70A4E19385C21C5678BAA76_element_30/value'
18:44:08.278 [AsyncHttpClient-1-2] DEBUG org.asynchttpclient.netty.handler.HttpHandler -- 

Request DefaultHttpRequest(decodeResult: success, version: HTTP/1.1)
POST /wd/hub/session/0a975932d5d13a633e287ebb2eea088e/element/6EE20005D70A4E19385C21C5678BAA76_element_30/value HTTP/1.1
traceparent: 00-d88cb6b216b8156ea8619bb0193be1a9-bde6de800815349b-01
User-Agent: selenium/4.13.0 (java windows)
Content-Length: 208
Content-Type: application/json; charset=utf-8
host: localhost:4444
accept: */*

Response DefaultHttpResponse(decodeResult: success, version: HTTP/1.1)
HTTP/1.1 200 OK
content-length: 14
content-type: application/json; charset=utf-8
cache-control: no-cache

18:44:08.279 [AsyncHttpClient-1-2] DEBUG org.asynchttpclient.netty.channel.ChannelManager -- Adding key: http://localhost:4444 for channel [id: 0x98e99774, L:/127.0.0.1:56740 - R:localhost/127.0.0.1:4444]
18:44:08.281 [Forwarding findElement on session 0a975932d5d13a633e287ebb2eea088e to remote] DEBUG org.asynchttpclient.netty.request.NettyRequestSender -- Using pooled Channel '[id: 0x98e99774, L:/127.0.0.1:56740 - R:localhost/127.0.0.1:4444]' for 'POST' to 'http://localhost:4444/wd/hub/session/0a975932d5d13a633e287ebb2eea088e/element'
18:44:08.281 [Forwarding findElement on session 0a975932d5d13a633e287ebb2eea088e to remote] DEBUG org.asynchttpclient.netty.request.NettyRequestSender -- Using open Channel [id: 0x98e99774, L:/127.0.0.1:56740 - R:localhost/127.0.0.1:4444] for POST '/wd/hub/session/0a975932d5d13a633e287ebb2eea088e/element'
18:44:08.310 [AsyncHttpClient-1-2] DEBUG org.asynchttpclient.netty.handler.HttpHandler -- 

Request DefaultHttpRequest(decodeResult: success, version: HTTP/1.1)
POST /wd/hub/session/0a975932d5d13a633e287ebb2eea088e/element HTTP/1.1
traceparent: 00-a23ff63993ef875ad59331bdba92d826-0c41ab9cb611e883-01
User-Agent: selenium/4.13.0 (java windows)
Content-Length: 53
Content-Type: application/json; charset=utf-8
host: localhost:4444
accept: */*

Response DefaultHttpResponse(decodeResult: success, version: HTTP/1.1)
HTTP/1.1 200 OK
content-length: 95
content-type: application/json; charset=utf-8
cache-control: no-cache

18:44:08.310 [AsyncHttpClient-1-2] DEBUG org.asynchttpclient.netty.channel.ChannelManager -- Adding key: http://localhost:4444 for channel [id: 0x98e99774, L:/127.0.0.1:56740 - R:localhost/127.0.0.1:4444]
18:44:08.315 [Forwarding getElementAttribute on session 0a975932d5d13a633e287ebb2eea088e to remote] DEBUG org.asynchttpclient.netty.request.NettyRequestSender -- Using pooled Channel '[id: 0x98e99774, L:/127.0.0.1:56740 - R:localhost/127.0.0.1:4444]' for 'POST' to 'http://localhost:4444/wd/hub/session/0a975932d5d13a633e287ebb2eea088e/execute/sync'
18:44:08.315 [Forwarding getElementAttribute on session 0a975932d5d13a633e287ebb2eea088e to remote] DEBUG org.asynchttpclient.netty.request.NettyRequestSender -- Using open Channel [id: 0x98e99774, L:/127.0.0.1:56740 - R:localhost/127.0.0.1:4444] for POST '/wd/hub/session/0a975932d5d13a633e287ebb2eea088e/execute/sync'
18:44:08.394 [AsyncHttpClient-1-2] DEBUG org.asynchttpclient.netty.handler.HttpHandler -- 

Request DefaultHttpRequest(decodeResult: success, version: HTTP/1.1)
POST /wd/hub/session/0a975932d5d13a633e287ebb2eea088e/execute/sync HTTP/1.1
traceparent: 00-946e843565a404fa085a05c223ec7be0-17fb419db11e19a8-01
User-Agent: selenium/4.13.0 (java windows)
Content-Length: 47379
Content-Type: application/json; charset=utf-8
host: localhost:4444
accept: */*

Response DefaultHttpResponse(decodeResult: success, version: HTTP/1.1)
HTTP/1.1 200 OK
content-length: 224
content-type: application/json; charset=utf-8
cache-control: no-cache

18:44:08.394 [AsyncHttpClient-1-2] DEBUG org.asynchttpclient.netty.channel.ChannelManager -- Adding key: http://localhost:4444 for channel [id: 0x98e99774, L:/127.0.0.1:56740 - R:localhost/127.0.0.1:4444]
18:44:08.398 [Forwarding getElementAttribute on session 0a975932d5d13a633e287ebb2eea088e to remote] DEBUG org.asynchttpclient.netty.request.NettyRequestSender -- Using pooled Channel '[id: 0x98e99774, L:/127.0.0.1:56740 - R:localhost/127.0.0.1:4444]' for 'POST' to 'http://localhost:4444/wd/hub/session/0a975932d5d13a633e287ebb2eea088e/execute/sync'
18:44:08.398 [Forwarding getElementAttribute on session 0a975932d5d13a633e287ebb2eea088e to remote] DEBUG org.asynchttpclient.netty.request.NettyRequestSender -- Using open Channel [id: 0x98e99774, L:/127.0.0.1:56740 - R:localhost/127.0.0.1:4444] for POST '/wd/hub/session/0a975932d5d13a633e287ebb2eea088e/execute/sync'
18:44:08.457 [AsyncHttpClient-1-2] DEBUG org.asynchttpclient.netty.handler.HttpHandler -- 

Request DefaultHttpRequest(decodeResult: success, version: HTTP/1.1)
POST /wd/hub/session/0a975932d5d13a633e287ebb2eea088e/execute/sync HTTP/1.1
traceparent: 00-007a558edf5a4db75d317b47a79d06d4-248c790082eb9764-01
User-Agent: selenium/4.13.0 (java windows)
Content-Length: 47375
Content-Type: application/json; charset=utf-8
host: localhost:4444
accept: */*

Response DefaultHttpResponse(decodeResult: success, version: HTTP/1.1)
HTTP/1.1 200 OK
content-length: 34
content-type: application/json; charset=utf-8
cache-control: no-cache

18:44:08.457 [AsyncHttpClient-1-2] DEBUG org.asynchttpclient.netty.channel.ChannelManager -- Adding key: http://localhost:4444 for channel [id: 0x98e99774, L:/127.0.0.1:56740 - R:localhost/127.0.0.1:4444]
18:44:08.461 [Forwarding getElementAttribute on session 0a975932d5d13a633e287ebb2eea088e to remote] DEBUG org.asynchttpclient.netty.request.NettyRequestSender -- Using pooled Channel '[id: 0x98e99774, L:/127.0.0.1:56740 - R:localhost/127.0.0.1:4444]' for 'POST' to 'http://localhost:4444/wd/hub/session/0a975932d5d13a633e287ebb2eea088e/execute/sync'
18:44:08.461 [Forwarding getElementAttribute on session 0a975932d5d13a633e287ebb2eea088e to remote] DEBUG org.asynchttpclient.netty.request.NettyRequestSender -- Using open Channel [id: 0x98e99774, L:/127.0.0.1:56740 - R:localhost/127.0.0.1:4444] for POST '/wd/hub/session/0a975932d5d13a633e287ebb2eea088e/execute/sync'
18:44:08.508 [AsyncHttpClient-1-2] DEBUG org.asynchttpclient.netty.handler.HttpHandler -- 

Request DefaultHttpRequest(decodeResult: success, version: HTTP/1.1)
POST /wd/hub/session/0a975932d5d13a633e287ebb2eea088e/execute/sync HTTP/1.1
traceparent: 00-b73acadf061a37476cee1862f5c1ba38-8616ecbae8167234-01
User-Agent: selenium/4.13.0 (java windows)
Content-Length: 47381
Content-Type: application/json; charset=utf-8
host: localhost:4444
accept: */*

Response DefaultHttpResponse(decodeResult: success, version: HTTP/1.1)
HTTP/1.1 200 OK
content-length: 20
content-type: application/json; charset=utf-8
cache-control: no-cache

18:44:08.508 [AsyncHttpClient-1-2] DEBUG org.asynchttpclient.netty.channel.ChannelManager -- Adding key: http://localhost:4444 for channel [id: 0x98e99774, L:/127.0.0.1:56740 - R:localhost/127.0.0.1:4444]
18:44:08.512 [Forwarding getElementAttribute on session 0a975932d5d13a633e287ebb2eea088e to remote] DEBUG org.asynchttpclient.netty.request.NettyRequestSender -- Using pooled Channel '[id: 0x98e99774, L:/127.0.0.1:56740 - R:localhost/127.0.0.1:4444]' for 'POST' to 'http://localhost:4444/wd/hub/session/0a975932d5d13a633e287ebb2eea088e/execute/sync'
18:44:08.512 [Forwarding getElementAttribute on session 0a975932d5d13a633e287ebb2eea088e to remote] DEBUG org.asynchttpclient.netty.request.NettyRequestSender -- Using open Channel [id: 0x98e99774, L:/127.0.0.1:56740 - R:localhost/127.0.0.1:4444] for POST '/wd/hub/session/0a975932d5d13a633e287ebb2eea088e/execute/sync'
18:44:08.548 [AsyncHttpClient-1-2] DEBUG org.asynchttpclient.netty.handler.HttpHandler -- 

Request DefaultHttpRequest(decodeResult: success, version: HTTP/1.1)
POST /wd/hub/session/0a975932d5d13a633e287ebb2eea088e/execute/sync HTTP/1.1
traceparent: 00-af09fcc2659f47e573ad0d13cc19a1cb-0d39b11f19fc24ce-01
User-Agent: selenium/4.13.0 (java windows)
Content-Length: 47374
Content-Type: application/json; charset=utf-8
host: localhost:4444
accept: */*

Response DefaultHttpResponse(decodeResult: success, version: HTTP/1.1)
HTTP/1.1 200 OK
content-length: 20
content-type: application/json; charset=utf-8
cache-control: no-cache

18:44:08.548 [AsyncHttpClient-1-2] DEBUG org.asynchttpclient.netty.channel.ChannelManager -- Adding key: http://localhost:4444 for channel [id: 0x98e99774, L:/127.0.0.1:56740 - R:localhost/127.0.0.1:4444]
18:44:08.552 [Forwarding getElementAttribute on session 0a975932d5d13a633e287ebb2eea088e to remote] DEBUG org.asynchttpclient.netty.request.NettyRequestSender -- Using pooled Channel '[id: 0x98e99774, L:/127.0.0.1:56740 - R:localhost/127.0.0.1:4444]' for 'POST' to 'http://localhost:4444/wd/hub/session/0a975932d5d13a633e287ebb2eea088e/execute/sync'
18:44:08.552 [Forwarding getElementAttribute on session 0a975932d5d13a633e287ebb2eea088e to remote] DEBUG org.asynchttpclient.netty.request.NettyRequestSender -- Using open Channel [id: 0x98e99774, L:/127.0.0.1:56740 - R:localhost/127.0.0.1:4444] for POST '/wd/hub/session/0a975932d5d13a633e287ebb2eea088e/execute/sync'
18:44:08.587 [AsyncHttpClient-1-2] DEBUG org.asynchttpclient.netty.handler.HttpHandler -- 

Request DefaultHttpRequest(decodeResult: success, version: HTTP/1.1)
POST /wd/hub/session/0a975932d5d13a633e287ebb2eea088e/execute/sync HTTP/1.1
traceparent: 00-e860215c3538b1992dbbbbc3abd3d68f-7eeb79bc8a08d5a8-01
User-Agent: selenium/4.13.0 (java windows)
Content-Length: 47379
Content-Type: application/json; charset=utf-8
host: localhost:4444
accept: */*

Response DefaultHttpResponse(decodeResult: success, version: HTTP/1.1)
HTTP/1.1 200 OK
content-length: 20
content-type: application/json; charset=utf-8
cache-control: no-cache

18:44:08.588 [AsyncHttpClient-1-2] DEBUG org.asynchttpclient.netty.channel.ChannelManager -- Adding key: http://localhost:4444 for channel [id: 0x98e99774, L:/127.0.0.1:56740 - R:localhost/127.0.0.1:4444]
18:44:08.591 [Forwarding getElementAttribute on session 0a975932d5d13a633e287ebb2eea088e to remote] DEBUG org.asynchttpclient.netty.request.NettyRequestSender -- Using pooled Channel '[id: 0x98e99774, L:/127.0.0.1:56740 - R:localhost/127.0.0.1:4444]' for 'POST' to 'http://localhost:4444/wd/hub/session/0a975932d5d13a633e287ebb2eea088e/execute/sync'
18:44:08.591 [Forwarding getElementAttribute on session 0a975932d5d13a633e287ebb2eea088e to remote] DEBUG org.asynchttpclient.netty.request.NettyRequestSender -- Using open Channel [id: 0x98e99774, L:/127.0.0.1:56740 - R:localhost/127.0.0.1:4444] for POST '/wd/hub/session/0a975932d5d13a633e287ebb2eea088e/execute/sync'
18:44:08.649 [AsyncHttpClient-1-2] DEBUG org.asynchttpclient.netty.handler.HttpHandler -- 

Request DefaultHttpRequest(decodeResult: success, version: HTTP/1.1)
POST /wd/hub/session/0a975932d5d13a633e287ebb2eea088e/execute/sync HTTP/1.1
traceparent: 00-e9ea2fffbab971854655a6ef8db2dcac-ef527170a933dd5a-01
User-Agent: selenium/4.13.0 (java windows)
Content-Length: 47372
Content-Type: application/json; charset=utf-8
host: localhost:4444
accept: */*

Response DefaultHttpResponse(decodeResult: success, version: HTTP/1.1)
HTTP/1.1 200 OK
content-length: 20
content-type: application/json; charset=utf-8
cache-control: no-cache

18:44:08.649 [AsyncHttpClient-1-2] DEBUG org.asynchttpclient.netty.channel.ChannelManager -- Adding key: http://localhost:4444 for channel [id: 0x98e99774, L:/127.0.0.1:56740 - R:localhost/127.0.0.1:4444]
18:44:08.655 [Forwarding getElementAttribute on session 0a975932d5d13a633e287ebb2eea088e to remote] DEBUG org.asynchttpclient.netty.request.NettyRequestSender -- Using pooled Channel '[id: 0x98e99774, L:/127.0.0.1:56740 - R:localhost/127.0.0.1:4444]' for 'POST' to 'http://localhost:4444/wd/hub/session/0a975932d5d13a633e287ebb2eea088e/execute/sync'
18:44:08.655 [Forwarding getElementAttribute on session 0a975932d5d13a633e287ebb2eea088e to remote] DEBUG org.asynchttpclient.netty.request.NettyRequestSender -- Using open Channel [id: 0x98e99774, L:/127.0.0.1:56740 - R:localhost/127.0.0.1:4444] for POST '/wd/hub/session/0a975932d5d13a633e287ebb2eea088e/execute/sync'
18:44:08.736 [AsyncHttpClient-1-2] DEBUG org.asynchttpclient.netty.handler.HttpHandler -- 

Request DefaultHttpRequest(decodeResult: success, version: HTTP/1.1)
POST /wd/hub/session/0a975932d5d13a633e287ebb2eea088e/execute/sync HTTP/1.1
traceparent: 00-47e03af35d3e25e1e3b42b60a4fdc178-3d80271a7a43e73f-01
User-Agent: selenium/4.13.0 (java windows)
Content-Length: 47374
Content-Type: application/json; charset=utf-8
host: localhost:4444
accept: */*

Response DefaultHttpResponse(decodeResult: success, version: HTTP/1.1)
HTTP/1.1 200 OK
content-length: 20
content-type: application/json; charset=utf-8
cache-control: no-cache

18:44:08.737 [AsyncHttpClient-1-2] DEBUG org.asynchttpclient.netty.channel.ChannelManager -- Adding key: http://localhost:4444 for channel [id: 0x98e99774, L:/127.0.0.1:56740 - R:localhost/127.0.0.1:4444]
18:44:08.741 [Forwarding getElementAttribute on session 0a975932d5d13a633e287ebb2eea088e to remote] DEBUG org.asynchttpclient.netty.request.NettyRequestSender -- Using pooled Channel '[id: 0x98e99774, L:/127.0.0.1:56740 - R:localhost/127.0.0.1:4444]' for 'POST' to 'http://localhost:4444/wd/hub/session/0a975932d5d13a633e287ebb2eea088e/execute/sync'
18:44:08.742 [Forwarding getElementAttribute on session 0a975932d5d13a633e287ebb2eea088e to remote] DEBUG org.asynchttpclient.netty.request.NettyRequestSender -- Using open Channel [id: 0x98e99774, L:/127.0.0.1:56740 - R:localhost/127.0.0.1:4444] for POST '/wd/hub/session/0a975932d5d13a633e287ebb2eea088e/execute/sync'
18:44:08.798 [AsyncHttpClient-1-2] DEBUG org.asynchttpclient.netty.handler.HttpHandler -- 

Request DefaultHttpRequest(decodeResult: success, version: HTTP/1.1)
POST /wd/hub/session/0a975932d5d13a633e287ebb2eea088e/execute/sync HTTP/1.1
traceparent: 00-e0fe26bf5f281f6c1ad89581ddbfb618-a4f63007b09632ac-01
User-Agent: selenium/4.13.0 (java windows)
Content-Length: 47381
Content-Type: application/json; charset=utf-8
host: localhost:4444
accept: */*

Response DefaultHttpResponse(decodeResult: success, version: HTTP/1.1)
HTTP/1.1 200 OK
content-length: 15
content-type: application/json; charset=utf-8
cache-control: no-cache

18:44:08.798 [AsyncHttpClient-1-2] DEBUG org.asynchttpclient.netty.channel.ChannelManager -- Adding key: http://localhost:4444 for channel [id: 0x98e99774, L:/127.0.0.1:56740 - R:localhost/127.0.0.1:4444]
18:44:08.803 [Forwarding getElementAttribute on session 0a975932d5d13a633e287ebb2eea088e to remote] DEBUG org.asynchttpclient.netty.request.NettyRequestSender -- Using pooled Channel '[id: 0x98e99774, L:/127.0.0.1:56740 - R:localhost/127.0.0.1:4444]' for 'POST' to 'http://localhost:4444/wd/hub/session/0a975932d5d13a633e287ebb2eea088e/execute/sync'
18:44:08.803 [Forwarding getElementAttribute on session 0a975932d5d13a633e287ebb2eea088e to remote] DEBUG org.asynchttpclient.netty.request.NettyRequestSender -- Using open Channel [id: 0x98e99774, L:/127.0.0.1:56740 - R:localhost/127.0.0.1:4444] for POST '/wd/hub/session/0a975932d5d13a633e287ebb2eea088e/execute/sync'
18:44:08.849 [AsyncHttpClient-1-2] DEBUG org.asynchttpclient.netty.handler.HttpHandler -- 

Request DefaultHttpRequest(decodeResult: success, version: HTTP/1.1)
POST /wd/hub/session/0a975932d5d13a633e287ebb2eea088e/execute/sync HTTP/1.1
traceparent: 00-50b721e65b7310922230c13f552fb122-6c67b1a5db4711f8-01
User-Agent: selenium/4.13.0 (java windows)
Content-Length: 47384
Content-Type: application/json; charset=utf-8
host: localhost:4444
accept: */*

Response DefaultHttpResponse(decodeResult: success, version: HTTP/1.1)
HTTP/1.1 200 OK
content-length: 16
content-type: application/json; charset=utf-8
cache-control: no-cache

18:44:08.849 [AsyncHttpClient-1-2] DEBUG org.asynchttpclient.netty.channel.ChannelManager -- Adding key: http://localhost:4444 for channel [id: 0x98e99774, L:/127.0.0.1:56740 - R:localhost/127.0.0.1:4444]
18:44:08.853 [Forwarding getElementAttribute on session 0a975932d5d13a633e287ebb2eea088e to remote] DEBUG org.asynchttpclient.netty.request.NettyRequestSender -- Using pooled Channel '[id: 0x98e99774, L:/127.0.0.1:56740 - R:localhost/127.0.0.1:4444]' for 'POST' to 'http://localhost:4444/wd/hub/session/0a975932d5d13a633e287ebb2eea088e/execute/sync'
18:44:08.853 [Forwarding getElementAttribute on session 0a975932d5d13a633e287ebb2eea088e to remote] DEBUG org.asynchttpclient.netty.request.NettyRequestSender -- Using open Channel [id: 0x98e99774, L:/127.0.0.1:56740 - R:localhost/127.0.0.1:4444] for POST '/wd/hub/session/0a975932d5d13a633e287ebb2eea088e/execute/sync'
18:44:08.893 [AsyncHttpClient-1-2] DEBUG org.asynchttpclient.netty.handler.HttpHandler -- 

Request DefaultHttpRequest(decodeResult: success, version: HTTP/1.1)
POST /wd/hub/session/0a975932d5d13a633e287ebb2eea088e/execute/sync HTTP/1.1
traceparent: 00-3450adc46ec96615bfb77af7903cc9ba-8e28b1e73c959556-01
User-Agent: selenium/4.13.0 (java windows)
Content-Length: 47375
Content-Type: application/json; charset=utf-8
host: localhost:4444
accept: */*

Response DefaultHttpResponse(decodeResult: success, version: HTTP/1.1)
HTTP/1.1 200 OK
content-length: 24
content-type: application/json; charset=utf-8
cache-control: no-cache

18:44:08.893 [AsyncHttpClient-1-2] DEBUG org.asynchttpclient.netty.channel.ChannelManager -- Adding key: http://localhost:4444 for channel [id: 0x98e99774, L:/127.0.0.1:56740 - R:localhost/127.0.0.1:4444]
18:44:08.894 [main] INFO helpers.LoggerHelper -- Testing password: secret_sauce
18:44:08.896 [Forwarding findElement on session 0a975932d5d13a633e287ebb2eea088e to remote] DEBUG org.asynchttpclient.netty.request.NettyRequestSender -- Using pooled Channel '[id: 0x98e99774, L:/127.0.0.1:56740 - R:localhost/127.0.0.1:4444]' for 'POST' to 'http://localhost:4444/wd/hub/session/0a975932d5d13a633e287ebb2eea088e/element'
18:44:08.896 [Forwarding findElement on session 0a975932d5d13a633e287ebb2eea088e to remote] DEBUG org.asynchttpclient.netty.request.NettyRequestSender -- Using open Channel [id: 0x98e99774, L:/127.0.0.1:56740 - R:localhost/127.0.0.1:4444] for POST '/wd/hub/session/0a975932d5d13a633e287ebb2eea088e/element'
18:44:08.929 [AsyncHttpClient-1-2] DEBUG org.asynchttpclient.netty.handler.HttpHandler -- 

Request DefaultHttpRequest(decodeResult: success, version: HTTP/1.1)
POST /wd/hub/session/0a975932d5d13a633e287ebb2eea088e/element HTTP/1.1
traceparent: 00-7f879a4a667889df5abd73e34abacd02-d1247fc2fb9a639a-01
User-Agent: selenium/4.13.0 (java windows)
Content-Length: 59
Content-Type: application/json; charset=utf-8
host: localhost:4444
accept: */*

Response DefaultHttpResponse(decodeResult: success, version: HTTP/1.1)
HTTP/1.1 200 OK
content-length: 95
content-type: application/json; charset=utf-8
cache-control: no-cache

18:44:08.929 [AsyncHttpClient-1-2] DEBUG org.asynchttpclient.netty.channel.ChannelManager -- Adding key: http://localhost:4444 for channel [id: 0x98e99774, L:/127.0.0.1:56740 - R:localhost/127.0.0.1:4444]
18:44:08.933 [Forwarding isElementDisplayed on session 0a975932d5d13a633e287ebb2eea088e to remote] DEBUG org.asynchttpclient.netty.request.NettyRequestSender -- Using pooled Channel '[id: 0x98e99774, L:/127.0.0.1:56740 - R:localhost/127.0.0.1:4444]' for 'POST' to 'http://localhost:4444/wd/hub/session/0a975932d5d13a633e287ebb2eea088e/execute/sync'
18:44:08.933 [Forwarding isElementDisplayed on session 0a975932d5d13a633e287ebb2eea088e to remote] DEBUG org.asynchttpclient.netty.request.NettyRequestSender -- Using open Channel [id: 0x98e99774, L:/127.0.0.1:56740 - R:localhost/127.0.0.1:4444] for POST '/wd/hub/session/0a975932d5d13a633e287ebb2eea088e/execute/sync'
18:44:08.971 [AsyncHttpClient-1-2] DEBUG org.asynchttpclient.netty.handler.HttpHandler -- 

Request DefaultHttpRequest(decodeResult: success, version: HTTP/1.1)
POST /wd/hub/session/0a975932d5d13a633e287ebb2eea088e/execute/sync HTTP/1.1
traceparent: 00-f87e91d24c5ca11fdb74b4eff926636e-aff5034f846d3bd6-01
User-Agent: selenium/4.13.0 (java windows)
Content-Length: 48814
Content-Type: application/json; charset=utf-8
host: localhost:4444
accept: */*

Response DefaultHttpResponse(decodeResult: success, version: HTTP/1.1)
HTTP/1.1 200 OK
content-length: 14
content-type: application/json; charset=utf-8
cache-control: no-cache

18:44:08.971 [AsyncHttpClient-1-2] DEBUG org.asynchttpclient.netty.channel.ChannelManager -- Adding key: http://localhost:4444 for channel [id: 0x98e99774, L:/127.0.0.1:56740 - R:localhost/127.0.0.1:4444]
18:44:08.973 [Forwarding findElement on session 0a975932d5d13a633e287ebb2eea088e to remote] DEBUG org.asynchttpclient.netty.request.NettyRequestSender -- Using pooled Channel '[id: 0x98e99774, L:/127.0.0.1:56740 - R:localhost/127.0.0.1:4444]' for 'POST' to 'http://localhost:4444/wd/hub/session/0a975932d5d13a633e287ebb2eea088e/element'
18:44:08.973 [Forwarding findElement on session 0a975932d5d13a633e287ebb2eea088e to remote] DEBUG org.asynchttpclient.netty.request.NettyRequestSender -- Using open Channel [id: 0x98e99774, L:/127.0.0.1:56740 - R:localhost/127.0.0.1:4444] for POST '/wd/hub/session/0a975932d5d13a633e287ebb2eea088e/element'
18:44:09.005 [AsyncHttpClient-1-2] DEBUG org.asynchttpclient.netty.handler.HttpHandler -- 

Request DefaultHttpRequest(decodeResult: success, version: HTTP/1.1)
POST /wd/hub/session/0a975932d5d13a633e287ebb2eea088e/element HTTP/1.1
traceparent: 00-a0299fef24a8795ec0657433f5375a71-f7f766984fd081e1-01
User-Agent: selenium/4.13.0 (java windows)
Content-Length: 59
Content-Type: application/json; charset=utf-8
host: localhost:4444
accept: */*

Response DefaultHttpResponse(decodeResult: success, version: HTTP/1.1)
HTTP/1.1 200 OK
content-length: 95
content-type: application/json; charset=utf-8
cache-control: no-cache

18:44:09.005 [AsyncHttpClient-1-2] DEBUG org.asynchttpclient.netty.channel.ChannelManager -- Adding key: http://localhost:4444 for channel [id: 0x98e99774, L:/127.0.0.1:56740 - R:localhost/127.0.0.1:4444]
18:44:09.010 [Forwarding getElementAttribute on session 0a975932d5d13a633e287ebb2eea088e to remote] DEBUG org.asynchttpclient.netty.request.NettyRequestSender -- Using pooled Channel '[id: 0x98e99774, L:/127.0.0.1:56740 - R:localhost/127.0.0.1:4444]' for 'POST' to 'http://localhost:4444/wd/hub/session/0a975932d5d13a633e287ebb2eea088e/execute/sync'
18:44:09.010 [Forwarding getElementAttribute on session 0a975932d5d13a633e287ebb2eea088e to remote] DEBUG org.asynchttpclient.netty.request.NettyRequestSender -- Using open Channel [id: 0x98e99774, L:/127.0.0.1:56740 - R:localhost/127.0.0.1:4444] for POST '/wd/hub/session/0a975932d5d13a633e287ebb2eea088e/execute/sync'
18:44:09.055 [AsyncHttpClient-1-2] DEBUG org.asynchttpclient.netty.handler.HttpHandler -- 

Request DefaultHttpRequest(decodeResult: success, version: HTTP/1.1)
POST /wd/hub/session/0a975932d5d13a633e287ebb2eea088e/execute/sync HTTP/1.1
traceparent: 00-329c3090a7efd1a5fa932ba6ddf52fba-d08dcfe92a3528fc-01
User-Agent: selenium/4.13.0 (java windows)
Content-Length: 47379
Content-Type: application/json; charset=utf-8
host: localhost:4444
accept: */*

Response DefaultHttpResponse(decodeResult: success, version: HTTP/1.1)
HTTP/1.1 200 OK
content-length: 160
content-type: application/json; charset=utf-8
cache-control: no-cache

18:44:09.056 [AsyncHttpClient-1-2] DEBUG org.asynchttpclient.netty.channel.ChannelManager -- Adding key: http://localhost:4444 for channel [id: 0x98e99774, L:/127.0.0.1:56740 - R:localhost/127.0.0.1:4444]
18:44:09.059 [Forwarding getElementAttribute on session 0a975932d5d13a633e287ebb2eea088e to remote] DEBUG org.asynchttpclient.netty.request.NettyRequestSender -- Using pooled Channel '[id: 0x98e99774, L:/127.0.0.1:56740 - R:localhost/127.0.0.1:4444]' for 'POST' to 'http://localhost:4444/wd/hub/session/0a975932d5d13a633e287ebb2eea088e/execute/sync'
18:44:09.059 [Forwarding getElementAttribute on session 0a975932d5d13a633e287ebb2eea088e to remote] DEBUG org.asynchttpclient.netty.request.NettyRequestSender -- Using open Channel [id: 0x98e99774, L:/127.0.0.1:56740 - R:localhost/127.0.0.1:4444] for POST '/wd/hub/session/0a975932d5d13a633e287ebb2eea088e/execute/sync'
18:44:09.091 [AsyncHttpClient-1-2] DEBUG org.asynchttpclient.netty.handler.HttpHandler -- 

Request DefaultHttpRequest(decodeResult: success, version: HTTP/1.1)
POST /wd/hub/session/0a975932d5d13a633e287ebb2eea088e/execute/sync HTTP/1.1
traceparent: 00-7e566cdb02707565180e2bd472c309c0-9150bfbbec4532d4-01
User-Agent: selenium/4.13.0 (java windows)
Content-Length: 47374
Content-Type: application/json; charset=utf-8
host: localhost:4444
accept: */*

Response DefaultHttpResponse(decodeResult: success, version: HTTP/1.1)
HTTP/1.1 200 OK
content-length: 18
content-type: application/json; charset=utf-8
cache-control: no-cache

18:44:09.091 [AsyncHttpClient-1-2] DEBUG org.asynchttpclient.netty.channel.ChannelManager -- Adding key: http://localhost:4444 for channel [id: 0x98e99774, L:/127.0.0.1:56740 - R:localhost/127.0.0.1:4444]
18:44:09.095 [Forwarding getElementAttribute on session 0a975932d5d13a633e287ebb2eea088e to remote] DEBUG org.asynchttpclient.netty.request.NettyRequestSender -- Using pooled Channel '[id: 0x98e99774, L:/127.0.0.1:56740 - R:localhost/127.0.0.1:4444]' for 'POST' to 'http://localhost:4444/wd/hub/session/0a975932d5d13a633e287ebb2eea088e/execute/sync'
18:44:09.095 [Forwarding getElementAttribute on session 0a975932d5d13a633e287ebb2eea088e to remote] DEBUG org.asynchttpclient.netty.request.NettyRequestSender -- Using open Channel [id: 0x98e99774, L:/127.0.0.1:56740 - R:localhost/127.0.0.1:4444] for POST '/wd/hub/session/0a975932d5d13a633e287ebb2eea088e/execute/sync'
18:44:09.144 [AsyncHttpClient-1-2] DEBUG org.asynchttpclient.netty.handler.HttpHandler -- 

Request DefaultHttpRequest(decodeResult: success, version: HTTP/1.1)
POST /wd/hub/session/0a975932d5d13a633e287ebb2eea088e/execute/sync HTTP/1.1
traceparent: 00-4785ee7b481884145bb84e9ce33de245-37a6a7878ee87356-01
User-Agent: selenium/4.13.0 (java windows)
Content-Length: 47375
Content-Type: application/json; charset=utf-8
host: localhost:4444
accept: */*

Response DefaultHttpResponse(decodeResult: success, version: HTTP/1.1)
HTTP/1.1 200 OK
content-length: 36
content-type: application/json; charset=utf-8
cache-control: no-cache

18:44:09.144 [AsyncHttpClient-1-2] DEBUG org.asynchttpclient.netty.channel.ChannelManager -- Adding key: http://localhost:4444 for channel [id: 0x98e99774, L:/127.0.0.1:56740 - R:localhost/127.0.0.1:4444]
18:44:09.148 [Forwarding getElementAttribute on session 0a975932d5d13a633e287ebb2eea088e to remote] DEBUG org.asynchttpclient.netty.request.NettyRequestSender -- Using pooled Channel '[id: 0x98e99774, L:/127.0.0.1:56740 - R:localhost/127.0.0.1:4444]' for 'POST' to 'http://localhost:4444/wd/hub/session/0a975932d5d13a633e287ebb2eea088e/execute/sync'
18:44:09.149 [Forwarding getElementAttribute on session 0a975932d5d13a633e287ebb2eea088e to remote] DEBUG org.asynchttpclient.netty.request.NettyRequestSender -- Using open Channel [id: 0x98e99774, L:/127.0.0.1:56740 - R:localhost/127.0.0.1:4444] for POST '/wd/hub/session/0a975932d5d13a633e287ebb2eea088e/execute/sync'
18:44:09.178 [AsyncHttpClient-1-2] DEBUG org.asynchttpclient.netty.handler.HttpHandler -- 

Request DefaultHttpRequest(decodeResult: success, version: HTTP/1.1)
POST /wd/hub/session/0a975932d5d13a633e287ebb2eea088e/execute/sync HTTP/1.1
traceparent: 00-cc615e992df8d2e53e78ac343595b187-f2aa7aedea8ef296-01
User-Agent: selenium/4.13.0 (java windows)
Content-Length: 47379
Content-Type: application/json; charset=utf-8
host: localhost:4444
accept: */*

Response DefaultHttpResponse(decodeResult: success, version: HTTP/1.1)
HTTP/1.1 200 OK
content-length: 24
content-type: application/json; charset=utf-8
cache-control: no-cache

18:44:09.179 [AsyncHttpClient-1-2] DEBUG org.asynchttpclient.netty.channel.ChannelManager -- Adding key: http://localhost:4444 for channel [id: 0x98e99774, L:/127.0.0.1:56740 - R:localhost/127.0.0.1:4444]
18:44:09.182 [Forwarding getElementAttribute on session 0a975932d5d13a633e287ebb2eea088e to remote] DEBUG org.asynchttpclient.netty.request.NettyRequestSender -- Using pooled Channel '[id: 0x98e99774, L:/127.0.0.1:56740 - R:localhost/127.0.0.1:4444]' for 'POST' to 'http://localhost:4444/wd/hub/session/0a975932d5d13a633e287ebb2eea088e/execute/sync'
18:44:09.182 [Forwarding getElementAttribute on session 0a975932d5d13a633e287ebb2eea088e to remote] DEBUG org.asynchttpclient.netty.request.NettyRequestSender -- Using open Channel [id: 0x98e99774, L:/127.0.0.1:56740 - R:localhost/127.0.0.1:4444] for POST '/wd/hub/session/0a975932d5d13a633e287ebb2eea088e/execute/sync'
18:44:09.216 [AsyncHttpClient-1-2] DEBUG org.asynchttpclient.netty.handler.HttpHandler -- 

Request DefaultHttpRequest(decodeResult: success, version: HTTP/1.1)
POST /wd/hub/session/0a975932d5d13a633e287ebb2eea088e/execute/sync HTTP/1.1
traceparent: 00-9754213895047ae0f69ed66f5f7fd2ee-beb127ee9a229d3b-01
User-Agent: selenium/4.13.0 (java windows)
Content-Length: 47372
Content-Type: application/json; charset=utf-8
host: localhost:4444
accept: */*

Response DefaultHttpResponse(decodeResult: success, version: HTTP/1.1)
HTTP/1.1 200 OK
content-length: 24
content-type: application/json; charset=utf-8
cache-control: no-cache

18:44:09.216 [AsyncHttpClient-1-2] DEBUG org.asynchttpclient.netty.channel.ChannelManager -- Adding key: http://localhost:4444 for channel [id: 0x98e99774, L:/127.0.0.1:56740 - R:localhost/127.0.0.1:4444]
18:44:09.220 [Forwarding getElementAttribute on session 0a975932d5d13a633e287ebb2eea088e to remote] DEBUG org.asynchttpclient.netty.request.NettyRequestSender -- Using pooled Channel '[id: 0x98e99774, L:/127.0.0.1:56740 - R:localhost/127.0.0.1:4444]' for 'POST' to 'http://localhost:4444/wd/hub/session/0a975932d5d13a633e287ebb2eea088e/execute/sync'
18:44:09.220 [Forwarding getElementAttribute on session 0a975932d5d13a633e287ebb2eea088e to remote] DEBUG org.asynchttpclient.netty.request.NettyRequestSender -- Using open Channel [id: 0x98e99774, L:/127.0.0.1:56740 - R:localhost/127.0.0.1:4444] for POST '/wd/hub/session/0a975932d5d13a633e287ebb2eea088e/execute/sync'
18:44:09.255 [AsyncHttpClient-1-2] DEBUG org.asynchttpclient.netty.handler.HttpHandler -- 

Request DefaultHttpRequest(decodeResult: success, version: HTTP/1.1)
POST /wd/hub/session/0a975932d5d13a633e287ebb2eea088e/execute/sync HTTP/1.1
traceparent: 00-94b6cb2e5da2f3cc4881eda620e931a5-47782e47b6fe238d-01
User-Agent: selenium/4.13.0 (java windows)
Content-Length: 47374
Content-Type: application/json; charset=utf-8
host: localhost:4444
accept: */*

Response DefaultHttpResponse(decodeResult: success, version: HTTP/1.1)
HTTP/1.1 200 OK
content-length: 24
content-type: application/json; charset=utf-8
cache-control: no-cache

18:44:09.256 [AsyncHttpClient-1-2] DEBUG org.asynchttpclient.netty.channel.ChannelManager -- Adding key: http://localhost:4444 for channel [id: 0x98e99774, L:/127.0.0.1:56740 - R:localhost/127.0.0.1:4444]
18:44:09.260 [Forwarding getElementAttribute on session 0a975932d5d13a633e287ebb2eea088e to remote] DEBUG org.asynchttpclient.netty.request.NettyRequestSender -- Using pooled Channel '[id: 0x98e99774, L:/127.0.0.1:56740 - R:localhost/127.0.0.1:4444]' for 'POST' to 'http://localhost:4444/wd/hub/session/0a975932d5d13a633e287ebb2eea088e/execute/sync'
18:44:09.260 [Forwarding getElementAttribute on session 0a975932d5d13a633e287ebb2eea088e to remote] DEBUG org.asynchttpclient.netty.request.NettyRequestSender -- Using open Channel [id: 0x98e99774, L:/127.0.0.1:56740 - R:localhost/127.0.0.1:4444] for POST '/wd/hub/session/0a975932d5d13a633e287ebb2eea088e/execute/sync'
18:44:09.320 [AsyncHttpClient-1-2] DEBUG org.asynchttpclient.netty.handler.HttpHandler -- 

Request DefaultHttpRequest(decodeResult: success, version: HTTP/1.1)
POST /wd/hub/session/0a975932d5d13a633e287ebb2eea088e/execute/sync HTTP/1.1
traceparent: 00-20eec2133a8040a258bb15938b7ad705-1c410032d569d818-01
User-Agent: selenium/4.13.0 (java windows)
Content-Length: 47375
Content-Type: application/json; charset=utf-8
host: localhost:4444
accept: */*

Response DefaultHttpResponse(decodeResult: success, version: HTTP/1.1)
HTTP/1.1 200 OK
content-length: 17
content-type: application/json; charset=utf-8
cache-control: no-cache

18:44:09.320 [AsyncHttpClient-1-2] DEBUG org.asynchttpclient.netty.channel.ChannelManager -- Adding key: http://localhost:4444 for channel [id: 0x98e99774, L:/127.0.0.1:56740 - R:localhost/127.0.0.1:4444]
18:44:09.322 [Forwarding findElement on session 0a975932d5d13a633e287ebb2eea088e to remote] DEBUG org.asynchttpclient.netty.request.NettyRequestSender -- Using pooled Channel '[id: 0x98e99774, L:/127.0.0.1:56740 - R:localhost/127.0.0.1:4444]' for 'POST' to 'http://localhost:4444/wd/hub/session/0a975932d5d13a633e287ebb2eea088e/element'
18:44:09.323 [Forwarding findElement on session 0a975932d5d13a633e287ebb2eea088e to remote] DEBUG org.asynchttpclient.netty.request.NettyRequestSender -- Using open Channel [id: 0x98e99774, L:/127.0.0.1:56740 - R:localhost/127.0.0.1:4444] for POST '/wd/hub/session/0a975932d5d13a633e287ebb2eea088e/element'
18:44:09.367 [AsyncHttpClient-1-2] DEBUG org.asynchttpclient.netty.handler.HttpHandler -- 

Request DefaultHttpRequest(decodeResult: success, version: HTTP/1.1)
POST /wd/hub/session/0a975932d5d13a633e287ebb2eea088e/element HTTP/1.1
traceparent: 00-ec0c80499810e11561fc14e4de38460e-4a1f3eeb89f949d3-01
User-Agent: selenium/4.13.0 (java windows)
Content-Length: 59
Content-Type: application/json; charset=utf-8
host: localhost:4444
accept: */*

Response DefaultHttpResponse(decodeResult: success, version: HTTP/1.1)
HTTP/1.1 200 OK
content-length: 95
content-type: application/json; charset=utf-8
cache-control: no-cache

18:44:09.368 [AsyncHttpClient-1-2] DEBUG org.asynchttpclient.netty.channel.ChannelManager -- Adding key: http://localhost:4444 for channel [id: 0x98e99774, L:/127.0.0.1:56740 - R:localhost/127.0.0.1:4444]
18:44:09.375 [Forwarding clickElement on session 0a975932d5d13a633e287ebb2eea088e to remote] DEBUG org.asynchttpclient.netty.request.NettyRequestSender -- Using pooled Channel '[id: 0x98e99774, L:/127.0.0.1:56740 - R:localhost/127.0.0.1:4444]' for 'POST' to 'http://localhost:4444/wd/hub/session/0a975932d5d13a633e287ebb2eea088e/element/6EE20005D70A4E19385C21C5678BAA76_element_35/click'
18:44:09.375 [Forwarding clickElement on session 0a975932d5d13a633e287ebb2eea088e to remote] DEBUG org.asynchttpclient.netty.request.NettyRequestSender -- Using open Channel [id: 0x98e99774, L:/127.0.0.1:56740 - R:localhost/127.0.0.1:4444] for POST '/wd/hub/session/0a975932d5d13a633e287ebb2eea088e/element/6EE20005D70A4E19385C21C5678BAA76_element_35/click'
18:44:09.722 [AsyncHttpClient-1-2] DEBUG org.asynchttpclient.netty.handler.HttpHandler -- 

Request DefaultHttpRequest(decodeResult: success, version: HTTP/1.1)
POST /wd/hub/session/0a975932d5d13a633e287ebb2eea088e/element/6EE20005D70A4E19385C21C5678BAA76_element_35/click HTTP/1.1
traceparent: 00-91bfe9fb6842a946e4549fc13b853616-63e8182313249a30-01
User-Agent: selenium/4.13.0 (java windows)
Content-Length: 57
Content-Type: application/json; charset=utf-8
host: localhost:4444
accept: */*

Response DefaultHttpResponse(decodeResult: success, version: HTTP/1.1)
HTTP/1.1 200 OK
content-length: 14
content-type: application/json; charset=utf-8
cache-control: no-cache

18:44:09.722 [AsyncHttpClient-1-2] DEBUG org.asynchttpclient.netty.channel.ChannelManager -- Adding key: http://localhost:4444 for channel [id: 0x98e99774, L:/127.0.0.1:56740 - R:localhost/127.0.0.1:4444]
18:44:09.724 [Forwarding findElement on session 0a975932d5d13a633e287ebb2eea088e to remote] DEBUG org.asynchttpclient.netty.request.NettyRequestSender -- Using pooled Channel '[id: 0x98e99774, L:/127.0.0.1:56740 - R:localhost/127.0.0.1:4444]' for 'POST' to 'http://localhost:4444/wd/hub/session/0a975932d5d13a633e287ebb2eea088e/element'
18:44:09.725 [Forwarding findElement on session 0a975932d5d13a633e287ebb2eea088e to remote] DEBUG org.asynchttpclient.netty.request.NettyRequestSender -- Using open Channel [id: 0x98e99774, L:/127.0.0.1:56740 - R:localhost/127.0.0.1:4444] for POST '/wd/hub/session/0a975932d5d13a633e287ebb2eea088e/element'
18:44:09.860 [AsyncHttpClient-1-2] DEBUG org.asynchttpclient.netty.handler.HttpHandler -- 

Request DefaultHttpRequest(decodeResult: success, version: HTTP/1.1)
POST /wd/hub/session/0a975932d5d13a633e287ebb2eea088e/element HTTP/1.1
traceparent: 00-91a04005af3b366e2e40183d66d90dbe-41e289a02cd6ace9-01
User-Agent: selenium/4.13.0 (java windows)
Content-Length: 53
Content-Type: application/json; charset=utf-8
host: localhost:4444
accept: */*

Response DefaultHttpResponse(decodeResult: success, version: HTTP/1.1)
HTTP/1.1 200 OK
content-length: 95
content-type: application/json; charset=utf-8
cache-control: no-cache

18:44:09.860 [AsyncHttpClient-1-2] DEBUG org.asynchttpclient.netty.channel.ChannelManager -- Adding key: http://localhost:4444 for channel [id: 0x98e99774, L:/127.0.0.1:56740 - R:localhost/127.0.0.1:4444]
18:44:09.862 [Forwarding getElementText on session 0a975932d5d13a633e287ebb2eea088e to remote] DEBUG org.asynchttpclient.netty.request.NettyRequestSender -- Using pooled Channel '[id: 0x98e99774, L:/127.0.0.1:56740 - R:localhost/127.0.0.1:4444]' for 'GET' to 'http://localhost:4444/wd/hub/session/0a975932d5d13a633e287ebb2eea088e/element/6EE20005D70A4E19385C21C5678BAA76_element_38/text'
18:44:09.862 [Forwarding getElementText on session 0a975932d5d13a633e287ebb2eea088e to remote] DEBUG org.asynchttpclient.netty.request.NettyRequestSender -- Using open Channel [id: 0x98e99774, L:/127.0.0.1:56740 - R:localhost/127.0.0.1:4444] for GET '/wd/hub/session/0a975932d5d13a633e287ebb2eea088e/element/6EE20005D70A4E19385C21C5678BAA76_element_38/text'
18:44:09.967 [AsyncHttpClient-1-2] DEBUG org.asynchttpclient.netty.handler.HttpHandler -- 

Request DefaultFullHttpRequest(decodeResult: success, version: HTTP/1.1, content: EmptyByteBufBE)
GET /wd/hub/session/0a975932d5d13a633e287ebb2eea088e/element/6EE20005D70A4E19385C21C5678BAA76_element_38/text HTTP/1.1
Cache-Control: no-cache
traceparent: 00-64f921d798e5e07a382cdf82c20030ed-18e1add694306d14-01
User-Agent: selenium/4.13.0 (java windows)
Content-Type: application/json; charset=utf-8
host: localhost:4444
accept: */*

Response DefaultHttpResponse(decodeResult: success, version: HTTP/1.1)
HTTP/1.1 200 OK
content-length: 21
content-type: application/json; charset=utf-8
cache-control: no-cache

18:44:09.967 [AsyncHttpClient-1-2] DEBUG org.asynchttpclient.netty.channel.ChannelManager -- Adding key: http://localhost:4444 for channel [id: 0x98e99774, L:/127.0.0.1:56740 - R:localhost/127.0.0.1:4444]
18:44:09.969 [Forwarding findElement on session 0a975932d5d13a633e287ebb2eea088e to remote] DEBUG org.asynchttpclient.netty.request.NettyRequestSender -- Using pooled Channel '[id: 0x98e99774, L:/127.0.0.1:56740 - R:localhost/127.0.0.1:4444]' for 'POST' to 'http://localhost:4444/wd/hub/session/0a975932d5d13a633e287ebb2eea088e/element'
18:44:09.970 [Forwarding findElement on session 0a975932d5d13a633e287ebb2eea088e to remote] DEBUG org.asynchttpclient.netty.request.NettyRequestSender -- Using open Channel [id: 0x98e99774, L:/127.0.0.1:56740 - R:localhost/127.0.0.1:4444] for POST '/wd/hub/session/0a975932d5d13a633e287ebb2eea088e/element'
18:44:10.040 [AsyncHttpClient-1-2] DEBUG org.asynchttpclient.netty.handler.HttpHandler -- 

Request DefaultHttpRequest(decodeResult: success, version: HTTP/1.1)
POST /wd/hub/session/0a975932d5d13a633e287ebb2eea088e/element HTTP/1.1
traceparent: 00-dfbdbabffa2f1f293668a6871feb404f-d789ca5a06be47bf-01
User-Agent: selenium/4.13.0 (java windows)
Content-Length: 53
Content-Type: application/json; charset=utf-8
host: localhost:4444
accept: */*

Response DefaultHttpResponse(decodeResult: success, version: HTTP/1.1)
HTTP/1.1 200 OK
content-length: 95
content-type: application/json; charset=utf-8
cache-control: no-cache

18:44:10.040 [AsyncHttpClient-1-2] DEBUG org.asynchttpclient.netty.channel.ChannelManager -- Adding key: http://localhost:4444 for channel [id: 0x98e99774, L:/127.0.0.1:56740 - R:localhost/127.0.0.1:4444]
18:44:10.043 [Forwarding getElementText on session 0a975932d5d13a633e287ebb2eea088e to remote] DEBUG org.asynchttpclient.netty.request.NettyRequestSender -- Using pooled Channel '[id: 0x98e99774, L:/127.0.0.1:56740 - R:localhost/127.0.0.1:4444]' for 'GET' to 'http://localhost:4444/wd/hub/session/0a975932d5d13a633e287ebb2eea088e/element/6EE20005D70A4E19385C21C5678BAA76_element_38/text'
18:44:10.043 [Forwarding getElementText on session 0a975932d5d13a633e287ebb2eea088e to remote] DEBUG org.asynchttpclient.netty.request.NettyRequestSender -- Using open Channel [id: 0x98e99774, L:/127.0.0.1:56740 - R:localhost/127.0.0.1:4444] for GET '/wd/hub/session/0a975932d5d13a633e287ebb2eea088e/element/6EE20005D70A4E19385C21C5678BAA76_element_38/text'
18:44:10.103 [AsyncHttpClient-1-2] DEBUG org.asynchttpclient.netty.handler.HttpHandler -- 

Request DefaultFullHttpRequest(decodeResult: success, version: HTTP/1.1, content: EmptyByteBufBE)
GET /wd/hub/session/0a975932d5d13a633e287ebb2eea088e/element/6EE20005D70A4E19385C21C5678BAA76_element_38/text HTTP/1.1
Cache-Control: no-cache
traceparent: 00-53465a91c4845bb4a3282bf22a683436-d0ab5b424a8007a3-01
User-Agent: selenium/4.13.0 (java windows)
Content-Type: application/json; charset=utf-8
host: localhost:4444
accept: */*

Response DefaultHttpResponse(decodeResult: success, version: HTTP/1.1)
HTTP/1.1 200 OK
content-length: 21
content-type: application/json; charset=utf-8
cache-control: no-cache

18:44:10.103 [AsyncHttpClient-1-2] DEBUG org.asynchttpclient.netty.channel.ChannelManager -- Adding key: http://localhost:4444 for channel [id: 0x98e99774, L:/127.0.0.1:56740 - R:localhost/127.0.0.1:4444]
18:44:10.105 [Forwarding findElement on session 0a975932d5d13a633e287ebb2eea088e to remote] DEBUG org.asynchttpclient.netty.request.NettyRequestSender -- Using pooled Channel '[id: 0x98e99774, L:/127.0.0.1:56740 - R:localhost/127.0.0.1:4444]' for 'POST' to 'http://localhost:4444/wd/hub/session/0a975932d5d13a633e287ebb2eea088e/element'
18:44:10.105 [Forwarding findElement on session 0a975932d5d13a633e287ebb2eea088e to remote] DEBUG org.asynchttpclient.netty.request.NettyRequestSender -- Using open Channel [id: 0x98e99774, L:/127.0.0.1:56740 - R:localhost/127.0.0.1:4444] for POST '/wd/hub/session/0a975932d5d13a633e287ebb2eea088e/element'
18:44:10.142 [AsyncHttpClient-1-2] DEBUG org.asynchttpclient.netty.handler.HttpHandler -- 

Request DefaultHttpRequest(decodeResult: success, version: HTTP/1.1)
POST /wd/hub/session/0a975932d5d13a633e287ebb2eea088e/element HTTP/1.1
traceparent: 00-d78217a9a2e93ee8830a6497f88c08cf-bd441abcb7039a40-01
User-Agent: selenium/4.13.0 (java windows)
Content-Length: 50
Content-Type: application/json; charset=utf-8
host: localhost:4444
accept: */*

Response DefaultHttpResponse(decodeResult: success, version: HTTP/1.1)
HTTP/1.1 200 OK
content-length: 95
content-type: application/json; charset=utf-8
cache-control: no-cache

18:44:10.142 [AsyncHttpClient-1-2] DEBUG org.asynchttpclient.netty.channel.ChannelManager -- Adding key: http://localhost:4444 for channel [id: 0x98e99774, L:/127.0.0.1:56740 - R:localhost/127.0.0.1:4444]
18:44:10.144 [Forwarding getElementText on session 0a975932d5d13a633e287ebb2eea088e to remote] DEBUG org.asynchttpclient.netty.request.NettyRequestSender -- Using pooled Channel '[id: 0x98e99774, L:/127.0.0.1:56740 - R:localhost/127.0.0.1:4444]' for 'GET' to 'http://localhost:4444/wd/hub/session/0a975932d5d13a633e287ebb2eea088e/element/6EE20005D70A4E19385C21C5678BAA76_element_39/text'
18:44:10.144 [Forwarding getElementText on session 0a975932d5d13a633e287ebb2eea088e to remote] DEBUG org.asynchttpclient.netty.request.NettyRequestSender -- Using open Channel [id: 0x98e99774, L:/127.0.0.1:56740 - R:localhost/127.0.0.1:4444] for GET '/wd/hub/session/0a975932d5d13a633e287ebb2eea088e/element/6EE20005D70A4E19385C21C5678BAA76_element_39/text'
18:44:10.208 [AsyncHttpClient-1-2] DEBUG org.asynchttpclient.netty.handler.HttpHandler -- 

Request DefaultFullHttpRequest(decodeResult: success, version: HTTP/1.1, content: EmptyByteBufBE)
GET /wd/hub/session/0a975932d5d13a633e287ebb2eea088e/element/6EE20005D70A4E19385C21C5678BAA76_element_39/text HTTP/1.1
Cache-Control: no-cache
traceparent: 00-12735e928b0218d8783b6ee3643e4c90-a174568b0b15d44f-01
User-Agent: selenium/4.13.0 (java windows)
Content-Type: application/json; charset=utf-8
host: localhost:4444
accept: */*

Response DefaultHttpResponse(decodeResult: success, version: HTTP/1.1)
HTTP/1.1 200 OK
content-length: 20
content-type: application/json; charset=utf-8
cache-control: no-cache

18:44:10.209 [AsyncHttpClient-1-2] DEBUG org.asynchttpclient.netty.channel.ChannelManager -- Adding key: http://localhost:4444 for channel [id: 0x98e99774, L:/127.0.0.1:56740 - R:localhost/127.0.0.1:4444]
18:44:10.210 [main] INFO helpers.LoggerHelper -- @Test: readFromArray has PASSED
18:44:10.210 [main] INFO helpers.LoggerHelper -- ######################################################################################
18:44:10.213 [Forwarding screenshot on session 0a975932d5d13a633e287ebb2eea088e to remote] DEBUG org.asynchttpclient.netty.request.NettyRequestSender -- Using pooled Channel '[id: 0x98e99774, L:/127.0.0.1:56740 - R:localhost/127.0.0.1:4444]' for 'GET' to 'http://localhost:4444/wd/hub/session/0a975932d5d13a633e287ebb2eea088e/screenshot'
18:44:10.214 [Forwarding screenshot on session 0a975932d5d13a633e287ebb2eea088e to remote] DEBUG org.asynchttpclient.netty.request.NettyRequestSender -- Using open Channel [id: 0x98e99774, L:/127.0.0.1:56740 - R:localhost/127.0.0.1:4444] for GET '/wd/hub/session/0a975932d5d13a633e287ebb2eea088e/screenshot'
18:44:11.016 [AsyncHttpClient-1-2] DEBUG org.asynchttpclient.netty.handler.HttpHandler -- 

Request DefaultFullHttpRequest(decodeResult: success, version: HTTP/1.1, content: EmptyByteBufBE)
GET /wd/hub/session/0a975932d5d13a633e287ebb2eea088e/screenshot HTTP/1.1
Cache-Control: no-cache
traceparent: 00-60d5e2a750204841455203e59161f565-a70a46192f902285-01
User-Agent: selenium/4.13.0 (java windows)
Content-Type: application/json; charset=utf-8
host: localhost:4444
accept: */*

Response DefaultHttpResponse(decodeResult: success, version: HTTP/1.1)
HTTP/1.1 200 OK
content-length: 473800
content-type: application/json; charset=utf-8
cache-control: no-cache

18:44:11.097 [AsyncHttpClient-1-2] DEBUG org.asynchttpclient.netty.channel.ChannelManager -- Adding key: http://localhost:4444 for channel [id: 0x98e99774, L:/127.0.0.1:56740 - R:localhost/127.0.0.1:4444]
18:44:11.133 [main] INFO helpers.LoggerHelper -- Screenshot saved successfully.
]]></system-out>
  </testcase>
  <testcase name="readFromArray[performance_glitch_user, secret_sauce](4)" classname="FrontEnd.SauceDemo.LoginWithDP" time="9.965">
    <system-out><![CDATA[18:44:11.135 [main] INFO helpers.LoggerHelper -- @Test: readFromArray
18:44:11.135 [main] INFO helpers.LoggerHelper -- Description: Trying to read data from an array object
18:44:11.135 [main] INFO helpers.LoggerHelper -- ######################################################################################
18:44:11.141 [Forwarding get on session 0a975932d5d13a633e287ebb2eea088e to remote] DEBUG org.asynchttpclient.netty.request.NettyRequestSender -- Using pooled Channel '[id: 0x98e99774, L:/127.0.0.1:56740 - R:localhost/127.0.0.1:4444]' for 'POST' to 'http://localhost:4444/wd/hub/session/0a975932d5d13a633e287ebb2eea088e/url'
18:44:11.141 [Forwarding get on session 0a975932d5d13a633e287ebb2eea088e to remote] DEBUG org.asynchttpclient.netty.request.NettyRequestSender -- Using open Channel [id: 0x98e99774, L:/127.0.0.1:56740 - R:localhost/127.0.0.1:4444] for POST '/wd/hub/session/0a975932d5d13a633e287ebb2eea088e/url'
18:44:11.514 [AsyncHttpClient-1-2] DEBUG org.asynchttpclient.netty.handler.HttpHandler -- 

Request DefaultHttpRequest(decodeResult: success, version: HTTP/1.1)
POST /wd/hub/session/0a975932d5d13a633e287ebb2eea088e/url HTTP/1.1
traceparent: 00-7564af05c35c549dd4c17ffda739dbaf-807e557421770438-01
User-Agent: selenium/4.13.0 (java windows)
Content-Length: 43
Content-Type: application/json; charset=utf-8
host: localhost:4444
accept: */*

Response DefaultHttpResponse(decodeResult: success, version: HTTP/1.1)
HTTP/1.1 200 OK
content-length: 14
content-type: application/json; charset=utf-8
cache-control: no-cache

18:44:11.514 [AsyncHttpClient-1-2] DEBUG org.asynchttpclient.netty.channel.ChannelManager -- Adding key: http://localhost:4444 for channel [id: 0x98e99774, L:/127.0.0.1:56740 - R:localhost/127.0.0.1:4444]
18:44:11.517 [Forwarding findElement on session 0a975932d5d13a633e287ebb2eea088e to remote] DEBUG org.asynchttpclient.netty.request.NettyRequestSender -- Using pooled Channel '[id: 0x98e99774, L:/127.0.0.1:56740 - R:localhost/127.0.0.1:4444]' for 'POST' to 'http://localhost:4444/wd/hub/session/0a975932d5d13a633e287ebb2eea088e/element'
18:44:11.517 [Forwarding findElement on session 0a975932d5d13a633e287ebb2eea088e to remote] DEBUG org.asynchttpclient.netty.request.NettyRequestSender -- Using open Channel [id: 0x98e99774, L:/127.0.0.1:56740 - R:localhost/127.0.0.1:4444] for POST '/wd/hub/session/0a975932d5d13a633e287ebb2eea088e/element'
18:44:11.615 [AsyncHttpClient-1-2] DEBUG org.asynchttpclient.netty.handler.HttpHandler -- 

Request DefaultHttpRequest(decodeResult: success, version: HTTP/1.1)
POST /wd/hub/session/0a975932d5d13a633e287ebb2eea088e/element HTTP/1.1
traceparent: 00-65c0581affddbb1112e33b46cee37bc9-a468552acfbff1e5-01
User-Agent: selenium/4.13.0 (java windows)
Content-Length: 56
Content-Type: application/json; charset=utf-8
host: localhost:4444
accept: */*

Response DefaultHttpResponse(decodeResult: success, version: HTTP/1.1)
HTTP/1.1 200 OK
content-length: 95
content-type: application/json; charset=utf-8
cache-control: no-cache

18:44:11.615 [AsyncHttpClient-1-2] DEBUG org.asynchttpclient.netty.channel.ChannelManager -- Adding key: http://localhost:4444 for channel [id: 0x98e99774, L:/127.0.0.1:56740 - R:localhost/127.0.0.1:4444]
18:44:11.620 [Forwarding isElementDisplayed on session 0a975932d5d13a633e287ebb2eea088e to remote] DEBUG org.asynchttpclient.netty.request.NettyRequestSender -- Using pooled Channel '[id: 0x98e99774, L:/127.0.0.1:56740 - R:localhost/127.0.0.1:4444]' for 'POST' to 'http://localhost:4444/wd/hub/session/0a975932d5d13a633e287ebb2eea088e/execute/sync'
18:44:11.620 [Forwarding isElementDisplayed on session 0a975932d5d13a633e287ebb2eea088e to remote] DEBUG org.asynchttpclient.netty.request.NettyRequestSender -- Using open Channel [id: 0x98e99774, L:/127.0.0.1:56740 - R:localhost/127.0.0.1:4444] for POST '/wd/hub/session/0a975932d5d13a633e287ebb2eea088e/execute/sync'
18:44:11.690 [AsyncHttpClient-1-2] DEBUG org.asynchttpclient.netty.handler.HttpHandler -- 

Request DefaultHttpRequest(decodeResult: success, version: HTTP/1.1)
POST /wd/hub/session/0a975932d5d13a633e287ebb2eea088e/execute/sync HTTP/1.1
traceparent: 00-bd13ec10d6cdad5f1132ace6acfb540a-79081c6a099bc924-01
User-Agent: selenium/4.13.0 (java windows)
Content-Length: 48814
Content-Type: application/json; charset=utf-8
host: localhost:4444
accept: */*

Response DefaultHttpResponse(decodeResult: success, version: HTTP/1.1)
HTTP/1.1 200 OK
content-length: 14
content-type: application/json; charset=utf-8
cache-control: no-cache

18:44:11.690 [AsyncHttpClient-1-2] DEBUG org.asynchttpclient.netty.channel.ChannelManager -- Adding key: http://localhost:4444 for channel [id: 0x98e99774, L:/127.0.0.1:56740 - R:localhost/127.0.0.1:4444]
18:44:11.693 [Forwarding findElement on session 0a975932d5d13a633e287ebb2eea088e to remote] DEBUG org.asynchttpclient.netty.request.NettyRequestSender -- Using pooled Channel '[id: 0x98e99774, L:/127.0.0.1:56740 - R:localhost/127.0.0.1:4444]' for 'POST' to 'http://localhost:4444/wd/hub/session/0a975932d5d13a633e287ebb2eea088e/element'
18:44:11.693 [Forwarding findElement on session 0a975932d5d13a633e287ebb2eea088e to remote] DEBUG org.asynchttpclient.netty.request.NettyRequestSender -- Using open Channel [id: 0x98e99774, L:/127.0.0.1:56740 - R:localhost/127.0.0.1:4444] for POST '/wd/hub/session/0a975932d5d13a633e287ebb2eea088e/element'
18:44:11.742 [AsyncHttpClient-1-2] DEBUG org.asynchttpclient.netty.handler.HttpHandler -- 

Request DefaultHttpRequest(decodeResult: success, version: HTTP/1.1)
POST /wd/hub/session/0a975932d5d13a633e287ebb2eea088e/element HTTP/1.1
traceparent: 00-e16a3812f3d09163ccfdd9e96bf8b338-968e84a8516989b2-01
User-Agent: selenium/4.13.0 (java windows)
Content-Length: 56
Content-Type: application/json; charset=utf-8
host: localhost:4444
accept: */*

Response DefaultHttpResponse(decodeResult: success, version: HTTP/1.1)
HTTP/1.1 200 OK
content-length: 95
content-type: application/json; charset=utf-8
cache-control: no-cache

18:44:11.743 [AsyncHttpClient-1-2] DEBUG org.asynchttpclient.netty.channel.ChannelManager -- Adding key: http://localhost:4444 for channel [id: 0x98e99774, L:/127.0.0.1:56740 - R:localhost/127.0.0.1:4444]
18:44:11.746 [Forwarding sendKeysToElement on session 0a975932d5d13a633e287ebb2eea088e to remote] DEBUG org.asynchttpclient.netty.request.NettyRequestSender -- Using pooled Channel '[id: 0x98e99774, L:/127.0.0.1:56740 - R:localhost/127.0.0.1:4444]' for 'POST' to 'http://localhost:4444/wd/hub/session/0a975932d5d13a633e287ebb2eea088e/element/70A5870B9AB3C432896ACE5E1C90CC69_element_44/value'
18:44:11.746 [Forwarding sendKeysToElement on session 0a975932d5d13a633e287ebb2eea088e to remote] DEBUG org.asynchttpclient.netty.request.NettyRequestSender -- Using open Channel [id: 0x98e99774, L:/127.0.0.1:56740 - R:localhost/127.0.0.1:4444] for POST '/wd/hub/session/0a975932d5d13a633e287ebb2eea088e/element/70A5870B9AB3C432896ACE5E1C90CC69_element_44/value'
18:44:12.224 [AsyncHttpClient-1-2] DEBUG org.asynchttpclient.netty.handler.HttpHandler -- 

Request DefaultHttpRequest(decodeResult: success, version: HTTP/1.1)
POST /wd/hub/session/0a975932d5d13a633e287ebb2eea088e/element/70A5870B9AB3C432896ACE5E1C90CC69_element_44/value HTTP/1.1
traceparent: 00-aa294a98691bfae84655b89557dc85c4-132c220454e69725-01
User-Agent: selenium/4.13.0 (java windows)
Content-Length: 318
Content-Type: application/json; charset=utf-8
host: localhost:4444
accept: */*

Response DefaultHttpResponse(decodeResult: success, version: HTTP/1.1)
HTTP/1.1 200 OK
content-length: 14
content-type: application/json; charset=utf-8
cache-control: no-cache

18:44:12.225 [AsyncHttpClient-1-2] DEBUG org.asynchttpclient.netty.channel.ChannelManager -- Adding key: http://localhost:4444 for channel [id: 0x98e99774, L:/127.0.0.1:56740 - R:localhost/127.0.0.1:4444]
18:44:12.229 [Forwarding findElement on session 0a975932d5d13a633e287ebb2eea088e to remote] DEBUG org.asynchttpclient.netty.request.NettyRequestSender -- Using pooled Channel '[id: 0x98e99774, L:/127.0.0.1:56740 - R:localhost/127.0.0.1:4444]' for 'POST' to 'http://localhost:4444/wd/hub/session/0a975932d5d13a633e287ebb2eea088e/element'
18:44:12.229 [Forwarding findElement on session 0a975932d5d13a633e287ebb2eea088e to remote] DEBUG org.asynchttpclient.netty.request.NettyRequestSender -- Using open Channel [id: 0x98e99774, L:/127.0.0.1:56740 - R:localhost/127.0.0.1:4444] for POST '/wd/hub/session/0a975932d5d13a633e287ebb2eea088e/element'
18:44:12.368 [AsyncHttpClient-1-2] DEBUG org.asynchttpclient.netty.handler.HttpHandler -- 

Request DefaultHttpRequest(decodeResult: success, version: HTTP/1.1)
POST /wd/hub/session/0a975932d5d13a633e287ebb2eea088e/element HTTP/1.1
traceparent: 00-22dc4b137a9ca4ef83920590587c02df-d4b0d7b91e103e39-01
User-Agent: selenium/4.13.0 (java windows)
Content-Length: 56
Content-Type: application/json; charset=utf-8
host: localhost:4444
accept: */*

Response DefaultHttpResponse(decodeResult: success, version: HTTP/1.1)
HTTP/1.1 200 OK
content-length: 95
content-type: application/json; charset=utf-8
cache-control: no-cache

18:44:12.369 [AsyncHttpClient-1-2] DEBUG org.asynchttpclient.netty.channel.ChannelManager -- Adding key: http://localhost:4444 for channel [id: 0x98e99774, L:/127.0.0.1:56740 - R:localhost/127.0.0.1:4444]
18:44:12.373 [Forwarding getElementAttribute on session 0a975932d5d13a633e287ebb2eea088e to remote] DEBUG org.asynchttpclient.netty.request.NettyRequestSender -- Using pooled Channel '[id: 0x98e99774, L:/127.0.0.1:56740 - R:localhost/127.0.0.1:4444]' for 'POST' to 'http://localhost:4444/wd/hub/session/0a975932d5d13a633e287ebb2eea088e/execute/sync'
18:44:12.373 [Forwarding getElementAttribute on session 0a975932d5d13a633e287ebb2eea088e to remote] DEBUG org.asynchttpclient.netty.request.NettyRequestSender -- Using open Channel [id: 0x98e99774, L:/127.0.0.1:56740 - R:localhost/127.0.0.1:4444] for POST '/wd/hub/session/0a975932d5d13a633e287ebb2eea088e/execute/sync'
18:44:12.464 [AsyncHttpClient-1-2] DEBUG org.asynchttpclient.netty.handler.HttpHandler -- 

Request DefaultHttpRequest(decodeResult: success, version: HTTP/1.1)
POST /wd/hub/session/0a975932d5d13a633e287ebb2eea088e/execute/sync HTTP/1.1
traceparent: 00-f7d2c96658b65b5e9201a2de748147c8-fa2bd84f66753945-01
User-Agent: selenium/4.13.0 (java windows)
Content-Length: 47379
Content-Type: application/json; charset=utf-8
host: localhost:4444
accept: */*

Response DefaultHttpResponse(decodeResult: success, version: HTTP/1.1)
HTTP/1.1 200 OK
content-length: 233
content-type: application/json; charset=utf-8
cache-control: no-cache

18:44:12.464 [AsyncHttpClient-1-2] DEBUG org.asynchttpclient.netty.channel.ChannelManager -- Adding key: http://localhost:4444 for channel [id: 0x98e99774, L:/127.0.0.1:56740 - R:localhost/127.0.0.1:4444]
18:44:12.468 [Forwarding getElementAttribute on session 0a975932d5d13a633e287ebb2eea088e to remote] DEBUG org.asynchttpclient.netty.request.NettyRequestSender -- Using pooled Channel '[id: 0x98e99774, L:/127.0.0.1:56740 - R:localhost/127.0.0.1:4444]' for 'POST' to 'http://localhost:4444/wd/hub/session/0a975932d5d13a633e287ebb2eea088e/execute/sync'
18:44:12.468 [Forwarding getElementAttribute on session 0a975932d5d13a633e287ebb2eea088e to remote] DEBUG org.asynchttpclient.netty.request.NettyRequestSender -- Using open Channel [id: 0x98e99774, L:/127.0.0.1:56740 - R:localhost/127.0.0.1:4444] for POST '/wd/hub/session/0a975932d5d13a633e287ebb2eea088e/execute/sync'
18:44:12.516 [AsyncHttpClient-1-2] DEBUG org.asynchttpclient.netty.handler.HttpHandler -- 

Request DefaultHttpRequest(decodeResult: success, version: HTTP/1.1)
POST /wd/hub/session/0a975932d5d13a633e287ebb2eea088e/execute/sync HTTP/1.1
traceparent: 00-9ee06be8d265224b5bba6940f12e260f-347425d6c6c5f773-01
User-Agent: selenium/4.13.0 (java windows)
Content-Length: 47375
Content-Type: application/json; charset=utf-8
host: localhost:4444
accept: */*

Response DefaultHttpResponse(decodeResult: success, version: HTTP/1.1)
HTTP/1.1 200 OK
content-length: 34
content-type: application/json; charset=utf-8
cache-control: no-cache

18:44:12.516 [AsyncHttpClient-1-2] DEBUG org.asynchttpclient.netty.channel.ChannelManager -- Adding key: http://localhost:4444 for channel [id: 0x98e99774, L:/127.0.0.1:56740 - R:localhost/127.0.0.1:4444]
18:44:12.520 [Forwarding getElementAttribute on session 0a975932d5d13a633e287ebb2eea088e to remote] DEBUG org.asynchttpclient.netty.request.NettyRequestSender -- Using pooled Channel '[id: 0x98e99774, L:/127.0.0.1:56740 - R:localhost/127.0.0.1:4444]' for 'POST' to 'http://localhost:4444/wd/hub/session/0a975932d5d13a633e287ebb2eea088e/execute/sync'
18:44:12.521 [Forwarding getElementAttribute on session 0a975932d5d13a633e287ebb2eea088e to remote] DEBUG org.asynchttpclient.netty.request.NettyRequestSender -- Using open Channel [id: 0x98e99774, L:/127.0.0.1:56740 - R:localhost/127.0.0.1:4444] for POST '/wd/hub/session/0a975932d5d13a633e287ebb2eea088e/execute/sync'
18:44:12.605 [AsyncHttpClient-1-2] DEBUG org.asynchttpclient.netty.handler.HttpHandler -- 

Request DefaultHttpRequest(decodeResult: success, version: HTTP/1.1)
POST /wd/hub/session/0a975932d5d13a633e287ebb2eea088e/execute/sync HTTP/1.1
traceparent: 00-89b8536abceae4e7a4119ccebe616109-db5bde5aeeeacd02-01
User-Agent: selenium/4.13.0 (java windows)
Content-Length: 47381
Content-Type: application/json; charset=utf-8
host: localhost:4444
accept: */*

Response DefaultHttpResponse(decodeResult: success, version: HTTP/1.1)
HTTP/1.1 200 OK
content-length: 20
content-type: application/json; charset=utf-8
cache-control: no-cache

18:44:12.606 [AsyncHttpClient-1-2] DEBUG org.asynchttpclient.netty.channel.ChannelManager -- Adding key: http://localhost:4444 for channel [id: 0x98e99774, L:/127.0.0.1:56740 - R:localhost/127.0.0.1:4444]
18:44:12.610 [Forwarding getElementAttribute on session 0a975932d5d13a633e287ebb2eea088e to remote] DEBUG org.asynchttpclient.netty.request.NettyRequestSender -- Using pooled Channel '[id: 0x98e99774, L:/127.0.0.1:56740 - R:localhost/127.0.0.1:4444]' for 'POST' to 'http://localhost:4444/wd/hub/session/0a975932d5d13a633e287ebb2eea088e/execute/sync'
18:44:12.610 [Forwarding getElementAttribute on session 0a975932d5d13a633e287ebb2eea088e to remote] DEBUG org.asynchttpclient.netty.request.NettyRequestSender -- Using open Channel [id: 0x98e99774, L:/127.0.0.1:56740 - R:localhost/127.0.0.1:4444] for POST '/wd/hub/session/0a975932d5d13a633e287ebb2eea088e/execute/sync'
18:44:12.670 [AsyncHttpClient-1-2] DEBUG org.asynchttpclient.netty.handler.HttpHandler -- 

Request DefaultHttpRequest(decodeResult: success, version: HTTP/1.1)
POST /wd/hub/session/0a975932d5d13a633e287ebb2eea088e/execute/sync HTTP/1.1
traceparent: 00-66e4bb4a6f84fffe07583f437e2bb6a2-75efb3370542d309-01
User-Agent: selenium/4.13.0 (java windows)
Content-Length: 47374
Content-Type: application/json; charset=utf-8
host: localhost:4444
accept: */*

Response DefaultHttpResponse(decodeResult: success, version: HTTP/1.1)
HTTP/1.1 200 OK
content-length: 16
content-type: application/json; charset=utf-8
cache-control: no-cache

18:44:12.670 [AsyncHttpClient-1-2] DEBUG org.asynchttpclient.netty.channel.ChannelManager -- Adding key: http://localhost:4444 for channel [id: 0x98e99774, L:/127.0.0.1:56740 - R:localhost/127.0.0.1:4444]
18:44:12.675 [Forwarding getElementAttribute on session 0a975932d5d13a633e287ebb2eea088e to remote] DEBUG org.asynchttpclient.netty.request.NettyRequestSender -- Using pooled Channel '[id: 0x98e99774, L:/127.0.0.1:56740 - R:localhost/127.0.0.1:4444]' for 'POST' to 'http://localhost:4444/wd/hub/session/0a975932d5d13a633e287ebb2eea088e/execute/sync'
18:44:12.675 [Forwarding getElementAttribute on session 0a975932d5d13a633e287ebb2eea088e to remote] DEBUG org.asynchttpclient.netty.request.NettyRequestSender -- Using open Channel [id: 0x98e99774, L:/127.0.0.1:56740 - R:localhost/127.0.0.1:4444] for POST '/wd/hub/session/0a975932d5d13a633e287ebb2eea088e/execute/sync'
18:44:12.725 [AsyncHttpClient-1-2] DEBUG org.asynchttpclient.netty.handler.HttpHandler -- 

Request DefaultHttpRequest(decodeResult: success, version: HTTP/1.1)
POST /wd/hub/session/0a975932d5d13a633e287ebb2eea088e/execute/sync HTTP/1.1
traceparent: 00-28dc2479f8879fcddd12a9f55d28012c-582bbfd4351da09c-01
User-Agent: selenium/4.13.0 (java windows)
Content-Length: 47379
Content-Type: application/json; charset=utf-8
host: localhost:4444
accept: */*

Response DefaultHttpResponse(decodeResult: success, version: HTTP/1.1)
HTTP/1.1 200 OK
content-length: 20
content-type: application/json; charset=utf-8
cache-control: no-cache

18:44:12.726 [AsyncHttpClient-1-2] DEBUG org.asynchttpclient.netty.channel.ChannelManager -- Adding key: http://localhost:4444 for channel [id: 0x98e99774, L:/127.0.0.1:56740 - R:localhost/127.0.0.1:4444]
18:44:12.731 [Forwarding getElementAttribute on session 0a975932d5d13a633e287ebb2eea088e to remote] DEBUG org.asynchttpclient.netty.request.NettyRequestSender -- Using pooled Channel '[id: 0x98e99774, L:/127.0.0.1:56740 - R:localhost/127.0.0.1:4444]' for 'POST' to 'http://localhost:4444/wd/hub/session/0a975932d5d13a633e287ebb2eea088e/execute/sync'
18:44:12.731 [Forwarding getElementAttribute on session 0a975932d5d13a633e287ebb2eea088e to remote] DEBUG org.asynchttpclient.netty.request.NettyRequestSender -- Using open Channel [id: 0x98e99774, L:/127.0.0.1:56740 - R:localhost/127.0.0.1:4444] for POST '/wd/hub/session/0a975932d5d13a633e287ebb2eea088e/execute/sync'
18:44:12.773 [AsyncHttpClient-1-2] DEBUG org.asynchttpclient.netty.handler.HttpHandler -- 

Request DefaultHttpRequest(decodeResult: success, version: HTTP/1.1)
POST /wd/hub/session/0a975932d5d13a633e287ebb2eea088e/execute/sync HTTP/1.1
traceparent: 00-dec5e9f6a4319ab6963b3019ccfeddb3-fb2025897bf7f218-01
User-Agent: selenium/4.13.0 (java windows)
Content-Length: 47372
Content-Type: application/json; charset=utf-8
host: localhost:4444
accept: */*

Response DefaultHttpResponse(decodeResult: success, version: HTTP/1.1)
HTTP/1.1 200 OK
content-length: 21
content-type: application/json; charset=utf-8
cache-control: no-cache

18:44:12.773 [AsyncHttpClient-1-2] DEBUG org.asynchttpclient.netty.channel.ChannelManager -- Adding key: http://localhost:4444 for channel [id: 0x98e99774, L:/127.0.0.1:56740 - R:localhost/127.0.0.1:4444]
18:44:12.779 [Forwarding getElementAttribute on session 0a975932d5d13a633e287ebb2eea088e to remote] DEBUG org.asynchttpclient.netty.request.NettyRequestSender -- Using pooled Channel '[id: 0x98e99774, L:/127.0.0.1:56740 - R:localhost/127.0.0.1:4444]' for 'POST' to 'http://localhost:4444/wd/hub/session/0a975932d5d13a633e287ebb2eea088e/execute/sync'
18:44:12.779 [Forwarding getElementAttribute on session 0a975932d5d13a633e287ebb2eea088e to remote] DEBUG org.asynchttpclient.netty.request.NettyRequestSender -- Using open Channel [id: 0x98e99774, L:/127.0.0.1:56740 - R:localhost/127.0.0.1:4444] for POST '/wd/hub/session/0a975932d5d13a633e287ebb2eea088e/execute/sync'
18:44:12.826 [AsyncHttpClient-1-2] DEBUG org.asynchttpclient.netty.handler.HttpHandler -- 

Request DefaultHttpRequest(decodeResult: success, version: HTTP/1.1)
POST /wd/hub/session/0a975932d5d13a633e287ebb2eea088e/execute/sync HTTP/1.1
traceparent: 00-661bab8b11fcad08feec6230f2639102-da3b137ac4e2528d-01
User-Agent: selenium/4.13.0 (java windows)
Content-Length: 47374
Content-Type: application/json; charset=utf-8
host: localhost:4444
accept: */*

Response DefaultHttpResponse(decodeResult: success, version: HTTP/1.1)
HTTP/1.1 200 OK
content-length: 21
content-type: application/json; charset=utf-8
cache-control: no-cache

18:44:12.827 [AsyncHttpClient-1-2] DEBUG org.asynchttpclient.netty.channel.ChannelManager -- Adding key: http://localhost:4444 for channel [id: 0x98e99774, L:/127.0.0.1:56740 - R:localhost/127.0.0.1:4444]
18:44:12.831 [Forwarding getElementAttribute on session 0a975932d5d13a633e287ebb2eea088e to remote] DEBUG org.asynchttpclient.netty.request.NettyRequestSender -- Using pooled Channel '[id: 0x98e99774, L:/127.0.0.1:56740 - R:localhost/127.0.0.1:4444]' for 'POST' to 'http://localhost:4444/wd/hub/session/0a975932d5d13a633e287ebb2eea088e/execute/sync'
18:44:12.832 [Forwarding getElementAttribute on session 0a975932d5d13a633e287ebb2eea088e to remote] DEBUG org.asynchttpclient.netty.request.NettyRequestSender -- Using open Channel [id: 0x98e99774, L:/127.0.0.1:56740 - R:localhost/127.0.0.1:4444] for POST '/wd/hub/session/0a975932d5d13a633e287ebb2eea088e/execute/sync'
18:44:12.916 [AsyncHttpClient-1-2] DEBUG org.asynchttpclient.netty.handler.HttpHandler -- 

Request DefaultHttpRequest(decodeResult: success, version: HTTP/1.1)
POST /wd/hub/session/0a975932d5d13a633e287ebb2eea088e/execute/sync HTTP/1.1
traceparent: 00-44c177362f332765ccb4b2ca82e7a1ab-9c26a1cdbb908e49-01
User-Agent: selenium/4.13.0 (java windows)
Content-Length: 47381
Content-Type: application/json; charset=utf-8
host: localhost:4444
accept: */*

Response DefaultHttpResponse(decodeResult: success, version: HTTP/1.1)
HTTP/1.1 200 OK
content-length: 15
content-type: application/json; charset=utf-8
cache-control: no-cache

18:44:12.917 [AsyncHttpClient-1-2] DEBUG org.asynchttpclient.netty.channel.ChannelManager -- Adding key: http://localhost:4444 for channel [id: 0x98e99774, L:/127.0.0.1:56740 - R:localhost/127.0.0.1:4444]
18:44:12.920 [Forwarding getElementAttribute on session 0a975932d5d13a633e287ebb2eea088e to remote] DEBUG org.asynchttpclient.netty.request.NettyRequestSender -- Using pooled Channel '[id: 0x98e99774, L:/127.0.0.1:56740 - R:localhost/127.0.0.1:4444]' for 'POST' to 'http://localhost:4444/wd/hub/session/0a975932d5d13a633e287ebb2eea088e/execute/sync'
18:44:12.920 [Forwarding getElementAttribute on session 0a975932d5d13a633e287ebb2eea088e to remote] DEBUG org.asynchttpclient.netty.request.NettyRequestSender -- Using open Channel [id: 0x98e99774, L:/127.0.0.1:56740 - R:localhost/127.0.0.1:4444] for POST '/wd/hub/session/0a975932d5d13a633e287ebb2eea088e/execute/sync'
18:44:13.006 [AsyncHttpClient-1-2] DEBUG org.asynchttpclient.netty.handler.HttpHandler -- 

Request DefaultHttpRequest(decodeResult: success, version: HTTP/1.1)
POST /wd/hub/session/0a975932d5d13a633e287ebb2eea088e/execute/sync HTTP/1.1
traceparent: 00-06e4288ac0f3c30b0a6fb9ae33210a4e-2318da0987304e0c-01
User-Agent: selenium/4.13.0 (java windows)
Content-Length: 47384
Content-Type: application/json; charset=utf-8
host: localhost:4444
accept: */*

Response DefaultHttpResponse(decodeResult: success, version: HTTP/1.1)
HTTP/1.1 200 OK
content-length: 16
content-type: application/json; charset=utf-8
cache-control: no-cache

18:44:13.006 [AsyncHttpClient-1-2] DEBUG org.asynchttpclient.netty.channel.ChannelManager -- Adding key: http://localhost:4444 for channel [id: 0x98e99774, L:/127.0.0.1:56740 - R:localhost/127.0.0.1:4444]
18:44:13.010 [Forwarding getElementAttribute on session 0a975932d5d13a633e287ebb2eea088e to remote] DEBUG org.asynchttpclient.netty.request.NettyRequestSender -- Using pooled Channel '[id: 0x98e99774, L:/127.0.0.1:56740 - R:localhost/127.0.0.1:4444]' for 'POST' to 'http://localhost:4444/wd/hub/session/0a975932d5d13a633e287ebb2eea088e/execute/sync'
18:44:13.010 [Forwarding getElementAttribute on session 0a975932d5d13a633e287ebb2eea088e to remote] DEBUG org.asynchttpclient.netty.request.NettyRequestSender -- Using open Channel [id: 0x98e99774, L:/127.0.0.1:56740 - R:localhost/127.0.0.1:4444] for POST '/wd/hub/session/0a975932d5d13a633e287ebb2eea088e/execute/sync'
18:44:13.106 [AsyncHttpClient-1-2] DEBUG org.asynchttpclient.netty.handler.HttpHandler -- 

Request DefaultHttpRequest(decodeResult: success, version: HTTP/1.1)
POST /wd/hub/session/0a975932d5d13a633e287ebb2eea088e/execute/sync HTTP/1.1
traceparent: 00-0f45adf6b60f8a7d552cf507aefb3362-6684eb445cb510ef-01
User-Agent: selenium/4.13.0 (java windows)
Content-Length: 47375
Content-Type: application/json; charset=utf-8
host: localhost:4444
accept: */*

Response DefaultHttpResponse(decodeResult: success, version: HTTP/1.1)
HTTP/1.1 200 OK
content-length: 35
content-type: application/json; charset=utf-8
cache-control: no-cache

18:44:13.106 [AsyncHttpClient-1-2] DEBUG org.asynchttpclient.netty.channel.ChannelManager -- Adding key: http://localhost:4444 for channel [id: 0x98e99774, L:/127.0.0.1:56740 - R:localhost/127.0.0.1:4444]
18:44:13.107 [main] INFO helpers.LoggerHelper -- Testing user: performance_glitch_user
18:44:13.108 [Forwarding findElement on session 0a975932d5d13a633e287ebb2eea088e to remote] DEBUG org.asynchttpclient.netty.request.NettyRequestSender -- Using pooled Channel '[id: 0x98e99774, L:/127.0.0.1:56740 - R:localhost/127.0.0.1:4444]' for 'POST' to 'http://localhost:4444/wd/hub/session/0a975932d5d13a633e287ebb2eea088e/element'
18:44:13.108 [Forwarding findElement on session 0a975932d5d13a633e287ebb2eea088e to remote] DEBUG org.asynchttpclient.netty.request.NettyRequestSender -- Using open Channel [id: 0x98e99774, L:/127.0.0.1:56740 - R:localhost/127.0.0.1:4444] for POST '/wd/hub/session/0a975932d5d13a633e287ebb2eea088e/element'
18:44:13.165 [AsyncHttpClient-1-2] DEBUG org.asynchttpclient.netty.handler.HttpHandler -- 

Request DefaultHttpRequest(decodeResult: success, version: HTTP/1.1)
POST /wd/hub/session/0a975932d5d13a633e287ebb2eea088e/element HTTP/1.1
traceparent: 00-c3afde8a464705810be2c041f2b157c3-aced8aad7950a790-01
User-Agent: selenium/4.13.0 (java windows)
Content-Length: 53
Content-Type: application/json; charset=utf-8
host: localhost:4444
accept: */*

Response DefaultHttpResponse(decodeResult: success, version: HTTP/1.1)
HTTP/1.1 200 OK
content-length: 95
content-type: application/json; charset=utf-8
cache-control: no-cache

18:44:13.166 [AsyncHttpClient-1-2] DEBUG org.asynchttpclient.netty.channel.ChannelManager -- Adding key: http://localhost:4444 for channel [id: 0x98e99774, L:/127.0.0.1:56740 - R:localhost/127.0.0.1:4444]
18:44:13.172 [Forwarding isElementDisplayed on session 0a975932d5d13a633e287ebb2eea088e to remote] DEBUG org.asynchttpclient.netty.request.NettyRequestSender -- Using pooled Channel '[id: 0x98e99774, L:/127.0.0.1:56740 - R:localhost/127.0.0.1:4444]' for 'POST' to 'http://localhost:4444/wd/hub/session/0a975932d5d13a633e287ebb2eea088e/execute/sync'
18:44:13.172 [Forwarding isElementDisplayed on session 0a975932d5d13a633e287ebb2eea088e to remote] DEBUG org.asynchttpclient.netty.request.NettyRequestSender -- Using open Channel [id: 0x98e99774, L:/127.0.0.1:56740 - R:localhost/127.0.0.1:4444] for POST '/wd/hub/session/0a975932d5d13a633e287ebb2eea088e/execute/sync'
18:44:13.250 [AsyncHttpClient-1-2] DEBUG org.asynchttpclient.netty.handler.HttpHandler -- 

Request DefaultHttpRequest(decodeResult: success, version: HTTP/1.1)
POST /wd/hub/session/0a975932d5d13a633e287ebb2eea088e/execute/sync HTTP/1.1
traceparent: 00-52d427cc909863746579223038daedd7-56aa0a436249111a-01
User-Agent: selenium/4.13.0 (java windows)
Content-Length: 48814
Content-Type: application/json; charset=utf-8
host: localhost:4444
accept: */*

Response DefaultHttpResponse(decodeResult: success, version: HTTP/1.1)
HTTP/1.1 200 OK
content-length: 14
content-type: application/json; charset=utf-8
cache-control: no-cache

18:44:13.250 [AsyncHttpClient-1-2] DEBUG org.asynchttpclient.netty.channel.ChannelManager -- Adding key: http://localhost:4444 for channel [id: 0x98e99774, L:/127.0.0.1:56740 - R:localhost/127.0.0.1:4444]
18:44:13.253 [Forwarding findElement on session 0a975932d5d13a633e287ebb2eea088e to remote] DEBUG org.asynchttpclient.netty.request.NettyRequestSender -- Using pooled Channel '[id: 0x98e99774, L:/127.0.0.1:56740 - R:localhost/127.0.0.1:4444]' for 'POST' to 'http://localhost:4444/wd/hub/session/0a975932d5d13a633e287ebb2eea088e/element'
18:44:13.253 [Forwarding findElement on session 0a975932d5d13a633e287ebb2eea088e to remote] DEBUG org.asynchttpclient.netty.request.NettyRequestSender -- Using open Channel [id: 0x98e99774, L:/127.0.0.1:56740 - R:localhost/127.0.0.1:4444] for POST '/wd/hub/session/0a975932d5d13a633e287ebb2eea088e/element'
18:44:13.331 [AsyncHttpClient-1-2] DEBUG org.asynchttpclient.netty.handler.HttpHandler -- 

Request DefaultHttpRequest(decodeResult: success, version: HTTP/1.1)
POST /wd/hub/session/0a975932d5d13a633e287ebb2eea088e/element HTTP/1.1
traceparent: 00-1e41c67517f10101e73dc820fe6bb4f3-80bae6e91f21e485-01
User-Agent: selenium/4.13.0 (java windows)
Content-Length: 53
Content-Type: application/json; charset=utf-8
host: localhost:4444
accept: */*

Response DefaultHttpResponse(decodeResult: success, version: HTTP/1.1)
HTTP/1.1 200 OK
content-length: 95
content-type: application/json; charset=utf-8
cache-control: no-cache

18:44:13.331 [AsyncHttpClient-1-2] DEBUG org.asynchttpclient.netty.channel.ChannelManager -- Adding key: http://localhost:4444 for channel [id: 0x98e99774, L:/127.0.0.1:56740 - R:localhost/127.0.0.1:4444]
18:44:13.338 [Forwarding sendKeysToElement on session 0a975932d5d13a633e287ebb2eea088e to remote] DEBUG org.asynchttpclient.netty.request.NettyRequestSender -- Using pooled Channel '[id: 0x98e99774, L:/127.0.0.1:56740 - R:localhost/127.0.0.1:4444]' for 'POST' to 'http://localhost:4444/wd/hub/session/0a975932d5d13a633e287ebb2eea088e/element/70A5870B9AB3C432896ACE5E1C90CC69_element_41/value'
18:44:13.338 [Forwarding sendKeysToElement on session 0a975932d5d13a633e287ebb2eea088e to remote] DEBUG org.asynchttpclient.netty.request.NettyRequestSender -- Using open Channel [id: 0x98e99774, L:/127.0.0.1:56740 - R:localhost/127.0.0.1:4444] for POST '/wd/hub/session/0a975932d5d13a633e287ebb2eea088e/element/70A5870B9AB3C432896ACE5E1C90CC69_element_41/value'
18:44:13.675 [AsyncHttpClient-1-2] DEBUG org.asynchttpclient.netty.handler.HttpHandler -- 

Request DefaultHttpRequest(decodeResult: success, version: HTTP/1.1)
POST /wd/hub/session/0a975932d5d13a633e287ebb2eea088e/element/70A5870B9AB3C432896ACE5E1C90CC69_element_41/value HTTP/1.1
traceparent: 00-46988c48f32e9f612d8f7baee4727aa1-a35b90639ec2c2be-01
User-Agent: selenium/4.13.0 (java windows)
Content-Length: 208
Content-Type: application/json; charset=utf-8
host: localhost:4444
accept: */*

Response DefaultHttpResponse(decodeResult: success, version: HTTP/1.1)
HTTP/1.1 200 OK
content-length: 14
content-type: application/json; charset=utf-8
cache-control: no-cache

18:44:13.676 [AsyncHttpClient-1-2] DEBUG org.asynchttpclient.netty.channel.ChannelManager -- Adding key: http://localhost:4444 for channel [id: 0x98e99774, L:/127.0.0.1:56740 - R:localhost/127.0.0.1:4444]
18:44:13.678 [Forwarding findElement on session 0a975932d5d13a633e287ebb2eea088e to remote] DEBUG org.asynchttpclient.netty.request.NettyRequestSender -- Using pooled Channel '[id: 0x98e99774, L:/127.0.0.1:56740 - R:localhost/127.0.0.1:4444]' for 'POST' to 'http://localhost:4444/wd/hub/session/0a975932d5d13a633e287ebb2eea088e/element'
18:44:13.678 [Forwarding findElement on session 0a975932d5d13a633e287ebb2eea088e to remote] DEBUG org.asynchttpclient.netty.request.NettyRequestSender -- Using open Channel [id: 0x98e99774, L:/127.0.0.1:56740 - R:localhost/127.0.0.1:4444] for POST '/wd/hub/session/0a975932d5d13a633e287ebb2eea088e/element'
18:44:13.743 [AsyncHttpClient-1-2] DEBUG org.asynchttpclient.netty.handler.HttpHandler -- 

Request DefaultHttpRequest(decodeResult: success, version: HTTP/1.1)
POST /wd/hub/session/0a975932d5d13a633e287ebb2eea088e/element HTTP/1.1
traceparent: 00-d0d3a810ce111a72e2efb35229b3455a-1dce79e6bb8bb8b9-01
User-Agent: selenium/4.13.0 (java windows)
Content-Length: 53
Content-Type: application/json; charset=utf-8
host: localhost:4444
accept: */*

Response DefaultHttpResponse(decodeResult: success, version: HTTP/1.1)
HTTP/1.1 200 OK
content-length: 95
content-type: application/json; charset=utf-8
cache-control: no-cache

18:44:13.744 [AsyncHttpClient-1-2] DEBUG org.asynchttpclient.netty.channel.ChannelManager -- Adding key: http://localhost:4444 for channel [id: 0x98e99774, L:/127.0.0.1:56740 - R:localhost/127.0.0.1:4444]
18:44:13.752 [Forwarding getElementAttribute on session 0a975932d5d13a633e287ebb2eea088e to remote] DEBUG org.asynchttpclient.netty.request.NettyRequestSender -- Using pooled Channel '[id: 0x98e99774, L:/127.0.0.1:56740 - R:localhost/127.0.0.1:4444]' for 'POST' to 'http://localhost:4444/wd/hub/session/0a975932d5d13a633e287ebb2eea088e/execute/sync'
18:44:13.753 [Forwarding getElementAttribute on session 0a975932d5d13a633e287ebb2eea088e to remote] DEBUG org.asynchttpclient.netty.request.NettyRequestSender -- Using open Channel [id: 0x98e99774, L:/127.0.0.1:56740 - R:localhost/127.0.0.1:4444] for POST '/wd/hub/session/0a975932d5d13a633e287ebb2eea088e/execute/sync'
18:44:13.785 [AsyncHttpClient-1-2] DEBUG org.asynchttpclient.netty.handler.HttpHandler -- 

Request DefaultHttpRequest(decodeResult: success, version: HTTP/1.1)
POST /wd/hub/session/0a975932d5d13a633e287ebb2eea088e/execute/sync HTTP/1.1
traceparent: 00-f55a0a7cd9ceb36fa355e81aef33e591-e430b01c8e3e7cb6-01
User-Agent: selenium/4.13.0 (java windows)
Content-Length: 47379
Content-Type: application/json; charset=utf-8
host: localhost:4444
accept: */*

Response DefaultHttpResponse(decodeResult: success, version: HTTP/1.1)
HTTP/1.1 200 OK
content-length: 224
content-type: application/json; charset=utf-8
cache-control: no-cache

18:44:13.785 [AsyncHttpClient-1-2] DEBUG org.asynchttpclient.netty.channel.ChannelManager -- Adding key: http://localhost:4444 for channel [id: 0x98e99774, L:/127.0.0.1:56740 - R:localhost/127.0.0.1:4444]
18:44:13.789 [Forwarding getElementAttribute on session 0a975932d5d13a633e287ebb2eea088e to remote] DEBUG org.asynchttpclient.netty.request.NettyRequestSender -- Using pooled Channel '[id: 0x98e99774, L:/127.0.0.1:56740 - R:localhost/127.0.0.1:4444]' for 'POST' to 'http://localhost:4444/wd/hub/session/0a975932d5d13a633e287ebb2eea088e/execute/sync'
18:44:13.790 [Forwarding getElementAttribute on session 0a975932d5d13a633e287ebb2eea088e to remote] DEBUG org.asynchttpclient.netty.request.NettyRequestSender -- Using open Channel [id: 0x98e99774, L:/127.0.0.1:56740 - R:localhost/127.0.0.1:4444] for POST '/wd/hub/session/0a975932d5d13a633e287ebb2eea088e/execute/sync'
18:44:13.849 [AsyncHttpClient-1-2] DEBUG org.asynchttpclient.netty.handler.HttpHandler -- 

Request DefaultHttpRequest(decodeResult: success, version: HTTP/1.1)
POST /wd/hub/session/0a975932d5d13a633e287ebb2eea088e/execute/sync HTTP/1.1
traceparent: 00-a8319743b1a53c60241c69a9b2942971-c32633e0fc35d603-01
User-Agent: selenium/4.13.0 (java windows)
Content-Length: 47375
Content-Type: application/json; charset=utf-8
host: localhost:4444
accept: */*

Response DefaultHttpResponse(decodeResult: success, version: HTTP/1.1)
HTTP/1.1 200 OK
content-length: 34
content-type: application/json; charset=utf-8
cache-control: no-cache

18:44:13.849 [AsyncHttpClient-1-2] DEBUG org.asynchttpclient.netty.channel.ChannelManager -- Adding key: http://localhost:4444 for channel [id: 0x98e99774, L:/127.0.0.1:56740 - R:localhost/127.0.0.1:4444]
18:44:13.854 [Forwarding getElementAttribute on session 0a975932d5d13a633e287ebb2eea088e to remote] DEBUG org.asynchttpclient.netty.request.NettyRequestSender -- Using pooled Channel '[id: 0x98e99774, L:/127.0.0.1:56740 - R:localhost/127.0.0.1:4444]' for 'POST' to 'http://localhost:4444/wd/hub/session/0a975932d5d13a633e287ebb2eea088e/execute/sync'
18:44:13.854 [Forwarding getElementAttribute on session 0a975932d5d13a633e287ebb2eea088e to remote] DEBUG org.asynchttpclient.netty.request.NettyRequestSender -- Using open Channel [id: 0x98e99774, L:/127.0.0.1:56740 - R:localhost/127.0.0.1:4444] for POST '/wd/hub/session/0a975932d5d13a633e287ebb2eea088e/execute/sync'
18:44:13.914 [AsyncHttpClient-1-2] DEBUG org.asynchttpclient.netty.handler.HttpHandler -- 

Request DefaultHttpRequest(decodeResult: success, version: HTTP/1.1)
POST /wd/hub/session/0a975932d5d13a633e287ebb2eea088e/execute/sync HTTP/1.1
traceparent: 00-87deb0723a7ea47a5839e5c82f6c9a57-cd690ab0533840ee-01
User-Agent: selenium/4.13.0 (java windows)
Content-Length: 47381
Content-Type: application/json; charset=utf-8
host: localhost:4444
accept: */*

Response DefaultHttpResponse(decodeResult: success, version: HTTP/1.1)
HTTP/1.1 200 OK
content-length: 20
content-type: application/json; charset=utf-8
cache-control: no-cache

18:44:13.915 [AsyncHttpClient-1-2] DEBUG org.asynchttpclient.netty.channel.ChannelManager -- Adding key: http://localhost:4444 for channel [id: 0x98e99774, L:/127.0.0.1:56740 - R:localhost/127.0.0.1:4444]
18:44:13.919 [Forwarding getElementAttribute on session 0a975932d5d13a633e287ebb2eea088e to remote] DEBUG org.asynchttpclient.netty.request.NettyRequestSender -- Using pooled Channel '[id: 0x98e99774, L:/127.0.0.1:56740 - R:localhost/127.0.0.1:4444]' for 'POST' to 'http://localhost:4444/wd/hub/session/0a975932d5d13a633e287ebb2eea088e/execute/sync'
18:44:13.919 [Forwarding getElementAttribute on session 0a975932d5d13a633e287ebb2eea088e to remote] DEBUG org.asynchttpclient.netty.request.NettyRequestSender -- Using open Channel [id: 0x98e99774, L:/127.0.0.1:56740 - R:localhost/127.0.0.1:4444] for POST '/wd/hub/session/0a975932d5d13a633e287ebb2eea088e/execute/sync'
18:44:13.981 [AsyncHttpClient-1-2] DEBUG org.asynchttpclient.netty.handler.HttpHandler -- 

Request DefaultHttpRequest(decodeResult: success, version: HTTP/1.1)
POST /wd/hub/session/0a975932d5d13a633e287ebb2eea088e/execute/sync HTTP/1.1
traceparent: 00-c6cd84e3dae5d4883d3c37d3d0f5b865-bc36103b92644d31-01
User-Agent: selenium/4.13.0 (java windows)
Content-Length: 47374
Content-Type: application/json; charset=utf-8
host: localhost:4444
accept: */*

Response DefaultHttpResponse(decodeResult: success, version: HTTP/1.1)
HTTP/1.1 200 OK
content-length: 20
content-type: application/json; charset=utf-8
cache-control: no-cache

18:44:13.982 [AsyncHttpClient-1-2] DEBUG org.asynchttpclient.netty.channel.ChannelManager -- Adding key: http://localhost:4444 for channel [id: 0x98e99774, L:/127.0.0.1:56740 - R:localhost/127.0.0.1:4444]
18:44:13.988 [Forwarding getElementAttribute on session 0a975932d5d13a633e287ebb2eea088e to remote] DEBUG org.asynchttpclient.netty.request.NettyRequestSender -- Using pooled Channel '[id: 0x98e99774, L:/127.0.0.1:56740 - R:localhost/127.0.0.1:4444]' for 'POST' to 'http://localhost:4444/wd/hub/session/0a975932d5d13a633e287ebb2eea088e/execute/sync'
18:44:13.988 [Forwarding getElementAttribute on session 0a975932d5d13a633e287ebb2eea088e to remote] DEBUG org.asynchttpclient.netty.request.NettyRequestSender -- Using open Channel [id: 0x98e99774, L:/127.0.0.1:56740 - R:localhost/127.0.0.1:4444] for POST '/wd/hub/session/0a975932d5d13a633e287ebb2eea088e/execute/sync'
18:44:14.055 [AsyncHttpClient-1-2] DEBUG org.asynchttpclient.netty.handler.HttpHandler -- 

Request DefaultHttpRequest(decodeResult: success, version: HTTP/1.1)
POST /wd/hub/session/0a975932d5d13a633e287ebb2eea088e/execute/sync HTTP/1.1
traceparent: 00-ed9f5d3479b2bd1c6c2fa8a85066f3f3-c125cf2fc370d589-01
User-Agent: selenium/4.13.0 (java windows)
Content-Length: 47379
Content-Type: application/json; charset=utf-8
host: localhost:4444
accept: */*

Response DefaultHttpResponse(decodeResult: success, version: HTTP/1.1)
HTTP/1.1 200 OK
content-length: 20
content-type: application/json; charset=utf-8
cache-control: no-cache

18:44:14.055 [AsyncHttpClient-1-2] DEBUG org.asynchttpclient.netty.channel.ChannelManager -- Adding key: http://localhost:4444 for channel [id: 0x98e99774, L:/127.0.0.1:56740 - R:localhost/127.0.0.1:4444]
18:44:14.059 [Forwarding getElementAttribute on session 0a975932d5d13a633e287ebb2eea088e to remote] DEBUG org.asynchttpclient.netty.request.NettyRequestSender -- Using pooled Channel '[id: 0x98e99774, L:/127.0.0.1:56740 - R:localhost/127.0.0.1:4444]' for 'POST' to 'http://localhost:4444/wd/hub/session/0a975932d5d13a633e287ebb2eea088e/execute/sync'
18:44:14.060 [Forwarding getElementAttribute on session 0a975932d5d13a633e287ebb2eea088e to remote] DEBUG org.asynchttpclient.netty.request.NettyRequestSender -- Using open Channel [id: 0x98e99774, L:/127.0.0.1:56740 - R:localhost/127.0.0.1:4444] for POST '/wd/hub/session/0a975932d5d13a633e287ebb2eea088e/execute/sync'
18:44:14.115 [AsyncHttpClient-1-2] DEBUG org.asynchttpclient.netty.handler.HttpHandler -- 

Request DefaultHttpRequest(decodeResult: success, version: HTTP/1.1)
POST /wd/hub/session/0a975932d5d13a633e287ebb2eea088e/execute/sync HTTP/1.1
traceparent: 00-4bd8c8c4ae7515deb8bbe8117ec6e298-6c2ead933bf334e8-01
User-Agent: selenium/4.13.0 (java windows)
Content-Length: 47372
Content-Type: application/json; charset=utf-8
host: localhost:4444
accept: */*

Response DefaultHttpResponse(decodeResult: success, version: HTTP/1.1)
HTTP/1.1 200 OK
content-length: 20
content-type: application/json; charset=utf-8
cache-control: no-cache

18:44:14.115 [AsyncHttpClient-1-2] DEBUG org.asynchttpclient.netty.channel.ChannelManager -- Adding key: http://localhost:4444 for channel [id: 0x98e99774, L:/127.0.0.1:56740 - R:localhost/127.0.0.1:4444]
18:44:14.120 [Forwarding getElementAttribute on session 0a975932d5d13a633e287ebb2eea088e to remote] DEBUG org.asynchttpclient.netty.request.NettyRequestSender -- Using pooled Channel '[id: 0x98e99774, L:/127.0.0.1:56740 - R:localhost/127.0.0.1:4444]' for 'POST' to 'http://localhost:4444/wd/hub/session/0a975932d5d13a633e287ebb2eea088e/execute/sync'
18:44:14.120 [Forwarding getElementAttribute on session 0a975932d5d13a633e287ebb2eea088e to remote] DEBUG org.asynchttpclient.netty.request.NettyRequestSender -- Using open Channel [id: 0x98e99774, L:/127.0.0.1:56740 - R:localhost/127.0.0.1:4444] for POST '/wd/hub/session/0a975932d5d13a633e287ebb2eea088e/execute/sync'
18:44:14.186 [AsyncHttpClient-1-2] DEBUG org.asynchttpclient.netty.handler.HttpHandler -- 

Request DefaultHttpRequest(decodeResult: success, version: HTTP/1.1)
POST /wd/hub/session/0a975932d5d13a633e287ebb2eea088e/execute/sync HTTP/1.1
traceparent: 00-06b450382438e6e22d50d7b2f6c06c3f-db94e85060b1af54-01
User-Agent: selenium/4.13.0 (java windows)
Content-Length: 47374
Content-Type: application/json; charset=utf-8
host: localhost:4444
accept: */*

Response DefaultHttpResponse(decodeResult: success, version: HTTP/1.1)
HTTP/1.1 200 OK
content-length: 20
content-type: application/json; charset=utf-8
cache-control: no-cache

18:44:14.187 [AsyncHttpClient-1-2] DEBUG org.asynchttpclient.netty.channel.ChannelManager -- Adding key: http://localhost:4444 for channel [id: 0x98e99774, L:/127.0.0.1:56740 - R:localhost/127.0.0.1:4444]
18:44:14.191 [Forwarding getElementAttribute on session 0a975932d5d13a633e287ebb2eea088e to remote] DEBUG org.asynchttpclient.netty.request.NettyRequestSender -- Using pooled Channel '[id: 0x98e99774, L:/127.0.0.1:56740 - R:localhost/127.0.0.1:4444]' for 'POST' to 'http://localhost:4444/wd/hub/session/0a975932d5d13a633e287ebb2eea088e/execute/sync'
18:44:14.191 [Forwarding getElementAttribute on session 0a975932d5d13a633e287ebb2eea088e to remote] DEBUG org.asynchttpclient.netty.request.NettyRequestSender -- Using open Channel [id: 0x98e99774, L:/127.0.0.1:56740 - R:localhost/127.0.0.1:4444] for POST '/wd/hub/session/0a975932d5d13a633e287ebb2eea088e/execute/sync'
18:44:14.236 [AsyncHttpClient-1-2] DEBUG org.asynchttpclient.netty.handler.HttpHandler -- 

Request DefaultHttpRequest(decodeResult: success, version: HTTP/1.1)
POST /wd/hub/session/0a975932d5d13a633e287ebb2eea088e/execute/sync HTTP/1.1
traceparent: 00-b0ea1debdb6307e8ae4bd63ee42064e8-be742719e1243b78-01
User-Agent: selenium/4.13.0 (java windows)
Content-Length: 47381
Content-Type: application/json; charset=utf-8
host: localhost:4444
accept: */*

Response DefaultHttpResponse(decodeResult: success, version: HTTP/1.1)
HTTP/1.1 200 OK
content-length: 15
content-type: application/json; charset=utf-8
cache-control: no-cache

18:44:14.236 [AsyncHttpClient-1-2] DEBUG org.asynchttpclient.netty.channel.ChannelManager -- Adding key: http://localhost:4444 for channel [id: 0x98e99774, L:/127.0.0.1:56740 - R:localhost/127.0.0.1:4444]
18:44:14.241 [AsyncHttpClient-1-1] DEBUG org.asynchttpclient.netty.channel.DefaultChannelPool -- Entry count for : http://localhost:4444 : 1
18:44:14.242 [Forwarding getElementAttribute on session 0a975932d5d13a633e287ebb2eea088e to remote] DEBUG org.asynchttpclient.netty.request.NettyRequestSender -- Using pooled Channel '[id: 0x98e99774, L:/127.0.0.1:56740 - R:localhost/127.0.0.1:4444]' for 'POST' to 'http://localhost:4444/wd/hub/session/0a975932d5d13a633e287ebb2eea088e/execute/sync'
18:44:14.242 [Forwarding getElementAttribute on session 0a975932d5d13a633e287ebb2eea088e to remote] DEBUG org.asynchttpclient.netty.request.NettyRequestSender -- Using open Channel [id: 0x98e99774, L:/127.0.0.1:56740 - R:localhost/127.0.0.1:4444] for POST '/wd/hub/session/0a975932d5d13a633e287ebb2eea088e/execute/sync'
18:44:14.283 [AsyncHttpClient-1-2] DEBUG org.asynchttpclient.netty.handler.HttpHandler -- 

Request DefaultHttpRequest(decodeResult: success, version: HTTP/1.1)
POST /wd/hub/session/0a975932d5d13a633e287ebb2eea088e/execute/sync HTTP/1.1
traceparent: 00-d3dc9f83fd7fb036e6bf6b8492de3f4a-6d29a0b5d5fdfd0e-01
User-Agent: selenium/4.13.0 (java windows)
Content-Length: 47384
Content-Type: application/json; charset=utf-8
host: localhost:4444
accept: */*

Response DefaultHttpResponse(decodeResult: success, version: HTTP/1.1)
HTTP/1.1 200 OK
content-length: 16
content-type: application/json; charset=utf-8
cache-control: no-cache

18:44:14.283 [AsyncHttpClient-1-2] DEBUG org.asynchttpclient.netty.channel.ChannelManager -- Adding key: http://localhost:4444 for channel [id: 0x98e99774, L:/127.0.0.1:56740 - R:localhost/127.0.0.1:4444]
18:44:14.288 [Forwarding getElementAttribute on session 0a975932d5d13a633e287ebb2eea088e to remote] DEBUG org.asynchttpclient.netty.request.NettyRequestSender -- Using pooled Channel '[id: 0x98e99774, L:/127.0.0.1:56740 - R:localhost/127.0.0.1:4444]' for 'POST' to 'http://localhost:4444/wd/hub/session/0a975932d5d13a633e287ebb2eea088e/execute/sync'
18:44:14.288 [Forwarding getElementAttribute on session 0a975932d5d13a633e287ebb2eea088e to remote] DEBUG org.asynchttpclient.netty.request.NettyRequestSender -- Using open Channel [id: 0x98e99774, L:/127.0.0.1:56740 - R:localhost/127.0.0.1:4444] for POST '/wd/hub/session/0a975932d5d13a633e287ebb2eea088e/execute/sync'
18:44:14.344 [AsyncHttpClient-1-2] DEBUG org.asynchttpclient.netty.handler.HttpHandler -- 

Request DefaultHttpRequest(decodeResult: success, version: HTTP/1.1)
POST /wd/hub/session/0a975932d5d13a633e287ebb2eea088e/execute/sync HTTP/1.1
traceparent: 00-7e2f74f44f7abf1554ac41d704f213f2-44f882898374613e-01
User-Agent: selenium/4.13.0 (java windows)
Content-Length: 47375
Content-Type: application/json; charset=utf-8
host: localhost:4444
accept: */*

Response DefaultHttpResponse(decodeResult: success, version: HTTP/1.1)
HTTP/1.1 200 OK
content-length: 24
content-type: application/json; charset=utf-8
cache-control: no-cache

18:44:14.345 [AsyncHttpClient-1-2] DEBUG org.asynchttpclient.netty.channel.ChannelManager -- Adding key: http://localhost:4444 for channel [id: 0x98e99774, L:/127.0.0.1:56740 - R:localhost/127.0.0.1:4444]
18:44:14.346 [main] INFO helpers.LoggerHelper -- Testing password: secret_sauce
18:44:14.348 [Forwarding findElement on session 0a975932d5d13a633e287ebb2eea088e to remote] DEBUG org.asynchttpclient.netty.request.NettyRequestSender -- Using pooled Channel '[id: 0x98e99774, L:/127.0.0.1:56740 - R:localhost/127.0.0.1:4444]' for 'POST' to 'http://localhost:4444/wd/hub/session/0a975932d5d13a633e287ebb2eea088e/element'
18:44:14.348 [Forwarding findElement on session 0a975932d5d13a633e287ebb2eea088e to remote] DEBUG org.asynchttpclient.netty.request.NettyRequestSender -- Using open Channel [id: 0x98e99774, L:/127.0.0.1:56740 - R:localhost/127.0.0.1:4444] for POST '/wd/hub/session/0a975932d5d13a633e287ebb2eea088e/element'
18:44:14.389 [AsyncHttpClient-1-2] DEBUG org.asynchttpclient.netty.handler.HttpHandler -- 

Request DefaultHttpRequest(decodeResult: success, version: HTTP/1.1)
POST /wd/hub/session/0a975932d5d13a633e287ebb2eea088e/element HTTP/1.1
traceparent: 00-0ec324949bba1eae09fa3560d07dd722-98c20130d7af6c78-01
User-Agent: selenium/4.13.0 (java windows)
Content-Length: 59
Content-Type: application/json; charset=utf-8
host: localhost:4444
accept: */*

Response DefaultHttpResponse(decodeResult: success, version: HTTP/1.1)
HTTP/1.1 200 OK
content-length: 95
content-type: application/json; charset=utf-8
cache-control: no-cache

18:44:14.389 [AsyncHttpClient-1-2] DEBUG org.asynchttpclient.netty.channel.ChannelManager -- Adding key: http://localhost:4444 for channel [id: 0x98e99774, L:/127.0.0.1:56740 - R:localhost/127.0.0.1:4444]
18:44:14.393 [Forwarding isElementDisplayed on session 0a975932d5d13a633e287ebb2eea088e to remote] DEBUG org.asynchttpclient.netty.request.NettyRequestSender -- Using pooled Channel '[id: 0x98e99774, L:/127.0.0.1:56740 - R:localhost/127.0.0.1:4444]' for 'POST' to 'http://localhost:4444/wd/hub/session/0a975932d5d13a633e287ebb2eea088e/execute/sync'
18:44:14.393 [Forwarding isElementDisplayed on session 0a975932d5d13a633e287ebb2eea088e to remote] DEBUG org.asynchttpclient.netty.request.NettyRequestSender -- Using open Channel [id: 0x98e99774, L:/127.0.0.1:56740 - R:localhost/127.0.0.1:4444] for POST '/wd/hub/session/0a975932d5d13a633e287ebb2eea088e/execute/sync'
18:44:14.466 [AsyncHttpClient-1-2] DEBUG org.asynchttpclient.netty.handler.HttpHandler -- 

Request DefaultHttpRequest(decodeResult: success, version: HTTP/1.1)
POST /wd/hub/session/0a975932d5d13a633e287ebb2eea088e/execute/sync HTTP/1.1
traceparent: 00-3e787cc699d2b57d820748b2e4d01736-6f070f756d1c32ea-01
User-Agent: selenium/4.13.0 (java windows)
Content-Length: 48814
Content-Type: application/json; charset=utf-8
host: localhost:4444
accept: */*

Response DefaultHttpResponse(decodeResult: success, version: HTTP/1.1)
HTTP/1.1 200 OK
content-length: 14
content-type: application/json; charset=utf-8
cache-control: no-cache

18:44:14.466 [AsyncHttpClient-1-2] DEBUG org.asynchttpclient.netty.channel.ChannelManager -- Adding key: http://localhost:4444 for channel [id: 0x98e99774, L:/127.0.0.1:56740 - R:localhost/127.0.0.1:4444]
18:44:14.469 [Forwarding findElement on session 0a975932d5d13a633e287ebb2eea088e to remote] DEBUG org.asynchttpclient.netty.request.NettyRequestSender -- Using pooled Channel '[id: 0x98e99774, L:/127.0.0.1:56740 - R:localhost/127.0.0.1:4444]' for 'POST' to 'http://localhost:4444/wd/hub/session/0a975932d5d13a633e287ebb2eea088e/element'
18:44:14.469 [Forwarding findElement on session 0a975932d5d13a633e287ebb2eea088e to remote] DEBUG org.asynchttpclient.netty.request.NettyRequestSender -- Using open Channel [id: 0x98e99774, L:/127.0.0.1:56740 - R:localhost/127.0.0.1:4444] for POST '/wd/hub/session/0a975932d5d13a633e287ebb2eea088e/element'
18:44:14.534 [AsyncHttpClient-1-2] DEBUG org.asynchttpclient.netty.handler.HttpHandler -- 

Request DefaultHttpRequest(decodeResult: success, version: HTTP/1.1)
POST /wd/hub/session/0a975932d5d13a633e287ebb2eea088e/element HTTP/1.1
traceparent: 00-95e2034f3d2afa64046c5ea4fb50d5f2-f3aca7e9b792795b-01
User-Agent: selenium/4.13.0 (java windows)
Content-Length: 59
Content-Type: application/json; charset=utf-8
host: localhost:4444
accept: */*

Response DefaultHttpResponse(decodeResult: success, version: HTTP/1.1)
HTTP/1.1 200 OK
content-length: 95
content-type: application/json; charset=utf-8
cache-control: no-cache

18:44:14.535 [AsyncHttpClient-1-2] DEBUG org.asynchttpclient.netty.channel.ChannelManager -- Adding key: http://localhost:4444 for channel [id: 0x98e99774, L:/127.0.0.1:56740 - R:localhost/127.0.0.1:4444]
18:44:14.539 [Forwarding getElementAttribute on session 0a975932d5d13a633e287ebb2eea088e to remote] DEBUG org.asynchttpclient.netty.request.NettyRequestSender -- Using pooled Channel '[id: 0x98e99774, L:/127.0.0.1:56740 - R:localhost/127.0.0.1:4444]' for 'POST' to 'http://localhost:4444/wd/hub/session/0a975932d5d13a633e287ebb2eea088e/execute/sync'
18:44:14.539 [Forwarding getElementAttribute on session 0a975932d5d13a633e287ebb2eea088e to remote] DEBUG org.asynchttpclient.netty.request.NettyRequestSender -- Using open Channel [id: 0x98e99774, L:/127.0.0.1:56740 - R:localhost/127.0.0.1:4444] for POST '/wd/hub/session/0a975932d5d13a633e287ebb2eea088e/execute/sync'
18:44:14.631 [AsyncHttpClient-1-2] DEBUG org.asynchttpclient.netty.handler.HttpHandler -- 

Request DefaultHttpRequest(decodeResult: success, version: HTTP/1.1)
POST /wd/hub/session/0a975932d5d13a633e287ebb2eea088e/execute/sync HTTP/1.1
traceparent: 00-585af9e87ab1ea80361f4cf8a6131db3-d8d366956d6a1e51-01
User-Agent: selenium/4.13.0 (java windows)
Content-Length: 47379
Content-Type: application/json; charset=utf-8
host: localhost:4444
accept: */*

Response DefaultHttpResponse(decodeResult: success, version: HTTP/1.1)
HTTP/1.1 200 OK
content-length: 160
content-type: application/json; charset=utf-8
cache-control: no-cache

18:44:14.631 [AsyncHttpClient-1-2] DEBUG org.asynchttpclient.netty.channel.ChannelManager -- Adding key: http://localhost:4444 for channel [id: 0x98e99774, L:/127.0.0.1:56740 - R:localhost/127.0.0.1:4444]
18:44:14.634 [Forwarding getElementAttribute on session 0a975932d5d13a633e287ebb2eea088e to remote] DEBUG org.asynchttpclient.netty.request.NettyRequestSender -- Using pooled Channel '[id: 0x98e99774, L:/127.0.0.1:56740 - R:localhost/127.0.0.1:4444]' for 'POST' to 'http://localhost:4444/wd/hub/session/0a975932d5d13a633e287ebb2eea088e/execute/sync'
18:44:14.635 [Forwarding getElementAttribute on session 0a975932d5d13a633e287ebb2eea088e to remote] DEBUG org.asynchttpclient.netty.request.NettyRequestSender -- Using open Channel [id: 0x98e99774, L:/127.0.0.1:56740 - R:localhost/127.0.0.1:4444] for POST '/wd/hub/session/0a975932d5d13a633e287ebb2eea088e/execute/sync'
18:44:14.679 [AsyncHttpClient-1-2] DEBUG org.asynchttpclient.netty.handler.HttpHandler -- 

Request DefaultHttpRequest(decodeResult: success, version: HTTP/1.1)
POST /wd/hub/session/0a975932d5d13a633e287ebb2eea088e/execute/sync HTTP/1.1
traceparent: 00-26ee829ef9fd08aef8cb20e616ab9854-8c0d7a76a3ddac61-01
User-Agent: selenium/4.13.0 (java windows)
Content-Length: 47374
Content-Type: application/json; charset=utf-8
host: localhost:4444
accept: */*

Response DefaultHttpResponse(decodeResult: success, version: HTTP/1.1)
HTTP/1.1 200 OK
content-length: 18
content-type: application/json; charset=utf-8
cache-control: no-cache

18:44:14.679 [AsyncHttpClient-1-2] DEBUG org.asynchttpclient.netty.channel.ChannelManager -- Adding key: http://localhost:4444 for channel [id: 0x98e99774, L:/127.0.0.1:56740 - R:localhost/127.0.0.1:4444]
18:44:14.684 [Forwarding getElementAttribute on session 0a975932d5d13a633e287ebb2eea088e to remote] DEBUG org.asynchttpclient.netty.request.NettyRequestSender -- Using pooled Channel '[id: 0x98e99774, L:/127.0.0.1:56740 - R:localhost/127.0.0.1:4444]' for 'POST' to 'http://localhost:4444/wd/hub/session/0a975932d5d13a633e287ebb2eea088e/execute/sync'
18:44:14.684 [Forwarding getElementAttribute on session 0a975932d5d13a633e287ebb2eea088e to remote] DEBUG org.asynchttpclient.netty.request.NettyRequestSender -- Using open Channel [id: 0x98e99774, L:/127.0.0.1:56740 - R:localhost/127.0.0.1:4444] for POST '/wd/hub/session/0a975932d5d13a633e287ebb2eea088e/execute/sync'
18:44:14.842 [AsyncHttpClient-1-2] DEBUG org.asynchttpclient.netty.handler.HttpHandler -- 

Request DefaultHttpRequest(decodeResult: success, version: HTTP/1.1)
POST /wd/hub/session/0a975932d5d13a633e287ebb2eea088e/execute/sync HTTP/1.1
traceparent: 00-e191226b2c61633a1360b0ae2bad3959-d5c0758482ccf53f-01
User-Agent: selenium/4.13.0 (java windows)
Content-Length: 47375
Content-Type: application/json; charset=utf-8
host: localhost:4444
accept: */*

Response DefaultHttpResponse(decodeResult: success, version: HTTP/1.1)
HTTP/1.1 200 OK
content-length: 36
content-type: application/json; charset=utf-8
cache-control: no-cache

18:44:14.843 [AsyncHttpClient-1-2] DEBUG org.asynchttpclient.netty.channel.ChannelManager -- Adding key: http://localhost:4444 for channel [id: 0x98e99774, L:/127.0.0.1:56740 - R:localhost/127.0.0.1:4444]
18:44:14.846 [Forwarding getElementAttribute on session 0a975932d5d13a633e287ebb2eea088e to remote] DEBUG org.asynchttpclient.netty.request.NettyRequestSender -- Using pooled Channel '[id: 0x98e99774, L:/127.0.0.1:56740 - R:localhost/127.0.0.1:4444]' for 'POST' to 'http://localhost:4444/wd/hub/session/0a975932d5d13a633e287ebb2eea088e/execute/sync'
18:44:14.846 [Forwarding getElementAttribute on session 0a975932d5d13a633e287ebb2eea088e to remote] DEBUG org.asynchttpclient.netty.request.NettyRequestSender -- Using open Channel [id: 0x98e99774, L:/127.0.0.1:56740 - R:localhost/127.0.0.1:4444] for POST '/wd/hub/session/0a975932d5d13a633e287ebb2eea088e/execute/sync'
18:44:14.981 [AsyncHttpClient-1-2] DEBUG org.asynchttpclient.netty.handler.HttpHandler -- 

Request DefaultHttpRequest(decodeResult: success, version: HTTP/1.1)
POST /wd/hub/session/0a975932d5d13a633e287ebb2eea088e/execute/sync HTTP/1.1
traceparent: 00-24579b33dc784fec5ea564b539e5c6bd-bb172b21f3871450-01
User-Agent: selenium/4.13.0 (java windows)
Content-Length: 47379
Content-Type: application/json; charset=utf-8
host: localhost:4444
accept: */*

Response DefaultHttpResponse(decodeResult: success, version: HTTP/1.1)
HTTP/1.1 200 OK
content-length: 24
content-type: application/json; charset=utf-8
cache-control: no-cache

18:44:14.982 [AsyncHttpClient-1-2] DEBUG org.asynchttpclient.netty.channel.ChannelManager -- Adding key: http://localhost:4444 for channel [id: 0x98e99774, L:/127.0.0.1:56740 - R:localhost/127.0.0.1:4444]
18:44:14.985 [Forwarding getElementAttribute on session 0a975932d5d13a633e287ebb2eea088e to remote] DEBUG org.asynchttpclient.netty.request.NettyRequestSender -- Using pooled Channel '[id: 0x98e99774, L:/127.0.0.1:56740 - R:localhost/127.0.0.1:4444]' for 'POST' to 'http://localhost:4444/wd/hub/session/0a975932d5d13a633e287ebb2eea088e/execute/sync'
18:44:14.985 [Forwarding getElementAttribute on session 0a975932d5d13a633e287ebb2eea088e to remote] DEBUG org.asynchttpclient.netty.request.NettyRequestSender -- Using open Channel [id: 0x98e99774, L:/127.0.0.1:56740 - R:localhost/127.0.0.1:4444] for POST '/wd/hub/session/0a975932d5d13a633e287ebb2eea088e/execute/sync'
18:44:15.071 [AsyncHttpClient-1-2] DEBUG org.asynchttpclient.netty.handler.HttpHandler -- 

Request DefaultHttpRequest(decodeResult: success, version: HTTP/1.1)
POST /wd/hub/session/0a975932d5d13a633e287ebb2eea088e/execute/sync HTTP/1.1
traceparent: 00-964a448fa940a2cfc7f2bce8cd3eb0c2-227da03dbab15a28-01
User-Agent: selenium/4.13.0 (java windows)
Content-Length: 47372
Content-Type: application/json; charset=utf-8
host: localhost:4444
accept: */*

Response DefaultHttpResponse(decodeResult: success, version: HTTP/1.1)
HTTP/1.1 200 OK
content-length: 24
content-type: application/json; charset=utf-8
cache-control: no-cache

18:44:15.071 [AsyncHttpClient-1-2] DEBUG org.asynchttpclient.netty.channel.ChannelManager -- Adding key: http://localhost:4444 for channel [id: 0x98e99774, L:/127.0.0.1:56740 - R:localhost/127.0.0.1:4444]
18:44:15.075 [Forwarding getElementAttribute on session 0a975932d5d13a633e287ebb2eea088e to remote] DEBUG org.asynchttpclient.netty.request.NettyRequestSender -- Using pooled Channel '[id: 0x98e99774, L:/127.0.0.1:56740 - R:localhost/127.0.0.1:4444]' for 'POST' to 'http://localhost:4444/wd/hub/session/0a975932d5d13a633e287ebb2eea088e/execute/sync'
18:44:15.075 [Forwarding getElementAttribute on session 0a975932d5d13a633e287ebb2eea088e to remote] DEBUG org.asynchttpclient.netty.request.NettyRequestSender -- Using open Channel [id: 0x98e99774, L:/127.0.0.1:56740 - R:localhost/127.0.0.1:4444] for POST '/wd/hub/session/0a975932d5d13a633e287ebb2eea088e/execute/sync'
18:44:15.126 [AsyncHttpClient-1-2] DEBUG org.asynchttpclient.netty.handler.HttpHandler -- 

Request DefaultHttpRequest(decodeResult: success, version: HTTP/1.1)
POST /wd/hub/session/0a975932d5d13a633e287ebb2eea088e/execute/sync HTTP/1.1
traceparent: 00-a4052320e31e57d2101baacef35367a6-23a95c9bdd234ab7-01
User-Agent: selenium/4.13.0 (java windows)
Content-Length: 47374
Content-Type: application/json; charset=utf-8
host: localhost:4444
accept: */*

Response DefaultHttpResponse(decodeResult: success, version: HTTP/1.1)
HTTP/1.1 200 OK
content-length: 24
content-type: application/json; charset=utf-8
cache-control: no-cache

18:44:15.126 [AsyncHttpClient-1-2] DEBUG org.asynchttpclient.netty.channel.ChannelManager -- Adding key: http://localhost:4444 for channel [id: 0x98e99774, L:/127.0.0.1:56740 - R:localhost/127.0.0.1:4444]
18:44:15.130 [Forwarding getElementAttribute on session 0a975932d5d13a633e287ebb2eea088e to remote] DEBUG org.asynchttpclient.netty.request.NettyRequestSender -- Using pooled Channel '[id: 0x98e99774, L:/127.0.0.1:56740 - R:localhost/127.0.0.1:4444]' for 'POST' to 'http://localhost:4444/wd/hub/session/0a975932d5d13a633e287ebb2eea088e/execute/sync'
18:44:15.130 [Forwarding getElementAttribute on session 0a975932d5d13a633e287ebb2eea088e to remote] DEBUG org.asynchttpclient.netty.request.NettyRequestSender -- Using open Channel [id: 0x98e99774, L:/127.0.0.1:56740 - R:localhost/127.0.0.1:4444] for POST '/wd/hub/session/0a975932d5d13a633e287ebb2eea088e/execute/sync'
18:44:15.192 [AsyncHttpClient-1-2] DEBUG org.asynchttpclient.netty.handler.HttpHandler -- 

Request DefaultHttpRequest(decodeResult: success, version: HTTP/1.1)
POST /wd/hub/session/0a975932d5d13a633e287ebb2eea088e/execute/sync HTTP/1.1
traceparent: 00-63cebde92738a6d5b009d8e6c172ecb1-298a9b3421ddd511-01
User-Agent: selenium/4.13.0 (java windows)
Content-Length: 47375
Content-Type: application/json; charset=utf-8
host: localhost:4444
accept: */*

Response DefaultHttpResponse(decodeResult: success, version: HTTP/1.1)
HTTP/1.1 200 OK
content-length: 17
content-type: application/json; charset=utf-8
cache-control: no-cache

18:44:15.192 [AsyncHttpClient-1-2] DEBUG org.asynchttpclient.netty.channel.ChannelManager -- Adding key: http://localhost:4444 for channel [id: 0x98e99774, L:/127.0.0.1:56740 - R:localhost/127.0.0.1:4444]
18:44:15.195 [Forwarding findElement on session 0a975932d5d13a633e287ebb2eea088e to remote] DEBUG org.asynchttpclient.netty.request.NettyRequestSender -- Using pooled Channel '[id: 0x98e99774, L:/127.0.0.1:56740 - R:localhost/127.0.0.1:4444]' for 'POST' to 'http://localhost:4444/wd/hub/session/0a975932d5d13a633e287ebb2eea088e/element'
18:44:15.195 [Forwarding findElement on session 0a975932d5d13a633e287ebb2eea088e to remote] DEBUG org.asynchttpclient.netty.request.NettyRequestSender -- Using open Channel [id: 0x98e99774, L:/127.0.0.1:56740 - R:localhost/127.0.0.1:4444] for POST '/wd/hub/session/0a975932d5d13a633e287ebb2eea088e/element'
18:44:15.240 [AsyncHttpClient-1-2] DEBUG org.asynchttpclient.netty.handler.HttpHandler -- 

Request DefaultHttpRequest(decodeResult: success, version: HTTP/1.1)
POST /wd/hub/session/0a975932d5d13a633e287ebb2eea088e/element HTTP/1.1
traceparent: 00-ef31394c4cf22f3d087d9250e4528452-33956f5453e35fa2-01
User-Agent: selenium/4.13.0 (java windows)
Content-Length: 59
Content-Type: application/json; charset=utf-8
host: localhost:4444
accept: */*

Response DefaultHttpResponse(decodeResult: success, version: HTTP/1.1)
HTTP/1.1 200 OK
content-length: 95
content-type: application/json; charset=utf-8
cache-control: no-cache

18:44:15.240 [AsyncHttpClient-1-2] DEBUG org.asynchttpclient.netty.channel.ChannelManager -- Adding key: http://localhost:4444 for channel [id: 0x98e99774, L:/127.0.0.1:56740 - R:localhost/127.0.0.1:4444]
18:44:15.243 [Forwarding clickElement on session 0a975932d5d13a633e287ebb2eea088e to remote] DEBUG org.asynchttpclient.netty.request.NettyRequestSender -- Using pooled Channel '[id: 0x98e99774, L:/127.0.0.1:56740 - R:localhost/127.0.0.1:4444]' for 'POST' to 'http://localhost:4444/wd/hub/session/0a975932d5d13a633e287ebb2eea088e/element/70A5870B9AB3C432896ACE5E1C90CC69_element_47/click'
18:44:15.244 [Forwarding clickElement on session 0a975932d5d13a633e287ebb2eea088e to remote] DEBUG org.asynchttpclient.netty.request.NettyRequestSender -- Using open Channel [id: 0x98e99774, L:/127.0.0.1:56740 - R:localhost/127.0.0.1:4444] for POST '/wd/hub/session/0a975932d5d13a633e287ebb2eea088e/element/70A5870B9AB3C432896ACE5E1C90CC69_element_47/click'
18:44:20.472 [AsyncHttpClient-1-2] DEBUG org.asynchttpclient.netty.handler.HttpHandler -- 

Request DefaultHttpRequest(decodeResult: success, version: HTTP/1.1)
POST /wd/hub/session/0a975932d5d13a633e287ebb2eea088e/element/70A5870B9AB3C432896ACE5E1C90CC69_element_47/click HTTP/1.1
traceparent: 00-70b55d941dbb7997f634a3bf3d51005c-df8c17d49ce2048b-01
User-Agent: selenium/4.13.0 (java windows)
Content-Length: 57
Content-Type: application/json; charset=utf-8
host: localhost:4444
accept: */*

Response DefaultHttpResponse(decodeResult: success, version: HTTP/1.1)
HTTP/1.1 200 OK
content-length: 14
content-type: application/json; charset=utf-8
cache-control: no-cache

18:44:20.473 [AsyncHttpClient-1-2] DEBUG org.asynchttpclient.netty.channel.ChannelManager -- Adding key: http://localhost:4444 for channel [id: 0x98e99774, L:/127.0.0.1:56740 - R:localhost/127.0.0.1:4444]
18:44:20.476 [Forwarding findElement on session 0a975932d5d13a633e287ebb2eea088e to remote] DEBUG org.asynchttpclient.netty.request.NettyRequestSender -- Using pooled Channel '[id: 0x98e99774, L:/127.0.0.1:56740 - R:localhost/127.0.0.1:4444]' for 'POST' to 'http://localhost:4444/wd/hub/session/0a975932d5d13a633e287ebb2eea088e/element'
18:44:20.476 [Forwarding findElement on session 0a975932d5d13a633e287ebb2eea088e to remote] DEBUG org.asynchttpclient.netty.request.NettyRequestSender -- Using open Channel [id: 0x98e99774, L:/127.0.0.1:56740 - R:localhost/127.0.0.1:4444] for POST '/wd/hub/session/0a975932d5d13a633e287ebb2eea088e/element'
18:44:20.503 [AsyncHttpClient-1-2] DEBUG org.asynchttpclient.netty.handler.HttpHandler -- 

Request DefaultHttpRequest(decodeResult: success, version: HTTP/1.1)
POST /wd/hub/session/0a975932d5d13a633e287ebb2eea088e/element HTTP/1.1
traceparent: 00-4ad1a9b11e55813e270544ce84db20fa-f1721cb01ec1efdd-01
User-Agent: selenium/4.13.0 (java windows)
Content-Length: 53
Content-Type: application/json; charset=utf-8
host: localhost:4444
accept: */*

Response DefaultHttpResponse(decodeResult: success, version: HTTP/1.1)
HTTP/1.1 200 OK
content-length: 95
content-type: application/json; charset=utf-8
cache-control: no-cache

18:44:20.504 [AsyncHttpClient-1-2] DEBUG org.asynchttpclient.netty.channel.ChannelManager -- Adding key: http://localhost:4444 for channel [id: 0x98e99774, L:/127.0.0.1:56740 - R:localhost/127.0.0.1:4444]
18:44:20.505 [Forwarding getElementText on session 0a975932d5d13a633e287ebb2eea088e to remote] DEBUG org.asynchttpclient.netty.request.NettyRequestSender -- Using pooled Channel '[id: 0x98e99774, L:/127.0.0.1:56740 - R:localhost/127.0.0.1:4444]' for 'GET' to 'http://localhost:4444/wd/hub/session/0a975932d5d13a633e287ebb2eea088e/element/70A5870B9AB3C432896ACE5E1C90CC69_element_51/text'
18:44:20.505 [Forwarding getElementText on session 0a975932d5d13a633e287ebb2eea088e to remote] DEBUG org.asynchttpclient.netty.request.NettyRequestSender -- Using open Channel [id: 0x98e99774, L:/127.0.0.1:56740 - R:localhost/127.0.0.1:4444] for GET '/wd/hub/session/0a975932d5d13a633e287ebb2eea088e/element/70A5870B9AB3C432896ACE5E1C90CC69_element_51/text'
18:44:20.533 [AsyncHttpClient-1-2] DEBUG org.asynchttpclient.netty.handler.HttpHandler -- 

Request DefaultFullHttpRequest(decodeResult: success, version: HTTP/1.1, content: EmptyByteBufBE)
GET /wd/hub/session/0a975932d5d13a633e287ebb2eea088e/element/70A5870B9AB3C432896ACE5E1C90CC69_element_51/text HTTP/1.1
Cache-Control: no-cache
traceparent: 00-cc8a7af04e67a429bfb73f05c83c1abd-17a705d48ed46ab9-01
User-Agent: selenium/4.13.0 (java windows)
Content-Type: application/json; charset=utf-8
host: localhost:4444
accept: */*

Response DefaultHttpResponse(decodeResult: success, version: HTTP/1.1)
HTTP/1.1 200 OK
content-length: 21
content-type: application/json; charset=utf-8
cache-control: no-cache

18:44:20.533 [AsyncHttpClient-1-2] DEBUG org.asynchttpclient.netty.channel.ChannelManager -- Adding key: http://localhost:4444 for channel [id: 0x98e99774, L:/127.0.0.1:56740 - R:localhost/127.0.0.1:4444]
18:44:20.536 [Forwarding findElement on session 0a975932d5d13a633e287ebb2eea088e to remote] DEBUG org.asynchttpclient.netty.request.NettyRequestSender -- Using pooled Channel '[id: 0x98e99774, L:/127.0.0.1:56740 - R:localhost/127.0.0.1:4444]' for 'POST' to 'http://localhost:4444/wd/hub/session/0a975932d5d13a633e287ebb2eea088e/element'
18:44:20.536 [Forwarding findElement on session 0a975932d5d13a633e287ebb2eea088e to remote] DEBUG org.asynchttpclient.netty.request.NettyRequestSender -- Using open Channel [id: 0x98e99774, L:/127.0.0.1:56740 - R:localhost/127.0.0.1:4444] for POST '/wd/hub/session/0a975932d5d13a633e287ebb2eea088e/element'
18:44:20.566 [AsyncHttpClient-1-2] DEBUG org.asynchttpclient.netty.handler.HttpHandler -- 

Request DefaultHttpRequest(decodeResult: success, version: HTTP/1.1)
POST /wd/hub/session/0a975932d5d13a633e287ebb2eea088e/element HTTP/1.1
traceparent: 00-50f264e4f0f681e50ffb7c95d3351ed0-ab1c1a0e73be1fac-01
User-Agent: selenium/4.13.0 (java windows)
Content-Length: 53
Content-Type: application/json; charset=utf-8
host: localhost:4444
accept: */*

Response DefaultHttpResponse(decodeResult: success, version: HTTP/1.1)
HTTP/1.1 200 OK
content-length: 95
content-type: application/json; charset=utf-8
cache-control: no-cache

18:44:20.566 [AsyncHttpClient-1-2] DEBUG org.asynchttpclient.netty.channel.ChannelManager -- Adding key: http://localhost:4444 for channel [id: 0x98e99774, L:/127.0.0.1:56740 - R:localhost/127.0.0.1:4444]
18:44:20.568 [Forwarding getElementText on session 0a975932d5d13a633e287ebb2eea088e to remote] DEBUG org.asynchttpclient.netty.request.NettyRequestSender -- Using pooled Channel '[id: 0x98e99774, L:/127.0.0.1:56740 - R:localhost/127.0.0.1:4444]' for 'GET' to 'http://localhost:4444/wd/hub/session/0a975932d5d13a633e287ebb2eea088e/element/70A5870B9AB3C432896ACE5E1C90CC69_element_51/text'
18:44:20.568 [Forwarding getElementText on session 0a975932d5d13a633e287ebb2eea088e to remote] DEBUG org.asynchttpclient.netty.request.NettyRequestSender -- Using open Channel [id: 0x98e99774, L:/127.0.0.1:56740 - R:localhost/127.0.0.1:4444] for GET '/wd/hub/session/0a975932d5d13a633e287ebb2eea088e/element/70A5870B9AB3C432896ACE5E1C90CC69_element_51/text'
18:44:20.618 [AsyncHttpClient-1-2] DEBUG org.asynchttpclient.netty.handler.HttpHandler -- 

Request DefaultFullHttpRequest(decodeResult: success, version: HTTP/1.1, content: EmptyByteBufBE)
GET /wd/hub/session/0a975932d5d13a633e287ebb2eea088e/element/70A5870B9AB3C432896ACE5E1C90CC69_element_51/text HTTP/1.1
Cache-Control: no-cache
traceparent: 00-555533ebc61b613a6a7537f4bd3d78be-51878604f47f7969-01
User-Agent: selenium/4.13.0 (java windows)
Content-Type: application/json; charset=utf-8
host: localhost:4444
accept: */*

Response DefaultHttpResponse(decodeResult: success, version: HTTP/1.1)
HTTP/1.1 200 OK
content-length: 21
content-type: application/json; charset=utf-8
cache-control: no-cache

18:44:20.619 [AsyncHttpClient-1-2] DEBUG org.asynchttpclient.netty.channel.ChannelManager -- Adding key: http://localhost:4444 for channel [id: 0x98e99774, L:/127.0.0.1:56740 - R:localhost/127.0.0.1:4444]
18:44:20.621 [Forwarding findElement on session 0a975932d5d13a633e287ebb2eea088e to remote] DEBUG org.asynchttpclient.netty.request.NettyRequestSender -- Using pooled Channel '[id: 0x98e99774, L:/127.0.0.1:56740 - R:localhost/127.0.0.1:4444]' for 'POST' to 'http://localhost:4444/wd/hub/session/0a975932d5d13a633e287ebb2eea088e/element'
18:44:20.621 [Forwarding findElement on session 0a975932d5d13a633e287ebb2eea088e to remote] DEBUG org.asynchttpclient.netty.request.NettyRequestSender -- Using open Channel [id: 0x98e99774, L:/127.0.0.1:56740 - R:localhost/127.0.0.1:4444] for POST '/wd/hub/session/0a975932d5d13a633e287ebb2eea088e/element'
18:44:20.674 [AsyncHttpClient-1-2] DEBUG org.asynchttpclient.netty.handler.HttpHandler -- 

Request DefaultHttpRequest(decodeResult: success, version: HTTP/1.1)
POST /wd/hub/session/0a975932d5d13a633e287ebb2eea088e/element HTTP/1.1
traceparent: 00-9d533974f5f376a2c6fff39d98f9475f-50a30981f12d2a68-01
User-Agent: selenium/4.13.0 (java windows)
Content-Length: 50
Content-Type: application/json; charset=utf-8
host: localhost:4444
accept: */*

Response DefaultHttpResponse(decodeResult: success, version: HTTP/1.1)
HTTP/1.1 200 OK
content-length: 95
content-type: application/json; charset=utf-8
cache-control: no-cache

18:44:20.675 [AsyncHttpClient-1-2] DEBUG org.asynchttpclient.netty.channel.ChannelManager -- Adding key: http://localhost:4444 for channel [id: 0x98e99774, L:/127.0.0.1:56740 - R:localhost/127.0.0.1:4444]
18:44:20.676 [Forwarding getElementText on session 0a975932d5d13a633e287ebb2eea088e to remote] DEBUG org.asynchttpclient.netty.request.NettyRequestSender -- Using pooled Channel '[id: 0x98e99774, L:/127.0.0.1:56740 - R:localhost/127.0.0.1:4444]' for 'GET' to 'http://localhost:4444/wd/hub/session/0a975932d5d13a633e287ebb2eea088e/element/70A5870B9AB3C432896ACE5E1C90CC69_element_52/text'
18:44:20.676 [Forwarding getElementText on session 0a975932d5d13a633e287ebb2eea088e to remote] DEBUG org.asynchttpclient.netty.request.NettyRequestSender -- Using open Channel [id: 0x98e99774, L:/127.0.0.1:56740 - R:localhost/127.0.0.1:4444] for GET '/wd/hub/session/0a975932d5d13a633e287ebb2eea088e/element/70A5870B9AB3C432896ACE5E1C90CC69_element_52/text'
18:44:20.703 [AsyncHttpClient-1-2] DEBUG org.asynchttpclient.netty.handler.HttpHandler -- 

Request DefaultFullHttpRequest(decodeResult: success, version: HTTP/1.1, content: EmptyByteBufBE)
GET /wd/hub/session/0a975932d5d13a633e287ebb2eea088e/element/70A5870B9AB3C432896ACE5E1C90CC69_element_52/text HTTP/1.1
Cache-Control: no-cache
traceparent: 00-cdcb5c456a024dc484c266bf343728fc-d31091c6685ee4f6-01
User-Agent: selenium/4.13.0 (java windows)
Content-Type: application/json; charset=utf-8
host: localhost:4444
accept: */*

Response DefaultHttpResponse(decodeResult: success, version: HTTP/1.1)
HTTP/1.1 200 OK
content-length: 20
content-type: application/json; charset=utf-8
cache-control: no-cache

18:44:20.704 [AsyncHttpClient-1-2] DEBUG org.asynchttpclient.netty.channel.ChannelManager -- Adding key: http://localhost:4444 for channel [id: 0x98e99774, L:/127.0.0.1:56740 - R:localhost/127.0.0.1:4444]
18:44:20.705 [main] INFO helpers.LoggerHelper -- @Test: readFromArray has PASSED
18:44:20.705 [main] INFO helpers.LoggerHelper -- ######################################################################################
18:44:20.709 [Forwarding screenshot on session 0a975932d5d13a633e287ebb2eea088e to remote] DEBUG org.asynchttpclient.netty.request.NettyRequestSender -- Using pooled Channel '[id: 0x98e99774, L:/127.0.0.1:56740 - R:localhost/127.0.0.1:4444]' for 'GET' to 'http://localhost:4444/wd/hub/session/0a975932d5d13a633e287ebb2eea088e/screenshot'
18:44:20.709 [Forwarding screenshot on session 0a975932d5d13a633e287ebb2eea088e to remote] DEBUG org.asynchttpclient.netty.request.NettyRequestSender -- Using open Channel [id: 0x98e99774, L:/127.0.0.1:56740 - R:localhost/127.0.0.1:4444] for GET '/wd/hub/session/0a975932d5d13a633e287ebb2eea088e/screenshot'
18:44:21.086 [AsyncHttpClient-1-2] DEBUG org.asynchttpclient.netty.handler.HttpHandler -- 

Request DefaultFullHttpRequest(decodeResult: success, version: HTTP/1.1, content: EmptyByteBufBE)
GET /wd/hub/session/0a975932d5d13a633e287ebb2eea088e/screenshot HTTP/1.1
Cache-Control: no-cache
traceparent: 00-e0ec5099ee671bbb2e76da537d239593-9e5c787e9cbbe3a2-01
User-Agent: selenium/4.13.0 (java windows)
Content-Type: application/json; charset=utf-8
host: localhost:4444
accept: */*

Response DefaultHttpResponse(decodeResult: success, version: HTTP/1.1)
HTTP/1.1 200 OK
content-length: 431932
content-type: application/json; charset=utf-8
cache-control: no-cache

18:44:21.106 [AsyncHttpClient-1-2] DEBUG org.asynchttpclient.netty.channel.ChannelManager -- Adding key: http://localhost:4444 for channel [id: 0x98e99774, L:/127.0.0.1:56740 - R:localhost/127.0.0.1:4444]
18:44:21.134 [main] INFO helpers.LoggerHelper -- Screenshot saved successfully.
]]></system-out>
  </testcase>
</testsuite>