<?xml version="1.0" encoding="UTF-8"?>
<!-- Generated by org.testng.reporters.JUnitReportReporter -->
<testsuite hostname="LTAR128840" failures="0" tests="4" name="FrontEnd.SauceDemo.LoginWithDP" time="23.668" errors="0" timestamp="2023-10-27T18:44:22 CEST" skipped="0">
  <testcase classname="FrontEnd.SauceDemo.LoginWithDP" name="readFromArray" time="4.046"/>
  <system-out/>
  <testcase classname="FrontEnd.SauceDemo.LoginWithDP" name="readFromArray" time="5.567"/>
  <system-out/>
  <testcase classname="FrontEnd.SauceDemo.LoginWithDP" name="readFromArray" time="9.571"/>
  <system-out/>
  <testcase classname="FrontEnd.SauceDemo.LoginWithDP" name="readFromArray" time="4.484"/>
  <system-out/>
</testsuite> <!-- FrontEnd.SauceDemo.LoginWithDP -->
