<?xml version="1.0" encoding="UTF-8"?>
<!-- Generated by org.testng.reporters.JUnitReportReporter -->
<testsuite hostname="LTAR128840" failures="0" tests="4" name="FrontEnd.SauceDemo.LoginWithDP" time="24.262" errors="0" timestamp="2023-07-27T19:24:26 ART" skipped="0">
  <testcase classname="FrontEnd.SauceDemo.LoginWithDP" name="readFromArray" time="8.225"/>
  <system-out/>
  <testcase classname="FrontEnd.SauceDemo.LoginWithDP" name="readFromArray" time="2.890"/>
  <system-out/>
  <testcase classname="FrontEnd.SauceDemo.LoginWithDP" name="readFromArray" time="10.636"/>
  <system-out/>
  <testcase classname="FrontEnd.SauceDemo.LoginWithDP" name="readFromArray" time="2.511"/>
  <system-out/>
</testsuite> <!-- FrontEnd.SauceDemo.LoginWithDP -->
